9SCE/CY8LvKxIwfJgB5LyKLnnRC7pUhMtj9KDiNveeyE29NIa7HU2vJj9dImtVV2pEhuQvDCE+XLlvF5d8BDI+LQDF6LOceubsxUdCjny5p8FXo2Uz18TpyXmc7MWMvplGAzpJ41M2BLeSkgKol/kZOb94yCa3vb3Hr45EiatUHKjGitrm0KfGPmAUBf54eto8g=
Q9qNlr/YIsBc9mejtag1dS4kSKPZCzleeHQrYRzH0C85HhqaAHix1QxLLNrFx5CAYpPx8NA9e/URV9ns0KxT/4PkPmL4lsBxfwD8i8akq9vY5OzZ1QwErh/T9B4vloYzN2pbF0UCAl+LS9PFi946zZ8xbPR0ZsAsIbtqMjTf9ivOtrPILSI38bO3o9Y=
lAj+DuKfMlDQRXnAbJ3Aeg8+z0f//CWX4mIoX4JsDVbNX+4W0Kz0IE5PxFWVpdjwnKUvBwRl4zlQi6/hLxDhhra25FV4fq8G2Cyh+cTvrGY49uLMiheRrMgpK5mZs5mQ6FjjcysgHn6gQlDdNyT8t74QWxew4AwFTZjUQhe3NOKX4rY/Hy77i51WEnND71N5c+pKgXe1DKhscpBAqV8qTgwrRqdmcpPUdfanXfuTo+o=
e75/WQI1REUH7I9BfBV7CRlDAzpYTePEGIz0wEs6O+2YciSMc35IFQWUBFlRem43iF8I6dXyt6cKheMGU+L1vBwhTzxCFE9PPk5TZFhff2gzsWwkx+1tUuYRTUMGPwEeUrVkMyx5Ff4IKWYElR71TJGvJJrL1gRCnojxy7l3AQvcrbij3w==
QK4kjuQk7mpM9rGOBbkrhTRIvnNzzpY0jsj1tsvlvWRFYP/4FIkMAZ8Cd73kGrAM55+1xcmsUDklYmIHlLf8KWFaK9eGHVemhxo5bCAJWzxWPHOf8raHxOzH8xivGdjkMwVxYuoJOSNSB83Orl3ws7gRaa5EEbLkYQb5fI3HUNp/fpiyEhBFa+0PTVvghayjyw==
lfmZOcQNHFrtZKy0y/rUQzRIvnNzzpY0jsj1tsvlvWRFcff2EoYNU58Cd73kGrAM5561xcmsUDklYmIHlLf8KWFaK9eGHVemhxo5bCAJWzxWPHOf8raHxOzH8xivGdjkMwVxYuoJOSNSB83Orl3ws7gRaa5EEbLkYQb5fI3HUNp/fpiyEhBFa+0PTVvghayjyw==
hEtO5P8zKFcq7AqzoFBjfCta/K3b0lG+SXyymLww1JClmqGBomEnEvCdHNeaTAxCd9W2wUvdtVEpYisykPARnVxjLPKXijEI8jux2MA1W71B/1lEgORz95PMfspoHmA5Lyj8o5bsC1NITKzxxQQk5k97dLZ/3qY7J0Ibv9WKohfbY9Pt25aaRQ+ZLNxkbuBkcRPqmmSX1iPenvNgvaqXueOfo/4=
fya2m22HbI8Y6OvWbULBgoQXr6dcEbwPQGgoEmY76qbyCiX1US7LJpiMIVmEz6xGflZhbMo3kYyIias52ZOZsKj4Y9NrAB5e4OLQfXcE/Jf+sNu38MAMJQ04VOJXlzTC10I2n18O+6vd9pLTA89TWTNKyiE3lQyILNIQ4Ol/Km5Mi8YHJlKT9DVWJ/27s6PK
cvui2t8RHQU5pRQev+BJpkD2ckqHoTgTdzknWq1Vt0RcZOdxYStPdc2U47S+q1eos0OVBmWVBs76TK1PV21bKNqpz8YwT9ZjFgkLTinflDk99k3e68RCndG83KgRNyByTZSG4+EQrQ2yxNnRMyq4rdOz2INfZkyJuvPyxYuGVhW49IsiqzTPE7p6FeoaOoC0Lzsny59zgpGmo8E=
tsge+v0+RKWrwxlPXvgIttio5eiMG7+TRO2cKygEGMaB7eSw/w31AYmSq0IwINHNPFMswvDa8dhSSzEoYGUbbaHPWXRgNDOnMzz+usjOoGlPGPyT9rzLg+g8LAFlVGQ2r0t0hp8O5muHspvPdVpiR7tT0927xlqVr+msLMQ+oLSRI+qqhEeWc35ucxAdelfpg6+jzg==
6Tq6FPy8KqqtoI2uZ0JBq22sutRh/cfzubmb9OqyBuE0r/Xzc+rjDXBiLIx7YSF1XcQ8mYmKltcg74BpXYLfB7I1O8arMi2cNDFHPEoEZ2/mnqukgO/HyFvB5KRPXcWyHuGVgz5vWX46pWwzJGn9HtD5XkTNbo0sOR+sGkMm7OImOKmLwSdZK/S9sKPX
e+bItJTZW1+VnubP52yNn/qWmuTT9nc4SayIWMa06n7o5AFhlMesXk9/ARSaf1FUeGELgUkbGSgYUIMru8heBpCK8EVnDPyPzpi7z6CIzP390PRaxx+0Wmfq1mePxrvzrZ6y6xPHU0EDYqpZZ93MUNw6sFh596r2/CMm//aa06xFPgfFq7uj0g==
ASpml7ZMCuKn8y/Edsadr2B+Zb4gSWB+aQy0FhAjHCn0mEIdChRjpc2SeFAol+GTRzIf3dwKuAzvi4wlIZwIeZ2yiqcMx3Sp6eqzty7Nr2bfahFM2BlTPF4si7/axt8EFBdbeDepUGS7denCAtmBYwo3JS6WTfizsAFRziwhaiTZVpHcFTfYWvfOAFK6QD0rNf9le5iVpKPD
v69qgwZZWTgjjHHMr5MMm4QNo6peUPVHX39xHypktvTwE2T1US7LJpiMIVmEz6xGeVdhbMo3kYyIias52ZOZsKj4Y9NrAB5e4OLQfXcE/Jf+sNu38MAMJQ04VOJXlzTC10I2n18O+6vd9pLTA89TWTNKyiE3lQyILNIQ4Ol/Km5Mi8YHJlKT9DVWJ/27s6PK
CrZOyB3dFk0mUuijYUMFCTm4i55Y76/EOH3sMQ3M6KPDM8ghG1OYRzSrqNC+RK0LC2VEGi6uk5fLbdScMAGHwb1dRYF8XE6SBG/Nlt31zh6STEUdHozjuAJpt/YoL56Tvonj/mH/jEkFNhVOE2QKTfm89HhZl9jiFVS+k/kw5b1aRHEhe0qgnatzABPnhgTZUvOaFUPm7oXgtHMSs9QHYxL6fVrSGphEF3v/W+fTSsGOo+k=
7ZWteL7SW8bPnWjJVVCZ0I6Kt8AaZIyyOGEmb38Pxlr8CmQBGR0kYCGI87vPHZLkAI4KH+NKs01AgjyMaw8QtI1krBk5amYXcI+waa2ij0cClctGO1J9XMQRVzxaJJevtv47JHBPd4gL4RSkfz2Vcu4BJQOuz4m+CsV8MzSJzV6AWc7EfQ79bOn/nBozBjwilpjZC1HHiWuEnaCjxw==
ubRaTEmOSVIqAk16/VOA/4QXr6dcEbwHQn46Rmsy9PTyDGyhH3u5JpiMIVmEz6xGdFRgbMo3kYyIias52ZOZsKj4Y9NrAB5e4OLQfXcE/Jf+sNu38MAMJQ04VOJXlzTC10I2n18O+6vd9pLTA89TWTNKyiE3lQyILNIQ4Ol/Km5Mi8YHJlKT9DVWJ/27s6PK
B03kj+bJYJroJ0fYqk5J9cVELeXart3r4dzSwZzU31y4iluvwsdBPinFuiZuzDki7bOXEI7J+948f8oLIsn/5rWvGKHJVhmmpxS+tcW8yIDt52wKGTRye21gMaVGBO25Lxq0tefTjLuTtvDhLnNmLTfWGi1sFL86pwTT+446YUKGygwsW5vzM1Mj/rmyo9U=
dlEw965yh9/PudnKdjtjNzEUTWSYgG7zm4N99u01Xr7iTLW5icPTWLLp59Y4b+4zbomzntE/nClVtuVuYySarcm8xJjJ16jC5dTu8+nwVd0KRKGBCwqwvfvzsPPXxpR5ovPqtdMm3uVQNKMyoxT3w0L6rbpiWoikx/uPexcT2qG+o9k=
UcD8QNBtL6i59pr8pU1oU4Tc5wQC5x1we4QMCtmzWAHsFBomZ3bmCUFOfG8zs2U9+cLsrkvpZx7uvDQkaNfrinwFWgYTbRw+HCc5HgyoK/mUcFPU3mWT0MuJyfDquV+Bk4vXvEK7mytcyli0COrVUcqciF1uvarM45ZhEB/Xp72j2A==
DXc3/ij/kqNCzMYnjkyydzMUTXWalmrzm4N99u01Xr7iTLW/icPTWLLp59Y4b+4zbomzntE/nClVtuVuYySarcm8xJjJ16jC5dTu8+nwVd0KRKGBCwqwvfvzsPPXxpR5ovPqtdMm3uVQNKMyoxT3w0L6rbpiWoikx/uPexcT2qG+o9k=
q9XnsUpuliAXyXsD2SAhjITc4RIe+h1we4QMCtmzWAHsFBwmZ3bmCUFOfG8zs2U9+cLsrkvpZx7uvDQkaNfrinwFWgYTbRw+HCc5HgyoK/mUcFPU3mWT0MuJyfDquV+Bk4vXvEK7mytcyli0COrVUcqciF1uvarM45ZhEB/Xp72j2A==
44WD0t+GZUBngwuposDq7ITc4AQM/x1we4QMCtmzWAHsFB8mZ3bmCUFOfG8zs2U9+cLsrkvpZx7uvDQkaNfrinwFWgYTbRw+HCc5HgyoK/mUcFPU3mWT0MuJyfDquV+Bk4vXvEK7mytcyli0COrVUcqciF1uvarM45ZhEB/Xp72j2A==
1/qQbWv2ARD/ytPGqKyUv0jwIEuMvjZSLmV+A+0EuQAZKPt7e3hPcdmU/KK1q1Ws4ROVBmWVBs76TK1IVmJbKNqpz8YwT9ZjFgkLTinflDk99k3e68RCndG83KgRNyByTZSG4+EQrQ2yxNnRMyq4rdOz2INfZkyJuvPyxYuGVhW49IsiqzTPE7p6FeoaOoC0Lzsny59zgpGmo8E=
NC0WZNMqxyKuhsigCKJWwfX2FaHIoaz+iXTBgqWNokNAhJyV/IhNZi6gkEUpJlutS+ZvNYnt8xU6dAU8CbDchds1Rf9pCxk4OADDextY3pYw2rAVRxz8n+7I+58AGExtXYC0CucPtEpHupY3L1Y7Yw3O8rsz11NRIzLqCcdNTMB8avAIWeeq5txzZq9WClM85W5HlYuro8I=
