TAwKlr7GSXiUEsBcBHlsVmloZw6ZLDXRZHm/x5ef+iwTGScu/vfDCWIU+VPtSgu+yRPrDCV3TuQ7TPr3hKA6m5mZy+SAZfee0jwYjrmIroLDtdq77BB0LmNTMxmfshT+Il1MeYOWHdqJditcQkZoiaj5tp+rZIkCz65c1RFWtbo18ZWZu5d/FWFjA1VLWIePsqPt
GR6PmM1oUDdWdk7N3f1+x2mvtNs+vJug8bKCveqvQ5c0+4TzfueMBHhlX59iZyNrBcQv1MmNnttiqZx7FdjeHakiDMzGMifwMD5dNUQHcmjqkr2j7aXBykrC/L1SRZ3uA+aXhjVgHD42tXY5aCP1HNe+UV7CaY8uKwarEUsl5e8hKb+T3WlVIJmzrKPz
JSfEby1sB2OJlqimgPeyTxe8EjC2KwZWKUoO3egljn/Xc90Rg3EqnLXkzzncNTFdAFkvrJ+C833jwEkjeqqUZmQyEzFJ991T8k/4NIxdIx+bWlVb8WyjdAWliou2MQA7CcCKTT3KQKzK2pOAhMZhNXj/xhheerHDoU1Vmh7a4P3O3Um+F85bJrnI6A5CjYq5FBsBLKMW3f6OQZv+f5430Vc9MT+1QXNz0QHh0C3LkKPP
ufIozkFAcKZmE+gLZE/AGu7D2JqtgrZGSYjsp9stqfFAL9f2f4CVt+e6Tr6sqtMzb6VrZavO/vsBplgNxPUcOhTH7JR1D1EHBHU4DDtuW0xe7WClzSkD2NIsPHZuJm4hOiHHHxlDFSDQKHSA5mH34lqshBKB0MMAM+6T/tuuBwgErqGlo/g=
M+yUBdU6f73Tl8BF2Nf9eri1p1LxvBwF+ypLATBpetCEk55uWZHokvt54bUQi39i/x08E7f+BuqMvts3f4FDMeuaVl+RItCZZKFUfkTjxIB1G3kjVDFwWJv608jOScjxjX0r/MIoNGJOciZlaoVvi5nXvYSAbDzUxnX/5kqIrEbBhGuko2obanv6T0xUiomxo+w=
duyssK2K8BoKGy60GhsVBri1p1LxvBwF+ypLATBpetCEgpZgX57pwPt54bUQi39i/xw8E7f+BuqMvts3f4FDMeuaVl+RItCZZKFUfkTjxIB1G3kjVDFwWJv608jOScjxjX0r/MIoNGJOciZlaoVvi5nXvYSAbDzUxnX/5kqIrEbBhGuko2obanv6T0xUiomxo+w=
fV95DU8w8/gWHs0sQQrsd4W3ixBd6m7NLtX4MNs/o0gILlw4AkmLrd8u+MdVA5bU5gt3NUWNTgEsn42zpnc0ZDC1t58IMuqLvVR3FDG9hruqWTT7fWgWPbFSNAweol9Q+O51NWzXusiSAmVj1dXZ6oJylD36tVWOG9ZvRm3wpN7+5R45gPO9fG8uiR66WZfOY3YDkaOVrc852YfThfmtgNHjhKPb
hsJabejgF/fwgPi7Dh4D+HgLjywnloxrk8Pu8NPhv2YAbrKxQMdZU5IPGLTsHcMf/Zq225GsQ3RlZWoL1vHgOykAKs2dCmCs6hozACQGQTVYP2aY/rqRw4GN9Rq+GsD9Lh0pPvcOOyZZCIiOok3qufRbYaxDVr3+bgH7fp/eV9F3fZG/FQFTc/FBQVCNi7Cj7w==
VmNfPEEzuFnI7eSwl9ELTT7DZZrHASfxjPihvco+3yTYv4hp4ea+6xQqKH0hNxCiWdrrB+2n+K0rKD/X4LHPaIIQPCC3hbdHd1vLtKpdiVT0Q7SfGCzsBVAK9ZXlwexnNGJrJP+6xk882+0TFz4anlD43oyq9wIju0HZmeGmeHo4rvZrE9QCzhisYSoXJjucvzArRIOefOydu6Pi
A9z9BdXbp6299sEpe7e7RPn3lhGrsRwF8yhdE2R7eYCE1tMnDd+9wPt54bUQi39i/xg8E7f+BuqMvts3f4FDMeuaVl+RItCZZKFUfkTjxIB1G3kjVDFwWJv608jOScjxjX0r/MIoNGJOciZlaoVvi5nXvYSAbDzUxnX/5kqIrEbBhGuko2obanv6T0xUiomxo+w=
q/SS4PG+evS3bof9MNsT6zROz3d5loxgjNPpotry8WcKJbKxQMdZU5IPGLTsHcMf+Jq225GsQ3RlZWoL1vHgOykAKs2dCmCs6hozACQGQTVYP2aY/rqRw4GN9Rq+GsD9Lh0pPvcOOyZZCIiOok3qufRbYaxDVr3+bgH7fp/eV9F3fZG/FQFTc/FBQVCNi7Cj7w==
0YGpb/qycGaIkXQA2PY+oBElJB5eNNrgs/AXBN8lcBPaXyCUBO3bH+Tr3vupfIu0rdUya75hWLvRkIJtxXoo7CLKy+AMNlk1QA9OeAZqWYPJ/a26Foo4fZaNQV6vvvPmkdiwrso98rnsq4mMewb1viaxI553Tu9RD+05H83xm7O5ETkwpbuoo/c=
j+ar5tMOodWsjkK5zC7gSTm9lPZE6bjIKTDtLD3Fru6Ef9QtARnDRH6pucy+EOdBEWlGVSa/iISLe9yBeFfVmuIUQNN5GQrTSwPAm7L8xhnhX1gfHJO7uBEk9/EgI9zVopurpGDll14yPHhOGQgOQuO1+ntMkNTuA1PT2f8y9L5CXWw5Ixa9mql2CxyixgjJSPnWX0vk6cLvrnwVsdYVehXxdVnbF59VAWPjFevYJ8+So80=
3SzX/rsRaIVRNO9NFtH+PXgRgyEl18UjjNS3/Z++4zQCd/OxQMdZU5IPGLTsHcMf+pu225GsQ3RlZWoL1vHgOykAKs2dCmCs6hozACQGQTVYP2aY/rqRw4GN9Rq+GsD9Lh0pPvcOOyZZCIiOok3qufRbYaxDVr3+bgH7fp/eV9F3fZG/FQFTc/FBQVCNi7Cj7w==
XEOMiO8ne1eCOxc34zajdUWCGUXZ8UMuBD2+Sabp8XoRU+K4tOOEF2L2JzgWzNpxgI/qhdGtI+8HXsNcuOSeJ1zLppB76DGgBp6rr30vWGV7AD/9sXhv4BK4fAinjZePJ/NLHPqVqVzka/Q3iKRMzQAi9b21CUzvpMorDO+y5odsc227R/Y6lkDQniQ6f6Lr62nZsbFu2PKoBrZDA9wiBkgE4YJH7huUrxhr7BMW3CTNk6PK
TQkeaCGmor+KgRNsBZZCVpR0AzNLqs4UOYXfq//moyeKfIr8kNuGy84QIAMCGs8OeZLqgJtVOXmg5+fuf5mlfgcy3sbsksM7T+0b/StWDjMhrkg1BA2MsnSP3Ix1F2FPZP2o9PtWS0R+JZA9TbFzkPIkLE4uXv6p2un3BxlbJegwoOT4plnn6nrk9IoBSDPIE+aDxhtWl4Bk5pG9o+A=
T/RyFGK+qhmkvr0HxXLYO8hLtZRkSHsPq5a2KMm5p5f/2tsbekDywHDn/vc+LFg/wqa3sokukjx76UHFUFufUv8l3cL3jqZ6DC67h79RY0HranYP0ZIwCeQx9I6Es6SwdSsZc5TB0MgbajN4jhnoAY0NCywCmFTyzuKGFSpVj7uZ511UwBycREbln1aKWIw2wXRL9OPa+/r7au+8lNrpgaPc
FoJrVkv7avODYXv2Vw3aAal0MQFl0D31hDMPLK9FNCEUf1tZlP7FbFv4bnSAgtHuTFI3JS0du/yXg1A7Yrz2+fFfRH8tU+sYgaRHEVDjDLWSm9uEsKUn/kK86C7JyH5i87XqWzxQBI6T06N5T3IknjJdXFnz1s16GfabvPIGOKlY+ca/e6Q5Yn8uzHVBlkWaJfGFeYvXL/Xx43P1u5jX74Kj3Q==
lChoJb9qmfik5hv7jPza83IZ5aWT8Vy2T327gKoywbejlf/c1xFiXubSQJHCDRZCfN2igFuY8RBmDis/nZ8YlVsQP+ORiC9Q8ij8mMc9V/8H40sM2uVp7IT7dKdoFAw9IDL1rZX5DF9EWqucjwIm90xjbatnhvomIEAetNrP4hvLedmhkZ6YQkiWNtNjbOJ2aBThkmee2yTPiOt886ac1O2Do9o=
jaV4mLMr5u6BZFrcP6NHu3gLjywnloxjkdX8pN7ooTQAaPvlDpIrU5IPGLTsHcMf95i325GsQ3RlZWoL1vHgOykAKs2dCmCs6hozACQGQTVYP2aY/rqRw4GN9Rq+GsD9Lh0pPvcOOyZZCIiOok3qufRbYaxDVr3+bgH7fp/eV9F3fZG/FQFTc/FBQVCNi7Cj7w==
GjsVhYk5iK1aQYEUPsOoasYbuaFCYaYHVWUvS1l+4LHjAmChFErLK5XjKFGDvL9eflt/NMok3MyPgad7n4+L+PL5ech8NxQz4Oi8eXge9Zn9pdy7/NYLSEc+VvNUjy3fzxpqglgM/qDSs9LfE9VZFXlCyCZwmhaHK9AS8vB4IWZPgssAN0SL6HtaLJC1r6Pu
ruYR0ENzHyc1I3FnL4Mva+Cy/uWPZEHxaQIr310/mPUbMD/J1uev8DLI/PiHndcfx8NLLBoF6UzEm3RHqLSMXWAS9Y3VmYz/hLqr/M+ipheMQ22Lp2Z6hmAgHlQab2J7i1nZgdH+GOKIdjazI8xilqg04bKnfluEj+jrnDMGHLSto6P6
HdSZwpZnywyt5vF5cz7hSSMOA3KHsRrzm4Nw+4I8VrmRX6+4gtOLWKGkp9EwY6x1cpv7xNAlhz5ivIhuaUieotO1ypvc0KTO89ODue/yRN4SXbyZU1atuvn2u/yShphpuPmm/9sk2aJfLqw1oRbl2kXxpblrV4+10eOTNRsYt6+io/0=
Yz6KpM7xKHI0G7KOMX/iC+Ky/vSNckXxaQIr310/mPUbMD/P1uev8DLI/PiHndcfx8NLLBoF6UzEm3RHqLSMXWAS9Y3VmYz/hLqr/M+ipheMQ22Lp2Z6hmAgHlQab2J7i1nZgdH+GOKIdjazI8xilqg04bKnfluEj+jrnDMGHLSto6P6
RPaBBwU7amnI5rLOK+CvOyMOBWSbrBrzm4Nw+4I8VrmRX6m4gtOLWKGkp9EwY6x1cpv7xNAlhz5ivIhuaUieotO1ypvc0KTO89ODue/yRN4SXbyZU1atuvn2u/yShphpuPmm/9sk2aJfLqw1oRbl2kXxpblrV4+10eOTNRsYt6+io/0=
5Hf9dZ/pPpFr5bVeJA68hiMOBHKJqRrzm4Nw+4I8VrmRX6q4gtOLWKGkp9EwY6x1cpv7xNAlhz5ivIhuaUieotO1ypvc0KTO89ODue/yRN4SXbyZU1atuvn2u/yShphpuPmm/9sk2aJfLqw1oRbl2kXxpblrV4+10eOTNRsYt6+io/0=
/X6SVcszJ6xex7HqY0h0qVpNYWhhDIQ5FscmR6mr5pISLjUnUigsBtMtbTM2l+QkYJVHn3IRNUvtNOeUgd02e5o5JPttSGb9QfJEjI4CDxAoDkU1XDdqiMKi9eOldSkq8lKEPerVZU6rtt/G/ZD0Hi7Fbjlw0+08v84Zngq5J45TnxKRs7Vdj0l5d1MVWX1AgYO0o+s=
pYSoNiZ6jFRtydRL3szuPYR8d6SYsdd9dHPrXggpFH5kPsXg0HVH3nM1KeOm5+FzGwzWI9EzWtMC76j0vD0zH4q4aRshzNP0lcU6S+YR8Ds5INoNzWrQLHq6Q0D05nE1aN+22I4aAUMx7aXaTjrQ/T79GX6nrsumyWg4TnJtmrkEezHs87Ytfh6hK76vt0bRZ13h/8Xh4/Nh4bGQ3euAo98=
ctJsBjXXkJcAP7wiDQFXUyx0iMtyzpKnKxEHndit9UtmSgFhx86veetyFngcdiXUh7vagI7yqmVIbuKSmTCmD+YOoulaPhfxfpz11RxnkYBW2y+qzos6WITnp3n1mL6dSeJszCbyh3CQ/n01ZMfS6EpSXaONZSFKKoIcvXIFPW6jpreGFSB8vtb1FjmI45WcN35xXuKpL66Lz4oRK+UFb0FpX5O9KfWgOfOMo9M=
ctJsBjXXkJcAP7wiDQFXUyx0iMtyzpKnKxEHndit9UtmSgFhx86veetyFngcdiXUh7vagI7yqmVIbuKSmTCmD+YOoulaPhfxfpz11RxnkYBW2y+qzos6WITnp3n1mL6dSeJszCbyh3CQ/n01ZMfS6EpSXaONZSFKKoIcvXIFPW6jpreGFSB8vtb1FjmI45WcN35xXuKpL66Lz4oRK+UFb0FpX5O9KfWgOfOMo9M=
t8O06cINxZAfFVREvSFn5y15dtjWGVQfckVhPBGCEPg+mqIfnKL5tnHYlYhrh88j6hiQoyIZMNJ1CC8RjTNsLydWYuKn/25ZLKt6BV5GcYilgzhZ5KJYvO1l2V+KshpQVo17oWlNVU/6PkaSNuDB7nYT9mi474O5kRDCbQX6aOxiSgvgTLaZNYCPDnjG6hmDiX1tulYKeH1WDQFebz4z5tFYcK4KvbK5LCvJjDuGNb5mMWOet8OuUc9t+R+NcVuzeZF5MGU76KO3
TFRTlE8C3XPJHRB5RRhE4AtiXqaEm0DK2dD3ADeOhGXcRfL+zp802jxTAGu4jROdtMJWDALS3ILpXKtv6g8f81/74ljiWBW0LY93EpQtDgZJ9dmxEd3xF4hC4ECRB0WRRHPsIC8O+xNMmejD75TtKJsub8ckQYYfzpImM6EpFClpCEn8unUp/KRL9BdIBMytwEL13XVpzE9k6issrxJmZyyTbVsHFro2APCeBPrfIosrCdnRcQ5YUmgmtmNDfKLmBeXhYgcOmzTvOGvM07ZcRA3zo6o=
2FtD8YZ3gzWjYfXeXZlq0j3aZQhjaWgb8DMIegVWwda7ZiBSHhiiwBBgiCLP7gmMt+SdIhbFOtLHg7dAVURzaWwTIN3GWw8s3BXbRjYcPPaVmFKKx7XesxAAWFZHc9fBs8JINuadCDHfJvECLRZP5K7W1AEseTIXF/TluitO+I195ml/8LHR0WdnU00FQyetZ0j7h7aj6Q==
v7az8h0XPSz405Ha/il7tIzooqvUB6SdCKjOOngaAo+I66jxtlm8T+CSpkJSRtDCSDMu2fTe74BSWHxoZ20XL+fTSzw6NSm8JAv018jEzG1AAvWd9anMj+QqK2wvUmYnrFNtm4dWunaAsJ7Eeh8iS6tJ2ZHxzliS6Oa2I8M8oqaFJeGih06bdG94awxTdlyEjbOj6g==
6pdK+JKp7Xo+n4HLfYafZZkV9ADVUfEypus+c5GcX/Xcuj1qnzkSXh8ubLVhFqVWhPHlOatXzzUR49O12xj3L2KjPQ==
0wWgnfJ7r1fyHM9EqDQSiZxwDztOnp0ON7iQu+WvwCXZRrbSoc6V2c1VZhwUWYUOcYbho/YMaV+Uyv2Xecb/IFsyx9ehj4U/TKsV5ilWDjMhrkg1BA2MsnSP3Ix1F2FPZP2o9PtWS0R+JZA9TbFzkPIkLE4uXv6p2un3BxlbJegwoOT4plnn6nrk+IsBSDPIE+aDxhtWl4Bk5pG9o+A=
5T0sC/Owd1pfNYji90fhp105Py1aaNzzMwwjLNhrf5S30hREBGY4/OBx5pCqvYS3J8iWzjaHOijYFxtPDAtFumnwI1R2QY3oC0ze+jAPOXVnzsM2j8Wa8dXp9tVj2OFvJz2PCRKnjLeSCcx7xbhu3blC3Ey2EtewoN5tNXTn4igass0jPcXRCvqiLL0C5W2uE8ZHBoWALH6mFQY5mINl3Ofe4d6SSZ/uW6p6ERvFVa8xye8TLUkl4AnTnKPD
UZ5mvdn9eMDxkS9OIHdivZCpDc1eUi39VVGgctogyz8TBjDLROhExHFin1jeIihPddmM6lqAfZEZH7762fPa6oXY2a83ErQEqu2h+H58EadTVPMw0onSYirBNkj/tTiZIckxHanKm7r4uIXaT4ag8DD8kITQw0JA5V/IzX7bdzz0tUM2Ply0Ju14+joftQYDuOAghs8z37ErYmAmnh2wITdGaTIl1sc0lvY8cfR5aud/1N3qow7wveUGAW5IMSnBT8fLvQ2Dr/2fKFM37qOx
Crd6v0KILWpiktb9x7GUKWlV7zqQWRRcalnLN2ysF8e07wDQipzD4VFlFhZdxdjrtobMSrCdXoBPcOIkfte6lNSVbrRVfUO7pD7N+pvOKK1tJvneILEBMfenQ63Vw9dNl4gLZ0ajGQ==
gJczr+N5Xc8a2ADJjBQzQppRPOyImZPv6s3R9+/ZmxnhyXGd6cpbOj68ylsPhmBw8PzQBJDDgsAlX4hNPtu3vLS1A7b+XHSmrXi6ut+1xoP44GAGDzMfMWtiIKZeHfChd0apsuXWh7TW9vzxNHkqZz/UHWpjDrA9pQbB7ogxaUGPxws9TYPvfV8ok7euo/E=
inmR2YZBOLWZRFv1U1WkA2lncBWcOSTsZHm/x5SZ+iwTGSdBlZnFdQVq91KqDF6jkwb8CGRMROw8Y+6okY98lYKby+SAZfee0jwYjrmIroLDtdq77BB0LmNTMxmfshT+Il1MeYOWHdqJditcQkZoiaj5tp+rZIkCz65c1RFWtbU08ZWZu5d/FWFjA1VLWIePsqPt
yZLR+LN/Y0XpRatjqbXUh105Py1aaNzzMwwjLNhrf5S30hREBGY4/OBx5pCqvYS3J8iWzjaHOijYFxtPDAtFumnwI1R2QY3oC0ze+jAPOXVnzsM2j8Wa8dXp9tVj2OFvJz2PCRKnjLeSCcx7xbhu3blC3Ey2EtewoN5tNXTn4igass0jPcXRCvqiLL0C5W2uE8ZHBoWALH6mFQY5mINl3Ofe4d6SSZ/uW6l6ERvFVa8xye8TLUkl4AnTnKPD
PX16L6k95pBkxfkWF7YK3qLwnQOoqVUf8TZNAyVnWoCJ1tMqDbDbrpJu6M1g8wVwpl1qC+jhEufLh8ImU4FDMeuaVl+RItCZZKFUfkTjxIB1G3kjVDFwWJv608jOScjxjX0r/MIoNGJOciZlaoVvi5nXvYSAbDzUxnX/5kqIo0fBhGuko2obanv6T0xUiomxo+w=
qXfw2AG78cjHoMbGMRtSkyx0hsN2kJegNkZTkpfU1GNcYjJO9OeveOczWX9ZZTzDmrraiYG7qmFEUK35mT2rYfsJu5pJLhT0YN+txkJ02rR6kAKT0NQvd8LpvHv1mL6dSeJszCbyh3CQ/n01ZMfS6EpSXaONZSFKKoIcvXIFPW6jpreGFSB8vtb1FjmI45WcN35xXuKpL66LyYoRK+UFb0FpX5O9KfWgOfOMo9M=
0tEN1ihZ16RUXAIsu7KYpoeItN8FSI2zLhIlbW8P9gznDioJEVt6IXSwvfmJHduhK6krGvlOpDQw/13GMlQK9MpwshNAdH83Msmse+X4jl0ZgvxMVlJ3MMAeTTVUJ4KouvItIx0FcYoa4gy9YiXNLvMGJwalwMz+BtVmOXjDxVyHHsHecgn/bvvpmhE7BTUvkYnPE02JhWDpk7yj4w==
HHU/rXOTmjDrEq7kNaTYYw3sZUyAsjpab2d4BfQZ/BxcOed3bDlSXJuZr/H9+X2F3SqPAnLsdrObBvQYTCwcPMSjttgpb5QlChtDFCjFjy4K/CDe4ahGksu10qsEMCx+W5PrqecSvA6q3cTJa3alqtG204waJkCZoPm+j4OEUVK37oQlqTbdBbxxHekTN4elOSM7hZN475+6o+U=
Qpe+a4JCdmnLOyOfdMqKiRAgWMWSm/eGOvBCaljYnw14D8J2NX6o9QS6dbZ7zghtzaYZHUCxIXFXJyNtNcP3jfcI6ydmozk=
1v4XS+BgtgmjvVuXciitMBEgWMWSm/eGOvBCaljYnw14D8J2NX6o9QS6dbZ7zghtzaYZHUCxIXFXJyNtNcP3jfcI6ydmozk=
SX65ZdxZFiV2uXsyrn7AizBczvJMwWstC2oMQXTD7N9ACn+Lk2vImp7FD29uxACshs0vDuog0x9BXJsMAwJL0rsCn+Q04jlpozQ=
QP/GS5SvggSjNksSA/OtcDBczvNMwWstC2oMQXTD7N9ACn+Lk2vImp7FD29uxACshs0vDuog0x9BXJsMAwJL0rsCn+Q04jlpozQ=
VurQS58G7Uq792S24QVY5TBfzvJMwWstC2oMQXTD7N9ACn+Lk2vImp7FD29uxACshs0vDuog0x9BXJsMAwJL0rsCn+Q04jlpozQ=
GYRNaR+RlC0gg39Qp5HSJjBfzvNMwWstC2oMQXTD7N9ACn+Lk2vImp7FD29uxACshs0vDuog0x9BXJsMAwJL0rsCn+Q04jlpozQ=
hrf+VwXMCZGAFsNC0lMJZ1xwkMgzaFPoKhG4u92SyPhAblLI9ekaJ/Ai/z5iobYSF1IRXoLpTy7rieoRi6Ul72Gp/5Md6RUg2TNsozM=
TbxrRWoJU/WbspgseV2Mk1xwkMgwaFPoKhG4u92SyPhAblLI9ekaJ/Ai/z5iobYSF1IRXoLpTy7rieoRi6Ul72Gp/5Md6RUg2TNsozM=
1qWB4g+mOTsD9VZeyLib5FxwkMgwaFLoKhG4u92SyPhAblLI9ekaJ/Ai/z5iobYSF1IRXoLpTy7rieoRi6Ul72Gp/5Md6RUg2TNsozM=
WncWp8usxi+5h7IZ9SS24FxwkMgzaFLoKhG4u92SyPhAblLI9ekaJ/Ai/z5iobYSF1IRXoLpTy7rieoRi6Ul72Gp/5Md6RUg2TNsozM=
G03f4dpI48rlrTuYxS4wGDBezvJMwWstC2oMQXTD7N9ACn+Lk2vImp7FD29uxACshs0vDuog0x9BXJsMAwJL0rsCn+Q04jlpozQ=
l8qqdRWE7r27bfN3yTJPijBezvNMwWstC2oMQXTD7N9ACn+Lk2vImp7FD29uxACshs0vDuog0x9BXJsMAwJL0rsCn+Q04jlpozQ=
FQIVt18celwMF5FeXjOc7VxzkMgzaFPoKhG4u92SyPhAblLI9ekaJ/Ai/z5iobYSF1IRXoLpTy7rieoRi6Ul72Gp/5Md6RUg2TNsozM=
WnTOau84PvoVJsQr1QLsSVxzkMgwaFPoKhG4u92SyPhAblLI9ekaJ/Ai/z5iobYSF1IRXoLpTy7rieoRi6Ul72Gp/5Md6RUg2TNsozM=
nR48jZw5b2L9/yDSxtuvcFxzkMgwaFLoKhG4u92SyPhAblLI9ekaJ/Ai/z5iobYSF1IRXoLpTy7rieoRi6Ul72Gp/5Md6RUg2TNsozM=
mwU3neTmp/grnZREU/o09lxzkMgzaFLoKhG4u92SyPhAblLI9ekaJ/Ai/z5iobYSF1IRXoLpTy7rieoRi6Ul72Gp/5Md6RUg2TNsozM=
A9i65Lk5/zJdwYsZmm4uOjBZzvJMwWstC2oMQXTD7N9ACn+Lk2vImp7FD29uxACshs0vDuog0x9BXJsMAwJL0rsCn+Q04jlpozQ=
PbE+MHWSDA3aiRc/xUE8pzBZzvNMwWstC2oMQXTD7N9ACn+Lk2vImp7FD29uxACshs0vDuog0x9BXJsMAwJL0rsCn+Q04jlpozQ=
U8K4NTstaE/1AQ9icuSP+1xykMgzaFPoKhG4u92SyPhAblLI9ekaJ/Ai/z5iobYSF1IRXoLpTy7rieoRi6Ul72Gp/5Md6RUg2TNsozM=
JswN2WY3W17+3RuSv7o99VxykMgwaFPoKhG4u92SyPhAblLI9ekaJ/Ai/z5iobYSF1IRXoLpTy7rieoRi6Ul72Gp/5Md6RUg2TNsozM=
BfWWjvKA+2z/PCSfZwPm01xykMgwaFLoKhG4u92SyPhAblLI9ekaJ/Ai/z5iobYSF1IRXoLpTy7rieoRi6Ul72Gp/5Md6RUg2TNsozM=
YP7dDyZoFmuJ+EqV1JjenlxykMgzaFLoKhG4u92SyPhAblLI9ekaJ/Ai/z5iobYSF1IRXoLpTy7rieoRi6Ul72Gp/5Md6RUg2TNsozM=
5O4VSqvi8txIwr8stj76gzBYzvJMwWstC2oMQXTD7N9ACn+Lk2vImp7FD29uxACshs0vDuog0x9BXJsMAwJL0rsCn+Q04jlpozQ=
EvMOMcFtuzErEKykRzmjBTBYzvNMwWstC2oMQXTD7N9ACn+Lk2vImp7FD29uxACshs0vDuog0x9BXJsMAwJL0rsCn+Q04jlpozQ=
dwEJOWfG+hNcE+CdfxmZoh4599h9RI+9Xts7Pm4gNoIEeCOl7H827rn+JG1wSuEex27UBTn2zaUMcW2JA/cXRemjC+XjON8/aqM1
Mt/+ML72vdVJYQ9qJM1cf39+ycktmnpqTnBqfUz3yalDERI1mcvLkHDFQ/lLvqTF5GekC2Aed6/Dr2AOHlGnqz7gCLimGWeqeqR7ywGIswgTJgMGG5YXQGQmEX2jIA==
LNZhDTH8ESum2MxpTavZ+B8599h9RI+9Xts7Pm4gNoIEeCOl7H827rn+JG1wSuEex27UBTn2zaUMcW2JA/cXRemjC+XjON8/aqM1
Pipke3fVLwzU00e0IVR0TRw599h9RI+9Xts7Pm4gNoIEeCOl7H827rn+JG1wSuEex27UBTn2zaUMcW2JA/cXRemjC+XjON8/aqM1
brL4v9oQATswWb653Ym+Ph0599h9RI+9Xts7Pm4gNoIEeCOl7H827rn+JG1wSuEex27UBTn2zaUMcW2JA/cXRemjC+XjON8/aqM1
RjEMXluVO7T6EjvehpcXvgnBkLZVGROgoXTDdRobf3aiUOo6oJhHPVDvumY9fqDl/NpdhiMOcL1lBoFtyDGpwc/HS72Ngy/9HyjTN26jMQ==
MEZB7Il4fFI85+4tc1aTBR9RLmV2F4MwFN1ySamrooEcADV5AW1zQfMZU1ohnpxUGO9VxjpEIhTyIOrTuMQnV5o5JPttSGb9QfJEjI4CDxAoDkU1XDdqiMKi9eOldSkq8lKEPerVZU6rtt/G/ZD0Hi7Fbjlw0+08v84Zngq5J45TmRKRs7Vdj0l5d1MVWX1AgYO0o+s=
ZmRJkydoPMaiwvPLy+DdxzOaJE83fG8A9C4IPkBZ25+4aSZkV1njiUkpqS2hihPqxpziKxeGeIDY3KhUWANKcH0/IN3GWw8s3BXbRjYcPPaVmFKKx7XesxAAWFZHc9fBs8JINuadCDHfJvECLRZP5K7W1AEseTIXF/TluitO+I195ml98LHR0WdnU00FQyetZ0j7h7aj6Q==
U9OdI0c3Fa23+qQwpsYZISn68AI9pteBrP+YdZt/n9exfv3bxd/KCAleQ5Jt6GtmUiaYlUALFXimVXrzyLlirwtPcn4zOdO5axLG53H6YNEkaaSmZJvUiHUTaVt06YCQ27JjEC7xWHkN9btEonCEqo46Vj1KfX+Dmd+tfKA0TJwGvU++KjAzz0EM+xxDsqsiOzK/lHTymbmj5A==
2jIvJSWdll8TCg4tQNqgQq//HqHQsendzH+FiYPJoUwJzd219uYpfCe0hTJHGGL0TKM4Qcm25hc+NQADLvHbvcYoa5MvFwtwYgHZYAxv1Psw0NwRSAb1ke3d/JMMDksAF4a2G+QXrVdf4soqKFQ+aAKLsrcjzVkdaTroDoBCVs97aPIaT+Gh7t96a6hHHEsgq2JM+IW3o+Y=
qcJORt51cqs+ejoiiijx/Jqu3oKfs13HyERYs7JFnIjKwBttRuMg5EaF33YKuEOXwdQLlGP6Oxr7yq/cFPopYaM8
0hSRboVO79Zr2v7D9CnwmRtT9ahUO2vD/8Bx81jnAqGuuUU2qKgAfwLpBARKTIPB9i94CCZpx3o6lJvbAZjTONN2o/abJvcQJNYxbaMw
3qeNTzXYrkWyUx32d/xddShNiKJj52thVi1FHX/B7pkIDGiLkl2MgMrIC3Vm2xCshs0vDuog0x9BXJsMAwJL0rsCn+Q04jlpozQ=
mYkAeBMyO2tDDCD9vkVIJsy9NRg4k5r7OBwRz+qzIyWjzVliIkvsU+o83MC7DnIG3hb9andVtDrgMtmeyjnnjhMZUpHzNZ2Pifm3U1XZPUDBA3SjKw==
TeE1swSLgz/nOOSTkzxJHAyAr8pOPz+HgTRZostSchdRE3fD0o/4Zky1yq/ARgqS/xvOeYxaFkerkBKyf7khps/Cy0C3hIso+xos0DVvoy4=
N2nGZQFFEBi5X1kiD/qRZ3Tjr8FCMieHgTRZostSchdRE3fD0o/4Zky1yq/ARgqS/xvOeYxaFkerkBKyf7khps/Cy0C3hIso+xos0DVvoy4=
J3sSH2U5CGVjiSaV18zQpwyDr8pOPz+HgTRZostSchdRE3fD0o/4Zky1yq/ARgqS/xvOeYxaFkerkBKyf7khps/Cy0C3hIso+xos0DVvoy4=
NIpeHks0cxXiXNElwRE1FO3a4eT07dh9RQ+P6bJqZ0/RjLnKe8ryn8Fr12uiVzgunI2qR/BeCprv4+5RfAJWj/so8trPIaEuX7pr6MdcS2ArIkw4BXejJg==
yAMajRMyjlAFu1B9e9YxLQyCr8pOPz+HgTRZostSchdRE3fD0o/4Zky1yq/ARgqS/xvOeYxaFkerkBKyf7khps/Cy0C3hIso+xos0DVvoy4=
2rWMuGNpjooNnuiOmUnxknXlr8FCMieHgTRZostSchdRE3fD0o/4Zky1yq/ARgqS/xvOeYxaFkerkBKyf7khps/Cy0C3hIso+xos0DVvoy4=
08EV0tWm5FCzHk98tncAUwyFr8pOPz+HgTRZostSchdRE3fD0o/4Zky1yq/ARgqS/xvOeYxaFkerkBKyf7khps/Cy0C3hIso+xos0DVvoy4=
o4ImirvjGcpqpq1cGsms3+zm3XFR67/1Wk4Ho+nYafYzDjLTGd+ntwozmILkGTo7eNqKFneXXs0UprbjQ/yiZgdl4eIHjpu077hrTNM2XMQNc6Mq
HZnp5sr51DsJW6O7nEBfLJqu3oKfs13HyERYs7JFnIjIwBttRuMg5EaF33YKuEOXwdQLlGP6Oxr7yq/cFPopYaM8
OYJpMJg1L/dZfH7xRnZVHBtT9ahUO2vD/8Bx81jnAqGuuUU2qKgAfwLpBARITIPB9i94CCZpx3o6lJvbAZjTONN2o/abJvcQJNYxbaMw
UBEeEGm+6xZDt/IOhf85+pqu3oKfs13HyERYs7JFnIjOwBttRuMg5EaF33YKuEOXwdQLlGP6Oxr7yq/cFPopYaM8
onf/Zdq5MVBf6coPWK15thtT9ahUO2vD/8Bx81jnAqGuuUU2qKgAfwLpBAROTIPB9i94CCZpx3o6lJvbAZjTONN2o/abJvcQJNYxbaMw
4JJeLLtQNmhwsAakJ9ZSKR5gtMJ1X6q9EoZ8dzIrNIBCMCWy7H4AqqOuKWlqQv4Ox27UBTn2zaUMcW2JA/cXRemjC+XjON8/aqM1
j9OBEUO6QIgqJcgSEzYKDu3a4eT07dh9RQ+P6bJqZ0/RjLnKe8ryn8Fr12uiVzgunI2qR/BeDprv4+5RfAJWj/so8trPIaEuX7pr6MdcS2ArIkw4BXejJg==
WeOeJhI5lX5BNzToDFYa3AyDr8pOPz+HgTRZostSchdRE3fD0o/4Zky1yq/ARg6S/xvOeYxaFkerkBKyf7khps/Cy0C3hIso+xos0DVvoy4=
mYx3D8SZ4EfZf237w+YLRHTjr8FCMieHgTRZostSchdRE3fD0o/4Zky1yq/ARg6S/xvOeYxaFkerkBKyf7khps/Cy0C3hIso+xos0DVvoy4=
ycGWxxr9YriwK8S9AylhMgyCr8pOPz+HgTRZostSchdRE3fD0o/4Zky1yq/ARg6S/xvOeYxaFkerkBKyf7khps/Cy0C3hIso+xos0DVvoy4=
Qor2/0Z9jrw+ffDH9uDuK+zm3XFR67/1Wk4Ho+nYafYzDjLTGd+ntwozmILkGTo7eNqOFneXXs0UprbjQ/yiZgdl4eIHjpu077hrTNM2XMQNc6Mq
gRCKRDFWU2njUb6LExcUogyFr8pOPz+HgTRZostSchdRE3fD0o/4Zky1yq/ARg6S/xvOeYxaFkerkBKyf7khps/Cy0C3hIso+xos0DVvoy4=
tCSxfjAmFtig+LsLXqKQZ3Xlr8FCMieHgTRZostSchdRE3fD0o/4Zky1yq/ARg6S/xvOeYxaFkerkBKyf7khps/Cy0C3hIso+xos0DVvoy4=
eIvCknWhCvqfI/b0bgpbOWMZzPtZAAlug5ayS6lHx2+6a1ja1MFaI0jCjg5Hjz4VJP52u/Mkwv63/WF6txb7bF/gqxTj7jzcPWujMg==
onf/Zdq5MVBf6coPWK15thtT9ahUO2vD/8Bx81jnAqGuuUU2qKgAfwLpBAROTIPB9i94CCZpx3o6lJvbAZjTONN2o/abJvcQJNYxbaMw
JmalxmCOMZ3ouauj0Xiyf2MZzPtZAAlug5ayS6lHx2+6a1ja1MFaI0jCig5Hjz4VJP52u/Mkwv63/WF6txb7bF/gqxTj7jzcPWujMg==
0hSRboVO79Zr2v7D9CnwmRtT9ahUO2vD/8Bx81jnAqGuuUU2qKgAfwLpBARKTIPB9i94CCZpx3o6lJvbAZjTONN2o/abJvcQJNYxbaMw
FlKl2teOwSRi+AkNh3mAbx5gtMJ1X6q9EoZ8dzIrNIBCMCWy7H4AqqOqKWlqQv4Ox27UBTn2zaUMcW2JA/cXRemjC+XjON8/aqM1
NIpeHks0cxXiXNElwRE1FO3a4eT07dh9RQ+P6bJqZ0/RjLnKe8ryn8Fr12uiVzgunI2qR/BeCprv4+5RfAJWj/so8trPIaEuX7pr6MdcS2ArIkw4BXejJg==
b7wdxgjnLr4TUw7vR1UM1Zqu3oKfs13HyERYs7JFnIjLwBttRuMg5EaF33YKuEOXwdQLlGP6Oxr7yq/cFPopYaM8
/ACgHmY9efjxZmFgYNsnJBtT9ahUO2vD/8Bx81jnAqGuuUU2qKgAfwLpBARLTIPB9i94CCZpx3o6lJvbAZjTONN2o/abJvcQJNYxbaMw
jKSkS743kAqO/Ix2t5bu3B5jtMJ1X6q9EoZ8dzIrNIBCMCWy7H4AqqOrKWlqQv4Ox27UBTn2zaUMcW2JA/cXRemjC+XjON8/aqM1
Vv7FHMrlielWHVpchTZnQnTjr8FCMieHgTRZostSchdRE3fD0o/4Zky1yq/ARguS/xvOeYxaFkerkBKyf7khps/Cy0C3hIso+xos0DVvoy4=
fsX0JZB+ptJxbtodnGeNr5qu3oKfs13HyERYs7JFnIjJwBttRuMg5EaF33YKuEOXwdQLlGP6Oxr7yq/cFPopYaM8
WZAHlcAG5YqcuKkUGr37AhtT9ahUO2vD/8Bx81jnAqGuuUU2qKgAfwLpBARJTIPB9i94CCZpx3o6lJvbAZjTONN2o/abJvcQJNYxbaMw
CWlqkMMtLfJ8fhsNmcw4lh5ltMJ1X6q9EoZ8dzIrNIBCMCWy7H4AqqOpKWlqQv4Ox27UBTn2zaUMcW2JA/cXRemjC+XjON8/aqM1
et7ZBJB4cGNzpnMRU/FRfXXlr8FCMieHgTRZostSchdRE3fD0o/4Zky1yq/ARgmS/xvOeYxaFkerkBKyf7khps/Cy0C3hIso+xos0DVvoy4=
bzcJ09Aa3wjwTmEcGJSd7x5itMJ1X6q9EoZ8dzIrNIBCMCWy7H4AqqOoKWlqQv4Ox27UBTn2zaUMcW2JA/cXRemjC+XjON8/aqM1
SwJ1QRRuXmeuXFMY0o9LWezm3XFR67/1Wk4Ho+nYafYzDjLTGd+ntwozmILkGTo7eNqIFneXXs0UprbjQ/yiZgdl4eIHjpu077hrTNM2XMQNc6Mq
+aIV+FtbMDhT6Pq9DfawfZ9P2WdBjn0BuLUNDSWH0NvAQkkHAIWmhcMxhOaqu0QzMoykAGNeSub2BvVuf0WcWtjigd4yib9uu2naEXuFdS/RCQ8TjQlFYCkTfKMj
2wi4KFDKXuwQ3MpMRJpen1o47Mk0EPX7WIJ8dzIrNIBCMCWy7H4AqqOuKWlqQv4Ox27UBTn2zaUMcW2JA/cXRemjC+XjON8/aqM1
mHPzanKre7Esb18qam/jx51P2WdBjn0BuLUNDSWH0NvAQkkHAIWmhcMxhOaqu0QzMoykAGNeSub2BvVuf0WcWtjigd4yib9uu2naEXuFdS/RCQ8TjQlFYCkTfKMj
2wi4KFDKXuwQ3MpMRJpen1o47Mk0EPX7WIJ8dzIrNIBCMCWy7H4AqqOuKWlqQv4Ox27UBTn2zaUMcW2JA/cXRemjC+XjON8/aqM1
Qjz/bq7MIG7zSByy3vSrU55P2WdBjn0BuLUNDSWH0NvAQkkHAIWmhcMxhOaqu0QzMoykAGNeSub2BvVuf0WcWtjigd4yib9uu2naEXuFdS/RCQ8TjQlFYCkTfKMj
2wi4KFDKXuwQ3MpMRJpen1o47Mk0EPX7WIJ8dzIrNIBCMCWy7H4AqqOuKWlqQv4Ox27UBTn2zaUMcW2JA/cXRemjC+XjON8/aqM1
mHPzanKre7Esb18qam/jx51P2WdBjn0BuLUNDSWH0NvAQkkHAIWmhcMxhOaqu0QzMoykAGNeSub2BvVuf0WcWtjigd4yib9uu2naEXuFdS/RCQ8TjQlFYCkTfKMj
2wi4KFDKXuwQ3MpMRJpen1o47Mk0EPX7WIJ8dzIrNIBCMCWy7H4AqqOuKWlqQv4Ox27UBTn2zaUMcW2JA/cXRemjC+XjON8/aqM1
94yaTVihpH3TKjnccaFQ7D+MnYhBDPnggBwlFGbJyKZmgyAjNoS4IB+WjpZSnnnu8904qpyqff4ugbt+X1GW0bf90b9VgZNzMcEBUM0LcKMv
n0pb99CbAnMDlOg61yMz7q+M4hj8kiQopo2VHmMCdY27smUqNhZ4k2iPSBfjbO0tlbveAwcmIEqzrjkJWoKOrnfuRKVpNp2F/HFdaVM3xyV5I3sFU3gvH3qjJQ==
zc4HkZq+SYn2QlqEAdUkUa6M4hj8kiQopo2VHmMCdY27smUqNhZ4k2iPSBfjbO0tlbveAwcmIEqzrjkJWoKOrnfuRKVpNp2F/HFdaVM3xyV5I3sFU3gvH3qjJQ==
azDIXNnQhcHvIkIQg0L+FxB1YyxEK25pVvyIu1UZI/36qe9EPOGIexkzYcy4uANug7fZIEodrJDO2CslpmuwXAZ9z34q8LMPQUx7XEPyK2I7cj9UdDIZeaMk
i3uKC9rq4hKB0OKLu59IONJ5AnBTymzcaGhkTLPzQ3SQ5QP8hBsOWVbM6IuVyUNtejlPFPwRqAsZw0G8+Gij/gMnOXAKLUygzujLFeY7UMyG7W+uaoCT/0E8W6yDoovyu+JfhLQCeUmjFA==
4dgiyPdCCq8HXvNd70YKjXWBofLz8dRzYNXWPIB8RiSDXwULGjba6eKhiEJOWQ34EqIWKTxv3ZRTUStLYH+53p42DW4HdWR6sNJJHnrZV84j+UKR4xXtz3lZx9PFeW2AEWNEoxs=
e7Pjnvn8yYoumfUYITeZ030pOx2/MjCr/R4S7yA2DoLfK46p7KqW1wsg0uKfySG27/KLkNd0C7hbquyA1R+jPg==
gKCvFmaiN7dJL6z8B7/+TmsWx7IXWwJ7z4XtWadIz262IBCaxdpCM0jCjg5Hjz4VJP52u/Mkwv63/WF6txb7bF/gqxTj7jzcPWujMg==
zc4HkZq+SYn2QlqEAdUkUa6M4hj8kiQopo2VHmMCdY27smUqNhZ4k2iPSBfjbO0tlbveAwcmIEqzrjkJWoKOrnfuRKVpNp2F/HFdaVM3xyV5I3sFU3gvH3qjJQ==
70rgzg0wYQ/mhlTyGCaof340mtQ+kUwvSGtGfUr05vtSARoXy9zaiXa1QL9Z96mY6GyrCiNTcbTaiSQUTlyjsTb/GLimGWeqeqR7ywGIswgTJgMGG5YXQGQmEX2jIA==
Kl4DH4FkomIDcDHHKp0b3V9GokVxAHqYzmLjmCIot6Evzy9HtAPy28AkDUxL0eD/hf2riVpdJyAs5WBPWYeJSCjcy5qjw9HEmlnEJE5sQ2F2j7goJokHGrp0W7sBeJNYU5bjlpsGt7CkdnFNoxA=
awU320nmfkMbGoP+uGusy1LG4MBbJiHUgnJZ44QNORkVEnDK38jzLV2u0r/ARg6S/xvOeYxaFkerkBKyf7khps/Cy0C3hIso+xos0DVvoy4=
vp1GWzVySBcFzlfvBVA/QzYb8lsUhbmBpbqQsg+As/UtRvKH0E4Ois8zroHcktYfW/iyCu8xoT5/ais4Z8zL8IvyDOglZ6M2
Yib51lFzxrkutt9EFA1pXUav/GPaa9RS1WunKiCg4Tw6wRQMTkST+dZ3iEDmIXeiWmwLU4EQQ0AzLhM+2+6HyATuIWWjOA==
LRhdDjIUtvTAV6s8nVT2OHUMiKpi4y42Xy9eEnfA4tJATHmQik2MgM7IC3Vm2xCshs0vDuog0x9BXJsMAwJL0rsCn+Q04jlpozQ=
gKCvFmaiN7dJL6z8B7/+TmsWx7IXWwJ7z4XtWadIz262IBCaxdpCM0jCjg5Hjz4VJP52u/Mkwv63/WF6txb7bF/gqxTj7jzcPWujMg==
rk+Lz/P/XUb5wwisoOco9w5A9KxcJC7Sq8xx8R+tTaiovAt6o+MRZBr5BAROTIPB9i94CCZpx3o6lJvbAZjTONN2o/abJvcQJNYxbaMw
e3nNAIuhgFY+lnXZIebqB0u062ufJd1QyGS7MmOr4Tw6wRQMTkST+dZ3iEDmIXeiWmwLU4EQQ0AzLhM+2+6HyATuIWWjOA==
Yib51lFzxrkutt9EFA1pXUav/GPaa9RS1WunKiCg4Tw6wRQMTkST+dZ3iEDmIXeiWmwLU4EQQ0AzLhM+2+6HyATuIWWjOA==
20439im8TAKdA5V3+HaZCZqkQxNHsnOwEZ0LZPXcLMiRxdxHICgrs/aZyYAPQiahzS1r6vnJ/mehGFAyVVLi+xjqjiYXR56dtFY2k+Ms4jbnVeHS597bZE/I67xzZpwUbUOjGg==
qcJORt51cqs+ejoiiijx/Jqu3oKfs13HyERYs7JFnIjKwBttRuMg5EaF33YKuEOXwdQLlGP6Oxr7yq/cFPopYaM8
0hSRboVO79Zr2v7D9CnwmRtT9ahUO2vD/8Bx81jnAqGuuUU2qKgAfwLpBARKTIPB9i94CCZpx3o6lJvbAZjTONN2o/abJvcQJNYxbaMw
2OjhZg+D5hOwdCqSyN8D9p1P2WdBjn0BuLUNDSWH0NvAQkkHAIWmhcMxhOaqu0QzMoykAGNeSub2BvVqf0WcWtjigd4yib9uu2naEXuFdS/RCQ8TjQlFYCkTfKMj
xKZdTIAK54tLD8TSUG7rY1o47Mk0EPX7WIJ8dzIrNIBCMCWy7H4AqqOqKWlqQv4Ox27UBTn2zaUMcW2JA/cXRemjC+XjON8/aqM1
g9qwe2boz+StfZF6di6V9p5P2WdBjn0BuLUNDSWH0NvAQkkHAIWmhcMxhOaqu0QzMoykAGNeSub2BvVqf0WcWtjigd4yib9uu2naEXuFdS/RCQ8TjQlFYCkTfKMj
gKCvFmaiN7dJL6z8B7/+TmsWx7IXWwJ7z4XtWadIz262IBCaxdpCM0jCjg5Hjz4VJP52u/Mkwv63/WF6txb7bF/gqxTj7jzcPWujMg==
zc4HkZq+SYn2QlqEAdUkUa6M4hj8kiQopo2VHmMCdY27smUqNhZ4k2iPSBfjbO0tlbveAwcmIEqzrjkJWoKOrnfuRKVpNp2F/HFdaVM3xyV5I3sFU3gvH3qjJQ==
X9J7Qep0xFbwZzTp3Q7yglJx9r6GWrpp0FfJROc5t+scV62uqu5h7ustUIqk+rW+5jHjnjfBLlFPbXkfDXHbs/mR+TDlO2ijNw==
zc4HkZq+SYn2QlqEAdUkUa6M4hj8kiQopo2VHmMCdY27smUqNhZ4k2iPSBfjbO0tlbveAwcmIEqzrjkJWoKOrnfuRKVpNp2F/HFdaVM3xyV5I3sFU3gvH3qjJQ==
X9J7Qep0xFbwZzTp3Q7yglJx9r6GWrpp0FfJROc5t+scV62uqu5h7ustUIqk+rW+5jHjnjfBLlFPbXkfDXHbs/mR+TDlO2ijNw==
LZD+FU5PJ66DOUtX7uxdD62M4hj8kiQopo2VHmMCdY27smUqNhZ4k2iPSBfjbO0tlbveAwcmIEqzrjkJWoKOrnfuRKVpNp2F/HFdaVM3xyV5I3sFU3gvH3qjJQ==
X9J7Qep0xFbwZzTp3Q7yglJx9r6GWrpp0FfJROc5t+scV62uqu5h7ustUIqk+rW+5jHjnjfBLlFPbXkfDXHbs/mR+TDlO2ijNw==
zc4HkZq+SYn2QlqEAdUkUa6M4hj8kiQopo2VHmMCdY27smUqNhZ4k2iPSBfjbO0tlbveAwcmIEqzrjkJWoKOrnfuRKVpNp2F/HFdaVM3xyV5I3sFU3gvH3qjJQ==
X9J7Qep0xFbwZzTp3Q7yglJx9r6GWrpp0FfJROc5t+scV62uqu5h7ustUIqk+rW+5jHjnjfBLlFPbXkfDXHbs/mR+TDlO2ijNw==
LZD+FU5PJ66DOUtX7uxdD62M4hj8kiQopo2VHmMCdY27smUqNhZ4k2iPSBfjbO0tlbveAwcmIEqzrjkJWoKOrnfuRKVpNp2F/HFdaVM3xyV5I3sFU3gvH3qjJQ==
NfOqD5Qz0Xu6aZBOuOBxr4jjYA03m5e3cBYeyLi9cj/iggYpLA/tVOMxm8vwH2kezhb9bndVtDrgMtmeyjnnjhMZUpHzNZ2Pifm3U1XZPUDBA3SjKw==
X9J7Qep0xFbwZzTp3Q7yglJx9r6GWrpp0FfJROc5t+scV62uqu5h7ustUIqk+rW+5jHjnjfBLlFPbXkfDXHbs/mR+TDlO2ijNw==
iOFZiyLTkVdmCEZV3u0GNayM4hj8kiQopo2VHmMCdY27smUqNhZ4k2iPSBfjbO0tlbveAwcmIEqzrjkJWoKOrnfuRKVpNp2F/HFdaVM3xyV5I3sFU3gvH3qjJQ==
hA0kwgMFMoey10RTXXKsQ4jiYA03m5e3cBYeyLi9cj/iggYpLA/tVOMxm8vwH2kezhb9bndVtDrgMtmeyjnnjhMZUpHzNZ2Pifm3U1XZPUDBA3SjKw==
X9J7Qep0xFbwZzTp3Q7yglJx9r6GWrpp0FfJROc5t+scV62uqu5h7ustUIqk+rW+5jHjnjfBLlFPbXkfDXHbs/mR+TDlO2ijNw==
nymbZzYy8juCgTlkJac6P6uM4hj8kiQopo2VHmMCdY27smUqNhZ4k2iPSBfjbO0tlbveAwcmIEqzrjkJWoKOrnfuRKVpNp2F/HFdaVM3xyV5I3sFU3gvH3qjJQ==
FqyHMLoVknFj6ygja/TgiIjlYA03m5e3cBYeyLi9cj/iggYpLA/tVOMxm8vwH2kezhb9bndVtDrgMtmeyjnnjhMZUpHzNZ2Pifm3U1XZPUDBA3SjKw==
X9J7Qep0xFbwZzTp3Q7yglJx9r6GWrpp0FfJROc5t+scV62uqu5h7ustUIqk+rW+5jHjnjfBLlFPbXkfDXHbs/mR+TDlO2ijNw==
iOFZiyLTkVdmCEZV3u0GNayM4hj8kiQopo2VHmMCdY27smUqNhZ4k2iPSBfjbO0tlbveAwcmIEqzrjkJWoKOrnfuRKVpNp2F/HFdaVM3xyV5I3sFU3gvH3qjJQ==
X9J7Qep0xFbwZzTp3Q7yglJx9r6GWrpp0FfJROc5t+scV62uqu5h7ustUIqk+rW+5jHjnjfBLlFPbXkfDXHbs/mR+TDlO2ijNw==
nymbZzYy8juCgTlkJac6P6uM4hj8kiQopo2VHmMCdY27smUqNhZ4k2iPSBfjbO0tlbveAwcmIEqzrjkJWoKOrnfuRKVpNp2F/HFdaVM3xyV5I3sFU3gvH3qjJQ==
X9J7Qep0xFbwZzTp3Q7yglJx9r6GWrpp0FfJROc5t+scV62uqu5h7ustUIqk+rW+5jHjnjfBLlFPbXkfDXHbs/mR+TDlO2ijNw==
iOFZiyLTkVdmCEZV3u0GNayM4hj8kiQopo2VHmMCdY27smUqNhZ4k2iPSBfjbO0tlbveAwcmIEqzrjkJWoKOrnfuRKVpNp2F/HFdaVM3xyV5I3sFU3gvH3qjJQ==
X9J7Qep0xFbwZzTp3Q7yglJx9r6GWrpp0FfJROc5t+scV62uqu5h7ustUIqk+rW+5jHjnjfBLlFPbXkfDXHbs/mR+TDlO2ijNw==
LZD+FU5PJ66DOUtX7uxdD62M4hj8kiQopo2VHmMCdY27smUqNhZ4k2iPSBfjbO0tlbveAwcmIEqzrjkJWoKOrnfuRKVpNp2F/HFdaVM3xyV5I3sFU3gvH3qjJQ==
X9J7Qep0xFbwZzTp3Q7yglJx9r6GWrpp0FfJROc5t+scV62uqu5h7ustUIqk+rW+5jHjnjfBLlFPbXkfDXHbs/mR+TDlO2ijNw==
zc4HkZq+SYn2QlqEAdUkUa6M4hj8kiQopo2VHmMCdY27smUqNhZ4k2iPSBfjbO0tlbveAwcmIEqzrjkJWoKOrnfuRKVpNp2F/HFdaVM3xyV5I3sFU3gvH3qjJQ==
X9J7Qep0xFbwZzTp3Q7yglJx9r6GWrpp0FfJROc5t+scV62uqu5h7ustUIqk+rW+5jHjnjfBLlFPbXkfDXHbs/mR+TDlO2ijNw==
zc4HkZq+SYn2QlqEAdUkUa6M4hj8kiQopo2VHmMCdY27smUqNhZ4k2iPSBfjbO0tlbveAwcmIEqzrjkJWoKOrnfuRKVpNp2F/HFdaVM3xyV5I3sFU3gvH3qjJQ==
X9J7Qep0xFbwZzTp3Q7yglJx9r6GWrpp0FfJROc5t+scV62uqu5h7ustUIqk+rW+5jHjnjfBLlFPbXkfDXHbs/mR+TDlO2ijNw==
LZD+FU5PJ66DOUtX7uxdD62M4hj8kiQopo2VHmMCdY27smUqNhZ4k2iPSBfjbO0tlbveAwcmIEqzrjkJWoKOrnfuRKVpNp2F/HFdaVM3xyV5I3sFU3gvH3qjJQ==
X9J7Qep0xFbwZzTp3Q7yglJx9r6GWrpp0FfJROc5t+scV62uqu5h7ustUIqk+rW+5jHjnjfBLlFPbXkfDXHbs/mR+TDlO2ijNw==
iOFZiyLTkVdmCEZV3u0GNayM4hj8kiQopo2VHmMCdY27smUqNhZ4k2iPSBfjbO0tlbveAwcmIEqzrjkJWoKOrnfuRKVpNp2F/HFdaVM3xyV5I3sFU3gvH3qjJQ==
X9J7Qep0xFbwZzTp3Q7yglJx9r6GWrpp0FfJROc5t+scV62uqu5h7ustUIqk+rW+5jHjnjfBLlFPbXkfDXHbs/mR+TDlO2ijNw==
nymbZzYy8juCgTlkJac6P6uM4hj8kiQopo2VHmMCdY27smUqNhZ4k2iPSBfjbO0tlbveAwcmIEqzrjkJWoKOrnfuRKVpNp2F/HFdaVM3xyV5I3sFU3gvH3qjJQ==
xKZdTIAK54tLD8TSUG7rY1o47Mk0EPX7WIJ8dzIrNIBCMCWy7H4AqqOqKWlqQv4Ox27UBTn2zaUMcW2JA/cXRemjC+XjON8/aqM1
2OjhZg+D5hOwdCqSyN8D9p1P2WdBjn0BuLUNDSWH0NvAQkkHAIWmhcMxhOaqu0QzMoykAGNeSub2BvVqf0WcWtjigd4yib9uu2naEXuFdS/RCQ8TjQlFYCkTfKMj
xKZdTIAK54tLD8TSUG7rY1o47Mk0EPX7WIJ8dzIrNIBCMCWy7H4AqqOqKWlqQv4Ox27UBTn2zaUMcW2JA/cXRemjC+XjON8/aqM1
g9qwe2boz+StfZF6di6V9p5P2WdBjn0BuLUNDSWH0NvAQkkHAIWmhcMxhOaqu0QzMoykAGNeSub2BvVqf0WcWtjigd4yib9uu2naEXuFdS/RCQ8TjQlFYCkTfKMj
xKZdTIAK54tLD8TSUG7rY1o47Mk0EPX7WIJ8dzIrNIBCMCWy7H4AqqOqKWlqQv4Ox27UBTn2zaUMcW2JA/cXRemjC+XjON8/aqM1
RTXHHp7V+Ivca+jzeYFAtZ9P2WdBjn0BuLUNDSWH0NvAQkkHAIWmhcMxhOaqu0QzMoykAGNeSub2BvVqf0WcWtjigd4yib9uu2naEXuFdS/RCQ8TjQlFYCkTfKMj
xKZdTIAK54tLD8TSUG7rY1o47Mk0EPX7WIJ8dzIrNIBCMCWy7H4AqqOqKWlqQv4Ox27UBTn2zaUMcW2JA/cXRemjC+XjON8/aqM1
krkbAEDXYIdNkpA95ScMEZhP2WdBjn0BuLUNDSWH0NvAQkkHAIWmhcMxhOaqu0QzMoykAGNeSub2BvVqf0WcWtjigd4yib9uu2naEXuFdS/RCQ8TjQlFYCkTfKMj
xKZdTIAK54tLD8TSUG7rY1o47Mk0EPX7WIJ8dzIrNIBCMCWy7H4AqqOqKWlqQv4Ox27UBTn2zaUMcW2JA/cXRemjC+XjON8/aqM1
OVIeavuy8w8l00ipv3buXplP2WdBjn0BuLUNDSWH0NvAQkkHAIWmhcMxhOaqu0QzMoykAGNeSub2BvVqf0WcWtjigd4yib9uu2naEXuFdS/RCQ8TjQlFYCkTfKMj
xKZdTIAK54tLD8TSUG7rY1o47Mk0EPX7WIJ8dzIrNIBCMCWy7H4AqqOqKWlqQv4Ox27UBTn2zaUMcW2JA/cXRemjC+XjON8/aqM1
bFBmbw40ndE0/KePvIsDZZtP2WdBjn0BuLUNDSWH0NvAQkkHAIWmhcMxhOaqu0QzMoykAGNeSub2BvVqf0WcWtjigd4yib9uu2naEXuFdS/RCQ8TjQlFYCkTfKMj
xKZdTIAK54tLD8TSUG7rY1o47Mk0EPX7WIJ8dzIrNIBCMCWy7H4AqqOqKWlqQv4Ox27UBTn2zaUMcW2JA/cXRemjC+XjON8/aqM1
fJWjTKqpuC2ZvzyGjZA+SZVP2WdBjn0BuLUNDSWH0NvAQkkHAIWmhcMxhOaqu0QzMoykAGNeSub2BvVqf0WcWtjigd4yib9uu2naEXuFdS/RCQ8TjQlFYCkTfKMj
xKZdTIAK54tLD8TSUG7rY1o47Mk0EPX7WIJ8dzIrNIBCMCWy7H4AqqOqKWlqQv4Ox27UBTn2zaUMcW2JA/cXRemjC+XjON8/aqM1
5HRn83XUmCALOXPMBr7tdXYqhZAvmlA4RXd3TE3mwZ0XBxgQ38vLk3H8Q7UW+e2Z72WmTSgYYK/CmSQUSlyjsTb/GLimGWeqeqR7ywGIswgTJgMGG5YXQGQmEX2jIA==
xKZdTIAK54tLD8TSUG7rY1o47Mk0EPX7WIJ8dzIrNIBCMCWy7H4AqqOqKWlqQv4Ox27UBTn2zaUMcW2JA/cXRemjC+XjON8/aqM1
9d+luK+tdaPsHtIcWAv+NXkqhZAvmlA4RXd3TE3mwZ0XBxgQ38vLk3H8Q7UW+e2Z72WmTSgYYK/CmSQUSlyjsTb/GLimGWeqeqR7ywGIswgTJgMGG5YXQGQmEX2jIA==
xKZdTIAK54tLD8TSUG7rY1o47Mk0EPX7WIJ8dzIrNIBCMCWy7H4AqqOqKWlqQv4Ox27UBTn2zaUMcW2JA/cXRemjC+XjON8/aqM1
5HRn83XUmCALOXPMBr7tdXYqhZAvmlA4RXd3TE3mwZ0XBxgQ38vLk3H8Q7UW+e2Z72WmTSgYYK/CmSQUSlyjsTb/GLimGWeqeqR7ywGIswgTJgMGG5YXQGQmEX2jIA==
xKZdTIAK54tLD8TSUG7rY1o47Mk0EPX7WIJ8dzIrNIBCMCWy7H4AqqOqKWlqQv4Ox27UBTn2zaUMcW2JA/cXRemjC+XjON8/aqM1
Evps7GzIeRVsriOR0EPr4n4phZAvmlA4RXd3TE3mwZ0XBxgQ38vLk3H8Q7UW+e2Z72WmTSgYYK/CmSQUSlyjsTb/GLimGWeqeqR7ywGIswgTJgMGG5YXQGQmEX2jIA==
xKZdTIAK54tLD8TSUG7rY1o47Mk0EPX7WIJ8dzIrNIBCMCWy7H4AqqOqKWlqQv4Ox27UBTn2zaUMcW2JA/cXRemjC+XjON8/aqM1
LjhUyylVFx5CJIaU67aZvHwphZAvmlA4RXd3TE3mwZ0XBxgQ38vLk3H8Q7UW+e2Z72WmTSgYYK/CmSQUSlyjsTb/GLimGWeqeqR7ywGIswgTJgMGG5YXQGQmEX2jIA==
xKZdTIAK54tLD8TSUG7rY1o47Mk0EPX7WIJ8dzIrNIBCMCWy7H4AqqOqKWlqQv4Ox27UBTn2zaUMcW2JA/cXRemjC+XjON8/aqM1
sAMUR2zBkoNd53uqRs2+wHsphZAvmlA4RXd3TE3mwZ0XBxgQ38vLk3H8Q7UW+e2Z72WmTSgYYK/CmSQUSlyjsTb/GLimGWeqeqR7ywGIswgTJgMGG5YXQGQmEX2jIA==
xKZdTIAK54tLD8TSUG7rY1o47Mk0EPX7WIJ8dzIrNIBCMCWy7H4AqqOqKWlqQv4Ox27UBTn2zaUMcW2JA/cXRemjC+XjON8/aqM1
X9Gjt+fftBWJRB4wBc8ceH0phZAvmlA4RXd3TE3mwZ0XBxgQ38vLk3H8Q7UW+e2Z72WmTSgYYK/CmSQUSlyjsTb/GLimGWeqeqR7ywGIswgTJgMGG5YXQGQmEX2jIA==
xKZdTIAK54tLD8TSUG7rY1o47Mk0EPX7WIJ8dzIrNIBCMCWy7H4AqqOqKWlqQv4Ox27UBTn2zaUMcW2JA/cXRemjC+XjON8/aqM1
5HRn83XUmCALOXPMBr7tdXYqhZAvmlA4RXd3TE3mwZ0XBxgQ38vLk3H8Q7UW+e2Z72WmTSgYYK/CmSQUSlyjsTb/GLimGWeqeqR7ywGIswgTJgMGG5YXQGQmEX2jIA==
xKZdTIAK54tLD8TSUG7rY1o47Mk0EPX7WIJ8dzIrNIBCMCWy7H4AqqOqKWlqQv4Ox27UBTn2zaUMcW2JA/cXRemjC+XjON8/aqM1
9d+luK+tdaPsHtIcWAv+NXkqhZAvmlA4RXd3TE3mwZ0XBxgQ38vLk3H8Q7UW+e2Z72WmTSgYYK/CmSQUSlyjsTb/GLimGWeqeqR7ywGIswgTJgMGG5YXQGQmEX2jIA==
xKZdTIAK54tLD8TSUG7rY1o47Mk0EPX7WIJ8dzIrNIBCMCWy7H4AqqOqKWlqQv4Ox27UBTn2zaUMcW2JA/cXRemjC+XjON8/aqM1
JtoAMPCzpq3HrddMok5nLnwqhZAvmlA4RXd3TE3mwZ0XBxgQ38vLk3H8Q7UW+e2Z72WmTSgYYK/CmSQUSlyjsTb/GLimGWeqeqR7ywGIswgTJgMGG5YXQGQmEX2jIA==
uKAe2tUvEIlcTXqw3/NATwEowIQiY0vNExywppvcnf4Fak6H06pJNOcpvAVvpawaCEIRXoLpTy7rieoRi6Ul72Gp/5Md6RUg2TNsozM=
QtqhpYrwVTZgE3+H50puvmG0doAe7cQR7ZgfMbmYkkJ5EE7TyJSUGlFj45wiBskYp5YfXixXEd7TvJ2NbkW9gdYSEjbTjuBd1UZRTbgxmaEfBzsdHQOfHU9oIxd+oyE=
uKAe2tUvEIlcTXqw3/NATwEowIQiY0vNExywppvcnf4Fak6H06pJNOcpvAVvpawaCEIRXoLpTy7rieoRi6Ul72Gp/5Md6RUg2TNsozM=
xW8EjecCQ99BzK9gXaTeTGK0doAe7cQR7ZgfMbmYkkJ5EE7TyJSUGlFj45wiBskYp5YfXixXEd7TvJ2NbkW9gdYSEjbTjuBd1UZRTbgxmaEfBzsdHQOfHU9oIxd+oyE=
rKYAN0OoiJkseTQ07KAGJEUPYaPd1bDIaeVfZEKL2gt9DMN9WDq54gOpfqZ7zghtzaYZHUCxIXFXJyNtNcP3jfcI6ydmozk=
vbdQJAcn0oDwDmqe0vrMfUUPYaPd1bDIaeFdakKL2gt9DMN9WDq54gOpfqZ7zghtzaYZHUCxIXFXJyNtNcP3jfcI6ydmozk=
8lkqiaePGLDjf4bEy5MP1ZxwDztOnp0ON7iQu+WvwCXZRrbSoc6V2c1VZhwUWYUOcYbho/YMaV+Uyv2Xecb/IFsyx9ehj4U/TKsV5ilWDjMhrkg1BA2MsnSP3Ix1F2FPZP2o9PtWS0R+JZA9TbFzkPIkLE4uXv6p2un3BxlbJegwoOT4plnn6nrk+4sBSDPIE+aDxhtWl4Bk5pG9o+A=
T3lS1NcR1hHtKphGxCVBIlERc8gl73rb7OgTBIOgaT0WlcoBFLYbI2E2NnOjjGJWJ3Xh8ie+W8QPKOvcs8Yc9C1jozo=
vOen4nENJM8Dg3YOB+fY6FVHKX9tGIQzV8A3Xojio4waCjV5AW1zQfMZU1ohnpxUGO9VxjpEIhTyIOrTuMQnV5o5JPttSGb9QfJEjI4CDxAoDkU1XDdqiMKi9eOldSkq8lKEPerVZU6rtt/G/ZD0Hi7Fbjlw0+08v84Zngq5J45TmRKRs7Vdj0l5d1MVWX1AgYO0o+s=
VlOLn/1aMI9F6sXgu8GRcjZHmeJJCRN9gJC/WKEBzWWtMVHN04hfFR6K3zVUliMyNP52u/Mkwv63/WF6txb7bF/gqxTj7jzcPWujMg==
2bv8104Frp+kgjuRn0ZoFfCPIV6ptDoKvAqOEe3OGgGBGRxSSsSz3bMrSEgNBJChyxi9zoUBWv5VkHRJc4OhgqCGm1taeECETcPIYOZBt0LazMszgfAD4LNOU97bzkdohA5hRaMY
qVRKGUU2oswOMDkXVPwIwmlQ+nOiUBFXUVbMIWexH8Gx71zakYqF8Rp3FgYTxc2q7pfNS/3VUIgJYf0qYou6y92MY704Olmioyne5pvOKK1tJvndILEBMfenQ63Vw9dNl4gLZ0ajGQ==
AUC8xni13CeWKS7AiB58YPPGpB74sXgirYq5CT4HUs6/pWEiagdpkyGVDFDtcfkijqvWAxk8BwXEuiUaR5marnfuRKVpNp2F/HFdaVM3xyV5I3sFU3gvH3qjJQ==
D+J+3xDoJy7WYEb4nUzi0TXpJ4MP5dkn5rx0KqmKvQEyF07W24WFGhY3pdtlVcgYoYFFWipLcpuFrIuNQDqhkssJBjbTjuBd1UZRTbgxmaEfBzsdHQOfHU9oIxd+oyE=
y4DP/X6SekIeie+mSH7uIhzaCKY+1/g90bx0KqmKvQEyF07W24WFGhY3pdtlVcgYoYFFWipLcpuFrIuNQDqhkssJBjbTjuBd1UZRTbgxmaEfBzsdHQOfHU9oIxd+oyE=
30E7Znf4bhEdEsU1TvJzQ8kDm2ZLk2oW/q4rCj+FuJ/EQkkVF478n89/h/WqvEspL474GyBPT+TBSYJ6Y1aBQczigd4yib9uu2jaEXuFdS/RCQ8TjQlFYCkTfKMj
pTBa0cS15mT1Ffrhb2/Sgyx0iMtyzpKnKxEHndit9UtmSgFhx86veetyFngcdiXUh7vagI7yqmVIbuKSmTCmD+YOoulaPhfxfpz11RxnkYBW2y+qzos6WITnp3n1mL6dSeJszCbyh3CQ/n01ZMfS6EpSXaONZSFKKoIcvXIFPW6jpreGFSB8vtb1FjmI45WcN35xXuKpL66LyIoRK+UFb0FpX5O9KfWgOfOMo9M=
BFYsWMRZJKQO/ZLn/v5B2jZHmeNJCRN9gJC/WKEBzWWtMVHN04hfFR6K3zVUliMyNP52u/Mkwv62/WF6txb7bF/gqxTj7jzcPWujMg==
klNT8iO8/pDO9uj7G5q0PoKn4g8vV6vVee0tPEMZu7MgaueOuLGio4YRhSchn7GyarCfBEK86sCzdGqEgaO6K7RUSJL+M9IQLywJh+xBbIJZO9sFbT0VAO+p1648DAmqTVFcp2M4F9WkvTCaX/irX3bhYPoUXON5F+cELtQgeJEVGYfR+4/UIqiqWHxvnrgP+FB2cw1Z30zMVUsm5pzMlmXYouo3tS7T4ECoNrfzB6EjglhWNp3Ykc9mYSL9ln/EHpbkoZx5grcnNFWaG86ore0medygsYExd6fDrVXDV00XiItnxqOZ
jM/9+x41EZky93luaUGPt51V23Bq2Cejqn0Lnd7i/B2+f5H78Tth1Bw77frLsBL6att163BontnJl1Fvjw/DKrRrfR7YdHKIyJQpl+mFGPZHbpP+jWSyeD1a0LeUkCAy3dkh4LiWVyM5TRTEcCIl+X31TGfMcuugk6mwP5gBO4r1IrdYLzWAzw6FktT2EdUX7AMl3qluPpuBhpitxBVc2pTnLPR1b5EnhJV47DvOm2zejaAFzYlDOFIMfNZuRq5BugGH/xmjVQBQSLTg5sG3wtpMyrOBcANgs85TXttOR+iEjmHFo5g=
8yESVgCP+COIN/DvSd7JDt5zd9pi707JhqSFkuSo1OZM1LJ6vnZ9UNL0pNAHQQVJ95wvhFYwSFoHKbtszg0YVG7dr/9/bTiTRD1QWn/4S58WYcu/M1yDufdnpO70IJjRtZknkRuPtOIIKvi8D56YT1jQFjPtWf+MbNWrZoac7NaFWMIqF7UOE4DASHaX82fhwwL4lhadONGv5sFi3ZYfBL4WRGH8eWL3h7T12vvOiG1NppkcwLGhcdcno221w3eNdwhrJ+ajuQ==
NW/R5VpUw0Pl2pti7KU7W/ede+b87MAE6wMGusx17yRDVnNDg2VC0RlxdrKuZa4QlFMddxn1d0bIhB9L742QyURxvKmpEckc6NhWOGM4cHLXoyJRlmTU02hFeO7GLvWYHOnkqsTU5as97ricQ1URr/j7NHf/P6WuMclsmF82Gys8oSh7nywNkOsWb/9U+WanvirmC9ER9BEZsMlEyk3JxNRzNK84vCwVsHr15QXRLPcUUusU3yqGX1wr7eN3LloOcMhevIpnwjNbMdnpAba46hiedlszRELedl1h2nc2ewyfAKt0ow68/H3Lo5I=
+4VHig/DLeHXyxJqNSPa6/ede+b87MAE6wMGusx17yRDVnNDg2VC0RlxdrKuZa4QlFMddxn1d0bPhh9L742QyURxvampEckc6NhWOGM4cHLXoyJRlmTU02hFeO7GLvWYHOnkqsTU5as97ricQ1URr/j7NHf/P6WuMclsmF82Gys8oSh7nywNkOsWb/9U+WanvirmC9ER9BEZsMlEyk3JxNRzNK84vCwVsHr15QXRLPcUUusU3yqGX1wr7eN3LloOcMhevIpnwjNbMdnpAba46hiedlszRELedl1h2nc2ewyfAKt0ow68/H3Lo5I=
rzad2NKAgE5ftjAU/pUbUfede+b87MAE6wMGusx17yRDVnNDg2VC0RlxdrKuZa4QlFMddxn1d0bIhB9L742QyURxsqmpEckc6NhWOGM4cHLXoyJRlmTU02hFeO7GLvWYHOnkqsTU5as97ricQ1URr/j7NHf/P6WuMclsmF82Gys8oSh7nywNkOsWb/9U+WanvirmC9ER9BEZsMlEyk3JxNRzNK84vCwVsHr15QXRLPcUUusU3yqGX1wr7eN3LloOcMhevIpnwjNbMdnpAba46hiedlszRELedl1h2nc2ewyfAKt0ow68/H3Lo5I=
sReLh9p/+qEMMJIoXGF3KPede+b87MAE6wMGusx17yRDVnNDg2VC0RlxdrKuZa4QlFMddxn1d0bPhh9L742QyURxs6mpEckc6NhWOGM4cHLXoyJRlmTU02hFeO7GLvWYHOnkqsTU5as97ricQ1URr/j7NHf/P6WuMclsmF82Gys8oSh7nywNkOsWb/9U+WanvirmC9ER9BEZsMlEyk3JxNRzNK84vCwVsHr15QXRLPcUUusU3yqGX1wr7eN3LloOcMhevIpnwjNbMdnpAba46hiedlszRELedl1h2nc2ewyfAKt0ow68/H3Lo5I=
BSO94+Hvw92L8JJJBjH3TPede+b87MAE6wMGusx17yRDVnNDg2VC0RlxdrKuZa4QlFMddxn1d0bIhB9L742QyURxsKmpEckc6NhWOGM4cHLXoyJRlmTU02hFeO7GLvWYHOnkqsTU5as97ricQ1URr/j7NHf/P6WuMclsmF82Gys8oSh7nywNkOsWb/9U+WanvirmC9ER9BEZsMlEyk3JxNRzNK84vCwVsHr15QXRLPcUUusU3yqGX1wr7eN3LloOcMhevIpnwjNbMdnpAba46hiedlszRELedl1h2nc2ewyfAKt0ow68/H3Lo5I=
n8wZ1wLKga6l+vBokvqSe/ede+b87MAE6wMGusx17yRDVnNDg2VC0RlxdrKuZa4QlFMddxn1d0bPhh9L742QyURxsampEckc6NhWOGM4cHLXoyJRlmTU02hFeO7GLvWYHOnkqsTU5as97ricQ1URr/j7NHf/P6WuMclsmF82Gys8oSh7nywNkOsWb/9U+WanvirmC9ER9BEZsMlEyk3JxNRzNK84vCwVsHr15QXRLPcUUusU3yqGX1wr7eN3LloOcMhevIpnwjNbMdnpAba46hiedlszRELedl1h2nc2ewyfAKt0ow68/H3Lo5I=
wo17k4UUxekQn8r4V9hnYPede+b87MAE6wMGusx17yRDVnNDg2VC0RlxdrKuZa4QlFMddxn1d0bIhB9L742QyURxtqmpEckc6NhWOGM4cHLXoyJRlmTU02hFeO7GLvWYHOnkqsTU5as97ricQ1URr/j7NHf/P6WuMclsmF82Gys8oSh7nywNkOsWb/9U+WanvirmC9ER9BEZsMlEyk3JxNRzNK84vCwVsHr15QXRLPcUUusU3yqGX1wr7eN3LloOcMhevIpnwjNbMdnpAba46hiedlszRELedl1h2nc2ewyfAKt0ow68/H3Lo5I=
5/LfjucOk36/52Xo05+kIfede+b87MAE6wMGusx17yRDVnNDg2VC0RlxdrKuZa4QlFMddxn1d0bPhh9L742QyURxt6mpEckc6NhWOGM4cHLXoyJRlmTU02hFeO7GLvWYHOnkqsTU5as97ricQ1URr/j7NHf/P6WuMclsmF82Gys8oSh7nywNkOsWb/9U+WanvirmC9ER9BEZsMlEyk3JxNRzNK84vCwVsHr15QXRLPcUUusU3yqGX1wr7eN3LloOcMhevIpnwjNbMdnpAba46hiedlszRELedl1h2nc2ewyfAKt0ow68/H3Lo5I=
cTf7RAXoOiumdzv3uH1kwfede+b87MAE6wMGusx17yRDVnNDg2VC0RlxdrKuZa4QlFMddxn1d0bIhB9L742QyURxtKmpEckc6NhWOGM4cHLXoyJRlmTU02hFeO7GLvWYHOnkqsTU5as97ricQ1URr/j7NHf/P6WuMclsmF82Gys8oSh7nywNkOsWb/9U+WanvirmC9ER9BEZsMlEyk3JxNRzNK84vCwVsHr15QXRLPcUUusU3yqGX1wr7eN3LloOcMhevIpnwjNbMdnpAba46hiedlszRELedl1h2nc2ewyfAKt0ow68/H3Lo5I=
gjYiwa7RErq8gDfjUINxIvede+b87MAE6wMGusx17yRDVnNDg2VC0RlxdrKuZa4QlFMddxn1d0bPhh9L742QyURxtampEckc6NhWOGM4cHLXoyJRlmTU02hFeO7GLvWYHOnkqsTU5as97ricQ1URr/j7NHf/P6WuMclsmF82Gys8oSh7nywNkOsWb/9U+WanvirmC9ER9BEZsMlEyk3JxNRzNK84vCwVsHr15QXRLPcUUusU3yqGX1wr7eN3LloOcMhevIpnwjNbMdnpAba46hiedlszRELedl1h2nc2ewyfAKt0ow68/H3Lo5I=
z8+3untgx6iaYzVqJIIxqfede+b87MAE6wMGusx17yRDVnNDg2VC0RlxdrKuZa4QlFMddxn1d0bIhB9L742QyURxvKipEckc6NhWOGM4cHLXoyJRlmTU02hFeO7GLvWYHOnkqsTU5as97ricQ1URr/j7NHf/P6WuMclsmF82Gys8oSh7nywNkOsWb/9U+WanvirmC9ER9BEZsMlEyk3JxNRzNK84vCwVsHr15QXRLPcUUusU3yqGX1wr7eN3LloOcMhevIpnwjNbMdnpAba46hiedlszRELedl1h2nc2ewyfAKt0ow68/H3Lo5I=
SNKT2PyBMArRnNnb1AD4Afede+b87MAE6wMGusx17yRDVnNDg2VC0RlxdrKuZa4QlFMddxn1d0bPhh9L742QyURxvaipEckc6NhWOGM4cHLXoyJRlmTU02hFeO7GLvWYHOnkqsTU5as97ricQ1URr/j7NHf/P6WuMclsmF82Gys8oSh7nywNkOsWb/9U+WanvirmC9ER9BEZsMlEyk3JxNRzNK84vCwVsHr15QXRLPcUUusU3yqGX1wr7eN3LloOcMhevIpnwjNbMdnpAba46hiedlszRELedl1h2nc2ewyfAKt0ow68/H3Lo5I=
hQN2veRSysDVdl5OMJOiY/ede+b87MAE6wMGusx17yRDVnNDg2VC0RlxdrKuZa4QlFMddxn1d0bIhB9L742QyURxsqipEckc6NhWOGM4cHLXoyJRlmTU02hFeO7GLvWYHOnkqsTU5as97ricQ1URr/j7NHf/P6WuMclsmF82Gys8oSh7nywNkOsWb/9U+WanvirmC9ER9BEZsMlEyk3JxNRzNK84vCwVsHr15QXRLPcUUusU3yqGX1wr7eN3LloOcMhevIpnwjNbMdnpAba46hiedlszRELedl1h2nc2ewyfAKt0ow68/H3Lo5I=
qT+WxkEJfR7+I/e5AVnnIPede+b87MAE6wMGusx17yRDVnNDg2VC0RlxdrKuZa4QlFMddxn1d0bPhh9L742QyURxs6ipEckc6NhWOGM4cHLXoyJRlmTU02hFeO7GLvWYHOnkqsTU5as97ricQ1URr/j7NHf/P6WuMclsmF82Gys8oSh7nywNkOsWb/9U+WanvirmC9ER9BEZsMlEyk3JxNRzNK84vCwVsHr15QXRLPcUUusU3yqGX1wr7eN3LloOcMhevIpnwjNbMdnpAba46hiedlszRELedl1h2nc2ewyfAKt0ow68/H3Lo5I=
BBiR+GiGw8V3h0PVdenAgfede+b87MAE6wMGusx17yRDVnNDg2VC0RlxdrKuZa4QlFMddxn1d0bIhB9L742QyURxsKipEckc6NhWOGM4cHLXoyJRlmTU02hFeO7GLvWYHOnkqsTU5as97ricQ1URr/j7NHf/P6WuMclsmF82Gys8oSh7nywNkOsWb/9U+WanvirmC9ER9BEZsMlEyk3JxNRzNK84vCwVsHr15QXRLPcUUusU3yqGX1wr7eN3LloOcMhevIpnwjNbMdnpAba46hiedlszRELedl1h2nc2ewyfAKt0ow68/H3Lo5I=
9JRCYVFi/TLOOzqKxBKHYPede+b87MAE6wMGusx17yRDVnNDg2VC0RlxdrKuZa4QlFMddxn1d0bPhh9L742QyURxsaipEckc6NhWOGM4cHLXoyJRlmTU02hFeO7GLvWYHOnkqsTU5as97ricQ1URr/j7NHf/P6WuMclsmF82Gys8oSh7nywNkOsWb/9U+WanvirmC9ER9BEZsMlEyk3JxNRzNK84vCwVsHr15QXRLPcUUusU3yqGX1wr7eN3LloOcMhevIpnwjNbMdnpAba46hiedlszRELedl1h2nc2ewyfAKt0ow68/H3Lo5I=
iRIWsdnYRhn5/mHBw5KJcvede+b87MAE6wMGusx17yRDVnNDg2VC0RlxdrKuZa4QlFMddxn1d0bIhB9L742QyURxtqipEckc6NhWOGM4cHLXoyJRlmTU02hFeO7GLvWYHOnkqsTU5as97ricQ1URr/j7NHf/P6WuMclsmF82Gys8oSh7nywNkOsWb/9U+WanvirmC9ER9BEZsMlEyk3JxNRzNK84vCwVsHr15QXRLPcUUusU3yqGX1wr7eN3LloOcMhevIpnwjNbMdnpAba46hiedlszRELedl1h2nc2ewyfAKt0ow68/H3Lo5I=
t4u+Mh3REd1Q4APYl0BpN/ede+b87MAE6wMGusx17yRDVnNDg2VC0RlxdrKuZa4QlFMddxn1d0bPhh9L742QyURxt6ipEckc6NhWOGM4cHLXoyJRlmTU02hFeO7GLvWYHOnkqsTU5as97ricQ1URr/j7NHf/P6WuMclsmF82Gys8oSh7nywNkOsWb/9U+WanvirmC9ER9BEZsMlEyk3JxNRzNK84vCwVsHr15QXRLPcUUusU3yqGX1wr7eN3LloOcMhevIpnwjNbMdnpAba46hiedlszRELedl1h2nc2ewyfAKt0ow68/H3Lo5I=
KPqjPmP8m6O5vlGCCjyXe/ede+b87MAE6wMGusx17yRDVnNDg2VC0RlxdrKuZa4QlFMddxn1d0bIhB9L742QyURxtKipEckc6NhWOGM4cHLXoyJRlmTU02hFeO7GLvWYHOnkqsTU5as97ricQ1URr/j7NHf/P6WuMclsmF82Gys8oSh7nywNkOsWb/9U+WanvirmC9ER9BEZsMlEyk3JxNRzNK84vCwVsHr15QXRLPcUUusU3yqGX1wr7eN3LloOcMhevIpnwjNbMdnpAba46hiedlszRELedl1h2nc2ewyfAKt0ow68/H3Lo5I=
fph2fFz/DUeQXFXD95oHAPede+b87MAE6wMGusx17yRDVnNDg2VC0RlxdrKuZa4QlFMddxn1d0bPhh9L742QyURxtaipEckc6NhWOGM4cHLXoyJRlmTU02hFeO7GLvWYHOnkqsTU5as97ricQ1URr/j7NHf/P6WuMclsmF82Gys8oSh7nywNkOsWb/9U+WanvirmC9ER9BEZsMlEyk3JxNRzNK84vCwVsHr15QXRLPcUUusU3yqGX1wr7eN3LloOcMhevIpnwjNbMdnpAba46hiedlszRELedl1h2nc2ewyfAKt0ow68/H3Lo5I=
ofeyk4/C2GNE09qkE6ez7iGMYcbuM2aFkJw13G5WUo9FcfmNoTHZah0VTGCWTQnKwn4B5I/i3ZS6Qh34bnhvRirpBoVKdTt8d5Zwpz1QzO0gVrnJEVWXvFG7NIR2dLhyF0IjY4sRjdNskwfYABE4wt4qBUTUXUQmvLC1lxX6uHCbkaEzcI5ANNkbtVvYHaw0x7Jrd3SVCHdnyN0sQ4Lvkwy9Vru23gbHabVkbXHkiWjSSTkYHMeUI0DYfCmYbvUJ3RWca5wmi1jnDpajtP8tT++qKlI4/H6wcoMSj/OlWYVZ8oj2EGqWl4vg0qIeCSH2bzKL0Fe0C/jbauzAVd+jfg==
0dH8f9iJ9hD85yzz9WYd2Pede+b87MAE6wMGusx17yRDVnNDg2VC0RlxdrKuZa4QlFMddxn1d0bPhh9L742QyURxvKepEckc6NhWOGM4cHLXoyJRlmTU02hFeO7GLvWYHOnkqsTU5as97ricQ1URr/j7NHf/P6WuMclsmF82Gys8oSh7nywNkOsWb/9U+WanvirmC9ER9BEZsMlEyk3JxNRzNK84vCwVsHr15QXRLPcUUusU3yqGX1wr7eN3LloOcMhevIpnwjNbMdnpAba46hiedlszRELedl1h2nc2ewyfAKt0ow68/H3Lo5I=
o4mgvB+aloR8vNdvqe9KKd4DnFxMPp0yvd9yNjrAdnC6xjDwA0F5aitljTXbPXl8fkOoTyzss+vA0hnxjhNSw7QAN/CdoOMNdb9Zgi80b+IIeUshdo3mZQqmKKtFjm5Io4xpMWHCWrzPZnsJOot1OAH5wuUGVplIzTPAeeZ2gjy1tdE/MkKyEH6dIwHh/S1PAo7OMu7w6S7eY06IsL9bOclAyk19SoCsClrTgMRGoTW4f4YYHvpxw2HNFZpeWiD9jl0JvtdOmyb5SKgOgg1KuVSbQSxjlh3+zsHb/r8Q9tEXvfE/dcEzc5GBIdDtS9Cjjw==
RLR5VbbhT8EAbS1SrsQWzSGMYcbuM2aFkJw13G5WUo9FcfmNoTHZah0VTGCWTQnKwn4B5I/i3ZS6Qh34bnhvRirpBoVKdTt8d5Zwpz1Wz+UnUb3NHVWXvFG7NIR2dLhyF0IjY4sRjdNskwfYABE4wt4qBUTUXUQmvLC1lxX6uHCbkaEzcI5ANNkbtVvYHaw0x7Jrd3SVCHdnyN0sQ4Lvkwy9Vru23gbHabVkbXHkiWjSSTkYHMeUI0DYfCmYbvUJ3RWca5wmi1jnDpajtP8tT++qKlI4/H6wcoMSj/OlWYVZ8oj2EGqWl4vg0qIeCSH2bzKL0Fe0C/jbauzAVd+jfg==
o4mgvB+aloR8vNdvqe9KKd4DnFxMPp0yvd9yNjrAdnC6xjDwA0F5aitljTXbPXl8fkOoTyzss+vA0hnxjhNSw7QAN/CdoOMNdb9Zgi80b+IIeUshdo3mZQqmKKtFjm5Io4xpMWHCWrzPZnsJOot1OAH5wuUGVplIzTPAeeZ2gjy1tdE/MkKyEH6dIwHh/S1PAo7OMu7w6S7eY06IsL9bOclAyk19SoCsClrTgMRGoTW4f4YYHvpxw2HNFZpeWiD9jl0JvtdOmyb5SKgOgg1KuVSbQSxjlh3+zsHb/r8Q9tEXvfE/dcEzc5GBIdDtS9Cjjw==
bYt3TxAcFAJJCAfnKyogf2fPLwiXzGJ7asw2maiyVZm0eA976Fm93ombt0SAkR9TtdwoXzdGX2aFzSHzsqj80FyiNfDOhs3KLscSkPt/SoX4EGq/9Twb9x6QJ9TVGO2J37/4EYgVRPoGk0uSgKhNUKeJz17UzKE6NTEUl3s4D+Xs3UgK9zhDr27BKKps3Fup3wccHvxgEAGtuU8h44/MUuAK4OyHXpA/4DA+I7XZJ5wEdVNWjtxkBp04atovtTbjKKBQph+zb9E7opCGzh1gwYcGeRLVVpdUpjas0YR5mkfvlO0Kc46AnfXGsQwYMflhP4fbXb0D/91v6MNX3qOB
o4mgvB+aloR8vNdvqe9KKd4DnFxMPp0yvd9yNjrAdnC6xjDwA0F5aitljTXbPXl8fkOoTyzss+vA0hnxjhNSw7QAN/CdoOMNdb9Zgi80b+IIeUshdo3mZQqmKKtFjm5Io4xpMWHCWrzPZnsJOot1OAH5wuUGVplIzTPAeeZ2gjy1tdE/MkKyEH6dIwHh/S1PAo7OMu7w6S7eY06IsL9bOclAyk19SoCsClrTgMRGoTW4f4YYHvpxw2HNFZpeWiD9jl0JvtdOmyb5SKgOgg1KuVSbQSxjlh3+zsHb/r8Q9tEXvfE/dcEzc5GBIdDtS9Cjjw==
s2G6mL+2cj9TeKVUZ0WQFyGMYcbuM2aFkJw13G5WUo9FcfmNoTHZah0VTGCWTQnKwn4B5I/i3ZS6Qh34bnhvRirpBoVKdTt8d5Zwpz1XyuwlVb/LHFKUvFG7NIR2dLhyF0IjY4sRjdNskwfYABE4wt4qBUTUXUQmvLC1lxX6uHCbkaEzcI5ANNkbtVvYHaw0x7Jrd3SVCHdnyN0sQ4Lvkwy9Vru23gbHabVkbXHkiWjSSTkYHMeUI0DYfCmYbvUJ3RWca5wmi1jnDpajtP8tT++qKlI4/H6wcoMSj/OlWYVZ8oj2EGqWl4vg0qIeCSH2bzKL0Fe0C/jbauzAVd+jfg==
o4mgvB+aloR8vNdvqe9KKd4DnFxMPp0yvd9yNjrAdnC6xjDwA0F5aitljTXbPXl8fkOoTyzss+vA0hnxjhNSw7QAN/CdoOMNdb9Zgi80b+IIeUshdo3mZQqmKKtFjm5Io4xpMWHCWrzPZnsJOot1OAH5wuUGVplIzTPAeeZ2gjy1tdE/MkKyEH6dIwHh/S1PAo7OMu7w6S7eY06IsL9bOclAyk19SoCsClrTgMRGoTW4f4YYHvpxw2HNFZpeWiD9jl0JvtdOmyb5SKgOgg1KuVSbQSxjlh3+zsHb/r8Q9tEXvfE/dcEzc5GBIdDtS9Cjjw==
lKlwd9vPxwKoNIkF1rRJCiGMYcbuM2aFkJw13G5WUo9FcfmNoTHZah0VTGCWTQnKwn4B5I/i3ZS6Qh34bnhvRirpBoVKdTt8d5Zwpz1XyewiX7zLF1aUvFG7NIR2dLhyF0IjY4sRjdNskwfYABE4wt4qBUTUXUQmvLC1lxX6uHCbkaEzcI5ANNkbtVvYHaw0x7Jrd3SVCHdnyN0sQ4Lvkwy9Vru23gbHabVkbXHkiWjSSTkYHMeUI0DYfCmYbvUJ3RWca5wmi1jnDpajtP8tT++qKlI4/H6wcoMSj/OlWYVZ8oj2EGqWl4vg0qIeCSH2bzKL0Fe0C/jbauzAVd+jfg==
o4mgvB+aloR8vNdvqe9KKd4DnFxMPp0yvd9yNjrAdnC6xjDwA0F5aitljTXbPXl8fkOoTyzss+vA0hnxjhNSw7QAN/CdoOMNdb9Zgi80b+IIeUshdo3mZQqmKKtFjm5Io4xpMWHCWrzPZnsJOot1OAH5wuUGVplIzTPAeeZ2gjy1tdE/MkKyEH6dIwHh/S1PAo7OMu7w6S7eY06IsL9bOclAyk19SoCsClrTgMRGoTW4f4YYHvpxw2HNFZpeWiD9jl0JvtdOmyb5SKgOgg1KuVSbQSxjlh3+zsHb/r8Q9tEXvfE/dcEzc5GBIdDtS9Cjjw==
uz9bg9j/Hz6cnpHttCmtnyGMYcbuM2aFkJw13G5WUo9FcfmNoTHZah0VTGCWTQnKwn4B5I/i3ZS6Qh34bnhvRirpBoVKdTt8d5Zwpz1Wxu8gVbDMEFWXvFG7NIR2dLhyF0IjY4sRjdNskwfYABE4wt4qBUTUXUQmvLC1lxX6uHCbkaEzcI5ANNkbtVvYHaw0x7Jrd3SVCHdnyN0sQ4Lvkwy9Vru23gbHabVkbXHkiWjSSTkYHMeUI0DYfCmYbvUJ3RWca5wmi1jnDpajtP8tT++qKlI4/H6wcoMSj/OlWYVZ8oj2EGqWl4vg0qIeCSH2bzKL0Fe0C/jbauzAVd+jfg==
o4mgvB+aloR8vNdvqe9KKd4DnFxMPp0yvd9yNjrAdnC6xjDwA0F5aitljTXbPXl8fkOoTyzss+vA0hnxjhNSw7QAN/CdoOMNdb9Zgi80b+IIeUshdo3mZQqmKKtFjm5Io4xpMWHCWrzPZnsJOot1OAH5wuUGVplIzTPAeeZ2gjy1tdE/MkKyEH6dIwHh/S1PAo7OMu7w6S7eY06IsL9bOclAyk19SoCsClrTgMRGoTW4f4YYHvpxw2HNFZpeWiD9jl0JvtdOmyb5SKgOgg1KuVSbQSxjlh3+zsHb/r8Q9tEXvfE/dcEzc5GBIdDtS9Cjjw==
FDkoPdzcx+bCz4flUjvesiGMYcbuM2aFkJw13G5WUo9FcfmNoTHZah0VTGCWTQnKwn4B5I/i3ZS6Qh34bnhvRirpBoVKdTt8d5Zwpz1XyOwrUr7BEVWUvFG7NIR2dLhyF0IjY4sRjdNskwfYABE4wt4qBUTUXUQmvLC1lxX6uHCbkaEzcI5ANNkbtVvYHaw0x7Jrd3SVCHdnyN0sQ4Lvkwy9Vru23gbHabVkbXHkiWjSSTkYHMeUI0DYfCmYbvUJ3RWca5wmi1jnDpajtP8tT++qKlI4/H6wcoMSj/OlWYVZ8oj2EGqWl4vg0qIeCSH2bzKL0Fe0C/jbauzAVd+jfg==
o4mgvB+aloR8vNdvqe9KKd4DnFxMPp0yvd9yNjrAdnC6xjDwA0F5aitljTXbPXl8fkOoTyzss+vA0hnxjhNSw7QAN/CdoOMNdb9Zgi80b+IIeUshdo3mZQqmKKtFjm5Io4xpMWHCWrzPZnsJOot1OAH5wuUGVplIzTPAeeZ2gjy1tdE/MkKyEH6dIwHh/S1PAo7OMu7w6S7eY06IsL9bOclAyk19SoCsClrTgMRGoTW4f4YYHvpxw2HNFZpeWiD9jl0JvtdOmyb5SKgOgg1KuVSbQSxjlh3+zsHb/r8Q9tEXvfE/dcEzc5GBIdDtS9Cjjw==
7P7+kE3uyr0hT8SYGca9MGfPLwiXzGJ7asw2maiyVZm0eA976Fm93ombt0SAkR9TtdwoXzdGX2aFzSHzsqj80FyiNfDOhs3KLscSkPt7QYv5HWC69Dsb9x6QJ9TVGO2J37/4EYgVRPoGk0uSgKhNUKeJz17UzKE6NTEUl3s4D+Xs3UgK9zhDr27BKKps3Fup3wccHvxgEAGtuU8h44/MUuAK4OyHXpA/4DA+I7XZJ5wEdVNWjtxkBp04atovtTbjKKBQph+zb9E7opCGzh1gwYcGeRLVVpdUpjas0YR5mkfvlO0Kc46AnfXGsQwYMflhP4fbXb0D/91v6MNX3qOB
o4mgvB+aloR8vNdvqe9KKd4DnFxMPp0yvd9yNjrAdnC6xjDwA0F5aitljTXbPXl8fkOoTyzss+vA0hnxjhNSw7QAN/CdoOMNdb9Zgi80b+IIeUshdo3mZQqmKKtFjm5Io4xpMWHCWrzPZnsJOot1OAH5wuUGVplIzTPAeeZ2gjy1tdE/MkKyEH6dIwHh/S1PAo7OMu7w6S7eY06IsL9bOclAyk19SoCsClrTgMRGoTW4f4YYHvpxw2HNFZpeWiD9jl0JvtdOmyb5SKgOgg1KuVSbQSxjlh3+zsHb/r8Q9tEXvfE/dcEzc5GBIdDtS9Cjjw==
R/FPYbztaJ3iA0MfU14erGfPLwiXzGJ7asw2maiyVZm0eA976Fm93ombt0SAkR9TtdwoXzdGX2aFzSHzsqj80FyiNfDOhs3KLscSkPt8S4r4FWG3+j4b9x6QJ9TVGO2J37/4EYgVRPoGk0uSgKhNUKeJz17UzKE6NTEUl3s4D+Xs3UgK9zhDr27BKKps3Fup3wccHvxgEAGtuU8h44/MUuAK4OyHXpA/4DA+I7XZJ5wEdVNWjtxkBp04atovtTbjKKBQph+zb9E7opCGzh1gwYcGeRLVVpdUpjas0YR5mkfvlO0Kc46AnfXGsQwYMflhP4fbXb0D/91v6MNX3qOB
o4mgvB+aloR8vNdvqe9KKd4DnFxMPp0yvd9yNjrAdnC6xjDwA0F5aitljTXbPXl8fkOoTyzss+vA0hnxjhNSw7QAN/CdoOMNdb9Zgi80b+IIeUshdo3mZQqmKKtFjm5Io4xpMWHCWrzPZnsJOot1OAH5wuUGVplIzTPAeeZ2gjy1tdE/MkKyEH6dIwHh/S1PAo7OMu7w6S7eY06IsL9bOclAyk19SoCsClrTgMRGoTW4f4YYHvpxw2HNFZpeWiD9jl0JvtdOmyb5SKgOgg1KuVSbQSxjlh3+zsHb/r8Q9tEXvfE/dcEzc5GBIdDtS9Cjjw==
VZn5jVkmVE7oyWFXyF7Qa+cyidaljCyl158Q5WqymkVi1f12fQ20/dg6E2QJyThCq25Mlw/63Rh4iaZaZ/fZJl0LW9PDW47LZ3qRc8J5gvuDIBCv5QX8wkMIoUV5Az7vrhcL4ZoBSwZD24/yJJLvBYhh+A2mOf3uh5zRFAdBTSwcg+BXhVdRwu5QiFzUpY2pCk3JiP3s6JnTrbw4n3Wdr4/OsnF7BolcS6vGZgMvc0bYbCXNeBKzdkZd4VS4G+3sudqyZTHB0I1npmqhuXj14livDZ3cU0cqrnifQ8OX1bEDYyxx7pkAfOJC9a2lhIfzhP7wa7J5zQgpDdz6qlkOI6R6fLJrmWcUGq1sjFKNQ1crbWw7qG1sggpMkPnK0aVYBBx3EduX+FYgQKwJyUkL+c8P4AokegTkO37M94SgOpuZmcvkgGX3ntI8GI65iK6Cw7Xau+wQdC5jUzMZn7IU/iJdTHmDlh3aiXYrXEJGaImo+bafq2SJAs+uXNURVrW0NPGVmbuXfxVhYwNVS1iHj7Kj7Q==
AaJf1giZiSX/+tinLNo3KsvM6Du3WBEDCobSHDD2BMrf8KqqAh84NVEpaw0zcTTWfLB5nBp3LxTEmwdRgddCcdCKdK0hRbPof2/tSALMQTGlu7XE4NVlXlGNdJzgDOcar5cROYd+exGFyoDMQzJgty52ay+BHaf9Taw4eFScVkSNhPIr87VtbrNwpIFola7nufSnDU3Mgob42W/MhdFavJl0kdieh6uwwsgaBHM7tFBTKug/zICn46Yi4PnVbNY7l2Ryzmonn5plsSvIXrcTyiRMLJ/vSNfnh7Yc8RCyYSC7/M8Uc9lr5Z0Beu1ayL+2uJ4do56VQWmNHF5WRRE4aRVHfROKqQgA/cby9RXx/uERutms7emxU/nd9JXkfRtpvczm08zCS5DTOZDvGNFbGrXS16gvxeA/ThXyBHbB9YesM4Vuqd6eq0EWuP1ERbxKVJfMhHUfcVdEBZi8u567/B69ALXNOeMIEpxcBu6WztH68ecPGVM18BDY1DBmEZdSmnxqA4HAo1BzXnMOWx6neET+gbWj6A==
7Dmg9i7UQYxT/kgYcHxXB5C8RlGWCor88aJ64jlB1J23KTOod1PeMeqmsXOmNUpAlsNlvS1xTCNc3kdfb/7aap7zAOGi4hQpMjBS7Z2A7kljtMG/uxK9Jyp8B5UUb72qi3fQkcCPOaCq26ft7sZZ2Hvh64vcW9Q38dX4SZmi2UtVNnb67fGyIUL5JFGvKl2MyzDVCS+Y5iOaY2dfQ+Y0gBLYRk3P3TBN8/y/BHodSX1mHI19f5v1bkjFGU5beFG7HKJRR/GyYiwfOXp64bKczXvwalOP2EP6yNHTSUIpvXZwpauQt5biL7fpnrtVLrSoRedRHzcFeUPWRYzR0th40i9p9+yFB76+Sp8wEZ/M8x3G3ngRbJde2gaGiZF1MMB99gjAZQEjEW1WT+qF/gaQnErd2NlHbH68jaW53ypyOlB2zZshiQ11T9r+JhJWIOHuVlNW6FivY7mxUGLtZToI7AKKq2Ds9nk1YM+u+GYqeYPpvQ069kpYfbZN4d7PfhPm8ZgQLmp9krkMaykM28YVvkbxwx7XAM5R761Zn20xu7OZ0dmwxfuIo9c=
FxxVWDFnP/TpoV97ttvvK7wgN/6gRZRuZ2dbkSi1rQsUWKPhYKTdBP4hdzH8IKf+hB008S2Z1ouap0DEvLUUI4IEFr/FDUF93pRQ/V/iKjcxyGqsC2xADPd5yvLJW5X04nA5jVWHzfjg6R1ioTEMIACwnyZfq2kFR8IDrXV2+PCjDhiL3soTkwGh30G9kEBEtKAu+H04ipcziRVSQ0zcPYgp1ltJyN8xTfD6ughlF3BlbSKAaUjp5F470wwydGI4kwfMbKOWkINMPN9fVh6YxTVQrodn2ApyqhvnppWNU3S+C2t21HBUo+90r9t3CmRN8A4ZHEvAtyizZRNZbb0C0br0x4pIImUfHik51X0gJmqlLUDV5fsFr0qVcDwN+opJ9U2GXeGGoZDt1clvCWGMKQTBY1VN8J7vDH4zLCOF6NP47SMmRW6vFK95mIO+KYo4lv2NO1yP/dJp4uaXsSrAQaT5xPakq7S4dSMJa7S54ABbIsPA7oF4iQ2Fm7TiICQ6Dqq27QpNn7OZ701M4OSsDIYt7+5qwBK/QfzbbINiC7K7ot/EtML5iaPU
FxxVWDFnP/TpoV97ttvvK7wgN/6gRZRuZ2dbkSi1rQsUWKPhYKTdBP4hdzH8IKf+hB008S2Z1ouap0DEvLUUI4IEFr/FDUF93pRQ/V/iKjcxyGqsC2xADPd5yvLJW5X04nA5jVWHzfjg6R1ioTEMIACwnyZfq2kFR8IDrXV2+PCjDhiL3soTkwGh30G9kEBEtKAu+H04ipcziRVSQ0zcPYgp1ltJyN8xTfD6ughlF3BlbSKAaUjp5F470wwydGI4kwfMbKOWkINMPN9fVh6YxTVQrodn2ApyqhvnppWNU3S+C2t21HBUo+90r9t3CmRN8A4ZHEvAtyizZRNZbb0C0br0x4pIImUfHik51X0gJmqlLUDV5fsFr0qVcDwN+opJ9U2GXeGGoZDt1clvCWGMKQTBY1VN8J7vDH4zLCOF6NP47SMmRW6vFK95mIO+KYo4lv2NO1yP/dJp4uaXsSrAQaT5xPakq7S4dSMJa7S54ABbIsPA7oF4iQ2Fm7TiICQ6Dqq27QpNn7OZ701M4OSsDIYt7+5qwBK/QfzbbINiC7K7ot/EtML5iaPU
IT4cwRHdVuuIDT7cOsE9860o5HUwfrr9t7Xh1bhjtn1jfoJSzzWJQdAOVx8IADZEqfFpFk0TcWpE7cklMKffl5EtFQTdqqlazva53hwRBl28j9UKix/WCMZDDSUhTmBjifwJw7Bm0Gr7CKepZRNnqDdTPSQkVtO0nAVGKL/lwWuLH1WiPEKkugoWRXpGQVMj4ezL3kBbONOSFZHqswdN+u6kIBcrtjU3xi4RymVy/tFncvqmPh5jPchiu/S8dQx2C4E+rGRDpcoK6d8aRiRKMZOYnZ9Pko5xr7iM0rgVb/47Rd/42Asg1H0ys8K7PpMPJ6cl7953yk5DBNDAyWne422LlRJabLU3ZDvducl5Kj+EgoVoFi9Ft8ITOaTNpu3f3XEhE7DvVJuH+zVyEnmslIdS61e09QjXJyhdDIPi7zNMXdabdr4GZylV5E2xhInIkqm5ONynlIMAOPwJWA71qZ31HEtcRov4p+4Wg3SfLe+vSqpy+Jx+EDJjkq8zxVklGRII1tAKljfLAFKC3mkhVi/SC/CX1AtYm4ps4JW/o94=
qRCLmfFmaohF+I7EtOkCqLxvcTwbbTMJJZBETd672F4JI7Z6aLjZ5UaSKR5ambdOQztgkQNVTU/ZGSfT5bnNAPEjZKM7
/buxHULLFNedlQzpsTa6YdGm2ZWQpV2KzkhFrrV5nNeMyQt2W+Ey5EaF33YKuEGVwdQLlGP6Oxr7yq/cFPopYaM8
P8jIhW/ikFoccs36CV9D4lfdnnpul4RU+OeacarC4VOETvYLU/SCLtUPYYrXxru8/1ArpEO+/IzdG6NC
0pTp7Wy4nzo6jF+QGnQF6Kr2Cve4nUup3QF9VxNGBT52kbNeZ+M8UV+NKd9dkUsziXGJ8JXbGKNH
l6eFqmkjhmZRtAInDt3CvkUPYaPd1bDIaeVfZEKL2gt9DMN9WDq54gOpfqZ7zghtzaYZEkSxIXFXJyNtNcP3jfcI6ydmozk=
pFdW3/js9Ac82m2OQxLLRcOI+gME13hwdoRubNi8LGHmCRkndy7mGgwOe2c/8SMh64q2r1HycCnk0TQuBNPkkHULWRMUYRAoG0pzGA65KOGNbUuMgniU0s6CxrWqtU+bmcedtEC83CRGxV+2CvjMU8GUi1Rjurva+4ovHBS6qaGj/A==
u3p5+8C+VbQf0XciM77thskDm2ZLk2oW/q4rCj+FuJ/EQkkVF478n89/h/WqvEstLYD4GyBPT+TBSYJ6Y1aBQczigd4yib9uu2beEXuFdS/RCQ8TjQlFYCkTfKMj
h8q2A8w0qNW7jkZA2PEicBzaCKY+1/g90bx0KqmKvQEyF07W24WFGhY3pdtlVcgYoYVHVCpLcpuFrIuNQDqhkssJBjbTjuBd1UZRQrwxmaEfBzsdHQOfHU9oIxd+oyE=
NnrJTVhI0WXOSNMd94DhQzXpJ4MP5dkn5rx0KqmKvQEyF07W24WFGhY3pdtlVcgYoYVHVCpLcpuFrIuNQDqhkssJBjbTjuBd1UZRQrwxmaEfBzsdHQOfHU9oIxd+oyE=
GTCCdvKzHSdIYCw/A/DSvPPGpB74sXgirYq5CT4HUs6/pWEiagdpkyGVDFDtdfssjqvWAxk8BwXEuiUaR5marnfuRKVpNp2K+HFdaVM3xyV5I3sFU3gvH3qjJQ==
z1Yxvy1TY3hhIzeoOY6Py2lQ+nOiUBFXUVbMIWexH8Gx71zakYqF8Rp3FgYTxc2q7pfNS/3VUIgJZf8kYou6y92MY704Olmioyne5pvOKK1tJvnSJLEBMfenQ63Vw9dNl4gLZ0ajGQ==
FFLwKdmMB4BlwxeE3a3KQ/CPIV6ptDoKvAqOEe3OGgGBGRxSSsSz3bMrSEgNBJChyxi9zoUBWv5RknpJc4OhgqCGm1taeECETcPIYOZBt0LazMQ3gfAD4LNOU97bzkdohA5hRaMY
caHfbbmty/aUJ0QGyusviQOxLgHJqjBXO21pA+8d6RNcO+FqKD9Tec/V4bi9q1eXs06VZAOUCbqaRrJLUHMDKMnkj8E4Q5QlChtDFCjFjy4K/CDe4ahGksu10qsEMCx+W5PrqecSvA6q3cTJa3alqtG204waJkCZoPm+j4OEUVK37oQlqTbdCrhxHekTN4elOSM7hZN475+6o+U=
iZJkzI36XsO701IdIHbIa2QzkgzGpN3m+/+XeEcm1pvJg0goe+3CEeGE+lLAaw7e0KfTTC52AuM7gd5WdHtWqtJu9iuTlAKOmOlhapdmO9w/cCuEA158LB17oyI=
L1t4DkKOQSVHIlTM2FE7CEYRMosOV8bNaSvqVF9/ptIvj5Xms47AHTXG8YLcMbnh/4eb3X0Dv12v6IPXHqNB
L1t4DkKOQSVHIlTM2FE7CEYRMosOV8bNaSvqVF9/ptIvj5Xms47AHTXG8YLcMbnh/4eb3X0Dv12v6IPXHqNB
bwwOd80xA0j9RWH/ntLA310H8IOWM06p9VbD1eu8tHfG6qzItuhVxaVVeBQUW+pvUdGXS14T+uiCkLbp34b9hJm/gaORh8JIg/oUTNa9P9OFndrk1J2Qdbrf84XrCPjNxL8juE6rLh2EIGF+o685JlxqFoTj/wAZDeZM
