lMxJilW3aefhvdSV7sGzdaLnnRC7pUhMtj9KDiNveeyE29NIa7HU2vJj9dImtVV2pEhuQvDCE+XLlvF5d8BDI+LQDF6LOceubsxUdCjny5p8FXo2Uz18TpyXmc7MWMvplGAzpJ41M2BLeSkgKol/kZOb94yCa3vb3Hr45EiatU/IjGCtrmwKfGLmAUBf54e8rss=
UXDlmqrBr3gBEH0htOd8fC4kSKPZCzleeHQrYRzH0C85HhqaAHix1QxLLNrFx5CAYpPx8NA9e/URV9ns0KxT/4PkPmL4lsBxfwD8i8akq9vY5OzZ1QwErh/T9B4vloYzN2pbF0UCAl+LS9PFi946zZ8xbPR0ZsAsIbVoMjzf9irOtrLILSI38bOmrtU=
CHtvXtqG/z3S7ccBQR98Mw8+z0f//CWX4mIoX4JsDVbNX+4W0Kz0IE5PxFWVpdjwnKUvBwRl4zlQi6/hLxDhhra25FV4fq8G2Cyh+cTvrGY49uLMiheRrMgpK5mZs5mQ6FjjcysgHn6gQlDdNyT8t74QWxew4AwFTZjUQhe3NOKX4rY/Hy77i51WEnND71N5c+pKgXe1DKhscpBAqVEoTgQrRqZmcpLUdfanXfuCruk=
/bNIUc/nTIxCn7hXUSt6hxlDAzpYTePEGIz0wEs6O+2YciSMc35IFQWUBFlRem43iF8I6dXyt6cKheMGU+L1vBwhTzxCFE9PPk5TZFhff2gzsWwkx+1tUuYRTUMGPwEeUrVkMyx5Ff4IKWYElR71TJGvKpjL3gRCn4jxyrl3AQvcramu3A==
v1nkfZD1ADtEhtiThgiC5zRIvnNzzpY0jsj1tsvlvWRFYP/4FIkMAZ8Cd73kGrAM55+1xcmsUDklYmIHlLf8KWFaK9eGHVemhxo5bCAJWzxWPHOf8raHxOzH8xivGdjkMwVxYuoJOSNSB83Orl3ws7gRaa5EEbLkYQb5fI3HXth/dpiyExBFau0PTVvghb2uyA==
V79x0P++Iysp98oaZLD5fjRIvnNzzpY0jsj1tsvlvWRFcff2EoYNU58Cd73kGrAM5561xcmsUDklYmIHlLf8KWFaK9eGHVemhxo5bCAJWzxWPHOf8raHxOzH8xivGdjkMwVxYuoJOSNSB83Orl3ws7gRaa5EEbLkYQb5fI3HXth/dpiyExBFau0PTVvghb2uyA==
fQ11NtXS75fJiZyOnFfS+ita/K3b0lG+SXyymLww1JClmqGBomEnEvCdHNeaTAxCd9W2wUvdtVEpYisykPARnVxjLPKXijEI8jux2MA1W71B/1lEgORz95PMfspoHmA5Lyj8o5bsC1NITKzxxQQk5k97dLZ/3qY7J0Ibv9WKohfbY9Pt25aaRQ+ZLNxkbuBkcR3ommyX1iLenvJgvaqXueOOrv0=
j5jPb7YppE7uwFNHK8IjQ4QXr6dcEbwPQGgoEmY76qbyCiX1US7LJpiMIVmEz6xGflZhbMo3kYyIias52ZOZsKj4Y9NrAB5e4OLQfXcE/Jf+sNu38MAMJQ04VOJXlzTC10I2n18O+6vd9pLTA89TWTNKyiE3lQyILNIQ4OlxKG5Ei8YGJlKS9DVWJ/27oq7J
AnYh7Goh539njTHMAyUmz0D2ckqHoTgTdzknWq1Vt0RcZOdxYStPdc2U47S+q1eos0OVBmWVBs76TK1PV21bKNqpz8YwT9ZjFgkLTinflDk99k3e68RCndG83KgRNyByTZSG4+EQrQ2yxNnRMyq4rdOz2INfZkyJuvPyxYuGVhW49IsiqzTPE7R4FeIaOoG0Lzony59zgpG3rsI=
svBQnzQXQaDhBQKa3ygU8Nio5eiMG7+TRO2cKygEGMaB7eSw/w31AYmSq0IwINHNPFMswvDa8dhSSzEoYGUbbaHPWXRgNDOnMzz+usjOoGlPGPyT9rzLg+g8LAFlVGQ2r0t0hp8O5muHspvPdVpiR7tT0927xlqVr+msLMQ+oLSRLeiqjEeWcn5uchAdelfpg76uzQ==
EUL0uphYcq2iq5dHTKtpi22sutRh/cfzubmb9OqyBuE0r/Xzc+rjDXBiLIx7YSF1XcQ8mYmKltcg74BpXYLfB7I1O8arMi2cNDFHPEoEZ2/mnqukgO/HyFvB5KRPXcWyHuGVgz5vWX46pWwzJGn9HtD5XkTNbo0sOR+iGEMu7OInOKmKwSdZK/S9oa7U
gj2g0LTjY/18NYCniTfZk/qWmuTT9nc4SayIWMa06n7o5AFhlMesXk9/ARSaf1FUeGELgUkbGSgYUIMru8heBpCK8EVnDPyPzpi7z6CIzP390PRaxx+0Wmfq1mePxrvzrZ6y6xPHU0EDYqpZZ93MUNw6sFh5+aj29CMm/vaa0qxFPgfFq6qu0Q==
2yoh2pyw18/3K1eERKhVPIQNo6peUPVHX39xHypktfTwE2T1US7LJpiMIVmEz6xGeVdhbMo3kYyIias52ZOZsKj4Y9NrAB5e4OLQfXcE/Jf+sNu38MAMJQ04VOJXlzTC10I2n18O+6vd9pLTA89TWTNKyiE3lQyILNIQ4OlxKG5Ei8YGJlKS9DVWJ/27oq7J
chUN4hEc7ul3k81G8MnBBTm4i55Y76/EOH3sMQ3M6KPDM8ghG1OYRzSrqNC+RK0LC2VEGi6uk5fLbdScMAGHwb1dRYF8XE6SBG/Nlt31zh6STEUdHozjuAJpt/YoL56Tvonj/mH/jEkFNhVOE2QKTfm89HhZl9jiFVS+k/kw5b1aRHEhe0qgnatzABPnhgTZUvOaFUPm7oXgtHMSs9QHYxz4fVLSGplEF3r/W+fTSsGfruo=
TnDKZsivpAQQijIgrSOrJI6Kt8AaZIyyOGEmb38Pxlr8CmQBGR0kYCGI87vPHZLkAI4KH+NKs01AgjyMaw8QtI1krBk5amYXcI+waa2ij0cClctGO1J9XMQRVzxaJJevtv47JHBPd4gL4RSkfz2Vcu4BJQOuz4m+CsV8MzSJzV6AWc7EfQ79bOn/khgzDjwil5jZClHHiWuEnbGuxA==
ITwNALeCvuaAOgYC8XL0RdAgLNba4psgNgy4QgwZGm9Dd/KqyGJI4TV1cLD10K97E0XGNNQmZr8P4sf9tDpADJe3ZAR5zMC51cIyR6RX7ClxetsX1n3nJhe6SSzw6Ws8Ztyj34IWF0Rcp6PYXznI5CPlQSK6qcmjwmd9Dn59gLNIMTnu9PEiZBGmKby9p07Yb1bo8sPw9ep9r72bsOWNrvg=
eQl1omcpUFOcQ+gYIylfYdhPvb9ERXgCqL2CNcaLm5vvwPF3JkfowXmu6+0kYkI+y+Dzs4grnB8X5EyqWVOYIew00cHo1qZpQW68j7MTJV35IiwOy4knPu5c9ITot6uqfCUaZpPN3N4cB3l+jAjrGZQQE3RehVPwy+mJUGpZn6GTqxdcwhvbS1zqmFSISpU/yHxA/e7c6uzidqGwn7fnjK77
+kH9mdEGXTnNx6y6oxQ//LBpPwxM8TD2iTAkGLJKBh0Yb0Fz+KLCdlrxJ2GamJ/0TVtxYSwcvvK07102DbX+/oJMVXMuTLMYkukHFljvTvOOiZPesb886XW2hS7DpHpt6bzkWClXCIKF1M4zSXA1nSpEQUGritB9G/OQs7dGNLlC84r1c6Y+JXA0w3JDlFeDLPiNcoLaKeTn+m+7t5O64Y+u+g==
lHAQAZlaGKoI+P6eJyV+d4QXr6dcEbwHQn46Rmsy9PTyDGyhH3u5JpiMIVmEz6xGdFRgbMo3kYyIias52ZOZsKj4Y9NrAB5e4OLQfXcE/Jf+sNu38MAMJQ04VOJXlzTC10I2n18O+6vd9pLTA89TWTNKyiE3lQyILNIQ4OlxKG5Ei8YGJlKS9DVWJ/27oq7J
/9lEhBSo5pGabD+/j7kQf8VELeXart3r4dzSwZzU31y4iluvwsdBPinFuiZuzDki7bOXEI7J+948f8oLIsn/5rWvGKHJVhmmpxS+tcW8yIDt52wKGTRye21gMaVGBO25Lxq0tefTjLuTtvDhLnNmLTfWGi1sFL86pwTT+4A4YUqGyg0sW5rzM1Mj/rmjrtY=
Fm/MF4MVQ9nDvuclSmvBAzEUTWSYgG7zm4N99u01Xr7iTLW5icPTWLLp59Y4b+4zbomzntE/nClVtuVuYySarcm8xJjJ16jC5dTu8+nwVd0KRKGBCwqwvfvzsPPXxpR5ovPqtdMm3uVQNKMyoxT3w0z4rbJiWomkx/qPexcT2qGvrto=
A2+GC5S64wRUc6iPeW+BEITc5wQC5x1we4QMCtmzWAHsFBomZ3bmCUFOfG8zs2U9+cLsrkvpZx7uvDQkaNfrinwFWgYTbRw+HCc5HgyoK/mUcFPU3mWT0MuJyfDquV+Bk4vXvEK7mytcyli0COrVX8icgF1uvKrM4pZhEB/Xp6yu2w==
+SIzrR3u1sIM1W8l7EslDDMUTXWalmrzm4N99u01Xr7iTLW/icPTWLLp59Y4b+4zbomzntE/nClVtuVuYySarcm8xJjJ16jC5dTu8+nwVd0KRKGBCwqwvfvzsPPXxpR5ovPqtdMm3uVQNKMyoxT3w0z4rbJiWomkx/qPexcT2qGvrto=
V8ut4N32tREl/Ke2onZwFoTc4RIe+h1we4QMCtmzWAHsFBwmZ3bmCUFOfG8zs2U9+cLsrkvpZx7uvDQkaNfrinwFWgYTbRw+HCc5HgyoK/mUcFPU3mWT0MuJyfDquV+Bk4vXvEK7mytcyli0COrVX8icgF1uvKrM4pZhEB/Xp6yu2w==
J5fUcFmXWLKFQ5k6YXdhXITc4AQM/x1we4QMCtmzWAHsFB8mZ3bmCUFOfG8zs2U9+cLsrkvpZx7uvDQkaNfrinwFWgYTbRw+HCc5HgyoK/mUcFPU3mWT0MuJyfDquV+Bk4vXvEK7mytcyli0COrVX8icgF1uvKrM4pZhEB/Xp6yu2w==
2cXHaLs38Xpbkm/MM97cgMeprOGRFLiWSaTSJzYUTJST4OTjrEinRsbA+0IwINHNPFMswv3Z/thSSzEoYGUbbaHPWXRgNDOnMzz+usjOoGlPGPyT9rzLg+g8LAFlVGQ2r0t0hp8O5muHspvPdVpiR7tT0927xlqVr+msLMQ+oLSRJO+qjEeWcn5uchAdelfpg76uzQ==
4UulSnCOH2IMscV7TSFtHI7A1DNbfBnRn0hwotGp7cPIEnVb+8JnivCufzFDDaSDmVixV7DqOJZ4XGEppN+sdhkErpxqpxE8aFnrSfmDmYDIqKMjy5Ce7gAykA1XFPynnuAbR1BQjJXt6BSSd4c08rcS9m//nnsbPSbSoyPfU2lTGgrRlwWMOMwCUJDJaC9eJNsG9obCEkTVhmeNm7Ku+Q==
wjQLlkDJUD16uD1/FHqy21kvZxYNetC5/cR4KEYNwvCpm9NBSHmgab7e48mkpkEjIBBGGEll6LvhSCtujzgVV4vLHOBEgUoAKlJmsJsnQgsRrNFuNxv/Vpd5ws4QDNOfQwQ+Arh2QNE/IPyrhgQrO5iE7DkVbIQO3/P0Pu82BlP3ilt3BeKC/8tr0+XLfrot31FsFLQGQIzhnG8S/H92Sg5WsqhtwrdR84au9Q==
wjQLlkDJUD16uD1/FHqy21kvZxYNetC5/cR4KEYNwvCpm9NBSHmgab7e48mkpkEjIBBGGEll6LvhSCtujzgVV4vLHOBEgUoAKlJmsJsnQgsRrNFuNxv/Vpd5ws4QDNOfQwQ+Arh2QNE/IPyrhgQrO5iE7DkVbIQO3/P0Pu82BlP3ilt3BeKC/8tr0+XLfrot31FsFLQGQIzhnG8S/H92Sg5WsqhtwrdR84au9Q==
JrZwbWdzaXNKP10cBTxU9qwXEI3W6EilNIoE0EG9X1Fi2MA2DV2436EiYMcqaMSa+UhumdDoq4OHvLQu9vba68TlUTZ29/+MOO/S1s2ZCTQO8MZjKaA1JNd5hkNTY8D9JPYalDmn4k6R6lk9RaNbzuNnD0KPVQJqmJCDazsIXsYQyvCF50z8z05Yu48gSMw9fZD0mkdftBrnKtYnDwa7My3esiuTh1MBg6KqGecdzJBcerCY+bKvtnTjJr52WtJsxX4HBSvqrpE=
UPOUzl+Wps6JqF+FTMJoqqOe4TzeHEeTmQ89ikLT0m4uQlOzOvHbgfAXghzB9DkHKJjk9+MsEIj1PBl34Qpmii176GGtiCmEG/LYGpyFmdxifxeOTj6hD6RR12D5wnzXxQXvkYja5MHuSG6aL25bc5ICNYfrVSonfmONLQ6r/RXQksE+wX8sCSU2NQ7z5OoNGbwUOLkXOKI1VJ7TWbBFfXpEEeEbysBdy3Ng00cGpBly87pV42ZOxQC0k1JTVOcj9/9dEnKaOYQ3et+bh1MqAf+uig==
kYJe+UX5lESuvoP4jcAdwVjgju6s4p55vp6x+9NUOHPzkreejd5amokim81bnQkBgP/35n+as2A+Eu4dYZq0i6M3zWm5lsSqWw2vyk4ovEA4k8OefBFyQkMJlKq88/H6HKwDrdQk+1BOgVsE653BlLr99xUTH3/4Et+TP3wekFCYbn0Aj8ioWX5YYhhCAul0T5OPuK7P
UwEsWwnSycOjjccSq9CXAGciLFTLJDTFZHu52tCf+wlJXWsA0c3jXQID4FvSfCbZgV+0WXsKA/giaZe2iK8+056Jg76Bf+yJ5TZ1jrPkqo3ZvNS4+Rd4InVUXlOZsAX9OkRRYdvKAN2LcyBTBwZkmbLz+tWjZo5FwLRT0hNUp6M3/52Sspp5BHd6HxtHU+qBv67K
O8mJafnwQN3TbT4ev3X72d/4242Yog+Y1FQMv6lj2N23iAxpRuYQl1yK2HQIqlWVz9wAnW78Kgzi1uHQH5cnbK4b
iGIUYTTXOoHNTMz7Mh53DYaOu8gfUN+oNlxpf2VGpVivMFgvKAg3ciLNtaTZXtjkCJoBPI4T42t0ryb1bVBK6tFktQh0dyATc8m+cq+ij0cClctGO1J9XMQRVzxaJJevtv47JHBPd4gL4RSkfz2Vcu4BJQOuz4m+CsV8MzSJzV6AWc7EfQ79bOn/mB8zDjwil5jZClHHiWuEnbGuxA==
a9g7CVgo8ArApe9HOoLZB2niZLAaPpLudqdWMdTVdk9yueuJ60IKksbUaTUkDSO8eCl0/kmgpUidi/7uhMtR/X6rr9zhBn/G0lonFvZXmh1ae40vYSpXcFFXdaDUSALUUHph3fsnOUnxZ9ncMDwT76OUvpLYhgDhHzD8u6Y0a8v4FGyp9RxEPv/j9C7PBsYjFxrb52USws/re9P160763b/B7IRUdoC8wY9vAtxPtjruxjI4DTL3YdOWruU=
Ol/DXXvPNhRYbWfo4PSSVR5hpJUnE6jvXt87ajVlP4YeKiey9ikh7+/oJFluRv0NpHTbAjv037MOf2WCCvoRVP+6F6vvM7IxZ64S
jWsqID8jSc60P5Ua23Hz7jfV4vL36NM2V8nVOpp5U2epHx8aHX/Ntemwg0BOVRSlRuRRb28l1JRBTSVcOzqu3ahyWBdPYmB6teI6BHXeVcwx70Cf6x7kwn9I0crZN2GLfG1Jrjw=
VVTGVUmcR/CAwgiHIwOP0/aEJ1eNrSoBhh6IHc/VDwesVF1eWt65kPkuSkoYFZvhkQm2gJ9cU/lIlmdcdNDki7mXkHk3LESdVtL4E/xOsEDY3t0xj/gI6b5IQsjC0glkj2NvSK4/
IfUA/QzF3xK7gRps3KJBFBd+YCxRRiViWuLBrAkSMvb4qeNdYbXOPF9gK8W4qh9glOycN0kr6MW3kDwhpm6ALxxyyHwo4qUNT0RwVU70OnQibnFYf18XdK4D
kagBfnc52BPvMbW/s8svwyppy9cvmVEZQ08tZlrmybgZBhoS2M3LiTHhBvgfpOOR6H63BDQINKPZv2BBNxS0tTb6KMu8FmCoeLZtyQ+AuAEeIBIQAopZTG9LH3CuBw==
xkTiK+AKYsg+HIULUueyMANa5PIeq3ADdE8tZlrmybgZBhoS2M3LiTHhBvgfpOOR6H63BDQINKPZv2BBNxS0tTb6KMu8FmCoeLZtyQ+AuAEeIBIQAopZTG9LH3CuBw==
CFc/glHwqoeHfHHogSBASHM1mRjFp93noeDaZE02kZyGhEg/f/eJC6qevwaHPwDEy7LEWmB9AfUsh/dWcHt+oPQd7CSUlgCcge9vYpxvNtouZjKYTVJ3QRN2rgU=
FRNLC5iEpuJ9DLaTpThx+FkvZxYNetC5/cR4KEYNwvCpm9NBSHmgab7e48mkpkEjIBBGGEll6LvhSCtujzgVV4vLHOBEgUoAKlJmsJsnQgsRrNFuNxv/Vpd5ws4QDNOfQwQ+Arh2QNE/IPyrhgQrO5iE7DkVbIQO3/P0Pu82BlP3ilt3BeKC/8tr0+XLfrot31FsFLQGQIzhn28S/H92Sg5WsqhtwrdR84au9Q==
4tjCu+5ZuhsnTNAUHwNw0B5hpJQnE6jvXt87ajVlP4YeKiey9ikh7+/oJFluRv0NpHTbAjv037MOf2WCCvoRVP+6F6vvM7IxZ64S
aA1SxnKMRvDeBsp22dRv/p1V23Bq2Cejqn0Lnd7i/B2+f5H78Tth1Bw77frLsBL6att163BontnAlkB10ATEL/BjMxPRdDDczI0yhvnWXfRBf8Pq2ELVYmJY1qWUhghfmNsn0dzDcSdaQBmreSoiim7lR2bXKuuz3vWnMZADKKzSMr1FIiCNwCHr0dHrEI9d5wQr16IkZJqbnY+aznhc0PjjI+58YZIyg5l0+jyj0WrcnKMd1JRbYA4Re9RrTaEE+g2X5RPvHwhST/Pv/M6wwNhe3bGPeAhpvshCSMJSCeSP42/Irr8=
3i1pGYgTFUnS+UxQaLvjFHzrQ7ZGM+6bmdzNgzYC3fg4DmMxeH8JxTWUtxN3FJWBEra9Gsc7eIHI+oc9O5aIVZAX+3KckaFgaqgvgW2zYdUQcRtI0UPvnu9cPBwNttocRKVQXED3utbHoyLhsaw/mmrV92fZXd5CYk2I+Ki2SXZNH6TCg+t9zUyLuFPrIQizq9lm8neyVyfqxUMGMyKVPDxhrzyiVG/PXo4zZPgfn+jT8cwkpy1N0sZRrUOmfyGeMnXEM4w59X4o6cYE9d7VzLHvwJ9rHmTC/0hRylk34Yv8bcmuvA==
IQqcB5vmVSJr/fLwcKgGLL44fRVwWxowFSbPQ5UvioIoA6kb8RG/vBF1f7HyttQfz/gXy4Ov6NiqOJpHhqf5wVs3dOngtj7B2uDZi3nKYuruRQyD0EorE14VZ1GQI2gMUlJ9ZSIATaChS5Hx63BPvWek67eixCQ6G/3Pes5YnHB4A2POfEHS0gM5tNo8Q5EKXDzj/dT0m8CO8bu0a23hpHptV8UTz99o0u+zz/yucCBY/h3Wj5hIyT6oAqjCcslEDwMv6K6f
lf1oBKzOGXesteHWYPUCfOkdQS9MpS6nEpYxqw1RZfARCKuOzc0IPIrd2228jekUzqTsZF0tsKopxybPXlTgv2YNZjDfS8skIDuvNMXf6MDxn3IqRb2CZNx0kzhoPMZm2CKl5EV6t//uzY8G/WmQuR2Tf9yJSdvC86w/80duP2/kvbqcZULVqUt3QZ2zgK0NTcza8s+YlSK99ieMTpZfj9rOJFpVJS5w2cJR8c5Rb/VRBnqRPIkMCkN0/I1L3fCPKGFCf77FAqBuSfGzKzlni+VR0oaajftbMMNAF28IGwJlg6REQa8ewecxVxVt55guH03OCw2soqXITlHQ3qmyUMWxwLw6/JKTJjMxxQvT3L3g4pYliuQRH9gKZTB+ISaYk96Dd07R74WwN6CIArZVMaJUZUTxz1nly6THeXfAQyPi0AxeiznHrm7MVHQo58uafBV6NlM9fE6cl5nOzFjL6ZRgM6SeNTNgS3kpICqJf5GTm/eMgmt729x6+ORImrVCz4xgra5sCnxi5gFAX+eHvK7L
9QcVMDGfctl9KDjqdNiCW2h/rzKfm+uNBKfL/g7cCaorPBT+2ELDgpaWkVjDsj6EL1Ik/pfcH6E01a4n+FzUT2TA5nHgcxOzKOn5yBT5RZEUIgWx2DxjmU5QyaQrNdmMh1wTaLVbfcn5NUJmQjmXicI6XL00EbU1mikPq9N5MoO1BTq0imRlSWG3tGOYV6yni6cITcvU+9Orh8+F6UGtam2FuqqZGoOZ5mwNkQ2nIHo6BVCx4dQ4QBq+h9vLegzPRgoauBbcxlImoP0G5idC/3ItziWWHE/G/ql2yBxmdgszAfdVlNpdTawc/O8+YQSZzLJLP2og4jH/0OgQsZeRmvIIhRUGnsWWX3AOjlyndJ9YVjhgZRisFleDcmCVg5HaWnwtYwk9LgKSLXh4eNbZNl2/FMIzS20N3Gvo05vBeHPbOTbyJxJn51rlc4bjAgV8LAFfPFI0f4/OruPkyD8vKONRnCT3zT0StrHdw/afsV4i1XQzPJnlPriJFoQFviWMQY8Xn7u+VIJPaGFKCRdxS+yNua7M
A4EwCOqh6YuzNGWiN58JCo3I6O7gGZlLNeYImtQVMz/nvFu2mV3qJGxl8iCq1cVTSdcotPym5cRkPN3l/R3it0jgf09dtovZnDkqAP5Q9R0dO9J27Kmc2zlFcf9/YhDRqyqdHQR2cSWG5C2vnoKMPjfG0F6KsPg4scqNyMt5HmfLWOVrvM/dactSIZsH5OOm280/zLP5hOducm0w6W/7HcUDa8LBO032rrwnCglEbTwD8nZ0k9l6VLD0HRfSdqnolS9W08MDEXxOnxTbUKzT/pgzs//8mci7FhE2N77mXqP1rXP7iz1l6yZI8p/nvWCJ5OnXalfURZmwaokdYkcXmxNLdeW0WN+3eoWlfn6D2ES17qYLPsal6xRSMo6uVZZZtVvTkbCL4Njia2J2jXkIwEFORsPqzjNEF9kG4xODwB1kVpo0+cfiLlFK2Z0FQ1suo8eP4k81AgpYMAPLe+heJlBqcCUnLPyvjvg7L2CozN09MHQ6hz+0eieKVodP5rvTbX4yi1PnU2FDAiq5p/3McBzaMDg51K/WtEOmHja60oyF3oel64qu8Q==
QzOjpD4H73gJI79cQWp/HpC8RlGWCor88aJ64jlB1J23KTOod1PeMeqmsXOmNUpAlsNlvS1xTCNc3kdfb/7aap7zAOGi6xgjLztcxLuY911kt+C+ywL2LCprFoVKKbWomHHh4dDaObHkxKfp6thFxGf9/ZyDRM8o6cP5WZ39jkZOMXO5hoKgPUipcQX+IQOLnzHWEzGd5nTWfGFZRf94gxTfCFfP3zRN96y/Iw8PQ2UlCYl6aZ3makWCBwkCJEGxAa9ESv69LDEdbHxw/raL+weyaF/Ckkb4ysTCQgJosWZqr+aPttXyJarki7ZaIfqoUK5SGzcZKxXIQtndyNQwzzJp4KmICre/FpgmAZvY5DD933UKdpBZ1VqGwYZ7OMJu0C/QbxwuBGBZYOjm8wv+gFnLtcpeZHGj1aWqknZlNFh03r0GmQdoQs/zKT04Y+TzVwkc41+harL7CmP3fi0/5m+KoQzo+WM8bsy7/2omb4SE9ws450lAZKtVuYLSeRHj+pdVbmZtiLNAISEO3IEapEn2wRzFF8tf56ZQkmsgraqFn9W7qPWFrvA=
Hc2zCIsHNuHn8HpVEW2+iaJhi8Z8dje0YUtkJ7+jWhuH5sXFKF4Szvm18eA8OsEBDHQ/1RTwGaXSu6ZuM/uXupBNFtYocPsOfLocy4re1HDTu7hh5XmVwvL9aj+hJiGAcmwjajQkKrleXE7r1O4pfwyQ63/vIiSAWId3wVD67NEGiAYqp84jQ2oCTbcT9aKXliPlPQaLpcVIElnuGR8kGQ12nf57hFL9IbwsyAF3sFKdFLbDUdCdreLEiTFD6shNozOIY8+mXCkK80Jlm8bGdWh0e0JbdD9zaX/FQip6MZQfunfrD7OScceusg==
DuK/EGE2oOmD3ZpNSaknjqJhi8Z8dje0YUtkJ7+jWhuH5sXFKF4Szvm18eA8OsEBDHQ/1RTwGaXVuaZuM/uXupBNF9YocPsOfLocy4re1HDTu7hh5XmVwvL9aj+hJiGAcmwjajQkKrleXE7r1O4pfwyQ63/vIiSAWId3wVD67NEGiAYqp84jQ2oCTbcT9aKXliPlPQaLpcVIElnuGR8kGQ12nf57hFL9IbwsyAF3sFKdFLbDUdCdreLEiTFD6shNozOIY8+mXCkK80Jlm8bGdWh0e0JbdD9zaX/FQip6MZQfunfrD7OScceusg==
yv3AUrIWP9utlaeLCmNrgqJhi8Z8dje0YUtkJ7+jWhuH5sXFKF4Szvm18eA8OsEBDHQ/1RTwGaXSu6ZuM/uXupBNGNYocPsOfLocy4re1HDTu7hh5XmVwvL9aj+hJiGAcmwjajQkKrleXE7r1O4pfwyQ63/vIiSAWId3wVD67NEGiAYqp84jQ2oCTbcT9aKXliPlPQaLpcVIElnuGR8kGQ12nf57hFL9IbwsyAF3sFKdFLbDUdCdreLEiTFD6shNozOIY8+mXCkK80Jlm8bGdWh0e0JbdD9zaX/FQip6MZQfunfrD7OScceusg==
mfs/YtYdyqjR4GAyMY/TIqJhi8Z8dje0YUtkJ7+jWhuH5sXFKF4Szvm18eA8OsEBDHQ/1RTwGaXVuaZuM/uXupBNGdYocPsOfLocy4re1HDTu7hh5XmVwvL9aj+hJiGAcmwjajQkKrleXE7r1O4pfwyQ63/vIiSAWId3wVD67NEGiAYqp84jQ2oCTbcT9aKXliPlPQaLpcVIElnuGR8kGQ12nf57hFL9IbwsyAF3sFKdFLbDUdCdreLEiTFD6shNozOIY8+mXCkK80Jlm8bGdWh0e0JbdD9zaX/FQip6MZQfunfrD7OScceusg==
/A9iN6tuhBvFQdJw6ZYs+qJhi8Z8dje0YUtkJ7+jWhuH5sXFKF4Szvm18eA8OsEBDHQ/1RTwGaXSu6ZuM/uXupBNGtYocPsOfLocy4re1HDTu7hh5XmVwvL9aj+hJiGAcmwjajQkKrleXE7r1O4pfwyQ63/vIiSAWId3wVD67NEGiAYqp84jQ2oCTbcT9aKXliPlPQaLpcVIElnuGR8kGQ12nf57hFL9IbwsyAF3sFKdFLbDUdCdreLEiTFD6shNozOIY8+mXCkK80Jlm8bGdWh0e0JbdD9zaX/FQip6MZQfunfrD7OScceusg==
hPxfPX+gLzYb1vBc8yRC66Jhi8Z8dje0YUtkJ7+jWhuH5sXFKF4Szvm18eA8OsEBDHQ/1RTwGaXVuaZuM/uXupBNG9YocPsOfLocy4re1HDTu7hh5XmVwvL9aj+hJiGAcmwjajQkKrleXE7r1O4pfwyQ63/vIiSAWId3wVD67NEGiAYqp84jQ2oCTbcT9aKXliPlPQaLpcVIElnuGR8kGQ12nf57hFL9IbwsyAF3sFKdFLbDUdCdreLEiTFD6shNozOIY8+mXCkK80Jlm8bGdWh0e0JbdD9zaX/FQip6MZQfunfrD7OScceusg==
elIEG4yVaJJQQn7ANl88EKJhi8Z8dje0YUtkJ7+jWhuH5sXFKF4Szvm18eA8OsEBDHQ/1RTwGaXSu6ZuM/uXupBNHNYocPsOfLocy4re1HDTu7hh5XmVwvL9aj+hJiGAcmwjajQkKrleXE7r1O4pfwyQ63/vIiSAWId3wVD67NEGiAYqp84jQ2oCTbcT9aKXliPlPQaLpcVIElnuGR8kGQ12nf57hFL9IbwsyAF3sFKdFLbDUdCdreLEiTFD6shNozOIY8+mXCkK80Jlm8bGdWh0e0JbdD9zaX/FQip6MZQfunfrD7OScceusg==
cUY1lF9zbCYHxIRixPqQTaJhi8Z8dje0YUtkJ7+jWhuH5sXFKF4Szvm18eA8OsEBDHQ/1RTwGaXVuaZuM/uXupBNHdYocPsOfLocy4re1HDTu7hh5XmVwvL9aj+hJiGAcmwjajQkKrleXE7r1O4pfwyQ63/vIiSAWId3wVD67NEGiAYqp84jQ2oCTbcT9aKXliPlPQaLpcVIElnuGR8kGQ12nf57hFL9IbwsyAF3sFKdFLbDUdCdreLEiTFD6shNozOIY8+mXCkK80Jlm8bGdWh0e0JbdD9zaX/FQip6MZQfunfrD7OScceusg==
8BuJnka0c+t+3h4W36u1tKJhi8Z8dje0YUtkJ7+jWhuH5sXFKF4Szvm18eA8OsEBDHQ/1RTwGaXSu6ZuM/uXupBNHtYocPsOfLocy4re1HDTu7hh5XmVwvL9aj+hJiGAcmwjajQkKrleXE7r1O4pfwyQ63/vIiSAWId3wVD67NEGiAYqp84jQ2oCTbcT9aKXliPlPQaLpcVIElnuGR8kGQ12nf57hFL9IbwsyAF3sFKdFLbDUdCdreLEiTFD6shNozOIY8+mXCkK80Jlm8bGdWh0e0JbdD9zaX/FQip6MZQfunfrD7OScceusg==
trs+VaYyPsEGHwq5Kw8bM6Jhi8Z8dje0YUtkJ7+jWhuH5sXFKF4Szvm18eA8OsEBDHQ/1RTwGaXVuaZuM/uXupBNH9YocPsOfLocy4re1HDTu7hh5XmVwvL9aj+hJiGAcmwjajQkKrleXE7r1O4pfwyQ63/vIiSAWId3wVD67NEGiAYqp84jQ2oCTbcT9aKXliPlPQaLpcVIElnuGR8kGQ12nf57hFL9IbwsyAF3sFKdFLbDUdCdreLEiTFD6shNozOIY8+mXCkK80Jlm8bGdWh0e0JbdD9zaX/FQip6MZQfunfrD7OScceusg==
IRZxMuJ9Bbt93Zp/+WNXYaJhi8Z8dje0YUtkJ7+jWhuH5sXFKF4Szvm18eA8OsEBDHQ/1RTwGaXSu6ZuM/uXupBNFtcocPsOfLocy4re1HDTu7hh5XmVwvL9aj+hJiGAcmwjajQkKrleXE7r1O4pfwyQ63/vIiSAWId3wVD67NEGiAYqp84jQ2oCTbcT9aKXliPlPQaLpcVIElnuGR8kGQ12nf57hFL9IbwsyAF3sFKdFLbDUdCdreLEiTFD6shNozOIY8+mXCkK80Jlm8bGdWh0e0JbdD9zaX/FQip6MZQfunfrD7OScceusg==
Asm/nkDr9mE+BSNwcpLqhqJhi8Z8dje0YUtkJ7+jWhuH5sXFKF4Szvm18eA8OsEBDHQ/1RTwGaXVuaZuM/uXupBNF9cocPsOfLocy4re1HDTu7hh5XmVwvL9aj+hJiGAcmwjajQkKrleXE7r1O4pfwyQ63/vIiSAWId3wVD67NEGiAYqp84jQ2oCTbcT9aKXliPlPQaLpcVIElnuGR8kGQ12nf57hFL9IbwsyAF3sFKdFLbDUdCdreLEiTFD6shNozOIY8+mXCkK80Jlm8bGdWh0e0JbdD9zaX/FQip6MZQfunfrD7OScceusg==
3GisXtQEfp8nJkkZJq5oY6Jhi8Z8dje0YUtkJ7+jWhuH5sXFKF4Szvm18eA8OsEBDHQ/1RTwGaXSu6ZuM/uXupBNGNcocPsOfLocy4re1HDTu7hh5XmVwvL9aj+hJiGAcmwjajQkKrleXE7r1O4pfwyQ63/vIiSAWId3wVD67NEGiAYqp84jQ2oCTbcT9aKXliPlPQaLpcVIElnuGR8kGQ12nf57hFL9IbwsyAF3sFKdFLbDUdCdreLEiTFD6shNozOIY8+mXCkK80Jlm8bGdWh0e0JbdD9zaX/FQip6MZQfunfrD7OScceusg==
5BxL682bAMYDeNPUmxivpKJhi8Z8dje0YUtkJ7+jWhuH5sXFKF4Szvm18eA8OsEBDHQ/1RTwGaXVuaZuM/uXupBNGdcocPsOfLocy4re1HDTu7hh5XmVwvL9aj+hJiGAcmwjajQkKrleXE7r1O4pfwyQ63/vIiSAWId3wVD67NEGiAYqp84jQ2oCTbcT9aKXliPlPQaLpcVIElnuGR8kGQ12nf57hFL9IbwsyAF3sFKdFLbDUdCdreLEiTFD6shNozOIY8+mXCkK80Jlm8bGdWh0e0JbdD9zaX/FQip6MZQfunfrD7OScceusg==
Vh7oPM3+CyAb7Av/ZGI3+f1QNKC5CVFI8w62no00/tEEP0yDMZyk467BNvP9Bhu9jmQGdgJFINCDcK+u4zoX327gPQRJGRb9F8RAN7G6fQrpmkIPzeAd6wLPJD3iRyd9FDbrOLW6TbQm/2s1Dc+FKkJQxl1UPpjX+JMXydzbQW86yIkTudIygk6tN/5Xsht7/v23SdC7uCQy+o1dIji9CMFjQWmraJ9Vx8zbTyK8FNK7lZ9iDsDMWJirE/Z8eaJ64xHkQvxbwWL81NOFVAyrqC4Za6wr9TGMGsWn/RP3L8Cyx2NXvLagyPiWLS4P4HghnsBSsALqmWzvq1/Qrqc=
BMwmSO5ECXSU5JQsaCxJ0qJhi8Z8dje0YUtkJ7+jWhuH5sXFKF4Szvm18eA8OsEBDHQ/1RTwGaXVuaZuM/uXupBNGtcocPsOfLocy4re1HDTu7hh5XmVwvL9aj+hJiGAcmwjajQkKrleXE7r1O4pfwyQ63/vIiSAWId3wVD67NEGiAYqp84jQ2oCTbcT9aKXliPlPQaLpcVIElnuGR8kGQ12nf57hFL9IbwsyAF3sFKdFLbDUdCdreLEiTFD6shNozOIY8+mXCkK80Jlm8bGdWh0e0JbdD9zaX/FQip6MZQfunfrD7OScceusg==
vcUajIb6fb5o7mjuAQE4eef9eiUV+BpZJkQTQrFZRWksvp1WN3ZS59ZVDYZfbibgh3qMc7anrxIZxCecVhqWQdqXOiTlh0ScMaVDk2ZT1rPQu9aWf5oF5AHOTulvBy0heeCa9nLfxED0jbClM9vc1V1FAo7dcclMvjjme/MMt5wnceabwwuABRS+ugxpj+J24WK5ZVVLm7ZTry9aX/2C0miY47OrYB4+IIJQHbdk/Pc+0FvXMKAMRc1Y1IKX9zSiFyK2/59u+8sdlhKzw69TOfMqSkH39Qzo7LKQgCkcLw6E60Zm5jKSlPU2p517wq6p
Vh7oPM3+CyAb7Av/ZGI3+f1QNKC5CVFI8w62no00/tEEP0yDMZyk467BNvP9Bhu9jmQGdgJFINCDcK+u4zoX327gPQRJGRb9F8RAN7G6fQrpmkIPzeAd6wLPJD3iRyd9FDbrOLW6TbQm/2s1Dc+FKkJQxl1UPpjX+JMXydzbQW86yIkTudIygk6tN/5Xsht7/v23SdC7uCQy+o1dIji9CMFjQWmraJ9Vx8zbTyK8FNK7lZ9iDsDMWJirE/Z8eaJ64xHkQvxbwWL81NOFVAyrqC4Za6wr9TGMGsWn/RP3L8Cyx2NXvLagyPiWLS4P4HghnsBSsALqmWzvq1/Qrqc=
vcUajIb6fb5o7mjuAQE4eef9eiUV+BpZJkQTQrFZRWksvp1WN3ZS59ZVDYZfbibgh3qMc7anrxIZxCecVhqWQdqXOiTlh0ScMaVDk2ZT1rPQu9aWf5oF5AHOTulvBy0heeCa9nLfxED0jbClM9vc1V1FAo7dcclMvjjme/MMt5wnceabwwuABRS+ugxpj+J24WK5ZVVLm7ZTry9aX/2C0miY47OrYB4+IIJQHbdk/Pc+0FvXMKAMRc1Y1IKX9zSiFyK2/59u+8sdlhKzw69TOfMqSkH39Qzo7LKQgCkcLw6E60Zm5jKSlPU2p517wq6p
Vh7oPM3+CyAb7Av/ZGI3+f1QNKC5CVFI8w62no00/tEEP0yDMZyk467BNvP9Bhu9jmQGdgJFINCDcK+u4zoX327gPQRJGRb9F8RAN7G6fQrpmkIPzeAd6wLPJD3iRyd9FDbrOLW6TbQm/2s1Dc+FKkJQxl1UPpjX+JMXydzbQW86yIkTudIygk6tN/5Xsht7/v23SdC7uCQy+o1dIji9CMFjQWmraJ9Vx8zbTyK8FNK7lZ9iDsDMWJirE/Z8eaJ64xHkQvxbwWL81NOFVAyrqC4Za6wr9TGMGsWn/RP3L8Cyx2NXvLagyPiWLS4P4HghnsBSsALqmWzvq1/Qrqc=
vcUajIb6fb5o7mjuAQE4eef9eiUV+BpZJkQTQrFZRWksvp1WN3ZS59ZVDYZfbibgh3qMc7anrxIZxCecVhqWQdqXOiTlh0ScMaVDk2ZT1rPQu9aWf5oF5AHOTulvBy0heeCa9nLfxED0jbClM9vc1V1FAo7dcclMvjjme/MMt5wnceabwwuABRS+ugxpj+J24WK5ZVVLm7ZTry9aX/2C0miY47OrYB4+IIJQHbdk/Pc+0FvXMKAMRc1Y1IKX9zSiFyK2/59u+8sdlhKzw69TOfMqSkH39Qzo7LKQgCkcLw6E60Zm5jKSlPU2p517wq6p
Vh7oPM3+CyAb7Av/ZGI3+f1QNKC5CVFI8w62no00/tEEP0yDMZyk467BNvP9Bhu9jmQGdgJFINCDcK+u4zoX327gPQRJGRb9F8RAN7G6fQrpmkIPzeAd6wLPJD3iRyd9FDbrOLW6TbQm/2s1Dc+FKkJQxl1UPpjX+JMXydzbQW86yIkTudIygk6tN/5Xsht7/v23SdC7uCQy+o1dIji9CMFjQWmraJ9Vx8zbTyK8FNK7lZ9iDsDMWJirE/Z8eaJ64xHkQvxbwWL81NOFVAyrqC4Za6wr9TGMGsWn/RP3L8Cyx2NXvLagyPiWLS4P4HghnsBSsALqmWzvq1/Qrqc=
vcUajIb6fb5o7mjuAQE4eef9eiUV+BpZJkQTQrFZRWksvp1WN3ZS59ZVDYZfbibgh3qMc7anrxIZxCecVhqWQdqXOiTlh0ScMaVDk2ZT1rPQu9aWf5oF5AHOTulvBy0heeCa9nLfxED0jbClM9vc1V1FAo7dcclMvjjme/MMt5wnceabwwuABRS+ugxpj+J24WK5ZVVLm7ZTry9aX/2C0miY47OrYB4+IIJQHbdk/Pc+0FvXMKAMRc1Y1IKX9zSiFyK2/59u+8sdlhKzw69TOfMqSkH39Qzo7LKQgCkcLw6E60Zm5jKSlPU2p517wq6p
Vh7oPM3+CyAb7Av/ZGI3+f1QNKC5CVFI8w62no00/tEEP0yDMZyk467BNvP9Bhu9jmQGdgJFINCDcK+u4zoX327gPQRJGRb9F8RAN7G6fQrpmkIPzeAd6wLPJD3iRyd9FDbrOLW6TbQm/2s1Dc+FKkJQxl1UPpjX+JMXydzbQW86yIkTudIygk6tN/5Xsht7/v23SdC7uCQy+o1dIji9CMFjQWmraJ9Vx8zbTyK8FNK7lZ9iDsDMWJirE/Z8eaJ64xHkQvxbwWL81NOFVAyrqC4Za6wr9TGMGsWn/RP3L8Cyx2NXvLagyPiWLS4P4HghnsBSsALqmWzvq1/Qrqc=
vcUajIb6fb5o7mjuAQE4eef9eiUV+BpZJkQTQrFZRWksvp1WN3ZS59ZVDYZfbibgh3qMc7anrxIZxCecVhqWQdqXOiTlh0ScMaVDk2ZT1rPQu9aWf5oF5AHOTulvBy0heeCa9nLfxED0jbClM9vc1V1FAo7dcclMvjjme/MMt5wnceabwwuABRS+ugxpj+J24WK5ZVVLm7ZTry9aX/2C0miY47OrYB4+IIJQHbdk/Pc+0FvXMKAMRc1Y1IKX9zSiFyK2/59u+8sdlhKzw69TOfMqSkH39Qzo7LKQgCkcLw6E60Zm5jKSlPU2p517wq6p
Vh7oPM3+CyAb7Av/ZGI3+f1QNKC5CVFI8w62no00/tEEP0yDMZyk467BNvP9Bhu9jmQGdgJFINCDcK+u4zoX327gPQRJGRb9F8RAN7G6fQrpmkIPzeAd6wLPJD3iRyd9FDbrOLW6TbQm/2s1Dc+FKkJQxl1UPpjX+JMXydzbQW86yIkTudIygk6tN/5Xsht7/v23SdC7uCQy+o1dIji9CMFjQWmraJ9Vx8zbTyK8FNK7lZ9iDsDMWJirE/Z8eaJ64xHkQvxbwWL81NOFVAyrqC4Za6wr9TGMGsWn/RP3L8Cyx2NXvLagyPiWLS4P4HghnsBSsALqmWzvq1/Qrqc=
vcUajIb6fb5o7mjuAQE4eef9eiUV+BpZJkQTQrFZRWksvp1WN3ZS59ZVDYZfbibgh3qMc7anrxIZxCecVhqWQdqXOiTlh0ScMaVDk2ZT1rPQu9aWf5oF5AHOTulvBy0heeCa9nLfxED0jbClM9vc1V1FAo7dcclMvjjme/MMt5wnceabwwuABRS+ugxpj+J24WK5ZVVLm7ZTry9aX/2C0miY47OrYB4+IIJQHbdk/Pc+0FvXMKAMRc1Y1IKX9zSiFyK2/59u+8sdlhKzw69TOfMqSkH39Qzo7LKQgCkcLw6E60Zm5jKSlPU2p517wq6p
Vh7oPM3+CyAb7Av/ZGI3+f1QNKC5CVFI8w62no00/tEEP0yDMZyk467BNvP9Bhu9jmQGdgJFINCDcK+u4zoX327gPQRJGRb9F8RAN7G6fQrpmkIPzeAd6wLPJD3iRyd9FDbrOLW6TbQm/2s1Dc+FKkJQxl1UPpjX+JMXydzbQW86yIkTudIygk6tN/5Xsht7/v23SdC7uCQy+o1dIji9CMFjQWmraJ9Vx8zbTyK8FNK7lZ9iDsDMWJirE/Z8eaJ64xHkQvxbwWL81NOFVAyrqC4Za6wr9TGMGsWn/RP3L8Cyx2NXvLagyPiWLS4P4HghnsBSsALqmWzvq1/Qrqc=
vcUajIb6fb5o7mjuAQE4eef9eiUV+BpZJkQTQrFZRWksvp1WN3ZS59ZVDYZfbibgh3qMc7anrxIZxCecVhqWQdqXOiTlh0ScMaVDk2ZT1rPQu9aWf5oF5AHOTulvBy0heeCa9nLfxED0jbClM9vc1V1FAo7dcclMvjjme/MMt5wnceabwwuABRS+ugxpj+J24WK5ZVVLm7ZTry9aX/2C0miY47OrYB4+IIJQHbdk/Pc+0FvXMKAMRc1Y1IKX9zSiFyK2/59u+8sdlhKzw69TOfMqSkH39Qzo7LKQgCkcLw6E60Zm5jKSlPU2p517wq6p
vcUajIb6fb5o7mjuAQE4eef9eiUV+BpZJkQTQrFZRWksvp1WN3ZS59ZVDYZfbibgh3qMc7anrxIZxCecVhqWQdqXOiTlh0ScMaVDk2ZT1rPQu9aWf5oF5AHOTulvBy0heeCa9nLfxED0jbClM9vc1V1FAo7dcclMvjjme/MMt5wnceabwwuABRS+ugxpj+J24WK5ZVVLm7ZTry9aX/2C0miY47OrYB4+IIJQHbdk/Pc+0FvXMKAMRc1Y1IKX9zSiFyK2/59u+8sdlhKzw69TOfMqSkH39Qzo7LKQgCkcLw6E60Zm5jKSlPU2p517wq6p
