EPQmLoaToIJYT2SWRSCaZqLnnRC7pUhMtj9KDiNveeyE29NIa7HU2vJj9dImtVV2pEhuQvDCE+XLlvF5d8BDI+LQDF6LOceubsxUdCjny5p8FXo2Uz18TpyXmc7MWMvplGAzpJ41M2BLeSkgKol/kZOb94yCa3vb3Hr45EiatUPLjG6qrmgJfGvnAUBf54egtNk=
QmGesdrL0GkybixS4Oe8pi4kSKPZCzleeHQrYRzH0C85HhqaAHix1QxLLNrFx5CAYpPx8NA9e/URV9ns0KxT/4PkPmL4lsBxfwD8i8akq9vY5OzZ1QwErh/T9B4vloYzN2pbF0UCAl+LS9PFi946zZ8xbPR0ZsAsIblrMjLY9i7NtrvJLSI38bO6tMc=
BPkcQBcyYTSqZIpknY8O5Q8+z0f//CWX4mIoX4JsDVbNX+4W0Kz0IE5PxFWVpdjwnKUvBwRl4zlQi6/hLxDhhra25FV4fq8G2Cyh+cTvrGY49uLMiheRrMgpK5mZs5mQ6FjjcysgHn6gQlDdNyT8t74QWxew4AwFTZjUQhe3NOKX4rY/Hy77i51WEnND71N5c+pKgXe1DKhscpBAqV0rTgosRqJlcpvVdfanXfuetPs=
cbGlz5KYV0Oluw0+DWXuxBlDAzpYTePEGIz0wEs6O+2YciSMc35IFQWUBFlRem43iF8I6dXyt6cKheMGU+L1vBwhTzxCFE9PPk5TZFhff2gzsWwkx+1tUuYRTUMGPwEeUrVkMyx5Ff4IKWYElR71TJGvJpvL0ANCm4vxw7h3AQvcrbW0zg==
DLbclTWKLMJgao0jxz4cHjRIvnNzzpY0jsj1tsvlvWRFYP/4FIkMAZ8Cd73kGrAM55+1xcmsUDklYmIHlLf8KWFaK9eGHVemhxo5bCAJWzxWPHOf8raHxOzH8xivGdjkMwVxYuoJOSNSB83Orl3ws7gRaa5EEbLkYQb5fI3HUtt/eJ+yFxNFY+wPTVvghaG02g==
idQZwM07pWVhOYk9tG0fvzRIvnNzzpY0jsj1tsvlvWRFcff2EoYNU58Cd73kGrAM5561xcmsUDklYmIHlLf8KWFaK9eGHVemhxo5bCAJWzxWPHOf8raHxOzH8xivGdjkMwVxYuoJOSNSB83Orl3ws7gRaa5EEbLkYQb5fI3HUtt/eJ+yFxNFY+wPTVvghaG02g==
wNYi2t+47gBCfJ8jsWcMMita/K3b0lG+SXyymLww1JClmqGBomEnEvCdHNeaTAxCd9W2wUvdtVEpYisykPARnVxjLPKXijEI8jux2MA1W71B/1lEgORz95PMfspoHmA5Lyj8o5bsC1NITKzxxQQk5k97dLZ/3qY7J0Ibv9WKohfbY9Pt25aaRQ+ZLNxkbuBkcRHrmmKQ1ibdnvthvaqXueOStO8=
2WKevsOop5dpSwyx+hFAkYQXr6dcEbwPQGgoEmY76qbyCiX1US7LJpiMIVmEz6xGflZhbMo3kYyIias52ZOZsKj4Y9NrAB5e4OLQfXcE/Jf+sNu38MAMJQ04VOJXlzTC10I2n18O+6vd9pLTA89TWTNKyiE3lQyILNIQ4Ol9K25KjMYCJVKb9TVWJ/27vrTb
S7NvNLkvX1uS5hGggxQ4MkD2ckqHoTgTdzknWq1Vt0RcZOdxYStPdc2U47S+q1eos0OVBmWVBs76TK1PV21bKNqpz8YwT9ZjFgkLTinflDk99k3e68RCndG83KgRNyByTZSG4+EQrQ2yxNnRMyq4rdOz2INfZkyJuvPyxYuGVhW49IsiqzTPE7h7FewdOoW3LzMmy59zgpGrtNA=
ukZxDoIejLBVD+yOQrqRatio5eiMG7+TRO2cKygEGMaB7eSw/w31AYmSq0IwINHNPFMswvDa8dhSSzEoYGUbbaHPWXRgNDOnMzz+usjOoGlPGPyT9rzLg+g8LAFlVGQ2r0t0hp8O5muHspvPdVpiR7tT0927xlqVr+msLMQ+oLSRIeuqgkCWdn1uexEdelfpg6K03w==
uyPEYM5GNQv4U+JXncU7ZG2sutRh/cfzubmb9OqyBuE0r/Xzc+rjDXBiLIx7YSF1XcQ8mYmKltcg74BpXYLfB7I1O8arMi2cNDFHPEoEZ2/mnqukgO/HyFvB5KRPXcWyHuGVgz5vWX46pWwzJGn9HtD5XkTNbo0sOR+uG0Mg6+IjO6mDwCdZK/S9vbTG
QChmoVTN8pnjipMU+MVmF/qWmuTT9nc4SayIWMa06n7o5AFhlMesXk9/ARSaf1FUeGELgUkbGSgYUIMru8heBpCK8EVnDPyPzpi7z6CIzP390PRaxx+0Wmfq1mePxrvzrZ6y6xPHU0EDYqpZZ93MUNw6sFh59av2+iQm+vWa261FPgfFq7a0ww==
2cBr+z7cLQjPOocD+cwuL4QNo6peUPVHX39xHypktfTwE2T1US7LJpiMIVmEz6xGeVdhbMo3kYyIias52ZOZsKj4Y9NrAB5e4OLQfXcE/Jf+sNu38MAMJQ04VOJXlzTC10I2n18O+6vd9pLTA89TWTNKyiE3lQyILNIQ4Ol9K25KjMYCJVKb9TVWJ/27vrTb
rsyKbnTtZX30KeQIB4W9kjm4i55Y76/EOH3sMQ3M6KPDM8ghG1OYRzSrqNC+RK0LC2VEGi6uk5fLbdScMAGHwb1dRYF8XE6SBG/Nlt31zh6STEUdHozjuAJpt/YoL56Tvonj/mH/jEkFNhVOE2QKTfm89HhZl9jiFVS+k/kw5b1aRHEhe0qgnatzABPnhgTZUvOaFUPm7oXgtHMSs9QHYxD7fVzVGp1HF3P+W+fTSsGDtPg=
Lgp3kocM4knQ4wBcS6G1746Kt8AaZIyyOGEmb38Pxlr8CmQBGR0kYCGI87vPHZLkAI4KH+NKs01AgjyMaw8QtI1krBk5amYXcI+waa2ij0cClctGO1J9XMQRVzxaJJevtv47JHBPd4gL4RSkfz2Vcu4BJQOuz4m+CsV8MzSJzV6AWc7EfQ79bOn/nhszADsik5vZA1DHiWuEna201g==
oSGz/QnTejLOXt3q1GUc39AgLNba4psgNgy4QgwZGm9Dd/KqyGJI4TV1cLD10K97E0XGNNQmZr8P4sf9tDpADJe3ZAR5zMC51cIyR6RX7ClxetsX1n3nJhe6SSzw6Ws8Ztyj34IWF0Rcp6PYXznI5CPlQSK6qcmjwmd9Dn59gLNIMTnu9PEiZBGmKby9p0Lbb1jv8sfz9eN8r72bsOWRtOo=
iCPtl3rZNVehZ+V7vWQusdhPvb9ERXgCqL2CNcaLm5vvwPF3JkfowXmu6+0kYkI+y+Dzs4grnB8X5EyqWVOYIew00cHo1qZpQW68j7MTJV35IiwOy4knPu5c9ITot6uqfCUaZpPN3N4cB3l+jAjrGZQQE3RehVPwy+mJUGpZn6GTqxdcwhvbS1zqmFSISpUzy3xO+u7Y6ezrd6Gwn7fnkLTp
aLrmSmt6G6aliB9rcezweLBpPwxM8TD2iTAkGLJKBh0Yb0Fz+KLCdlrxJ2GamJ/0TVtxYSwcvvK07102DbX+/oJMVXMuTLMYkukHFljvTvOOiZPesb886XW2hS7DpHpt6bzkWClXCIKF1M4zSXA1nSpEQUGritB9G/OQs7dGNLlC84r1c6Y+JXA0w3JDlFeDIPuNfIXaLefn8267t5O64ZO06A==
6B10mmAa9U8LTr3XL7T0h4QXr6dcEbwHQn46Rmsy9PTyDGyhH3u5JpiMIVmEz6xGdFRgbMo3kYyIias52ZOZsKj4Y9NrAB5e4OLQfXcE/Jf+sNu38MAMJQ04VOJXlzTC10I2n18O+6vd9pLTA89TWTNKyiE3lQyILNIQ4Ol9K25KjMYCJVKb9TVWJ/27vrTb
oAgHip4trFHShkpXwwnzCMVELeXart3r4dzSwZzU31y4iluvwsdBPinFuiZuzDki7bOXEI7J+948f8oLIsn/5rWvGKHJVhmmpxS+tcW8yIDt52wKGTRye21gMaVGBO25Lxq0tefTjLuTtvDhLnNmLTfWGi1sFL86pwTT+4w7YUSBygkvW5PyM1Mj/rm/tMQ=
XR599n+vGFNx9K2cz+ROHzEUTWSYgG7zm4N99u01Xr7iTLW5icPTWLLp59Y4b+4zbomzntE/nClVtuVuYySarcm8xJjJ16jC5dTu8+nwVd0KRKGBCwqwvfvzsPPXxpR5ovPqtdMm3uVQNKMyoxT3w0D7rbxlWo2nx/OOexcT2qGztMg=
XmF8TcReTXdfZ62EarPzsYTc5wQC5x1we4QMCtmzWAHsFBomZ3bmCUFOfG8zs2U9+cLsrkvpZx7uvDQkaNfrinwFWgYTbRw+HCc5HgyoK/mUcFPU3mWT0MuJyfDquV+Bk4vXvEK7mytcyli0COrVU8ucjlpuuKnM65dhEB/Xp7C0yQ==
5Eo+FAgxU2Ci3JLUjau6YzMUTXWalmrzm4N99u01Xr7iTLW/icPTWLLp59Y4b+4zbomzntE/nClVtuVuYySarcm8xJjJ16jC5dTu8+nwVd0KRKGBCwqwvfvzsPPXxpR5ovPqtdMm3uVQNKMyoxT3w0D7rbxlWo2nx/OOexcT2qGztMg=
9ga5W3HjqbcIxe+BfJZP1ITc4RIe+h1we4QMCtmzWAHsFBwmZ3bmCUFOfG8zs2U9+cLsrkvpZx7uvDQkaNfrinwFWgYTbRw+HCc5HgyoK/mUcFPU3mWT0MuJyfDquV+Bk4vXvEK7mytcyli0COrVU8ucjlpuuKnM65dhEB/Xp7C0yQ==
B1G9WY+R/DkO/perRtBAGoTc4AQM/x1we4QMCtmzWAHsFB8mZ3bmCUFOfG8zs2U9+cLsrkvpZx7uvDQkaNfrinwFWgYTbRw+HCc5HgyoK/mUcFPU3mWT0MuJyfDquV+Bk4vXvEK7mytcyli0COrVU8ucjlpuuKnM65dhEB/Xp7C0yQ==
HA3aCdvUJL8OAZpnCEtgjMeprOGRFLiWSaTSJzYUTJST4OTjrEinRsbA+0IwINHNPFMswv3Z/thSSzEoYGUbbaHPWXRgNDOnMzz+usjOoGlPGPyT9rzLg+g8LAFlVGQ2r0t0hp8O5muHspvPdVpiR7tT0927xlqVr+msLMQ+oLSRI+uqgkCWdn1uexEdelfpg6K03w==
pu6vK0EhBXVfFsROOiaVUo7A1DNbfBnRn0hwotGp7cPIEnVb+8JnivCufzFDDaSDmVixV7DqOJZ4XGEppN+sdhkErpxqpxE8aFnrSfmDmYDIqKMjy5Ce7gAykA1XFPynnuAbR1BQjJXt6BSSd4c08rcS9m//nnsbPSbSoyPfU2lTGgrRlwWMOMwCUJDJbyteKtwG8oXCG0XVhmeNm6606w==
mm7Ktw3IXRA762udiF3kbFkvZxYNetC5/cR4KEYNwvCpm9NBSHmgab7e48mkpkEjIBBGGEll6LvhSCtujzgVV4vLHOBEgUoAKlJmsJsnQgsRrNFuNxv/Vpd5ws4QDNOfQwQ+Arh2QNE/IPyrhgQrO5iE7DkVbIQO3/P0Pu82BlP3ilt3BeKC/8tr0+XLfrot31FsFLQGQIzhlGsS8nh2Tg1Wu6ltwrdR85q05w==
mm7Ktw3IXRA762udiF3kbFkvZxYNetC5/cR4KEYNwvCpm9NBSHmgab7e48mkpkEjIBBGGEll6LvhSCtujzgVV4vLHOBEgUoAKlJmsJsnQgsRrNFuNxv/Vpd5ws4QDNOfQwQ+Arh2QNE/IPyrhgQrO5iE7DkVbIQO3/P0Pu82BlP3ilt3BeKC/8tr0+XLfrot31FsFLQGQIzhlGsS8nh2Tg1Wu6ltwrdR85q05w==
iW7LZODhKISM43K25flcv6wXEI3W6EilNIoE0EG9X1Fi2MA2DV2436EiYMcqaMSa+UhumdDoq4OHvLQu9vba68TlUTZ29/+MOO/S1s2ZCTQO8MZjKaA1JNd5hkNTY8D9JPYalDmn4k6R6lk9RaNbzuNnD0KPVQJqmJCDazsIXsYQyvCF50z8z05Yu48gSMw9fZD0mkdftBrnKtYnDwa7My3esiuTh1MBg6KqGecdzJBcerCY+bmrtnrkJrp1WtttxX4HBSv2tIM=
TA/ftneI3WOlEgw6ZVoSfaOe4TzeHEeTmQ89ikLT0m4uQlOzOvHbgfAXghzB9DkHKJjk9+MsEIj1PBl34Qpmii176GGtiCmEG/LYGpyFmdxifxeOTj6hD6RR12D5wnzXxQXvkYja5MHuSG6aL25bc5ICNYfrVSonfmONLQ6r/RXQksE+wX8sCSU2NQ7z5OoNGbwUOLkXOKI1VJ7TWbBFfXpEEeEbysBdy3Ng00cGpBly87pV42ZOxQC0k1JTVOcj/PtdHHWaPYc3c96bh1MqAeO0mA==
5aQsyu0YOnycdq91UcjSIljgju6s4p55vp6x+9NUOHPzkreejd5amokim81bnQkBgP/35n+as2A+Eu4dYZq0i6M3zWm5lsSqWw2vyk4ovEA4k8OefBFyQkMJlKq88/H6HKwDrdQk+1BOgVsE653BlLr99xUTH3/4Et+TP3wekFCYbn0Li8imXn5cYRhLA+l0T5OPpLTd
YPwxSUOjJis+fV5uVJRjb2ciLFTLJDTFZHu52tCf+wlJXWsA0c3jXQID4FvSfCbZgV+0WXsKA/giaZe2iK8+056Jg76Bf+yJ5TZ1jrPkqo3ZvNS4+Rd4InVUXlOZsAX9OkRRYdvKAN2LcyBTBwZkmbLz+tWjZo5FwLRT0hNUp6M8+52ctZp9B3dzHhtHU+qBo7TY
ZJ7xhnVmziSljFn3TKKKrt/4242Yog+Y1FQMv6lj2N23iAxpRuYQl1yK2HQIqlWWytwOmm74KQzr1+HQH5cncLQJ
FF3kys8gjXRXWbbNQtaEqYaOu8gfUN+oNlxpf2VGpVivMFgvKAg3ciLNtaTZXtjkCJoBPI4T42t0ryb1bVBK6tFktQh0dyATc8m+cq+ij0cClctGO1J9XMQRVzxaJJevtv47JHBPd4gL4RSkfz2Vcu4BJQOuz4m+CsV8MzSJzV6AWc7EfQ79bOn/mxozADsik5vZA1DHiWuEna201g==
WUKd2O3+fPB0kjbQHWg/UWniZLAaPpLudqdWMdTVdk9yueuJ60IKksbUaTUkDSO8eCl0/kmgpUidi/7uhMtR/X6rr9zhBn/G0lonFvZXmh1ae40vYSpXcFFXdaDUSALUUHph3fsnOUnxZ9ncMDwT76OUvpLYhgDhHzD8u6Y0a8v4FGyp9RxEPv/j9C7PBsYjFxrb52USws/re9P160763b/B7IRUdoC8wYxqAtJItj7txjs5DTL3YdOKtPc=
2Aa9wnixyu5nhIRqbdiVDB5hpJUnE6jvXt87ajVlP4YeKiey9ikh7+/oJFluRv0NpHTbAjv037MMemWMDfoVV/+zFqvvM7Ixe7QA
mv8WSqtGRiU/cWqqvSDZsTfV4vL36NM2V8nVOpp5U2epHx8aHX/Ntemwg0BOVRSlRuRRb28l1JRBTSVcOzqu3ahyWBdPYmB6teI6BHXeVcwx70Ka6xDjwntL0cPYN2GLfG1VtC4=
Kr8DH0Z60Uc6hqLHHFBUBvaEJ1eNrSoBhh6IHc/VDwesVF1eWt65kPkuSkoYFZvhkQm2gJ9cU/lIlmdcdNDki7mXkHk3LESdVtL4E/xOsEDY3t0zivgG7r5MQcjL0wlkj2NvVLQt
zyUMnVWYH5DZFeoilPKqoBd+YCxRRiViWuLBrAkSMvb4qeNdYbXOPF9gK8W4qh9glOycN0kr6MW3kDwhpm6ALxxyyHwo4qUPSkR+Uk7wOXQrb3FYf18XaLQR
n/dHfvuXwThfrSyyEtyqECppy9cvmVEZQ08tZlrmybgZBhoS2M3LiTHhBvgfpOOR6H63BDQINKPZv2BBNxS0tTb6KMu8FmCoeLZtywqAtgYeJBEQC4tZTG9LH2y0FQ==
jNRS9d3p6BVDsCblDabJEgNa5PIeq3ADdE8tZlrmybgZBhoS2M3LiTHhBvgfpOOR6H63BDQINKPZv2BBNxS0tTb6KMu8FmCoeLZtywqAtgYeJBEQC4tZTG9LH2y0FQ==
LBfqNoaSBJE46rYoA2L6GXM1mRjFp93noeDaZE02kZyGhEg/f/eJC6qevwaHPwDEy7LEWmB9AfUsh/dWcHt+oPQd7CSUlgCcge1qYpJoNt4tZjuZTVJ3QRNqtBc=
+La5gbCBRAGmhBS0UzBlO1kvZxYNetC5/cR4KEYNwvCpm9NBSHmgab7e48mkpkEjIBBGGEll6LvhSCtujzgVV4vLHOBEgUoAKlJmsJsnQgsRrNFuNxv/Vpd5ws4QDNOfQwQ+Arh2QNE/IPyrhgQrO5iE7DkVbIQO3/P0Pu82BlP3ilt3BeKC/8tr0+XLfrot31FsFLQGQIzhnWoS8nh2Tg1Wu6ltwrdR85q05w==
DK0z7eZUzgs8wZ+vYUDrXx5hpJQnE6jvXt87ajVlP4YeKiey9ikh7+/oJFluRv0NpHTbAjv037MMemWMDfoVV/+zFqvvM7Ixe7QA
4gYkWZVq7CKud/oowOd3cZ1V23Bq2Cejqn0Lnd7i/B2+f5H78Tth1Bw77frLsBL6att163BontnAlkB10ATEL/BjMxPRdDDczI0yhvnWXfRBf8Pq2ELVYmJY1qWUhghfmNsn0dzDcSdaQBmreSoiim7lR2bXKuuz3vWnMZADKKzSMr1FIiCNwCHr0dHrEI9d5wQr16IkZJqbnY+aznhc0PjjI+58YZIyg5l0+jyj0WrcnKMd1JRbYA4Re9RrTaEE+g2X5RPvHwhST/Pv/M6wwNhe3bOKeAZuvsxBSMtTCeSP42/UtK0=
aFX9XmpK7O05WOQS+IG3EHzrQ7ZGM+6bmdzNgzYC3fg4DmMxeH8JxTWUtxN3FJWBEra9Gsc7eIHI+oc9O5aIVZAX+3KckaFgaqgvgW2zYdUQcRtI0UPvnu9cPBwNttocRKVQXED3utbHoyLhsaw/mmrV92fZXd5CYk2I+Ki2SXZNH6TCg+t9zUyLuFPrIQizq9lm8neyVyfqxUMGMyKVPDxhrzyiVG/PXo4zZPgfn+jT8cwkpy1N0sZRrUOmfyGeMnXEM4w59X4o6cYE9d7VzLHvwpprEGPC+0tRw1g34Yv8bdW0rg==
p0r2HWrb6LkuarFfrQ4KCb44fRVwWxowFSbPQ5UvioIoA6kb8RG/vBF1f7HyttQfz/gXy4Ov6NiqOJpHhqf5wVs3dOngtj7B2uDZi3nKYuruRQyD0EorE14VZ1GQI2gMUlJ9ZSIATaChS5Hx63BPvWek67eixCQ6G/3Pes5YnHB4A2POfEHS0gM5tNo8Q5EKXDzj/dT0m8CO8bu0a23hpHptV8UTz99o0u+zz/yucCBY/h3TiphGzj6sAajLc8lEDwMv9LSN
VtMOtTzIq5/IjTsOcw7kCKJhi8Z8dje0YUtkJ7+jWhuH5sXFKF4Szvm18eA8OsEBDHQ/1RTwGaXSu6ZuM/uXupBNFtYocPsOfLocy4re1HDTu7hh5XmVwvL9aj+hJiGAcmwjajQkKrleXE7r1O4pfwyQ63/vIiSAWId3wVD67NEGiAYqp84jQ2oCTbcT9aKXliPlPQaLpcVIElnuGR8kGQ12nf57hFL9IbwsyAF3sFKdFLbDUdCdreLEiTFD6shNozOIY8+mXCkK80Jlm8bGdWh0e0JbdD9zb3rFTC16NZcfs3brD7OScdu0oA==
alF9CkVBuHBL08dws3kMiKJhi8Z8dje0YUtkJ7+jWhuH5sXFKF4Szvm18eA8OsEBDHQ/1RTwGaXVuaZuM/uXupBNF9YocPsOfLocy4re1HDTu7hh5XmVwvL9aj+hJiGAcmwjajQkKrleXE7r1O4pfwyQ63/vIiSAWId3wVD67NEGiAYqp84jQ2oCTbcT9aKXliPlPQaLpcVIElnuGR8kGQ12nf57hFL9IbwsyAF3sFKdFLbDUdCdreLEiTFD6shNozOIY8+mXCkK80Jlm8bGdWh0e0JbdD9zb3rFTC16NZcfs3brD7OScdu0oA==
mIOUMTZs39aAfuGNjJy4HaJhi8Z8dje0YUtkJ7+jWhuH5sXFKF4Szvm18eA8OsEBDHQ/1RTwGaXSu6ZuM/uXupBNGNYocPsOfLocy4re1HDTu7hh5XmVwvL9aj+hJiGAcmwjajQkKrleXE7r1O4pfwyQ63/vIiSAWId3wVD67NEGiAYqp84jQ2oCTbcT9aKXliPlPQaLpcVIElnuGR8kGQ12nf57hFL9IbwsyAF3sFKdFLbDUdCdreLEiTFD6shNozOIY8+mXCkK80Jlm8bGdWh0e0JbdD9zb3rFTC16NZcfs3brD7OScdu0oA==
tMaL33mMNJv3Vau2fU67LKJhi8Z8dje0YUtkJ7+jWhuH5sXFKF4Szvm18eA8OsEBDHQ/1RTwGaXVuaZuM/uXupBNGdYocPsOfLocy4re1HDTu7hh5XmVwvL9aj+hJiGAcmwjajQkKrleXE7r1O4pfwyQ63/vIiSAWId3wVD67NEGiAYqp84jQ2oCTbcT9aKXliPlPQaLpcVIElnuGR8kGQ12nf57hFL9IbwsyAF3sFKdFLbDUdCdreLEiTFD6shNozOIY8+mXCkK80Jlm8bGdWh0e0JbdD9zb3rFTC16NZcfs3brD7OScdu0oA==
hnwBUb565s4LREAw1I4s6aJhi8Z8dje0YUtkJ7+jWhuH5sXFKF4Szvm18eA8OsEBDHQ/1RTwGaXSu6ZuM/uXupBNGtYocPsOfLocy4re1HDTu7hh5XmVwvL9aj+hJiGAcmwjajQkKrleXE7r1O4pfwyQ63/vIiSAWId3wVD67NEGiAYqp84jQ2oCTbcT9aKXliPlPQaLpcVIElnuGR8kGQ12nf57hFL9IbwsyAF3sFKdFLbDUdCdreLEiTFD6shNozOIY8+mXCkK80Jlm8bGdWh0e0JbdD9zb3rFTC16NZcfs3brD7OScdu0oA==
IiVWXwjiOVWQ+5xUfdHgxqJhi8Z8dje0YUtkJ7+jWhuH5sXFKF4Szvm18eA8OsEBDHQ/1RTwGaXVuaZuM/uXupBNG9YocPsOfLocy4re1HDTu7hh5XmVwvL9aj+hJiGAcmwjajQkKrleXE7r1O4pfwyQ63/vIiSAWId3wVD67NEGiAYqp84jQ2oCTbcT9aKXliPlPQaLpcVIElnuGR8kGQ12nf57hFL9IbwsyAF3sFKdFLbDUdCdreLEiTFD6shNozOIY8+mXCkK80Jlm8bGdWh0e0JbdD9zb3rFTC16NZcfs3brD7OScdu0oA==
BcP7bqmibvSmSsRA7MShWKJhi8Z8dje0YUtkJ7+jWhuH5sXFKF4Szvm18eA8OsEBDHQ/1RTwGaXSu6ZuM/uXupBNHNYocPsOfLocy4re1HDTu7hh5XmVwvL9aj+hJiGAcmwjajQkKrleXE7r1O4pfwyQ63/vIiSAWId3wVD67NEGiAYqp84jQ2oCTbcT9aKXliPlPQaLpcVIElnuGR8kGQ12nf57hFL9IbwsyAF3sFKdFLbDUdCdreLEiTFD6shNozOIY8+mXCkK80Jlm8bGdWh0e0JbdD9zb3rFTC16NZcfs3brD7OScdu0oA==
qeUYpZQVhOUnk28CUl1SnqJhi8Z8dje0YUtkJ7+jWhuH5sXFKF4Szvm18eA8OsEBDHQ/1RTwGaXVuaZuM/uXupBNHdYocPsOfLocy4re1HDTu7hh5XmVwvL9aj+hJiGAcmwjajQkKrleXE7r1O4pfwyQ63/vIiSAWId3wVD67NEGiAYqp84jQ2oCTbcT9aKXliPlPQaLpcVIElnuGR8kGQ12nf57hFL9IbwsyAF3sFKdFLbDUdCdreLEiTFD6shNozOIY8+mXCkK80Jlm8bGdWh0e0JbdD9zb3rFTC16NZcfs3brD7OScdu0oA==
sDXyqe1gBLTrlueIiwR7T6Jhi8Z8dje0YUtkJ7+jWhuH5sXFKF4Szvm18eA8OsEBDHQ/1RTwGaXSu6ZuM/uXupBNHtYocPsOfLocy4re1HDTu7hh5XmVwvL9aj+hJiGAcmwjajQkKrleXE7r1O4pfwyQ63/vIiSAWId3wVD67NEGiAYqp84jQ2oCTbcT9aKXliPlPQaLpcVIElnuGR8kGQ12nf57hFL9IbwsyAF3sFKdFLbDUdCdreLEiTFD6shNozOIY8+mXCkK80Jlm8bGdWh0e0JbdD9zb3rFTC16NZcfs3brD7OScdu0oA==
2N2OmMmgw669/RvXxiWtt6Jhi8Z8dje0YUtkJ7+jWhuH5sXFKF4Szvm18eA8OsEBDHQ/1RTwGaXVuaZuM/uXupBNH9YocPsOfLocy4re1HDTu7hh5XmVwvL9aj+hJiGAcmwjajQkKrleXE7r1O4pfwyQ63/vIiSAWId3wVD67NEGiAYqp84jQ2oCTbcT9aKXliPlPQaLpcVIElnuGR8kGQ12nf57hFL9IbwsyAF3sFKdFLbDUdCdreLEiTFD6shNozOIY8+mXCkK80Jlm8bGdWh0e0JbdD9zb3rFTC16NZcfs3brD7OScdu0oA==
hdLOFdcIclaHJUiJAzAN/6Jhi8Z8dje0YUtkJ7+jWhuH5sXFKF4Szvm18eA8OsEBDHQ/1RTwGaXSu6ZuM/uXupBNFtcocPsOfLocy4re1HDTu7hh5XmVwvL9aj+hJiGAcmwjajQkKrleXE7r1O4pfwyQ63/vIiSAWId3wVD67NEGiAYqp84jQ2oCTbcT9aKXliPlPQaLpcVIElnuGR8kGQ12nf57hFL9IbwsyAF3sFKdFLbDUdCdreLEiTFD6shNozOIY8+mXCkK80Jlm8bGdWh0e0JbdD9zb3rFTC16NZcfs3brD7OScdu0oA==
B2AEeATH/0jUslahslKKKaJhi8Z8dje0YUtkJ7+jWhuH5sXFKF4Szvm18eA8OsEBDHQ/1RTwGaXVuaZuM/uXupBNF9cocPsOfLocy4re1HDTu7hh5XmVwvL9aj+hJiGAcmwjajQkKrleXE7r1O4pfwyQ63/vIiSAWId3wVD67NEGiAYqp84jQ2oCTbcT9aKXliPlPQaLpcVIElnuGR8kGQ12nf57hFL9IbwsyAF3sFKdFLbDUdCdreLEiTFD6shNozOIY8+mXCkK80Jlm8bGdWh0e0JbdD9zb3rFTC16NZcfs3brD7OScdu0oA==
9CTJshuKCcCmIF1SR5eSH6Jhi8Z8dje0YUtkJ7+jWhuH5sXFKF4Szvm18eA8OsEBDHQ/1RTwGaXSu6ZuM/uXupBNGNcocPsOfLocy4re1HDTu7hh5XmVwvL9aj+hJiGAcmwjajQkKrleXE7r1O4pfwyQ63/vIiSAWId3wVD67NEGiAYqp84jQ2oCTbcT9aKXliPlPQaLpcVIElnuGR8kGQ12nf57hFL9IbwsyAF3sFKdFLbDUdCdreLEiTFD6shNozOIY8+mXCkK80Jlm8bGdWh0e0JbdD9zb3rFTC16NZcfs3brD7OScdu0oA==
FfRVqGSCuU9bu2ktvZjpDKJhi8Z8dje0YUtkJ7+jWhuH5sXFKF4Szvm18eA8OsEBDHQ/1RTwGaXVuaZuM/uXupBNGdcocPsOfLocy4re1HDTu7hh5XmVwvL9aj+hJiGAcmwjajQkKrleXE7r1O4pfwyQ63/vIiSAWId3wVD67NEGiAYqp84jQ2oCTbcT9aKXliPlPQaLpcVIElnuGR8kGQ12nf57hFL9IbwsyAF3sFKdFLbDUdCdreLEiTFD6shNozOIY8+mXCkK80Jlm8bGdWh0e0JbdD9zb3rFTC16NZcfs3brD7OScdu0oA==
SJe66NdPpuzu6so0dmfrGf1QNKC5CVFI8w62no00/tEEP0yDMZyk467BNvP9Bhu9jmQGdgJFINCDcK+u4zoX327gPQRJGRb9F8RAN7G6fQrpmkIPzeAd6wLPJD3iRyd9FDbrOLW6TbQm/2s1Dc+FKkJQxl1UPpjX+JMXydzbQW86yIkTudIygk6tN/5Xsht7/v23SdC7uCQy+o1dIji9CMFjQWmraJ9Vx8zbTyK8FNK7lZ9iDsDMWJirE/Z8eaJ64xHkQvxbwWL81NOFVAyrqC4Za6wr9TGMGsWn/RP3L8Cyx2NXvLagyPiWLSgK4HYmnsRRsAvrmWzvq1/MtLU=
tPEdsgvWtYD1UqeuMaFb6KJhi8Z8dje0YUtkJ7+jWhuH5sXFKF4Szvm18eA8OsEBDHQ/1RTwGaXVuaZuM/uXupBNGtcocPsOfLocy4re1HDTu7hh5XmVwvL9aj+hJiGAcmwjajQkKrleXE7r1O4pfwyQ63/vIiSAWId3wVD67NEGiAYqp84jQ2oCTbcT9aKXliPlPQaLpcVIElnuGR8kGQ12nf57hFL9IbwsyAF3sFKdFLbDUdCdreLEiTFD6shNozOIY8+mXCkK80Jlm8bGdWh0e0JbdD9zb3rFTC16NZcfs3brD7OScdu0oA==
fI4j9rD6BdFUy0Ooc64IF+f9eiUV+BpZJkQTQrFZRWksvp1WN3ZS59ZVDYZfbibgh3qMc7anrxIZxCecVhqWQdqXOiTlh0ScMaVDk2ZT1rPQu9aWf5oF5AHOTulvBy0heeCa9nLfxED0jbClM9vc1V1FAo7dcclMvjjme/MMt5wnceabwwuABRS+ugxpj+J24WK5ZVVLm7ZTry9aX/2C0miY47OrYB4+IIJQHbdk/Pc+0FvXMKAMRc1Y1IKX9zSiFyK2/59u+8sdlhKzw69TOfMqSkH39Qzo7LKQgCkaKg6K7EZi5TKblfU2p5173rS7
SJe66NdPpuzu6so0dmfrGf1QNKC5CVFI8w62no00/tEEP0yDMZyk467BNvP9Bhu9jmQGdgJFINCDcK+u4zoX327gPQRJGRb9F8RAN7G6fQrpmkIPzeAd6wLPJD3iRyd9FDbrOLW6TbQm/2s1Dc+FKkJQxl1UPpjX+JMXydzbQW86yIkTudIygk6tN/5Xsht7/v23SdC7uCQy+o1dIji9CMFjQWmraJ9Vx8zbTyK8FNK7lZ9iDsDMWJirE/Z8eaJ64xHkQvxbwWL81NOFVAyrqC4Za6wr9TGMGsWn/RP3L8Cyx2NXvLagyPiWLSgK4HYmnsRRsAvrmWzvq1/MtLU=
fI4j9rD6BdFUy0Ooc64IF+f9eiUV+BpZJkQTQrFZRWksvp1WN3ZS59ZVDYZfbibgh3qMc7anrxIZxCecVhqWQdqXOiTlh0ScMaVDk2ZT1rPQu9aWf5oF5AHOTulvBy0heeCa9nLfxED0jbClM9vc1V1FAo7dcclMvjjme/MMt5wnceabwwuABRS+ugxpj+J24WK5ZVVLm7ZTry9aX/2C0miY47OrYB4+IIJQHbdk/Pc+0FvXMKAMRc1Y1IKX9zSiFyK2/59u+8sdlhKzw69TOfMqSkH39Qzo7LKQgCkaKg6K7EZi5TKblfU2p5173rS7
SJe66NdPpuzu6so0dmfrGf1QNKC5CVFI8w62no00/tEEP0yDMZyk467BNvP9Bhu9jmQGdgJFINCDcK+u4zoX327gPQRJGRb9F8RAN7G6fQrpmkIPzeAd6wLPJD3iRyd9FDbrOLW6TbQm/2s1Dc+FKkJQxl1UPpjX+JMXydzbQW86yIkTudIygk6tN/5Xsht7/v23SdC7uCQy+o1dIji9CMFjQWmraJ9Vx8zbTyK8FNK7lZ9iDsDMWJirE/Z8eaJ64xHkQvxbwWL81NOFVAyrqC4Za6wr9TGMGsWn/RP3L8Cyx2NXvLagyPiWLSgK4HYmnsRRsAvrmWzvq1/MtLU=
fI4j9rD6BdFUy0Ooc64IF+f9eiUV+BpZJkQTQrFZRWksvp1WN3ZS59ZVDYZfbibgh3qMc7anrxIZxCecVhqWQdqXOiTlh0ScMaVDk2ZT1rPQu9aWf5oF5AHOTulvBy0heeCa9nLfxED0jbClM9vc1V1FAo7dcclMvjjme/MMt5wnceabwwuABRS+ugxpj+J24WK5ZVVLm7ZTry9aX/2C0miY47OrYB4+IIJQHbdk/Pc+0FvXMKAMRc1Y1IKX9zSiFyK2/59u+8sdlhKzw69TOfMqSkH39Qzo7LKQgCkaKg6K7EZi5TKblfU2p5173rS7
SJe66NdPpuzu6so0dmfrGf1QNKC5CVFI8w62no00/tEEP0yDMZyk467BNvP9Bhu9jmQGdgJFINCDcK+u4zoX327gPQRJGRb9F8RAN7G6fQrpmkIPzeAd6wLPJD3iRyd9FDbrOLW6TbQm/2s1Dc+FKkJQxl1UPpjX+JMXydzbQW86yIkTudIygk6tN/5Xsht7/v23SdC7uCQy+o1dIji9CMFjQWmraJ9Vx8zbTyK8FNK7lZ9iDsDMWJirE/Z8eaJ64xHkQvxbwWL81NOFVAyrqC4Za6wr9TGMGsWn/RP3L8Cyx2NXvLagyPiWLSgK4HYmnsRRsAvrmWzvq1/MtLU=
fI4j9rD6BdFUy0Ooc64IF+f9eiUV+BpZJkQTQrFZRWksvp1WN3ZS59ZVDYZfbibgh3qMc7anrxIZxCecVhqWQdqXOiTlh0ScMaVDk2ZT1rPQu9aWf5oF5AHOTulvBy0heeCa9nLfxED0jbClM9vc1V1FAo7dcclMvjjme/MMt5wnceabwwuABRS+ugxpj+J24WK5ZVVLm7ZTry9aX/2C0miY47OrYB4+IIJQHbdk/Pc+0FvXMKAMRc1Y1IKX9zSiFyK2/59u+8sdlhKzw69TOfMqSkH39Qzo7LKQgCkaKg6K7EZi5TKblfU2p5173rS7
SJe66NdPpuzu6so0dmfrGf1QNKC5CVFI8w62no00/tEEP0yDMZyk467BNvP9Bhu9jmQGdgJFINCDcK+u4zoX327gPQRJGRb9F8RAN7G6fQrpmkIPzeAd6wLPJD3iRyd9FDbrOLW6TbQm/2s1Dc+FKkJQxl1UPpjX+JMXydzbQW86yIkTudIygk6tN/5Xsht7/v23SdC7uCQy+o1dIji9CMFjQWmraJ9Vx8zbTyK8FNK7lZ9iDsDMWJirE/Z8eaJ64xHkQvxbwWL81NOFVAyrqC4Za6wr9TGMGsWn/RP3L8Cyx2NXvLagyPiWLSgK4HYmnsRRsAvrmWzvq1/MtLU=
fI4j9rD6BdFUy0Ooc64IF+f9eiUV+BpZJkQTQrFZRWksvp1WN3ZS59ZVDYZfbibgh3qMc7anrxIZxCecVhqWQdqXOiTlh0ScMaVDk2ZT1rPQu9aWf5oF5AHOTulvBy0heeCa9nLfxED0jbClM9vc1V1FAo7dcclMvjjme/MMt5wnceabwwuABRS+ugxpj+J24WK5ZVVLm7ZTry9aX/2C0miY47OrYB4+IIJQHbdk/Pc+0FvXMKAMRc1Y1IKX9zSiFyK2/59u+8sdlhKzw69TOfMqSkH39Qzo7LKQgCkaKg6K7EZi5TKblfU2p5173rS7
SJe66NdPpuzu6so0dmfrGf1QNKC5CVFI8w62no00/tEEP0yDMZyk467BNvP9Bhu9jmQGdgJFINCDcK+u4zoX327gPQRJGRb9F8RAN7G6fQrpmkIPzeAd6wLPJD3iRyd9FDbrOLW6TbQm/2s1Dc+FKkJQxl1UPpjX+JMXydzbQW86yIkTudIygk6tN/5Xsht7/v23SdC7uCQy+o1dIji9CMFjQWmraJ9Vx8zbTyK8FNK7lZ9iDsDMWJirE/Z8eaJ64xHkQvxbwWL81NOFVAyrqC4Za6wr9TGMGsWn/RP3L8Cyx2NXvLagyPiWLSgK4HYmnsRRsAvrmWzvq1/MtLU=
fI4j9rD6BdFUy0Ooc64IF+f9eiUV+BpZJkQTQrFZRWksvp1WN3ZS59ZVDYZfbibgh3qMc7anrxIZxCecVhqWQdqXOiTlh0ScMaVDk2ZT1rPQu9aWf5oF5AHOTulvBy0heeCa9nLfxED0jbClM9vc1V1FAo7dcclMvjjme/MMt5wnceabwwuABRS+ugxpj+J24WK5ZVVLm7ZTry9aX/2C0miY47OrYB4+IIJQHbdk/Pc+0FvXMKAMRc1Y1IKX9zSiFyK2/59u+8sdlhKzw69TOfMqSkH39Qzo7LKQgCkaKg6K7EZi5TKblfU2p5173rS7
SJe66NdPpuzu6so0dmfrGf1QNKC5CVFI8w62no00/tEEP0yDMZyk467BNvP9Bhu9jmQGdgJFINCDcK+u4zoX327gPQRJGRb9F8RAN7G6fQrpmkIPzeAd6wLPJD3iRyd9FDbrOLW6TbQm/2s1Dc+FKkJQxl1UPpjX+JMXydzbQW86yIkTudIygk6tN/5Xsht7/v23SdC7uCQy+o1dIji9CMFjQWmraJ9Vx8zbTyK8FNK7lZ9iDsDMWJirE/Z8eaJ64xHkQvxbwWL81NOFVAyrqC4Za6wr9TGMGsWn/RP3L8Cyx2NXvLagyPiWLSgK4HYmnsRRsAvrmWzvq1/MtLU=
fI4j9rD6BdFUy0Ooc64IF+f9eiUV+BpZJkQTQrFZRWksvp1WN3ZS59ZVDYZfbibgh3qMc7anrxIZxCecVhqWQdqXOiTlh0ScMaVDk2ZT1rPQu9aWf5oF5AHOTulvBy0heeCa9nLfxED0jbClM9vc1V1FAo7dcclMvjjme/MMt5wnceabwwuABRS+ugxpj+J24WK5ZVVLm7ZTry9aX/2C0miY47OrYB4+IIJQHbdk/Pc+0FvXMKAMRc1Y1IKX9zSiFyK2/59u+8sdlhKzw69TOfMqSkH39Qzo7LKQgCkaKg6K7EZi5TKblfU2p5173rS7
fI4j9rD6BdFUy0Ooc64IF+f9eiUV+BpZJkQTQrFZRWksvp1WN3ZS59ZVDYZfbibgh3qMc7anrxIZxCecVhqWQdqXOiTlh0ScMaVDk2ZT1rPQu9aWf5oF5AHOTulvBy0heeCa9nLfxED0jbClM9vc1V1FAo7dcclMvjjme/MMt5wnceabwwuABRS+ugxpj+J24WK5ZVVLm7ZTry9aX/2C0miY47OrYB4+IIJQHbdk/Pc+0FvXMKAMRc1Y1IKX9zSiFyK2/59u+8sdlhKzw69TOfMqSkH39Qzo7LKQgCkaKg6K7EZi5TKblfU2p5173rS7
Qa0GMNB0QK/jaAdsQJUbsekdQS9MpS6nEpYxqw1RZfARCKuOzc0IPIrd2228jekUzqTsZF0tsKopxybPXlTgv2YNZjDfS8skIDuvNMXf6MDxn3IqRb2CZNx0kzhoPMZm2CKl5EV6t//uzY8G/WmQuR2Tf9yJSdvC86w/80duP2/kvbqcZULVqUt3QZ2zgK0NTcza8s+YlSK99ieMTpZfj9rOJFpVJS5w2cJR8c5Rb/VRBnqRPIkMCkN0/I1L3fCPKGFCf77FAqBuSfGzKzlni+VR0oaajftbMMNAF28IGwJlg6REQa8ewecxVxVt55guH03OCw2soqXITlHQ3qmyUMWxwLw6/JKTJjMxxQvT3L3g4pYliuQRH9gKZTB+ISaYk96Dd07R74WwN6CIArZVMaJUZUTxz1nly6THeXfAQyPi0AxeiznHrm7MVHQo58uafBV6NlM9fE6cl5nOzFjL6ZRgM6SeNTNgS3kpICqJf5GTm/eMgmt729x6+ORImrVEyoxuqq5oCXxr5wFAX+eHoLTZ
UfzJ1wECm2KZXQ6KYh4Xnmh/rzKfm+uNBKfL/g7cCaorPBT+2ELDgpaWkVjDsj6EL1Ik/pfcH6E01a4n+FzUT2TA5nHgcxOzKOn5yBT5RZEUIgWx2DxjmU5QyaQrNdmMh1wTaLVbfcn5NUJmQjmXicI6XL00EbU1mikPq9N5MoO1BTq0imRlSWG3tGOYV6yni6cITcvU+9Orh8+F6UGtam2FuqqZGoOZ5mwNkQ2nIHo6BVCx4dQ4QBq+h9vLegzPRgoauBbcxlImoP0G5idC/3ItziWWHE/G/ql2yBxmdgszAfdVlNpdTawc/O8+YQSZzLJLP2og4jH/0OgQsZeRmvIIhRUGnsWWX3AOjlyndJ9YVjhgZRisFleDcmCVg5HaWnwtYwk9LgKSLXh4eNbZNl2/FMIzS20N3Gvo05vBeHPbOTbyJxJn51rlc4bjAgV8LAFfPFI0f4/OruPkyD8vKONRnCT3zT0StrHdw/afsV4i1XQzPJnlPriJFoQFviWMQY8RmruwU4JLa2FDCBdxS+yNpbTe
lyRMH7kzJ/d+VLaw29VJWo3I6O7gGZlLNeYImtQVMz/nvFu2mV3qJGxl8iCq1cVTSdcotPym5cRkPN3l/R3it0jgf09dtovZnDkqAP5Q9R0dO9J27Kmc2zlFcf9/YhDRqyqdHQR2cSWG5C2vnoKMPjfG0F6KsPg4scqNyMt5HmfLWOVrvM/dactSIZsH5OOm280/zLP5hOducm0w6W/7HcUDa8LBO032rrwnCglEbTwD8nZ0k9l6VLD0HRfSdqnolS9W08MDEXxOnxTbUKzT/pgzs//8mci7FhE2N77mXqP1rXP7iz1l6yZI8p/nvWCJ5OnXalfURZmwaokdYkcXmxNLdeW0WN+3eoWlfn6D2ES17qYLPsal6xRSMo6uVZZZtVvTkbCL4Njia2J2jXkIwEFORsPqzjNEF9kG4xODwB1kVpo0+cfiLlFK2Z0FQ1suo8eP4k81AgpYMAPLe+heJlBqcCUnLPyvjvg7L2CozN09MHQ6hz+0eieKVodP5rvTbX4yi1PnU2FDAiq5p/3McBzaMDg50qrWukSmGjW6242F3oel65a04w==
xg3wu5Su2Wb5V6TNW002dZC8RlGWCor88aJ64jlB1J23KTOod1PeMeqmsXOmNUpAlsNlvS1xTCNc3kdfb/7aap7zAOGi6xgjLztcxLuY911kt+C+ywL2LCprFoVKKbWomHHh4dDaObHkxKfp6thFxGf9/ZyDRM8o6cP5WZ39jkZOMXO5hoKgPUipcQX+IQOLnzHWEzGd5nTWfGFZRf94gxTfCFfP3zRN96y/Iw8PQ2UlCYl6aZ3makWCBwkCJEGxAa9ESv69LDEdbHxw/raL+weyaF/Ckkb4ysTCQgJosWZqr+aPttXyJarki7ZaIfqoUK5SGzcZKxXIQtndyNQwzzJp4KmICre/FpgmAZvY5DD933UKdpBZ1VqGwYZ7OMJu0C/QbxwuBGBZYOjm8wv+gFnLtcpeZHGj1aWqknZlNFh03r0GmQdoQs/zKT04Y+TzVwkc41+harL7CmP3fi0/5m+KoQzo+WM8bsy7/2omb4SE9ws450lAZKtVuYLSeRHj+pdVbmZtiLNAISEO3IEapEn2wRzFF81a56hXkm8jraOEn9W7qPWZtOI=
QZoKDKSByHREkpy+tw5cYVFGMdc+5mDc+eRQFIbhfjcMhdtOU70ePEZFLHykjmBEMXfq+iKwVsYdPvvB/coXmSNytA8=
htWdlBZIDX5DR8+gv6UykR+uc/tIdCC7oi1e1YGxc7/9P09szyysZLHmSTydZ6TazxiPcuczFePc790bkCVxtAo=
R3QejJRaQywCEg4qzI3fmzT2+FW7pmre2fVRTaACL1wk9Ctiy7Qv0x56daw9uqX3TzOGC7/z4tELtHA=
bi2PG5LOYwBPs3KvX3EkCIYgOMJxdxrhIlhu8h+NTGC8inBoGUOqRpoU5kqVqludJY7H9csGtHM=
l/kAoE5vmUIgOFf+uI/PZmh/rzKfm+uNBKfL/g7cCaorPBT+2ELDgpaWkVjDsj6EL1Ik/pfcH6E01a4n+VzUT2TA5nHgcxOzKOn5yBT5RZEUIgWx2DxjmU5QyaQrNdmMh1wTaLVbfcn5NUJmQjmXicI6XL00EbU1mikPq9N5MoO1BTq0imRlSWG3tGOYV6yni6cITcvU+9Orh8+F6UGtam2FuqqZGoOZ5mwNkQ2nIHo6BVCx4dQ4QBq+h9vLegzPRgoauBbcxlImoP0G5idC/3ItziWWHE/G/ql2yBxmdgszAfdVlNpdTawc/O8+YQSZzLJLP2og4jH/0OgQsZeRmvIIhRUGnsWWX3AOjlyndJ9YVjhgZRisFleDcmCVg5HaWnwtYwk9LgKSLXh4eNbZNl2/FMIzS20N3Gvo05vBeHPbOTbyJxJn51rlc4bjAgV8LAFfPFI0f4/OruPkyD8vKONRnCT3zT0StrHdw/afsV4i1XQzPJnlPriJFoQFviWMQY8XmruwU4JLa2FDCBdxS+yNpbTe
GT7dUOhEc/OteHNV3D9znZzP1f2lgahv4UMdUDhul2VSj9s4vO+pKY6Dayz4jbSuA5S0NphrqhST+eiHfwOT97VTxswjxyp74Z/9kj+Te2xg81/s5af4yPGXYlJlZXKsnDwj4IiEVu5YqjVcJSIHNy6F/17dkYCxHZtvJKkRq4ozZI+rJ9av52Q1KiSFmmXhC7+xRZP4vQVNxMqK70Bl6v2+l1SuLs8HWka04jV9nrgZiiGp7ql//VEOamkc0XxCg7xM1StlYAeo6dLHXh2y6C6BAWsLQXeD5VnC/rpVC5Nwi/DPj7CLiuULNPwh964JJ3knTU0fiCYfRd7zLfTS7QiG4Yi+ESLYRTlQBNokIttm+8EdK6vMteDqhl2qPOHXmELV6J6ZthATVhPPLolfTXB/0NAiTkU5olx1vNGXKa0LbHchF3jTq2JYnOZr4XfmLgSkrAif25J8HWpOc+WMhtzfKRYs4FthFOijHP5tg6iLMVl4CnFvmZOT53SiMwuTHLJIvCgiJcpKBP4STrC5NCsv8Zh/n5eotNE=
fsq9Ys4zSg5xASuuk0p3WFqx+kifPJNZyHKlMnTwpCs591BZNwyE/dZyuDP8LnCgWH4dUokYRk4+LAEoy/PJxA+DL3S0DQ==
lU2P+vzLhj0zIVxryvRqFTJLq6V5/6zTIq/IdBz90x/u+8CBmQzgubWCksdEl8wpETp7lza9xyZ3+umsEClLPEYcQ18iVndEfGdDWP95qOQDJaGiGumpo+KnnY7ePeCzqPGZbpSxAmTxZok83edn2Y+YT3Kns9XjnG8dG9ClsbTK
9tOKyuG082YA4s7619DoVXM1mRjFp93noeDaZE02kZyGhEg/f/eJC6qevwaHPwDAybzEWmB9AfUsh/dWcHt+oPQd7CSUlgCcgexpYpJoNt4tZjuZTVJ3QRNqtBc=
ExXaafzzmcjhiKAY08Zo/ANa5PIeq3ADdE8tZlrmybgZBhoS2M3LiTHhBvgfpOOR6Hq1CjQINKPZv2BBNxS0tTb6KMu8FmCoeLZtygmAtgYeJBEQC4tZTG9LH2y0FQ==
6LRtlmDHeM8ivAAYo0GfuCppy9cvmVEZQ08tZlrmybgZBhoS2M3LiTHhBvgfpOOR6Hq1CjQINKPZv2BBNxS0tTb6KMu8FmCoeLZtygmAtgYeJBEQC4tZTG9LH2y0FQ==
j4eAIsRM299ZTRpJFxAD9Rd+YCxRRiViWuLBrAkSMvb4qeNdYbXOPF9gK8W4rh1ulOycN0kr6MW3kDwhpm6ALxxyyHwo4qUOSUR+Uk7wOXQrb3FYf18XaLQR
JCN7sRUd/E9lz4QRXIjxKPaEJ1eNrSoBhh6IHc/VDwesVF1eWt65kPkuSkoYFZvhkQm2gJ9cU/lIkmVSdNDki7mXkHk3LESdVtL4E/xOsEDY3t0yifgG7r5MQcjL0wlkj2NvVLQt
Wq7wnr41tzKF0b9CcKCKszfV4vL36NM2V8nVOpp5U2epHx8aHX/Ntemwg0BOVRSlRuRRb28l1JRFTytcOzqu3ahyWBdPYmB6teI6BHXeVcwx70OZ6xDjwntL0cPYN2GLfG1VtC4=
z+eudeIkjsPqjRzI8aZvCSenu0BorNel+OqLdYVsvJb2dfzLhNfoQVAfDdYg1Uh8OzGR7TBzb2r/FS/tjf52sQE2bGcTe5WleVqc5mvhd+YuBKSsCJ/bknwdak5z5YyG3N8pFizgW2EU6KMc/m2DqIsxWXgKcW+Zk5PndKIzC5Mcski8KCIlzkkE/hJOsLk0Ky/xmH+fl6i00Q==
mEPGLU4BOzciB5Lisb4g6u3Gqw31jDM+uon+BXMQWs7wtWUvJQdpky/bDlCkP+wtk6yVAxsnDAn68zVKXpu4hRL0S6JrNI+T/XlVbF06xTdvM2ZLX3NCEWu0EA==
S1NlPH3E6qLTc6QIKqg85S/O4PUwNKDVFRghuAix0xWynNv7vPYgCPjWreoJoPbmnoTRcAurGazv698MtHU=
DXDakB7KoJBOkyuBrXtlrMbIGDLLbcVppM2WXolF+i2DGp8+5hE=
bwwOd80xA0j9RWH/ntLA310H8IOWM06p9VbD1eu8tHfG6qzItuhVxaVVeBQUW+pvUdGXS14T+uiCkLbp34b9hJm/gaORh8JIg/oUTNa9P9OFndrk1J2Qdbrf84XrCPjNxL8juE6rLh2EIGF+o685JlxqFoTj/wAZDeZM
