dcnfs5mn5EDI0xTia/uYpqLnnRC7pUhMtj9KDiNveeyE29NIa7HU2vJj9dImtVV2pEhuQvDCE+XLlvF5d8BDI+LQDF6LOceubsxUdCjny5p8FXo2Uz18TpyXmc7MWMvplGAzpJ41M2BLeSkgKol/kZOb94yCa3vb3Hr45EiatUPIjG6srmkJfG7lAVdL4Iens8w=
l8J3Bv3ltLjAJOCJ+LrHsy4kSKPZCzleeHQrYRzH0C85HhqaAHix1QxLLNrFx5CAYpPx8NA9e/URV9ns0KxT/4PkPmL4lsBxfwD8i8akq9vY5OzZ1QwErh/T9B4vloYzN2pbF0UCAl+LS9PFi946zZ8xbPR0ZsAsIbloMjLe9i/Ntr7LLTUj9rO9s9I=
khGFZ8gPZBilpCe+fKyvPw8+z0f//CWX4mIoX4JsDVbNX+4W0Kz0IE5PxFWVpdjwnKUvBwRl4zlQi6/hLxDhhra25FV4fq8G2Cyh+cTvrGY49uLMiheRrMgpK5mZs5mQ6FjjcysgHn6gQlDdNyT8t74QWxew4AwFTZjUQhe3NOKX4rY/Hy77i51WEnND71N5c+pKgXe1DKhscpBAqV0oTgoqRqNlcp7XdeGzWvuZs+4=
hcDDJBzJninbvjYFMTZuAhlDAzpYTePEGIz0wEs6O+2YciSMc35IFQWUBFlRem43iF8I6dXyt6cKheMGU+L1vBwhTzxCFE9PPk5TZFhff2gzsWwkx+1tUuYRTUMGPwEeUrVkMyx5Ff4IKWYElR71TJGvJpjL0AVCmovxxrp3Fh/brbKz2w==
c2EfA9RVrxnsuJMWlAvoKzRIvnNzzpY0jsj1tsvlvWRFYP/4FIkMAZ8Cd73kGrAM55+1xcmsUDklYmIHlLf8KWFaK9eGHVemhxo5bCAJWzxWPHOf8raHxOzH8xivGdjkMwVxYuoJOSNSB83Orl3ws7gRaa5EEbLkYQb5fI3HUth/eJmyFhNFZu4PWk/nhaazzw==
d2bT2yq2xPHNKH6NIDFQ9jRIvnNzzpY0jsj1tsvlvWRFcff2EoYNU58Cd73kGrAM5561xcmsUDklYmIHlLf8KWFaK9eGHVemhxo5bCAJWzxWPHOf8raHxOzH8xivGdjkMwVxYuoJOSNSB83Orl3ws7gRaa5EEbLkYQb5fI3HUth/eJmyFhNFZu4PWk/nhaazzw==
1YXi+g60bZSYiFINJ5Y75Sta/K3b0lG+SXyymLww1JClmqGBomEnEvCdHNeaTAxCd9W2wUvdtVEpYisykPARnVxjLPKXijEI8jux2MA1W71B/1lEgORz95PMfspoHmA5Lyj8o5bsC1NITKzxxQQk5k97dLZ/3qY7J0Ibv9WKohfbY9Pt25aaRQ+ZLNxkbuBkcRHommKW1ifdnv5jvb2DvuOVs/o=
tK6l2jx02Z8tFDLcAFQFs4QXr6dcEbwPQGgoEmY76qbyCiX1US7LJpiMIVmEz6xGflZhbMo3kYyIias52ZOZsKj4Y9NrAB5e4OLQfXcE/Jf+sNu38MAMJQ04VOJXlzTC10I2n18O+6vd9pLTA89TWTNKyiE3lQyILNIQ4Ol9KG5KisYDJVKe9zVBM/q7ubPO
Gjnc7sDEdhQMjnKAbLXXMED2ckqHoTgTfzonWq1Vt0RcZOdxYStPdc2U47S+q1eos0OVBmWVBs76TK1PV21bKNqpz8YwT9ZjFgkLTinflDk99k3e68RCndG83KgRNyByTZSG4+EQrQ2yxNnRMyq4rdOz2INfZkyJuvPyxYuGVhW49IsiqzTPE7h4FewbOoS3LzYky4hnhZGss8U=
U1yDtZfIdGhhD8LmywVQqNio5eiMG7+TRO2cKygEGMaB7eSw/w31AYmSq0IwINHNPFMswvDa8dhSSzEoYGUbbaHPWXRgNDOnMzz+usjOoGlPGPyT9rzLg+g8LAFlVGQ2r0t0hp8O5muHspvPdVpiR7tT0927xlqVr+msLMQ+oLSRIeiqgkaWd31ufhMdbUPug6Wzyg==
hTUQ5P1I/fyrNL7JCb7BK22sutRh/cfzubmb9OqyBuE0r/Xzc+rjDXBiLIx7YSF1XcQ8mYmKltcg74BpXYLfB7I1O8arMi2cNDFHPEoEZ2/mnqukgO/HyFvB5KRPXcWyHuGVgz5vWX46pWwzJGn9HtD5XkTNbo0sOR+uGEMg7eIiO6mGwidOP/O9urPT
Gm4mSdO4CVxk9wPda/jSJ/qWmuTT9nc4SayIWMa06n7o5AFhlMesXk9/ARSaf1FUeGELgUkbGSgYUIMru8heBpCK8EVnDPyPzpi7z6CIzP390PRaxx+0Wmfq1mePxrvzrZ6y6xPHU0EDYqpZZ93MUNw6sFh59aj2+iIm+/Wa3q9FKRPCq7Gz1g==
4ZSrzo3X0oBa3zsu8frBlGB+Zb4gSWB+aQy0FhAjHCn0mEIdChRjpc2SeFAol+GTRzIf3dwKuAzvi4wlIZwIeZ2yiqcMx3Sp6eqzty7Nr2bfahFM2BlTPF4si7/axt8EFBdbeDepUGS7denCAtmBYwo3JS6WTfizsAFRziwhaiTZVpHcFTfaWPfIAVK+Qz0mNv9yb5+VrrPH
m3J5ZOqcEjoiMa3bGYlDIYQNo6peUPVHX39xHypktvTwE2T1US7LJpiMIVmEz6xGeVdhbMo3kYyIias52ZOZsKj4Y9NrAB5e4OLQfXcE/Jf+sNu38MAMJQ04VOJXlzTC10I2n18O+6vd9pLTA89TWTNKyiE3lQyILNIQ4Ol9KG5KisYDJVKe9zVBM/q7ubPO
mhWgyBt4pOdH+NtO63jkUzm4i55Y76/EOH3sMQ3M6KPDM8ghG1OYRzSrqNC+RK0LC2VEGi6uk5fLbdScMAGHwb1dRYF8XE6SBG/Nlt31zh6STEUdHozjuAJpt/YoL56Tvonj/mH/jEkFNhVOE2QKTfm89HhZl9jiFVS+k/kw5b1aRHEhe0qgnatzABPnhgTZUvOaFUPm7oXgtHMSs9QHYxD4fVzTGpxHF3b8W/DHTcGEs+0=
7HP2QobLT4kFrSvZOm5fAY6Kt8AaZIyyOGEmb38Pxlr8CmQBGR0kYCGI87vPHZLkAI4KH+NKs01AgjyMaw8QtI1krBk5amYXcI+waa2ij0cClctGO1J9XMQRVzxaJJevtv47JHBPd4gL4RSkfz2Vcu4BJQOuz4m+CsV8MzSJzV6AWc7EfQ79bOn/nhgzAD0ikpvZBlLHnn+Dnaqzww==
7hlJnXRI5fZp8sKvOBF2hIQXr6dcEbwHQn46Rmsy9PTyDGyhH3u5JpiMIVmEz6xGdFRgbMo3kYyIias52ZOZsKj4Y9NrAB5e4OLQfXcE/Jf+sNu38MAMJQ04VOJXlzTC10I2n18O+6vd9pLTA89TWTNKyiE3lQyILNIQ4Ol9KG5KisYDJVKe9zVBM/q7ubPO
EJsW3y7i7CS1o/wxPv+KV8VELeXart3r4dzSwZzU31y4iluvwsdBPinFuiZuzDki7bOXEI7J+948f8oLIsn/5rWvGKHJVhmmpxS+tcW8yIDt52wKGTRye21gMaVGBO25Lxq0tefTjLuTtvDhLnNmLTfWGi1sFL86pwTT+4w4YUSHyggvW5bwM0Q3+bm4s9E=
9HADgCFQ25cT68VFCbBnLDEUTWSYgG7zm4N99u01Xr7iTLW5icPTWLLp59Y4b+4zbomzntE/nClVtuVuYySarcm8xJjJ16jC5dTu8+nwVd0KRKGBCwqwvfvzsPPXxpR5ovPqtdMm3uVQNKMyoxT3w0D4rbxjWoynx/aMewAH3aG0s90=
AmsJ/SAftYoY/84EV+4kxoTc5wQC5x1we4QMCtmzWAHsFBomZ3bmCUFOfG8zs2U9+cLsrkvpZx7uvDQkaNfrinwFWgYTbRw+HCc5HgyoK/mUcFPU3mWT0MuJyfDquV+Bk4vXvEK7mytcyli0COrVU8icjlxuuanM7pVhBwvQp7ez3A==
tIFG+JrZIGnfDRUfJI6SFjMUTXWalmrzm4N99u01Xr7iTLW/icPTWLLp59Y4b+4zbomzntE/nClVtuVuYySarcm8xJjJ16jC5dTu8+nwVd0KRKGBCwqwvfvzsPPXxpR5ovPqtdMm3uVQNKMyoxT3w0D4rbxjWoynx/aMewAH3aG0s90=
7MZZA+d0vHAmBfKJoRVrZYTc4RIe+h1we4QMCtmzWAHsFBwmZ3bmCUFOfG8zs2U9+cLsrkvpZx7uvDQkaNfrinwFWgYTbRw+HCc5HgyoK/mUcFPU3mWT0MuJyfDquV+Bk4vXvEK7mytcyli0COrVU8icjlxuuanM7pVhBwvQp7ez3A==
TZG6RtkdWfZfQY2Uo8Q8G4Tc4AQM/x1we4QMCtmzWAHsFB8mZ3bmCUFOfG8zs2U9+cLsrkvpZx7uvDQkaNfrinwFWgYTbRw+HCc5HgyoK/mUcFPU3mWT0MuJyfDquV+Bk4vXvEK7mytcyli0COrVU8icjlxuuanM7pVhBwvQp7ez3A==
imA7b5Y6pNNf7ObtIY/AFEjwIEuMvjZSLmV+A+0EuQAZKPt7e3hPcdmU/KK1q1Ws4ROVBmWVBs76TK1IVmJbKNqpz8YwT9ZjFgkLTinflDk99k3e68RCndG83KgRNyByTZSG4+EQrQ2yxNnRMyq4rdOz2INfZkyJuvPyxYuGVhW49IsiqzTPE7h4FewbOoS3LzYky4hnhZGss8U=
oCxkC00k2t+jWmwYzdJLlfX2FaHIoaz+iXTBgqWNokNAhJyV/IhNZi6gkEUpJlutS+ZvNYnt8xU6dAU8CbDchds1Rf9pCxk4OADDextY3pYw2rAVRxz8n+7I+58AGExtXYC0CucPtEpHupY3L1Y7Yw3O8rsz11NRIzLqCcdNTMB8avAIWeWo5tpyZqtVCl4/5XlTkouhs8Y=
Ll0vYRBLRBmigiWa3mpQYfX2FaHIoaz+iXTBgqWNokNAhJyV/IhNZi6gkEUpJlutS+ZvNYnt8xU6dAU8CbDchds1Rf9pCxk4OADDextY3pYw2rAVRxz8n+7I+58AGExtXYC0CucPtEpHupY3L1Y7Yw3O8rsz11NRIzLqCcdNTMB8avAIWeCo5tR1ZqtVCl4/5XlTkouhs8Y=
bwwOd80xA0j9RWH/ntLA310H8IOWM06p9VbD1eu8tHfG6qzItuhVxaVVeBQUW+pvUdGXS14T+uiCkLbp34b9hJm/gaORh8JIg/oUTNa9P9OFndrk1J2Qdbrf84XrCPjNxL8juE6rLh2EIGF+o685JlxqFoTj/wAZDeZM
