3Q5JzY0xfCuqxHzOBVlJmaLnnRC7pUhMtj9KDiNveeyE29NIa7HU2vJj9dImtVV2pEhuQvDCE+XLlvF5d8BDI+LQDF6LOceubsxUdCjny5p8FXo2Uz18TpyXmc7MWMvplGAzpJ41M2BLeSkgKol/kZOb94yCa3vb3Hr45EiatULIjG6vrmwKfGPlAVdL4Ieto8g=
uPOLeHkEfq4ar03bNYkkVy4kSKPZCzleeHQrYRzH0C85HhqaAHix1QxLLNrFx5CAYpPx8NA9e/URV9ns0KxT/4PkPmL4lsBxfwD8i8akq9vY5OzZ1QwErh/T9B4vloYzN2pbF0UCAl+LS9PFi946zZ8xbPR0ZsAsIbhoMjLd9irOtrPLLTUj9rO3o9Y=
u7+FPrBcPlouvGESx+F2mA8+z0f//CWX4mIoX4JsDVbNX+4W0Kz0IE5PxFWVpdjwnKUvBwRl4zlQi6/hLxDhhra25FV4fq8G2Cyh+cTvrGY49uLMiheRrMgpK5mZs5mQ6FjjcysgHn6gQlDdNyT8t74QWxew4AwFTZjUQhe3NOKX4rY/Hy77i51WEnND71N5c+pKgXe1DKhscpBAqVwoTgopRqZmcpPXdeGzWvuTo+o=
CHEoA4m3K5+MHgZo1CoUjBlDAzpYTePEGIz0wEs6O+2YciSMc35IFQWUBFlRem43iF8I6dXyt6cKheMGU+L1vBwhTzxCFE9PPk5TZFhff2gzsWwkx+1tUuYRTUMGPwEeUrVkMyx5Ff4IKWYElR71TJGvJ5jL0AZCn4jxy7p3Fh/brbij3w==
nHa2l2qSMc1sYElbIl5GizRIvnNzzpY0jsj1tsvlvWRFYP/4FIkMAZ8Cd73kGrAM55+1xcmsUDklYmIHlLf8KWFaK9eGHVemhxo5bCAJWzxWPHOf8raHxOzH8xivGdjkMwVxYuoJOSNSB83Orl3ws7gRaa5EEbLkYQb5fI3HU9h/eJqyExBFa+4PWk/nhayjyw==
jIX2tKL6Hacl76AZasJFDzRIvnNzzpY0jsj1tsvlvWRFcff2EoYNU58Cd73kGrAM5561xcmsUDklYmIHlLf8KWFaK9eGHVemhxo5bCAJWzxWPHOf8raHxOzH8xivGdjkMwVxYuoJOSNSB83Orl3ws7gRaa5EEbLkYQb5fI3HU9h/eJqyExBFa+4PWk/nhayjyw==
rXB4jSagBS3atm3G+eSeTita/K3b0lG+SXyymLww1JClmqGBomEnEvCdHNeaTAxCd9W2wUvdtVEpYisykPARnVxjLPKXijEI8jux2MA1W71B/1lEgORz95PMfspoHmA5Lyj8o5bsC1NITKzxxQQk5k97dLZ/3qY7J0Ibv9WKohfbY9Pt25aaRQ+ZLNxkbuBkcRDommKV1iLenvNjvb2DvuOfo/4=
a/El78K8CUgAKtZ1gtYkMIQXr6dcEbwPQGgoEmY76qbyCiX1US7LJpiMIVmEz6xGflZhbMo3kYyIias52ZOZsKj4Y9NrAB5e4OLQfXcE/Jf+sNu38MAMJQ04VOJXlzTC10I2n18O+6vd9pLTA89TWTNKyiE3lQyILNIQ4Ol8KG5KicYGJlKT9zVBM/q7s6PK
vD2CSdo/97TexNVBp0TwdED2ckqHoTgTfzonWq1Vt0RcZOdxYStPdc2U47S+q1eos0OVBmWVBs76TK1PV21bKNqpz8YwT9ZjFgkLTinflDk99k3e68RCndG83KgRNyByTZSG4+EQrQ2yxNnRMyq4rdOz2INfZkyJuvPyxYuGVhW49IsiqzTPE7l4FewYOoG0Lzsky4hnhZGmo8E=
W7q8KV/Wo0dhqevp4La059io5eiMG7+TRO2cKygEGMaB7eSw/w31AYmSq0IwINHNPFMswvDa8dhSSzEoYGUbbaHPWXRgNDOnMzz+usjOoGlPGPyT9rzLg+g8LAFlVGQ2r0t0hp8O5muHspvPdVpiR7tT0927xlqVr+msLMQ+oLSRIOiqgkWWcn5ucxMdbUPug6+jzg==
RjvKCu2GTJ2u90aWh3LZwm2sutRh/cfzubmb9OqyBuE0r/Xzc+rjDXBiLIx7YSF1XcQ8mYmKltcg74BpXYLfB7I1O8arMi2cNDFHPEoEZ2/mnqukgO/HyFvB5KRPXcWyHuGVgz5vWX46pWwzJGn9HtD5XkTNbo0sOR+vGEMg7uInOKmLwidOP/O9sKPX
kIey0PXIe8o+FCPAQz8JTvqWmuTT9nc4SayIWMa06n7o5AFhlMesXk9/ARSaf1FUeGELgUkbGSgYUIMru8heBpCK8EVnDPyPzpi7z6CIzP390PRaxx+0Wmfq1mePxrvzrZ6y6xPHU0EDYqpZZ93MUNw6sFh59Kj2+iEm/vaa069FKRPCq7uj0g==
Q5zy1q2LB71+3wscRz2xtWB+Zb4gSWB+aQy0FhAjHCn0mEIdChRjpc2SeFAol+GTRzIf3dwKuAzvi4wlIZwIeZ2yiqcMx3Sp6eqzty7Nr2bfahFM2BlTPF4si7/axt8EFBdbeDepUGS7denCAtmBYwo3JS6WTfizsAFRziwhaiTZVpHcFTfbWPfIAlK7QD0rNv9yb5+VpKPD
1BUoFy5Lk42pC0njblFfzYQNo6peUPVHX39xHypktvTwE2T1US7LJpiMIVmEz6xGeVdhbMo3kYyIias52ZOZsKj4Y9NrAB5e4OLQfXcE/Jf+sNu38MAMJQ04VOJXlzTC10I2n18O+6vd9pLTA89TWTNKyiE3lQyILNIQ4Ol8KG5KicYGJlKT9zVBM/q7s6PK
ospuogqyD7hmQTjDambgUTm4i55Y76/EOH3sMQ3M6KPDM8ghG1OYRzSrqNC+RK0LC2VEGi6uk5fLbdScMAGHwb1dRYF8XE6SBG/Nlt31zh6STEUdHozjuAJpt/YoL56Tvonj/mH/jEkFNhVOE2QKTfm89HhZl9jiFVS+k/kw5b1aRHEhe0qgnatzABPnhgTZUvOaFUPm7oXgtHMSs9QHYxH4fVzQGplEF3v8W/DHTcGOo+k=
+yY8CK+7siOhPU/gc16Ypo6Kt8AaZIyyOGEmb38Pxlr8CmQBGR0kYCGI87vPHZLkAI4KH+NKs01AgjyMaw8QtI1krBk5amYXcI+waa2ij0cClctGO1J9XMQRVzxaJJevtv47JHBPd4gL4RSkfz2Vcu4BJQOuz4m+CsV8MzSJzV6AWc7EfQ79bOn/nxgzAD4il5jZC1LHnn+DnaCjxw==
1jIAZOS3KNgJlVUfzFN02YQXr6dcEbwHQn46Rmsy9PTyDGyhH3u5JpiMIVmEz6xGdFRgbMo3kYyIias52ZOZsKj4Y9NrAB5e4OLQfXcE/Jf+sNu38MAMJQ04VOJXlzTC10I2n18O+6vd9pLTA89TWTNKyiE3lQyILNIQ4Ol8KG5KicYGJlKT9zVBM/q7s6PK
D3U06U+gVUwLwuGYteEx98VELeXart3r4dzSwZzU31y4iluvwsdBPinFuiZuzDki7bOXEI7J+948f8oLIsn/5rWvGKHJVhmmpxS+tcW8yIDt52wKGTRye21gMaVGBO25Lxq0tefTjLuTtvDhLnNmLTfWGi1sFL86pwTT+404YUSEyg0sW5vwM0Q3+bmyo9U=
oeHJhZiNlfhKgwtoevPXeDEUTWSYgG7zm4N99u01Xr7iTLW5icPTWLLp59Y4b+4zbomzntE/nClVtuVuYySarcm8xJjJ16jC5dTu8+nwVd0KRKGBCwqwvfvzsPPXxpR5ovPqtdMm3uVQNKMyoxT3w0H4rbxgWomkx/uMewAH3aG+o9k=
+JQxhsnt2i/BVbbnUMLhEITc5wQC5x1we4QMCtmzWAHsFBomZ3bmCUFOfG8zs2U9+cLsrkvpZx7uvDQkaNfrinwFWgYTbRw+HCc5HgyoK/mUcFPU3mWT0MuJyfDquV+Bk4vXvEK7mytcyli0COrVUsicjl9uvKrM45VhBwvQp72j2A==
YcNYQklNoOt1rQiSiNlD7jMUTXWalmrzm4N99u01Xr7iTLW/icPTWLLp59Y4b+4zbomzntE/nClVtuVuYySarcm8xJjJ16jC5dTu8+nwVd0KRKGBCwqwvfvzsPPXxpR5ovPqtdMm3uVQNKMyoxT3w0H4rbxgWomkx/uMewAH3aG+o9k=
ny0db0geXSQJTamoj6O394Tc4RIe+h1we4QMCtmzWAHsFBwmZ3bmCUFOfG8zs2U9+cLsrkvpZx7uvDQkaNfrinwFWgYTbRw+HCc5HgyoK/mUcFPU3mWT0MuJyfDquV+Bk4vXvEK7mytcyli0COrVUsicjl9uvKrM45VhBwvQp72j2A==
FqH/pL2IUBo26816YsipSYTc4AQM/x1we4QMCtmzWAHsFB8mZ3bmCUFOfG8zs2U9+cLsrkvpZx7uvDQkaNfrinwFWgYTbRw+HCc5HgyoK/mUcFPU3mWT0MuJyfDquV+Bk4vXvEK7mytcyli0COrVUsicjl9uvKrM45VhBwvQp72j2A==
BHoZV0NdY6OkIUHra1TeaUjwIEuMvjZSLmV+A+0EuQAZKPt7e3hPcdmU/KK1q1Ws4ROVBmWVBs76TK1IVmJbKNqpz8YwT9ZjFgkLTinflDk99k3e68RCndG83KgRNyByTZSG4+EQrQ2yxNnRMyq4rdOz2INfZkyJuvPyxYuGVhW49IsiqzTPE7l4FewYOoG0Lzsky4hnhZGmo8E=
W247kHgreKMqvmQxDYaEuvX2FaHIoaz+iXTBgqWNokNAhJyV/IhNZi6gkEUpJlutS+ZvNYnt8xU6dAU8CbDchds1Rf9pCxk4OADDextY3pYw2rAVRxz8n+7I+58AGExtXYC0CucPtEpHupY3L1Y7Yw3O8rsz11NRIzLqCcdNTMB8avAIWeSo5tpxZq5WClM/5XlTkouro8I=
1OK01OCcLLu8WL4LfKEfjfX2FaHIoaz+iXTBgqWNokNAhJyV/IhNZi6gkEUpJlutS+ZvNYnt8xU6dAU8CbDchds1Rf9pCxk4OADDextY3pYw2rAVRxz8n+7I+58AGExtXYC0CucPtEpHupY3L1Y7Yw3O8rsz11NRIzLqCcdNTMB8avAIWeSv5tpxZq5WClM/5XlTkouro8I=
/1aDB25FaNj4zQ2kYXZwtvX2FaHIoaz+iXTBgqWNokNAhJyV/IhNZi6gkEUpJlutS+ZvNYnt8xU6dAU8CbDchds1Rf9pCxk4OADDextY3pYw2rAVRxz8n+7I+58AGExtXYC0CucPtEpHupY3L1Y7Yw3O8rsz11NRIzLqCcdNTMB8avAIWeeu5tpxZq5WClM/5XlTkouro8I=
