1pqi0iIHdXCNiLcr7ShrdWloZw6ZLDXRZHm/x5ef+iwTGScu/vfDCWIU+VPtSgu+yRPrDCV3TuQ7TPr3hKA6m5mZy+SAZfee0jwYjrmIroLDtdq77BB0LmNTMxmfshT+Il1MeYOWHdqJditcQkZoiaj5tp+rZIkCz65c1RFWtbcw8ZKZu5d/FWFjA1VLWIePsqPt
k0/74VJysT5RSNuTa1KyH2mvtNs+vJug8bKCveqvQ5c0+4TzfueMBHhlX59iZyNrBcQv1MmNnttiqZx7FdjeHakiDMzGMifwMD5dNUQHcmjqkr2j7aXBykrC/L1SRZ3uA+aXhjVgHD42tXY5aCP1HNe+UV7CaY8uKwuuEUwl5e8hKb+T3WlVIJmzrKPz
KS2TuERbZ4/6ub26GTFHaxe8EjC2KwZWKUoO3egljn/Xc90Rg3EqnLXkzzncNTFdAFkvrJ+C833jwEkjeqqUZmQyEzFJ991T8k/4NIxdIx+bWlVb8WyjdAWliou2MQA7CcCKTT3KQKzK2pOAhMZhNXj/xhheerHDoU1Vmh7a4P3O3Um+F85bJrnI6A5CjYq5FBsBLKMW3f6OQZv+f5My0VA9MT+1QXNz0QHh0C3LkKPP
F/df1HWb/S5ptu+xMkGp4+7D2JqtgrZGSYjsp9stqfFAL9f2f4CVt+e6Tr6sqtMzb6VrZavO/vsBplgNxPUcOhTH7JR1D1EHBHU4DDtuW0xe7WClzSkD2NIsPHZuJm4hOiHHHxlDFSDQKHSA5mH34lqsiReB18MAM+6T/tuuBwgErqGlo/g=
J4XQOQZEJc1QgO9qlNtWCri1p1LxvBwF+ypLATBpetCEk55uWZHokvt54bUQi39i/x08E7f+BuqMvts3f4FDMeuaVl+RItCZZKFUfkTjxIB1G3kjVDFwWJv608jOScjxjX0r/MIoNGJOciZlaoVvi5nXvYSAbDzUxnX/5kqIoUPBg2uko2obanv6T0xUiomxo+w=
m5zflHvPiQJZeQGHaG5v47i1p1LxvBwF+ypLATBpetCEgpZgX57pwPt54bUQi39i/xw8E7f+BuqMvts3f4FDMeuaVl+RItCZZKFUfkTjxIB1G3kjVDFwWJv608jOScjxjX0r/MIoNGJOciZlaoVvi5nXvYSAbDzUxnX/5kqIoUPBg2uko2obanv6T0xUiomxo+w=
bM0vQIZh27sgvT0ERebrd4W3ixBd6m7NLtX4MNs/o0gILlw4AkmLrd8u+MdVA5bU5gt3NUWNTgEsn42zpnc0ZDC1t58IMuqLvVR3FDG9hruqWTT7fWgWPbFSNAweol9Q+O51NWzXusiSAmVj1dXZ6oJylD36tVWOG9ZvRm3wpN7+5R45gPO9fG8uiR66WZfOY3sGkaSVrc852YfThfmtgNHjhKPb
ReRqmkh73SmWMkNx4xzxCngLjywnloxrk8Pu8NPhv2YAbrKxQMdZU5IPGLTsHcMf/Zq225GsQ3RlZWoL1vHgOykAKs2dCmCs6hozACQGQTVYP2aY/rqRw4GN9Rq+GsD9Lh0pPvcOOyZZCIiOok3qufRbYaxDVr3+bgH7fp/TUtFwfZG/FQFTc/FBQVCNi7Cj7w==
5IPYeBvwlcEXGlZblaNRsD7DZZrHASfxjPihvco+3yTYv4hp4ea+6xQqKH0hNxCiWdrrB+2n+K0rKD/X4LHPaIIQPCC3hbdHd1vLtKpdiVT0Q7SfGCzsBVAK9ZXlwexnNGJrJP+6xk882+0TFz4anlD43oyq9wIju0HZmeGmeHo4rvZrE9QCzhWpYS0XJjucvzArRIOefOydu6Pi
m1qxLWVHzMKpXgB2si/ijvn3lhGrsRwF8yhdE2R7eYCE1tMnDd+9wPt54bUQi39i/xg8E7f+BuqMvts3f4FDMeuaVl+RItCZZKFUfkTjxIB1G3kjVDFwWJv608jOScjxjX0r/MIoNGJOciZlaoVvi5nXvYSAbDzUxnX/5kqIoUPBg2uko2obanv6T0xUiomxo+w=
dAbxDwv3OHhtHYewmsmT7TROz3d5loxgjNPpotry8WcKJbKxQMdZU5IPGLTsHcMf+Jq225GsQ3RlZWoL1vHgOykAKs2dCmCs6hozACQGQTVYP2aY/rqRw4GN9Rq+GsD9Lh0pPvcOOyZZCIiOok3qufRbYaxDVr3+bgH7fp/TUtFwfZG/FQFTc/FBQVCNi7Cj7w==
z/I66goVtTuOgV92RtUsbxElJB5eNNrgs/AXBN8lcBPaXyCUBO3bH+Tr3vupfIu0rdUya75hWLvRkIJtxXoo7CLKy+AMNlk1QA9OeAZqWYPJ/a26Foo4fZaNQV6vvvPmkdiwrso98rnsq4mMewb1viaxI553Q+pRCO05H83xm7O5ETkwpbuoo/c=
NzU8l2XLx5/QE90nRYMrtlL3DWr3GiBxC2kX8cgNqm7mWeBm6VAMuYvYtBjtRRNpRFEst4KQuWuulVJ/P/7ANGI3EzEgh7lT8k/4NIxdIx+aW1Zb8WyjdAWliou2MQA7CcCKTT3KQKzK2pOAhMZhNXj/xhheerHDoU1Vmh7a4P3O3Um+F85bJrnI6A5CjYq5FBsBLKMW3f6OQZv+f5My0VA9MT+1QXNz0QHh0C3LkKPP
DGsy8famPytszPRunQOsLngRgyEl18UjjNS3/Z++4zQCd/OxQMdZU5IPGLTsHcMf+pu225GsQ3RlZWoL1vHgOykAKs2dCmCs6hozACQGQTVYP2aY/rqRw4GN9Rq+GsD9Lh0pPvcOOyZZCIiOok3qufRbYaxDVr3+bgH7fp/TUtFwfZG/FQFTc/FBQVCNi7Cj7w==
Sp35TSqTV7lqg6l7uSQbkkWCGUXZ8UMuBD2+Sabp8XoRU+K4tOOEF2L2JzgWzNpxgI/qhdGtI+8HXsNcuOSeJ1zLppB76DGgBp6rr30vWGV7AD/9sXhv4BK4fAinjZePJ/NLHPqVqVzka/Q3iKRMzQAi9b21CUzvpMorDO+y5odsc227R/Y6lkDQniQ6f6Lr62nZsbFu2PKoBrZDA9wiBkUB4YVH7huUrxhr7BMW3CTNk6PK
nVRx9b61rmCaT39XiiEFN5R0AzNLqs4UOYXfq//moyeKfIr8kNuGy84QIAMCGs8OeZLqgJtVOXmg5+fuf5mlfgcy3sbsksM7T+0b/StWDjMhrkg1BA2MsnSP3Ix1F2FPZP2o9PtWS0R+JZA9TbFzkPIkLE4uXv6p2un3BxlbJegwoOT4plnn6nrk+Y8BTzPIE+aDxhtWl4Bk5pG9o+A=
kz3U39MtSZmxT1p0nIasLMhLtZRkSHsPq5a2KMm5p5f/2tsbekDywHDn/vc+LFg/wqa3sokukjx76UHFUFufUv8l3cL3jqZ6DC67h79RY0HranYP0ZIwCeQx9I6Es6SwdSsZc5TB0MgbajN4jhnoAY0NCywCmFTyzuKGFSpVj7uZ511UwBycREbln1aKWIEzwXNL9OPa+/r7au+8lNrpgaPc
MkldTYRaHelvrOXLgCEKial0MQFl0D31hDMPLK9FNCEUf1tZlP7FbFv4bnSAgtHuTFI3JS0du/yXg1A7Yrz2+fFfRH8tU+sYgaRHEVDjDLWSm9uEsKUn/kK86C7JyH5i87XqWzxQBI6T06N5T3IknjJdXFnz1s16GfabvPIGOKlY+ca/e6Q5Yn8uzHVBlkWXIPGCeYvXL/Xx43P1u5jX74Kj3Q==
pKteiEZgXnsi8FCViqGbdHIZ5aWT8Vy2T327gKoywbejlf/c1xFiXubSQJHCDRZCfN2igFuY8RBmDis/nZ8YlVsQP+ORiC9Q8ij8mMc9V/8H40sM2uVp7IT7dKdoFAw9IDL1rZX5DF9EWqucjwIm90xjbatnhvomIEAetNrP4hvLedmhkZ6YQkiWNtNjbOJ2ZRHhlWee2yTPiOt886ac1O2Do9o=
YiZ8pd+PyeOVXQIPipf4fngLjywnloxjkdX8pN7ooTQAaPvlDpIrU5IPGLTsHcMf95i325GsQ3RlZWoL1vHgOykAKs2dCmCs6hozACQGQTVYP2aY/rqRw4GN9Rq+GsD9Lh0pPvcOOyZZCIiOok3qufRbYaxDVr3+bgH7fp/TUtFwfZG/FQFTc/FBQVCNi7Cj7w==
lQKS3uBpc71EvLRKPQzDWcYbuaFCYaYHVWUvS1l+4LHjAmChFErLK5XjKFGDvL9eflt/NMok3MyPgad7n4+L+PL5ech8NxQz4Oi8eXge9Zn9pdy7/NYLSEc+VvNUjy3fzxpqglgM/qDSs9LfE9VZFXlCyCZwmhaHK9AS8v19IWFPgssAN0SL6HtaLJC1r6Pu
c1yzxByThdPHqdSj0Jey0OCy/uWPZEHxaQIr310/mPUbMD/J1uev8DLI/PiHndcfx8NLLBoF6UzEm3RHqLSMXWAS9Y3VmYz/hLqr/M+ipheMQ22Lp2Z6hmAgHlQab2J7i1nZgdH+GOKIdjazI8xilqUx4bWnfluEj+jrnDMGHLSto6P6
JPfNLdaCcdeJJS3NBFnCPiMOA3KHsRrzm4Nw+4I8VrmRX6+4gtOLWKGkp9EwY6x1cpv7xNAlhz5ivIhuaUieotO1ypvc0KTO89ODue/yRN4SXbyZU1atuvn2u/yShphpuPmm/9sk2aJfLqw1oRbl10DxorlrV4+10eOTNRsYt6+io/0=
HdEVL3iiL/MzTwfSNur7ReKy/vSNckXxaQIr310/mPUbMD/P1uev8DLI/PiHndcfx8NLLBoF6UzEm3RHqLSMXWAS9Y3VmYz/hLqr/M+ipheMQ22Lp2Z6hmAgHlQab2J7i1nZgdH+GOKIdjazI8xilqUx4bWnfluEj+jrnDMGHLSto6P6
gYlzviOj3g3VFPDrqVeCLSMOBWSbrBrzm4Nw+4I8VrmRX6m4gtOLWKGkp9EwY6x1cpv7xNAlhz5ivIhuaUieotO1ypvc0KTO89ODue/yRN4SXbyZU1atuvn2u/yShphpuPmm/9sk2aJfLqw1oRbl10DxorlrV4+10eOTNRsYt6+io/0=
VQCz+Mq2TO+1eBveY/ZRsyMOBHKJqRrzm4Nw+4I8VrmRX6q4gtOLWKGkp9EwY6x1cpv7xNAlhz5ivIhuaUieotO1ypvc0KTO89ODue/yRN4SXbyZU1atuvn2u/yShphpuPmm/9sk2aJfLqw1oRbl10DxorlrV4+10eOTNRsYt6+io/0=
YpETW5Shqw8J7grvHim93lpNYWhhDIQ5FscmR6mr5pISLjUnUigsBtMtbTM2l+QkYJVHn3IRNUvtNOeUgd02e5o5JPttSGb9QfJEjI4CDxAoDkU1XDdqiMKi9eOldSkq8lKEPerVZU6rtt/G/ZD0Hi7Fbjlw0+08v84Zngq5J45TmhaRtLVdj0l5d1MVWX1AgYO0o+s=
E+WCC3idSgwFGn5i8CHqyYR8d6SYsdd9dHPrXggpFH5kPsXg0HVH3nM1KeOm5+FzGwzWI9EzWtMC76j0vD0zH4q4aRshzNP0lcU6S+YR8Ds5INoNzWrQLHq6Q0D05nE1aN+22I4aAUMx7aXaTjrQ/T79GX6nrsumyWg4TnJtmrkEezHs87Ytfh6hK76vskLRYF3h/8Xh4/Nh4bGQ3euAo98=
N7DQUd8Ct5/iNbjftTr9Byx0iMtyzpKnKxEHndit9UtmSgFhx86veetyFngcdiXUh7vagI7yqmVIbuKSmTCmD+YOoulaPhfxfpz11RxnkYBW2y+qzos6WITnp3n1mL6dSeJszCbyh3CQ/n01ZMfS6EpSXaONZSFKKoIcvXIFPW6jpreGFSB8vtb1FjmI45WcN35xXuKpL66Lyo4RLOUFb0FpX5O9KfWgOfOMo9M=
N7DQUd8Ct5/iNbjftTr9Byx0iMtyzpKnKxEHndit9UtmSgFhx86veetyFngcdiXUh7vagI7yqmVIbuKSmTCmD+YOoulaPhfxfpz11RxnkYBW2y+qzos6WITnp3n1mL6dSeJszCbyh3CQ/n01ZMfS6EpSXaONZSFKKoIcvXIFPW6jpreGFSB8vtb1FjmI45WcN35xXuKpL66Lyo4RLOUFb0FpX5O9KfWgOfOMo9M=
s+efp4+/VvmxtVb78a0MhS15dtjWGVQfckVhPBGCEPg+mqIfnKL5tnHYlYhrh88j6hiQoyIZMNJ1CC8RjTNsLydWYuKn/25ZLKt6BV5GcYilgzhZ5KJYvO1l2V+KshpQVo17oWlNVU/6PkaSNuDB7nYT9mi474O5kRDCbQX6aOxiSgvgTLaZNYCPDnjG6hmDiX1tulYKeH1WDQFebz4z5tFYcK4KvbK5LCvJjDuGNb5mMWOet8+qUcht+R+NcVuzeZF5MGU76KO3
QtoDhsq7Noex1Cg9mfC5BwtiXqaEm0DK2dD3ADeOhGXcRfL+zp802jxTAGu4jROdtMJWDALS3ILpXKtv6g8f81/74ljiWBW0LY93EpQtDgZJ9dmxEd3xF4hC4ECRB0WRRHPsIC8O+xNMmejD75TtKJsub8ckQYYfzpImM6EpFClpCEn8unUp/KRL9BdIBMytwEL13XVpzE9k6issrxJmZyyTbVsHFro2APCeBPrfIosrCdnRcQ5YUmgmtmNDfKLmCeHhZQcOmzTvOGvM07ZcRA3zo6o=
zb8sK16+wNstnnRHpUeHuT3aZQhjaWgb8DMIegVWwda7ZiBSHhiiwBBgiCLP7gmMt+SdIhbFOtLHg7dAVURzaWwTIN3GWw8s3BXbRjYcPPaVmFKKx7XesxAAWFZHc9fBs8JINuadCDHfJvECLRZP5K7W1AEseTIXF/TluitO+I195mlz9LHW0WdnU00FQyetZ0j7h7aj6Q==
3PP7JaFF1SIG2Spq5Q3Cx4zooqvUB6SdCKjOOngaAo+I66jxtlm8T+CSpkJSRtDCSDMu2fTe74BSWHxoZ20XL+fTSzw6NSm8JAv018jEzG1AAvWd9anMj+QqK2wvUmYnrFNtm4dWunaAsJ7Eeh8iS6tJ2ZHxzliS6Oa2I8M8oqaJIeGlh06bdG94awxTdlyEjbOj6g==
HZhEsv6gfBA+rAntI7jrp5kV9ADVUfEypus+c5GcX/Xcuj1qnzkSXh8ubLVhFqVagPHiOatXzzUR49O12xj3L2KjPQ==
lnAGAEBWeMHbcbUsK7BcHZxwDztOnp0ON7iQu+WvwCXZRrbSoc6V2c1VZhwUWYUOcYbho/YMaV+Uyv2Xecb/IFsyx9ehj4U/TKsV5ilWDjMhrkg1BA2MsnSP3Ix1F2FPZP2o9PtWS0R+JZA9TbFzkPIkLE4uXv6p2un3BxlbJegwoOT4plnn6nrk9I8BTzPIE+aDxhtWl4Bk5pG9o+A=
IbMRg2Jm/e4L7DJInzxtvl05Py1aaNzzMwwjLNhrf5S30hREBGY4/OBx5pCqvYS3J8iWzjaHOijYFxtPDAtFumnwI1R2QY3oC0ze+jAPOXVnzsM2j8Wa8dXp9tVj2OFvJz2PCRKnjLeSCcx7xbhu3blC3Ey2EtewoN5tNXTn4igass0jPcXRCvqiLL0C5W2uE8ZHBoWALH6mFQY5mINl3Ofe4d6SSZ/uW697ER/FVa8xye8TLUkl4AnTnKPD
xNWWy0ydnQMvB9OkEKYTYYMc74lab8ToXgd4nGXcdZ+Kj73v9hA7qtUcHGLqCz8Rxj5o0I/FMzfUHvvT+I5v8PO7RQKGEKDlq/x8fBOjWVz5JOCZoHYA6dws3ZUafUvhG0lbmqlusnDPno3GYrR6NNpQYpOwFE/3oince9VYHh3pokzMBrJn8HC+nTWEhzJoqhJ9o60lgcqKQjy9EsVd7sNm14Z14Nw+djU2OaijNRyXPpFeAunPLmuPaxEPpaXv4al/k53plSBZM+yjsw==
jmqW7Xfh7U4XytikIcj2MzHb8bLz/ssgZdL+IIl0QlaKRANLQWXL7eyiz1VKHwzuVu5SPTwklZhYUCwHaCCu3bRwFz0Bf352t85JHnrZV84j/0OR5xXtz3lZx9PFeW2AEWNEoxs=
O1eUFSCDvMO3BtWAcBYTr5pRPOyImZPv6s3R9+/ZmxnhyXGd6cpbOj68ylsPhmBw8PzQBJDDgsAlX4hNPtu3vLS1A7b+XHSmrXi6ut+1xoP44GAGDzMfMWtiIKZeHfChd0apsuXWh7TW9vzxNHkqZz/UHWpjDrA9pQbB64kxbUGPxws9TYPvfV8ok7euo/E=
FcPyvNw2PqQRVUwaLVzUNWlncBWcOSTsZHm/x5SZ+iwTGSdBlZnFdQVq91KqDF6jkwb8CGRMROw8Y+6okY98lYKby+SAZfee0jwYjrmIroLDtdq77BB0LmNTMxmfshT+Il1MeYOWHdqJditcQkZoiaj5tp+rZIkCz65c1RFWtbM18ZGZu5d/FWFjA1VLWIePsqPt
IbMRg2Jm/e4L7DJInzxtvl05Py1aaNzzMwwjLNhrf5S30hREBGY4/OBx5pCqvYS3J8iWzjaHOijYFxtPDAtFumnwI1R2QY3oC0ze+jAPOXVnzsM2j8Wa8dXp9tVj2OFvJz2PCRKnjLeSCcx7xbhu3blC3Ey2EtewoN5tNXTn4igass0jPcXRCvqiLL0C5W2uE8ZHBoWALH6mFQY5mINl3Ofe4d6SSZ/uW697ER/FVa8xye8TLUkl4AnTnKPD
4j956Mfgj1NXCkIIncaGMKLwnQOoqVUf8TZNAyVnWoCJ1tMqDbDbrpJu6M1g8wVwpl1qC+jhEufLh8ImU4FDMeuaVl+RItCZZKFUfkTjxIB1G3kjVDFwWJv608jOScjxjX0r/MIoNGJOciZlaoVvi5nXvYSAbDzUxnX/5kqIpUbBgGuko2obanv6T0xUiomxo+w=
c+1Nq4Sp6QhMQ4Ue0AtqrSx0hsN2kJegNkZTkpfU1GNcYjJO9OeveOczWX9ZZTzDmrraiYG7qmFEUK35mT2rYfsJu5pJLhT0YN+txkJ02rR6kAKT0NQvd8LpvHv1mL6dSeJszCbyh3CQ/n01ZMfS6EpSXaONZSFKKoIcvXIFPW6jpreGFSB8vtb1FjmI45WcN35xXuKpL66Lz4sRL+UFb0FpX5O9KfWgOfOMo9M=
g0F32vCbSxDd6t2qoQYLG4eItN8FSI2zLhIlbW8P9gznDioJEVt6IXSwvfmJHduhK6krGvlOpDQw/13GMlQK9MpwshNAdH83Msmse+X4jl0ZgvxMVlJ3MMAeTTVUJ4KouvItIx0FcYoa4gy9YiXNLvMGJwalwMz+BtVmOXjDxVyHHsHecgn/bvvvmxE/BTUvkYnPE02JhWDpk7yj4w==
0HWht3U1zJb1ipMFEa9JZA3sZUyAsjpab2d4BfQZ/BxcOed3bDlSXJuZr/H9+X2F3SqPAnLsdrObBvQYTCwcPMSjttgpb5QlChtDFCjFjy4K/CDe4ahGksu10qsEMCx+W5PrqecSvA6q3cTJa3alqtG204waJkCZoPm+j4OEUVK37oQlqTbdA71xGekTN4elOSM7hZN475+6o+U=
TMCt8RmNsTXisQekx+jp3h9RLmV2F4MwFN1ySamrooEcADV5AW1zQfMZU1ohnpxUGO9VxjpEIhTyIOrTuMQnV5o5JPttSGb9QfJEjI4CDxAoDkU1XDdqiMKi9eOldSkq8lKEPerVZU6rtt/G/ZD0Hi7Fbjlw0+08v84Zngq5J45TnxORt7Vdj0l5d1MVWX1AgYO0o+s=
n+2dFBgr0dN5jN9G7H7MIDOaJE83fG8A9C4IPkBZ25+4aSZkV1njiUkpqS2hihPqxpziKxeGeIDY3KhUWANKcH0/IN3GWw8s3BXbRjYcPPaVmFKKx7XesxAAWFZHc9fBs8JINuadCDHfJvECLRZP5K7W1AEseTIXF/TluitO+I195ml78bHV0WdnU00FQyetZ0j7h7aj6Q==
UTlnVKou/QbWXYK+ouzs2in68AI9pteBrP+YdZt/n9exfv3bxd/KCAleQ5Jt6GtmUiaYlUALFXimVXrzyLlirwtPcn4zOdO5axLG53H6YNEkaaSmZJvUiHUTaVt06YCQ27JjEC7xWHkN9btEonCEqo46Vj1KfX+Dmd+tfKA0TJwGvU++KjA1zkEI+xxDsqsiOzK/lHTymbmj5A==
7KJIpIKmaFFdnpgLX+dNsK//HqHQsendzH+FiYPJoUwJzd219uYpfCe0hTJHGGL0TKM4Qcm25hc+NQADLvHbvcYoa5MvFwtwYgHZYAxv1Psw0NwRSAb1ke3d/JMMDksAF4a2G+QXrVdf4soqKFQ+aAKLsrcjzVkdaTroDoBCVs97aPIaSeCh6t96a6hHHEsgq2JM+IW3o+Y=
T/6/ueHd4qL6Mr10RVJcZ0UPYaPd1bDIaeVfZEKL2gt9DMN9WDq54gOpfqZ7zghtzaYZGkGxJXFXJyNtNcP3jfcI6ydmozk=
Xi3Xy/RbAthj07jWhtJIY0UPYaPd1bDIaeFdakKL2gt9DMN9WDq54gOpfqZ7zghtzaYZGkGxJXFXJyNtNcP3jfcI6ydmozk=
1EX7mDiIfXK0ZPsn6t5hxpxwDztOnp0ON7iQu+WvwCXZRrbSoc6V2c1VZhwUWYUOcYbho/YMaV+Uyv2Xecb/IFsyx9ehj4U/TKsV5ilWDjMhrkg1BA2MsnSP3Ix1F2FPZP2o9PtWS0R+JZA9TbFzkPIkLE4uXv6p2un3BxlbJegwoOT4plnn6nrk/IoBTDPIE+aDxhtWl4Bk5pG9o+A=
D0O6lf3m9tsOMl/Qb7ocT1ERc8gl73rb7OgTBIOgaT0WlcoBFLYbI2E2NnOjjGJWIHTh9ie+W8QPKOvcs8Yc9C1jozo=
dQNA1wkdZ0zu5o4ZCijmMlVHKX9tGIQzV8A3Xojio4waCjV5AW1zQfMZU1ohnpxUGO9VxjpEIhTyIOrTuMQnV5o5JPttSGb9QfJEjI4CDxAoDkU1XDdqiMKi9eOldSkq8lKEPerVZU6rtt/G/ZD0Hi7Fbjlw0+08v84Zngq5J45TnhORt7Vdj0l5d1MVWX1AgYO0o+s=
byUuFYuPtQlRufpSE7NozDZHmeJJCRN9gJC/WKEBzWWtMVHN04hfFR6K3zVUliMyNP52u/Mkwv6w/GF+txb7bF/gqxTj7jzcPWujMg==
GcEa54XdZ5yd7HXLPdHeo/CPIV6ptDoKvAqOEe3OGgGBGRxSSsSz3bMrSEgNBJChyxi9zoUBWv5VkHRJc4OhgqCGm1taeECETcPIYOZBt0LazMwygfQD4LNOU97bzkdohA5hRaMY
snzfPBWqrd+2kfi1aNxHLmlQ+nOiUBFXUVbMIWexH8Gx71zakYqF8Rp3FgYTxc2q7pfNS/3VUIgJYf0qYou6y92MY704Olmioyne5pvOKK1tJvnaIbEFMfenQ63Vw9dNl4gLZ0ajGQ==
m+C4c5//Y5tRRf955SmBSvPGpB74sXgirYq5CT4HUs6/pWEiagdpkyGVDFDtcfkijqvWAxk8BwXEuiUaR5marnfuRKVpNp2C/XFZaVM3xyV5I3sFU3gvH3qjJQ==
joovTAOASql/6gtiFYW+mTXpJ4MP5dkn5rx0KqmKvQEyF07W24WFGhY3pdtlVcgYoYFFWipLcpuFrIuNQDqhkssJBjbTjuBd1UZRSrkxnaEfBzsdHQOfHU9oIxd+oyE=
hxGKSJQSP5P9+Xb5bbbeNRzaCKY+1/g90bx0KqmKvQEyF07W24WFGhY3pdtlVcgYoYFFWipLcpuFrIuNQDqhkssJBjbTjuBd1UZRSrkxnaEfBzsdHQOfHU9oIxd+oyE=
NSIXE7BjYvhGZw/hrSMvbckDm2ZLk2oW/q4rCj+FuJ/EQkkVF478n89/h/WqvEspL474GyBPT+TBSYJ6Y1aBQczigd4yib9uu27bEX+FdS/RCQ8TjQlFYCkTfKMj
vs/3W6I/rN2L2bs7Z4fNUSx0iMtyzpKnKxEHndit9UtmSgFhx86veetyFngcdiXUh7vagI7yqmVIbuKSmTCmD+YOoulaPhfxfpz11RxnkYBW2y+qzos6WITnp3n1mL6dSeJszCbyh3CQ/n01ZMfS6EpSXaONZSFKKoIcvXIFPW6jpreGFSB8vtb1FjmI45WcN35xXuKpL66LzosRL+UFb0FpX5O9KfWgOfOMo9M=
MBEL5ZsImquKnmL0FqZM3zZHmeNJCRN9gJC/WKEBzWWtMVHN04hfFR6K3zVUliMyNP52u/Mkwv6w/GF+txb7bF/gqxTj7jzcPWujMg==
1L5sDZ5wMgCq4yMbiBeUyYKn4g8vV6vVee0tPEMZu7MgaueOuLGio4YRhSchn7GyarCfBEK86sCzdGqEgaO6K7RUSJL+M9IQLywJh+xBbIJZO9sFbT0VAO+p1648DAmqTVFcp2M4F9WkvTCaX/irX3bhYPoUXON5F+cELtQgeJEVGYfR+4/UIqiqWHxvnrgP+FB2cw1Z30zMVUsm5pzMlmXYouo3tS7T4ECoNrfzB6EjglhWNp3Ykc9mYSL9ln/EHpbkoZx5grcnNFWaG86ore0medqhsYUxd6fDrVXDV00XiItnxqOZ
aYdo9F2asV0mBJk0QTxfM51V23Bq2Cejqn0Lnd7i/B2+f5H78Tth1Bw77frLsBL6att163BontnJl1Fvjw/DKrRrfR7YdHKIyJQpl+mFGPZHbpP+jWSyeD1a0LeUkCAy3dkh4LiWVyM5TRTEcCIl+X31TGfMcuugk6mwP5gBO4r1IrdYLzWAzw6FktT2EdUX7AMl3qluPpuBhpitxBVc2pTnLPR1b5EnhJV47DvOm2zejaAFzYlDOFIMfNZuRq5BugGH/xmjVQBQSLTg5sG3wtpMzLKBdANgs85TXttOR+iEjmHFo5g=
Q2vW3pV8b3bZ/9Ap/lG0r95zd9pi707JhqSFkuSo1OZM1LJ6vnZ9UNL0pNAHQQVJ95wvhFYwSFoHKbtszg0YVG7dr/9/bTiTRD1QWn/4S58WYcu/M1yDufdnpO70IJjRtZknkRuPtOIIKvi8D56YT1jQFjPtWf+MbNWrZoac7NaFWMIqF7UOE4DASHaX82fhwwL4lhadONGv5sFi3ZYfBL4WRGH8eWL3h7T12vvOiG1NppkawbGlcdcno221w3eNdwhrJ+ajuQ==
V26VHIvmSbuJ24AYWBe+uvede+b87MAE6wMGusx17yRDVnNDg2VC0RlxdrKuZa4QlFMddxn1d0bIhB9L742QyURxvKmpEckc6NhWOGM4cHLXoyJRlmTU02hFeO7GLvWYHOnkqsTU5as97ricQ1URr/j7NHf/P6WuMclsmF82Gys8oSh7nywNkOsWb/9U+WanvirmC9ER9BEZsMlEyk3JxNRzNK84vCwVsHr15QXRLPcUUusU3yqGX1wr7eN3LloOcMhevIpnwjNbMdnpAba46hiedlszRELecFxh3nc2ewyfAKt0ow68/H3Lo5I=
Lrs2xBYdmlVGSS7q0mLyQvede+b87MAE6wMGusx17yRDVnNDg2VC0RlxdrKuZa4QlFMddxn1d0bPhh9L742QyURxvampEckc6NhWOGM4cHLXoyJRlmTU02hFeO7GLvWYHOnkqsTU5as97ricQ1URr/j7NHf/P6WuMclsmF82Gys8oSh7nywNkOsWb/9U+WanvirmC9ER9BEZsMlEyk3JxNRzNK84vCwVsHr15QXRLPcUUusU3yqGX1wr7eN3LloOcMhevIpnwjNbMdnpAba46hiedlszRELecFxh3nc2ewyfAKt0ow68/H3Lo5I=
AXcdCTk1dMV4xAJzwg0Dz/ede+b87MAE6wMGusx17yRDVnNDg2VC0RlxdrKuZa4QlFMddxn1d0bIhB9L742QyURxsqmpEckc6NhWOGM4cHLXoyJRlmTU02hFeO7GLvWYHOnkqsTU5as97ricQ1URr/j7NHf/P6WuMclsmF82Gys8oSh7nywNkOsWb/9U+WanvirmC9ER9BEZsMlEyk3JxNRzNK84vCwVsHr15QXRLPcUUusU3yqGX1wr7eN3LloOcMhevIpnwjNbMdnpAba46hiedlszRELecFxh3nc2ewyfAKt0ow68/H3Lo5I=
NPRYCGPGiNt1TzyzRUYoxvede+b87MAE6wMGusx17yRDVnNDg2VC0RlxdrKuZa4QlFMddxn1d0bPhh9L742QyURxs6mpEckc6NhWOGM4cHLXoyJRlmTU02hFeO7GLvWYHOnkqsTU5as97ricQ1URr/j7NHf/P6WuMclsmF82Gys8oSh7nywNkOsWb/9U+WanvirmC9ER9BEZsMlEyk3JxNRzNK84vCwVsHr15QXRLPcUUusU3yqGX1wr7eN3LloOcMhevIpnwjNbMdnpAba46hiedlszRELecFxh3nc2ewyfAKt0ow68/H3Lo5I=
oCKzg9DFMPOT6ZW3cqkGzfede+b87MAE6wMGusx17yRDVnNDg2VC0RlxdrKuZa4QlFMddxn1d0bIhB9L742QyURxsKmpEckc6NhWOGM4cHLXoyJRlmTU02hFeO7GLvWYHOnkqsTU5as97ricQ1URr/j7NHf/P6WuMclsmF82Gys8oSh7nywNkOsWb/9U+WanvirmC9ER9BEZsMlEyk3JxNRzNK84vCwVsHr15QXRLPcUUusU3yqGX1wr7eN3LloOcMhevIpnwjNbMdnpAba46hiedlszRELecFxh3nc2ewyfAKt0ow68/H3Lo5I=
g8Js52kG2bvbpxzaVb1QDPede+b87MAE6wMGusx17yRDVnNDg2VC0RlxdrKuZa4QlFMddxn1d0bPhh9L742QyURxsampEckc6NhWOGM4cHLXoyJRlmTU02hFeO7GLvWYHOnkqsTU5as97ricQ1URr/j7NHf/P6WuMclsmF82Gys8oSh7nywNkOsWb/9U+WanvirmC9ER9BEZsMlEyk3JxNRzNK84vCwVsHr15QXRLPcUUusU3yqGX1wr7eN3LloOcMhevIpnwjNbMdnpAba46hiedlszRELec1xh3nc2ewyfAKt0ow68/H3Lo5I=
9Wwu+bXRhfOtzmSt3X0VDfede+b87MAE6wMGusx17yRDVnNDg2VC0RlxdrKuZa4QlFMddxn1d0bIhB9L742QyURxtqmpEckc6NhWOGM4cHLXoyJRlmTU02hFeO7GLvWYHOnkqsTU5as97ricQ1URr/j7NHf/P6WuMclsmF82Gys8oSh7nywNkOsWb/9U+WanvirmC9ER9BEZsMlEyk3JxNRzNK84vCwVsHr15QXRLPcUUusU3yqGX1wr7eN3LloOcMhevIpnwjNbMdnpAba46hiedlszRELec1xh3nc2ewyfAKt0ow68/H3Lo5I=
xNaMAkc/0DcjYlypa8zgYvede+b87MAE6wMGusx17yRDVnNDg2VC0RlxdrKuZa4QlFMddxn1d0bPhh9L742QyURxt6mpEckc6NhWOGM4cHLXoyJRlmTU02hFeO7GLvWYHOnkqsTU5as97ricQ1URr/j7NHf/P6WuMclsmF82Gys8oSh7nywNkOsWb/9U+WanvirmC9ER9BEZsMlEyk3JxNRzNK84vCwVsHr15QXRLPcUUusU3yqGX1wr7eN3LloOcMhevIpnwjNbMdnpAba46hiedlszRELec1xh3nc2ewyfAKt0ow68/H3Lo5I=
GJAHLdkWnJsZPC/cDyXYYvede+b87MAE6wMGusx17yRDVnNDg2VC0RlxdrKuZa4QlFMddxn1d0bIhB9L742QyURxtKmpEckc6NhWOGM4cHLXoyJRlmTU02hFeO7GLvWYHOnkqsTU5as97ricQ1URr/j7NHf/P6WuMclsmF82Gys8oSh7nywNkOsWb/9U+WanvirmC9ER9BEZsMlEyk3JxNRzNK84vCwVsHr15QXRLPcUUusU3yqGX1wr7eN3LloOcMhevIpnwjNbMdnpAba46hiedlszRELec1xh3nc2ewyfAKt0ow68/H3Lo5I=
94DjgPnsFY3PYPLDtJwj6vede+b87MAE6wMGusx17yRDVnNDg2VC0RlxdrKuZa4QlFMddxn1d0bPhh9L742QyURxtampEckc6NhWOGM4cHLXoyJRlmTU02hFeO7GLvWYHOnkqsTU5as97ricQ1URr/j7NHf/P6WuMclsmF82Gys8oSh7nywNkOsWb/9U+WanvirmC9ER9BEZsMlEyk3JxNRzNK84vCwVsHr15QXRLPcUUusU3yqGX1wr7eN3LloOcMhevIpnwjNbMdnpAba46hiedlszRELec1xh3nc2ewyfAKt0ow68/H3Lo5I=
qU8G5PE8iseyiGjxR+BJXvede+b87MAE6wMGusx17yRDVnNDg2VC0RlxdrKuZa4QlFMddxn1d0bIhB9L742QyURxvKipEckc6NhWOGM4cHLXoyJRlmTU02hFeO7GLvWYHOnkqsTU5as97ricQ1URr/j7NHf/P6WuMclsmF82Gys8oSh7nywNkOsWb/9U+WanvirmC9ER9BEZsMlEyk3JxNRzNK84vCwVsHr15QXRLPcUUusU3yqGX1wr7eN3LloOcMhevIpnwjNbMdnpAba46hiedlszRELec1xh3nc2ewyfAKt0ow68/H3Lo5I=
KCN9CM3dHnOBtVqUksFr++cyidaljCyl158Q5WqymkVi1f12fQ20/dg6E2QJyThCq25Mlw/63Rh4iaZaZ/fZJl0LW9PDW47LZ3qRc8J5gvuDIBCv5QX8wkMIoUV5Az7vrhcL4ZoBSwZD24/yJJLvBYhh+A2mOf3uh5zRFAdBTSwcg+BXhVdRwu5QiFzUpY2pCk3JiP3s6JnTrbw4n3Wdr4/OsnF7BolcS6vGZgMvc0bYbCXNeBKzdkZd4VS4G+3sudqyZTHB0I1npmqhuXj14livDZ3cU0cqrnifQ8OX1bEDYyxx7pkAfOJC9a2lhIfzhP7wa7J5zQgpDdz6qlkOI6R6fLJrmWcUGq1sjFKNQ1crbWw7qG1sggpMkPnK0aVYBBx3EduX+FYgQKwJyUkL+c8P4AokegTkO37M94SgOpuZmcvkgGX3ntI8GI65iK6Cw7Xau+wQdC5jUzMZn7IU/iJdTHmDlh3aiXYrXEJGaImo+bafq2SJAs+uXNURVrWxNfGRmbuXfxVhYwNVS1iHj7Kj7Q==
eSy34oxmyv+HKYzQgkAsTcvM6Du3WBEDCobSHDD2BMrf8KqqAh84NVEpaw0zcTTWfLB5nBp3LxTEmwdRgddCcdCKdK0hRbPof2/tSALMQTGlu7XE4NVlXlGNdJzgDOcar5cROYd+exGFyoDMQzJgty52ay+BHaf9Taw4eFScVkSNhPIr87VtbrNwpIFola7nufSnDU3Mgob42W/MhdFavJl0kdieh6uwwsgaBHM7tFBTKug/zICn46Yi4PnVbNY7l2Ryzmonn5plsSvIXrcTyiRMLJ/vSNfnh7Yc8RCyYSC7/M8Uc9lr5Z0Beu1ayL+2uJ4do56VQWmNHF5WRRE4aRVHfROKqQgA/cby9RXx/uERutms7emxU/nd9JXkfRtpvczm08zCS5DTOZDvGNFbGrXS16gvxeA/ThXyBHbB9YesM4Vuqd6eq0EWuP1ERbxKVJfMhHUfcVdEBZi8u567/B69ALXNOeMIEpxcBu6WztH68ecPGVM18BDY1DBmEZdSmnxvAoHEo1BzXnMOWx6neET+gbWj6A==
PdvCDrXNZBjWvlaj7AzVUJC8RlGWCor88aJ64jlB1J23KTOod1PeMeqmsXOmNUpAlsNlvS1xTCNc3kdfb/7aap7zAOGi4hQpMjBS7Z2A7kljtMG/uxK9Jyp8B5UUb72qi3fQkcCPOaCq26ft7sZZ2Hvh64vcW9Q38dX4SZmi2UtVNnb67fGyIUL5JFGvKl2MyzDVCS+Y5iOaY2dfQ+Y0gBLYRk3P3TBN8/y/BHodSX1mHI19f5v1bkjFGU5beFG7HKJRR/GyYiwfOXp64bKczXvwalOP2EP6yNHTSUIpvXZwpauQt5biL7fpnrtVLrSoRedRHzcFeUPWRYzR0th40i9p9+yFB76+Sp8wEZ/M8x3G3ngRbJde2gaGiZF1MMB99gjAZQEjEW1WT+qF/gaQnErd2NlHbH68jaW53ypyOlB2zZshiQ11T9r+JhJWIOHuVlNW6FivY7mxUGLtZToI7AKKq2Ds9nk1YM+u+GYqeYPpvQ069kpYfbZN4d7PfhPm8ZgQLmp9krkMaykM28YVvkbxwx7XBc9R661Zn20xu7OZ0dmwxfuIo9c=
EtUNB53Ie7P3k2X1vfUNt7wgN/6gRZRuZ2dbkSi1rQsUWKPhYKTdBP4hdzH8IKf+hB008S2Z1ouap0DEvLUUI4IEFr/FDUF93pRQ/V/iKjcxyGqsC2xADPd5yvLJW5X04nA5jVWHzfjg6R1ioTEMIACwnyZfq2kFR8IDrXV2+PCjDhiL3soTkwGh30G9kEBEtKAu+H04ipcziRVSQ0zcPYgp1ltJyN8xTfD6ughlF3BlbSKAaUjp5F470wwydGI4kwfMbKOWkINMPN9fVh6YxTVQrodn2ApyqhvnppWNU3S+C2t21HBUo+90r9t3CmRN8A4ZHEvAtyizZRNZbb0C0br0x4pIImUfHik51X0gJmqlLUDV5fsFr0qVcDwN+opJ9U2GXeGGoZDt1clvCWGMKQTBY1VN8J7vDH4zLCOF6NP47SMmRW6vFK95mIO+KYo4lv2NO1yP/dJp4uaXsSrAQaT5xPakq7S4dSMJa7S54ABbIsPA7oF4iQ2Fm7TiICQ6Dqq27QpNn7OZ701M4OSsDIYt7+5qwBe+QfjbbINiC7K7ot/EtML5iaPU
EtUNB53Ie7P3k2X1vfUNt7wgN/6gRZRuZ2dbkSi1rQsUWKPhYKTdBP4hdzH8IKf+hB008S2Z1ouap0DEvLUUI4IEFr/FDUF93pRQ/V/iKjcxyGqsC2xADPd5yvLJW5X04nA5jVWHzfjg6R1ioTEMIACwnyZfq2kFR8IDrXV2+PCjDhiL3soTkwGh30G9kEBEtKAu+H04ipcziRVSQ0zcPYgp1ltJyN8xTfD6ughlF3BlbSKAaUjp5F470wwydGI4kwfMbKOWkINMPN9fVh6YxTVQrodn2ApyqhvnppWNU3S+C2t21HBUo+90r9t3CmRN8A4ZHEvAtyizZRNZbb0C0br0x4pIImUfHik51X0gJmqlLUDV5fsFr0qVcDwN+opJ9U2GXeGGoZDt1clvCWGMKQTBY1VN8J7vDH4zLCOF6NP47SMmRW6vFK95mIO+KYo4lv2NO1yP/dJp4uaXsSrAQaT5xPakq7S4dSMJa7S54ABbIsPA7oF4iQ2Fm7TiICQ6Dqq27QpNn7OZ701M4OSsDIYt7+5qwBe+QfjbbINiC7K7ot/EtML5iaPU
p1HjdCt5XjAmFIdOYpDPrq0o5HUwfrr9t7Xh1bhjtn1jfoJSzzWJQdAOVx8IADZEqfFpFk0TcWpE7cklMKffl5EtFQTdqqlazva53hwRBl28j9UKix/WCMZDDSUhTmBjifwJw7Bm0Gr7CKepZRNnqDdTPSQkVtO0nAVGKL/lwWuLH1WiPEKkugoWRXpGQVMj4ezL3kBbONOSFZHqswdN+u6kIBcrtjU3xi4RymVy/tFncvqmPh5jPchiu/S8dQx2C4E+rGRDpcoK6d8aRiRKMZOYnZ9Pko5xr7iM0rgVb/47Rd/42Asg1H0ys8K7PpMPJ6cl7953yk5DBNDAyWne422LlRJabLU3ZDvducl5Kj+EgoVoFi9Ft8ITOaTNpu3f3XEhE7DvVJuH+zVyEnmslIdS61e09QjXJyhdDIPi7zNMXdabdr4GZylV5E2xhInIkqm5ONynlIMAOPwJWA71qZ31HEtcRov4p+4Wg3SfLe+vSqpy+Jx+EDJjkq8zxVklGRII1tAKljfLAFKC22ghUi/SC/CX1AtYm4ps4JW/o94=
Kz1uTCC2GT+qoH3lK4VjR/ede+b87MAE6wMGusx17yRDVnNDg2VC0RlxdrKuZa4QlFMddxn1d0bPhh9L742QyURxvaipEckc6NhWOGM4cHLXoyJRlmTU02hFeO7GLvWYHOnkqsTU5as97ricQ1URr/j7NHf/P6WuMclsmF82Gys8oSh7nywNkOsWb/9U+WanvirmC9ER9BEZsMlEyk3JxNRzNK84vCwVsHr15QXRLPcUUusU3yqGX1wr7eN3LloOcMhevIpnwjNbMdnpAba46hiedlszRELec1xh3nc2ewyfAKt0ow68/H3Lo5I=
RQ59OcB/WYcl3n8FCH9Idvede+b87MAE6wMGusx17yRDVnNDg2VC0RlxdrKuZa4QlFMddxn1d0bIhB9L742QyURxsqipEckc6NhWOGM4cHLXoyJRlmTU02hFeO7GLvWYHOnkqsTU5as97ricQ1URr/j7NHf/P6WuMclsmF82Gys8oSh7nywNkOsWb/9U+WanvirmC9ER9BEZsMlEyk3JxNRzNK84vCwVsHr15QXRLPcUUusU3yqGX1wr7eN3LloOcMhevIpnwjNbMdnpAba46hiedlszRELec1xh3nc2ewyfAKt0ow68/H3Lo5I=
qr2T5P+qUmqw3YfqqPIIPPede+b87MAE6wMGusx17yRDVnNDg2VC0RlxdrKuZa4QlFMddxn1d0bPhh9L742QyURxs6ipEckc6NhWOGM4cHLXoyJRlmTU02hFeO7GLvWYHOnkqsTU5as97ricQ1URr/j7NHf/P6WuMclsmF82Gys8oSh7nywNkOsWb/9U+WanvirmC9ER9BEZsMlEyk3JxNRzNK84vCwVsHr15QXRLPcUUusU3yqGX1wr7eN3LloOcMhevIpnwjNbMdnpAba46hiedlszRELec1xh3nc2ewyfAKt0ow68/H3Lo5I=
5JBTh3/i6+eyLZCMUP0/bPede+b87MAE6wMGusx17yRDVnNDg2VC0RlxdrKuZa4QlFMddxn1d0bIhB9L742QyURxsKipEckc6NhWOGM4cHLXoyJRlmTU02hFeO7GLvWYHOnkqsTU5as97ricQ1URr/j7NHf/P6WuMclsmF82Gys8oSh7nywNkOsWb/9U+WanvirmC9ER9BEZsMlEyk3JxNRzNK84vCwVsHr15QXRLPcUUusU3yqGX1wr7eN3LloOcMhevIpnwjNbMdnpAba46hiedlszRELec1xh3nc2ewyfAKt0ow68/H3Lo5I=
qF9kL0p5nYs18MGf/8y5UPede+b87MAE6wMGusx17yRDVnNDg2VC0RlxdrKuZa4QlFMddxn1d0bPhh9L742QyURxsaipEckc6NhWOGM4cHLXoyJRlmTU02hFeO7GLvWYHOnkqsTU5as97ricQ1URr/j7NHf/P6WuMclsmF82Gys8oSh7nywNkOsWb/9U+WanvirmC9ER9BEZsMlEyk3JxNRzNK84vCwVsHr15QXRLPcUUusU3yqGX1wr7eN3LloOcMhevIpnwjNbMdnpAba46hiedlszRELec1xh3nc2ewyfAKt0ow68/H3Lo5I=
bUS4ZC1UbjO691qVRvT21fede+b87MAE6wMGusx17yRDVnNDg2VC0RlxdrKuZa4QlFMddxn1d0bIhB9L742QyURxtqipEckc6NhWOGM4cHLXoyJRlmTU02hFeO7GLvWYHOnkqsTU5as97ricQ1URr/j7NHf/P6WuMclsmF82Gys8oSh7nywNkOsWb/9U+WanvirmC9ER9BEZsMlEyk3JxNRzNK84vCwVsHr15QXRLPcUUusU3yqGX1wr7eN3LloOcMhevIpnwjNbMdnpAba46hiedlszRELec1xh3nc2ewyfAKt0ow68/H3Lo5I=
i/ceuQ09Xeo6aV2ae434vfede+b87MAE6wMGusx17yRDVnNDg2VC0RlxdrKuZa4QlFMddxn1d0bPhh9L742QyURxt6ipEckc6NhWOGM4cHLXoyJRlmTU02hFeO7GLvWYHOnkqsTU5as97ricQ1URr/j7NHf/P6WuMclsmF82Gys8oSh7nywNkOsWb/9U+WanvirmC9ER9BEZsMlEyk3JxNRzNK84vCwVsHr15QXRLPcUUusU3yqGX1wr7eN3LloOcMhevIpnwjNbMdnpAba46hiedlszRELec1xh3nc2ewyfAKt0ow68/H3Lo5I=
IujFfmpCammsXkdjueIEEfede+b87MAE6wMGusx17yRDVnNDg2VC0RlxdrKuZa4QlFMddxn1d0bIhB9L742QyURxtKipEckc6NhWOGM4cHLXoyJRlmTU02hFeO7GLvWYHOnkqsTU5as97ricQ1URr/j7NHf/P6WuMclsmF82Gys8oSh7nywNkOsWb/9U+WanvirmC9ER9BEZsMlEyk3JxNRzNK84vCwVsHr15QXRLPcUUusU3yqGX1wr7eN3LloOcMhevIpnwjNbMdnpAba46hiedlszRELec1xh3nc2ewyfAKt0ow68/H3Lo5I=
cqcDdYyiGbdiPNH7Iy3lK/ede+b87MAE6wMGusx17yRDVnNDg2VC0RlxdrKuZa4QlFMddxn1d0bPhh9L742QyURxtaipEckc6NhWOGM4cHLXoyJRlmTU02hFeO7GLvWYHOnkqsTU5as97ricQ1URr/j7NHf/P6WuMclsmF82Gys8oSh7nywNkOsWb/9U+WanvirmC9ER9BEZsMlEyk3JxNRzNK84vCwVsHr15QXRLPcUUusU3yqGX1wr7eN3LloOcMhevIpnwjNbMdnpAba46hiedlszRELec1xh3nc2ewyfAKt0ow68/H3Lo5I=
pCcB9pwG6jAguTl5ShOPVWfPLwiXzGJ7asw2maiyVZm0eA976Fm93ombt0SAkR9TtdwoXzdGX2aFzSHzsqj80FyiP/XIhs3KLscSkPt4R4X6HGq4/job9x6QJ9TVGO2J37/4EYgVRPoGk0uSgKhNUKeJz17UzKE6NTEUl3s4D+Xs3UgK9zhDr27BKKps3Fup3wccHvxgEAGtuU8h44/MUuAK4OyHXpA/4DA+I7XZJ5wEdVNWjtxkBp04atovtTbjKKBQph+zb9E7opCGzh1gwYcGeRLVVpdUpjas0YR5mkfvlO0Kc46AnfXGsQkZMf1hP4fbXb0D/91v6MNX3qOB
dVzgP4KfYtVUeuByvTGA0fede+b87MAE6wMGusx17yRDVnNDg2VC0RlxdrKuZa4QlFMddxn1d0bPhh9L742QyURxvKepEckc6NhWOGM4cHLXoyJRlmTU02hFeO7GLvWYHOnkqsTU5as97ricQ1URr/j7NHf/P6WuMclsmF82Gys8oSh7nywNkOsWb/9U+WanvirmC9ER9BEZsMlEyk3JxNRzNK84vCwVsHr15QXRLPcUUusU3yqGX1wr7eN3LloOcMhevIpnwjNbMdnpAba46hiedlszRELec1xh3nc2ewyfAKt0ow68/H3Lo5I=
yOcmWdJMzHg3PZ92VunUPt4DnFxMPp0yvd9yNjrAdnC6xjDwA0F5aitljTXbPXl8fkOoTyzss+vA0hnxjhNSw7QAN/CdoOMNdb9Zgi80b+IIeUshdo3mZQqmKKtFjm5Io4xpMWHCWrzPZnsJOot1OAH5wuUGVplIzTPAeeZ2gjy1tdE/MkKyEH6dIwHh/S1PAo7OMu7w6S7eY06IsL9bOclAyk19SoCsClrTgMRGoTW4f4YYHvpxw2HNFZpeWiD9jl0JvtdOmyb5SKgOgg1KuVSbQSxjlh3+zsHb/r8V99ETvfE/dcEzc5GBIdDtS9Cjjw==
8grw2Adxa22t10d0DYQ/B2fPLwiXzGJ7asw2maiyVZm0eA976Fm93ombt0SAkR9TtdwoXzdGX2aFzSHzsqj80FyiP/XIhs3KLscSkPt7Qoj+HWW8+jgb9x6QJ9TVGO2J37/4EYgVRPoGk0uSgKhNUKeJz17UzKE6NTEUl3s4D+Xs3UgK9zhDr27BKKps3Fup3wccHvxgEAGtuU8h44/MUuAK4OyHXpA/4DA+I7XZJ5wEdVNWjtxkBp04atovtTbjKKBQph+zb9E7opCGzh1gwYcGeRLVVpdUpjas0YR5mkfvlO0Kc46AnfXGsQkZMf1hP4fbXb0D/91v6MNX3qOB
yOcmWdJMzHg3PZ92VunUPt4DnFxMPp0yvd9yNjrAdnC6xjDwA0F5aitljTXbPXl8fkOoTyzss+vA0hnxjhNSw7QAN/CdoOMNdb9Zgi80b+IIeUshdo3mZQqmKKtFjm5Io4xpMWHCWrzPZnsJOot1OAH5wuUGVplIzTPAeeZ2gjy1tdE/MkKyEH6dIwHh/S1PAo7OMu7w6S7eY06IsL9bOclAyk19SoCsClrTgMRGoTW4f4YYHvpxw2HNFZpeWiD9jl0JvtdOmyb5SKgOgg1KuVSbQSxjlh3+zsHb/r8V99ETvfE/dcEzc5GBIdDtS9Cjjw==
Ydb9X6DDZ8ki9z9XeTj+ZCGMYcbuM2aFkJw13G5WUo9FcfmNoTHZah0VTGCWTQnKwn4B5I/i3ZS6Qh34bnhvRirpDIBMdTt8d5Zwpz1dyeomUr/LE12UvFG7NIR2dLhyF0IjY4sRjdNskwfYABE4wt4qBUTUXUQmvLC1lxX6uHCbkaEzcI5ANNkbtVvYHaw0x7Jrd3SVCHdnyN0sQ4Lvkwy9Vru23gbHabVkbXHkiWjSSTkYHMeUI0DYfCmYbvUJ3RWca5wmi1jnDpajtP8tT++qKlI4/H6wcoMSj/OlWYVZ8oj2EGqWl4vg0qIbCCHybzKL0Fe0C/jbauzAVd+jfg==
yOcmWdJMzHg3PZ92VunUPt4DnFxMPp0yvd9yNjrAdnC6xjDwA0F5aitljTXbPXl8fkOoTyzss+vA0hnxjhNSw7QAN/CdoOMNdb9Zgi80b+IIeUshdo3mZQqmKKtFjm5Io4xpMWHCWrzPZnsJOot1OAH5wuUGVplIzTPAeeZ2gjy1tdE/MkKyEH6dIwHh/S1PAo7OMu7w6S7eY06IsL9bOclAyk19SoCsClrTgMRGoTW4f4YYHvpxw2HNFZpeWiD9jl0JvtdOmyb5SKgOgg1KuVSbQSxjlh3+zsHb/r8V99ETvfE/dcEzc5GBIdDtS9Cjjw==
iunUoE2wdqnkAEr8+N5LfCGMYcbuM2aFkJw13G5WUo9FcfmNoTHZah0VTGCWTQnKwn4B5I/i3ZS6Qh34bnhvRirpDIBMdTt8d5Zwpz1Txu8jULrBHFOUvFG7NIR2dLhyF0IjY4sRjdNskwfYABE4wt4qBUTUXUQmvLC1lxX6uHCbkaEzcI5ANNkbtVvYHaw0x7Jrd3SVCHdnyN0sQ4Lvkwy9Vru23gbHabVkbXHkiWjSSTkYHMeUI0DYfCmYbvUJ3RWca5wmi1jnDpajtP8tT++qKlI4/H6wcoMSj/OlWYVZ8oj2EGqWl4vg0qIbCCHybzKL0Fe0C/jbauzAVd+jfg==
yOcmWdJMzHg3PZ92VunUPt4DnFxMPp0yvd9yNjrAdnC6xjDwA0F5aitljTXbPXl8fkOoTyzss+vA0hnxjhNSw7QAN/CdoOMNdb9Zgi80b+IIeUshdo3mZQqmKKtFjm5Io4xpMWHCWrzPZnsJOot1OAH5wuUGVplIzTPAeeZ2gjy1tdE/MkKyEH6dIwHh/S1PAo7OMu7w6S7eY06IsL9bOclAyk19SoCsClrTgMRGoTW4f4YYHvpxw2HNFZpeWiD9jl0JvtdOmyb5SKgOgg1KuVSbQSxjlh3+zsHb/r8V99ETvfE/dcEzc5GBIdDtS9Cjjw==
rLogXV1d698splOWec1HpSGMYcbuM2aFkJw13G5WUo9FcfmNoTHZah0VTGCWTQnKwn4B5I/i3ZS6Qh34bnhvRirpDIBMdTt8d5Zwpz1dyu4qXr7NFV2UvFG7NIR2dLhyF0IjY4sRjdNskwfYABE4wt4qBUTUXUQmvLC1lxX6uHCbkaEzcI5ANNkbtVvYHaw0x7Jrd3SVCHdnyN0sQ4Lvkwy9Vru23gbHabVkbXHkiWjSSTkYHMeUI0DYfCmYbvUJ3RWca5wmi1jnDpajtP8tT++qKlI4/H6wcoMSj/OlWYVZ8oj2EGqWl4vg0qIbCCHybzKL0Fe0C/jbauzAVd+jfg==
yOcmWdJMzHg3PZ92VunUPt4DnFxMPp0yvd9yNjrAdnC6xjDwA0F5aitljTXbPXl8fkOoTyzss+vA0hnxjhNSw7QAN/CdoOMNdb9Zgi80b+IIeUshdo3mZQqmKKtFjm5Io4xpMWHCWrzPZnsJOot1OAH5wuUGVplIzTPAeeZ2gjy1tdE/MkKyEH6dIwHh/S1PAo7OMu7w6S7eY06IsL9bOclAyk19SoCsClrTgMRGoTW4f4YYHvpxw2HNFZpeWiD9jl0JvtdOmyb5SKgOgg1KuVSbQSxjlh3+zsHb/r8V99ETvfE/dcEzc5GBIdDtS9Cjjw==
XOsooCJlq1eQphiBVLS+oyGMYcbuM2aFkJw13G5WUo9FcfmNoTHZah0VTGCWTQnKwn4B5I/i3ZS6Qh34bnhvRirpDIBMdTt8d5Zwpz1Vy+UkVrjAF1OUvFG7NIR2dLhyF0IjY4sRjdNskwfYABE4wt4qBUTUXUQmvLC1lxX6uHCbkaEzcI5ANNkbtVvYHaw0x7Jrd3SVCHdnyN0sQ4Lvkwy9Vru23gbHabVkbXHkiWjSSTkYHMeUI0DYfCmYbvUJ3RWca5wmi1jnDpajtP8tT++qKlI4/H6wcoMSj/OlWYVZ8oj2EGqWl4vg0qIbCCHybzKL0Fe0C/jbauzAVd+jfg==
yOcmWdJMzHg3PZ92VunUPt4DnFxMPp0yvd9yNjrAdnC6xjDwA0F5aitljTXbPXl8fkOoTyzss+vA0hnxjhNSw7QAN/CdoOMNdb9Zgi80b+IIeUshdo3mZQqmKKtFjm5Io4xpMWHCWrzPZnsJOot1OAH5wuUGVplIzTPAeeZ2gjy1tdE/MkKyEH6dIwHh/S1PAo7OMu7w6S7eY06IsL9bOclAyk19SoCsClrTgMRGoTW4f4YYHvpxw2HNFZpeWiD9jl0JvtdOmyb5SKgOgg1KuVSbQSxjlh3+zsHb/r8V99ETvfE/dcEzc5GBIdDtS9Cjjw==
XuHBNTX80HVjJczPXIp4BWfPLwiXzGJ7asw2maiyVZm0eA976Fm93ombt0SAkR9TtdwoXzdGX2aFzSHzsqj80FyiP/XIhs3KLscSkPt6QYn5EWC6+TQb9x6QJ9TVGO2J37/4EYgVRPoGk0uSgKhNUKeJz17UzKE6NTEUl3s4D+Xs3UgK9zhDr27BKKps3Fup3wccHvxgEAGtuU8h44/MUuAK4OyHXpA/4DA+I7XZJ5wEdVNWjtxkBp04atovtTbjKKBQph+zb9E7opCGzh1gwYcGeRLVVpdUpjas0YR5mkfvlO0Kc46AnfXGsQkZMf1hP4fbXb0D/91v6MNX3qOB
yOcmWdJMzHg3PZ92VunUPt4DnFxMPp0yvd9yNjrAdnC6xjDwA0F5aitljTXbPXl8fkOoTyzss+vA0hnxjhNSw7QAN/CdoOMNdb9Zgi80b+IIeUshdo3mZQqmKKtFjm5Io4xpMWHCWrzPZnsJOot1OAH5wuUGVplIzTPAeeZ2gjy1tdE/MkKyEH6dIwHh/S1PAo7OMu7w6S7eY06IsL9bOclAyk19SoCsClrTgMRGoTW4f4YYHvpxw2HNFZpeWiD9jl0JvtdOmyb5SKgOgg1KuVSbQSxjlh3+zsHb/r8V99ETvfE/dcEzc5GBIdDtS9Cjjw==
u05/rQpxR9cCria7/CezlWfPLwiXzGJ7asw2maiyVZm0eA976Fm93ombt0SAkR9TtdwoXzdGX2aFzSHzsqj80FyiP/XIhs3KLscSkPt5R477HGK++j8b9x6QJ9TVGO2J37/4EYgVRPoGk0uSgKhNUKeJz17UzKE6NTEUl3s4D+Xs3UgK9zhDr27BKKps3Fup3wccHvxgEAGtuU8h44/MUuAK4OyHXpA/4DA+I7XZJ5wEdVNWjtxkBp04atovtTbjKKBQph+zb9E7opCGzh1gwYcGeRLVVpdUpjas0YR5mkfvlO0Kc46AnfXGsQkZMf1hP4fbXb0D/91v6MNX3qOB
yOcmWdJMzHg3PZ92VunUPt4DnFxMPp0yvd9yNjrAdnC6xjDwA0F5aitljTXbPXl8fkOoTyzss+vA0hnxjhNSw7QAN/CdoOMNdb9Zgi80b+IIeUshdo3mZQqmKKtFjm5Io4xpMWHCWrzPZnsJOot1OAH5wuUGVplIzTPAeeZ2gjy1tdE/MkKyEH6dIwHh/S1PAo7OMu7w6S7eY06IsL9bOclAyk19SoCsClrTgMRGoTW4f4YYHvpxw2HNFZpeWiD9jl0JvtdOmyb5SKgOgg1KuVSbQSxjlh3+zsHb/r8V99ETvfE/dcEzc5GBIdDtS9Cjjw==
nHsObIg4xeBYQDv86q/7OCGMYcbuM2aFkJw13G5WUo9FcfmNoTHZah0VTGCWTQnKwn4B5I/i3ZS6Qh34bnhvRirpDIBMdTt8d5Zwpz1Uyu0hUbrJFFaUvFG7NIR2dLhyF0IjY4sRjdNskwfYABE4wt4qBUTUXUQmvLC1lxX6uHCbkaEzcI5ANNkbtVvYHaw0x7Jrd3SVCHdnyN0sQ4Lvkwy9Vru23gbHabVkbXHkiWjSSTkYHMeUI0DYfCmYbvUJ3RWca5wmi1jnDpajtP8tT++qKlI4/H6wcoMSj/OlWYVZ8oj2EGqWl4vg0qIbCCHybzKL0Fe0C/jbauzAVd+jfg==
yOcmWdJMzHg3PZ92VunUPt4DnFxMPp0yvd9yNjrAdnC6xjDwA0F5aitljTXbPXl8fkOoTyzss+vA0hnxjhNSw7QAN/CdoOMNdb9Zgi80b+IIeUshdo3mZQqmKKtFjm5Io4xpMWHCWrzPZnsJOot1OAH5wuUGVplIzTPAeeZ2gjy1tdE/MkKyEH6dIwHh/S1PAo7OMu7w6S7eY06IsL9bOclAyk19SoCsClrTgMRGoTW4f4YYHvpxw2HNFZpeWiD9jl0JvtdOmyb5SKgOgg1KuVSbQSxjlh3+zsHb/r8V99ETvfE/dcEzc5GBIdDtS9Cjjw==
C2E8ek2PZX5hWs3nJGYO0bxvcTwbbTMJJZBETd672F4JI7Z6aLjZ5UaSKR5ambdOQzZjkQdVTU/ZGSfT5bnNAPEjZKM7
VdV9pculYG6nqzwBvwPMLtGm2ZWQpV2KzkhFrrV5nNeMyQt2W+Ey5EaF33YKuEyWwdALlGP6Oxr7yq/cFPopYaM8
5tuNM86J0IRYXIIL+LDFU1fdnnpul4RU+OeacarC4VOETvYLU/SCLtgMYY7Xxru8/1ArpEO+/IzdG6NC
7/3RMXYZPKVZfJryxRqr4qr2Cve4nUup3QF9VxNGBT52kbNeZ+4/UVuNKd9dkUsziXGJ8JXbGKNH
78qUIBapXzSV+WRYFMAyvMvM6Du3WBEDCobSHDD2BMrf8KqqAh84NVEpaw0zcTTWfLB5nBp3LxTEmwdRgNdCcdCKdK0hRbPof2/tSALMQTGlu7XE4NVlXlGNdJzgDOcar5cROYd+exGFyoDMQzJgty52ay+BHaf9Taw4eFScVkSNhPIr87VtbrNwpIFola7nufSnDU3Mgob42W/MhdFavJl0kdieh6uwwsgaBHM7tFBTKug/zICn46Yi4PnVbNY7l2Ryzmonn5plsSvIXrcTyiRMLJ/vSNfnh7Yc8RCyYSC7/M8Uc9lr5Z0Beu1ayL+2uJ4do56VQWmNHF5WRRE4aRVHfROKqQgA/cby9RXx/uERutms7emxU/nd9JXkfRtpvczm08zCS5DTOZDvGNFbGrXS16gvxeA/ThXyBHbB9YesM4Vuqd6eq0EWuP1ERbxKVJfMhHUfcVdEBZi8u567/B69ALXNOeMIEpxcBu6WztH68ecPGVM18BDY1DBmEZdSmnxtA4HEo1BzXnMOWx6neET+gbWj6A==
GbLq/vF5jpMmzs7j4gvrbQlfU3p/bRA752TNwZm/vX/vjhIewxRuZPVWJdxAdQBXSXt0N9U3Q1r+O1CcLuzW3dwVrnHCPGva0pHYOWv79nu/uqkjmllq64sgGL8NJaSSe8h59QGjlh8ml4NRcuHzdhsbdyJ88scVgGHwHY7ZJb7/3AnkvyElnJQDaCct96lythCwjAyF5bkCTcGYlcwwSevt5Ihn1TXfB046wRNmMayT6742289bVtBsLd1Qcuumvp25JAD7BVwxWjqVmWGoPb9mUvHhWB3yUK8FjTRzH3qWuEfzuzd9QYvjpMEGebgMuoINff3kr+OM/vh7mpkVWFFNBAoSOWaTLPr0wsM5n6RC7VRciq0rRyNtZCvATbRSMgzISTJxDSiMnP+hs/dApvgA1FkRqSPpxw/oGgwaXDTDvpSHPEDSKxEZQxQoxY8uCvwg3uGoRpLLtdKrBDAsfluT66nnErwOqt3EyWt2parRttOMGiZAmaD5vo+DhFFSt+6EJak23QO8cRnpEzeHpTkjO4WTeO+fuqPl
QYQSHjMNoK1t874mHIjlc0UPYaPd1bDIaeVfZEKL2gt9DMN9WDq54gOpfqZ7zghtzaYZHUCxJXFXJyNtNcP3jfcI6ydmozk=
CtoRPb4+h4KEFHmd5IV1ZcOI+gME13hwdoRubNi8LGHmCRkndy7mGgwOe2c/8SMh64q2r1HycCnk0TQuBNPkkHULWRMUYRAoG0pzGA65KOGNbUuMgniU0s6CxrWqtU+bmcedtEC83CRGxV+2CvjDV8GQi1Rjurva+4ovHBS6qaGj/A==
mQRIK5brIeATjSUS0vUM6MkDm2ZLk2oW/q4rCj+FuJ/EQkkVF478n89/h/WqvEstLYD4GyBPT+TBSYJ6Y1aBQczigd4yib9uu2naEX+FdS/RCQ8TjQlFYCkTfKMj
4daZZVp+tbw08fYUWUwzvBzaCKY+1/g90bx0KqmKvQEyF07W24WFGhY3pdtlVcgYoYVHVCpLcpuFrIuNQDqhkssJBjbTjuBd1UZRTbgxnaEfBzsdHQOfHU9oIxd+oyE=
TSCTXvFujoU10k1WWIQTlTXpJ4MP5dkn5rx0KqmKvQEyF07W24WFGhY3pdtlVcgYoYVHVCpLcpuFrIuNQDqhkssJBjbTjuBd1UZRTbgxnaEfBzsdHQOfHU9oIxd+oyE=
OOh3nerUfw1Lfhw4eEWpXfPGpB74sXgirYq5CT4HUs6/pWEiagdpkyGVDFDtdfssjqvWAxk8BwXEuiUaR5marnfuRKVpNp2F/HFZaVM3xyV5I3sFU3gvH3qjJQ==
JUUqntWlVCdDLEAcopKlTWlQ+nOiUBFXUVbMIWexH8Gx71zakYqF8Rp3FgYTxc2q7pfNS/3VUIgJZf8kYou6y92MY704Olmioyne5pvOKK1tJvndILEFMfenQ63Vw9dNl4gLZ0ajGQ==
nKCGqeygoCq1IMyh2WcniPCPIV6ptDoKvAqOEe3OGgGBGRxSSsSz3bMrSEgNBJChyxi9zoUBWv5RknpJc4OhgqCGm1taeECETcPIYOZBt0LazMszgfQD4LNOU97bzkdohA5hRaMY
2t2QQabWsLrtEH4X8Rc5yAOxLgHJqjBXO21pA+8d6RNcO+FqKD9Tec/V4bi9q1eXs06VZAOUCbqaRrJLUHMDKMnkj8E4Q5QlChtDFCjFjy4K/CDe4ahGksu10qsEMCx+W5PrqecSvA6q3cTJa3alqtG204waJkCZoPm+j4OEUVK37oQlqTbdBbxxGekTN4elOSM7hZN475+6o+U=
Tyy3N+76DJIJGKgmBhUCBGQzkgzGpN3m+/+XeEcm1pvJg0goe+3CEeGE+lLAaw7e0KfTTC52AuM7gd5WdHtWqtJu9iuTlAKOl+1hbpdmO9w/cCuEA158LB17oyI=
iw+Zha/RzLWi3XPQTdgwDEYRMosOV8bNaSvqVF9/ptIvj5Xms47AHTXG8Y3YMb3h/4eb3X0Dv12v6IPXHqNB
DXDakB7KoJBOkyuBrXtlrMbIGDLLbcVppM2WXolF+i2DGp8+5hE=
bwwOd80xA0j9RWH/ntLA310H8IOWM06p9VbD1eu8tHfG6qzItuhVxaVVeBQUW+pvUdGXS14T+uiCkLbp34b9hJm/gaORh8JIg/oUTNa9P9OFndrk1J2Qdbrf84XrCPjNxL8juE6rLh2EIGF+o685JlxqFoTj/wAZDeZM
