tSRrRyjIsk6tTzvviGoDr6LnnRC7pUhMtj9KDiNveeyE29NIa7HU2vJj9dImtVV2pEhuQvDCE+XLlvF5d8BDI+LQDF6LOceubsxUdCjny5p8FXo2Uz18TpyXmc7MWMvplGAzpJ41M2BLeSkgKol/kZOb94yCa3vb3Hr45EiatU7PjG+urmMKfGLmAUBf54e8rss=
jijazTOVvo+u6PbRLTiV2C4kSKPZCzleeHQrYRzH0C85HhqaAHix1QxLLNrFx5CAYpPx8NA9e/URV9ns0KxT/4PkPmL4lsBxfwD8i8akq9vY5OzZ1QwErh/T9B4vloYzN2pbF0UCAl+LS9PFi946zZ8xbPR0ZsAsIbRvMjPc9iXOtrLILSI38bOmrtU=
cztCAfL2nMjlUlmBLUW+NA8+z0f//CWX4mIoX4JsDVbNX+4W0Kz0IE5PxFWVpdjwnKUvBwRl4zlQi6/hLxDhhra25FV4fq8G2Cyh+cTvrGY49uLMiheRrMgpK5mZs5mQ6FjjcysgHn6gQlDdNyT8t74QWxew4AwFTZjUQhe3NOKX4rY/Hy77i51WEnND71N5c+pKgXe1DKhscpBAqVAvTgsoRqlmcpLUdfanXfuCruk=
+VhkoZ79NvpapKsD/axQ9hlDAzpYTePEGIz0wEs6O+2YciSMc35IFQWUBFlRem43iF8I6dXyt6cKheMGU+L1vBwhTzxCFE9PPk5TZFhff2gzsWwkx+1tUuYRTUMGPwEeUrVkMyx5Ff4IKWYElR71TJGvK5/L0QdCkIjxyrl3AQvcramu3A==
rg1Asuky09Gb5B8UphzTDDRIvnNzzpY0jsj1tsvlvWRFYP/4FIkMAZ8Cd73kGrAM55+1xcmsUDklYmIHlLf8KWFaK9eGHVemhxo5bCAJWzxWPHOf8raHxOzH8xivGdjkMwVxYuoJOSNSB83Orl3ws7gRaa5EEbLkYQb5fI3HX99/eZuyHBBFau0PTVvghb2uyA==
gGSaGspnjWFZAAqNzxoOYjRIvnNzzpY0jsj1tsvlvWRFcff2EoYNU58Cd73kGrAM5561xcmsUDklYmIHlLf8KWFaK9eGHVemhxo5bCAJWzxWPHOf8raHxOzH8xivGdjkMwVxYuoJOSNSB83Orl3ws7gRaa5EEbLkYQb5fI3HX99/eZuyHBBFau0PTVvghb2uyA==
v1g/LWdu1MQFH3KMTIOUMSta/K3b0lG+SXyymLww1JClmqGBomEnEvCdHNeaTAxCd9W2wUvdtVEpYisykPARnVxjLPKXijEI8jux2MA1W71B/1lEgORz95PMfspoHmA5Lyj8o5bsC1NITKzxxQQk5k97dLZ/3qY7J0Ibv9WKohfbY9Pt25aaRQ+ZLNxkbuBkcRzvmmOU1i3envJgvaqXueOOrv0=
JGMZDDg/6brENkbTyhTJ7oQXr6dcEbwPQGgoEmY76qbyCiX1US7LJpiMIVmEz6xGflZhbMo3kYyIias52ZOZsKj4Y9NrAB5e4OLQfXcE/Jf+sNu38MAMJQ04VOJXlzTC10I2n18O+6vd9pLTA89TWTNKyiE3lQyILNIQ4OlwL25LiMYJJlKS9DVWJ/27oq7J
pv7sncHACLviUgly8ZqMRUD2ckqHoTgTdjknWq1Vt0RcZOdxYStPdc2U47S+q1eos0OVBmWVBs76TK1PV21bKNqpz8YwT9ZjFgkLTinflDk99k3e68RCndG83KgRNyByTZSG4+EQrQ2yxNnRMyq4rdOz2INfZkyJuvPyxYuGVhW49IsiqzTPE7V/Fe0ZOo60Lzony59zgpG3rsI=
PiAVlFCEmM3jblyJQZixltio5eiMG7+TRO2cKygEGMaB7eSw/w31AYmSq0IwINHNPFMswvDa8dhSSzEoYGUbbaHPWXRgNDOnMzz+usjOoGlPGPyT9rzLg+g8LAFlVGQ2r0t0hp8O5muHspvPdVpiR7tT0927xlqVr+msLMQ+oLSRLO+qg0SWfX5uchAdelfpg76uzQ==
BA2Rx04cn7AjpaHTbxUdIW2sutRh/cfzubmb9OqyBuE0r/Xzc+rjDXBiLIx7YSF1XcQ8mYmKltcg74BpXYLfB7I1O8arMi2cNDFHPEoEZ2/mnqukgO/HyFvB5KRPXcWyHuGVgz5vWX46pWwzJGn9HtD5XkTNbo0sOR+jH0Mh7+IoOKmKwSdZK/S9oa7U
cUQ/8k0/LCQ7/DiNkAPmx/qWmuTT9nc4SayIWMa06n7o5AFhlMesXk9/ARSaf1FUeGELgUkbGSgYUIMru8heBpCK8EVnDPyPzpi7z6CIzP390PRaxx+0Wmfq1mePxrvzrZ6y6xPHU0EDYqpZZ93MUNw6sFh5+K/2+yAm8faa0qxFPgfFq6qu0Q==
/Aneweff0NUeEeO1ggxag4QNo6peUPVHX39xHypktfTwE2T1US7LJpiMIVmEz6xGeVdhbMo3kYyIias52ZOZsKj4Y9NrAB5e4OLQfXcE/Jf+sNu38MAMJQ04VOJXlzTC10I2n18O+6vd9pLTA89TWTNKyiE3lQyILNIQ4OlwL25LiMYJJlKS9DVWJ/27oq7J
/EDgSHna+UDvkTUlrt6pUjm4i55Y76/EOH3sMQ3M6KPDM8ghG1OYRzSrqNC+RK0LC2VEGi6uk5fLbdScMAGHwb1dRYF8XE6SBG/Nlt31zh6STEUdHozjuAJpt/YoL56Tvonj/mH/jEkFNhVOE2QKTfm89HhZl9jiFVS+k/kw5b1aRHEhe0qgnatzABPnhgTZUvOaFUPm7oXgtHMSs9QHYx3/fV3RGpZEF3r/W+fTSsGfruo=
hkWS3qvUwUWnaUBCmMf0ho6Kt8AaZIyyOGEmb38Pxlr8CmQBGR0kYCGI87vPHZLkAI4KH+NKs01AgjyMaw8QtI1krBk5amYXcI+waa2ij0cClctGO1J9XMQRVzxaJJevtv47JHBPd4gL4RSkfz2Vcu4BJQOuz4m+CsV8MzSJzV6AWc7EfQ79bOn/kx8zAT8imJjZClHHiWuEnbGuxA==
aNJ6xd73wWBtnpIldfQUI9AgLNba4psgNgy4QgwZGm9Dd/KqyGJI4TV1cLD10K97E0XGNNQmZr8P4sf9tDpADJe3ZAR5zMC51cIyR6RX7ClxetsX1n3nJhe6SSzw6Ws8Ztyj34IWF0Rcp6PYXznI5CPlQSK6qcmjwmd9Dn59gLNIMTnu9PEiZBGmKby9p0/fb1nr8szw9ep9r72bsOWNrvg=
k9E+qW45tf6V7F2jjUe1CNhPvb9ERXgCqL2CNcaLm5vvwPF3JkfowXmu6+0kYkI+y+Dzs4grnB8X5EyqWVOYIew00cHo1qZpQW68j7MTJV35IiwOy4knPu5c9ITot6uqfCUaZpPN3N4cB3l+jAjrGZQQE3RehVPwy+mJUGpZn6GTqxdcwhvbS1zqmFSISpU+z3xP/u7T6uzidqGwn7fnjK77
w/R8gOu7c+GOx8+gkIKCpbBpPwxM8TD2iTAkGLJKBh0Yb0Fz+KLCdlrxJ2GamJ/0TVtxYSwcvvK07102DbX+/oJMVXMuTLMYkukHFljvTvOOiZPesb886XW2hS7DpHpt6bzkWClXCIKF1M4zSXA1nSpEQUGritB9G/OQs7dGNLlC84r1c6Y+JXA0w3JDlFeDLf+NfYHaJuTn+m+7t5O64Y+u+g==
nmXDYOZuMwthROYdfCgTyIQXr6dcEbwHQn46Rmsy9PTyDGyhH3u5JpiMIVmEz6xGdFRgbMo3kYyIias52ZOZsKj4Y9NrAB5e4OLQfXcE/Jf+sNu38MAMJQ04VOJXlzTC10I2n18O+6vd9pLTA89TWTNKyiE3lQyILNIQ4OlwL25LiMYJJlKS9DVWJ/27oq7J
9LFhoneetMzJofSgjcw5LcVELeXart3r4dzSwZzU31y4iluvwsdBPinFuiZuzDki7bOXEI7J+948f8oLIsn/5rWvGKHJVhmmpxS+tcW8yIDt52wKGTRye21gMaVGBO25Lxq0tefTjLuTtvDhLnNmLTfWGi1sFL86pwTT+4E/YUWFygIsW5rzM1Mj/rmjrtY=
0dPV7zo8g8MmMp+bfqUjizEUTWSYgG7zm4N99u01Xr7iTLW5icPTWLLp59Y4b+4zbomzntE/nClVtuVuYySarcm8xJjJ16jC5dTu8+nwVd0KRKGBCwqwvfvzsPPXxpR5ovPqtdMm3uVQNKMyoxT3w03/rb1hWoakx/qPexcT2qGvrto=
7juxcTfq3vXzF+TgGhhcdoTc5wQC5x1we4QMCtmzWAHsFBomZ3bmCUFOfG8zs2U9+cLsrkvpZx7uvDQkaNfrinwFWgYTbRw+HCc5HgyoK/mUcFPU3mWT0MuJyfDquV+Bk4vXvEK7mytcyli0COrVXs+cj15us6rM4pZhEB/Xp6yu2w==
KTxnbAU08L6WRVrR5AYB7zMUTXWalmrzm4N99u01Xr7iTLW/icPTWLLp59Y4b+4zbomzntE/nClVtuVuYySarcm8xJjJ16jC5dTu8+nwVd0KRKGBCwqwvfvzsPPXxpR5ovPqtdMm3uVQNKMyoxT3w03/rb1hWoakx/qPexcT2qGvrto=
8bXh1MbVl276vbAfaOzUxoTc4RIe+h1we4QMCtmzWAHsFBwmZ3bmCUFOfG8zs2U9+cLsrkvpZx7uvDQkaNfrinwFWgYTbRw+HCc5HgyoK/mUcFPU3mWT0MuJyfDquV+Bk4vXvEK7mytcyli0COrVXs+cj15us6rM4pZhEB/Xp6yu2w==
HTKPOo386B+J0oVhA9BBAoTc4AQM/x1we4QMCtmzWAHsFB8mZ3bmCUFOfG8zs2U9+cLsrkvpZx7uvDQkaNfrinwFWgYTbRw+HCc5HgyoK/mUcFPU3mWT0MuJyfDquV+Bk4vXvEK7mytcyli0COrVXs+cj15us6rM4pZhEB/Xp6yu2w==
IxFe2ltU4CWT9kZApSP4MMeprOGRFLiWSaTSJzYUTJST4OTjrEinRsbA+0IwINHNPFMswv3Z/thSSzEoYGUbbaHPWXRgNDOnMzz+usjOoGlPGPyT9rzLg+g8LAFlVGQ2r0t0hp8O5muHspvPdVpiR7tT0927xlqVr+msLMQ+oLSRJO6qg0SWfX5uchAdelfpg76uzQ==
/M6oJe4criSD+lP6zKgHZI7A1DNbfBnRn0hwotGp7cPIEnVb+8JnivCufzFDDaSDmVixV7DqOJZ4XGEppN+sdhkErpxqpxE8aFnrSfmDmYDIqKMjy5Ce7gAykA1XFPynnuAbR1BQjJXt6BSSd4c08rcS9m//nnsbPSbSoyPfU2lTGgrRlwWMOMwCUJDJaC5eK9gG+YbCEkTVhmeNm7Ku+Q==
1ez17LRln7yS81o0qHPIsVkvZxYNetC5/cR4KEYNwvCpm9NBSHmgab7e48mkpkEjIBBGGEll6LvhSCtujzgVV4vLHOBEgUoAKlJmsJsnQgsRrNFuNxv/Vpd5ws4QDNOfQwQ+Arh2QNE/IPyrhgQrO5iE7DkVbIQO3/P0Pu82BlP3ilt3BeKC/8tr0+XLfrot31FsFLQGQIzhnG4S83x2RQ5WsqhtwrdR84au9Q==
1ez17LRln7yS81o0qHPIsVkvZxYNetC5/cR4KEYNwvCpm9NBSHmgab7e48mkpkEjIBBGGEll6LvhSCtujzgVV4vLHOBEgUoAKlJmsJsnQgsRrNFuNxv/Vpd5ws4QDNOfQwQ+Arh2QNE/IPyrhgQrO5iE7DkVbIQO3/P0Pu82BlP3ilt3BeKC/8tr0+XLfrot31FsFLQGQIzhnG4S83x2RQ5WsqhtwrdR84au9Q==
q9EE3GJlJfTEamyvTJ3HP6wXEI3W6EilNIoE0EG9X1Fi2MA2DV2436EiYMcqaMSa+UhumdDoq4OHvLQu9vba68TlUTZ29/+MOO/S1s2ZCTQO8MZjKaA1JNd5hkNTY8D9JPYalDmn4k6R6lk9RaNbzuNnD0KPVQJqmJCDazsIXsYQyvCF50z8z05Yu48gSMw9fZD0mkdftBrnKtYnDwa7My3esiuTh1MBg6KqGecdzJBcerCY+bSutnvgJrF2WtJsxX4HBSvqrpE=
tL1GPAIvDm54AxRib6MiJ6Oe4TzeHEeTmQ89ikLT0m4uQlOzOvHbgfAXghzB9DkHKJjk9+MsEIj1PBl34Qpmii176GGtiCmEG/LYGpyFmdxifxeOTj6hD6RR12D5wnzXxQXvkYja5MHuSG6aL25bc5ICNYfrVSonfmONLQ6r/RXQksE+wX8sCSU2NQ7z5OoNGbwUOLkXOKI1VJ7TWbBFfXpEEeEbysBdy3Ng00cGpBly87pV42ZOxQC0k1JTVOcj8f5dHXGaNoQ3et+bh1MqAf+uig==
Us+qJ/FtgvXqFyk5kKVydVjgju6s4p55vp6x+9NUOHPzkreejd5amokim81bnQkBgP/35n+as2A+Eu4dYZq0i6M3zWm5lsSqWw2vyk4ovEA4k8OefBFyQkMJlKq88/H6HKwDrdQk+1BOgVsE653BlLr99xUTH3/4Et+TP3wekFCYbn0GjsinWn5XYhhCAul0T5OPuK7P
98T409TjEPh9kVOGytE9PGciLFTLJDTFZHu52tCf+wlJXWsA0c3jXQID4FvSfCbZgV+0WXsKA/giaZe2iK8+056Jg76Bf+yJ5TZ1jrPkqo3ZvNS4+Rd4InVUXlOZsAX9OkRRYdvKAN2LcyBTBwZkmbLz+tWjZo5FwLRT0hNUp6Mx/p2dsZp2BHd6HxtHU+qBv67K
vfpvQ109lWLBXuePiTCK7t/4242Yog+Y1FQMv6lj2N23iAxpRuYQl1yK2HQIqlWTztwPnm7zKgzi1uHQH5cnbK4b
o3hWITR1KounNyzq/SGqnIaOu8gfUN+oNlxpf2VGpVivMFgvKAg3ciLNtaTZXtjkCJoBPI4T42t0ryb1bVBK6tFktQh0dyATc8m+cq+ij0cClctGO1J9XMQRVzxaJJevtv47JHBPd4gL4RSkfz2Vcu4BJQOuz4m+CsV8MzSJzV6AWc7EfQ79bOn/nh4zAT8imJjZClHHiWuEnbGuxA==
S2NegFkmN3Cp0awoRqDVOmniZLAaPpLudqdWMdTVdk9yueuJ60IKksbUaTUkDSO8eCl0/kmgpUidi/7uhMtR/X6rr9zhBn/G0lonFvZXmh1ae40vYSpXcFFXdaDUSALUUHph3fsnOUnxZ9ncMDwT76OUvpLYhgDhHzD8u6Y0a8v4FGyp9RxEPv/j9C7PBsYjFxrb52USws/re9P160763b/B7IRUdoC8wYpuAtNMtjXuxjI4DTL3YdOWruU=
7/aWmVK3Ml/DuhcAglhHhh5hpJUnE6jvXt87ajVlP4YeKiey9ikh7+/oJFluRv0NpHTbAjv037MLfmWNCfoeVP+6F6vvM7IxZ64S
gmy+yQ2LIstZe6pKNez92zfV4vL36NM2V8nVOpp5U2epHx8aHX/Ntemwg0BOVRSlRuRRb28l1JRBTSVcOzqu3ahyWBdPYmB6teI6BHXeVcwx70We6xHnwnBI0crZN2GLfG1Jrjw=
iDDrOii5TGNzkChjTAsfLvaEJ1eNrSoBhh6IHc/VDwesVF1eWt65kPkuSkoYFZvhkQm2gJ9cU/lIlmdcdNDki7mXkHk3LESdVtL4E/xOsEDY3t00jvgH6r5HQsjC0glkj2NvSK4/
sTYu4j4q6bB63Xd3Jvdjtxd+YCxRRiViWuLBrAkSMvb4qeNdYbXOPF9gK8W4qh9glOycN0kr6MW3kDwhpm6ALxxyyHwo4qUITkR/Vk77OnQibnFYf18XdK4D
4vM1mzkOPVWhQOBPwyDKtSppy9cvmVEZQ08tZlrmybgZBhoS2M3LiTHhBvgfpOOR6H63BDQINKPZv2BBNxS0tTb6KMu8FmCoeLZtzA6AtwIeLxIQAopZTG9LH3CuBw==
DeTyMZ8i9IfelEzon3WHtANa5PIeq3ADdE8tZlrmybgZBhoS2M3LiTHhBvgfpOOR6H63BDQINKPZv2BBNxS0tTb6KMu8FmCoeLZtzA6AtwIeLxIQAopZTG9LH3CuBw==
TO+Fa74VFvml16wc+L3jiXM1mRjFp93noeDaZE02kZyGhEg/f/eJC6qevwaHPwDEy7LEWmB9AfUsh/dWcHt+oPQd7CSUlgCcgetuYpNsNtUuZjKYTVJ3QRN2rgU=
41EtMR3bVEBbV8bw6H/tY1kvZxYNetC5/cR4KEYNwvCpm9NBSHmgab7e48mkpkEjIBBGGEll6LvhSCtujzgVV4vLHOBEgUoAKlJmsJsnQgsRrNFuNxv/Vpd5ws4QDNOfQwQ+Arh2QNE/IPyrhgQrO5iE7DkVbIQO3/P0Pu82BlP3ilt3BeKC/8tr0+XLfrot31FsFLQGQIzhm24S83x2RQ5WsqhtwrdR84au9Q==
BMgy4w9YsWmR3bJgGaG7RB5hpJQnE6jvXt87ajVlP4YeKiey9ikh7+/oJFluRv0NpHTbAjv037MKfmWNCfoeVP+6F6vvM7IxZ64S
DNLY45is+Wb9qrjEW/hkqZ1V23Bq2Cejqn0Lnd7i/B2+f5H78Tth1Bw77frLsBL6att163BontnAlkB10ATEL/BjMxPRdDDczI0yhvnWXfRBf8Pq2ELVYmJY1qWUhghfmNsn0dzDcSdaQBmreSoiim7lR2bXKuuz3vWnMZADKKzSMr1FIiCNwCHr0dHrEI9d5wQr16IkZJqbnY+aznhc0PjjI+58YZIyg5l0+jyj0WrcnKMd1JRbYA4Re9RrTaEE+g2X5RPvHwhST/Pv/M6wwNhe3bWOeAdqvsdCSMJSCeSP42/Irr8=
jF6+yWH78AksZNRXAOLU4nzrQ7ZGM+6bmdzNgzYC3fg4DmMxeH8JxTWUtxN3FJWBEra9Gsc7eIHI+oc9O5aIVZAX+3KckaFgaqgvgW2zYdUQcRtI0UPvnu9cPBwNttocRKVQXED3utbHoyLhsaw/mmrV92fZXd5CYk2I+Ki2SXZNH6TCg+t9zUyLuFPrIQizq9lm8neyVyfqxUMGMyKVPDxhrzyiVG/PXo4zZPgfn+jT8cwkpy1N0sZRrUOmfyGeMnXEM4w59X4o6cYE9d7VzLHvxJ5rEWfC8EhRylk34Yv8bcmuvA==
QefSW/9mL6lg/kJd/cu8cekdQS9MpS6nEpYxqw1RZfARCKuOzc0IPIrd2228jekUzqTsZF0tsKopxybPXlTgv2YNZjDfS8skIDuvNMXf6MDxn3IqRb2CZNx0kzhoPMZm2CKl5EV6t//uzY8G/WmQuR2Tf9yJSdvC86w/80duP2/kvbqcZULVqUt3QZ2zgK0NTcza8s+YlSK99ieMTpZfj9rOJFpVJS5w2cJR8c5Rb/VRBnqRPIkMCkN0/I1L3fCPKGFCf77FAqBuSfGzKzlni+VR0oaajftbMMNAF28IGwJlg6REQa8ewecxVxVt55guH03OCw2soqXITlHQ3qmyUMWxwLw6/JKTJjMxxQvT3L3g4pYliuQRH9gKZTB+ISaYk96Dd07R74WwN6CIArZVMaJUZUTxz1nly6THeXfAQyPi0AxeiznHrm7MVHQo58uafBV6NlM9fE6cl5nOzFjL6ZRgM6SeNTNgS3kpICqJf5GTm/eMgmt729x6+ORImrVBzoxvrq5jCnxi5gFAX+eHvK7L
bID375RAkp8pFAvcLRW6y2h/rzKfm+uNBKfL/g7cCaorPBT+2ELDgpaWkVjDsj6EL1Ik/pfcH6E01a4n+FzUT2TA5nHgcxOzKOn5yBT5RZEUIgWx2DxjmU5QyaQrNdmMh1wTaLVbfcn5NUJmQjmXicI6XL00EbU1mikPq9N5MoO1BTq0imRlSWG3tGOYV6yni6cITcvU+9Orh8+F6UGtam2FuqqZGoOZ5mwNkQ2nIHo6BVCx4dQ4QBq+h9vLegzPRgoauBbcxlImoP0G5idC/3ItziWWHE/G/ql2yBxmdgszAfdVlNpdTawc/O8+YQSZzLJLP2og4jH/0OgQsZeRmvIIhRUGnsWWX3AOjlyndJ9YVjhgZRisFleDcmCVg5HaWnwtYwk9LgKSLXh4eNbZNl2/FMIzS20N3Gvo05vBeHPbOTbyJxJn51rlc4bjAgV8LAFfPFI0f4/OruPkyD8vKONRnCT3zT0StrHdw/afsV4i1XQzPJnlPriJFoQFviWMQY8UnruxV4JAaGFKCRdxS+yNua7M
X+/2Odx+BWfyR0JUMJBueI3I6O7gGZlLNeYImtQVMz/nvFu2mV3qJGxl8iCq1cVTSdcotPym5cRkPN3l/R3it0jgf09dtovZnDkqAP5Q9R0dO9J27Kmc2zlFcf9/YhDRqyqdHQR2cSWG5C2vnoKMPjfG0F6KsPg4scqNyMt5HmfLWOVrvM/dactSIZsH5OOm280/zLP5hOducm0w6W/7HcUDa8LBO032rrwnCglEbTwD8nZ0k9l6VLD0HRfSdqnolS9W08MDEXxOnxTbUKzT/pgzs//8mci7FhE2N77mXqP1rXP7iz1l6yZI8p/nvWCJ5OnXalfURZmwaokdYkcXmxNLdeW0WN+3eoWlfn6D2ES17qYLPsal6xRSMo6uVZZZtVvTkbCL4Njia2J2jXkIwEFORsPqzjNEF9kG4xODwB1kVpo0+cfiLlFK2Z0FQ1suo8eP4k81AgpYMAPLe+heJlBqcCUnLPyvjvg7L2CozN09MHQ6hz+0eieKVodP5rvTbX4yi1PnU2FDAiq5p/3McBzaMDg5167Wu0CmETa60oyF3oel64qu8Q==
1LgPkNQipjk34CNL7n0dJpC8RlGWCor88aJ64jlB1J23KTOod1PeMeqmsXOmNUpAlsNlvS1xTCNc3kdfb/7aap7zAOGi6xgjLztcxLuY911kt+C+ywL2LCprFoVKKbWomHHh4dDaObHkxKfp6thFxGf9/ZyDRM8o6cP5WZ39jkZOMXO5hoKgPUipcQX+IQOLnzHWEzGd5nTWfGFZRf94gxTfCFfP3zRN96y/Iw8PQ2UlCYl6aZ3makWCBwkCJEGxAa9ESv69LDEdbHxw/raL+weyaF/Ckkb4ysTCQgJosWZqr+aPttXyJarki7ZaIfqoUK5SGzcZKxXIQtndyNQwzzJp4KmICre/FpgmAZvY5DD933UKdpBZ1VqGwYZ7OMJu0C/QbxwuBGBZYOjm8wv+gFnLtcpeZHGj1aWqknZlNFh03r0GmQdoQs/zKT04Y+TzVwkc41+harL7CmP3fi0/5m+KoQzo+WM8bsy7/2omb4SE9ws450lAZKtVuYLSeRHj+pdVbmZtiLNAISEO3IEapEn2wRzFF8he56lTkmQgraqFn9W7qPWFrvA=
zDkr/gxzFsQGv95lCGjNL744fRVwWxowFSbPQ5UvioIoA6kb8RG/vBF1f7HyttQfz/gXy4Ov6NiqOJpHhqf5wVs3dOngtj7B2uDZi3nKYuruRQyD0EorE14VZ1GQI2gMUlJ9ZSIATaChS5Hx63BPvWek67eixCQ6G/3Pes5YnHB4A2POfEHS0gM5tNo8Q5EKXDzj/dT0m8CO8bu0a23hpHptV8UTz99o0u+zz/yucCBY/h3VjphHyj6nAqjCcslEDwMv6K6f
S6FTqYL9yAzUUtOeW2kkjqJhi8Z8dje0YUtkJ7+jWhuH5sXFKF4Szvm18eA8OsEBDHQ/1RTwGaXSu6ZuM/uXupBNFtYocPsOfLocy4re1HDTu7hh5XmVwvL9aj+hJiGAcmwjajQkKrleXE7r1O4pfwyQ63/vIiSAWId3wVD67NEGiAYqp84jQ2oCTbcT9aKXliPlPQaLpcVIElnuGR8kGQ12nf57hFL9IbwsyAF3sFKdFLbDUdCdreLEiTFD6shNozOIY8+mXCkK80Jlm8bGdWh0e0JbdD9zan7FTSl6PpQfunfrD7OScceusg==
tfWUYRoW49K+UUjeA3eHiKJhi8Z8dje0YUtkJ7+jWhuH5sXFKF4Szvm18eA8OsEBDHQ/1RTwGaXVuaZuM/uXupBNF9YocPsOfLocy4re1HDTu7hh5XmVwvL9aj+hJiGAcmwjajQkKrleXE7r1O4pfwyQ63/vIiSAWId3wVD67NEGiAYqp84jQ2oCTbcT9aKXliPlPQaLpcVIElnuGR8kGQ12nf57hFL9IbwsyAF3sFKdFLbDUdCdreLEiTFD6shNozOIY8+mXCkK80Jlm8bGdWh0e0JbdD9zan7FTSl6PpQfunfrD7OScceusg==
KgpnvRliLfjc404zP4Gqg6Jhi8Z8dje0YUtkJ7+jWhuH5sXFKF4Szvm18eA8OsEBDHQ/1RTwGaXSu6ZuM/uXupBNGNYocPsOfLocy4re1HDTu7hh5XmVwvL9aj+hJiGAcmwjajQkKrleXE7r1O4pfwyQ63/vIiSAWId3wVD67NEGiAYqp84jQ2oCTbcT9aKXliPlPQaLpcVIElnuGR8kGQ12nf57hFL9IbwsyAF3sFKdFLbDUdCdreLEiTFD6shNozOIY8+mXCkK80Jlm8bGdWh0e0JbdD9zan7FTSl6PpQfunfrD7OScceusg==
PrDinX0QIEqyDKwsUokb2qJhi8Z8dje0YUtkJ7+jWhuH5sXFKF4Szvm18eA8OsEBDHQ/1RTwGaXVuaZuM/uXupBNGdYocPsOfLocy4re1HDTu7hh5XmVwvL9aj+hJiGAcmwjajQkKrleXE7r1O4pfwyQ63/vIiSAWId3wVD67NEGiAYqp84jQ2oCTbcT9aKXliPlPQaLpcVIElnuGR8kGQ12nf57hFL9IbwsyAF3sFKdFLbDUdCdreLEiTFD6shNozOIY8+mXCkK80Jlm8bGdWh0e0JbdD9zan7FTSl6PpQfunfrD7OScceusg==
nrbm/KseHS8c8OQa5zdICaJhi8Z8dje0YUtkJ7+jWhuH5sXFKF4Szvm18eA8OsEBDHQ/1RTwGaXSu6ZuM/uXupBNGtYocPsOfLocy4re1HDTu7hh5XmVwvL9aj+hJiGAcmwjajQkKrleXE7r1O4pfwyQ63/vIiSAWId3wVD67NEGiAYqp84jQ2oCTbcT9aKXliPlPQaLpcVIElnuGR8kGQ12nf57hFL9IbwsyAF3sFKdFLbDUdCdreLEiTFD6shNozOIY8+mXCkK80Jlm8bGdWh0e0JbdD9zan7FTSl6PpQfunfrD7OScceusg==
23RG3RfwDiHV+yQ8nMxeGaJhi8Z8dje0YUtkJ7+jWhuH5sXFKF4Szvm18eA8OsEBDHQ/1RTwGaXVuaZuM/uXupBNG9YocPsOfLocy4re1HDTu7hh5XmVwvL9aj+hJiGAcmwjajQkKrleXE7r1O4pfwyQ63/vIiSAWId3wVD67NEGiAYqp84jQ2oCTbcT9aKXliPlPQaLpcVIElnuGR8kGQ12nf57hFL9IbwsyAF3sFKdFLbDUdCdreLEiTFD6shNozOIY8+mXCkK80Jlm8bGdWh0e0JbdD9zan7FTSl6PpQfunfrD7OScceusg==
Hyc/Yhlgtrqef+tsfgoic6Jhi8Z8dje0YUtkJ7+jWhuH5sXFKF4Szvm18eA8OsEBDHQ/1RTwGaXSu6ZuM/uXupBNHNYocPsOfLocy4re1HDTu7hh5XmVwvL9aj+hJiGAcmwjajQkKrleXE7r1O4pfwyQ63/vIiSAWId3wVD67NEGiAYqp84jQ2oCTbcT9aKXliPlPQaLpcVIElnuGR8kGQ12nf57hFL9IbwsyAF3sFKdFLbDUdCdreLEiTFD6shNozOIY8+mXCkK80Jlm8bGdWh0e0JbdD9zan7FTSl6PpQfunfrD7OScceusg==
uBHo9SOA9WdjqGWN1kdZoKJhi8Z8dje0YUtkJ7+jWhuH5sXFKF4Szvm18eA8OsEBDHQ/1RTwGaXVuaZuM/uXupBNHdYocPsOfLocy4re1HDTu7hh5XmVwvL9aj+hJiGAcmwjajQkKrleXE7r1O4pfwyQ63/vIiSAWId3wVD67NEGiAYqp84jQ2oCTbcT9aKXliPlPQaLpcVIElnuGR8kGQ12nf57hFL9IbwsyAF3sFKdFLbDUdCdreLEiTFD6shNozOIY8+mXCkK80Jlm8bGdWh0e0JbdD9zan7FTSl6PpQfunfrD7OScceusg==
vgsP6qJMLloYnsekH4UKsKJhi8Z8dje0YUtkJ7+jWhuH5sXFKF4Szvm18eA8OsEBDHQ/1RTwGaXSu6ZuM/uXupBNHtYocPsOfLocy4re1HDTu7hh5XmVwvL9aj+hJiGAcmwjajQkKrleXE7r1O4pfwyQ63/vIiSAWId3wVD67NEGiAYqp84jQ2oCTbcT9aKXliPlPQaLpcVIElnuGR8kGQ12nf57hFL9IbwsyAF3sFKdFLbDUdCdreLEiTFD6shNozOIY8+mXCkK80Jlm8bGdWh0e0JbdD9zan7FTSl6PpQfunfrD7OScceusg==
2kLc6JvsLUHcKDYbIPEFHaJhi8Z8dje0YUtkJ7+jWhuH5sXFKF4Szvm18eA8OsEBDHQ/1RTwGaXVuaZuM/uXupBNH9YocPsOfLocy4re1HDTu7hh5XmVwvL9aj+hJiGAcmwjajQkKrleXE7r1O4pfwyQ63/vIiSAWId3wVD67NEGiAYqp84jQ2oCTbcT9aKXliPlPQaLpcVIElnuGR8kGQ12nf57hFL9IbwsyAF3sFKdFLbDUdCdreLEiTFD6shNozOIY8+mXCkK80Jlm8bGdWh0e0JbdD9zan7FTSl6PpQfunfrD7OScceusg==
nWbF0MKT4jRxmf5e3LcrP6Jhi8Z8dje0YUtkJ7+jWhuH5sXFKF4Szvm18eA8OsEBDHQ/1RTwGaXSu6ZuM/uXupBNFtcocPsOfLocy4re1HDTu7hh5XmVwvL9aj+hJiGAcmwjajQkKrleXE7r1O4pfwyQ63/vIiSAWId3wVD67NEGiAYqp84jQ2oCTbcT9aKXliPlPQaLpcVIElnuGR8kGQ12nf57hFL9IbwsyAF3sFKdFLbDUdCdreLEiTFD6shNozOIY8+mXCkK80Jlm8bGdWh0e0JbdD9zan7FTSl6PpQfunfrD7OScceusg==
BGAvFH/MwWculc8qVxpwqKJhi8Z8dje0YUtkJ7+jWhuH5sXFKF4Szvm18eA8OsEBDHQ/1RTwGaXVuaZuM/uXupBNF9cocPsOfLocy4re1HDTu7hh5XmVwvL9aj+hJiGAcmwjajQkKrleXE7r1O4pfwyQ63/vIiSAWId3wVD67NEGiAYqp84jQ2oCTbcT9aKXliPlPQaLpcVIElnuGR8kGQ12nf57hFL9IbwsyAF3sFKdFLbDUdCdreLEiTFD6shNozOIY8+mXCkK80Jlm8bGdWh0e0JbdD9zan7FTSl6PpQfunfrD7OScceusg==
Iouxw3NJt+zlcMt83Gq9yaJhi8Z8dje0YUtkJ7+jWhuH5sXFKF4Szvm18eA8OsEBDHQ/1RTwGaXSu6ZuM/uXupBNGNcocPsOfLocy4re1HDTu7hh5XmVwvL9aj+hJiGAcmwjajQkKrleXE7r1O4pfwyQ63/vIiSAWId3wVD67NEGiAYqp84jQ2oCTbcT9aKXliPlPQaLpcVIElnuGR8kGQ12nf57hFL9IbwsyAF3sFKdFLbDUdCdreLEiTFD6shNozOIY8+mXCkK80Jlm8bGdWh0e0JbdD9zan7FTSl6PpQfunfrD7OScceusg==
clC2hsDIGBk0kDqBKvZRG6Jhi8Z8dje0YUtkJ7+jWhuH5sXFKF4Szvm18eA8OsEBDHQ/1RTwGaXVuaZuM/uXupBNGdcocPsOfLocy4re1HDTu7hh5XmVwvL9aj+hJiGAcmwjajQkKrleXE7r1O4pfwyQ63/vIiSAWId3wVD67NEGiAYqp84jQ2oCTbcT9aKXliPlPQaLpcVIElnuGR8kGQ12nf57hFL9IbwsyAF3sFKdFLbDUdCdreLEiTFD6shNozOIY8+mXCkK80Jlm8bGdWh0e0JbdD9zan7FTSl6PpQfunfrD7OScceusg==
4qcecNygDX9ozbx60bNzlmfPLwiXzGJ7asw2maiyVZm0eA976Fm93ombt0SAkR9TtdwoXzdGX2aFzSHzsqj80FyiPvbLgs7AIMcSkPt2QoX+EGa+/z0J9wTuKsLeAuaF2rCbRZMdA/cLmkrdhr1eF73WzVjGzLcSWHQWkUpcWsPovkUHmDFLqB3SOKFtxwOpzEpACfJoEhKLnl8r/oLZX+8ljq+CQ5Flqjs5LbzSbcYFb0hBudYJBpdUbtU1vDjgPadcqgm0Aps9oIGF1gR92d9aZBXXU5xb43agwZ5z1g3nlupNfJSPmvfEoxsePvFlNYrSTKsa45Nj465Z066m
d+h980FjWzeDNp/bvYvbMqJhi8Z8dje0YUtkJ7+jWhuH5sXFKF4Szvm18eA8OsEBDHQ/1RTwGaXVuaZuM/uXupBNGtcocPsOfLocy4re1HDTu7hh5XmVwvL9aj+hJiGAcmwjajQkKrleXE7r1O4pfwyQ63/vIiSAWId3wVD67NEGiAYqp84jQ2oCTbcT9aKXliPlPQaLpcVIElnuGR8kGQ12nf57hFL9IbwsyAF3sFKdFLbDUdCdreLEiTFD6shNozOIY8+mXCkK80Jlm8bGdWh0e0JbdD9zan7FTSl6PpQfunfrD7OScceusg==
KmiyqotLplWW6VkF+GLxeef9eiUV+BpZJkQTQrFZRWksvp1WN3ZS59ZVDYZfbibgh3qMc7anrxIZxCecVhqWQdqXOiTlh0ScMaVDk2ZT1rPQu9aWf5oF5AHOTulvBy0heeCa9nLfxED0jbClM9vc1V1FAo7dcclMvjjme/MMt5wnceabwwuABRS+ugxpj+J24WK5ZVVLm7ZTry9aX/2C0miY47OrYB4+IIJQHbdk/Pc+0FvXMKAMRc1Y1IKX9zSiFyK2/59u+8sdlhKzw69TOfMqSkH39Qzo7LKQgCkfLg6L6EZp5jKSlPU2p517wq6p
4qcecNygDX9ozbx60bNzlmfPLwiXzGJ7asw2maiyVZm0eA976Fm93ombt0SAkR9TtdwoXzdGX2aFzSHzsqj80FyiPvbLgs7AIMcSkPt2QoX+EGa+/z0J9wTuKsLeAuaF2rCbRZMdA/cLmkrdhr1eF73WzVjGzLcSWHQWkUpcWsPovkUHmDFLqB3SOKFtxwOpzEpACfJoEhKLnl8r/oLZX+8ljq+CQ5Flqjs5LbzSbcYFb0hBudYJBpdUbtU1vDjgPadcqgm0Aps9oIGF1gR92d9aZBXXU5xb43agwZ5z1g3nlupNfJSPmvfEoxsePvFlNYrSTKsa45Nj465Z066m
KmiyqotLplWW6VkF+GLxeef9eiUV+BpZJkQTQrFZRWksvp1WN3ZS59ZVDYZfbibgh3qMc7anrxIZxCecVhqWQdqXOiTlh0ScMaVDk2ZT1rPQu9aWf5oF5AHOTulvBy0heeCa9nLfxED0jbClM9vc1V1FAo7dcclMvjjme/MMt5wnceabwwuABRS+ugxpj+J24WK5ZVVLm7ZTry9aX/2C0miY47OrYB4+IIJQHbdk/Pc+0FvXMKAMRc1Y1IKX9zSiFyK2/59u+8sdlhKzw69TOfMqSkH39Qzo7LKQgCkfLg6L6EZp5jKSlPU2p517wq6p
4qcecNygDX9ozbx60bNzlmfPLwiXzGJ7asw2maiyVZm0eA976Fm93ombt0SAkR9TtdwoXzdGX2aFzSHzsqj80FyiPvbLgs7AIMcSkPt2QoX+EGa+/z0J9wTuKsLeAuaF2rCbRZMdA/cLmkrdhr1eF73WzVjGzLcSWHQWkUpcWsPovkUHmDFLqB3SOKFtxwOpzEpACfJoEhKLnl8r/oLZX+8ljq+CQ5Flqjs5LbzSbcYFb0hBudYJBpdUbtU1vDjgPadcqgm0Aps9oIGF1gR92d9aZBXXU5xb43agwZ5z1g3nlupNfJSPmvfEoxsePvFlNYrSTKsa45Nj465Z066m
KmiyqotLplWW6VkF+GLxeef9eiUV+BpZJkQTQrFZRWksvp1WN3ZS59ZVDYZfbibgh3qMc7anrxIZxCecVhqWQdqXOiTlh0ScMaVDk2ZT1rPQu9aWf5oF5AHOTulvBy0heeCa9nLfxED0jbClM9vc1V1FAo7dcclMvjjme/MMt5wnceabwwuABRS+ugxpj+J24WK5ZVVLm7ZTry9aX/2C0miY47OrYB4+IIJQHbdk/Pc+0FvXMKAMRc1Y1IKX9zSiFyK2/59u+8sdlhKzw69TOfMqSkH39Qzo7LKQgCkfLg6L6EZp5jKSlPU2p517wq6p
4qcecNygDX9ozbx60bNzlmfPLwiXzGJ7asw2maiyVZm0eA976Fm93ombt0SAkR9TtdwoXzdGX2aFzSHzsqj80FyiPvbLgs7AIMcSkPt2QoX+EGa+/z0J9wTuKsLeAuaF2rCbRZMdA/cLmkrdhr1eF73WzVjGzLcSWHQWkUpcWsPovkUHmDFLqB3SOKFtxwOpzEpACfJoEhKLnl8r/oLZX+8ljq+CQ5Flqjs5LbzSbcYFb0hBudYJBpdUbtU1vDjgPadcqgm0Aps9oIGF1gR92d9aZBXXU5xb43agwZ5z1g3nlupNfJSPmvfEoxsePvFlNYrSTKsa45Nj465Z066m
KmiyqotLplWW6VkF+GLxeef9eiUV+BpZJkQTQrFZRWksvp1WN3ZS59ZVDYZfbibgh3qMc7anrxIZxCecVhqWQdqXOiTlh0ScMaVDk2ZT1rPQu9aWf5oF5AHOTulvBy0heeCa9nLfxED0jbClM9vc1V1FAo7dcclMvjjme/MMt5wnceabwwuABRS+ugxpj+J24WK5ZVVLm7ZTry9aX/2C0miY47OrYB4+IIJQHbdk/Pc+0FvXMKAMRc1Y1IKX9zSiFyK2/59u+8sdlhKzw69TOfMqSkH39Qzo7LKQgCkfLg6L6EZp5jKSlPU2p517wq6p
4qcecNygDX9ozbx60bNzlmfPLwiXzGJ7asw2maiyVZm0eA976Fm93ombt0SAkR9TtdwoXzdGX2aFzSHzsqj80FyiPvbLgs7AIMcSkPt2QoX+EGa+/z0J9wTuKsLeAuaF2rCbRZMdA/cLmkrdhr1eF73WzVjGzLcSWHQWkUpcWsPovkUHmDFLqB3SOKFtxwOpzEpACfJoEhKLnl8r/oLZX+8ljq+CQ5Flqjs5LbzSbcYFb0hBudYJBpdUbtU1vDjgPadcqgm0Aps9oIGF1gR92d9aZBXXU5xb43agwZ5z1g3nlupNfJSPmvfEoxsePvFlNYrSTKsa45Nj465Z066m
KmiyqotLplWW6VkF+GLxeef9eiUV+BpZJkQTQrFZRWksvp1WN3ZS59ZVDYZfbibgh3qMc7anrxIZxCecVhqWQdqXOiTlh0ScMaVDk2ZT1rPQu9aWf5oF5AHOTulvBy0heeCa9nLfxED0jbClM9vc1V1FAo7dcclMvjjme/MMt5wnceabwwuABRS+ugxpj+J24WK5ZVVLm7ZTry9aX/2C0miY47OrYB4+IIJQHbdk/Pc+0FvXMKAMRc1Y1IKX9zSiFyK2/59u+8sdlhKzw69TOfMqSkH39Qzo7LKQgCkfLg6L6EZp5jKSlPU2p517wq6p
4qcecNygDX9ozbx60bNzlmfPLwiXzGJ7asw2maiyVZm0eA976Fm93ombt0SAkR9TtdwoXzdGX2aFzSHzsqj80FyiPvbLgs7AIMcSkPt2QoX+EGa+/z0J9wTuKsLeAuaF2rCbRZMdA/cLmkrdhr1eF73WzVjGzLcSWHQWkUpcWsPovkUHmDFLqB3SOKFtxwOpzEpACfJoEhKLnl8r/oLZX+8ljq+CQ5Flqjs5LbzSbcYFb0hBudYJBpdUbtU1vDjgPadcqgm0Aps9oIGF1gR92d9aZBXXU5xb43agwZ5z1g3nlupNfJSPmvfEoxsePvFlNYrSTKsa45Nj465Z066m
KmiyqotLplWW6VkF+GLxeef9eiUV+BpZJkQTQrFZRWksvp1WN3ZS59ZVDYZfbibgh3qMc7anrxIZxCecVhqWQdqXOiTlh0ScMaVDk2ZT1rPQu9aWf5oF5AHOTulvBy0heeCa9nLfxED0jbClM9vc1V1FAo7dcclMvjjme/MMt5wnceabwwuABRS+ugxpj+J24WK5ZVVLm7ZTry9aX/2C0miY47OrYB4+IIJQHbdk/Pc+0FvXMKAMRc1Y1IKX9zSiFyK2/59u+8sdlhKzw69TOfMqSkH39Qzo7LKQgCkfLg6L6EZp5jKSlPU2p517wq6p
4qcecNygDX9ozbx60bNzlmfPLwiXzGJ7asw2maiyVZm0eA976Fm93ombt0SAkR9TtdwoXzdGX2aFzSHzsqj80FyiPvbLgs7AIMcSkPt2QoX+EGa+/z0J9wTuKsLeAuaF2rCbRZMdA/cLmkrdhr1eF73WzVjGzLcSWHQWkUpcWsPovkUHmDFLqB3SOKFtxwOpzEpACfJoEhKLnl8r/oLZX+8ljq+CQ5Flqjs5LbzSbcYFb0hBudYJBpdUbtU1vDjgPadcqgm0Aps9oIGF1gR92d9aZBXXU5xb43agwZ5z1g3nlupNfJSPmvfEoxsePvFlNYrSTKsa45Nj465Z066m
KmiyqotLplWW6VkF+GLxeef9eiUV+BpZJkQTQrFZRWksvp1WN3ZS59ZVDYZfbibgh3qMc7anrxIZxCecVhqWQdqXOiTlh0ScMaVDk2ZT1rPQu9aWf5oF5AHOTulvBy0heeCa9nLfxED0jbClM9vc1V1FAo7dcclMvjjme/MMt5wnceabwwuABRS+ugxpj+J24WK5ZVVLm7ZTry9aX/2C0miY47OrYB4+IIJQHbdk/Pc+0FvXMKAMRc1Y1IKX9zSiFyK2/59u+8sdlhKzw69TOfMqSkH39Qzo7LKQgCkfLg6L6EZp5jKSlPU2p517wq6p
KmiyqotLplWW6VkF+GLxeef9eiUV+BpZJkQTQrFZRWksvp1WN3ZS59ZVDYZfbibgh3qMc7anrxIZxCecVhqWQdqXOiTlh0ScMaVDk2ZT1rPQu9aWf5oF5AHOTulvBy0heeCa9nLfxED0jbClM9vc1V1FAo7dcclMvjjme/MMt5wnceabwwuABRS+ugxpj+J24WK5ZVVLm7ZTry9aX/2C0miY47OrYB4+IIJQHbdk/Pc+0FvXMKAMRc1Y1IKX9zSiFyK2/59u+8sdlhKzw69TOfMqSkH39Qzo7LKQgCkfLg6L6EZp5jKSlPU2p517wq6p
wrC8hk9ez4QDCBKj7K/OE2I9m0PPstnG7vvYUwsm2o6GlAY/arbRGquf8k6JN0bV1LzYBmAiCOwhjpoRamJ5t+cB7CSUlgCcge9qYpJsNtUuZjKYTVJ3QRN2rgU=
6lI+PzTYwuXmqfPc3DV7/9y0bUVW43JSWjFeM0QHa3twg2p6dYFDTxFvuPd+wcHawWWhcSxlXXoSs73xOQ40Avtl/3KO0GxoWPvzhnwJQiojIURSfEuhkrwE8zVUvIv47mmLvKvlkbxaFccNEwdPEPL3w0c8pkC4OMYNmQpQVvLePzKggvo5XC/7v6Cu1w==
j/LFm0GvZat8x1e0dTcq5aLoigu+sFlxtj9KDiBpeeyE29MnAN/SppUd+9Nh8wBr/l15RrH5Ge3MueUmYu8FLfnSDF6LOceubsxUdCjny5p8FXo2Uz18TpyXmc7MWMvplGAzpJ41M2BLeSkgKol/kZOb94yCa3vb3Hr45EiatUXKjG6urmMKfGLmAUBf54e8rss=
/4ovTumsP7J84p/DjobgxWniZLAaPpLudqdWMdTVdk9yueuJ60IKksbUaTUkDSO8eCl0/kmgpUidi/7uhMtR/X6rr9zhBn/G0lonFvZXmh1ae40vYSpXcFFXdaDUSALUUHph3fsnOUnxZ9ncMDwT76OUvpLYhgDhHzD8u6Y0a8v4FGyp9RxEPv/j9C7PBsYjFxrb52USws/re9P160763b/B7IRUdoC8wY9qAtJMtjXuxjI4DTL3YdOWruU=
wNfCzIn5WJE1kjsg6qLRei4NhCIq298uhNTztN7rnTRIJbK8QKg/PfYVfsWUYsoevt/j3ZazRDRiW3sWuLf8KWFaK9eGHVemhxo5bCAJWzxWPHOf8raHxOzH8xivGdjkMwVxYuoJOSNSB83Orl3ws7gRaa5EEbLkYQb5fI3HVNp/eJuyHBBFau0PTVvghb2uyA==
zmcqm6oSzZhbBnw9bSWGglkvaR4JJNW+4JMsJwl049iTs+Bue1CgaLKfrM7htVg0PRFGEUYs6L/tdmQFjzUYOZbMBZNXkUkFNBE+o8U0CT895/xXKUTqedF32cwQDNOfQwQ+Arh2QNE/IPyrhgQrO5iE7DkVbIQO3/P0Pu82BlP3ilt3BeKC/8tr0+XLfrot31FsFLQGQIzhn2oS8nx2RQ5WsqhtwrdR84au9Q==
7dLgsSNCQqQKvfuGk0ZKsDjJdo/aDzKzy+7g7IdvgmuQ9cZh5vyo7w1GZDVvZVjpNryFY/fBidVUIT6TpeTJb50XfCeJlKopMUfZ/PBck0/jdL7yGCaAAV8Q/Jvm1OtrOHRsSbW8xF4/w/QOD2ZGg1f624elskIvq1vT1auuen1/oexkFNYA3AGvaiISLDaVriYyWM2Sd4GTtq7F
s6+spdoamSHmNvlTOGYAXyn68A0htN2orOCac55oqZn2d/rWwNHpZARTQ59gh2JuVVWLi0ELEGP+VWm+kaFppQxxVX4CV5WleVqc5mvhd+YuBKSsCJ/bknwdak5z5YyG3N8pFizgW2EU6KMc/m2DqIsxWXgKcW+Zk5PndKIzC5Mcski8KCIlzUoE/hZOu7o0Ii7xmH+fl7Suww==
bEOwRmovJetjYi5AGzMMCWyT1y7QctQXm2e4PG6j4S089FFSWkiV6tFhsyP8LnCgWH4dUYoYRko+JwIowvLJxA+DL2iuHw==
XgMsOem5vvJa6sOMbcO3v3AqR7PdgKOGIK9KZleW2gtyENF3cTqp9w21fJ0Y1Adqz6QLC0K6KXRdKip8I9rrw/sDhilrrh4=
y8NQc4mdn89b7+oGf+Pb82/P3P1SR6SwwFhnJEqry+B1ymZ3PIrxJlyHhIh32yf6/9srrYqRHuQhhrl8TUeU2r/427JckIVqLY8NW6AFfa4I
bJkK+QQozHEmP8wqmy61khWou50+CObuig0gFHyZy+B1ymZ3PIrxJlyHhIh32yf6/9srrYqRHuQhhrl8TUeT2r/427JckIVqLY8NW6AFfa4I
JtFuZkN7INoHfCawBG38JD8Q8xR6jLCcqP3DsQyOvv0tV/SylRAahskgqZfn8cwQXPqwGPk0qjZ6YCYxdtrS7MX+B4Uraq4R
E96hE71E7rZD/hxj4YwCvFnD4OdwISbDw3hDrPUEMAQYVSPJ3Mb+JV2/1IqFGBqe+QjJb7c5DEiskhCgabwqrsrIxkmmkpI0tRYnvTtirgk=
jc9/CA636FVZGnCsk0refQiD6tZAEBbPwWletPQEMAQYVSPJ3Mb+JV2/1IqFGBqe+QjJb7c5DEiskhCgabwqrsrIxkmmkpI0tRYnvTtirgk=
aj3pPx+HhamuVfHs84uZ/g+ewy7QctQXm2e4PG6j4S089FFSWkiV6tFhsyP8LnCgWH4dVooYRko+JwIowvLJxA+DL2iuHw==
iX9mvGhAlGIVUGlEZShetA6ewy7QctQXm2e4PG6j4S089FFSWkiV6tFhsyP8LnCgWH4dVooYRko+JwIowvLJxA+DL2iuHw==
yayeeIJ70raTgDNVUgH1Vw2ewy7QctQXm2e4PG6j4S089FFSWkiV6tFhsyP8LnCgWH4dVooYRko+JwIowvLJxA+DL2iuHw==
sXGZMAiXdfLIrA9cMGGXJg8ppunlKbNgzVqOF+Q6ueYUV7yon6s/+ucrQ42ywdak6TbhnCXXK1pHaHMSBGDNquXf9TuINWWuEA==
+zjaB3A/tDOgdyaWrk/42w8qpunlKbNgzVqOF+Q6ueYUV7yon6s/+ucrQ42ywdak6TbhnCXXK1pHaHMSBGDNquXf9TuINWWuEA==
27JZ4Q2sYPRtOqosp9A8/Q8rpunlKbNgzVqOF+Q6ueYUV7yon6s/+ucrQ42ywdak6TbhnCXXK1pHaHMSBGDNquXf9TuINWWuEA==
yCLktiOTFvijUrcc4Jw28w8spunlKbNgzVqOF+Q6ueYUV7yon6s/+ucrQ42ywdak6TbhnCXXK1pHaHMSBGDNquXf9TuINWWuEA==
jQTwPJjLE8Ai19WMJuVjig8tpunlKbNgzVqOF+Q6ueYUV7yon6s/+ucrQ42ywdak6TbhnCXXK1pHaHMSBGDNquXf9TuINWWuEA==
9SNCu8q7dTUN2wAKiPlvZg8upunlKbNgzVqOF+Q6ueYUV7yon6s/+ucrQ42ywdak6TbhnCXXK1pHaHMSBGDNquXf9TuINWWuEA==
kVhe5ix5lcCdej33tMVKlw8vpunlKbNgzVqOF+Q6ueYUV7yon6s/+ucrQ42ywdak6TbhnCXXK1pHaHMSBGDNquXf9TuINWWuEA==
p7l/XI21xq/4zmRInXktRB4j8dh6Wq7NEcBvPnR/Po4LNmaj5mAl7/26JW95Reg1pHTbAjv037MJemWMCfoeVP+6F6vvM7IxZ64S
vJXD3c3H4VD6QrkZTQHYDwyewy7QctQXm2e4PG6j4S089FFSWkiV6tFhsyP8LnCgWH4dVooYRko+JwIowvLJxA+DL2iuHw==
ehj7HYx2j3Go4RGS+717yA8ppujlKbNgzVqOF+Q6ueYUV7yon6s/+ucrQ42ywdak6TbhnCXXK1pHaHMSBGDNquXf9TuINWWuEA==
XDkRyex/m9dSKaD+z/W+3g8qpujlKbNgzVqOF+Q6ueYUV7yon6s/+ucrQ42ywdak6TbhnCXXK1pHaHMSBGDNquXf9TuINWWuEA==
T1syjg9ofyCaq/jBW5NStQ8rpujlKbNgzVqOF+Q6ueYUV7yon6s/+ucrQ42ywdak6TbhnCXXK1pHaHMSBGDNquXf9TuINWWuEA==
78tKtl83LZEDGAy5CSRGORwj8dh6Wq7NEcBvPnR/Po4LNmaj5mAl7/26JW95Reg1pHTbAjv037MJemWMCfoeVP+6F6vvM7IxZ64S
P0DOPxq2cIN/dbatnAMRnjcSx7QSeUdfpsDwWOABk2W0Il6ZxctEBg2cmgJBnDkDH51stPQmwOyh+Gpyshz2ZU72sgit4jexM2auFQ==
S4yl2YSME+uWgBJiARdXAjYSx7QSeUdfpsDwWOABk2W0Il6ZxctEBg2cmgJBnDkDH51stPQmwOyh+Gpyshz2ZU72sgit4jexM2auFQ==
0gMY4z/mNovs/a4xy+LyCguewy7QctQXm2e4PG6j4S089FFSWkiV6tFhsyP8LnCgWH4dVooYRko+JwIowvLJxA+DL2iuHw==
8uwmhF7x9u0cUHnJyu7v+Qqewy7QctQXm2e4PG6j4S089FFSWkiV6tFhsyP8LnCgWH4dVooYRko+JwIowvLJxA+DL2iuHw==
pdTM5d8zTtLbczHQJqHsvQmewy7QctQXm2e4PG6j4S089FFSWkiV6tFhsyP8LnCgWH4dVooYRko+JwIowvLJxA+DL2iuHw==
8GNm92wRVBX+y1HyuErkXB0j8dh6Wq7NEcBvPnR/Po4LNmaj5mAl7/26JW95Reg1pHTbAjv037MJemWMCfoeVP+6F6vvM7IxZ64S
9lmi2BEE9j6Bz7A+yfTSRzUSx7QSeUdfpsDwWOABk2W0Il6ZxctEBg2cmgJBnDkDH51stPQmwOyh+Gpyshz2ZU72sgit4jexM2auFQ==
0uHzqx6hB8pUtR/q5DeSiDQSx7QSeUdfpsDwWOABk2W0Il6ZxctEBg2cmgJBnDkDH51stPQmwOyh+Gpyshz2ZU72sgit4jexM2auFQ==
gJubgHOpKNzjdqN/S5hMDzMSx7QSeUdfpsDwWOABk2W0Il6ZxctEBg2cmgJBnDkDH51stPQmwOyh+Gpyshz2ZU72sgit4jexM2auFQ==
vfRy5Ux/g2U1TaAv4xqFRQiewy7QctQXm2e4PG6j4S089FFSWkiV6tFhsyP8LnCgWH4dVooYRko+JwIowvLJxA+DL2iuHw==
4GRUNSq8L8MFBy6+s9IueAeewy7QctQXm2e4PG6j4S089FFSWkiV6tFhsyP8LnCgWH4dVooYRko+JwIowvLJxA+DL2iuHw==
bu0A3UgNdR4/N2eP3UV4KQaewy7QctQXm2e4PG6j4S089FFSWkiV6tFhsyP8LnCgWH4dVooYRko+JwIowvLJxA+DL2iuHw==
yK8uP7XayikSn1BHcXnXZzISx7QSeUdfpsDwWOABk2W0Il6ZxctEBg2cmgJBnDkDH51stPQmwOyh+Gpyshz2ZU72sgit4jexM2auFQ==
vJCkrJQQaX7mLeZ9p2o0zTESx7QSeUdfpsDwWOABk2W0Il6ZxctEBg2cmgJBnDkDH51stPQmwOyh+Gpyshz2ZU72sgit4jexM2auFQ==
4OlsgiyhglMPNWeI2tRGJzASx7QSeUdfpsDwWOABk2W0Il6ZxctEBg2cmgJBnDkDH51stPQmwOyh+Gpyshz2ZU72sgit4jexM2auFQ==
XdGDxXSAcI1hQ+iVPZfzXxBSS7XdgKOGIK9KZleW2gtyENF3cTqp9w21fJ0Y1Adqz6QLC0W6KXRdKip8I9rrw/sDhilrrh4=
iUY1LSFH9wnDgGOtLiFitxFSS7XdgKOGIK9KZleW2gtyENF3cTqp9w21fJ0Y1Adqz6QLC0W6KXRdKip8I9rrw/sDhilrrh4=
3ub2LOQh/eljq81H+YheTBJSS7XdgKOGIK9KZleW2gtyENF3cTqp9w21fJ0Y1Adqz6QLC0W6KXRdKip8I9rrw/sDhilrrh4=
gF3a1AYKM93m2MOyShR9PRoj8dh6Wq7NEcBvPnR/Po4LNmaj5mAl7/26JW95Reg1pHTbAjv037MJemWMCfoeVP+6F6vvM7IxZ64S
OMC4GkHJGJ7WYopmhuaiDz8Sx7QSeUdfpsDwWOABk2W0Il6ZxctEBg2cmgJBnDkDH51stPQmwOyh+Gpyshz2ZU72sgit4jexM2auFQ==
rXjITT7C86hMibMg3+3H/j4Sx7QSeUdfpsDwWOABk2W0Il6ZxctEBg2cmgJBnDkDH51stPQmwOyh+Gpyshz2ZU72sgit4jexM2auFQ==
eh9xvNWxlxVU/0YT5vKjCUVw3Y9tKDKLKnj3oImS0qdIYl2GsO8QOOMju3pjo78dHnlyRI3uTSz5n+8ag6Av4mi46YoBpxkrtD1hrhQ=
HMlGGQH3fMrVHHsN+lON812pITy0nJhSYD2CpbFCXUj10RGS7YBT5hBvOobnFkprotCBl2E6uZfd9Sx9iFS3Cj/kO+s1uhlUrWqa3FNae2MrQ1YJe64O
urJwmZyICgIml3UZOPpVHRNSS7XdgKOGIK9KZleW2gtyENF3cTqp9w21fJ0Y1Adqz6QLC0W6KXRdKip8I9rrw/sDhilrrh4=
2V/C4DzMKSu5xj7MHPUdoRRSS7XdgKOGIK9KZleW2gtyENF3cTqp9w21fJ0Y1Adqz6QLC0W6KXRdKip8I9rrw/sDhilrrh4=
54Rul+nr9VX3+HYFkArWlxVSS7XdgKOGIK9KZleW2gtyENF3cTqp9w21fJ0Y1Adqz6QLC0W6KXRdKip8I9rrw/sDhilrrh4=
hTitDFZw1eMiAK46FTogthZSS7XdgKOGIK9KZleW2gtyENF3cTqp9w21fJ0Y1Adqz6QLC0W6KXRdKip8I9rrw/sDhilrrh4=
TKMQ/Z9hZkVTD2zFOxvaY0Rw3Y9tKDKLKnj3oImS0qdIYl2GsO8QOOMju3pjo78dHnlyRI3uTSz5n+8ag6Av4mi46YoBpxkrtD1hrhQ=
acZt2ad9LxVt9zY6ZLnaNBdSS7XdgKOGIK9KZleW2gtyENF3cTqp9w21fJ0Y1Adqz6QLC0W6KXRdKip8I9rrw/sDhilrrh4=
2yLuepZt7+410lFvKtsLqxhSS7XdgKOGIK9KZleW2gtyENF3cTqp9w21fJ0Y1Adqz6QLC0W6KXRdKip8I9rrw/sDhilrrh4=
E1CT1AtUvrBaDiSlLd4IGDBczvs+0htiED4MWyvL4NAOT3mBjHjJ3trEDWZhzSvPnMIoDOgyxRpKVJ4GDgtaxKIe0eg/jzdkrhM=
XHEWSci7bNmR5e9pULQe5TBfzvs+0htiED4MWyvL4NAOT3mBjHjJ3trEDWZhzSvPnMIoDOgyxRpKVJ4GDgtaxKIe0eg/jzdkrhM=
YOiX+a4XzyMFcgagVe1ZLTBezvs+0htiED4MWyvL4NAOT3mBjHjJ3trEDWZhzSvPnMIoDOgyxRpKVJ4GDgtaxKIe0eg/jzdkrhM=
oZOrX4U/BB7UQ37KgKX+CzBZzvs+0htiED4MWyvL4NAOT3mBjHjJ3trEDWZhzSvPnMIoDOgyxRpKVJ4GDgtaxKIe0eg/jzdkrhM=
RefpnKEeB0mGkaava2/tP0dw3Y9tKDKLKnj3oImS0qdIYl2GsO8QOOMju3pjo78dHnlyRI3uTSz5n+8ag6Av4mi46YoBpxkrtD1hrhQ=
sxTJn72Cm9t3qxIXzfIW8RWAp5YeNifIyk0Xk+4EMAQYVSPJ3Mb+JV2/1IqFGBqe+QjJb7c5DEiskhCgabwqrsrIxkmmkpI0tRYnvTtirgk=
uMgpDAitBcOwwCGzDBb13BWDp5YeNifIyk0Xk+4EMAQYVSPJ3Mb+JV2/1IqFGBqe+QjJb7c5DEiskhCgabwqrsrIxkmmkpI0tRYnvTtirgk=
WGl1EUAkrhtbd6lzWO0Z+xWCp5YeNifIyk0Xk+4EMAQYVSPJ3Mb+JV2/1IqFGBqe+QjJb7c5DEiskhCgabwqrsrIxkmmkpI0tRYnvTtirgk=
t40qudTT1jXHsye2Vx04WRWFp5YeNifIyk0Xk+4EMAQYVSPJ3Mb+JV2/1IqFGBqe+QjJb7c5DEiskhCgabwqrsrIxkmmkpI0tRYnvTtirgk=
OVsE7LewHTn6+Cvc/eedZxWEp5YeNifIyk0Xk+4EMAQYVSPJ3Mb+JV2/1IqFGBqe+QjJb7c5DEiskhCgabwqrsrIxkmmkpI0tRYnvTtirgk=
p0YVAfqydxWBL21boJ/FSRlSS7XdgKOGIK9KZleW2gtyENF3cTqp9w21fJ0Y1Adqz6QLC0W6KXRdKip8I9rrw/sDhilrrh4=
jwDZp6zMFRMyuKFHSGY84RBRS7XdgKOGIK9KZleW2gtyENF3cTqp9w21fJ0Y1Adqz6QLC0W6KXRdKip8I9rrw/sDhilrrh4=
kTWIR29b1Lkqams+ycTrqBFRS7XdgKOGIK9KZleW2gtyENF3cTqp9w21fJ0Y1Adqz6QLC0W6KXRdKip8I9rrw/sDhilrrh4=
UJ1Z1CgJgMAiBZW9eaAMARJRS7XdgKOGIK9KZleW2gtyENF3cTqp9w21fJ0Y1Adqz6QLC0W6KXRdKip8I9rrw/sDhilrrh4=
zMCFHenGGcuMfWaOOmMOVRNRS7XdgKOGIK9KZleW2gtyENF3cTqp9w21fJ0Y1Adqz6QLC0W6KXRdKip8I9rrw/sDhilrrh4=
2WhsVCBKIixPMdphME3IoRRRS7XdgKOGIK9KZleW2gtyENF3cTqp9w21fJ0Y1Adqz6QLC0W6KXRdKip8I9rrw/sDhilrrh4=
z9buGHLSTNdFZCNn3BTMLBsj8dh6Wq7NEcBvPnR/Po4LNmaj5mAl7/26JW95Reg1pHTbAjv037MJemWMCfoeVP+6F6vvM7IxZ64S
twThapKdvXbiC3Rpux0qtEZw3Y9tKDKLKnj3oImS0qdIYl2GsO8QOOMju3pjo78dHnlyRI3uTSz5n+8ag6Av4mi46YoBpxkrtD1hrhQ=
KJIbLBcIRlDX8YL7EY36bxWAp5ceNifIyk0Xk+4EMAQYVSPJ3Mb+JV2/1IqFGBqe+QjJb7c5DEiskhCgabwqrsrIxkmmkpI0tRYnvTtirgk=
QO6EELU8YvOv3+vceMpddxWDp5ceNifIyk0Xk+4EMAQYVSPJ3Mb+JV2/1IqFGBqe+QjJb7c5DEiskhCgabwqrsrIxkmmkpI0tRYnvTtirgk=
KOUrgWouQ8otVU6w2WWfyBWCp5ceNifIyk0Xk+4EMAQYVSPJ3Mb+JV2/1IqFGBqe+QjJb7c5DEiskhCgabwqrsrIxkmmkpI0tRYnvTtirgk=
YhB192nX6NV91c3bUw3rkRWFp5ceNifIyk0Xk+4EMAQYVSPJ3Mb+JV2/1IqFGBqe+QjJb7c5DEiskhCgabwqrsrIxkmmkpI0tRYnvTtirgk=
iMoLFgPhvIENqpl82EhrNBWEp5ceNifIyk0Xk+4EMAQYVSPJ3Mb+JV2/1IqFGBqe+QjJb7c5DEiskhCgabwqrsrIxkmmkpI0tRYnvTtirgk=
TOAfPLxA9v4fKGOVKHD7uCkdibd/8AdiED4MWyvL4NAOT3mBjHjJ3trEDWZhzSvPnMIoDOgyxRpKVJ4GDgtaxKIe0eg/jzdkrhM=
tMPP3l8GpkXzNea+K4v91igdibd/8AdiED4MWyvL4NAOT3mBjHjJ3trEDWZhzSvPnMIoDOgyxRpKVJ4GDgtaxKIe0eg/jzdkrhM=
p1e6TQc7zckJuaXP3ZXo4Csdibd/8AdiED4MWyvL4NAOT3mBjHjJ3trEDWZhzSvPnMIoDOgyxRpKVJ4GDgtaxKIe0eg/jzdkrhM=
Kmesoqs00kouyuhNJ2CZjiodibd/8AdiED4MWyvL4NAOT3mBjHjJ3trEDWZhzSvPnMIoDOgyxRpKVJ4GDgtaxKIe0eg/jzdkrhM=
3tAXOpiDTv2Yrz526y7N2y0dibd/8AdiED4MWyvL4NAOT3mBjHjJ3trEDWZhzSvPnMIoDOgyxRpKVJ4GDgtaxKIe0eg/jzdkrhM=
D6kcsDLKzyGaHENnPH9Q9FxwkNFyLxbbG333oImS0qdIYl2GsO8QOOMju3pjo78dHnlyRI3uTSz5n+8ag6Av4mi46YoBpxkrtD1hrhQ=
8zr6cLg8DsteXki6B5k+q1xwkNByLxbbG333oImS0qdIYl2GsO8QOOMju3pjo78dHnlyRI3uTSz5n+8ag6Av4mi46YoBpxkrtD1hrhQ=
sjyvR/yo3k1z7Wre5zDRHVxwkNNyLxbbG333oImS0qdIYl2GsO8QOOMju3pjo78dHnlyRI3uTSz5n+8ag6Av4mi46YoBpxkrtD1hrhQ=
B+hgFnGTmlyOXjOxlZfJLFxwkNJyLxbbG333oImS0qdIYl2GsO8QOOMju3pjo78dHnlyRI3uTSz5n+8ag6Av4mi46YoBpxkrtD1hrhQ=
8dsu/TGi+jKDs7NCuwWfYlxwkNVyLxbbG333oImS0qdIYl2GsO8QOOMju3pjo78dHnlyRI3uTSz5n+8ag6Av4mi46YoBpxkrtD1hrhQ=
Dw0mKpwlsTpbfKgKdKNFjkdX9a5ROXrFvshQplD6RO/7vwh0rusRdRzMQVpaQIXS8TlDazxmwHg4ho3eCpDWMt5/suCCOrkcL7s/YK4X
KK1bgwL+vTUX29Pq9kvBWEZX9a5ROXrFvshQplD6RO/7vwh0rusRdRzMQVpaQIXS8TlDazxmwHg4ho3eCpDWMt5/suCCOrkcL7s/YK4X
O4HqdimBbMWNgWvk/TnwhUVX9a5ROXrFvshQplD6RO/7vwh0rusRdRzMQVpaQIXS8TlDazxmwHg4ho3eCpDWMt5/suCCOrkcL7s/YK4X
wR4wtthjc5u4ZbxaMW4AmURX9a5ROXrFvshQplD6RO/7vwh0rusRdRzMQVpaQIXS8TlDazxmwHg4ho3eCpDWMt5/suCCOrkcL7s/YK4X
iOcAyIkxPj+pYlSoWfKaF0NX9a5ROXrFvshQplD6RO/7vwh0rusRdRzMQVpaQIXS8TlDazxmwHg4ho3eCpDWMt5/suCCOrkcL7s/YK4X
Kb/tb4D8QcKnaOV0BlQCTHPP2vgEB/vpnhwkGmO6y+B1ymZ3PIrxJlyHhIh32yf6/9srrYqRHuQhhrl8TUeT2r/427JckIVqLY8NW6AFfa4I
o82EskvCO0GkBk3hBPXfqXPP2vsEB/vpnhwkGmO6y+B1ymZ3PIrxJlyHhIh32yf6/9srrYqRHuQhhrl8TUeT2r/427JckIVqLY8NW6AFfa4I
aG1JXvFXMGxVtbNAjmdljXPP2vkEB/vpnhwkGmO6y+B1ymZ3PIrxJlyHhIh32yf6/9srrYqRHuQhhrl8TUeT2r/427JckIVqLY8NW6AFfa4I
fHXMWk4PSjYjvzi8Qdz7vHPP2voEB/vpnhwkGmO6y+B1ymZ3PIrxJlyHhIh32yf6/9srrYqRHuQhhrl8TUeT2r/427JckIVqLY8NW6AFfa4I
dPwSPIIMnEwkmp5IFyP4YXPP2v8EB/vpnhwkGmO6y+B1ymZ3PIrxJlyHhIh32yf6/9srrYqRHuQhhrl8TUeT2r/427JckIVqLY8NW6AFfa4I
CCA4KNTQCTF1wbpoLUBp9SgFhbdm5hhiED4MWyvL4NAOT3mBjHjJ3trEDWZhzSvPnMIoDOgyxRpKVJ4GDgtaxKIe0eg/jzdkrhM=
Z3ISUmp+e+GvGT3pmQNpyC0Fhbdm5hhiED4MWyvL4NAOT3mBjHjJ3trEDWZhzSvPnMIoDOgyxRpKVJ4GDgtaxKIe0eg/jzdkrhM=
0vNM7uS6LB4SF72ihFU8BSwFhbdm5hhiED4MWyvL4NAOT3mBjHjJ3trEDWZhzSvPnMIoDOgyxRpKVJ4GDgtaxKIe0eg/jzdkrhM=
YIjcYYdmKZ3v0ozQ7rFauS8Fhbdm5hhiED4MWyvL4NAOT3mBjHjJ3trEDWZhzSvPnMIoDOgyxRpKVJ4GDgtaxKIe0eg/jzdkrhM=
vUFHQf92SLA3AL2lsVEjtYK14+yGD7+fS76GKTYUCIedzuS9/w34Aeb0xSsnKam9RCk+m7WM6YdNXzxvWXwKQaHPWXRgNDOnMzz+usjOoGlPGPyT9rzLg+g8LAFlVGQ2r0t0hp8O5muHspvPdVpiR7tT0927xlqVr+msLMQ+oLSRIOqqgkSWfX5uchAdelfpg76uzQ==
dULBp19oDUDmr31VM2xu8lagz6n495liuoOxv5ZbIjrwnbGoxJ8b09BrusI1+RNn8YeI737Z8TIhTfEJbN2NkrIbzWm5lsSqWw2vyk4ovEA4k8OefBFyQkMJlKq88/H6HKwDrdQk+1BOgVsE653BlLr99xUTH3/4Et+TP3wekFCYbn0GisimWn5XYhhCAul0T5OPuK7P
s4XdDj2b4hvBGQmpmnwAnzxodqAwXiJBKBrpDBElPW78hFtURlsVtMDVKhwo+If9LiUWpaxywh62z9s9foMcdNqLk7Ygx3Sp6eqzty7Nr2bfahFM2BlTPF4si7/axt8EFBdbeDepUGS7denCAtmBYwo3JS6WTfizsAFRziwhaiTZVpHcFTfbWvfIA1K0QD0qNf9le5iVta7A
8mDvFaCzMk/GxqDRPl8ReTOTJU83f2MmtzgJNSMe0pi1bChHO1TuiUQkxiSpjWD52J3iLgzeeJOVhbBfUgR0V30OTpvaSUd23Q/AUQEWUfaf9FaF3bzQsAUHVFpRdLqLtcBZNf6EFSmHeuwFLxNE6+uW2BE2c35dH/bi/SRU94p/5Htr9brZ1G1qWlwTWjvja0OWibuuzg==
9USS79m880ZZZZ8HO6eqL1SmdOxHYiD2vidD1J6Mc+C7LFl3zja/ZLHmSTydZ6PazxiLcuwwFerd790bkCVtrhg=
/eZkGD5Qs2g6/8msyZt2Jhkg1ohvMgffWlSluprblPNCbBzL4u8HJPoU/2A3tL0HCn5jRI3uTSz5n+8ag6Av4mi46YoBpxkrtD1hrhQ=
at7iYj0CThkmQ3jOCNc8mbaQqloKJp+IiWN835W0zWvnQICmnoBHRk1KrozIWyQ53ug2Hmdu1cL9tBNS01RnI3H63RzxmraEt3pfmwdTqgF/rgo=
i7Qaiy4HthcBLMfOr1pwJUUPaoSTiveYcvBbflmq2lR0C8hRSmii9gu+aZoJ1Adqz6QLC0W6KXRdKip8I9rrw/sDhilrrh4=
tGOxo3i7xUA5WFrETckCAqqYthMVMY6JxnQuidu6wmPmTMOtnoBHRk1KrozIWyQ53ug2Hmdu1cL9tBNS01RnI3H63RzxmraEt3pfmwdTqgF/rgo=
B6tEhbPu5wn66k9A7FPZFVqx+kifPJNZyHKlMnTwpCs591BZNwyE/dZyuDP8LnCgWH4dVooYRko+JwIowvLJxA+DL2iuHw==
OZhpuV/BNV2seQu3xkfes1qx+kifPJNZyHanPHTwpCs591BZNwyE/dZyuDP8LnCgWH4dVooYRko+JwIowvLJxA+DL2iuHw==
KbgJrEl1oasxjU+QgR91K4aOu8gfUN+oNlxpf2VGpVivMFgvKAg3ciLNtaTZXtjkCJoBPI4T42t0ryb1bVBK6tFktQh0dyATc8m+cq+ij0cClctGO1J9XMQRVzxaJJevtv47JHBPd4gL4RSkfz2Vcu4BJQOuz4m+CsV8MzSJzV6AWc7EfQ79bOn/nxozAD8imJjZClHHiWuEnbGuxA==
u9LpmA7mkJ8UIhj8tSiO6JdW/wLJQ/Agt/t9Y47JX////zl11i4dZHk0Y7JjFLdDgfrtPKFaxiQH+s/71xOaIW+uGg==
e1+zjSgdYEpswfejL/FhP8ij5PadALicCKPDPhddCYqbxOS9/w34Aeb0xSsnKam9RCk+m7WM6YdNXzxvWXwKQaHPWXRgNDOnMzz+usjOoGlPGPyT9rzLg+g8LAFlVGQ2r0t0hp8O5muHspvPdVpiR7tT0927xlqVr+msLMQ+oLSRIeqqgkSWfX5uchAdelfpg76uzQ==
/607RCEpn5hJJb17YsocJzT2+FW7pmre2fVRTaACL1wk9Ctiy7Qv0xh6daw5uq70TzqHC7/z4tEXrmI=
yp1hjgHX1zxK7sMggcRFCYYgOMJxdxrhIlhu8h+NTGC8inBoGUWqRpoQ5kGWqlKcJY7H9csarmE=
pewoMvwLguHefVBskNPZ3JC8RlGWCor88aJ64jlB1J23KTOod1PeMeqmsXOmNUpAlsNlvS1xTCNc3kdfb/7aap7zAOGi6xgjLztcxLuY911kt+C+ywL2LCprFoVKKbWomHHh4dDaObHkxKfp6thFxGf9/ZyDRM8o6cP5WZ39jkZOMXO5hoKgPUipcQX+IQOLnzHWEzGd5nTWfGFZRf94gxTfCFfP3zRN96y/Iw8PQ2UlCYl6aZ3makWCBwkCJEGxAa9ESv69LDEdbHxw/raL+weyaF/Ckkb4ysTCQgJosWZqr+aPttXyJarki7ZaIfqoUK5SGzcZKxXIQtndyNQwzzJp4KmICre/FpgmAZvY5DD933UKdpBZ1VqGwYZ7OMJu0C/QbxwuBGBZYOjm8wv+gFnLtcpeZHGj1aWqknZlNFh03r0GmQdoQs/zKT04Y+TzVwkc41+harL7CmP3fi0/5m+KoQzo+WM8bsy7/2omb4SE9ws450lAZKtVuYLSeRHj+pdVbmZtiLNAISEO3IEapEn2wRzFF8pa56hTkmQgraqFn9W7qPWFrvA=
pMMZNoFYbdKmuqgpi4lqof5967+zPm86NWoIbOFglJyX+qZ52P2tafN0qfmoXuYbXEyko7lMm6tApZDNcs/YHu9SD0B69goTNtKHvtAHDWkS3khG0ZVaP4w5draPMVKoATG8lIP0AdHrhIVI+UjfD78BS1Ho9si95SEg7hb9fsVXHegtBbv5HQBLd1FQFGDw58HTUx4z0pNej+mzAk3BwJn7WUOF1UOlH+LvEVAK805BUdQIJ4EHo1JS2NEa8asA2uhoOg1LYR6+B4RecJj8yMRaFETXVqzjsFcQuUSlHIgtbgxtPJg2gkQDMRUddf6On4UeeFZ/tOV2MS5mAX8g9AAZjdTiAJvzo1IwXO+17ApHHu2UpN4WY4a3OkIyYG8Mzj6lRzgwP2cjUtjox8NjaezKoElSaHLSqx6/a16CeZ+Ppa7vYkMxpcq7GW1c0s0GZe9oAVnWqcb31E6V1bzYoB0nPGqptOLbHSDhRXYEnZn/2gTVd1N8G8P2wAE+c3ZNBxbKjRyUL9oXRIPbfDpRJNUK8ozLGkPTg2OOmbOuxg==
rC871pjbSv+6SmIlGArfqlFGMdc+5mDc+eRQFIbhfjcMhdtOU70ePEZFLHykjmBEMXPp+iK0Vs0ePvLA/coXmSNurh0=
sDEZErhhL/zPefyVYEaE8B+uc/tIdCC7oi1e1YGxc7/9P09szyysZLHmSTydZ6DZzxiLcuwwFerd790bkCVtrhg=
kpRdAabDQNjtGJyV3qayNTT2+FW7pmre2fVRTaACL1wk9Ctiy7Qv0xp5daw5uq70TzqHC7/z4tEXrmI=
yUlhC0K5oQkeHbpI2B4Q9IYgOMJxdxrhIlhu8h+NTGC8inBoGUepRpoQ5kGWqlKcJY7H9csarmE=
t9ByOKi5gvQW+q1bAPRwAmh/rzKfm+uNBKfL/g7cCaorPBT+2ELDgpaWkVjDsj6EL1Ik/pfcH6E01a4n+VzUT2TA5nHgcxOzKOn5yBT5RZEUIgWx2DxjmU5QyaQrNdmMh1wTaLVbfcn5NUJmQjmXicI6XL00EbU1mikPq9N5MoO1BTq0imRlSWG3tGOYV6yni6cITcvU+9Orh8+F6UGtam2FuqqZGoOZ5mwNkQ2nIHo6BVCx4dQ4QBq+h9vLegzPRgoauBbcxlImoP0G5idC/3ItziWWHE/G/ql2yBxmdgszAfdVlNpdTawc/O8+YQSZzLJLP2og4jH/0OgQsZeRmvIIhRUGnsWWX3AOjlyndJ9YVjhgZRisFleDcmCVg5HaWnwtYwk9LgKSLXh4eNbZNl2/FMIzS20N3Gvo05vBeHPbOTbyJxJn51rlc4bjAgV8LAFfPFI0f4/OruPkyD8vKONRnCT3zT0StrHdw/afsV4i1XQzPJnlPriJFoQFviWMQY8bmbuwV4JAaGFKCRdxS+yNua7M
iOAJq+IsReh7wtAb4BuipAlfU3p/bRA752TNwZm/vX/vjhIewxRuZPVWJdxAdQBXSXt0N9U3Q1r+O1CcJZqmzZwdqmybf2rcyJHOL12L5jW3uLolqyl6vosxVqANIaCMZ9Rl6Re0yQA9iJtHc/H3KUwWbCV5saxmkn36TduNdLWh213lvDs7mZRUJDgr8a9r+hO2i0Kf5bsGTcXIletFW+H1p51j0iPZFEo3hg0haPCD4aM7zsJUWZ5xL4hWePSiqavFZgL3SBY0WDiAiGrofLN2SPusRxyxQKUYgCF+EHXYuFK6uDN9Xdm1usZTdaIA8p8Qfeqhou6F/6R8jIkRTEZgPwsfInyUK/WowosukaxA/nJ7mqc2SjZgawTCLrlfXBDbX19iFCCDg6ehoLocsfYI1ko3jjPj2gL9FwM1MnfGo5XddkvVJRgSCU4p35Q5PfZN3uvEQp3RvNyoETcgck2UhuPhEK0NssTZ0TMquK3Ts9iDX2ZMibrz8sWLhlYVuPSLIqs0zxO1eRXsGTqOtC86J8ufc4KRt67C
8+FHQXkhObUcFHK8IAJVkVqx+kifPJNZyHKlMnTwpCs591BZNwyE/dZyuDP8LnCgWH4dVogYRko+JwIowvLJxA+DL2iuHw==
QUpFBjnaSAiBlP/wK2BxZjJLq6V5/6zTIq/IdBz90x/u+8CBmQzgubWCksdEl8wpETp7lza9xyZ3+umsEClLPEYcQ18iVndEfGdDWP95qOQDJaGiGumpo+KnnY7ePeCzqPGZbpSxAmTxZok83edi2I+YS3KssNXqnW8dG9Clra7Y
JLsE6xHsmbuQR3d3Cu6/anM1mRjFp93noeDaZE02kZyGhEg/f/eJC6qevwaHPwDAybzEWmB9AfUsh/dWcHt+oPQd7CSUlgCcgeloYpJsNtUuZjKYTVJ3QRN2rgU=
LUHoV9nv+9n+t4Dkjzhv/wNa5PIeq3ADdE8tZlrmybgZBhoS2M3LiTHhBvgfpOOR6Hq1CjQINKPZv2BBNxS0tTb6KMu8FmCoeLZtzwiAtgIeLxIQAopZTG9LH3CuBw==
RDjj1rSYH+5Tsl/QLcingippy9cvmVEZQ08tZlrmybgZBhoS2M3LiTHhBvgfpOOR6Hq1CjQINKPZv2BBNxS0tTb6KMu8FmCoeLZtzwiAtgIeLxIQAopZTG9LH3CuBw==
35gLa70hd8FEAJ7pXLKjiBd+YCxRRiViWuLBrAkSMvb4qeNdYbXOPF9gK8W4rh1ulOycN0kr6MW3kDwhpm6ALxxyyHwo4qULSER+Vk77OnQibnFYf18XdK4D
Cje1xILVFlzsXRMZiJaeWvaEJ1eNrSoBhh6IHc/VDwesVF1eWt65kPkuSkoYFZvhkQm2gJ9cU/lIkmVSdNDki7mXkHk3LESdVtL4E/xOsEDY3t03iPgG6r5HQsjC0glkj2NvSK4/
2DdaLhUFlgd9H47EjBuVPjfV4vL36NM2V8nVOpp5U2epHx8aHX/Ntemwg0BOVRSlRuRRb28l1JRFTytcOzqu3ahyWBdPYmB6teI6BHXeVcwx70aY6xDnwnBI0crZN2GLfG1Jrjw=
G/6qho8/oSvWMRbKeHa38Senu0BorNel+OqLdYVsvJb2dfzLhNfoQVAfDdYg1Uh8OzGR7TBzb2r/FS/tjf52sQE2bGcTe5WleVqc5mvhd+YuBKSsCJ/bknwdak5z5YyG3N8pFizgW2EU6KMc/m2DqIsxWXgKcW+Zk5PndKIzC5Mcski8KCIly0gE/hZOu7o0Ii7xmH+fl7Suww==
Larnfgiyt31741vSIONUOu3Gqw31jDM+uon+BXMQWs7wtWUvJQdpky/bDlCkP+wtk6yVAxsnDAn68zVKXpu4hRL0S6JrNI+T+HhVbFk6zjRvOmdLX3NCEXeuAg==
DXDakB7KoJBOkyuBrXtlrMbIGDLLbcVppM2WXolF+i2DGp8+5hE=
DXDakB7KoJBOkyuBrXtlrMbIGDLLbcVppM2WXolF+i2DGp8+5hE=
bwwOd80xA0j9RWH/ntLA310H8IOWM06p9VbD1eu8tHfG6qzItuhVxaVVeBQUW+pvUdGXS14T+uiCkLbp34b9hJm/gaORh8JIg/oUTNa9P9OFndrk1J2Qdbrf84XrCPjNxL8juE6rLh2EIGF+o685JlxqFoTj/wAZDeZM
