PCuwz+PbFzKnZLq2fImob2loZw6ZLDXRZHm/x5ef+iwTGScu/vfDCWIU+VPtSgu+yRPrDCV3TuQ7TPr3hKA6m5mZy+SAZfee0jwYjrmIroLDtdq77BB0LmNTMxmfshT+Il1MeYOWHdqJditcQkZoiaj5tp+rZIkCz65c1RFWtbow8Z+eu5Z/FWVjA1VLWIePraPt
zcVtLZUxoe+/7dR97Ncag2mvtNs+vJug8bKCveqvQ5c0+4TzfueMBHhlX59iZyNrBcQv1MmNnttiqZx7FdjeHakiDMzGMifwMD5dNUQHcmjqkr2j7aXBykrC/L1SRZ3uA+aXhjVgHD42tXY5aCP1HNe+UV7CaY8uKwauEUEi5e4hKbuT3WlVIJmzs6Pz
L0SrFW3QuEmZh2f/OIW8Ixe8EjC2KwZWKUoO3egljn/Xc90Rg3EqnLXkzzncNTFdAFkvrJ+C833jwEkjeqqUZmQyEzFJ991T8k/4NIxdIx+bWlVb8WyjdAWliou2MQA7CcCKTT3KQKzK2pOAhMZhNXj/xhheerHDoU1Vmh7a4P3O3Um+F85bJrnI6A5CjYq5FBsBLKMW3f6OQZv+f54y0V06MT61QXdz0QHh0C3Lj6PP
xA5e/RRCYM/Mi9v03dRyh+7D2JqtgrZGSYjsp9stqfFAL9f2f4CVt+e6Tr6sqtMzb6VrZavO/vsBplgNxPUcOhTH7JR1D1EHBHU4DDtuW0xe7WClzSkD2NIsPHZuJm4hOiHHHxlDFSDQKHSA5mH34lqshBeB2sQAMu6T+tuuBwgErqG6o/g=
zy4r3rqInyOTsu67PAfC6Li1p1LxvBwF+ypLATBpetCEk55uWZHokvt54bUQi39i/x08E7f+BuqMvts3f4FDMeuaVl+RItCZZKFUfkTjxIB1G3kjVDFwWJv608jOScjxjX0r/MIoNGJOciZlaoVvi5nXvYSAbDzUxnX/5kqIrEPBjmykomobbnv6T0xUiomuo+w=
R/BNykohx7I/cQvkPOryTri1p1LxvBwF+ypLATBpetCEgpZgX57pwPt54bUQi39i/xw8E7f+BuqMvts3f4FDMeuaVl+RItCZZKFUfkTjxIB1G3kjVDFwWJv608jOScjxjX0r/MIoNGJOciZlaoVvi5nXvYSAbDzUxnX/5kqIrEPBjmykomobbnv6T0xUiomuo+w=
SZ1o/gzt/3+DkZRbmlnK+4W3ixBd6m7NLtX4MNs/o0gILlw4AkmLrd8u+MdVA5bU5gt3NUWNTgEsn42zpnc0ZDC1t58IMuqLvVR3FDG9hruqWTT7fWgWPbFSNAweol9Q+O51NWzXusiSAmVj1dXZ6oJylD36tVWOG9ZvRm3wpN7+5R45gPO9fG8uiR66WZfOY3YGkamSrc452YPThfmtgNHjm6Pb
Gn1kp9TV6mqHRRmPEP9hMXgLjywnloxrk8Pu8NPhv2YAbrKxQMdZU5IPGLTsHcMf/Zq225GsQ3RlZWoL1vHgOykAKs2dCmCs6hozACQGQTVYP2aY/rqRw4GN9Rq+GsD9Lh0pPvcOOyZZCIiOok3qufRbYaxDVr3+bgH7fp/eUtF9epG+FQFXc/FBQVCNi6+j7w==
RHcIw+z8FC+aLK+AGZ93mz7DZZrHASfxjPihvco+3yTYv4hp4ea+6xQqKH0hNxCiWdrrB+2n+K0rKD/X4LHPaIIQPCC3hbdHd1vLtKpdiVT0Q7SfGCzsBVAK9ZXlwexnNGJrJP+6xk882+0TFz4anlD43oyq9wIju0HZmeGmeHo4rvZrE9QCzhipYSAQJjqcvzQrRIOefOydpKPi
qSja6p1fiKwBJmE2G70hVPn3lhGrsRwF8yhdE2R7eYCE1tMnDd+9wPt54bUQi39i/xg8E7f+BuqMvts3f4FDMeuaVl+RItCZZKFUfkTjxIB1G3kjVDFwWJv608jOScjxjX0r/MIoNGJOciZlaoVvi5nXvYSAbDzUxnX/5kqIrEPBjmykomobbnv6T0xUiomuo+w=
/gyRByw+mriJxOmrxZM7gzROz3d5loxgjNPpotry8WcKJbKxQMdZU5IPGLTsHcMf+Jq225GsQ3RlZWoL1vHgOykAKs2dCmCs6hozACQGQTVYP2aY/rqRw4GN9Rq+GsD9Lh0pPvcOOyZZCIiOok3qufRbYaxDVr3+bgH7fp/eUtF9epG+FQFXc/FBQVCNi6+j7w==
Yrhc/MwY8ThH8tUAWZVTthElJB5eNNrgs/AXBN8lcBPaXyCUBO3bH+Tr3vupfIu0rdUya75hWLvRkIJtxXoo7CLKy+AMNlk1QA9OeAZqWYPJ/a26Foo4fZaNQV6vvvPmkdiwrso98rnsq4mMewb1viaxI553TupRBeo5Hs3xn7O5ETkwpbu3o/c=
mNV3jBKM088VjZlZWKnUaXXs4xwtsZW+7enFb5p5vpC5YuSSiZC8GQQZEd5thw0IOzGR7TBzb2r/ES3rl6Z2okx2a28fOdO5axLG53H6YNEkaaSmZJvUiHUTaVt06YCQ27JjEC7xWHkN9btEonCEqo46Vj1KfX+Dmd+tfKA0TJwGvU++KjA8y0EG/BxCsqsmOzK/lHTymaaj5A==
2aoxozbaja2xS8zS3yiJX3gRgyEl18UjjNS3/Z++4zQCd/OxQMdZU5IPGLTsHcMf+pu225GsQ3RlZWoL1vHgOykAKs2dCmCs6hozACQGQTVYP2aY/rqRw4GN9Rq+GsD9Lh0pPvcOOyZZCIiOok3qufRbYaxDVr3+bgH7fp/eUtF9epG+FQFXc/FBQVCNi6+j7w==
zNzEogU6p+sMl7ycTkiHzkWCGUXZ8UMuBD2+Sabp8XoRU+K4tOOEF2L2JzgWzNpxgI/qhdGtI+8HXsNcuOSeJ1zLppB76DGgBp6rr30vWGV7AD/9sXhv4BK4fAinjZePJ/NLHPqVqVzka/Q3iKRMzQAi9b21CUzvpMorDO+y5odsc227R/Y6lkDQniQ6f6Lr62nZsbFu2PKoBrZDA9wiBkgB4YhA7hqUrxxr7BMW3CTNjKPK
moy/7fsEo76hTmMQyJ2tkJR0AzNLqs4UOYXfq//moyeKfIr8kNuGy84QIAMCGs8OeZLqgJtVOXmg5+fuf5mlfgcy3sbsksM7T+0b/StWDjMhrkg1BA2MsnSP3Ix1F2FPZP2o9PtWS0R+JZA9TbFzkPIkLE4uXv6p2un3BxlbJegwoOT4plnn6nrk9I8BQjTIEuaDwhtWl4Bk5pGio+A=
Y7US7ldqQlzT10aGJM8D7HgLjywnloxjkdX8pN7ooTQAaPvlDpIrU5IPGLTsHcMf95i325GsQ3RlZWoL1vHgOykAKs2dCmCs6hozACQGQTVYP2aY/rqRw4GN9Rq+GsD9Lh0pPvcOOyZZCIiOok3qufRbYaxDVr3+bgH7fp/eUtF9epG+FQFXc/FBQVCNi6+j7w==
GakbTa5J+oKhqTNT5hu3iMYbuaFCYaYHVWUvS1l+4LHjAmChFErLK5XjKFGDvL9eflt/NMok3MyPgad7n4+L+PL5ech8NxQz4Oi8eXge9Zn9pdy7/NYLSEc+VvNUjy3fzxpqglgM/qDSs9LfE9VZFXlCyCZwmhaHK9AS8vB9IWxIgsoAN0CL6HtaLJC1sKPu
3/bKoG5v5DO2YOLezKOvl+Cy/uWPZEHxaQIr310/mPUbMD/J1uev8DLI/PiHndcfx8NLLBoF6UzEm3RHqLSMXWAS9Y3VmYz/hLqr/M+ipheMQ22Lp2Z6hmAgHlQab2J7i1nZgdH+GOKIdjazI8xilqgx4bigflqEj+zrnDMGHLStvKP6
cShFVoT22IWq4es3nXbOeCMOA3KHsRrzm4Nw+4I8VrmRX6+4gtOLWKGkp9EwY6x1cpv7xNAlhz5ivIhuaUieotO1ypvc0KTO89ODue/yRN4SXbyZU1atuvn2u/yShphpuPmm/9sk2aJfLqw1oRbl2kDxr75rVo+11eOTNRsYt6+9o/0=
9koOco7BusAPVFW5cttlC+Ky/vSNckXxaQIr310/mPUbMD/P1uev8DLI/PiHndcfx8NLLBoF6UzEm3RHqLSMXWAS9Y3VmYz/hLqr/M+ipheMQ22Lp2Z6hmAgHlQab2J7i1nZgdH+GOKIdjazI8xilqgx4bigflqEj+zrnDMGHLStvKP6
NJQlsRfVSQND5iTjS/Y5JCMOBWSbrBrzm4Nw+4I8VrmRX6m4gtOLWKGkp9EwY6x1cpv7xNAlhz5ivIhuaUieotO1ypvc0KTO89ODue/yRN4SXbyZU1atuvn2u/yShphpuPmm/9sk2aJfLqw1oRbl2kDxr75rVo+11eOTNRsYt6+9o/0=
OOlcyqSCpBNPw8HcOWYQmCMOBHKJqRrzm4Nw+4I8VrmRX6q4gtOLWKGkp9EwY6x1cpv7xNAlhz5ivIhuaUieotO1ypvc0KTO89ODue/yRN4SXbyZU1atuvn2u/yShphpuPmm/9sk2aJfLqw1oRbl2kDxr75rVo+11eOTNRsYt6+9o/0=
lprrgHMfVJBcs9Rsidx7ATbFN5vMHimw3af45Ipv0WCd85Rj+7W+7wAqN2sqNxKmC4rrB+2n+K0rKD/Q4b7PaIIQPCC3hbdHd1vLtKpdiVT0Q7SfGCzsBVAK9ZXlwexnNGJrJP+6xk882+0TFz4anlD43oyq9wIju0HZmeGmeHo4rvZrE9QCzhipYSAQJjqcvzQrRIOefOydpKPi
DAAIw4jQsA+ZAJJw5/khK2Z1dqUpWW17bQC5AQYiCi+7xxJ/YXoQrsTMPwkgx7HQSW1e0Ok3lESh0MpDSsMWdd6xjIVOgWi7obCyrTXamGyyahsg3BZJNVAvnrjWyskDeV1deiaqSH2mbbGeH96DZgE4YG6aXeK5/EtZzCtmZT7WUZPeBy7aUfXKCV69US8zKbFpcPWbp6Pn
whQRWPtUSgMNQ5nFtfa+j2Z1dqUpWW17bQC5AQYiCi+7xxJ/YXoQrsTMPwkgx7HQSW1e0Ok3lESh0MpDSsMWdd6xjIVOgWi7obCyrTXamGyyahsg3BZJNVAvnrjWyskDeV1deiaqSH2mbbGeH96DZgE4YG6aXeK5/EtZzCtmZT7WUZPeBybcUfjPCV+9US8zKbFpcPWbp6Pn
bwwOd80xA0j9RWH/ntLA310H8IOWM06p9VbD1eu8tHfG6qzItuhVxaVVeBQUW+pvUdGXS14T+uiCkLbp34b9hJm/gaORh8JIg/oUTNa9P9OFndrk1J2Qdbrf84XrCPjNxL8juE6rLh2EIGF+o685JlxqFoTj/wAZDeZM
