pLBTWqPMeAIIiiLGwnNNStgLmT1Bhm43sbUpPXmV8prKTUYWHaT9nc91yKK/u0RyOILjAC8KGfTJT6l6cEiBXcrB7sQ9jr1sqX/ZGHOBfSLXGBkKkUdJa0Qdca4E
sWPwjPZXl6oFDKeKFNmbj9y0bUVW43JSWjFeM0QHa3twg2p6dYFDTxFvuPd+wcHawWWhcSxlXXoSs73xOQ40Avtl/3KO0GxoWPvzhnwJQiojIURSfEuhkrwE8zVUvIv47mmLvKvlkbxaFccNEwdPEPL3w0c8pkC4OMYNmAhQV/DeMDKggvo5XC/7v6Cu1w==
2ufiqMxWLlz+j3fue0XbCKLoigu+sFlxtj9KDiBpeeyE29MnAN/SppUd+9Nh8wBr/l15RrH5Ge3MueUmYu8FLfnSDF6LOceubsxUdCjny5p8FXo2Uz18TpyXmc7MWMvplGAzpJ41M2BLeSkgKol/kZOb94yCa3vb3Hr45EiatUXIjG+srmwKfGLmAUBf54e8rss=
2byR6F2g5i+ecVPJNj1b4mniZLAaPpLudqdWMdTVdk9yueuJ60IKksbUaTUkDSO8eCl0/kmgpUidi/7uhMtR/X6rr9zhBn/G0lonFvZXmh1ae40vYSpXcFFXdaDUSALUUHph3fsnOUnxZ9ncMDwT76OUvpLYhgDhHzD8u6Y0a8v4FGyp9RxEPv/j9C7PBsYjFxrb52USws/re9P160763b/B7IRUdoC8wY9oAtNOtjruxjI4DTL3YdOWruU=
rw3/FN2j1RSI806GVYt++C4NhCIq298uhNTztN7rnTRIJbK8QKg/PfYVfsWUYsoevt/j3ZazRDRiW3sWuLf8KWFaK9eGHVemhxo5bCAJWzxWPHOf8raHxOzH8xivGdjkMwVxYuoJOSNSB83Orl3ws7gRaa5EEbLkYQb5fI3HVNh/eZmyExBFau0PTVvghb2uyA==
fTiXB2TFwZ7/cxOtR3Gt3VkvaR4JJNW+4JMsJwl049iTs+Bue1CgaLKfrM7htVg0PRFGEUYs6L/tdmQFjzUYOZbMBZNXkUkFNBE+o8U0CT895/xXKUTqedF32cwQDNOfQwQ+Arh2QNE/IPyrhgQrO5iE7DkVbIQO3/P0Pu82BlP3ilt3BeKC/8tr0+XLfrot31FsFLQGQIzhn2gS8352Sg5WsqhtwrdR84au9Q==
R2V0/FQidLPEk+s/aW5HIzjJdo/aDzKzy+7g7IdvgmuQ9cZh5vyo7w1GZDVvZVjpNryFY/fBidVUIT6TpeTJb50XfCeJlKopMUfZ/PBck0/jdL7yGCaAAV8Q/Jvm1OtrOHRsSbW8xF4/w/QOD2ZGg1f624elskIvq1vT1auuen1/oexkFNYA3AGvaCITLjaariYyWM2Sd4GTtq7F
mp8E+XFQPzKDsp7aQ8KfnSn68A0htN2orOCac55oqZn2d/rWwNHpZARTQ59gh2JuVVWLi0ELEGP+VWm+kaFppQxxVX4CV5WleVqc5mvhd+YuBKSsCJ/bknwdak5z5YyG3N8pFizgW2EU6KMc/m2DqIsxWXgKcW+Zk5PndKIzC5Mcski8KCIlzUgE/xROtLo0Ii7xmH+fl7Suww==
gl0Mn53o9YKLGkHsB1wCqWyT1y7QctQXm2e4PG6j4S089FFSWkiV6tFhsyP8LnCgWH4dUYgYR0g+KAIowvLJxA+DL2iuHw==
voaf7h23RtpqRbev0mE9P3AqR7PdgKOGIK9KZleW2gtyENF3cTqp9w21fJ0Y1Adqz6QLC0K4KXVfKiV8I9rrw/sDhilrrh4=
m8wERG/eCKMyYGBo0vy9tW/P3P1SR6SwwFhnJEqry+B1ymZ3PIrxJlyHhIh32yf6/9srrYqRHuQhhrl8TUeU2L/52bJTkIVqLY8NW6AFfa4I
j7PACdj/zXtM7GxwHoK7ihWou50+CObuig0gFHyZy+B1ymZ3PIrxJlyHhIh32yf6/9srrYqRHuQhhrl8TUeU2L/52bJTkIVqLY8NW6AFfa4I
elAT9cilHyKcaFGJPDeYAD8Q8xR6jLCcqP3DsQyOvv0tV/SylRAahskgqZfn8cwQXPqwGPkzqDZ7YiY+dtrS7MX+B4Uraq4R
MQEMIc4cu9fmjJ5KAR+9UFnD4OdwISbDw3hDrPUEMAQYVSPJ3Mb+JV2/1IqFGBqe+QjJb7c5DEiskhCgabsorsvKxkamkpI0tRYnvTtirgk=
12XkXzmhoa5+6hxGdtdWSwiD6tZAEBbPwWletPQEMAQYVSPJ3Mb+JV2/1IqFGBqe+QjJb7c5DEiskhCgabsorsvKxkamkpI0tRYnvTtirgk=
ImL2bcjDmmdKQqT3wuQeQIK14+yGD7+fS76GKTYUCIedzuS9/w34Aeb0xSsnKam9RCk+m7WM6YdNXzxvWXwKQaHPWXRgNDOnMzz+usjOoGlPGPyT9rzLg+g8LAFlVGQ2r0t0hp8O5muHspvPdVpiR7tT0927xlqVr+msLMQ+oLSRJ+iqg0aWcn5uchAdelfpg76uzQ==
R6iEY9RQzRCHMCaQjxj2+Fagz6n495liuoOxv5ZbIjrwnbGoxJ8b09BrusI1+RNn8YeI737Z8TIhTfEJbN2NkrIbzWm5lsSqWw2vyk4ovEA4k8OefBFyQkMJlKq88/H6HKwDrdQk+1BOgVsE653BlLr99xUTH3/4Et+TP3wekFCYbn0BiMinWH5YYhhCAul0T5OPuK7P
4XSJnAgTqEDIJ+74WFfOOjxodqAwXiJBKBrpDBElPW78hFtURlsVtMDVKhwo+If9LiUWpaxywh62z9s9foMcdNqLk7Ygx3Sp6eqzty7Nr2bfahFM2BlTPF4si7/axt8EFBdbeDepUGS7denCAtmBYwo3JS6WTfizsAFRziwhaiTZVpHcFTfcWPfJAVK7QD0qNf9le5iVta7A
t3K6bz44fCCN6b8rAiw0pDOTJU83f2MmtzgJNSMe0pi1bChHO1TuiUQkxiSpjWD52J3iLgzeeJOVhbBfUgR0V30OTpvaSUd23Q/AUQEWUfaf9FaF3bzQsAUHVFpRdLqLtcBZNf6EFSmHeuwFLxNE6+uW2BE2c35dH/bi/SRU94p/5Htr8rjZ1W9qVVwTWjvja0OWibuuzg==
iHziwI81rDKC+uNBicne6lSmdOxHYiD2vidD1J6Mc+C7LFl3zja/ZLHmSTydZ6TYzxmJcuMwFerd790bkCVtrhg=
afdm0hCgBKU7iauiblDpxxkg1ohvMgffWlSluprblPNCbBzL4u8HJPoU/2A3tL0HCn5jRI3uTSz5n+gYg6Et4me46YoBpxkrtD1hrhQ=
EJnLhPRJds3iKoDtrlOYKraQqloKJp+IiWN835W0zWvnQICmnoBHRk1KrozIWyQ53ug2Hmdu1cL9tBNS01RnI3b43R3zmrmEt3pfmwdTqgF/rgo=
PHZFiPuzEY2b7li19wKzVVqx+kifPJNZyHKlMnTwpCs591BZNwyE/dZyuDP8LnCgWH4dUYgYR0g+KAIowvLJxA+DL2iuHw==
pTs1hpMzMWS2q0NDAFnmV1qx+kifPJNZyHanPHTwpCs591BZNwyE/dZyuDP8LnCgWH4dUYgYR0g+KAIowvLJxA+DL2iuHw==
hnTkdQNHq0NjzjSQKhtOF4aOu8gfUN+oNlxpf2VGpVivMFgvKAg3ciLNtaTZXtjkCJoBPI4T42t0ryb1bVBK6tFktQh0dyATc8m+cq+ij0cClctGO1J9XMQRVzxaJJevtv47JHBPd4gL4RSkfz2Vcu4BJQOuz4m+CsV8MzSJzV6AWc7EfQ79bOn/mBgzAT0il5jZClHHiWuEnbGuxA==
zw5LgR83euhM1VBHSKfRrpdW/wLJQ/Agt/t9Y47JX////zl11i4dZHk0Y7JjFLdDhvjtPaNaySQH+s/71xOaIW+uGg==
yUpYNVTqr+ZQ/9XcMv1CCsij5PadALicCKPDPhddCYqbxOS9/w34Aeb0xSsnKam9RCk+m7WM6YdNXzxvWXwKQaHPWXRgNDOnMzz+usjOoGlPGPyT9rzLg+g8LAFlVGQ2r0t0hp8O5muHspvPdVpiR7tT0927xlqVr+msLMQ+oLSRJ+iqg0aWcn5uchAdelfpg76uzQ==
StN5CaWBqRWMM51XptNHsjT2+FW7pmre2fVRTaACL1wk9Ctiy7Qv0x54da07uqH0TzqHC7/z4tEXrmI=
RVpp9ljLH6KXkTPgCWoPgYYgOMJxdxrhIlhu8h+NTGC8inBoGUOoRpsS5k6WqlKcJY7H9csarmE=
cl681fkr2H8ukarzPiI65pC8RlGWCor88aJ64jlB1J23KTOod1PeMeqmsXOmNUpAlsNlvS1xTCNc3kdfb/7aap7zAOGi6xgjLztcxLuY911kt+C+ywL2LCprFoVKKbWomHHh4dDaObHkxKfp6thFxGf9/ZyDRM8o6cP5WZ39jkZOMXO5hoKgPUipcQX+IQOLnzHWEzGd5nTWfGFZRf94gxTfCFfP3zRN96y/Iw8PQ2UlCYl6aZ3makWCBwkCJEGxAa9ESv69LDEdbHxw/raL+weyaF/Ckkb4ysTCQgJosWZqr+aPttXyJarki7ZaIfqoUK5SGzcZKxXIQtndyNQwzzJp4KmICre/FpgmAZvY5DD933UKdpBZ1VqGwYZ7OMJu0C/QbxwuBGBZYOjm8wv+gFnLtcpeZHGj1aWqknZlNFh03r0GmQdoQs/zKT04Y+TzVwkc41+harL7CmP3fi0/5m+KoQzo+WM8bsy7/2omb4SE9ws450lAZKtVuYLSeRHj+pdVbmZtiLNAISEO3IEapEn2wRzFF8tY56lRkmsgraqFn9W7qPWFrvA=
NGA9MMcEV02UCWwbJHv/d/5967+zPm86NWoIbOFglJyX+qZ52P2tafN0qfmoXuYbXEyko7lMm6tApZDNc8/YHu9SD0B69goTNtKHvtAHDWkS3khG0ZVaP4w5draPMVKoATG8lIP0AdHrhIVI+UjfD78BS1Ho9si95SEg7hb9fsVXHegtBbv5HQBLd1FQFGDw58HTUx4z0pNej+mzAk3BwJn7WUOF1UOlH+LvEVAK805BUdQIJ4EHo1JS2NEa8asA2uhoOg1LYR6+B4RecJj8yMRaFETXVqzjsFcQuUSlHIgtbgxtPJg2gkQDMRUddf6On4UeeFZ/tOV2MS5mAX8g9AAZjdTiAJvzo1IwXO+17ApHHu2UpN4WY4a3OkIyYG8Mzj6lRzgwP2cjUtjox8NjaezKoElSaHLSqx6/a16CeZ+Ppa7vYkMxpcq7GW1c0s0GZe9oAVnWqcb31E6V1bzYoB0nPGqptOLbHSDhRXYEnZn/2gTVd1N8G8P2wAE+c3ZNBxbKjRyUL9oXRIPbfThRJdcK/YzLGkPTg2OOmbOuxg==
PlT33Kv0tIwdw1DKRPHEeFFGMdc+5mDc+eRQFIbhfjcMhdtOU70ePEZFLHykjmBEMXDv+iO2VsIePvLA/coXmSNurh0=
3X2Zg/GALacEV+TmaedYoR+uc/tIdCC7oi1e1YGxc7/9P09szyysZLHmSTydZ6PfzxmJcuMwFerd790bkCVtrhg=
PIPyQPYy+AKra10GaetLGzT2+FW7pmre2fVRTaACL1wk9Ctiy7Qv0xl/da07uqH0TzqHC7/z4tEXrmI=
6GbZzk0YmpY2cwM+cqoNu4YgOMJxdxrhIlhu8h+NTGC8inBoGUSvRpsS5k6WqlKcJY7H9csarmE=
Me72BoO1p6ClsRoPYvMSc2h/rzKfm+uNBKfL/g7cCaorPBT+2ELDgpaWkVjDsj6EL1Ik/pfcH6E01a4n+VzUT2TA5nHgcxOzKOn5yBT5RZEUIgWx2DxjmU5QyaQrNdmMh1wTaLVbfcn5NUJmQjmXicI6XL00EbU1mikPq9N5MoO1BTq0imRlSWG3tGOYV6yni6cITcvU+9Orh8+F6UGtam2FuqqZGoOZ5mwNkQ2nIHo6BVCx4dQ4QBq+h9vLegzPRgoauBbcxlImoP0G5idC/3ItziWWHE/G/ql2yBxmdgszAfdVlNpdTawc/O8+YQSZzLJLP2og4jH/0OgQsZeRmvIIhRUGnsWWX3AOjlyndJ9YVjhgZRisFleDcmCVg5HaWnwtYwk9LgKSLXh4eNbZNl2/FMIzS20N3Gvo05vBeHPbOTbyJxJn51rlc4bjAgV8LAFfPFI0f4/OruPkyD8vKONRnCT3zT0StrHdw/afsV4i1XQzPJnlPriJFoQFviWMQY8Xn7uxVYJPaGFKCRdxS+yNua7M
U+wFqgGs4HD9xv30fFAoYUbbwrn5tuWGsmPrFBkfdWD0QjLSxAqMhlkM8bdBzMH2sSCa8tV7BraxV1MhKcMgzWdFxQUaJou5jplBOZEoxz3v/vAF42ZtOXxKcRHuyP3rxl4sqr9KYDoyTLhMmSadzNNlfjMDlJXPRHNd3SP+cV/fuMOy08EPKIuFRBPGHv20cfMbyY1Pm+a5B03CxpD3TlGYzaiLfsYQKyU6IJgYDRPKasm8XeMmdzu/kcimM0QfiPDz6pA/gxvE5QhPvn2msyZ6vne94YPf8wFl305kItu/YcAdbGVnDu8oBe2YhpkZelt3z9uHBUFM5F8Dkin1uqbf+FC94pbvBrplH7w+ogo2yXaN/Rcjtci34OyKR7Iy1aWoVMnC9qdSMnMwPzUW5wufoEmsmuqQAXtimrnmiVndH3s6q8u/BndJwv7wXJNP43S+8hgmgAFfEPyb5tTrazh0bEm1vMReP8P0Dg9mRoNX+tuHpbJCL6tb09Wrrnp9f6HsZBTWANwBqG8iEy42mq4mMljNkneBk7auxQ==
3E7yhgSlWETu3+BzhpM4OFqx+kifPJNZyHKlMnTwpCs591BZNwyE/dZyuDP8LnCgWH4dUo4YR0g+KAIowvLJxA+DL2iuHw==
kOnlGrWYbkkbn9ZyDZJ9jjJLq6V5/6zTIq/IdBz90x/u+8CBmQzgubWCksdEl8wpETp7lza9xyZ3+umsEClLPEYcQ18iVndEfGdDWP95qOQDJaGiGumpo+KnnY7ePeCzqPGZbpSxAmTxZok83edn3o+ZSXKjsNXqnW8dG9Clra7Y
OnpiD5wohNJZzjfP8LJ9gXM1mRjFp93noeDaZE02kZyGhEg/f/eJC6qevwaHPwDAybzEWmB9AfUsh/dWcHt+oPQd7CSUlgCcgexuYpNuNtouZjKYTVJ3QRN2rgU=
vYNLsjyCQHrm8SSRl5qCYANa5PIeq3ADdE8tZlrmybgZBhoS2M3LiTHhBvgfpOOR6Hq1CjQINKPZv2BBNxS0tTb6KMu8FmCoeLZtyg6AtwAeIBIQAopZTG9LH3CuBw==
Pd5rZTeSi4VDX/50HSh11Sppy9cvmVEZQ08tZlrmybgZBhoS2M3LiTHhBvgfpOOR6Hq1CjQINKPZv2BBNxS0tTb6KMu8FmCoeLZtyg6AtwAeIBIQAopZTG9LH3CuBw==
J9HOTmY+Zgc4pgQeA7j7whd+YCxRRiViWuLBrAkSMvb4qeNdYbXOPF9gK8W4rh1ulOycN0kr6MW3kDwhpm6ALxxyyHwo4qUOTkR/VE70OnQibnFYf18XdK4D
QipazKAcBeyp71ttYO1QHfaEJ1eNrSoBhh6IHc/VDwesVF1eWt65kPkuSkoYFZvhkQm2gJ9cU/lIkmVSdNDki7mXkHk3LESdVtL4E/xOsEDY3t0yjvgH6L5IQsjC0glkj2NvSK4/
3XlqxBMI0TSlAscEa8QptjfV4vL36NM2V8nVOpp5U2epHx8aHX/Ntemwg0BOVRSlRuRRb28l1JRFTytcOzqu3ahyWBdPYmB6teI6BHXeVcwx70Oe6xHlwn9I0crZN2GLfG1Jrjw=
vGHvpTyi0jeuWfonXxZAvCenu0BorNel+OqLdYVsvJb2dfzLhNfoQVAfDdYg1Uh8OzGR7TBzb2r/FS/tjf52sQE2bGcTe5WleVqc5mvhd+YuBKSsCJ/bknwdak5z5YyG3N8pFizgW2EU6KMc/m2DqIsxWXgKcW+Zk5PndKIzC5Mcski8KCIlzk4E/xROtLo0Ii7xmH+fl7Suww==
LCQpRpCWK2FXPn5JxCPB1e3Gqw31jDM+uon+BXMQWs7wtWUvJQdpky/bDlCkP+wtk6yVAxsnDAn68zVKXpu4hRL0S6JrNI+T/H5VbVs6wTRvOmdLX3NCEXeuAg==
DXDakB7KoJBOkyuBrXtlrMbIGDLLbcVppM2WXolF+i2DGp8+5hE=
DXDakB7KoJBOkyuBrXtlrMbIGDLLbcVppM2WXolF+i2DGp8+5hE=
bwwOd80xA0j9RWH/ntLA310H8IOWM06p9VbD1eu8tHfG6qzItuhVxaVVeBQUW+pvUdGXS14T+uiCkLbp34b9hJm/gaORh8JIg/oUTNa9P9OFndrk1J2Qdbrf84XrCPjNxL8juE6rLh2EIGF+o685JlxqFoTj/wAZDeZM
