ht2Tr0X/RVRJg9kxiaY0j2loZw6ZLDXRZHm/x5ef+iwTGScu/vfDCWIU+VPtSgu+yRPrDCV3TuQ7TPr3hKA6m5mZy+SAZfee0jwYjrmIroLDtdq77BB0LmNTMxmfshT+Il1MeYOWHdqJditcQkZoiaj5tp+rZIkCz65c1RFWtbM08ZWbu5d/FWNjA1VLWIePq7Pv
Gs9iDGVP0k7uwBFLp+dELmmvtNs+vJug8bKCveqvQ5c0+4TzfueMBHhlX59iZyNrBcQv1MmNnttiqZx7FdjeHakiDMzGMifwMD5dNUQHcmjqkr2j7aXBykrC/L1SRZ3uA+aXhjVgHD42tXY5aCP1HNe+UV7CaY8uKw+qEUsn5e8hKb2T3WlVIJmztbPx
/49ou+SBPQOj1gqfPHgE3Re8EjC2KwZWKUoO3egljn/Xc90Rg3EqnLXkzzncNTFdAFkvrJ+C833jwEkjeqqUZmQyEzFJ991T8k/4NIxdIx+bWlVb8WyjdAWliou2MQA7CcCKTT3KQKzK2pOAhMZhNXj/xhheerHDoU1Vmh7a4P3O3Um+F85bJrnI6A5CjYq5FBsBLKMW3f6OQZv+f5c20Vc/MT+1QXFz0QHh0C3LibPN
vvFqiTYXY8ePd1INuZWeIO7D2JqtgrZGSYjsp9stqfFAL9f2f4CVt+e6Tr6sqtMzb6VrZavO/vsBplgNxPUcOhTH7JR1D1EHBHU4DDtuW0xe7WClzSkD2NIsPHZuJm4hOiHHHxlDFSDQKHSA5mH34lqsjROB0MEAM+6T/NuuBwgErqG8s/o=
opxCi60a55ruEUSh9LNlGri1p1LxvBwF+ypLATBpetCEk55uWZHokvt54bUQi39i/x08E7f+BuqMvts3f4FDMeuaVl+RItCZZKFUfkTjxIB1G3kjVDFwWJv608jOScjxjX0r/MIoNGJOciZlaoVvi5nXvYSAbDzUxnX/5kqIpUfBhGmko2obaHv6T0xUiomos+4=
VWaSHof9S3770f7WfjE5Sri1p1LxvBwF+ypLATBpetCEgpZgX57pwPt54bUQi39i/xw8E7f+BuqMvts3f4FDMeuaVl+RItCZZKFUfkTjxIB1G3kjVDFwWJv608jOScjxjX0r/MIoNGJOciZlaoVvi5nXvYSAbDzUxnX/5kqIpUfBhGmko2obaHv6T0xUiomos+4=
eYO5zHi3t1A8I4srvggWJYW3ixBd6m7NLtX4MNs/o0gILlw4AkmLrd8u+MdVA5bU5gt3NUWNTgEsn42zpnc0ZDC1t58IMuqLvVR3FDG9hruqWTT7fWgWPbFSNAweol9Q+O51NWzXusiSAmVj1dXZ6oJylD36tVWOG9ZvRm3wpN7+5R45gPO9fG8uiR66WZfOY38CkaOXrc852YXThfmtgNHjnbPZ
hu+x8TD3VWI+r0ufmy0YlXgLjywnloxrk8Pu8NPhv2YAbrKxQMdZU5IPGLTsHcMf/Zq225GsQ3RlZWoL1vHgOykAKs2dCmCs6hozACQGQTVYP2aY/rqRw4GN9Rq+GsD9Lh0pPvcOOyZZCIiOok3qufRbYaxDVr3+bgH7fp/XVtF3f5G/FQFRc/FBQVCNi6mz7Q==
mbwwQSBFMPun5FbdnNtqET7DZZrHASfxjPihvco+3yTYv4hp4ea+6xQqKH0hNxCiWdrrB+2n+K0rKD/X4LHPaIIQPCC3hbdHd1vLtKpdiVT0Q7SfGCzsBVAK9ZXlwexnNGJrJP+6xk882+0TFz4anlD43oyq9wIju0HZmeGmeHo4rvZrE9QCzhGtYSoVJjucvzIrRIOefOydorPg
0qILqWV5vga1KfLLwdR4g/n3lhGrsRwF8yhdE2R7eYCE1tMnDd+9wPt54bUQi39i/xg8E7f+BuqMvts3f4FDMeuaVl+RItCZZKFUfkTjxIB1G3kjVDFwWJv608jOScjxjX0r/MIoNGJOciZlaoVvi5nXvYSAbDzUxnX/5kqIpUfBhGmko2obaHv6T0xUiomos+4=
QOC/yK3jWI0nGDwNpLKaAzROz3d5loxgjNPpotry8WcKJbKxQMdZU5IPGLTsHcMf+Jq225GsQ3RlZWoL1vHgOykAKs2dCmCs6hozACQGQTVYP2aY/rqRw4GN9Rq+GsD9Lh0pPvcOOyZZCIiOok3qufRbYaxDVr3+bgH7fp/XVtF3f5G/FQFRc/FBQVCNi6mz7Q==
IfbRi8yWHwtSKnAD3zxpNxElJB5eNNrgs/AXBN8lcBPaXyCUBO3bH+Tr3vupfIu0rdUya75hWLvRkIJtxXoo7CLKy+AMNlk1QA9OeAZqWYPJ/a26Foo4fZaNQV6vvvPmkdiwrso98rnsq4mMewb1viaxI553R+5RD+85H83xmbO5ETkwpbuxs/U=
Jnx7wb0izfzfH3Y5mQm2QXgRgyEl18UjjNS3/Z++4DQCd/OxQMdZU5IPGLTsHcMf+pu225GsQ3RlZWoL1vHgOykAKs2dCmCs6hozACQGQTVYP2aY/rqRw4GN9Rq+GsD9Lh0pPvcOOyZZCIiOok3qufRbYaxDVr3+bgH7fp/XVtF3f5G/FQFRc/FBQVCNi6mz7Q==
RXIjxto38gUtezSGoUdum0WCGUXZ8UMuBD2+Sabp8XoRU+K4tOOEF2L2JzgWzNpxgI/qhdGtI+8HXsNcuOSeJ1zLppB76DGgBp6rr30vWGV7AD/9sXhv4BK4fAinjZePJ/NLHPqVqVzka/Q3iKRMzQAi9b21CUzvpMorDO+y5odsc227R/Y6lkDQniQ6f6Lr62nZsbFu2PKoBrZDA9wiBkEF4YJF7huUrxpr7BMW3CTNirPI
BlmDTJ5APLatKgzOibxU1ZR0AzNLqs4UOYXfq//moyeKfIr8kNuGy84QIAMCGs8OeZLqgJtVOXmg5+fuf5mlfgcy3sbsksM7T+0b/StWDjMhrkg1BA2MsnSP3Ix1F2FPZP2o9PtWS0R+JZA9TbFzkPIkLE4uXv6p2un3BxlbJegwoOT4plnn6nrk/YsBSDHIE+aDxBtWl4Bk5pGks+I=
tO4ZOngh64UjFvIvObbDU8hLtZRkSHsPq5a2KMm5p5f/2tsbekDywHDn/vc+LFg/wqa3sokukjx76UHFUFufUv8l3cL3jqZ6DC67h79RY0HranYP0ZIwCeQx9I6Es6SwdSsZc5TB0MgbajN4jhnoAY0NCywCmFTyzuKGFSpVj7uZ511UwBycREbln1aKWIU3wXRJ9OPa+/j7au+8lNrpmLPe
HiUrqYlrowq6IjRkrXuMMKl0MQFl0D31hDMPLK9FNCEUf1tZlP7FbFv4bnSAgtHuTFI3JS0du/yXg1A7Yrz2+fFfRH8tU+sYgaRHEVDjDLWSm9uEsKUn/kK86C7JyH5i87XqWzxQBI6T06N5T3IknjJdXFnz1s16GfabvPIGOKlY+ca/e6Q5Yn8uzHVBlkWTJPGFe4vXL/Xz43P1u5jX75uz3w==
UmnQ76FGzXB59VYRb2oYeXIZ5aWT8Vy2T327gKoywbejlf/c1xFiXubSQJHCDRZCfN2igFuY8RBmDis/nZ8YlVsQP+ORiC9Q8ij8mMc9V/8H40sM2uVp7IT7dKdoFAw9IDL1rZX5DF9EWqucjwIm90xjbatnhvomIEAetNrP4hvLedmhkZ6YQkiWNtNjbOJ2YRXhkmWe2yTPiut886ac1O2as9g=
PXFbXiG0DQdpRcp1Q4t96HgLjywnloxjkdX8pN7ooTQAaPvlDpIrU5IPGLTsHcMf95i325GsQ3RlZWoL1vHgOykAKs2dCmCs6hozACQGQTVYP2aY/rqRw4GN9Rq+GsD9Lh0pPvcOOyZZCIiOok3qufRbYaxDVr3+bgH7fp/XVtF3f5G/FQFRc/FBQVCNi6mz7Q==
OWL5c2ABmpHftc/dPZZ07sYbuaFCYaYHVWUvS1l+4LHjAmChFErLK5XjKFGDvL9eflt/NMok3MyPgad7n4+L+PL5ech8NxQz4Oi8eXge9Zn9pdy7/NYLSEc+VvNUjy3fzxpqglgM/qDSs9LfE9VZFXlCyCZwmhaHK9AS8vl5IWZNgssAN0aL6HtaLJC1trPs
LiRDa01KLzXH0Sp0WHxeZOCy/uWPZEHxaQIr310/mPUbMD/J1uev8DLI/PiHndcfx8NLLBoF6UzEm3RHqLSMXWAS9Y3VmYz/hLqr/M+ipheMQ22Lp2Z6hmAgHlQab2J7i1nZgdH+GOKIdjazI8xilqE14bKlfluEj+rrnDMGHLSturP4
gNoidr5etUxwKojvQarJdCMOA3KHsRrzm4Nw+4I8VrmRX6+4gtOLWKGkp9EwY6x1cpv7xNAlhz5ivIhuaUieotO1ypvc0KTO89ODue/yRN4SXbyZU1atuvn2u/yShphpuPmm/9sk2aJfLqw1oRbl00TxpbtrV4+10+OTNRsYt6+7s/8=
2rD7yijTRXEd8s85CdpU++Ky/vSNckXxaQIr310/mPUbMD/P1uev8DLI/PiHndcfx8NLLBoF6UzEm3RHqLSMXWAS9Y3VmYz/hLqr/M+ipheMQ22Lp2Z6hmAgHlQab2J7i1nZgdH+GOKIdjazI8xilqE14bKlfluEj+rrnDMGHLSturP4
sZBi1OzVY5Y5wbARJf/KqyMOBWSbrBrzm4Nw+4I8VrmRX6m4gtOLWKGkp9EwY6x1cpv7xNAlhz5ivIhuaUieotO1ypvc0KTO89ODue/yRN4SXbyZU1atuvn2u/yShphpuPmm/9sk2aJfLqw1oRbl00TxpbtrV4+10+OTNRsYt6+7s/8=
1Rg0BraHRYOlqa4L1gsNGCMOBHKJqRrzm4Nw+4I8VrmRX6q4gtOLWKGkp9EwY6x1cpv7xNAlhz5ivIhuaUieotO1ypvc0KTO89ODue/yRN4SXbyZU1atuvn2u/yShphpuPmm/9sk2aJfLqw1oRbl00TxpbtrV4+10+OTNRsYt6+7s/8=
kv/E5xlT5y1dwtLrAVYgAlpNYWhhDIQ5FscmR6mr5pISLjUnUigsBtMtbTM2l+QkYJVHn3IRNUvtNOeUgd02e5o5JPttSGb9QfJEjI4CDxAoDkU1XDdqiMKi9eOldSkq8lKEPerVZU6rtt/G/ZD0Hi7Fbjlw0+08v84Zngq5J45TnhKRs7ddj0l5dVMVWX1AgYOts+k=
9E+iXf09vzicuJ3JgT9vlYR8d6SYsdd9dHPrXggpFH5kPsXg0HVH3nM1KeOm5+FzGwzWI9EzWtMC76j0vD0zH4q4aRshzNP0lcU6S+YR8Ds5INoNzWrQLHq6Q0D05nE1aN+22I4aAUMx7aXaTjrQ/T79GX6nrsumyWg4TnJtmrkEezHs87Ytfh6hK76vtkbRZ1/h/8Xh4fNh4bGQ3euZs90=
6q/K0BkT52187kPQkVV4Vyx0iMtyzpKnKxEHndit9UtmSgFhx86veetyFngcdiXUh7vagI7yqmVIbuKSmTCmD+YOoulaPhfxfpz11RxnkYBW2y+qzos6WITnp3n1mL6dSeJszCbyh3CQ/n01ZMfS6EpSXaONZSFKKoIcvXIFPW6jpreGFSB8vtb1FjmI45WcN35xXuKpL66LzooRK+cFb0FpXZO9KfWgOfOVs9E=
6q/K0BkT52187kPQkVV4Vyx0iMtyzpKnKxEHndit9UtmSgFhx86veetyFngcdiXUh7vagI7yqmVIbuKSmTCmD+YOoulaPhfxfpz11RxnkYBW2y+qzos6WITnp3n1mL6dSeJszCbyh3CQ/n01ZMfS6EpSXaONZSFKKoIcvXIFPW6jpreGFSB8vtb1FjmI45WcN35xXuKpL66LzooRK+cFb0FpXZO9KfWgOfOVs9E=
8Gdi2Ezc4XCS9zcHUUguHy15dtjWGVQfckVhPBGCEPg+mqIfnKL5tnHYlYhrh88j6hiQoyIZMNJ1CC8RjTNsLydWYuKn/25ZLKt6BV5GcYilgzhZ5KJYvO1l2V+KshpQVo17oWlNVU/6PkaSNuDB7nYT9mi474O5kRDCbQX6aOxiSgvgTLaZNYCPDnjG6hmDiX1tulYKeH1WDQFebz4z5tFYcK4KvbK5LCvJjDuGNb5mMWOet8KuUc9v+R+NcVmzeZF5MGU78bO1
ORtfPv+/ksZkcUxtLpH7kwtiXqaEm0DK2dD3ADeOhGXcRfL+zp802jxTAGu4jROdtMJWDALS3ILpXKtv6g8f81/74ljiWBW0LY93EpQtDgZJ9dmxEd3xF4hC4ECRB0WRRHPsIC8O+xNMmejD75TtKJsub8ckQYYfzpImM6EpFClpCEn8unUp/KRL9BdIBMytwEL13XVpzE9k6issrxJmZyyTbVsHFro2APCeBPrfIosrCdnRcQ5YUmgmtmNDfKLmBOXhYgUOmzTvOmvM07ZcRA3qs6g=
4Wr/5EHwZqZfUNMjH74cCz3aZQhjaWgb8DMIegVWwda7ZiBSHhiiwBBgiCLP7gmMt+SdIhbFOtLHg7dAVURzaWwTIN3GWw8s3BXbRjYcPPaVmFKKx7XesxAAWFZHc9fBs8JINuadCDHfJvECLRZP5K7W1AEseTIXF/TluitO+I195ml+8LHR02dnU00HQyetZ0j7h6+z6w==
fP6xnPAbiUMXCpV22ZhS84zooqvUB6SdCKjOOngaAo+I66jxtlm8T+CSpkJSRtDCSDMu2fTe74BSWHxoZ20XL+fTSzw6NSm8JAv018jEzG1AAvWd9anMj+QqK2wvUmYnrFNtm4dWunaAsJ7Eeh8iS6tJ2ZHxzliS6Oa2I8M8oqaEJeGihU6bdG96awxTdlyEjaqz6A==
Bx35BKmLKB8SzOQGklCWhZkV9ADVUfEypus+c5GcX/Xcuj1qnzkSXh8ubLVhFqVVhPHlO6tXzzUT49O12xj3L3uzPw==
jZraSt2vNRud830E1MXTCZxwDztOnp0ON7iQu+WvwCXZRrbSoc6V2c1VZhwUWYUOcYbho/YMaV+Uyv2Xecb/IFsyx9ehj4U/TKsV5ilWDjMhrkg1BA2MsnSP3Ix1F2FPZP2o9PtWS0R+JZA9TbFzkPIkLE4uXv6p2un3BxlbJegwoOT4plnn6nrk+4sBSDHIE+aDxBtWl4Bk5pGks+I=
JuBFsnuLw7sOON7FVEX2Yl05Py1aaNzzMwwjLNhrf5S30hREBGY4/OBx5pCqvYS3J8iWzjaHOijYFxtPDAtFumnwI1R2QY3oC0ze+jAPOXVnzsM2j8Wa8dXp9tVj2OFvJz2PCRKnjLeSCcx7xbhu3blC3Ey2EtewoN5tNXTn4igass0jPcXRCvqiLL0C5W2uE8ZHBoWALH6mFQY5mINl3Ofe4d6SSZ/uW6l6ERvHVa8xye0TLUkl4AnThbPB
xw0SZjZH6ysi5Kq7WEH5ODdHmeJJCRN9gJC/WKEBzWWtMVHN04hfFR6K3zVUliMyNP52u/Mkwv62/WF6tRb7bF/iqxTj7jzcPXKzMA==
QbVKrQUwUDTL1YrJ60jMbPCPIV6ptDoKvAqOEe3OGgGBGRxSSsSz3bMrSEgNBJChyxi9zoUBWv5VkHRJc4OhgqCGm1taeECETcPIYOZBt0LazMozgfAB4LNOU9zbzkdohA5hXLMa
r/yMiC7RbE+j9ten1zzvYWlQ+nOiUBFXUVbMIWexH8Gx71zakYqF8Rp3FgYTxc2q7pfNS/3VUIgJYf0qYou6y92MY704Olmioyne5pvOKK1tJvncILEBM/enQ63Xw9dNl4gLZ1+zGw==
cd5QcjHnjjiURlUxY9DhvPPGpB74sXgirYq5CT4HUs6/pWEiagdpkyGVDFDtcfkijqvWAxk8BwXEuiUaR5marnfuRKVpNp2E/HFda1M3xyV7I3sFU3gvH2OzJw==
n9Yjx2G0Bw7OP//TO7F5KjXpJ4MP5dkn5rx0KqmKvQEyF07W24WFGhY3pdtlVcgYoYFFWipLcpuFrIuNQDqhkssJBjbTjuBd1UZRTLgxmaMfBzsdHwOfHU9oIxdnsyM=
6K2uYiIHRiPaxKN2IrKgERzaCKY+1/g90bx0KqmKvQEyF07W24WFGhY3pdtlVcgYoYFFWipLcpuFrIuNQDqhkssJBjbTjuBd1UZRTLgxmaMfBzsdHwOfHU9oIxdnsyM=
EKFlbUGr0gQRLbFn9+qCe8kDm2ZLk2oW/q4rCj+FuJ/EQkkVF478n89/h/WqvEspL474GyBPT+TBSYJ6Y1aBQczigd4yib9uu2jaEXuHdS/RCQ0TjQlFYCkTZbMh
U+F+nadhej3T8fNoKoQCwyx0iMtyzpKnKxEHndit9UtmSgFhx86veetyFngcdiXUh7vagI7yqmVIbuKSmTCmD+YOoulaPhfxfpz11RxnkYBW2y+qzos6WITnp3n1mL6dSeJszCbyh3CQ/n01ZMfS6EpSXaONZSFKKoIcvXIFPW6jpreGFSB8vtb1FjmI45WcN35xXuKpL66LyIoRK+cFb0FpXZO9KfWgOfOVs9E=
cSH/4Tv2zTPXQVBxbcLtwzdHmeNJCRN9gJC/WKEBzWWtMVHN04hfFR6K3zVUliMyNP52u/Mkwv62/WF6tRb7bF/iqxTj7jzcPXKzMA==
CkrLa2GXvd82ej0tZIjS94Kn4g8vV6vVee0tPEMZu7MgaueOuLGio4YRhSchn7GyarCfBEK86sCzdGqEgaO6K7RUSJL+M9IQLywJh+xBbIJZO9sFbT0VAO+p1648DAmqTVFcp2M4F9WkvTCaX/irX3bhYPoUXON5F+cELtQgeJEVGYfR+4/UIqiqWHxvnrgP+FB2cw1Z30zMVUsm5pzMlmXYouo3tS7T4ECoNrfzB6EjglhWNp3Ykc9mYSL9ln/EHpbkoZx5grcnNFWaG86ore0medygsYEzd6fDrVfDV00XiItn37Ob
RBiPfGrscLY7nKMEUYQMNZ1V23Bq2Cejqn0Lnd7i/B2+f5H78Tth1Bw77frLsBL6att163BontnJl1Fvjw/DKrRrfR7YdHKIyJQpl+mFGPZHbpP+jWSyeD1a0LeUkCAy3dkh4LiWVyM5TRTEcCIl+X31TGfMcuugk6mwP5gBO4r1IrdYLzWAzw6FktT2EdUX7AMl3qluPpuBhpitxBVc2pTnLPR1b5EnhJV47DvOm2zejaAFzYlDOFIMfNZuRq5BugGH/xmjVQBQSLTg5sG3wtpMyrOBcAFgs85TXNtOR+iEjmHcs5o=
SijIVxiYmOegRQMfHWknC95zd9pi707JhqSFkuSo1OZM1LJ6vnZ9UNL0pNAHQQVJ95wvhFYwSFoHKbtszg0YVG7dr/9/bTiTRD1QWn/4S58WYcu/M1yDufdnpO70IJjRtZknkRuPtOIIKvi8D56YT1jQFjPtWf+MbNWrZoac7NaFWMIqF7UOE4DASHaX82fhwwL4lhadONGv5sFi3ZYfBL4WRGH8eWL3h7T12vvOiG1NppkTwLGhc9cno223w3eNdwhrJ/+zuw==
4moLWnA2O/STQ5SJvfq0ufede+b87MAE6wMGusx17yRDVnNDg2VC0RlxdrKuZa4QlFMddxn1d0bIhB9L742QyURxvKmpEckc6NhWOGM4cHLXoyJRlmTU02hFeO7GLvWYHOnkqsTU5as97ricQ1URr/j7NHf/P6WuMclsmF82Gys8oSh7nywNkOsWb/9U+WanvirmC9ER9BEZsMlEyk3JxNRzNK84vCwVsHr15QXRLPcUUusU3yqGX1wr7eN3LloOcMhevIpnwjNbMdnpAba46hiedlszRELeeV1h2nU2ewyfAqt0ow68/H3Ss5A=
id9hmzncBWoVRs6CVx+cK/ede+b87MAE6wMGusx17yRDVnNDg2VC0RlxdrKuZa4QlFMddxn1d0bPhh9L742QyURxvampEckc6NhWOGM4cHLXoyJRlmTU02hFeO7GLvWYHOnkqsTU5as97ricQ1URr/j7NHf/P6WuMclsmF82Gys8oSh7nywNkOsWb/9U+WanvirmC9ER9BEZsMlEyk3JxNRzNK84vCwVsHr15QXRLPcUUusU3yqGX1wr7eN3LloOcMhevIpnwjNbMdnpAba46hiedlszRELeeV1h2nU2ewyfAqt0ow68/H3Ss5A=
3buQ96DBCjW2WLse4LZgrvede+b87MAE6wMGusx17yRDVnNDg2VC0RlxdrKuZa4QlFMddxn1d0bIhB9L742QyURxsqmpEckc6NhWOGM4cHLXoyJRlmTU02hFeO7GLvWYHOnkqsTU5as97ricQ1URr/j7NHf/P6WuMclsmF82Gys8oSh7nywNkOsWb/9U+WanvirmC9ER9BEZsMlEyk3JxNRzNK84vCwVsHr15QXRLPcUUusU3yqGX1wr7eN3LloOcMhevIpnwjNbMdnpAba46hiedlszRELeeV1h2nU2ewyfAqt0ow68/H3Ss5A=
LVBd9dTLr2fWnu7eYOrKyvede+b87MAE6wMGusx17yRDVnNDg2VC0RlxdrKuZa4QlFMddxn1d0bPhh9L742QyURxs6mpEckc6NhWOGM4cHLXoyJRlmTU02hFeO7GLvWYHOnkqsTU5as97ricQ1URr/j7NHf/P6WuMclsmF82Gys8oSh7nywNkOsWb/9U+WanvirmC9ER9BEZsMlEyk3JxNRzNK84vCwVsHr15QXRLPcUUusU3yqGX1wr7eN3LloOcMhevIpnwjNbMdnpAba46hiedlszRELeeV1h2nU2ewyfAqt0ow68/H3Ss5A=
FYSLYksez+SgGBob37U+OPede+b87MAE6wMGusx17yRDVnNDg2VC0RlxdrKuZa4QlFMddxn1d0bIhB9L742QyURxsKmpEckc6NhWOGM4cHLXoyJRlmTU02hFeO7GLvWYHOnkqsTU5as97ricQ1URr/j7NHf/P6WuMclsmF82Gys8oSh7nywNkOsWb/9U+WanvirmC9ER9BEZsMlEyk3JxNRzNK84vCwVsHr15QXRLPcUUusU3yqGX1wr7eN3LloOcMhevIpnwjNbMdnpAba46hiedlszRELeeV1h2nU2ewyfAqt0ow68/H3Ss5A=
ITw2TpNLWOdAzgEAOn5XUfede+b87MAE6wMGusx17yRDVnNDg2VC0RlxdrKuZa4QlFMddxn1d0bPhh9L742QyURxsampEckc6NhWOGM4cHLXoyJRlmTU02hFeO7GLvWYHOnkqsTU5as97ricQ1URr/j7NHf/P6WuMclsmF82Gys8oSh7nywNkOsWb/9U+WanvirmC9ER9BEZsMlEyk3JxNRzNK84vCwVsHr15QXRLPcUUusU3yqGX1wr7eN3LloOcMhevIpnwjNbMdnpAba46hiedlszRELeeV1h2nU2ewyfAqt0ow68/H3Ss5A=
UzJWo11z7A65b82i9lWdR/ede+b87MAE6wMGusx17yRDVnNDg2VC0RlxdrKuZa4QlFMddxn1d0bIhB9L742QyURxtqmpEckc6NhWOGM4cHLXoyJRlmTU02hFeO7GLvWYHOnkqsTU5as97ricQ1URr/j7NHf/P6WuMclsmF82Gys8oSh7nywNkOsWb/9U+WanvirmC9ER9BEZsMlEyk3JxNRzNK84vCwVsHr15QXRLPcUUusU3yqGX1wr7eN3LloOcMhevIpnwjNbMdnpAba46hiedlszRELeeV1h2nU2ewyfAqt0ow68/H3Ss5A=
UkaY0BHlPFyztsbeg42RMvede+b87MAE6wMGusx17yRDVnNDg2VC0RlxdrKuZa4QlFMddxn1d0bPhh9L742QyURxt6mpEckc6NhWOGM4cHLXoyJRlmTU02hFeO7GLvWYHOnkqsTU5as97ricQ1URr/j7NHf/P6WuMclsmF82Gys8oSh7nywNkOsWb/9U+WanvirmC9ER9BEZsMlEyk3JxNRzNK84vCwVsHr15QXRLPcUUusU3yqGX1wr7eN3LloOcMhevIpnwjNbMdnpAba46hiedlszRELeeV1h2nU2ewyfAqt0ow68/H3Ss5A=
+uFIhSPDXqWRXVnOub5mQPede+b87MAE6wMGusx17yRDVnNDg2VC0RlxdrKuZa4QlFMddxn1d0bIhB9L742QyURxtKmpEckc6NhWOGM4cHLXoyJRlmTU02hFeO7GLvWYHOnkqsTU5as97ricQ1URr/j7NHf/P6WuMclsmF82Gys8oSh7nywNkOsWb/9U+WanvirmC9ER9BEZsMlEyk3JxNRzNK84vCwVsHr15QXRLPcUUusU3yqGX1wr7eN3LloOcMhevIpnwjNbMdnpAba46hiedlszRELeeV1h2nU2ewyfAqt0ow68/H3Ss5A=
wCOMFY4ZijjsOZovsFF6Evede+b87MAE6wMGusx17yRDVnNDg2VC0RlxdrKuZa4QlFMddxn1d0bPhh9L742QyURxtampEckc6NhWOGM4cHLXoyJRlmTU02hFeO7GLvWYHOnkqsTU5as97ricQ1URr/j7NHf/P6WuMclsmF82Gys8oSh7nywNkOsWb/9U+WanvirmC9ER9BEZsMlEyk3JxNRzNK84vCwVsHr15QXRLPcUUusU3yqGX1wr7eN3LloOcMhevIpnwjNbMdnpAba46hiedlszRELeeV1h2nU2ewyfAqt0ow68/H3Ss5A=
Ljl6ltY10F2qHP+gjR7kAPede+b87MAE6wMGusx17yRDVnNDg2VC0RlxdrKuZa4QlFMddxn1d0bIhB9L742QyURxvKipEckc6NhWOGM4cHLXoyJRlmTU02hFeO7GLvWYHOnkqsTU5as97ricQ1URr/j7NHf/P6WuMclsmF82Gys8oSh7nywNkOsWb/9U+WanvirmC9ER9BEZsMlEyk3JxNRzNK84vCwVsHr15QXRLPcUUusU3yqGX1wr7eN3LloOcMhevIpnwjNbMdnpAba46hiedlszRELeeV1h2nU2ewyfAqt0ow68/H3Ss5A=
CvZZycFacRFyExKrTswXmvede+b87MAE6wMGusx17yRDVnNDg2VC0RlxdrKuZa4QlFMddxn1d0bPhh9L742QyURxvaipEckc6NhWOGM4cHLXoyJRlmTU02hFeO7GLvWYHOnkqsTU5as97ricQ1URr/j7NHf/P6WuMclsmF82Gys8oSh7nywNkOsWb/9U+WanvirmC9ER9BEZsMlEyk3JxNRzNK84vCwVsHr15QXRLPcUUusU3yqGX1wr7eN3LloOcMhevIpnwjNbMdnpAba46hiedlszRELeeV1h2nU2ewyfAqt0ow68/H3Ss5A=
GnJPrIlTtMpt64ZNDujnqfede+b87MAE6wMGusx17yRDVnNDg2VC0RlxdrKuZa4QlFMddxn1d0bIhB9L742QyURxsqipEckc6NhWOGM4cHLXoyJRlmTU02hFeO7GLvWYHOnkqsTU5as97ricQ1URr/j7NHf/P6WuMclsmF82Gys8oSh7nywNkOsWb/9U+WanvirmC9ER9BEZsMlEyk3JxNRzNK84vCwVsHr15QXRLPcUUusU3yqGX1wr7eN3LloOcMhevIpnwjNbMdnpAba46hiedlszRELeeV1h2nU2ewyfAqt0ow68/H3Ss5A=
M+j8aNWik6y4IG8F6cPCG/ede+b87MAE6wMGusx17yRDVnNDg2VC0RlxdrKuZa4QlFMddxn1d0bPhh9L742QyURxs6ipEckc6NhWOGM4cHLXoyJRlmTU02hFeO7GLvWYHOnkqsTU5as97ricQ1URr/j7NHf/P6WuMclsmF82Gys8oSh7nywNkOsWb/9U+WanvirmC9ER9BEZsMlEyk3JxNRzNK84vCwVsHr15QXRLPcUUusU3yqGX1wr7eN3LloOcMhevIpnwjNbMdnpAba46hiedlszRELeeV1h2nU2ewyfAqt0ow68/H3Ss5A=
2fZzHlrahyJNejdUNENkpSGMYcbuM2aFkJw13G5WUo9FcfmNoTHZah0VTGCWTQnKwn4B5I/i3ZS6Qh34bnhvRirpDYNPcTh2eZZwpz1dz+QmUr3JF1WXvFG7NIR2dLhyF0IjY4sRjdNskwfYABE4wt4qBUTUXUQmvLC1lxX6uHCbkaEzcI5ANNkbtVvYHaw0x7Jrd3SVCHdnyN0sQ4Lvkwy9Vru23gbHabVkbXHkiWjSSTkYHMeUI0DYfCmYbvUJ3RWca5wmi1jnDpajtP8tT++qKlI4/H6wcoMSj/OlWYVZ8oj2EGqWl4vg0qIRCSH2bTKL0Fe2C/jbauzAVcazfA==
GxW6Z3PSaESFlQeWm9aPzfede+b87MAE6wMGusx17yRDVnNDg2VC0RlxdrKuZa4QlFMddxn1d0bPhh9L742QyURxsKipEckc6NhWOGM4cHLXoyJRlmTU02hFeO7GLvWYHOnkqsTU5as97ricQ1URr/j7NHf/P6WuMclsmF82Gys8oSh7nywNkOsWb/9U+WanvirmC9ER9BEZsMlEyk3JxNRzNK84vCwVsHr15QXRLPcUUusU3yqGX1wr7eN3LloOcMhevIpnwjNbMdnpAba46hiedlszRELeeV1h2nU2ewyfAqt0ow68/H3Ss5A=
7e8Q79Ses6dF7R4I3j8sF94DnFxMPp0yvd9yNjrAdnC6xjDwA0F5aitljTXbPXl8fkOoTyzss+vA0hnxjhNSw7QAN/CdoOMNdb9Zgi80b+IIeUshdo3mZQqmKKtFjm5Io4xpMWHCWrzPZnsJOot1OAH5wuUGVplIzTPAeeZ2gjy1tdE/MkKyEH6dIwHh/S1PAo7OMu7w6S7eY06IsL9bOclAyk19SoCsClrTgMRGoTW4f4YYHvpxw2HNFZpeWiD9jl0JvtdOmyb5SKgOgg1KuVSbQSxjlh3+zsHb/r8f9tEXv/E/dcExc5GBIdDtS8mzjQ==
2fZzHlrahyJNejdUNENkpSGMYcbuM2aFkJw13G5WUo9FcfmNoTHZah0VTGCWTQnKwn4B5I/i3ZS6Qh34bnhvRirpDYNPcTh2eZZwpz1dz+QmUr3JF1WXvFG7NIR2dLhyF0IjY4sRjdNskwfYABE4wt4qBUTUXUQmvLC1lxX6uHCbkaEzcI5ANNkbtVvYHaw0x7Jrd3SVCHdnyN0sQ4Lvkwy9Vru23gbHabVkbXHkiWjSSTkYHMeUI0DYfCmYbvUJ3RWca5wmi1jnDpajtP8tT++qKlI4/H6wcoMSj/OlWYVZ8oj2EGqWl4vg0qIRCSH2bTKL0Fe2C/jbauzAVcazfA==
7e8Q79Ses6dF7R4I3j8sF94DnFxMPp0yvd9yNjrAdnC6xjDwA0F5aitljTXbPXl8fkOoTyzss+vA0hnxjhNSw7QAN/CdoOMNdb9Zgi80b+IIeUshdo3mZQqmKKtFjm5Io4xpMWHCWrzPZnsJOot1OAH5wuUGVplIzTPAeeZ2gjy1tdE/MkKyEH6dIwHh/S1PAo7OMu7w6S7eY06IsL9bOclAyk19SoCsClrTgMRGoTW4f4YYHvpxw2HNFZpeWiD9jl0JvtdOmyb5SKgOgg1KuVSbQSxjlh3+zsHb/r8f9tEXv/E/dcExc5GBIdDtS8mzjQ==
2fZzHlrahyJNejdUNENkpSGMYcbuM2aFkJw13G5WUo9FcfmNoTHZah0VTGCWTQnKwn4B5I/i3ZS6Qh34bnhvRirpDYNPcTh2eZZwpz1dz+QmUr3JF1WXvFG7NIR2dLhyF0IjY4sRjdNskwfYABE4wt4qBUTUXUQmvLC1lxX6uHCbkaEzcI5ANNkbtVvYHaw0x7Jrd3SVCHdnyN0sQ4Lvkwy9Vru23gbHabVkbXHkiWjSSTkYHMeUI0DYfCmYbvUJ3RWca5wmi1jnDpajtP8tT++qKlI4/H6wcoMSj/OlWYVZ8oj2EGqWl4vg0qIRCSH2bTKL0Fe2C/jbauzAVcazfA==
7e8Q79Ses6dF7R4I3j8sF94DnFxMPp0yvd9yNjrAdnC6xjDwA0F5aitljTXbPXl8fkOoTyzss+vA0hnxjhNSw7QAN/CdoOMNdb9Zgi80b+IIeUshdo3mZQqmKKtFjm5Io4xpMWHCWrzPZnsJOot1OAH5wuUGVplIzTPAeeZ2gjy1tdE/MkKyEH6dIwHh/S1PAo7OMu7w6S7eY06IsL9bOclAyk19SoCsClrTgMRGoTW4f4YYHvpxw2HNFZpeWiD9jl0JvtdOmyb5SKgOgg1KuVSbQSxjlh3+zsHb/r8f9tEXv/E/dcExc5GBIdDtS8mzjQ==
2fZzHlrahyJNejdUNENkpSGMYcbuM2aFkJw13G5WUo9FcfmNoTHZah0VTGCWTQnKwn4B5I/i3ZS6Qh34bnhvRirpDYNPcTh2eZZwpz1dz+QmUr3JF1WXvFG7NIR2dLhyF0IjY4sRjdNskwfYABE4wt4qBUTUXUQmvLC1lxX6uHCbkaEzcI5ANNkbtVvYHaw0x7Jrd3SVCHdnyN0sQ4Lvkwy9Vru23gbHabVkbXHkiWjSSTkYHMeUI0DYfCmYbvUJ3RWca5wmi1jnDpajtP8tT++qKlI4/H6wcoMSj/OlWYVZ8oj2EGqWl4vg0qIRCSH2bTKL0Fe2C/jbauzAVcazfA==
7e8Q79Ses6dF7R4I3j8sF94DnFxMPp0yvd9yNjrAdnC6xjDwA0F5aitljTXbPXl8fkOoTyzss+vA0hnxjhNSw7QAN/CdoOMNdb9Zgi80b+IIeUshdo3mZQqmKKtFjm5Io4xpMWHCWrzPZnsJOot1OAH5wuUGVplIzTPAeeZ2gjy1tdE/MkKyEH6dIwHh/S1PAo7OMu7w6S7eY06IsL9bOclAyk19SoCsClrTgMRGoTW4f4YYHvpxw2HNFZpeWiD9jl0JvtdOmyb5SKgOgg1KuVSbQSxjlh3+zsHb/r8f9tEXv/E/dcExc5GBIdDtS8mzjQ==
2fZzHlrahyJNejdUNENkpSGMYcbuM2aFkJw13G5WUo9FcfmNoTHZah0VTGCWTQnKwn4B5I/i3ZS6Qh34bnhvRirpDYNPcTh2eZZwpz1dz+QmUr3JF1WXvFG7NIR2dLhyF0IjY4sRjdNskwfYABE4wt4qBUTUXUQmvLC1lxX6uHCbkaEzcI5ANNkbtVvYHaw0x7Jrd3SVCHdnyN0sQ4Lvkwy9Vru23gbHabVkbXHkiWjSSTkYHMeUI0DYfCmYbvUJ3RWca5wmi1jnDpajtP8tT++qKlI4/H6wcoMSj/OlWYVZ8oj2EGqWl4vg0qIRCSH2bTKL0Fe2C/jbauzAVcazfA==
7e8Q79Ses6dF7R4I3j8sF94DnFxMPp0yvd9yNjrAdnC6xjDwA0F5aitljTXbPXl8fkOoTyzss+vA0hnxjhNSw7QAN/CdoOMNdb9Zgi80b+IIeUshdo3mZQqmKKtFjm5Io4xpMWHCWrzPZnsJOot1OAH5wuUGVplIzTPAeeZ2gjy1tdE/MkKyEH6dIwHh/S1PAo7OMu7w6S7eY06IsL9bOclAyk19SoCsClrTgMRGoTW4f4YYHvpxw2HNFZpeWiD9jl0JvtdOmyb5SKgOgg1KuVSbQSxjlh3+zsHb/r8f9tEXv/E/dcExc5GBIdDtS8mzjQ==
2fZzHlrahyJNejdUNENkpSGMYcbuM2aFkJw13G5WUo9FcfmNoTHZah0VTGCWTQnKwn4B5I/i3ZS6Qh34bnhvRirpDYNPcTh2eZZwpz1dz+QmUr3JF1WXvFG7NIR2dLhyF0IjY4sRjdNskwfYABE4wt4qBUTUXUQmvLC1lxX6uHCbkaEzcI5ANNkbtVvYHaw0x7Jrd3SVCHdnyN0sQ4Lvkwy9Vru23gbHabVkbXHkiWjSSTkYHMeUI0DYfCmYbvUJ3RWca5wmi1jnDpajtP8tT++qKlI4/H6wcoMSj/OlWYVZ8oj2EGqWl4vg0qIRCSH2bTKL0Fe2C/jbauzAVcazfA==
7e8Q79Ses6dF7R4I3j8sF94DnFxMPp0yvd9yNjrAdnC6xjDwA0F5aitljTXbPXl8fkOoTyzss+vA0hnxjhNSw7QAN/CdoOMNdb9Zgi80b+IIeUshdo3mZQqmKKtFjm5Io4xpMWHCWrzPZnsJOot1OAH5wuUGVplIzTPAeeZ2gjy1tdE/MkKyEH6dIwHh/S1PAo7OMu7w6S7eY06IsL9bOclAyk19SoCsClrTgMRGoTW4f4YYHvpxw2HNFZpeWiD9jl0JvtdOmyb5SKgOgg1KuVSbQSxjlh3+zsHb/r8f9tEXv/E/dcExc5GBIdDtS8mzjQ==
2fZzHlrahyJNejdUNENkpSGMYcbuM2aFkJw13G5WUo9FcfmNoTHZah0VTGCWTQnKwn4B5I/i3ZS6Qh34bnhvRirpDYNPcTh2eZZwpz1dz+QmUr3JF1WXvFG7NIR2dLhyF0IjY4sRjdNskwfYABE4wt4qBUTUXUQmvLC1lxX6uHCbkaEzcI5ANNkbtVvYHaw0x7Jrd3SVCHdnyN0sQ4Lvkwy9Vru23gbHabVkbXHkiWjSSTkYHMeUI0DYfCmYbvUJ3RWca5wmi1jnDpajtP8tT++qKlI4/H6wcoMSj/OlWYVZ8oj2EGqWl4vg0qIRCSH2bTKL0Fe2C/jbauzAVcazfA==
7e8Q79Ses6dF7R4I3j8sF94DnFxMPp0yvd9yNjrAdnC6xjDwA0F5aitljTXbPXl8fkOoTyzss+vA0hnxjhNSw7QAN/CdoOMNdb9Zgi80b+IIeUshdo3mZQqmKKtFjm5Io4xpMWHCWrzPZnsJOot1OAH5wuUGVplIzTPAeeZ2gjy1tdE/MkKyEH6dIwHh/S1PAo7OMu7w6S7eY06IsL9bOclAyk19SoCsClrTgMRGoTW4f4YYHvpxw2HNFZpeWiD9jl0JvtdOmyb5SKgOgg1KuVSbQSxjlh3+zsHb/r8f9tEXv/E/dcExc5GBIdDtS8mzjQ==
7e8Q79Ses6dF7R4I3j8sF94DnFxMPp0yvd9yNjrAdnC6xjDwA0F5aitljTXbPXl8fkOoTyzss+vA0hnxjhNSw7QAN/CdoOMNdb9Zgi80b+IIeUshdo3mZQqmKKtFjm5Io4xpMWHCWrzPZnsJOot1OAH5wuUGVplIzTPAeeZ2gjy1tdE/MkKyEH6dIwHh/S1PAo7OMu7w6S7eY06IsL9bOclAyk19SoCsClrTgMRGoTW4f4YYHvpxw2HNFZpeWiD9jl0JvtdOmyb5SKgOgg1KuVSbQSxjlh3+zsHb/r8f9tEXv/E/dcExc5GBIdDtS8mzjQ==
JzFgKuiUOohiz6eoWbCuVecyidaljCyl158Q5WqymkVi1f12fQ20/dg6E2QJyThCq25Mlw/63Rh4iaZaZ/fZJl0LW9PDW47LZ3qRc8J5gvuDIBCv5QX8wkMIoUV5Az7vrhcL4ZoBSwZD24/yJJLvBYhh+A2mOf3uh5zRFAdBTSwcg+BXhVdRwu5QiFzUpY2pCk3JiP3s6JnTrbw4n3Wdr4/OsnF7BolcS6vGZgMvc0bYbCXNeBKzdkZd4VS4G+3sudqyZTHB0I1npmqhuXj14livDZ3cU0cqrnifQ8OX1bEDYyxx7pkAfOJC9a2lhIfzhP7wa7J5zQgpDdz6qlkOI6R6fLJrmWcUGq1sjFKNQ1crbWw7qG1sggpMkPnK0aVYBBx3EduX+FYgQKwJyUkL+c8P4AokegTkO37M94SgOpuZmcvkgGX3ntI8GI65iK6Cw7Xau+wQdC5jUzMZn7IU/iJdTHmDlh3aiXYrXEJGaImo+bafq2SJAs+uXNURVrWxN/GVm7uXfxVjYwNVS1iHj6uz7w==
aXlspOgBLazBa7QP/EPVl8vM6Du3WBEDCobSHDD2BMrf8KqqAh84NVEpaw0zcTTWfLB5nBp3LxTEmwdRgddCcdCKdK0hRbPof2/tSALMQTGlu7XE4NVlXlGNdJzgDOcar5cROYd+exGFyoDMQzJgty52ay+BHaf9Taw4eFScVkSNhPIr87VtbrNwpIFola7nufSnDU3Mgob42W/MhdFavJl0kdieh6uwwsgaBHM7tFBTKug/zICn46Yi4PnVbNY7l2Ryzmonn5plsSvIXrcTyiRMLJ/vSNfnh7Yc8RCyYSC7/M8Uc9lr5Z0Beu1ayL+2uJ4do56VQWmNHF5WRRE4aRVHfROKqQgA/cby9RXx/uERutms7emxU/nd9JXkfRtpvczm08zCS5DTOZDvGNFbGrXS16gvxeA/ThXyBHbB9YesM4Vuqd6eq0EWuP1ERbxKVJfMhHUfcVdEBZi8u567/B69ALXNOeMIEpxcBu6WztH68ecPGVM18BDY1DBmEZdSmnxvAIHAoVBzXnMMWx6neET+gayz6g==
foZDNzZCXhzn+zkk4jXvS5C8RlGWCor88aJ64jlB1J23KTOod1PeMeqmsXOmNUpAlsNlvS1xTCNc3kdfb/7aap7zAOGi4hQpMjBS7Z2A7kljtMG/uxK9Jyp8B5UUb72qi3fQkcCPOaCq26ft7sZZ2Hvh64vcW9Q38dX4SZmi2UtVNnb67fGyIUL5JFGvKl2MyzDVCS+Y5iOaY2dfQ+Y0gBLYRk3P3TBN8/y/BHodSX1mHI19f5v1bkjFGU5beFG7HKJRR/GyYiwfOXp64bKczXvwalOP2EP6yNHTSUIpvXZwpauQt5biL7fpnrtVLrSoRedRHzcFeUPWRYzR0th40i9p9+yFB76+Sp8wEZ/M8x3G3ngRbJde2gaGiZF1MMB99gjAZQEjEW1WT+qF/gaQnErd2NlHbH68jaW53ypyOlB2zZshiQ11T9r+JhJWIOHuVlNW6FivY7mxUGLtZToI7AKKq2Ds9nk1YM+u+GYqeYPpvQ069kpYfbZN4d7PfhPm8ZgQLmp9krkMaykM28YVvkbxwx7XBc1R769Zn20xubOZ0dmwxfuRs9U=
sPS5NjY4cZOlbFnqoU78pbwgN/6gRZRuZ2dbkSi1rQsUWKPhYKTdBP4hdzH8IKf+hB008S2Z1ouap0DEvLUUI4IEFr/FDUF93pRQ/V/iKjcxyGqsC2xADPd5yvLJW5X04nA5jVWHzfjg6R1ioTEMIACwnyZfq2kFR8IDrXV2+PCjDhiL3soTkwGh30G9kEBEtKAu+H04ipcziRVSQ0zcPYgp1ltJyN8xTfD6ughlF3BlbSKAaUjp5F470wwydGI4kwfMbKOWkINMPN9fVh6YxTVQrodn2ApyqhvnppWNU3S+C2t21HBUo+90r9t3CmRN8A4ZHEvAtyizZRNZbb0C0br0x4pIImUfHik51X0gJmqlLUDV5fsFr0qVcDwN+opJ9U2GXeGGoZDt1clvCWGMKQTBY1VN8J7vDH4zLCOF6NP47SMmRW6vFK95mIO+KYo4lv2NO1yP/dJp4uaXsSrAQaT5xPakq7S4dSMJa7S54ABbIsPA7oF4iQ2Fm7TiICQ6Dqq27QpNn7OZ701M4OSsDIYt7+5qwBe8QfzZbINiC7C7ot/EtML5kLPW
