LqaU4xvf/h2+QqpfU3gWvmloZw6ZLDXRZHm/x5ef+iwTGScu/vfDCWIU+VPtSgu+yRPrDCV3TuQ7TPr3hKA6m5mZy+SAZfee0jwYjrmIroLDtdq77BB0LmNTMxmfshT+Il1MeYOWHdqJditcQkZoiaj5tp+rZIkCz65c1RFWtbsw8Z+eu5Z/FWVjA1VLWIePraPt
eDS1SG5rA8z+MP6aRwN6UWmvtNs+vJug8bKCveqvQ5c0+4TzfueMBHhlX59iZyNrBcQv1MmNnttiqZx7FdjeHakiDMzGMifwMD5dNUQHcmjqkr2j7aXBykrC/L1SRZ3uA+aXhjVgHD42tXY5aCP1HNe+UV7CaY8uKweuEUEi5e4hKbuT3WlVIJmzs6Pz
O0LXXyPHReSve2S6XSTgFxe8EjC2KwZWKUoO3egljn/Xc90Rg3EqnLXkzzncNTFdAFkvrJ+C833jwEkjeqqUZmQyEzFJ991T8k/4NIxdIx+bWlVb8WyjdAWliou2MQA7CcCKTT3KQKzK2pOAhMZhNXj/xhheerHDoU1Vmh7a4P3O3Um+F85bJrnI6A5CjYq5FBsBLKMW3f6OQZv+f58y0V06MT61QXdz0QHh0C3Lj6PP
gM2d++2Z6SFzgxc7tx7T1O7D2JqtgrZGSYjsp9stqfFAL9f2f4CVt+e6Tr6sqtMzb6VrZavO/vsBplgNxPUcOhTH7JR1D1EHBHU4DDtuW0xe7WClzSkD2NIsPHZuJm4hOiHHHxlDFSDQKHSA5mH34lqshReB2sQAMu6T+tuuBwgErqG6o/g=
b6JBj3/Fg8Q/4dpAQyfl/7i1p1LxvBwF+ypLATBpetCEk55uWZHokvt54bUQi39i/x08E7f+BuqMvts3f4FDMeuaVl+RItCZZKFUfkTjxIB1G3kjVDFwWJv608jOScjxjX0r/MIoNGJOciZlaoVvi5nXvYSAbDzUxnX/5kqIrUPBjmykomobbnv6T0xUiomuo+w=
lxEjte85/OFZ7ZxfPiPnqLi1p1LxvBwF+ypLATBpetCEgpZgX57pwPt54bUQi39i/xw8E7f+BuqMvts3f4FDMeuaVl+RItCZZKFUfkTjxIB1G3kjVDFwWJv608jOScjxjX0r/MIoNGJOciZlaoVvi5nXvYSAbDzUxnX/5kqIrUPBjmykomobbnv6T0xUiomuo+w=
U0URLu4Z5gA6xLWxR3dJZIW3ixBd6m7NLtX4MNs/o0gILlw4AkmLrd8u+MdVA5bU5gt3NUWNTgEsn42zpnc0ZDC1t58IMuqLvVR3FDG9hruqWTT7fWgWPbFSNAweol9Q+O51NWzXusiSAmVj1dXZ6oJylD36tVWOG9ZvRm3wpN7+5R45gPO9fG8uiR66WZfOY3cGkamSrc452YPThfmtgNHjm6Pb
xgkRHLK4CpVG8PpeAIsoRHgLjywnloxrk8Pu8NPhv2YAbrKxQMdZU5IPGLTsHcMf/Zq225GsQ3RlZWoL1vHgOykAKs2dCmCs6hozACQGQTVYP2aY/rqRw4GN9Rq+GsD9Lh0pPvcOOyZZCIiOok3qufRbYaxDVr3+bgH7fp/fUtF9epG+FQFXc/FBQVCNi6+j7w==
iZoswytiKYfdjbH/w4wJrD7DZZrHASfxjPihvco+3yTYv4hp4ea+6xQqKH0hNxCiWdrrB+2n+K0rKD/X4LHPaIIQPCC3hbdHd1vLtKpdiVT0Q7SfGCzsBVAK9ZXlwexnNGJrJP+6xk882+0TFz4anlD43oyq9wIju0HZmeGmeHo4rvZrE9QCzhmpYSAQJjqcvzQrRIOefOydpKPi
XP5VhYZF9w78FJvHZm93S/n3lhGrsRwF8yhdE2R7eYCE1tMnDd+9wPt54bUQi39i/xg8E7f+BuqMvts3f4FDMeuaVl+RItCZZKFUfkTjxIB1G3kjVDFwWJv608jOScjxjX0r/MIoNGJOciZlaoVvi5nXvYSAbDzUxnX/5kqIrUPBjmykomobbnv6T0xUiomuo+w=
FZbAdP8PaKv9N25id5/b7jROz3d5loxgjNPpotry8WcKJbKxQMdZU5IPGLTsHcMf+Jq225GsQ3RlZWoL1vHgOykAKs2dCmCs6hozACQGQTVYP2aY/rqRw4GN9Rq+GsD9Lh0pPvcOOyZZCIiOok3qufRbYaxDVr3+bgH7fp/fUtF9epG+FQFXc/FBQVCNi6+j7w==
ln3lW4r3WP/+rbwH3eR9KBElJB5eNNrgs/AXBN8lcBPaXyCUBO3bH+Tr3vupfIu0rdUya75hWLvRkIJtxXoo7CLKy+AMNlk1QA9OeAZqWYPJ/a26Foo4fZaNQV6vvvPmkdiwrso98rnsq4mMewb1viaxI553T+pRBeo5Hs3xn7O5ETkwpbu3o/c=
92iGq8na+gPq+foylI/zOngRgyEl18UjjNS3/Z++4DQCd/OxQMdZU5IPGLTsHcMf+pu225GsQ3RlZWoL1vHgOykAKs2dCmCs6hozACQGQTVYP2aY/rqRw4GN9Rq+GsD9Lh0pPvcOOyZZCIiOok3qufRbYaxDVr3+bgH7fp/fUtF9epG+FQFXc/FBQVCNi6+j7w==
RpqxRDVYhb3iUjX0NK6E00WCGUXZ8UMuBD2+Sabp8XoRU+K4tOOEF2L2JzgWzNpxgI/qhdGtI+8HXsNcuOSeJ1zLppB76DGgBp6rr30vWGV7AD/9sXhv4BK4fAinjZePJ/NLHPqVqVzka/Q3iKRMzQAi9b21CUzvpMorDO+y5odsc227R/Y6lkDQniQ6f6Lr62nZsbFu2PKoBrZDA9wiBkkB4YhA7hqUrxxr7BMW3CTNjKPK
V97WLjA4j71LMH7W/SWGo5R0AzNLqs4UOYXfq//moyeKfIr8kNuGy84QIAMCGs8OeZLqgJtVOXmg5+fuf5mlfgcy3sbsksM7T+0b/StWDjMhrkg1BA2MsnSP3Ix1F2FPZP2o9PtWS0R+JZA9TbFzkPIkLE4uXv6p2un3BxlbJegwoOT4plnn6nrk9Y8BQjTIEuaDwhtWl4Bk5pGio+A=
o2AJ15vB/Q+DH8DNH4nHCMhLtZRkSHsPq5a2KMm5p5f/2tsbekDywHDn/vc+LFg/wqa3sokukjx76UHFUFufUv8l3cL3jqZ6DC67h79RY0HranYP0ZIwCeQx9I6Es6SwdSsZc5TB0MgbajN4jhnoAY0NCywCmFTyzuKGFSpVj7uZ511UwBycREbln1aKWI0zwX5M9OLa+/77au+8lNrpnqPc
Rl2pgP8JIPI83Nbb9CSmZal0MQFl0D31hDMPLK9FNCEUf1tZlP7FbFv4bnSAgtHuTFI3JS0du/yXg1A7Yrz2+fFfRH8tU+sYgaRHEVDjDLWSm9uEsKUn/kK86C7JyH5i87XqWzxQBI6T06N5T3IknjJdXFnz1s16GfabvPIGOKlY+ca/e6Q5Yn8uzHVBlkWbIPGPfovWL/X143P1u5jX752j3Q==
aqz/zZVGzU9E2/j/JV3p+HIZ5aWT8Vy2T327gKoywbejlf/c1xFiXubSQJHCDRZCfN2igFuY8RBmDis/nZ8YlVsQP+ORiC9Q8ij8mMc9V/8H40sM2uVp7IT7dKdoFAw9IDL1rZX5DF9EWqucjwIm90xjbatnhvomIEAetNrP4hvLedmhkZ6YQkiWNtNjbOJ2aRHhmGCe2iTPjOt886ac1O2co9o=
JO/mSOkNTLxjTDHZgxvOk3gLjywnloxjkdX8pN7ooTQAaPvlDpIrU5IPGLTsHcMf95i325GsQ3RlZWoL1vHgOykAKs2dCmCs6hozACQGQTVYP2aY/rqRw4GN9Rq+GsD9Lh0pPvcOOyZZCIiOok3qufRbYaxDVr3+bgH7fp/fUtF9epG+FQFXc/FBQVCNi6+j7w==
KHjjwn2IT88SU596qE01J8YbuaFCYaYHVWUvS1l+4LHjAmChFErLK5XjKFGDvL9eflt/NMok3MyPgad7n4+L+PL5ech8NxQz4Oi8eXge9Zn9pdy7/NYLSEc+VvNUjy3fzxpqglgM/qDSs9LfE9VZFXlCyCZwmhaHK9AS8vF9IWxIgsoAN0CL6HtaLJC1sKPu
xTihQW1+3rmBqeWpMvqzz+Cy/uWPZEHxaQIr310/mPUbMD/J1uev8DLI/PiHndcfx8NLLBoF6UzEm3RHqLSMXWAS9Y3VmYz/hLqr/M+ipheMQ22Lp2Z6hmAgHlQab2J7i1nZgdH+GOKIdjazI8xilqkx4bigflqEj+zrnDMGHLStvKP6
m5C4cyQUkS5AjBQsZsx9dyMOA3KHsRrzm4Nw+4I8VrmRX6+4gtOLWKGkp9EwY6x1cpv7xNAlhz5ivIhuaUieotO1ypvc0KTO89ODue/yRN4SXbyZU1atuvn2u/yShphpuPmm/9sk2aJfLqw1oRbl20Dxr75rVo+11eOTNRsYt6+9o/0=
SX177qB/sDgUZq9Euf+sLOKy/vSNckXxaQIr310/mPUbMD/P1uev8DLI/PiHndcfx8NLLBoF6UzEm3RHqLSMXWAS9Y3VmYz/hLqr/M+ipheMQ22Lp2Z6hmAgHlQab2J7i1nZgdH+GOKIdjazI8xilqkx4bigflqEj+zrnDMGHLStvKP6
Rrk6wOhYlX6i+PzYexsypiMOBWSbrBrzm4Nw+4I8VrmRX6m4gtOLWKGkp9EwY6x1cpv7xNAlhz5ivIhuaUieotO1ypvc0KTO89ODue/yRN4SXbyZU1atuvn2u/yShphpuPmm/9sk2aJfLqw1oRbl20Dxr75rVo+11eOTNRsYt6+9o/0=
CKXu1vdV4E58T+3pTnN/hyMOBHKJqRrzm4Nw+4I8VrmRX6q4gtOLWKGkp9EwY6x1cpv7xNAlhz5ivIhuaUieotO1ypvc0KTO89ODue/yRN4SXbyZU1atuvn2u/yShphpuPmm/9sk2aJfLqw1oRbl20Dxr75rVo+11eOTNRsYt6+9o/0=
IpkxkBxsufX4CUqdSp+QFVpNYWhhDIQ5FscmR6mr5pISLjUnUigsBtMtbTM2l+QkYJVHn3IRNUvtNOeUgd02e5o5JPttSGb9QfJEjI4CDxAoDkU1XDdqiMKi9eOldSkq8lKEPerVZU6rtt/G/ZD0Hi7Fbjlw0+08v84Zngq5J45TnxORuLJdjkl5c1MVWX1AgYOro+s=
EKWHr3pwr+2YffFxAwBPAIR8d6SYsdd9dHPrXggpFH5kPsXg0HVH3nM1KeOm5+FzGwzWI9EzWtMC76j0vD0zH4q4aRshzNP0lcU6S+YR8Ds5INoNzWrQLHq6Q0D05nE1aN+22I4aAUMx7aXaTjrQ/T79GX6nrsumyWg4TnJtmrkEezHs87Ytfh6hK76vt0fRbFrh/sXh5/Nh4bGQ3eufo98=
hPtBbfVzAxaPTMJhfrLvISx0iMtyzpKnKxEHndit9UtmSgFhx86veetyFngcdiXUh7vagI7yqmVIbuKSmTCmD+YOoulaPhfxfpz11RxnkYBW2y+qzos6WITnp3n1mL6dSeJszCbyh3CQ/n01ZMfS6EpSXaONZSFKKoIcvXIFPW6jpreGFSB8vtb1FjmI45WcN35xXuKpL66Lz4sRIOIFbkFpW5O9KfWgOfOTo9M=
hPtBbfVzAxaPTMJhfrLvISx0iMtyzpKnKxEHndit9UtmSgFhx86veetyFngcdiXUh7vagI7yqmVIbuKSmTCmD+YOoulaPhfxfpz11RxnkYBW2y+qzos6WITnp3n1mL6dSeJszCbyh3CQ/n01ZMfS6EpSXaONZSFKKoIcvXIFPW6jpreGFSB8vtb1FjmI45WcN35xXuKpL66Lz4sRIOIFbkFpW5O9KfWgOfOTo9M=
67xsxQfvsPzxxYkYl6fkKi15dtjWGVQfckVhPBGCEPg+mqIfnKL5tnHYlYhrh88j6hiQoyIZMNJ1CC8RjTNsLydWYuKn/25ZLKt6BV5GcYilgzhZ5KJYvO1l2V+KshpQVo17oWlNVU/6PkaSNuDB7nYT9mi474O5kRDCbQX6aOxiSgvgTLaZNYCPDnjG6hmDiX1tulYKeH1WDQFebz4z5tFYcK4KvbK5LCvJjDuGNb5mMWOet8OvUcRq+R6NcV+zeZF5MGU796O3
/XSt51A15uVBGA8k8zH7GQtiXqaEm0DK2dD3ADeOhGXcRfL+zp802jxTAGu4jROdtMJWDALS3ILpXKtv6g8f81/74ljiWBW0LY93EpQtDgZJ9dmxEd3xF4hC4ECRB0WRRHPsIC8O+xNMmejD75TtKJsub8ckQYYfzpImM6EpFClpCEn8unUp/KRL9BdIBMytwEL13XVpzE9k6issrxJmZyyTbVsHFro2APCeBPrfIosrCdnRcQ5YUmgmtmNDfKLmBeThaQAOmjTvPGvM07ZcRA3so6o=
1TPWksIz3XV+LKp2L74Y2T3aZQhjaWgb8DMIegVWwda7ZiBSHhiiwBBgiCLP7gmMt+SdIhbFOtLHg7dAVURzaWwTIN3GWw8s3BXbRjYcPPaVmFKKx7XesxAAWFZHc9fBs8JINuadCDHfJvECLRZP5K7W1AEseTIXF/TluitO+I195ml/8bHa1mdmU00BQyetZ0j7h6mj6Q==
Kxk7cMbRyLWsmxFL8hlwvozooqvUB6SdCKjOOngaAo+I66jxtlm8T+CSpkJSRtDCSDMu2fTe74BSWHxoZ20XL+fTSzw6NSm8JAv018jEzG1AAvWd9anMj+QqK2wvUmYnrFNtm4dWunaAsJ7Eeh8iS6tJ2ZHxzliS6Oa2I8M8oqaFJOGpgE6adG98awxTdlyEjayj6g==
obZ8rPaqlAEJ2LbibrYg2JkV9ADVUfEypus+c5GcX/Xcuj1qnzkSXh8ubLVhFqVWhfHuPqtWzzUV49O12xj3L32jPQ==
XBeAhwhfzyhCgFz83rFZkJxwDztOnp0ON7iQu+WvwCXZRrbSoc6V2c1VZhwUWYUOcYbho/YMaV+Uyv2Xecb/IFsyx9ehj4U/TKsV5ilWDjMhrkg1BA2MsnSP3Ix1F2FPZP2o9PtWS0R+JZA9TbFzkPIkLE4uXv6p2un3BxlbJegwoOT4plnn6nrk+IoBQzTIEuaDwhtWl4Bk5pGio+A=
QE31Un7d2dM7nYY6mhPhxV05Py1aaNzzMwwjLNhrf5S30hREBGY4/OBx5pCqvYS3J8iWzjaHOijYFxtPDAtFumnwI1R2QY3oC0ze+jAPOXVnzsM2j8Wa8dXp9tVj2OFvJz2PCRKnjLeSCcx7xbhu3blC3Ey2EtewoN5tNXTn4igass0jPcXRCvqiLL0C5W2uE8ZHBoWALH6mFQY5mINl3Ofe4d6SSZ/uW6p7ERDCVa4xyesTLUkl4AnTg6PD
uXwPcbAmoIBQ94UMtmEprTdHmeJJCRN9gJC/WKEBzWWtMVHN04hfFR6K3zVUliMyNP52u/Mkwv60/GFxsBb6bF/kqxTj7jzcPXSjMg==
8ecTlUCG5N7UdYBM8KGdpvCPIV6ptDoKvAqOEe3OGgGBGRxSSsSz3bMrSEgNBJChyxi9zoUBWv5VkHRJc4OhgqCGm1taeECETcPIYOZBt0LazMgygfsE4LJOU9rbzkdohA5hWqMY
9KpbSFhImQfEI6AtwJDz2GlQ+nOiUBFXUVbMIWexH8Gx71zakYqF8Rp3FgYTxc2q7pfNS/3VUIgJYf0qYou6y92MY704Olmioyne5pvOKK1tJvndIbEKNvemQ63Rw9dNl4gLZ1mjGQ==
K3dFZ/zswV3L3y6zAZme0PPGpB74sXgirYq5CT4HUs6/pWEiagdpkyGVDFDtcfkijqvWAxk8BwXEuiUaR5marnfuRKVpNp2F/XFWblM2xyV9I3sFU3gvH2WjJQ==
hQnh69peV9P1qdvkP4YylDXpJ4MP5dkn5rx0KqmKvQEyF07W24WFGhY3pdtlVcgYoYFFWipLcpuFrIuNQDqhkssJBjbTjuBd1UZRTbkxkqYfBjsdGQOfHU9oIxdhoyE=
SwpvY9BjCMzv6LFxbGNBchzaCKY+1/g90bx0KqmKvQEyF07W24WFGhY3pdtlVcgYoYFFWipLcpuFrIuNQDqhkssJBjbTjuBd1UZRTbkxkqYfBjsdGQOfHU9oIxdhoyE=
MmzQ+FIwmWOUeUzoxZD/C8kDm2ZLk2oW/q4rCj+FuJ/EQkkVF478n89/h/WqvEspL474GyBPT+TBSYJ6Y1aBQczigd4yib9uu2nbEXCCdS7RCQsTjQlFYCkTY6Mj
yWRjzt47tq5vHSJ8mjEcIyx0iMtyzpKnKxEHndit9UtmSgFhx86veetyFngcdiXUh7vagI7yqmVIbuKSmTCmD+YOoulaPhfxfpz11RxnkYBW2y+qzos6WITnp3n1mL6dSeJszCbyh3CQ/n01ZMfS6EpSXaONZSFKKoIcvXIFPW6jpreGFSB8vtb1FjmI45WcN35xXuKpL66LyYsRIOIFbkFpW5O9KfWgOfOTo9M=
aCcqDavEXo07/6a9Zra1FDdHmeNJCRN9gJC/WKEBzWWtMVHN04hfFR6K3zVUliMyNP52u/Mkwv63/GFxsBb6bF/kqxTj7jzcPXSjMg==
0EkgT42fdSt8/F3JAy+wMoKn4g8vV6vVee0tPEMZu7MgaueOuLGio4YRhSchn7GyarCfBEK86sCzdGqEgaO6K7RUSJL+M9IQLywJh+xBbIJZO9sFbT0VAO+p1648DAmqTVFcp2M4F9WkvTCaX/irX3bhYPoUXON5F+cELtQgeJEVGYfR+4/UIqiqWHxvnrgP+FB2cw1Z30zMVUsm5pzMlmXYouo3tS7T4ECoNrfzB6EjglhWNp3Ykc9mYSL9ln/EHpbkoZx5grcnNFWaG86ore0med2hsYo2d6bDrVHDV00XiItn2aOZ
B/vvcmJ35pes2SCWoR/w9J1V23Bq2Cejqn0Lnd7i/B2+f5H78Tth1Bw77frLsBL6att163BontnJl1Fvjw/DKrRrfR7YdHKIyJQpl+mFGPZHbpP+jWSyeD1a0LeUkCAy3dkh4LiWVyM5TRTEcCIl+X31TGfMcuugk6mwP5gBO4r1IrdYLzWAzw6FktT2EdUX7AMl3qluPpuBhpitxBVc2pTnLPR1b5EnhJV47DvOm2zejaAFzYlDOFIMfNZuRq5BugGH/xmjVQBQSLTg5sG3wtpMy7KBewRgss5TWttOR+iEjmHao5g=
puf5m5vkfxLCM6d7sht1Z95zd9pi707JhqSFkuSo1OZM1LJ6vnZ9UNL0pNAHQQVJ95wvhFYwSFoHKbtszg0YVG7dr/9/bTiTRD1QWn/4S58WYcu/M1yDufdnpO70IJjRtZknkRuPtOIIKvi8D56YT1jQFjPtWf+MbNWrZoac7NaFWMIqF7UOE4DASHaX82fhwwL4lhadONGv5sFi3ZYfBL4WRGH8eWL3h7T12vvOiG1NppkdwbGqdtcmo22xw3eNdwhrJ/mjuQ==
H6atUnG521CmmXG5xUqf5OcyidaljCyl158Q5WqymkVi1f12fQ20/dg6E2QJyThCq25Mlw/63Rh4iaZaZ/fZJl0LW9PDW47LZ3qRc8J5gvuDIBCv5QX8wkMIoUV5Az7vrhcL4ZoBSwZD24/yJJLvBYhh+A2mOf3uh5zRFAdBTSwcg+BXhVdRwu5QiFzUpY2pCk3JiP3s6JnTrbw4n3Wdr4/OsnF7BolcS6vGZgMvc0bYbCXNeBKzdkZd4VS4G+3sudqyZTHB0I1npmqhuXj14livDZ3cU0cqrnifQ8OX1bEDYyxx7pkAfOJC9a2lhIfzhP7wa7J5zQgpDdz6qlkOI6R6fLJrmWcUGq1sjFKNQ1crbWw7qG1sggpMkPnK0aVYBBx3EduX+FYgQKwJyUkL+c8P4AokegTkO37M94SgOpuZmcvkgGX3ntI8GI65iK6Cw7Xau+wQdC5jUzMZn7IU/iJdTHmDlh3aiXYrXEJGaImo+bafq2SJAs+uXNURVrW1NfGenruWfxVlYwNVS1iHj62j7Q==
WSLaH7fe2NGQGTKdaJTZGsvM6Du3WBEDCobSHDD2BMrf8KqqAh84NVEpaw0zcTTWfLB5nBp3LxTEmwdRgddCcdCKdK0hRbPof2/tSALMQTGlu7XE4NVlXlGNdJzgDOcar5cROYd+exGFyoDMQzJgty52ay+BHaf9Taw4eFScVkSNhPIr87VtbrNwpIFola7nufSnDU3Mgob42W/MhdFavJl0kdieh6uwwsgaBHM7tFBTKug/zICn46Yi4PnVbNY7l2Ryzmonn5plsSvIXrcTyiRMLJ/vSNfnh7Yc8RCyYSC7/M8Uc9lr5Z0Beu1ayL+2uJ4do56VQWmNHF5WRRE4aRVHfROKqQgA/cby9RXx/uERutms7emxU/nd9JXkfRtpvczm08zCS5DTOZDvGNFbGrXS16gvxeA/ThXyBHbB9YesM4Vuqd6eq0EWuP1ERbxKVJfMhHUfcVdEBZi8u567/B69ALXNOeMIEpxcBu6WztH68ecPGVM18BDY1DBmEZdSmnxrAoHLpFByXnMKWx6neET+gaqj6A==
+rTGVcHvyn/VC6+43Tfbx5C8RlGWCor88aJ64jlB1J23KTOod1PeMeqmsXOmNUpAlsNlvS1xTCNc3kdfb/7aap7zAOGi4hQpMjBS7Z2A7kljtMG/uxK9Jyp8B5UUb72qi3fQkcCPOaCq26ft7sZZ2Hvh64vcW9Q38dX4SZmi2UtVNnb67fGyIUL5JFGvKl2MyzDVCS+Y5iOaY2dfQ+Y0gBLYRk3P3TBN8/y/BHodSX1mHI19f5v1bkjFGU5beFG7HKJRR/GyYiwfOXp64bKczXvwalOP2EP6yNHTSUIpvXZwpauQt5biL7fpnrtVLrSoRedRHzcFeUPWRYzR0th40i9p9+yFB76+Sp8wEZ/M8x3G3ngRbJde2gaGiZF1MMB99gjAZQEjEW1WT+qF/gaQnErd2NlHbH68jaW53ypyOlB2zZshiQ11T9r+JhJWIOHuVlNW6FivY7mxUGLtZToI7AKKq2Ds9nk1YM+u+GYqeYPpvQ069kpYfbZN4d7PfhPm8ZgQLmp9krkMaykM28YVvkbxwx7XAc9R5KpZnm0xv7OZ0dmwxfuXo9c=
DqJk9lRnB4psN1k6bsOw67wgN/6gRZRuZ2dbkSi1rQsUWKPhYKTdBP4hdzH8IKf+hB008S2Z1ouap0DEvLUUI4IEFr/FDUF93pRQ/V/iKjcxyGqsC2xADPd5yvLJW5X04nA5jVWHzfjg6R1ioTEMIACwnyZfq2kFR8IDrXV2+PCjDhiL3soTkwGh30G9kEBEtKAu+H04ipcziRVSQ0zcPYgp1ltJyN8xTfD6ughlF3BlbSKAaUjp5F470wwydGI4kwfMbKOWkINMPN9fVh6YxTVQrodn2ApyqhvnppWNU3S+C2t21HBUo+90r9t3CmRN8A4ZHEvAtyizZRNZbb0C0br0x4pIImUfHik51X0gJmqlLUDV5fsFr0qVcDwN+opJ9U2GXeGGoZDt1clvCWGMKQTBY1VN8J7vDH4zLCOF6NP47SMmRW6vFK95mIO+KYo4lv2NO1yP/dJp4uaXsSrAQaT5xPakq7S4dSMJa7S54ABbIsPA7oF4iQ2Fm7TiICQ6Dqq27QpNn7OZ701M4OSsDIYt7+5qwBO+QffcbIJiC7a7ot/EtML5lqPU
DdqBNkCloIaP8Ep6ZJaMSvede+b87MAE6wMGusx17yRDVnNDg2VC0RlxdrKuZa4QlFMddxn1d0bIhB9L742QyURxvKmpEckc6NhWOGM4cHLXoyJRlmTU02hFeO7GLvWYHOnkqsTU5as97ricQ1URr/j7NHf/P6WuMclsmF82Gys8oSh7nywNkOsWb/9U+WanvirmC9ER9BEZsMlEyk3JxNRzNK84vCwVsHr15QXRLPcUUusU3yqGX1wr7eN3LloOcMhevIpnwjNbMdnpAba46hiedlszRELed1xh0XA2egyfBKt0ow68/H3Uo5I=
pQO0RQdiRhsWTS4/NHk/zvede+b87MAE6wMGusx17yRDVnNDg2VC0RlxdrKuZa4QlFMddxn1d0bPhh9L742QyURxvampEckc6NhWOGM4cHLXoyJRlmTU02hFeO7GLvWYHOnkqsTU5as97ricQ1URr/j7NHf/P6WuMclsmF82Gys8oSh7nywNkOsWb/9U+WanvirmC9ER9BEZsMlEyk3JxNRzNK84vCwVsHr15QXRLPcUUusU3yqGX1wr7eN3LloOcMhevIpnwjNbMdnpAba46hiedlszRELed1xh0XA2egyfBKt0ow68/H3Uo5I=
qq0tjQ+/1eBiXBqv9Lf2rvede+b87MAE6wMGusx17yRDVnNDg2VC0RlxdrKuZa4QlFMddxn1d0bIhB9L742QyURxsqmpEckc6NhWOGM4cHLXoyJRlmTU02hFeO7GLvWYHOnkqsTU5as97ricQ1URr/j7NHf/P6WuMclsmF82Gys8oSh7nywNkOsWb/9U+WanvirmC9ER9BEZsMlEyk3JxNRzNK84vCwVsHr15QXRLPcUUusU3yqGX1wr7eN3LloOcMhevIpnwjNbMdnpAba46hiedlszRELed1xh0XA2egyfBKt0ow68/H3Uo5I=
uf3Gs5PePqCnldsT1j1qJfede+b87MAE6wMGusx17yRDVnNDg2VC0RlxdrKuZa4QlFMddxn1d0bPhh9L742QyURxs6mpEckc6NhWOGM4cHLXoyJRlmTU02hFeO7GLvWYHOnkqsTU5as97ricQ1URr/j7NHf/P6WuMclsmF82Gys8oSh7nywNkOsWb/9U+WanvirmC9ER9BEZsMlEyk3JxNRzNK84vCwVsHr15QXRLPcUUusU3yqGX1wr7eN3LloOcMhevIpnwjNbMdnpAba46hiedlszRELed1xh0XA2egyfBKt0ow68/H3Uo5I=
t/aIdLywK/wGh7sOeY27cfede+b87MAE6wMGusx17yRDVnNDg2VC0RlxdrKuZa4QlFMddxn1d0bIhB9L742QyURxsKmpEckc6NhWOGM4cHLXoyJRlmTU02hFeO7GLvWYHOnkqsTU5as97ricQ1URr/j7NHf/P6WuMclsmF82Gys8oSh7nywNkOsWb/9U+WanvirmC9ER9BEZsMlEyk3JxNRzNK84vCwVsHr15QXRLPcUUusU3yqGX1wr7eN3LloOcMhevIpnwjNbMdnpAba46hiedlszRELedlxh0XA2egyfBKt0ow68/H3Uo5I=
nCNxYiPvaESksGtK1Miqm/ede+b87MAE6wMGusx17yRDVnNDg2VC0RlxdrKuZa4QlFMddxn1d0bPhh9L742QyURxsampEckc6NhWOGM4cHLXoyJRlmTU02hFeO7GLvWYHOnkqsTU5as97ricQ1URr/j7NHf/P6WuMclsmF82Gys8oSh7nywNkOsWb/9U+WanvirmC9ER9BEZsMlEyk3JxNRzNK84vCwVsHr15QXRLPcUUusU3yqGX1wr7eN3LloOcMhevIpnwjNbMdnpAba46hiedlszRELedlxh0XA2egyfBKt0ow68/H3Uo5I=
57FMbDZW5iLD4xccXPwql/ede+b87MAE6wMGusx17yRDVnNDg2VC0RlxdrKuZa4QlFMddxn1d0bIhB9L742QyURxtqmpEckc6NhWOGM4cHLXoyJRlmTU02hFeO7GLvWYHOnkqsTU5as97ricQ1URr/j7NHf/P6WuMclsmF82Gys8oSh7nywNkOsWb/9U+WanvirmC9ER9BEZsMlEyk3JxNRzNK84vCwVsHr15QXRLPcUUusU3yqGX1wr7eN3LloOcMhevIpnwjNbMdnpAba46hiedlszRELedlxh0XA2egyfBKt0ow68/H3Uo5I=
LAFvhMDq4TiVI8S2ZWafN/ede+b87MAE6wMGusx17yRDVnNDg2VC0RlxdrKuZa4QlFMddxn1d0bPhh9L742QyURxt6mpEckc6NhWOGM4cHLXoyJRlmTU02hFeO7GLvWYHOnkqsTU5as97ricQ1URr/j7NHf/P6WuMclsmF82Gys8oSh7nywNkOsWb/9U+WanvirmC9ER9BEZsMlEyk3JxNRzNK84vCwVsHr15QXRLPcUUusU3yqGX1wr7eN3LloOcMhevIpnwjNbMdnpAba46hiedlszRELedlxh0XA2egyfBKt0ow68/H3Uo5I=
difLeC5bTQ+WHlPKkFcLI/ede+b87MAE6wMGusx17yRDVnNDg2VC0RlxdrKuZa4QlFMddxn1d0bIhB9L742QyURxtKmpEckc6NhWOGM4cHLXoyJRlmTU02hFeO7GLvWYHOnkqsTU5as97ricQ1URr/j7NHf/P6WuMclsmF82Gys8oSh7nywNkOsWb/9U+WanvirmC9ER9BEZsMlEyk3JxNRzNK84vCwVsHr15QXRLPcUUusU3yqGX1wr7eN3LloOcMhevIpnwjNbMdnpAba46hiedlszRELedlxh0XA2egyfBKt0ow68/H3Uo5I=
yvlkAk/YrgyP7CstYkWgAvede+b87MAE6wMGusx17yRDVnNDg2VC0RlxdrKuZa4QlFMddxn1d0bPhh9L742QyURxtampEckc6NhWOGM4cHLXoyJRlmTU02hFeO7GLvWYHOnkqsTU5as97ricQ1URr/j7NHf/P6WuMclsmF82Gys8oSh7nywNkOsWb/9U+WanvirmC9ER9BEZsMlEyk3JxNRzNK84vCwVsHr15QXRLPcUUusU3yqGX1wr7eN3LloOcMhevIpnwjNbMdnpAba46hiedlszRELedlxh0XA2egyfBKt0ow68/H3Uo5I=
GjZFVQES1iXXmynmY+sjCPede+b87MAE6wMGusx17yRDVnNDg2VC0RlxdrKuZa4QlFMddxn1d0bIhB9L742QyURxvKipEckc6NhWOGM4cHLXoyJRlmTU02hFeO7GLvWYHOnkqsTU5as97ricQ1URr/j7NHf/P6WuMclsmF82Gys8oSh7nywNkOsWb/9U+WanvirmC9ER9BEZsMlEyk3JxNRzNK84vCwVsHr15QXRLPcUUusU3yqGX1wr7eN3LloOcMhevIpnwjNbMdnpAba46hiedlszRELedlxh0XA2egyfBKt0ow68/H3Uo5I=
UAAgNJIZwpxQNdv07mT1d/ede+b87MAE6wMGusx17yRDVnNDg2VC0RlxdrKuZa4QlFMddxn1d0bPhh9L742QyURxvaipEckc6NhWOGM4cHLXoyJRlmTU02hFeO7GLvWYHOnkqsTU5as97ricQ1URr/j7NHf/P6WuMclsmF82Gys8oSh7nywNkOsWb/9U+WanvirmC9ER9BEZsMlEyk3JxNRzNK84vCwVsHr15QXRLPcUUusU3yqGX1wr7eN3LloOcMhevIpnwjNbMdnpAba46hiedlszRELedlxh0XA2egyfBKt0ow68/H3Uo5I=
H+nsoIW78LZ/mVznHHpWtPede+b87MAE6wMGusx17yRDVnNDg2VC0RlxdrKuZa4QlFMddxn1d0bIhB9L742QyURxsqipEckc6NhWOGM4cHLXoyJRlmTU02hFeO7GLvWYHOnkqsTU5as97ricQ1URr/j7NHf/P6WuMclsmF82Gys8oSh7nywNkOsWb/9U+WanvirmC9ER9BEZsMlEyk3JxNRzNK84vCwVsHr15QXRLPcUUusU3yqGX1wr7eN3LloOcMhevIpnwjNbMdnpAba46hiedlszRELedlxh0XA2egyfBKt0ow68/H3Uo5I=
/GcdfPACuh1jCQSfKMJKA/ede+b87MAE6wMGusx17yRDVnNDg2VC0RlxdrKuZa4QlFMddxn1d0bPhh9L742QyURxs6ipEckc6NhWOGM4cHLXoyJRlmTU02hFeO7GLvWYHOnkqsTU5as97ricQ1URr/j7NHf/P6WuMclsmF82Gys8oSh7nywNkOsWb/9U+WanvirmC9ER9BEZsMlEyk3JxNRzNK84vCwVsHr15QXRLPcUUusU3yqGX1wr7eN3LloOcMhevIpnwjNbMdnpAba46hiedlszRELedlxh0XA2egyfBKt0ow68/H3Uo5I=
ucfCEw09PFfAN0dcWFt/XyGMYcbuM2aFkJw13G5WUo9FcfmNoTHZah0VTGCWTQnKwn4B5I/i3ZS6Qh34bnhvRirpDYNPcTh2eZZwpz1dz+QmUr3JF1WXvFG7NIR2dLhyF0IjY4sRjdNskwfYABE4wt4qBUTUXUQmvLC1lxX6uHCbkaEzcI5ANNkbtVvYHaw0x7Jrd3SVCHdnyN0sQ4Lvkwy9Vru23gbHabVkbXHkiWjSSTkYHMeUI0DYfCmYbvUJ3RWca5wmi1jnDpajtP8tT++qKlI4/H6wcoMSj/OlWYVZ8oj2EGqWl4vg0qIeCCH9aDKK0FewC/jbauzAVcCjfg==
I8zJpAq9qT5kMNd+nf6ys/ede+b87MAE6wMGusx17yRDVnNDg2VC0RlxdrKuZa4QlFMddxn1d0bPhh9L742QyURxsKipEckc6NhWOGM4cHLXoyJRlmTU02hFeO7GLvWYHOnkqsTU5as97ricQ1URr/j7NHf/P6WuMclsmF82Gys8oSh7nywNkOsWb/9U+WanvirmC9ER9BEZsMlEyk3JxNRzNK84vCwVsHr15QXRLPcUUusU3yqGX1wr7eN3LloOcMhevIpnwjNbMdnpAba46hiedlszRELedlxh0XA2egyfBKt0ow68/H3Uo5I=
8vNQMseleSxLQ2oidpip3d4DnFxMPp0yvd9yNjrAdnC6xjDwA0F5aitljTXbPXl8fkOoTyzss+vA0hnxjhNSw7QAN/CdoOMNdb9Zgi80b+IIeUshdo3mZQqmKKtFjm5Io4xpMWHCWrzPZnsJOot1OAH5wuUGVplIzTPAeeZ2gjy1tdE/MkKyEH6dIwHh/S1PAo7OMu7w6S7eY06IsL9bOclAyk19SoCsClrTgMRGoTW4f4YYHvpxw2HNFZpeWiD9jl0JvtdOmyb5SKgOgg1KuVSbQSxjlh3+zsHb/r8Q99EcuvE+dcE3c5GBIdDtS8+jjw==
ucfCEw09PFfAN0dcWFt/XyGMYcbuM2aFkJw13G5WUo9FcfmNoTHZah0VTGCWTQnKwn4B5I/i3ZS6Qh34bnhvRirpDYNPcTh2eZZwpz1dz+QmUr3JF1WXvFG7NIR2dLhyF0IjY4sRjdNskwfYABE4wt4qBUTUXUQmvLC1lxX6uHCbkaEzcI5ANNkbtVvYHaw0x7Jrd3SVCHdnyN0sQ4Lvkwy9Vru23gbHabVkbXHkiWjSSTkYHMeUI0DYfCmYbvUJ3RWca5wmi1jnDpajtP8tT++qKlI4/H6wcoMSj/OlWYVZ8oj2EGqWl4vg0qIeCCH9aDKK0FewC/jbauzAVcCjfg==
8vNQMseleSxLQ2oidpip3d4DnFxMPp0yvd9yNjrAdnC6xjDwA0F5aitljTXbPXl8fkOoTyzss+vA0hnxjhNSw7QAN/CdoOMNdb9Zgi80b+IIeUshdo3mZQqmKKtFjm5Io4xpMWHCWrzPZnsJOot1OAH5wuUGVplIzTPAeeZ2gjy1tdE/MkKyEH6dIwHh/S1PAo7OMu7w6S7eY06IsL9bOclAyk19SoCsClrTgMRGoTW4f4YYHvpxw2HNFZpeWiD9jl0JvtdOmyb5SKgOgg1KuVSbQSxjlh3+zsHb/r8Q99EcuvE+dcE3c5GBIdDtS8+jjw==
ucfCEw09PFfAN0dcWFt/XyGMYcbuM2aFkJw13G5WUo9FcfmNoTHZah0VTGCWTQnKwn4B5I/i3ZS6Qh34bnhvRirpDYNPcTh2eZZwpz1dz+QmUr3JF1WXvFG7NIR2dLhyF0IjY4sRjdNskwfYABE4wt4qBUTUXUQmvLC1lxX6uHCbkaEzcI5ANNkbtVvYHaw0x7Jrd3SVCHdnyN0sQ4Lvkwy9Vru23gbHabVkbXHkiWjSSTkYHMeUI0DYfCmYbvUJ3RWca5wmi1jnDpajtP8tT++qKlI4/H6wcoMSj/OlWYVZ8oj2EGqWl4vg0qIeCCH9aDKK0FewC/jbauzAVcCjfg==
8vNQMseleSxLQ2oidpip3d4DnFxMPp0yvd9yNjrAdnC6xjDwA0F5aitljTXbPXl8fkOoTyzss+vA0hnxjhNSw7QAN/CdoOMNdb9Zgi80b+IIeUshdo3mZQqmKKtFjm5Io4xpMWHCWrzPZnsJOot1OAH5wuUGVplIzTPAeeZ2gjy1tdE/MkKyEH6dIwHh/S1PAo7OMu7w6S7eY06IsL9bOclAyk19SoCsClrTgMRGoTW4f4YYHvpxw2HNFZpeWiD9jl0JvtdOmyb5SKgOgg1KuVSbQSxjlh3+zsHb/r8Q99EcuvE+dcE3c5GBIdDtS8+jjw==
ucfCEw09PFfAN0dcWFt/XyGMYcbuM2aFkJw13G5WUo9FcfmNoTHZah0VTGCWTQnKwn4B5I/i3ZS6Qh34bnhvRirpDYNPcTh2eZZwpz1dz+QmUr3JF1WXvFG7NIR2dLhyF0IjY4sRjdNskwfYABE4wt4qBUTUXUQmvLC1lxX6uHCbkaEzcI5ANNkbtVvYHaw0x7Jrd3SVCHdnyN0sQ4Lvkwy9Vru23gbHabVkbXHkiWjSSTkYHMeUI0DYfCmYbvUJ3RWca5wmi1jnDpajtP8tT++qKlI4/H6wcoMSj/OlWYVZ8oj2EGqWl4vg0qIeCCH9aDKK0FewC/jbauzAVcCjfg==
8vNQMseleSxLQ2oidpip3d4DnFxMPp0yvd9yNjrAdnC6xjDwA0F5aitljTXbPXl8fkOoTyzss+vA0hnxjhNSw7QAN/CdoOMNdb9Zgi80b+IIeUshdo3mZQqmKKtFjm5Io4xpMWHCWrzPZnsJOot1OAH5wuUGVplIzTPAeeZ2gjy1tdE/MkKyEH6dIwHh/S1PAo7OMu7w6S7eY06IsL9bOclAyk19SoCsClrTgMRGoTW4f4YYHvpxw2HNFZpeWiD9jl0JvtdOmyb5SKgOgg1KuVSbQSxjlh3+zsHb/r8Q99EcuvE+dcE3c5GBIdDtS8+jjw==
ucfCEw09PFfAN0dcWFt/XyGMYcbuM2aFkJw13G5WUo9FcfmNoTHZah0VTGCWTQnKwn4B5I/i3ZS6Qh34bnhvRirpDYNPcTh2eZZwpz1dz+QmUr3JF1WXvFG7NIR2dLhyF0IjY4sRjdNskwfYABE4wt4qBUTUXUQmvLC1lxX6uHCbkaEzcI5ANNkbtVvYHaw0x7Jrd3SVCHdnyN0sQ4Lvkwy9Vru23gbHabVkbXHkiWjSSTkYHMeUI0DYfCmYbvUJ3RWca5wmi1jnDpajtP8tT++qKlI4/H6wcoMSj/OlWYVZ8oj2EGqWl4vg0qIeCCH9aDKK0FewC/jbauzAVcCjfg==
8vNQMseleSxLQ2oidpip3d4DnFxMPp0yvd9yNjrAdnC6xjDwA0F5aitljTXbPXl8fkOoTyzss+vA0hnxjhNSw7QAN/CdoOMNdb9Zgi80b+IIeUshdo3mZQqmKKtFjm5Io4xpMWHCWrzPZnsJOot1OAH5wuUGVplIzTPAeeZ2gjy1tdE/MkKyEH6dIwHh/S1PAo7OMu7w6S7eY06IsL9bOclAyk19SoCsClrTgMRGoTW4f4YYHvpxw2HNFZpeWiD9jl0JvtdOmyb5SKgOgg1KuVSbQSxjlh3+zsHb/r8Q99EcuvE+dcE3c5GBIdDtS8+jjw==
ucfCEw09PFfAN0dcWFt/XyGMYcbuM2aFkJw13G5WUo9FcfmNoTHZah0VTGCWTQnKwn4B5I/i3ZS6Qh34bnhvRirpDYNPcTh2eZZwpz1dz+QmUr3JF1WXvFG7NIR2dLhyF0IjY4sRjdNskwfYABE4wt4qBUTUXUQmvLC1lxX6uHCbkaEzcI5ANNkbtVvYHaw0x7Jrd3SVCHdnyN0sQ4Lvkwy9Vru23gbHabVkbXHkiWjSSTkYHMeUI0DYfCmYbvUJ3RWca5wmi1jnDpajtP8tT++qKlI4/H6wcoMSj/OlWYVZ8oj2EGqWl4vg0qIeCCH9aDKK0FewC/jbauzAVcCjfg==
8vNQMseleSxLQ2oidpip3d4DnFxMPp0yvd9yNjrAdnC6xjDwA0F5aitljTXbPXl8fkOoTyzss+vA0hnxjhNSw7QAN/CdoOMNdb9Zgi80b+IIeUshdo3mZQqmKKtFjm5Io4xpMWHCWrzPZnsJOot1OAH5wuUGVplIzTPAeeZ2gjy1tdE/MkKyEH6dIwHh/S1PAo7OMu7w6S7eY06IsL9bOclAyk19SoCsClrTgMRGoTW4f4YYHvpxw2HNFZpeWiD9jl0JvtdOmyb5SKgOgg1KuVSbQSxjlh3+zsHb/r8Q99EcuvE+dcE3c5GBIdDtS8+jjw==
ucfCEw09PFfAN0dcWFt/XyGMYcbuM2aFkJw13G5WUo9FcfmNoTHZah0VTGCWTQnKwn4B5I/i3ZS6Qh34bnhvRirpDYNPcTh2eZZwpz1dz+QmUr3JF1WXvFG7NIR2dLhyF0IjY4sRjdNskwfYABE4wt4qBUTUXUQmvLC1lxX6uHCbkaEzcI5ANNkbtVvYHaw0x7Jrd3SVCHdnyN0sQ4Lvkwy9Vru23gbHabVkbXHkiWjSSTkYHMeUI0DYfCmYbvUJ3RWca5wmi1jnDpajtP8tT++qKlI4/H6wcoMSj/OlWYVZ8oj2EGqWl4vg0qIeCCH9aDKK0FewC/jbauzAVcCjfg==
8vNQMseleSxLQ2oidpip3d4DnFxMPp0yvd9yNjrAdnC6xjDwA0F5aitljTXbPXl8fkOoTyzss+vA0hnxjhNSw7QAN/CdoOMNdb9Zgi80b+IIeUshdo3mZQqmKKtFjm5Io4xpMWHCWrzPZnsJOot1OAH5wuUGVplIzTPAeeZ2gjy1tdE/MkKyEH6dIwHh/S1PAo7OMu7w6S7eY06IsL9bOclAyk19SoCsClrTgMRGoTW4f4YYHvpxw2HNFZpeWiD9jl0JvtdOmyb5SKgOgg1KuVSbQSxjlh3+zsHb/r8Q99EcuvE+dcE3c5GBIdDtS8+jjw==
8vNQMseleSxLQ2oidpip3d4DnFxMPp0yvd9yNjrAdnC6xjDwA0F5aitljTXbPXl8fkOoTyzss+vA0hnxjhNSw7QAN/CdoOMNdb9Zgi80b+IIeUshdo3mZQqmKKtFjm5Io4xpMWHCWrzPZnsJOot1OAH5wuUGVplIzTPAeeZ2gjy1tdE/MkKyEH6dIwHh/S1PAo7OMu7w6S7eY06IsL9bOclAyk19SoCsClrTgMRGoTW4f4YYHvpxw2HNFZpeWiD9jl0JvtdOmyb5SKgOgg1KuVSbQSxjlh3+zsHb/r8Q99EcuvE+dcE3c5GBIdDtS8+jjw==
WyhcMgZgTeJmJUvKWd2nZNgLmT1Bhm43sbUpPXmV843EUgcVAs+kjs5+yr2ktA04MIDkRyAQRv3MQO89eU+GVt/+gd4yib9uu2naEXCCdS7RCQsTjQlFYCkTY6Mj
85Vxn4BMozn3xfeaR++JjppRPOyImZPv6s3R9+/ZmxnhyXGd6cpbOj68ylsPhmBw8PzQBJDDgsAlX4hNPtu3vLS1A7b+XHSmrXi6ut+1xoP44GAGDzMfMWtiIKZeHfChd0apsuXWh7TW9vzxNHkqZz/UHWpjDrA9pQbB7YgxYkaPxgs9SYPvfV8ok7exo/E=
Iojb93H/bH2Rryoj8ZLMnGlncBWcOSTsZHm/x5SZ+iwTGSdBlZnFdQVq91KqDF6jkwb8CGRMROw8Y+6okY98lYKby+SAZfee0jwYjrmIroLDtdq77BB0LmNTMxmfshT+Il1MeYOWHdqJditcQkZoiaj5tp+rZIkCz65c1RFWtbU08Z6eu5Z/FWVjA1VLWIePraPt
egOtLBzkD+nAbrJLKGpS0l05Py1aaNzzMwwjLNhrf5S30hREBGY4/OBx5pCqvYS3J8iWzjaHOijYFxtPDAtFumnwI1R2QY3oC0ze+jAPOXVnzsM2j8Wa8dXp9tVj2OFvJz2PCRKnjLeSCcx7xbhu3blC3Ey2EtewoN5tNXTn4igass0jPcXRCvqiLL0C5W2uE8ZHBoWALH6mFQY5mINl3Ofe4d6SSZ/uW6l6ERDCVa4xyesTLUkl4AnTg6PD
cwL2yPsIYWQ1ulTnMc+0nKLwnQOoqVUf8TZNAyVnWoCJ1tMqDbDbrpJu6M1g8wVwpl1qC+jhEufLh8ImU4FDMeuaVl+RItCZZKFUfkTjxIB1G3kjVDFwWJv608jOScjxjX0r/MIoNGJOciZlaoVvi5nXvYSAbDzUxnX/5kqIo0fBj2ykomobbnv6T0xUiomuo+w=
gWP7IvNX493VBGV35jKxAix0hsN2kJegNkZTkpfU1GNcYjJO9OeveOczWX9ZZTzDmrraiYG7qmFEUK35mT2rYfsJu5pJLhT0YN+txkJ02rR6kAKT0NQvd8LpvHv1mL6dSeJszCbyh3CQ/n01ZMfS6EpSXaONZSFKKoIcvXIFPW6jpreGFSB8vtb1FjmI45WcN35xXuKpL66LyYoRIOIFbkFpW5O9KfWgOfOTo9M=
mpzuS/cY9FlTduXhDiLgPoeItN8FSI2zLhIlbW8P9gznDioJEVt6IXSwvfmJHduhK6krGvlOpDQw/13GMlQK9MpwshNAdH83Msmse+X4jl0ZgvxMVlJ3MMAeTTVUJ4KouvItIx0FcYoa4gy9YiXNLvMGJwalwMz+BtVmOXjDxVyHHsHecgn/bvvpmhEwAjUukYnLE02JhWDpk6Oj4w==
Nx1ADySysEsK7BYGXhKQ0w3sZUyAsjpab2d4BfQZ/BxcOed3bDlSXJuZr/H9+X2F3SqPAnLsdrObBvQYTCwcPMSjttgpb5QlChtDFCjFjy4K/CDe4ahGksu10qsEMCx+W5PrqecSvA6q3cTJa3alqtG204waJkCZoPm+j4OEUVK37oQlqTbdBLxxFu4TNoelPSM7hZN475+lo+U=
1uEqEd6qx17TvS8vdrWy1DA2PTENs4byOSh8iNncfgwxSdNxyzY0XQTf1MOgVkdX47dwBh5Zt7MeGDjwZtEXEpo86kOBCySQcp7zSlteJzhEPgFqoyg=
3/n5SqZCIclXsAol6TGloAI82C0Xw6vIqOecuQCB8LgrXeuhlFReh8sppp7MktYfW/iyCu4xoTV4aio4Z8jL8IvyDOgleKM2
MNF30EdezHLlJwWe0M1MOmbnwFPMpvNCJjoMJcQUVAoFesPPsaxgITFr6No86ZT7MSpMaOQmjuiJ4T5XNPqTvo758uIzWu1+3iHrvm8whtGs2iH+BWEn86FhcZAda1+jHw==
B2aHH7o9NDXqknVcmTgxI3bP8WFYT9GyvXBABN0JG7WL8vwp1Gu8JwAyr+NzQ/iCnt0/R46s0JTGNX+mSkgih8HP7OSiqpuuezrPDFTKCW6jLA==
WdLpNq5sAvpwD3UkI36t8Et96rTrWfx7mVqUSOw2tqhRUba3jKp7vuYpSoK76rW+5jHjnjfALlFEankeDXHfs/mR+TDlO3ejNw==
WUG+i544ffqCDMhZN7bGAz+MnYg+G/vljw0iFFzJhPshynwoNIb+aBmBjpdk2mO+/tkiooO6ff4ugbt+X1CW0bz60b5VgZdzMcEBUM0Lb6Mv
8bQeXsx1qa9eL++6HXx48BAgWMWSm/eGOvBCaljYnw14D8J2NX6o9QS6dbZ7zghtzaYZHECxKnZXJiNtMcP3jfcI6yd5ozk=
sKg7OnR51aetgrheMZ/peREgWMWSm/eGOvBCaljYnw14D8J2NX6o9QS6dbZ7zghtzaYZHECxKnZXJiNtMcP3jfcI6yd5ozk=
5fWvhswilECe9U/U3b7xDBIgWMWSm/eGOvBCaljYnw14D8J2NX6o9QS6dbZ7zghtzaYZHECxKnZXJiNtMcP3jfcI6yd5ozk=
RhHqug3DusnkDuOlwRe2bjBczvFMwWstC2oMQXTD7N9ACn+Lk2vImp7FD29uxACshs0vDuog0h9BV5wMAgJL1rsCn+Q04jl2ozQ=
L7eoYHpGvJJ8dZA0LHMf/TBfzvFMwWstC2oMQXTD7N9ACn+Lk2vImp7FD29uxACshs0vDuog0h9BV5wMAgJL1rsCn+Q04jl2ozQ=
lFiXprvs+e9mm84GFwO4ADBezvFMwWstC2oMQXTD7N9ACn+Lk2vImp7FD29uxACshs0vDuog0h9BV5wMAgJL1rsCn+Q04jl2ozQ=
Ta/2iTbK7yUzuuXmfLPDwjBZzvFMwWstC2oMQXTD7N9ACn+Lk2vImp7FD29uxACshs0vDuog0h9BV5wMAgJL1rsCn+Q04jl2ozQ=
IPeAWNAV+Llt/JC80dH7MjBYzvFMwWstC2oMQXTD7N9ACn+Lk2vImp7FD29uxACshs0vDuog0h9BV5wMAgJL1rsCn+Q04jl2ozQ=
17tOj+nba2Ef1GVtceWsOzBbzvFMwWstC2oMQXTD7N9ACn+Lk2vImp7FD29uxACshs0vDuog0h9BV5wMAgJL1rsCn+Q04jl2ozQ=
EsKNZRElOQsgT2O9gn0n4jBazvFMwWstC2oMQXTD7N9ACn+Lk2vImp7FD29uxACshs0vDuog0h9BV5wMAgJL1rsCn+Q04jl2ozQ=
59AvBk0K9hkjdniOzyTFJjcFzK8UQBVfz4/rDOAbzG24LRDcw8FbFQzY3gNDlTYKNP52u/Mkwv62/WFxsBb6bF/kqxTj7jzcPXSjMg==
07mKlaTtdqmHECrts/K6QxMgWMWSm/eGOvBCaljYnw14D8J2NX6o9QS6dbZ7zghtzaYZHECxKnZXJiNtMcP3jfcI6yd5ozk=
D+O7jle8mvMPClHscpC/aDBczvBMwWstC2oMQXTD7N9ACn+Lk2vImp7FD29uxACshs0vDuog0h9BV5wMAgJL1rsCn+Q04jl2ozQ=
oau4sgcP63U2Q/mYlOmq/zBfzvBMwWstC2oMQXTD7N9ACn+Lk2vImp7FD29uxACshs0vDuog0h9BV5wMAgJL1rsCn+Q04jl2ozQ=
EtsJig+QYdYpw6zgw1UwVTBezvBMwWstC2oMQXTD7N9ACn+Lk2vImp7FD29uxACshs0vDuog0h9BV5wMAgJL1rsCn+Q04jl2ozQ=
h6TvjKXHlBsKPok1gd+v0TUFzK8UQBVfz4/rDOAbzG24LRDcw8FbFQzY3gNDlTYKNP52u/Mkwv62/WFxsBb6bF/kqxTj7jzcPXSjMg==
pI1AFefj15qwaO3QgQYoukUk1o5qEEL7MxG4u92SyPhAblLI9ekaJ/Ai/z5iobYSF1IRXoLpTy7riOoRgKIl7mGp+5Md6RUg2TNzozM=
hE1R+A10JdyFOfHh2fkC9EQk1o5qEEL7MxG4u92SyPhAblLI9ekaJ/Ai/z5iobYSF1IRXoLpTy7riOoRgKIl7mGp+5Md6RUg2TNzozM=
KLtHEzV8Z/BjkuVtL29gMhQgWMWSm/eGOvBCaljYnw14D8J2NX6o9QS6dbZ7zghtzaYZHECxKnZXJiNtMcP3jfcI6yd5ozk=
bWLN5rNbL/7HaItAJNcC3hUgWMWSm/eGOvBCaljYnw14D8J2NX6o9QS6dbZ7zghtzaYZHECxKnZXJiNtMcP3jfcI6yd5ozk=
UN+epbXR2MTMqS+3KK80YxYgWMWSm/eGOvBCaljYnw14D8J2NX6o9QS6dbZ7zghtzaYZHECxKnZXJiNtMcP3jfcI6yd5ozk=
ohnqynhuLWVN/6UHmPlqjjQFzK8UQBVfz4/rDOAbzG24LRDcw8FbFQzY3gNDlTYKNP52u/Mkwv62/WFxsBb6bF/kqxTj7jzcPXSjMg==
gyoggMvEZsDBrmRhnXiujUck1o5qEEL7MxG4u92SyPhAblLI9ekaJ/Ai/z5iobYSF1IRXoLpTy7riOoRgKIl7mGp+5Md6RUg2TNzozM=
u/xbIp1O3T8z0MWlokOtsEYk1o5qEEL7MxG4u92SyPhAblLI9ekaJ/Ai/z5iobYSF1IRXoLpTy7riOoRgKIl7mGp+5Md6RUg2TNzozM=
rQ7B3uMJIZzhB9YohXLACUEk1o5qEEL7MxG4u92SyPhAblLI9ekaJ/Ai/z5iobYSF1IRXoLpTy7riOoRgKIl7mGp+5Md6RUg2TNzozM=
vPKjju9w4a1aGWiex0qY7hcgWMWSm/eGOvBCaljYnw14D8J2NX6o9QS6dbZ7zghtzaYZHECxKnZXJiNtMcP3jfcI6yd5ozk=
5znGWvZdoaFjnJfJ70kXshggWMWSm/eGOvBCaljYnw14D8J2NX6o9QS6dbZ7zghtzaYZHECxKnZXJiNtMcP3jfcI6yd5ozk=
jN3Fv5pOQN25gsve6vYsyBkgWMWSm/eGOvBCaljYnw14D8J2NX6o9QS6dbZ7zghtzaYZHECxKnZXJiNtMcP3jfcI6yd5ozk=
P+M1sUPTSEsZsFUk8PGd6kAk1o5qEEL7MxG4u92SyPhAblLI9ekaJ/Ai/z5iobYSF1IRXoLpTy7riOoRgKIl7mGp+5Md6RUg2TNzozM=
BeCycLvySkIYAS/Tpfr9k0Mk1o5qEEL7MxG4u92SyPhAblLI9ekaJ/Ai/z5iobYSF1IRXoLpTy7riOoRgKIl7mGp+5Md6RUg2TNzozM=
R0m61aq2MMzsuPcb5eerEUIk1o5qEEL7MxG4u92SyPhAblLI9ekaJ/Ai/z5iobYSF1IRXoLpTy7riOoRgKIl7mGp+5Md6RUg2TNzozM=
k2O8wZ7Rj91+85+wfvU3NmJE1CsXw6vIqOecuQCB8LgrXeuhlFReh8sppp7MktYfW/iyCu4xoTV4aio4Z8jL8IvyDOgleKM2
lNHxUw+5rZ6wpeBDh4GFF2NE1CsXw6vIqOecuQCB8LgrXeuhlFReh8sppp7MktYfW/iyCu4xoTV4aio4Z8jL8IvyDOgleKM2
9XDodcnk/NqqY9sCd7xuKWBE1CsXw6vIqOecuQCB8LgrXeuhlFReh8sppp7MktYfW/iyCu4xoTV4aio4Z8jL8IvyDOgleKM2
vjBCvS/7ClRVlDTbhL/6XjMFzK8UQBVfz4/rDOAbzG24LRDcw8FbFQzY3gNDlTYKNP52u/Mkwv62/WFxsBb6bF/kqxTj7jzcPXSjMg==
aM8SeUJTJPFh8W12N7oKu00k1o5qEEL7MxG4u92SyPhAblLI9ekaJ/Ai/z5iobYSF1IRXoLpTy7riOoRgKIl7mGp+5Md6RUg2TNzozM=
2shyiaLJSUMO42uQNUVTa0wk1o5qEEL7MxG4u92SyPhAblLI9ekaJ/Ai/z5iobYSF1IRXoLpTy7riOoRgKIl7mGp+5Md6RUg2TNzozM=
AeQXQPfmVMs6q+ktH5GKhEcD/q9WIV6Xj+wj6UuuRPWktwR74K4XfwPfQB4eQYfb/jBoCCZpx3o6lJrbAZPUONJ2o/KbJvcQJNYxcqMw
OtWOF8fvo9q/rg47/+fahLLN6+jh5v0zSCfqrKx4bAOX1778N9Or2Ig33GmgEXAoi42rcbREXpfr+eZObAJWj/so8trOIaElWLpq6MdYS2ArIkw4BWijJg==
6f7kp4Ivl32QvK/J/Ca5uGFE1CsXw6vIqOecuQCB8LgrXeuhlFReh8sppp7MktYfW/iyCu4xoTV4aio4Z8jL8IvyDOgleKM2
DBhwIfVKGErePtvM7R0x8mZE1CsXw6vIqOecuQCB8LgrXeuhlFReh8sppp7MktYfW/iyCu4xoTV4aio4Z8jL8IvyDOgleKM2
Tu642ESFQP/xLHirSb0ha2dE1CsXw6vIqOecuQCB8LgrXeuhlFReh8sppp7MktYfW/iyCu4xoTV4aio4Z8jL8IvyDOgleKM2
S+Y1LwX7VuLtIpHS+PLPu2RE1CsXw6vIqOecuQCB8LgrXeuhlFReh8sppp7MktYfW/iyCu4xoTV4aio4Z8jL8IvyDOgleKM2
gsLpYxd2LKEJhO0BYQLBgUYD/q9WIV6Xj+wj6UuuRPWktwR74K4XfwPfQB4eQYfb/jBoCCZpx3o6lJrbAZPUONJ2o/KbJvcQJNYxcqMw
uxoHkVIRD/1vd7f4mW9loWVE1CsXw6vIqOecuQCB8LgrXeuhlFReh8sppp7MktYfW/iyCu4xoTV4aio4Z8jL8IvyDOgleKM2
Lpw+vICVhdzcdxV4LYKQEmpE1CsXw6vIqOecuQCB8LgrXeuhlFReh8sppp7MktYfW/iyCu4xoTV4aio4Z8jL8IvyDOgleKM2
zUVouT8My4jKqqoMGRhGJAdgvJQlcIy9Xts7Pm4gNoIEeCOl7H827rn+JG1wSuEex27UBTn2zaQMcWaOA/YXRe2jC+XjON8/daM1
EcjzLTrAVcmcgn0zKF1TMgdjvJQlcIy9Xts7Pm4gNoIEeCOl7H827rn+JG1wSuEex27UBTn2zaQMcWaOA/YXRe2jC+XjON8/daM1
lSLZtISDz94guRBKS4CABgdivJQlcIy9Xts7Pm4gNoIEeCOl7H827rn+JG1wSuEex27UBTn2zaQMcWaOA/YXRe2jC+XjON8/daM1
l5piaE1OGBS7MRLF/BZJOwdlvJQlcIy9Xts7Pm4gNoIEeCOl7H827rn+JG1wSuEex27UBTn2zaQMcWaOA/YXRe2jC+XjON8/daM1
OTZ9eOy6dcesDQ7PlJA7sUUD/q9WIV6Xj+wj6UuuRPWktwR74K4XfwPfQB4eQYfb/jBoCCZpx3o6lJrbAZPUONJ2o/KbJvcQJNYxcqMw
tQBtrEboQDBxDaeBxxO0UXPP2vlQDPruhjh2K0fJhPshynwoNIb+aBmBjpdk2mO+/tkiooO6ff4ugbt+X1CW0bz60b5VgZdzMcEBUM0Lb6Mv
UiMKbqxoSOHoAbRmNAGr4HPM2vlQDPruhjh2K0fJhPshynwoNIb+aBmBjpdk2mO+/tkiooO6ff4ugbt+X1CW0bz60b5VgZdzMcEBUM0Lb6Mv
GvK5nOpGJpgF7M3ySdV8TXPN2vlQDPruhjh2K0fJhPshynwoNIb+aBmBjpdk2mO+/tkiooO6ff4ugbt+X1CW0bz60b5VgZdzMcEBUM0Lb6Mv
jpFNzA+R93krYTFT1PiLJXPK2vlQDPruhjh2K0fJhPshynwoNIb+aBmBjpdk2mO+/tkiooO6ff4ugbt+X1CW0bz60b5VgZdzMcEBUM0Lb6Mv
bNSKWk4l5Fu0PFVFyCzc+HPL2vlQDPruhjh2K0fJhPshynwoNIb+aBmBjpdk2mO+/tkiooO6ff4ugbt+X1CW0bz60b5VgZdzMcEBUM0Lb6Mv
ctGv8t6I86k7EX4/+Z9+omtE1CsXw6vIqOecuQCB8LgrXeuhlFReh8sppp7MktYfW/iyCu4xoTV4aio4Z8jL8IvyDOgleKM2
dtVqZrhbTTs5ebEOmOShLmJH1CsXw6vIqOecuQCB8LgrXeuhlFReh8sppp7MktYfW/iyCu4xoTV4aio4Z8jL8IvyDOgleKM2
l7kl/W9r/18BQMUHuHqrT2NH1CsXw6vIqOecuQCB8LgrXeuhlFReh8sppp7MktYfW/iyCu4xoTV4aio4Z8jL8IvyDOgleKM2
kg1UvHkDUUb1xJnx350FP2BH1CsXw6vIqOecuQCB8LgrXeuhlFReh8sppp7MktYfW/iyCu4xoTV4aio4Z8jL8IvyDOgleKM2
Mg2aKU0ifDJk47nbaUIBFGFH1CsXw6vIqOecuQCB8LgrXeuhlFReh8sppp7MktYfW/iyCu4xoTV4aio4Z8jL8IvyDOgleKM2
ZpIMznyx26AUqL4NzAChh2ZH1CsXw6vIqOecuQCB8LgrXeuhlFReh8sppp7MktYfW/iyCu4xoTV4aio4Z8jL8IvyDOgleKM2
9d13nitwZU5pQG8gmSCRbjIFzK8UQBVfz4/rDOAbzG24LRDcw8FbFQzY3gNDlTYKNP52u/Mkwv62/WFxsBb6bF/kqxTj7jzcPXSjMg==
5hts//EZepSYWXzznd0wa0QD/q9WIV6Xj+wj6UuuRPWktwR74K4XfwPfQB4eQYfb/jBoCCZpx3o6lJrbAZPUONJ2o/KbJvcQJNYxcqMw
Q9+tGEN+m2TuhVGVyrzbOXPP2vhQDPruhjh2K0fJhPshynwoNIb+aBmBjpdk2mO+/tkiooO6ff4ugbt+X1CW0bz60b5VgZdzMcEBUM0Lb6Mv
mlSdTDDv1uLH/fo8bTztmHPM2vhQDPruhjh2K0fJhPshynwoNIb+aBmBjpdk2mO+/tkiooO6ff4ugbt+X1CW0bz60b5VgZdzMcEBUM0Lb6Mv
rd/mg3Xu+BpE9OKmrCJH7XPN2vhQDPruhjh2K0fJhPshynwoNIb+aBmBjpdk2mO+/tkiooO6ff4ugbt+X1CW0bz60b5VgZdzMcEBUM0Lb6Mv
S2HHvDXHy3mH1XBVqE6XlXPK2vhQDPruhjh2K0fJhPshynwoNIb+aBmBjpdk2mO+/tkiooO6ff4ugbt+X1CW0bz60b5VgZdzMcEBUM0Lb6Mv
Wav8h5q7cnPdhTv34rNmeHPL2vhQDPruhjh2K0fJhPshynwoNIb+aBmBjpdk2mO+/tkiooO6ff4ugbt+X1CW0bz60b5VgZdzMcEBUM0Lb6Mv
j2R07kMTsJXnjDKXoOuAhx4h+9hkUpC9Xts7Pm4gNoIEeCOl7H827rn+JG1wSuEex27UBTn2zaQMcWaOA/YXRe2jC+XjON8/daM1
1ibFYkZvCs0LQfHQBPuUHR8h+9hkUpC9Xts7Pm4gNoIEeCOl7H827rn+JG1wSuEex27UBTn2zaQMcWaOA/YXRe2jC+XjON8/daM1
CbNlerE/zrI69hQJx3gLvBwh+9hkUpC9Xts7Pm4gNoIEeCOl7H827rn+JG1wSuEex27UBTn2zaQMcWaOA/YXRe2jC+XjON8/daM1
TWf9Czyk3LgbFLO2vlJ1dx0h+9hkUpC9Xts7Pm4gNoIEeCOl7H827rn+JG1wSuEex27UBTn2zaQMcWaOA/YXRe2jC+XjON8/daM1
22hl452jRqT8vVLrgfe+dhoh+9hkUpC9Xts7Pm4gNoIEeCOl7H827rn+JG1wSuEex27UBTn2zaQMcWaOA/YXRe2jC+XjON8/daM1
sz6PSKAqL6J8nX3qHWdk0l4Ds/FJJnrHvukj6UuuRPWktwR74K4XfwPfQB4eQYfb/jBoCCZpx3o6lJrbAZPUONJ2o/KbJvcQJNYxcqMw
NUwXHETegDWeY6sIIPkoQl4Ds/BJJnrHvukj6UuuRPWktwR74K4XfwPfQB4eQYfb/jBoCCZpx3o6lJrbAZPUONJ2o/KbJvcQJNYxcqMw
RcPwM10fsd6vIdRtTPxJIV4Ds/NJJnrHvukj6UuuRPWktwR74K4XfwPfQB4eQYfb/jBoCCZpx3o6lJrbAZPUONJ2o/KbJvcQJNYxcqMw
POskhLhVIZ7OL4vf2KR5IV4Ds/JJJnrHvukj6UuuRPWktwR74K4XfwPfQB4eQYfb/jBoCCZpx3o6lJrbAZPUONJ2o/KbJvcQJNYxcqMw
Vbo7Vo3USSGYIgL/gWMDgl4Ds/VJJnrHvukj6UuuRPWktwR74K4XfwPfQB4eQYfb/jBoCCZpx3o6lJrbAZPUONJ2o/KbJvcQJNYxcqMw
jxaO7+1ZfU/uRMkFbGmwp1zWkbpiAQSmqW7DdRobf3aiUOo6oJhHPVDvumY9fqDl/NpdhiMOcL1lBoFsyDGixs/GS72Jgy/9HyjTN3GjMQ==
50jZm/d1gKIfJDM0O1Oivl3WkbpiAQSmqW7DdRobf3aiUOo6oJhHPVDvumY9fqDl/NpdhiMOcL1lBoFsyDGixs/GS72Jgy/9HyjTN3GjMQ==
nIKsB+mZ0nOqjuapyYJM9l7WkbpiAQSmqW7DdRobf3aiUOo6oJhHPVDvumY9fqDl/NpdhiMOcL1lBoFsyDGixs/GS72Jgy/9HyjTN3GjMQ==
WdfdgGzGWRq+MiShqZ9+Nl/WkbpiAQSmqW7DdRobf3aiUOo6oJhHPVDvumY9fqDl/NpdhiMOcL1lBoFsyDGixs/GS72Jgy/9HyjTN3GjMQ==
Ha4VoRsNVcTrm8Agl18yNFjWkbpiAQSmqW7DdRobf3aiUOo6oJhHPVDvumY9fqDl/NpdhiMOcL1lBoFsyDGixs/GS72Jgy/9HyjTN3GjMQ==
f7EMuBOvBL/AnKJRaTg3+xCokARiQMy1qWFECsIqG7WL8vwp1Gu8JwAyr+NzQ/iCnt0/R46s0JTGNX+mSkgih8HP7OSiqpuuezrPDFTKCW6jLA==
OA7eXa4CaTTD0YWS641phxCokAdiQMy1qWFECsIqG7WL8vwp1Gu8JwAyr+NzQ/iCnt0/R46s0JTGNX+mSkgih8HP7OSiqpuuezrPDFTKCW6jLA==
nA2yJsSOA1FGE8B3rFfZlhCokAViQMy1qWFECsIqG7WL8vwp1Gu8JwAyr+NzQ/iCnt0/R46s0JTGNX+mSkgih8HP7OSiqpuuezrPDFTKCW6jLA==
lYohXi3pop6c3Pg51itqgRCokAZiQMy1qWFECsIqG7WL8vwp1Gu8JwAyr+NzQ/iCnt0/R46s0JTGNX+mSkgih8HP7OSiqpuuezrPDFTKCW6jLA==
Bx0qKxkclSskWPWxXb3qLRCokANiQMy1qWFECsIqG7WL8vwp1Gu8JwAyr+NzQ/iCnt0/R46s0JTGNX+mSkgih8HP7OSiqpuuezrPDFTKCW6jLA==
EOjF/3TfHQvaV3VM+Fv2SwI23z8Xw6vIqOecuQCB8LgrXeuhlFReh8sppp7MktYfW/iyCu4xoTV4aio4Z8jL8IvyDOgleKM2
DD0uOrG/HL2pNagV9vqj/TYFzK8UQBVfz4/rDOAbzG24LRDcw8FbFQzY3gNDlTYKNP52u/Mkwv62/WFxsBb6bF/kqxTj7jzcPXSjMg==
lhKx7GxOEFgcCJQumQKDUBc599h9RI+9Xts7Pm4gNoIEeCOl7H827rn+JG1wSuEex27UBTn2zaQMcWaOA/YXRe2jC+XjON8/daM1
pBuYUrkkPSp9pIApnf0Kzl4Ds/hRKnreqPYj6UuuRPWktwR74K4XfwPfQB4eQYfb/jBoCCZpx3o6lJrbAZPUONJ2o/KbJvcQJNYxcqMw
O8B7PPO89DyP47YVlCHaa14As/hRKnreqPYj6UuuRPWktwR74K4XfwPfQB4eQYfb/jBoCCZpx3o6lJrbAZPUONJ2o/KbJvcQJNYxcqMw
ekD2CwY4oS0BVYFTzQ1Gml4Bs/hRKnreqPYj6UuuRPWktwR74K4XfwPfQB4eQYfb/jBoCCZpx3o6lJrbAZPUONJ2o/KbJvcQJNYxcqMw
2Aredw+HGWWEbbmt8Bp1T14Gs/hRKnreqPYj6UuuRPWktwR74K4XfwPfQB4eQYfb/jBoCCZpx3o6lJrbAZPUONJ2o/KbJvcQJNYxcqMw
JJwQlCvy3SHdMGC8D6xwo14Es/hRKnreqPYj6UuuRPWktwR74K4XfwPfQB4eQYfb/jBoCCZpx3o6lJrbAZPUONJ2o/KbJvcQJNYxcqMw
FOEof4sj3vkLYKilhsxRk14Fs/hRKnreqPYj6UuuRPWktwR74K4XfwPfQB4eQYfb/jBoCCZpx3o6lJrbAZPUONJ2o/KbJvcQJNYxcqMw
Uog4nfEIXysQtYf5GW3moV4Ks/hRKnreqPYj6UuuRPWktwR74K4XfwPfQB4eQYfb/jBoCCZpx3o6lJrbAZPUONJ2o/KbJvcQJNYxcqMw
OLJN3J+3RtTBMaQpFTWUkNCyNBAppd6pOAgRzaPkZj6PgUA7ZQKwWOg+moi9GXIH6FLnPnpRrjL/ItmeyjnnjhMXUpH4Mp2OifmzU1XZPUDBA2ujKw==
qvmxdBMJCwvsJ8t1PwamfV4Hs/hRKnreqPYj6UuuRPWktwR74K4XfwPfQB4eQYfb/jBoCCZpx3o6lJXbAZPUONJ2o/KbJvcQJNYxcqMw
RR73h/LgcaURkkIXWxbv8UMD/q9WIV6Xj+wj6UuuRPWktwR74K4XfwPfQB4eQYfb/jBoCCZpx3o6lJXbAZPUONJ2o/KbJvcQJNYxcqMw
sV5ObORLI6oYNiy6F5XRKnPP2v9QDPruhjh2K0fJhPshynwoNIb+aBmBjpdk2mO+/tkiooO6ff4ugbt+X1+W0bz60b5VgZdzMcEBUM0Lb6Mv
fnPD3hoTl5J5yBtVaw0GwXPM2v9QDPruhjh2K0fJhPshynwoNIb+aBmBjpdk2mO+/tkiooO6ff4ugbt+X1+W0bz60b5VgZdzMcEBUM0Lb6Mv
bz6o7H73whugKFrOx4JIUHPN2v9QDPruhjh2K0fJhPshynwoNIb+aBmBjpdk2mO+/tkiooO6ff4ugbt+X1+W0bz60b5VgZdzMcEBUM0Lb6Mv
LBNpUZ1afFhNVvI4q6RaxXPK2v9QDPruhjh2K0fJhPshynwoNIb+aBmBjpdk2mO+/tkiooO6ff4ugbt+X1+W0bz60b5VgZdzMcEBUM0Lb6Mv
0Elf4SLK655lJS1KPKcW83PL2v9QDPruhjh2K0fJhPshynwoNIb+aBmBjpdk2mO+/tkiooO6ff4ugbt+X1+W0bz60b5VgZdzMcEBUM0Lb6Mv
6Eq2c64X6Q6ZT5VAMLkO1XPI2v9QDPruhjh2K0fJhPshynwoNIb+aBmBjpdk2mO+/tkiooO6ff4ugbt+X1+W0bz60b5VgZdzMcEBUM0Lb6Mv
Y99tAlmrYNXSQ0Q5xX5FwXPJ2v9QDPruhjh2K0fJhPshynwoNIb+aBmBjpdk2mO+/tkiooO6ff4ugbt+X1+W0bz60b5VgZdzMcEBUM0Lb6Mv
CsIcNriTDq1O4f9WEagpSXPG2v9QDPruhjh2K0fJhPshynwoNIb+aBmBjpdk2mO+/tkiooO6ff4ugbt+X1+W0bz60b5VgZdzMcEBUM0Lb6Mv
ftAd9qo13bYwdiNWau6eCnPH2v9QDPruhjh2K0fJhPshynwoNIb+aBmBjpdk2mO+/tkiooO6ff4ugbt+X1+W0bz60b5VgZdzMcEBUM0Lb6Mv
8wbVnbXua0szVjAZbrrAUEID/q9WIV6Xj+wj6UuuRPWktwR74K4XfwPfQB4eQYfb/jBoCCZpx3o6lJXbAZPUONJ2o/KbJvcQJNYxcqMw
Adi2KnPMjyrO0OyoIS6gzEED/q9WIV6Xj+wj6UuuRPWktwR74K4XfwPfQB4eQYfb/jBoCCZpx3o6lJXbAZPUONJ2o/KbJvcQJNYxcqMw
zfLFml/gqPxeW+UrgPBZ/x9RLmV2F4MwFN1ySamrooEcADV5AW1zQfMZU1ohnpxUGO9VxjpEIhTyIOrTuMQnV5o5JPttSGb9QfJEjI4CDxAoDkU1XDdqiMKi9eOldSkq8lKEPerVZU6rtt/G/ZD0Hi7Fbjlw0+08v84Zngq5J45TlxKRuLJdjkl5c1MVWX1AgYOro+s=
gWqiiPxqrfK5fAK8iV2T7TOaJE83fG8A9C4IPkBZ25+4aSZkV1njiUkpqS2hihPqxpziKxeGeIDY3KhUWANKcH0/IN3GWw8s3BXbRjYcPPaVmFKKx7XesxAAWFZHc9fBs8JINuadCDHfJvECLRZP5K7W1AEseTIXF/TluitO+I195mlz8LHa1mdmU00BQyetZ0j7h6mj6Q==
9iwk8w7V7ksSdZ/AH+teCSn68AI9pteBrP+YdZt/n9exfv3bxd/KCAleQ5Jt6GtmUiaYlUALFXimVXrzyLlirwtPcn4zOdO5axLG53H6YNEkaaSmZJvUiHUTaVt06YCQ27JjEC7xWHkN9btEonCEqo46Vj1KfX+Dmd+tfKA0TJwGvU++KjA9z0EH/BxCsqsmOzK/lHTymaaj5A==
8t9AzQ8KB93nhRG+QCY+Ia//HqHQsendzH+FiYPJoUwJzd219uYpfCe0hTJHGGL0TKM4Qcm25hc+NQADLvHbvcYoa5MvFwtwYgHZYAxv1Psw0NwRSAb1ke3d/JMMDksAF4a2G+QXrVdf4soqKFQ+aAKLsrcjzVkdaTroDoBCVs97aPIaQeGh5dh6aqhHGEsgq2JM+IWoo+Y=
o0bBnPXQDK9dXlh3yxWCDZqu3oKfs13H0kJYr6pEnIjK2h1tWvsh5EaF33YKuE2Xwd8MlGL6Ox77yq/cFPopfqM8
C7JR0Kre4kZqFAV8PkLWRRtT9ahUO2vD/8Bx81jnAqGuuUU2sq4AYxroBARKVoXB6jd5CCZpx3o6lJXbAZPUONJ2o/KbJvcQJNYxcqMw
Qj/QKJxDxKrdL/ZMymkmIu/uyz9G2OvlWF1JoOOWbvExF3ycAty9rQZJ0Nv1AiIrB5LVGnWGQ9UVprbjQ/yiZgll4ekAjpq077xrTNM2XMQNbKMq
9Q9nvPHHzvFjIQzplFTLGzcZ9RpZyf/W+riNoQ698OctRvKHrwZVhs0is5ndktYfW/iyCuExoTV4aio4Z8jL8IvyDOgleKM2
Hsmf3jIf/Mu+1blaLxrJ3/Pm13ZZz/rkF0ob9q2YYfkwGz+XAty9rQZJ0Nv1AiIrB5LVGnWGQ9UVprbjQ/yiZgll4ekAjpq077xrTNM2XMQNbKMq
9Q9nvPHHzvFjIQzplFTLGzcZ9RpZyf/W+riNoQ698OctRvKHrwZVhs0is5ndktYfW/iyCuExoTV4aio4Z8jL8IvyDOgleKM2
Hsmf3jIf/Mu+1blaLxrJ3/Pm13ZZz/rkF0ob9q2YYfkwGz+XAty9rQZJ0Nv1AiIrB5LVGnWGQ9UVprbjQ/yiZgll4ekAjpq077xrTNM2XMQNbKMq
9Q9nvPHHzvFjIQzplFTLGzcZ9RpZyf/W+riNoQ698OctRvKHrwZVhs0is5ndktYfW/iyCuExoTV4aio4Z8jL8IvyDOgleKM2
Hsmf3jIf/Mu+1blaLxrJ3/Pm13ZZz/rkF0ob9q2YYfkwGz+XAty9rQZJ0Nv1AiIrB5LVGnWGQ9UVprbjQ/yiZgll4ekAjpq077xrTNM2XMQNbKMq
CGqbu5T4wmHRT5RstN7KbxFxt4VzWrrzXswzbDExLow4eHyj92YQ1ev1JWt7X+YPx27UBTn2zasMcWaOA/YXRe2jC+XjON8/daM1
OdXeiv5/jpx+Ju9T26r92IuwTTBOpWa9S5xEMbuJLMKNl9xCNQMrs/i3ydBDRi6h0Sd8rOKM/X2mOVArVVLi+2ei1SoVVoOFtVY2k+Ms4jbpVeHZ4N7aZE/M67xzZpwUbVyjGg==
2megqZXCos106YncT0jEPyp4y8YpmkokST8gIF78xrVYAVMU39j9hmv0B7tN8eCe5H6qF2BBcbTaiVtcFVChoCvnGbimGWeqeqR1ywGDtAgSJgMCG5YXQGQmEWKjIA==
t7oxrvNhxkKZWxQaLRF+QFOPXR0krvF9MZH/6N/1Tp7fnoH8Rmx4dfP3rc+NZ/UJtF2cyn3AF/zAuAQzbwbYBYP1zTszv36fPy6M9QGWBRtk8c7+y9ZvdTXjs3V7mBdvXaMd
dPoxFdiJlQVPOLqN5zFr8HMwij7LoNnR0P3Wc0Uwy5eVx0wme/fTDKCYvwKSNB3F1oGQEyVqAsMXmtUSZW5jvcVu9iuTlAKOme1hYZBmOtw/dCuEA158LB1koyI=
NOs6WRPBICS8cuPubDVkinMwij7LoNnRov3Wc0Uwy5eVx0wme/fTDKCYvwKSNB3F1oGQEyVqAsMXmtUSZW5jvcVu9iuTlAKOme1hYZBmOtw/dCuEA158LB1koyI=
9Q9nvPHHzvFjIQzplFTLGzcZ9RpZyf/W+riNoQ698OctRvKHrwZVhs0is5ndktYfW/iyCuExoTV4aio4Z8jL8IvyDOgleKM2
tDguOSPCFz7C2ckvqiL8fXMwij7LoNnRov3Wc0Uwy5eVx0wme/fTDKCYvx+SNB3F1oGQEyVqAsMXmtUSZW5jvcVu9iuTlAKOme1hYZBmOtw/dCuEA158LB1koyI=
kOgUE0aFcSTCu3nvX/XRFg40+c16R6/yWY84bDExLow4eHyj92YQ1ev1JWt7X+YPx27UBTn2zasMcWaOA/YXRe2jC+XjON8/daM1
9Q9nvPHHzvFjIQzplFTLGzcZ9RpZyf/W+riNoQ698OctRvKHrwZVhs0is5ndktYfW/iyCuExoTV4aio4Z8jL8IvyDOgleKM2
Hsmf3jIf/Mu+1blaLxrJ3/Pm13ZZz/rkF0ob9q2YYfkwGz+XAty9rQZJ0Nv1AiIrB5LVGnWGQ9UVprbjQ/yiZgll4ekAjpq077xrTNM2XMQNbKMq
fuy9KGxnf11Su8jHhb1eR4uwTTBOpWadS5xEMbuJLMKNl9xCNQMrs/i3ydBDRi6h0Sd8rOKM/X2mOVArVVLi+2ei1SoVVoOFtVY2k+Ms4jbpVeHZ4N7aZE/M67xzZpwUbVyjGg==
MxpmFprZ+Sj3KUcrJnFHN72s59AfyYAnTnIvwF94jVAuCrc4veQ5hGZeAenEkt5SGn9gZ0cWL+ax3MMCoyktPxy0/Hie9bAfHQ5SH/8uVb69qlPBzXoWZ+swkhIxmSGNiGJK4Pegiwi7uqxwdVCjDg==
zWTlj+4dtiKwNkRbHcJzbb2s59AfyYAnTmUvwF94jVAuCrc4veQ5hGZeAenEkt5SGn9gZ0cWL+ax3MMCoyktPxy0/Hie9bAfHQ5SH/8uVb69qlPBzXoWZ+swkhIxmSGNiGJK4Pegiwi7uqxwdVCjDg==
gu1Ki5p3smjPLjhw5U62mb2s59AfyYAnTnQvwF94jVAuCrc4veQ5hGZeAenEkt5SGn9gZ0cWL+ax3MMCoyktPxy0/Hie9bAfHQ5SH/8uVb69qlPBzXoWZ+swkhIxmSGNiGJK4Pegiwi7uqxwdVCjDg==
Mx5r5a7icPc01ihCQV73Zr2s59AfyYAnTnQvwF94jVAuKrc4veQ5hGZeAenEkt5SGn9gZ0cWL+ax3MMCoyktPxy0/Hie9bAfHQ5SH/8uVb69qlPBzXoWZ+swkhIxmSGNiGJK4Pegiwi7uqxwdVCjDg==
gu1Ki5p3smjPLjhw5U62mb2s59AfyYAnTnQvwF94jVAuCrc4veQ5hGZeAenEkt5SGn9gZ0cWL+ax3MMCoyktPxy0/Hie9bAfHQ5SH/8uVb69qlPBzXoWZ+swkhIxmSGNiGJK4Pegiwi7uqxwdVCjDg==
Mx5r5a7icPc01ihCQV73Zr2s59AfyYAnTnQvwF94jVAuKrc4veQ5hGZeAenEkt5SGn9gZ0cWL+ax3MMCoyktPxy0/Hie9bAfHQ5SH/8uVb69qlPBzXoWZ+swkhIxmSGNiGJK4Pegiwi7uqxwdVCjDg==
Mx5r5a7icPc01ihCQV73Zr2s59AfyYAnTnQvwF94jVAuKrc4veQ5hGZeAenEkt5SGn9gZ0cWL+ax3MMCoyktPxy0/Hie9bAfHQ5SH/8uVb69qlPBzXoWZ+swkhIxmSGNiGJK4Pegiwi7uqxwdVCjDg==
gu1Ki5p3smjPLjhw5U62mb2s59AfyYAnTnQvwF94jVAuCrc4veQ5hGZeAenEkt5SGn9gZ0cWL+ax3MMCoyktPxy0/Hie9bAfHQ5SH/8uVb69qlPBzXoWZ+swkhIxmSGNiGJK4Pegiwi7uqxwdVCjDg==
p0FbNiGnCderFMBDs829DSp4y8YpmkokST8gIF78xrVYAVMU39j9hmv0J7tN8eCe5H6qF2BBcbTaiVtcFVChoCvnGbimGWeqeqR1ywGDtAgSJgMCG5YXQGQmEWKjIA==
6tPVlFbtW8PcwNcaKT0LtqERwogiTGtT2WlrfX0EbdMZYx/hsTQRTSACUR4PYCjUtqm9h4PTY1/7NZq9spYzePkgbsiKr+G+tllNNQNnXYdwgzFeoinvrktHyhFgYkVugembk/2ptaB5c1OjEw==
LheOJ4EejhfcYfBD9A5ZmPZ9ZnVri1ibx5iGk+ZnCAXr/ISrGpQTikkW0sj5c3gMXtCe+ejty5i/lCVqW/g/l41deBJUknJbAE1pWOrFA/CV/PnsGwsBtMZVv0bKKO1nwa+sBCLK2057Go+s1GpJTqMM
0yhbZIlzq6dupvnqDq8mNBAt2oBsJUKVElKjporh0qceZ1+c+f0gcecjpjtrr6wfClwRXoLpTy7rh+oRgKIl7mGp+5Md6RUg2TNzozM=
qThtnifQpy60+T1RaW0kjiy5jR2huykNcov4ni5wKi/52944/joXZv7J/tcCX0t8zaXcIUvLMrv/xwDPdoQlPpbRU97Hrx5RNEpJXv3RbzNpMSlwNRtnoyc=
tBtD/K+YuPXzOKCTFb977en37PjXRKb1zJBmE71CFUFKxrDH5HdkJD/rubjHwXjellWvY0uF1brUrhspZQQZ65vk0Q3DQX4ERqUfFooYDXfBv8w04hp7Pvuqb3yUGmleoxw=
+YvtO3B8CeVzTq7pK21SBUsqNjBRZ30tGrjPpkEYPPaxuPRcDKnIJhYtH4vr7QVilPbLAQUs6dOb3CElo2muXAZ9z34q8L0PQUd8XELyK2Y7cj9UdDIZZqMk
ZBDZGh+kMHSWptgoW3upnRUrcinbmjjFwRXRqIgq6gmCQizs6pXozJKPze2pRQ1iLXkRntvwFL5lxgwNlP8ISyksD3F2qcEvgPvNIwrHXFDnbvRF2Xata+xxRk6jdreFjaPrpYO4f39VoxU=
Csi0h6T1LEt44jz1FmKVh2I/kwiK95H77uPPOkM82ZaIhAEuaPbkF6yE9kuzcVOD0bDEQDdLTfItkdsabX97p9pu9iuTlAKOme1hYZBmOtw/dCuEA158LB1koyI=
S+ULdp8EIVUf80zj4AfsX0spNjBRZ30tGrjPpkEYPPaxuPRcDKnIJhYtH4vr7QVilPbLAQUs6dOb3CElo2muXAZ9z34q8L0PQUd8XELyK2Y7cj9UdDIZZqMk
xz63UCF56ZjcSEJ7ssxiv3JM9nGAUhFXUX2eIV6iEIT+pRzUno/B9V11GQoRmc22r6DARqmGQLVAL7wjdYzz2eLZdbcMe0G7vjfI+JvOKK1tJvnTILEKNvemQ63Rw9dNl4gLZ1mjGQ==
Csi0h6T1LEt44jz1FmKVh2I/kwiK95H77uPPOkM82ZaIhAEuaPbkF6yE9kuzcVOD0bDEQDdLTfItkdsabX97p9pu9iuTlAKOme1hYZBmOtw/dCuEA158LB1koyI=
JZXnXM+ArnUrWQ9sTFsISsTXo97SRry8i/BmGLFPDRUagL+OoTBsLnHgpLSswXjellWvY0uF1brUrhspZQQZ65vk0Q3DQX4ERqUfFooYDXfBv8w04hp7Pvuqb3yUGmleoxw=
uu14VsQBuMmfZzq8U0VMrb+T4Uz3nTo77tr5DXkFXcK9+WE+KzBknnXGHG2kP7grmayfESZpEQ/w+z0DWoeMsHfuRKVpNp2L/HFWblM2xyV9I3sFU3gvH2WjJQ==
or/VNmPtSAxTnzSZhXlysBjJZpEW4thUpsU0JKaP+QV1FUHa2dmFBlcAqNYxBtgl6M8EUz1MO4m6+Z2HdHu5i9YXECjTjuBd1UZRQ7gxkqYfBjsdGQOfHU9oIxdhoyE=
Csi0h6T1LEt44jz1FmKVh2I/kwiK95H77uPPOkM82ZaIhAEuaPbkF6yE9kuzcVOD0bDEQDdLTfItkdsabX97p9pu9iuTlAKOme1hYZBmOtw/dCuEA158LB1koyI=
H/bQrsxT1hJ2baVQXYGFwUsvNjBRZ30tGrjPpkEYPPaxuPRcDKnIJhYtH4vr7QVilPbLAQUs6dOb3CElo2muXAZ9z34q8L0PQUd8XELyK2Y7cj9UdDIZZqMk
49hrqna8qKmKyZA/FbBVNFSdUB9hnbJ5OoL0vJK1ANyaj8X9QWV1MvW5qe6DUPwO7UaE/TyfUPvR7FchTknpP4j7xTMip2SAPy6M9QGWBRtk8c7+y9ZvdTXjs3V7mBdvXaMd
Csi0h6T1LEt44jz1FmKVh2I/kwiK95H77uPPOkM82ZaIhAEuaPbkF6yE9kuzcVOD0bDEQDdLTfItkdsabX97p9pu9iuTlAKOme1hYZBmOtw/dCuEA158LB1koyI=
YbQNDdEBXx3zLE4Ioy92v0suNjBRZ30tGrjPpkEYPPaxuPRcDKnIJhYtH4vr7QVilPbLAQUs6dOb3CElo2muXAZ9z34q8L0PQUd8XELyK2Y7cj9UdDIZZqMk
JyZsZEhI4sD/lC+5aSFVdSrR4uz3/scBJNXMMoIwBC2GUBwPQ3HH/eO+gwlfQhXIWuJLJiIRmscGVydcIW2Yka9zTjsDf2R/ssxJHnrZV84j90KR6BLtznlZw9PFeW2AEWNboxs=
Csi0h6T1LEt44jz1FmKVh2I/kwiK95H77uPPOkM82ZaIhAEuaPbkF6yE9kuzcVOD0bDEQDdLTfItkdsabX97p9pu9iuTlAKOme1hYZBmOtw/dCuEA158LB1koyI=
RaC798NLPi00m8aYIrN9VUstNjBRZ30tGrjPpkEYPPaxuPRcDKnIJhYtH4vr7QVilPbLAQUs6dOb3CElo2muXAZ9z34q8L0PQUd8XELyK2Y7cj9UdDIZZqMk
WInaXT2ovXlLbpE7u8sj9523XgZCsET5A4NKO/rPccOe288CMwQ5rvi8wZYYTgSv3Dx288PJszuhCAR4R3Otyl2p2yIdR5ufqlY2k+Ms4jbpVeHZ4N7aZE/M67xzZpwUbVyjGg==
Csi0h6T1LEt44jz1FmKVh2I/kwiK95H77uPPOkM82ZaIhAEuaPbkF6yE9kuzcVOD0bDEQDdLTfItkdsabX97p9pu9iuTlAKOme1hYZBmOtw/dCuEA158LB1koyI=
wB6LHyyJlTUX7pfgxqKCcb+T5Uz3nTo77tr5DXkFXcK9+WE+KzBknnXGHG2kP7grmayfESZpEQ/w+z0DWoeMsHfuRKVpNp2L/HFWblM2xyV9I3sFU3gvH2WjJQ==
UmMfRg7RfyAowc5vnawI0AacoTXY7agSZigYPYpYGA9Hecvt/6ZnKTt66fgWqo/mZllWN7ovg7yF9QQBI/vKu4f36O8uVO1+3iHrvm8/htGs2iH+BWEn86FhcZAda1+jHw==
Csi0h6T1LEt44jz1FmKVh2I/kwiK95H77uPPOkM82ZaIhAEuaPbkF6yE9kuzcVOD0bDEQDdLTfItkdsabX97p9pu9iuTlAKOme1hYZBmOtw/dCuEA158LB1koyI=
64FWzoQyqF6nM8cKRJMTqEsjNjBRZ30tGrjPpkEYPPaxuPRcDKnIJhYtH4vr7QVilPbLAQUs6dOb3CElo2muXAZ9z34q8L0PQUd8XELyK2Y7cj9UdDIZZqMk
tSIywHc2JwrjSxYSB2v33W5b7XuHVQZLXWieIV6iEIT+pRzUno/B9V11GQoRmc22r6DARqmGQLVAL7wjdYzz2eLZdbcMe0G7vjfI+JvOKK1tJvnTILEKNvemQ63Rw9dNl4gLZ1mjGQ==
Csi0h6T1LEt44jz1FmKVh2I/kwiK95H77uPPOkM82ZaIhAEuaPbkF6yE9kuzcVOD0bDEQDdLTfItkdsabX97p9pu9iuTlAKOme1hYZBmOtw/dCuEA158LB1koyI=
+YvtO3B8CeVzTq7pK21SBUsqNjBRZ30tGrjPpkEYPPaxuPRcDKnIJhYtH4vr7QVilPbLAQUs6dOb3CElo2muXAZ9z34q8L0PQUd8XELyK2Y7cj9UdDIZZqMk
vQdrnUBB5hgMMAlk/EYVzo0pQX9A0mmVYmR+R56/Rzma5Vat2VUKUU+Mr5aByFxmMShUDMxZ6FYW3T/7qz2l8hRmK1FFHAnjm+zBFeM5TsyG7W+uaoCd/0E3XKyCoov2u+JfhLQCeVajFA==
Csi0h6T1LEt44jz1FmKVh2I/kwiK95H77uPPOkM82ZaIhAEuaPbkF6yE9kuzcVOD0bDEQDdLTfItkdsabX97p9pu9iuTlAKOme1hYZBmOtw/dCuEA158LB1koyI=
WIO4pcucGwH4gqyOCwc9aRmlOjDi2vUVbTWp6qEZXVb/4BCmuYZQlRBvbIPlDAN5kpmFl3x7sZvO9zhY6064DT3mKfMwsRpWp2aTzUFDZy0nSDsHaaMp
xvXR5oS75gWi2gpTrWM8nD+SkKoPDLSiixo5OGaKn+Z2uWZ3ao/zPBWVtMFz2zq799c4r560ff4ugbt+X1+W0bz60b5VgZdzMcEBUM0Lb6Mv
Tpy0O3ZWKo5PriShUg0T8sABh3pJkmoQ8KQ6DDGP8JXKQghCF5K9qMJy06a6gQJnbofvHGldcLHXQ7Y7e0+cX9r8gd4yib9uu2faEXCCdS7RCQsTjQlFYCkTY6Mj
2Kxm59mCNGsNdlloJ8/CeLys54QOwpwwQ2g+8UJzjlYgBPB9u+Eqh2BVHKeOm5oSG3hpagAQYeKQ0vQLhHA2Jyv1oz+Z5ORMDy8dLsUlW7a1u0vb0noWZ+swkhIxmSGNiGJK4Pegiwi7uqxwdVCjDg==
2Kxm59mCNGsNdlloJ8/CeLys54QOwpwwQ2g+8UJzjlYgBPB9u+Eqh2BVHKeOm5oSG3hpagAQYeKQ0vQLhHA2Jyv1oz+Z5ORMDy8dLsUlW7a1u0vb0noWZ+swkhIxmSGNiGJK4Pegiwi7uqxwdVCjDg==
2Kxm59mCNGsNdlloJ8/CeLys54QOwpwwQ2g+8UJzjlYgBPB9u+Eqh2BVHKeOm5oSG3hpagAQYeKQ0vQLhHA2Jyv1oz+Z5ORMDy8dLsUlW7a1u0vb0noWZ+swkhIxmSGNiGJK4Pegiwi7uqxwdVCjDg==
2Kxm59mCNGsNdlloJ8/CeLys54QOwpwwQ2g+8UJzjlYgBPB9u+Eqh2BVHKeOm5oSG3hpagAQYeKQ0vQLhHA2Jyv1oz+Z5ORMDy8dLsUlW7a1u0vb0noWZ+swkhIxmSGNiGJK4Pegiwi7uqxwdVCjDg==
VqiUKf3VlhoJAKDY/sY6GkoqNjBRZ30tGrjPpkEYPPaxuPRcDKnIJhYtH4vr7QVilPbLAQUs6dOb3CElo2muXAZ9z34q8L0PQUd8XELyK2Y7cj9UdDIZZqMk
b7t5pXf4LX3Vm6qmyA8O1yTZ4vL378cUJNXMMoIwBC2GUBwPQ3HH/eO+gwlfQhXIWuJLJiIRmscGVydcIW2Yka9zTjsDf2R/ssxJHnrZV84j90KR6BLtznlZw9PFeW2AEWNboxs=
Csi0h6T1LEt44jz1FmKVh2I/kwiK95H77uPPOkM82ZaIhAEuaPbkF6yE9kuzcVOD0bDEQDdLTfItkdsabX97p9pu9iuTlAKOme1hYZBmOtw/dCuEA158LB1koyI=
y5HDVgSd5+1DohqS6CctkaOVuhsWJsvDg3c9r92nxUmkXYzqjYBHXFA4tNPfRggl8/U9G2N/zv+PrhxV0VZ1O3Tx3h77lr+VpWND1QtYxw9toy0=
6W0wgkq4Ue/A6MRjCue1IDz6KJ0W8dMApYkoMK2QsgxzEA+W35eBJ1k3ofFoHcASqZBDVCwYaJubtqy9f3Wxg8cPCjfTjuBd1UZRQ7gxkqYfBjsdGQOfHU9oIxdhoyE=
daSai0swDLRmvxPrWL4/huZieWVri1ibx5iGs+ZnCAXr/ISrGpQTikkW0sj5c3gMXtCe+ejty5i/lCVqW/g/l41deBJUknJbAE1pWOrFA/CV/PnsGwsBtMZVv0bKKO1nwa+sBCLK2057Go+s1GpJTqMM
ErFQw+UhG+MrIRapNYcDowlHt+oJnYS/3d8KA0sLUUwL9gJOo7jfz8Zx+bt+M+7xqQE6DF7Uls34maO8n7DNnovMd9PNGTCmhGaa/6DpASx6cYt0FXhxWIt/aRBm8VeyGpylI4Hr5DDyPjNqWz7n2MReQUqjCA==
GpF315laRwfcPFFEUlEjVCvSRHfEs1MF5GtsSA0W9g9SFnSf3ETN3SxuABbtS6OEC1L23ZkNIgBe2I7ByLW70P/clbK7AK8fDdXoajTKwpPAhZmAyv0T+JX06dQ70/F8Bp0PHqpQfe9BJzz8whJrBjtS//T0UllGowQ=
GpF315laRwfcPFFEUlEjVCvSRHfEs1MF5GtsSA0W9g9SFnSf3ETN3SxuABbtS6OEC1L23ZkNIgBe2I7ByLW70P/clbK7AK8fDdXoajTKwpPAhZmAyv0T+JX06dQ70/F8Bp0PHqpQfe9BJzz8whJrBjtS//T0UllGowQ=
y5HDVgSd5+1DohqS6CctkaOVuhsWJsvDg3c9r92nxUmkXYzqjYBHXFA4tNPfRggl8/U9G2N/zv+PrhxV0VZ1O3Tx3h77lr+VpWND1QtYxw9toy0=
6W0wgkq4Ue/A6MRjCue1IDz6KJ0W8dMApYkoMK2QsgxzEA+W35eBJ1k3ofFoHcASqZBDVCwYaJubtqy9f3Wxg8cPCjfTjuBd1UZRQ7gxkqYfBjsdGQOfHU9oIxdhoyE=
vIdQOwpaoHgdhbSHNcMeft7AEAck8nI/QzjukjC61DsPch5G60kzgd0cBb00Ok0eE1g8JKKB0eev+5ePz23m/Q5Ox6hNSAJoJkd1DiIh0bWfn8k35Oud/k7BW/4/H3bRnLpxPvXBt3MRgaHQbUtPow8=
GFjjXK4p3fu/n9D0ZS7h+0mLWxVwvvpvd4z0vJK1CNTbnoH8Rmx4dfP3rc+NZ/UptF2cyn3AF/zAuAQzbwbYBYP1zTszv36fPy6M9QGWBRtk8c7+y9ZvdTXjs3V7mBdvXaMd
L1beUtMNMii97b4D8/CNh6EbmmgwxlxGeFlCmGIvSSnPnwidlBxlemmdPIH3LYckLmXE/M+eldSKvMTth1d5N1FX+UGAnWhi8bBLRBRYMCsTVhTtF3VZU39vgocLTthN3WaJsxCx+hbH5jMNYUNH7cfIW0dJowk=
y5HDVgSd5+1DohqS6CctkaOVuhsWJsvDg3c9r92nxUmkXYzqjYBHXFA4tNPfRggl8/U9G2N/zv+PrhxV0VZ1O3Tx3h77lr+VpWND1QtYxw9toy0=
6W0wgkq4Ue/A6MRjCue1IDz6KJ0W8dMApYkoMK2QsgxzEA+W35eBJ1k3ofFoHcASqZBDVCwYaJubtqy9f3Wxg8cPCjfTjuBd1UZRQ7gxkqYfBjsdGQOfHU9oIxdhoyE=
vIdQOwpaoHgdhbSHNcMeft7AEAck8nI/QzjukjC61DsPch5G60kzgd0cBb00Ok0eE1g8JKKB0eev+5ePz23m/Q5Ox6hNSAJoJkd1DiIh0bWfn8k35Oud/k7BW/4/H3bRnLpxPvXBt3MRgaHQbUtPow8=
GFjjXK4p3fu/n9D0ZS7h+0mLWxVwvvpvd4z0vJK1CNTbnoH8Rmx4dfP3rc+NZ/UptF2cyn3AF/zAuAQzbwbYBYP1zTszv36fPy6M9QGWBRtk8c7+y9ZvdTXjs3V7mBdvXaMd
L1beUtMNMii97b4D8/CNh6EbmmgwxlxGeFlCmGIvSSnPnwidlBxlemmdPIH3LYckLmXE/M+eldSKvMTth1d5N1FX+UGAnWhi8bBLRBRYMCsTVhTtF3VZU39vgocLTthN3WaJsxCx+hbH5jMNYUNH7cfIW0dJowk=
XIt6xv0BwM+wA45ck3W35d7eACJw6G8+CyLEjy252SkVRV9A5k110JEOArZhakkeE1g8JKKB0eev+5ePz23m/Q5Ox6hNSAJoJkd1DiIh0bWfn8k35Oud/k7BW/4/H3bRnLpxPvXBt3MRgaHQbUtPow8=
pe+qHvA8IgCSdCbMkz+PpIdld6skS1m4ICmc4R9DpF9cfScl9AFDHHRnO6RleYm1w9x3nRcy6LgUCUqMtIbeovqvoNfnhq+W0YyDMoM5Lc/8ZDzIPmUwb31eEi/fPlVOXXqTcW3qlheLYNIiEYkhfWiyilBXMAt42+rsQFVAo/4=
qLlvwa6kDUDw7PPZ4rV4tmUR8P8lstvdOrq1HGeB2xbv4cCCn0qh9KnbyoZay8AuEnFvwyihhVABrrL2MQo5HmM4bGQSIUFnXxtHT/9N9v0eLrfoHeiy6Lanhc7yAeG1r7+Zd5SLDX7+YYs+z/9m0YyaQX6locfzgSEREL2rv6P/
LUHu9r4uqsz4DSjj2u2jfivOX3LZrRJVuDc8FUtzskgAWSXHtVafj217ARbrQauEWBKwl9IeOABe2I7ByLW70P/clbK7AK8fDdXoajTKwpPAhZmAyv0T+JX06dQ70/F8Bp0PHqpQfe9BJzz8whJrBjtS//T0UllGowQ=
EzqltD0lwxmTrX9gO8CO6CTyPpFboJ8S7I4vNueevQRyHEyd35eBJ1k3ofFoHcASqZBDVCwYaJubtqy9f3Wxg8cPCjfTjuBd1UZRQ7gxkqYfBjsdGQOfHU9oIxdhoyE=
vIdQOwpaoHgdhbSHNcMeft7AEAck8nI/QzjukjC61DsPch5G60kzgd0cBb00Ok0eE1g8JKKB0eev+5ePz23m/Q5Ox6hNSAJoJkd1DiIh0bWfn8k35Oud/k7BW/4/H3bRnLpxPvXBt3MRgaHQbUtPow8=
abz4mBVvJ8LyoMtGs/hwjKEYmmgwxlxGeFlCmGIvSSnPnwidlBxlemmdPIH3LYckLmXE/M+eldSKvMTth1d5N1FX+UGAnWhi8bBLRBRYMCsTVhTtF3VZU39vgocLTthN3WaJsxCx+hbH5jMNYUNH7cfIW0dJowk=
ux5so1MXEULvP+VNDDMFK97dACJw6G8+CyLEjy252SkVRV9A5k110JEOArZhakkeE1g8JKKB0eev+5ePz23m/Q5Ox6hNSAJoJkd1DiIh0bWfn8k35Oud/k7BW/4/H3bRnLpxPvXBt3MRgaHQbUtPow8=
pgtIpaLCahdo3xJYsGieY2UR8P8lstvdOrq1HGeB2xbv4cCBn0qh9KnbyoZay8AuEnFvwyihhVABrrL2MQo5HmM4bGQSIUFnXxtHT/9N9v0eLrfoHeiy6Lanhc7yAeG1r7+Zd5SLDX7+YYs+z/9m0YyaQX6locfzgSEREL2rv6P/
EzqltD0lwxmTrX9gO8CO6CTyPpFboJ8S7I4vNueevQRyHEyd35eBJ1k3ofFoHcASqZBDVCwYaJubtqy9f3Wxg8cPCjfTjuBd1UZRQ7gxkqYfBjsdGQOfHU9oIxdhoyE=
jx9jB9qpKjPzGW9zZi2JPTf1L4AO7MRU9YV6ZuOevQRyHEyd35eBJ1k3ofFoHcASqZBDVCwYaJubtqy9f3Wxg8cPCjfTjuBd1UZRQ7gxkqYfBjsdGQOfHU9oIxdhoyE=
cYfzraqjlUyfGoj6L+UKrDSxmxHs6mUeO4jkhCoxKSf3659v9x1Ofeb+v4hFWFoonrf9bnrxObX3zxHXbJslPpbRU97Hrx5RNEpJXv3RbzNpMSlwNRtnoyc=
snV4koSrh0JwFw46VuTF2AqiKyG3lq5SdDrnpqdXWXfx1xmB4J1IolEwK4T0WFBrs9a0rXd1uZPf7yJH6064DT3mKfMwsRpWp2aTzUFDZy0nSDsHaaMp
AKo9Fb6nZBuoWqY/YBjYQKOVuhsWJsveg3c9r92nxUmkXYzqjYBHXFA4tNPfRggl8/U9G2N/zv+PrhxV0VZ1O3Tx3h77lr+VpWND1QtYxw9toy0=
6W0wgkq4Ue/A6MRjCue1IDz6KJ0W8dMApYkoMK2QsgxzEA+W35eBJ1k3ofFoHcASqZBDVCwYaJubtqy9f3Wxg8cPCjfTjuBd1UZRQ7gxkqYfBjsdGQOfHU9oIxdhoyE=
jx9jB9qpKjPzGW9zZi2JPTf1L4AO7MRU9YV6ZuOevQRyHEyd35eBJ1k3ofFoHcASqZBDVCwYaJubtqy9f3Wxg8cPCjfTjuBd1UZRQ7gxkqYfBjsdGQOfHU9oIxdhoyE=
jx9jB9qpKjPzGW9zZi2JPTf1L4AO7MRU9YV6ZuOevQRyHEyd35eBJ1k3ofFoHcASqZBDVCwYaJubtqy9f3Wxg8cPCjfTjuBd1UZRQ7gxkqYfBjsdGQOfHU9oIxdhoyE=
vIdQOwpaoHgdhbSHNcMeft7AEAck8nI/QzjukjC61DsPch5G60kzgd0cBb00Ok0eE1g8JKKB0eev+5ePz23m/Q5Ox6hNSAJoJkd1DiIh0bWfn8k35Oud/k7BW/4/H3bRnLpxPvXBt3MRgaHQbUtPow8=
F0UspRb7HBth28rs0q7jSOvr6s/KSKC8y6pmVflFEhhewL6JqD0rKD/khbqbyF+HjU2YIhTC0quA/QkIKjUj4JXs2RzbW2EERqUfFooYDXfBv8w04hp7Pvuqb3yUGmleoxw=
iQj83FjG24xM6ssjuEHeCmI/kwiK95Hz5qLefkI70JvPgk8qSfjTHovd7VOEMAzE1qGQEyVqAsMXmtUSZW5jvcVu9iuTlAKOme1hYZBmOtw/dCuEA158LB1koyI=
0fvtYAS8pJpevPXsiHnxNTf1L4YO7MRU9YV6ZuOevQRyHEyd35eBJ1k3ofFoHcASqZBDVCwYaJubtqy9f3Wxg8cPCjfTjuBd1UZRQ7gxkqYfBjsdGQOfHU9oIxdhoyE=
jx9jB9qpKjPzGW9zZi2JPTf1L4AO7MRU9YV6ZuOevQRyHEyd35eBJ1k3ofFoHcASqZBDVCwYaJubtqy9f3Wxg8cPCjfTjuBd1UZRQ7gxkqYfBjsdGQOfHU9oIxdhoyE=
tJQcdktEDSVEhz+/kJSNRObG7aG0qt56SifA7/dubw6hxKPKU5Gtl8xs3HCuDXB3jZayV48WVZbt8vNJfQJWj/so8trBIaElWLpq6MdYS2ArIkw4BWijJg==
z2ViveJz+6kWJ8xAW3SQzjmqjBmppGwcJof4nGk6KSf3659v9x1Ofeb+v4hFWFoonrf9bnrxObX3zxHXbJslPpbRU97Hrx5RNEpJXv3RbzNpMSlwNRtnoyc=
z2ViveJz+6kWJ8xAW3SQzjmqjBmppGwcJof4nGk6KSf3659v9x1Ofeb+v4hFWFoonrf9bnrxObX3zxHXbJslPpbRU97Hrx5RNEpJXv3RbzNpMSlwNRtnoyc=
LwKD/NZ6pzi3pge7aX+ddD+SkKoPDLS/ixo5OGaKn+Z2uWZ3ao/zPBWVtMFz2zq799c4r560ff4ugbt+X1+W0bz60b5VgZdzMcEBUM0Lb6Mv
Tpy0O3ZWKo5PriShUg0T8sABh3pJkmoQ8KQ6DDGP8JXKQghCF5K9qMJy06a6gQJnbofvHGldcLHXQ7Y7e0+cX9r8gd4yib9uu2faEXCCdS7RCQsTjQlFYCkTY6Mj
0+X2QW1WL9CQyogXeTpIO9/AEFxw6GU0WSnDkhys3D4HUldkqE02kt4aDqB6cERaU1k7La/G16mr2pm4xkq/5hZ5hvcKTxM8dVVUQRMb2ruXl9gv/vSd/k7BW/4/H3bRnLpxPvXBt3MRgaHQbUtPow8=
+ZSgy5w+UW+T5jUReuXOBw9ybjsQKCJrULzPpkEYPPaxuPRcDKnIJhYtH4vr7QVilPbLAQUs6dOb3CElo2muXAZ9z34q8L0PQUd8XELyK2Y7cj9UdDIZZqMk
KpMPhg0U++V5iQLAsmBM/twJmzNWhXsRv7NoWn+B/53LTktJF5K9qMJy06a6gQJnbofvHGldcLHXQ7Y7e0+cX9r8gd4yib9uu2faEXCCdS7RCQsTjQlFYCkTY6Mj
z+VWldECrDRLsvF41oGv/GY/mU3Ysczg4P2ZNA0y1p6JiEpjf+vIPKeT61WXAkmK0bDEQDdLTfItkdsabX97p9pu9iuTlAKOme1hYZBmOtw/dCuEA158LB1koyI=
jgndfiPwWfTEw3UeAO9/jfctPS4bZ3pDPZwQQd+JiwtUYv9jZ7XE+lCSKR5ambdOQzdikQhSTU7ZGSPT5bnNAPEje6M7
ZnsKcD641vgz1LeuhgDA9jafnKIMG/H1zg0kDmmAjeFuiWZuMYTkIQuxx9soimvj8904qpyqff4ugbt+X1+W0bz60b5VgZdzMcEBUM0Lb6Mv
8Xzl7adK/njeDNCjrCynbnHLmFJqT82pqnpeS4xQXLOZvLNwmW6+PUkgn6o/D6iKw9A7XYazwJTGNX+mSkgth8HP7OSiqpuuezrPDFTKCW6jLA==
Zvw7TNWxJV9tuThdoW7crreI5uD79ZkwBS7G6rFkakeX17jof9+rkd9emT6pHCQkn7f9ZrUdW57l4+tTYgJWj/so8trBIaElWLpq6MdYS2ArIkw4BWijJg==
74bhZoU14HmRHOr3FJSrBiW6igK8qKAeaWYbN81XFRUcM8Xi96drYnZt9NQ9oZj7eH0lLbMvg7yF9QQBI/vKu4f36O8uVO1+3iHrvm8/htGs2iH+BWEn86FhcZAda1+jHw==
jR5iZnLMwwPu3pbqCDzzWxM44LrKD7MskB3HS+84u6B8YP/7wPpz4+stUIqk+rW+5jHjnjfPLlFEankeDXHfs/mR+TDlO3ejNw==
Jo20CehbESrJh3kqs32y4Er23FZDDsawuHsWSIYXWraJ/7t612iyKggfnqo/D6iKw9A7XYazwJTGNX+mSkgth8HP7OSiqpuuezrPDFTKCW6jLA==
pACFNrJ9G6XuLgdlKWYvo3Me0b5aCk5hjozpAadIz262IBjx8ogXWVzQgw5Hjz4VJP52u/Mkwv65/WFxsBb6bF/kqxTj7jzcPXSjMg==
F+SCla3DMAitQRwZLCXxCSlaxq1u/T1iXGNLEnfA4tJIJ07C3yeYksPIC3Vm2xCshs0vDuog3R9BV5wMAgJL1rsCn+Q04jl2ozQ=
j2093GoEHtg1fXEQWpf4YQq3vZ1BDPnggEh1UmCIh/ksjS8rN4jzYDSwx9soimvj8904qpyqff4ugbt+X1+W0bz60b5VgZdzMcEBUM0Lb6Mv
pACFNrJ9G6XuLgdlKWYvo3Me0b5aCk5hjozpAadIz262IBjx8ogXWVzQgw5Hjz4VJP52u/Mkwv65/WFxsBb6bF/kqxTj7jzcPXSjMg==
bKOVJJrpB+VQpYBHZlRuli8PvznDDl8JTF7QNlarCuGp/xPz0pyL/FVhVwAR0M62pZfGTP3MHoEJc+EkddDS/JHDLuZdI0WxvjLK5pvOKK1tJvnTILEKNvemQ63Rw9dNl4gLZ1mjGQ==
0T7fo2Rzuc7/EMsb7cSuMjxoz8M4nh4vRHBuKVH21LJAEVtSkNzJiX7nTvBWs+OW52SqBmgzRuaP4zAGQ1yjsTb/GLimGWeqeqR1ywGDtAgSJgMCG5YXQGQmEWKjIA==
Igk5UbR9hqwVMtSPUq0Pqdv2QgJDpyeqFYtINrvMLN+Qx9FMIAQok7f8wJYNTya1ki52qfeA72amCFhZYgC3kQz4gyYXR56dtFY2k+Ms4jbpVeHZ4N7aZE/M67xzZpwUbVyjGg==
XBM/xB0aicirwSXjSWuzz0jY98EPcGDCxXNWsYpCNl1fHH/C3sS4TWr8h9XUVAOS/xvOeYxaFkerkBKycbkhrcjCykC3gIso+xos0DVwoy4=
i6gWlxnpPBtaJuHJM2xubbi3o5afFOOzi7cjGKJGE0F83auGgX5mLjjjpL6bx3KK3AubKhfY0rqIjz5af19IusPg2w3GQ2AERqUfFooYDXfBv8w04hp7Pvuqb3yUGmleoxw=
i6gWlxnpPBtaJuHJM2xubbi3o5afFOOzi7cjGKJGE0F83auGgX5mLjjjpL6bx3KK3AubKhfY0rqIjz5af19IusPg2w3GQ2AERqUfFooYDXfBv8w04hp7Pvuqb3yUGmleoxw=
dFHKnToq2T30+vn17Q1OHWKaymGGoV2Ax/ESi/yvY02nbDvQsZPcRCIYHRza2Oi54HBj9R6s/OGvVB/azqz4tdp0Jw2EfAOqj9Mu4Ryy1j+bmDLqoRGhFTiKqlin6MvQS5KMCGVYoxY=
tWqI1LIe9uib4cFHXpFyZv/25tjcRvL536wrVqRRFEVRyqyOsC0jbnDgsbWO2zbMlg+bKhfY0rqIjz5af19IusPg2w3GQ2AERqUfFooYDXfBv8w04hp7Pvuqb3yUGmleoxw=
0bzCLxdbbDVWcYW6K9y7PXWHofLz8dRzd8PEMI9xB3CaXgARDWLH7P7xwwhfVxTqQKxZJngl05tbUCcAAEjri/QiH2MHdWR6sNJJHnrZV84j90KR6BLtznlZw9PFeW2AEWNboxs=
XBM/xB0aicirwSXjSWuzz0jY98EPcGDCxXNWsYpCNl1fHH/C3sS4TWr8h9XUVAOS/xvOeYxaFkerkBKycbkhrcjCykC3gIso+xos0DVwoy4=
jeWYKTBfx7oYhYjhbvFf9Cd52xnPusrw5/v8Y1c0+diChEgtaPzTEabQvBWHOA/e1rCYYRI4V6l8wIMeZ39+pcRu9iuTlAKOme1hYZBmOtw/dCuEA158LB1koyI=
lKn7uLmNLQeKHVzfR1qAAPTNpx7t3DMpoZTwHmIMQ8W9pW07N1Mv1GfGRlntY+UsmfC+NFVzSl6hozkJWoKOrnfuRKVpNp2L/HFWblM2xyV9I3sFU3gvH2WjJQ==
6eNY3iQ5DwyVVKGVNkLnPYvr6yetuhFz1pd4cXBPEz3GIHMoPmE9pj88jJ786AGzM0KF5BkHXZaszplSAFpSeE9kXUItSge8Jrb2MUfYj36W0JiB0pjXyTzggz4nH/4FBI72S9M0gm5ZzWFBUIa6fH8UK2TD/vxMXUSjAg==
iJK2xH+HAgpBP7OBh1ZF1W0EnqYvsmIkFmdLEnfA4tJIJ07C3yeYksPIC3Vm2xCshs0vDuog3R9BV5wMAgJL1rsCn+Q04jl2ozQ=
zwS4DwIzTpoN6MqUCCMjULDbbxD+7nsbih2IHfPTKxazVjURXMq+kqVqTkoYB4zqyxO6zpxPU/5HjHpeKOuWzu/LwD5DZFOZVtfIYOZBt0LazMUzgfsE4LJOU9rbzkdohA5hWqMY
tWqI1LIe9uib4cFHXpFyZv/25tjcRvL536wrVqRRFEVRyqyOsC0jbnDgsbWO2zbMlg+bKhfY0rqIjz5af19IusPg2w3GQ2AERqUfFooYDXfBv8w04hp7Pvuqb3yUGmleoxw=
GzDgeUh2BRv6G/nhNAqz2dv2QgJDpyeqFYtINrvMLN+Qx9FMIAQos7f8wJYNTya1ki52qfeA72amCFhZYgC3kQz4gyYXR56dtFY2k+Ms4jbpVeHZ4N7aZE/M67xzZpwUbVyjGg==
XBM/xB0aicirwSXjSWuzz0jY98EPcGDCxXNWsYpCNl1fHH/C3sS4TWr8h9XUVAOS/xvOeYxaFkerkBKycbkhrcjCykC3gIso+xos0DVwoy4=
dFHKnToq2T30+vn17Q1OHWKaymGGoV2Ax/ESi/yvY02nbDvQsZPcRCIYHRza2Oi54HBj9R6s/OGvVB/azqz4tdp0Jw2EfAOqj9Mu4Ryy1j+bmDLqoRGhFTiKqlin6MvQS5KMCGVYoxY=
tWqI1LIe9uib4cFHXpFyZv/25tjcRvL536wrVqRRFEVRyqyOsC0jbnDgsbWO2zbMlg+bKhfY0rqIjz5af19IusPg2w3GQ2AERqUfFooYDXfBv8w04hp7Pvuqb3yUGmleoxw=
0bzCLxdbbDVWcYW6K9y7PXWHofLz8dRzd8PEMI9xB3CaXgARDWLH7P7xwwhfVxTqQKxZJngl05tbUCcAAEjri/QiH2MHdWR6sNJJHnrZV84j90KR6BLtznlZw9PFeW2AEWNboxs=
XBM/xB0aicirwSXjSWuzz0jY98EPcGDCxXNWsYpCNl1fHH/C3sS4TWr8h9XUVAOS/xvOeYxaFkerkBKycbkhrcjCykC3gIso+xos0DVwoy4=
DePy3GIDFsAfbtVZXX1vORXBkLhvHFCxvGriIlVMdjHxU+k0rZBqDBmj9jY1I63h5tJCliMOcL1lBoFjyDGixs/GS72Jgy/9HyjTN3GjMQ==
iW9yb7Ew+1Pyg3laPvO9txlF9KVNPGbE/8ptphynA6antAp26IMmNk+TEBZDTIPB9i94CCZpx3o6lJXbAZPUONJ2o/KbJvcQJNYxcqMw
cwcZNdn38LpU8imeV+YS/uvKqgm5338jr5WmR3cKVcOxsiwpNhxPlWLbAknXJbErmayfESZpEQ/w+z0DWoeMsHfuRKVpNp2L/HFWblM2xyV9I3sFU3gvH2WjJQ==
YcduALYI5pQvGfQJig5prF5dvgEnQjjPiiaXzCUrurBm7GpVuA74yIU7DVAZhunsnvS1jloBKyUwhisFS4fTfGGAzZa0gsPl1WiBZxtoSWFzjaYoJokHGrp0VbsBc5RYUpbjkpsGt7CkdnFSoxA=
84Ysd2fw2KiVQSs46JNlyvK395CMkfKMOyrFid7eznaWwwh8bHYdsYHWmQRtYhZOKfjKk9+7iOxHo+tld9IJ2nFARDCXm42iTaHbKg0vu3d6HnbbM8RCXnndYVFwtnqMn4Sr9KOOvHx9VKMS
PhRXEci0HiBgWf0Vk2c7eU8kLwCqz5uCkPZzIR/VmujHMlG0rmBHsofJ/suT2cerq1o5e0USeHEa7HP9NhvW4auVXfPNzKvpCjlNpwR7SauGV6DIQw6Q/QWGYSOoMYKGb0br/amDD72/qHN3UaMR
PhRXEci0HiBgWf0Vk2c7eU8kLwCqz5uCkPZzIR/VmujHMlG0rmBHsofJ/suT2cerq1o5e0USeHEa7HP9NhvW4auVXfPNzKvpCjlNpwR7SauGV6DIQw6Q/QWGYSOoMYKGb0br/amDD72/qHN3UaMR
gjbGGwHMiSNh6fJaM3pR37ys54tL05csVGUiwHNuhVUmCv4a/ucogHRCDb2J0pkYVXZmYgEcKq+Hz9ggj2crOQ+GuTaZ5ORMDy8dLsUlW7a1u0vb0noWZ+swkhIxmSGNiGJK4Pegiwi7uqxwdVCjDg==
Atg+/2LAfhvizfA13lvmmokmV2xGhn+YY2AzV63wUjyY/x/5gxtIFF/I5ZiOwF1qemVDEeBy40ELwxuIsTSl8hRmK1FFHAnjm+zBFeM5TsyG7W+uaoCd/0E3XKyCoov2u+JfhLQCeVajFA==
XrP2Gk2tREViqUeJtTVf6kJD8J2KN0WysxjF1/T7t339pe2EmI5w4uoOOAFIWfV8F8CGRU4Plq7Hn5mHl4r1g5GyzOmWnO9VgtsiCbelUeu5rP/RxumxT5D73cP6B+zwl+5k5Qm2fUvccTYu87ZnZR0jW8Xz+E9fRaMF
p/GCWY4LkO1YSRdUzwsmRonr62/751Mm0NJ4YnlRRxzXJH0CcmV6ozA73o+//RWuJl6I+QMDS9Xsht9eSVJWPkloSgM/S0jcZ7PrdVfiySqR0MSg9+vNkm2x2zotH/sHGo72S9M0gm5ZzWFBUIa6fH8UK2TD/vxMXUSjAg==
+LmP35WMBgJmlQdRLoS2fIno62/751Mm0NJ4YnlRRxzXJH0CcmV6ozA73o+//RWuJl6I+QMDS9Xsht9eSVJWPkloSgM/S0jcZ7PrdVfiySqR0MSg9+vNkm2x2zotH/sHGo72S9M0gm5ZzWFBUIa6fH8UK2TD/vxMXUSjAg==
uWWGk57aJXXqB0qWjD8zAonp62/751Mm0NJ4YnlRRxzXJH0CcmV6ozA73o+//RWuJl6I+QMDS9Xsht9eSVJWPkloSgM/S0jcZ7PrdVfiySqR0MSg9+vNkm2x2zotH/sHGo72S9M0gm5ZzWFBUIa6fH8UK2TD/vxMXUSjAg==
wTJnm05duYdwzDClF8ualYnu62/751Mm0NJ4YnlRRxzXJH0CcmV6ozA73o+//RWuJl6I+QMDS9Xsht9eSVJWPkloSgM/S0jcZ7PrdVfiySqR0MSg9+vNkm2x2zotH/sHGo72S9M0gm5ZzWFBUIa6fH8UK2TD/vxMXUSjAg==
VtS+rw///XN0P+sVqgrMDYnv62/751Mm0NJ4YnlRRxzXJH0CcmV6ozA73o+//RWuJl6I+QMDS9Xsht9eSVJWPkloSgM/S0jcZ7PrdVfiySqR0MSg9+vNkm2x2zotH/sHGo72S9M0gm5ZzWFBUIa6fH8UK2TD/vxMXUSjAg==
cPopLyMpgitF8cACTZys8BQU6rNbXvjm8c3XqG+I3eaamYp36Pcey/ehRdpeMujdKz97wfSK31pBTkYKcURqZ1c3OIg//6uxnz4Z3mk8JARfV30G9T1bvqWDa7OiIlavO8hyuoEBoQUY2uoIB3hLQOvCzFhFSKMG
wXj0Y91+AfECKYNaqWuBxXfu/3Ye5fFYh5Ousw3JL3U/cGJmqkZIrpql0jGPCIVQFPH0hwwqRR8bAw0CTzcDIl6d7PR18SB7gK1tTasfa3wtZXyh6wvSu5+HoE/WxEU+thHzXqdv/lEUCuneHREPM0nxyfBVW0ejBw==
Bvlc/oEnM/YI1t4tWvGvF3fs/3Ye5fFYh5Ousw3JL3U/cGJmqkZIrpql0jGPCIVQFPH0hwwqRR8bAw0CTzcDIl6d7PR18SB7gK1tTasfa3wtZXyh6wvSu5+HoE/WxEU+thHzXqdv/lEUCuneHREPM0nxyfBVW0ejBw==
8f8rfSoVkU3I79IXJZQsu3fr/3Ye5fFYh5Ousw3JL3U/cGJmqkZIrpql0jGPCIVQFPH0hwwqRR8bAw0CTzcDIl6d7PR18SB7gK1tTasfa3wtZXyh6wvSu5+HoE/WxEU+thHzXqdv/lEUCuneHREPM0nxyfBVW0ejBw==
t6cnIuy+CSe8gjEgOnipc3fq/3Ye5fFYh5Ousw3JL3U/cGJmqkZIrpql0jGPCIVQFPH0hwwqRR8bAw0CTzcDIl6d7PR18SB7gK1tTasfa3wtZXyh6wvSu5+HoE/WxEU+thHzXqdv/lEUCuneHREPM0nxyfBVW0ejBw==
LFdUL+ee5cYt0eT0bCz3nHft/3Ye5fFYh5Ousw3JL3U/cGJmqkZIrpql0jGPCIVQFPH0hwwqRR8bAw0CTzcDIl6d7PR18SB7gK1tTasfa3wtZXyh6wvSu5+HoE/WxEU+thHzXqdv/lEUCuneHREPM0nxyfBVW0ejBw==
ybltiYAQQs0TLnfPWBgdvTSxmxHs6mUfO8Ptgi93IyK+3Yx01TEAe+Dtjc0LX0t8zaXcIUvLMrv/xwDPdoQlPpbRU97Hrx5RNEpJXv3RbzNpMSlwNRtnoyc=
Zrz+huKDkSRjWLfRUrhY9b+s54tL05csVGUiwHNuhVUmCv4a/ucogHRCDb2J0pkYVXZmYgEcKq+Hz9ggj2crOQ+GuTaZ5ORMDy8dLsUlW7a1u0vb0noWZ+swkhIxmSGNiGJK4Pegiwi7uqxwdVCjDg==
Qhw7cUPIIjneNLr43e3NgkUPYaPd1bDIaeVfZEKL2gt9DMN9WDq54gOpfqZ7zghtzaYZE0CxKnZXJiNtMcP3jfcI6yd5ozk=
EzcLFB1gOBgTMOMtCHL+h0UPYaPd1bDIaeFdakKL2gt9DMN9WDq54gOpfqZ7zghtzaYZE0CxKnZXJiNtMcP3jfcI6yd5ozk=
v0FcyXxk9VDxnHZT93ceQ5xwDztOnp0ON7iQu+WvwCXZRrbSoc6V2c1VZhwUWYUOcYbho/YMaV+Uyv2Xecb/IFsyx9ehj4U/TKsV5ilWDjMhrkg1BA2MsnSP3Ix1F2FPZP2o9PtWS0R+JZA9TbFzkPIkLE4uXv6p2un3BxlbJegwoOT4plnn6nrk9YsBQzTIEuaDwhtWl4Bk5pGio+A=
k97Q7TpxQIBsX8nUzOkzlFERc8gl73rb7OgTBIOgaT0WlcoBFLYbI2E2NnOjjGJWKXXh+SC+WsQPLOvcs8Yc9C18ozo=
yRgTTGT98gCk3/1znVbN71VHKX9tGIQzV8A3Xojio4waCjV5AW1zQfMZU1ohnpxUGO9VxjpEIhTyIOrTuMQnV5o5JPttSGb9QfJEjI4CDxAoDkU1XDdqiMKi9eOldSkq8lKEPerVZU6rtt/G/ZD0Hi7Fbjlw0+08v84Zngq5J45TlxKRuLJdjkl5c1MVWX1AgYOro+s=
t66WC0VN5zHvn0HphvFGslfdnnpul4RU+OeacarC4VOETvYLU/SCLtkNYYHQxrq8/1QrpEO+/IzdBKNC
Q07BpfWa0o0TX+rdQTNqCKr2Cve4nUup3QF9VxNGBT52kbNeZ+8+UVSKKd5dkU8ziXGJ8JXbB6NH
DyN9QAMJ+j6+KVxtC8C+CbwgN/6gRZRuZ2dbkSi1rQsUWKPhYKTdBP4hdzH8IKf+hB008S2Z1ouap0DEvLUUI4IEFr/FDUF93pRQ/V/iKjcxyGqsC2xADPd5yvLJW5X04nA5jVWHzfjg6R1ioTEMIACwnyZfq2kFR8IDrXV2+PCjDhiL3soTkwGh30G9kEBEtKAu+H04ipcziRVSQ0zcPYgp1ltJyN8xTfD6ughlF3BlbSKAaUjp5F470wwydGI4kwfMbKOWkINMPN9fVh6YxTVQrodn2ApyqhvnppWNU3S+C2t21HBUo+90r9t3CmRN8A4ZHEvAtyizZRNZbb0C0br0x4pIImUfHik51X0gJmqlLUDV5fsFr0qVcDwN+opJ9U2GXeGGoZDt1clvCWGMKQTBY1VN8J7vDH4zLCOF6NP47SMmRW6vFK95mIO+KYo4lv2NO1yP/dJp4uaXsSrAQaT5xPakq7S4dSMJa7S54ABbIsPA7oF4iQ2Fm7TiICQ6Dqq27QpNn7OZ701M4OSsDIYt7+5qwBy/QffcbIJiC7a7ot/EtML5lqPU
IIuvZVV4pRb3/LhUzWma960o5HUwfrr9t7Xh1bhjtn1jfoJSzzWJQdAOVx8IADZEqfFpFk0TcWpE7cklMqffl5EtFQTdqqlazva53hwRBl28j9UKix/WCMZDDSUhTmBjifwJw7Bm0Gr7CKepZRNnqDdTPSQkVtO0nAVGKL/lwWuLH1WiPEKkugoWRXpGQVMj4ezL3kBbONOSFZHqswdN+u6kIBcrtjU3xi4RymVy/tFncvqmPh5jPchiu/S8dQx2C4E+rGRDpcoK6d8aRiRKMZOYnZ9Pko5xr7iM0rgVb/47Rd/42Asg1H0ys8K7PpMPJ6cl7953yk5DBNDAyWne422LlRJabLU3ZDvducl5Kj+EgoVoFi9Ft8ITOaTNpu3f3XEhE7DvVJuH+zVyEnmslIdS61e09QjXJyhdDIPi7zNMXdabdr4GZylV5E2xhInIkqm5ONynlIMAOPwJWA71qZ31HEtcRov4p+4Wg3SfLe+vSqpy+Jx+EDJjkq8zxVklGRII1tAKljfLAFKC0GkhXSjSCvCX0AtYm4ps4JWgo94=
wPmbzgIHHCXxRtD8P2sR2rxvcTwbbTMJJZBETd672F4JI7Z6aLjZ5UaSKR5ambdOQz9gkQRXTU/ZGSPT5bnNAPEje6M7
yC6wCsrh2gTbN1+FlAHMUtGm2ZWQpV2KzkhFrrV5nNeMyQt2W+Ey5EaF33YKuEWVwdMJlGP6Ox77yq/cFPopfqM8
aWmxPC7Vr69tHoX8zSbRsVfdnnpul4RU+OeacarC4VOETvYLU/SCLtEPYY3Vxru8/1QrpEO+/IzdBKNC
oSu3bBO9LV8BIbykm1cNHqr2Cve4nUup3QF9VxNGBT52kbNeZ+c8UViPKd9dkU8ziXGJ8JXbB6NH
h8n2ImRUxNzBa30LdYroa8vM6Du3WBEDCobSHDD2BMrf8KqqAh84NVEpaw0zcTTWfLB5nBp3LxTEmwdRgNdCcdCKdK0hRbPof2/tSALMQTGlu7XE4NVlXlGNdJzgDOcar5cROYd+exGFyoDMQzJgty52ay+BHaf9Taw4eFScVkSNhPIr87VtbrNwpIFola7nufSnDU3Mgob42W/MhdFavJl0kdieh6uwwsgaBHM7tFBTKug/zICn46Yi4PnVbNY7l2Ryzmonn5plsSvIXrcTyiRMLJ/vSNfnh7Yc8RCyYSC7/M8Uc9lr5Z0Beu1ayL+2uJ4do56VQWmNHF5WRRE4aRVHfROKqQgA/cby9RXx/uERutms7emxU/nd9JXkfRtpvczm08zCS5DTOZDvGNFbGrXS16gvxeA/ThXyBHbB9YesM4Vuqd6eq0EWuP1ERbxKVJfMhHUfcVdEBZi8u567/B69ALXNOeMIEpxcBu6WztH68ecPGVM18BDY1DBmEZdSmnxsAYHHoVBzXnMKWx6neET+gaqj6A==
sxeCiZuA0hlzU4gLelmwLc+rsW81NyFsCDnrNcOYyqf8Jsn15yqNW1yPzGQFKmc4Byf2Gx98VexaFzjlmsdiNACRqqVY3ZRkzTZ08X7VzWNg10kK368MwexnDaCeM4u9Mh4NeI9Zlzsw84D3Jb3UuaXa7asBbqoqgVlGoTZRyAHz8ons/8jpeQNwsmNOywvvv15AIMaAGp3jtQRNx5ST1CZFnd0SpHHNEzMhLhwtNT5ngGXbyHoNFx0aFqzrkRaqPerILU+IVqOjsJc6nHk/+T6RSdYkfXfAm37WL4MBsuuJ9uAIsV8tr9utLYMCLaAh7qBMMnsxKzzpr0o+PjfcQcMUJ33yJkRhQH8KmtIu5SGJiLTdIlCctS1LJW1iJ8ZVol5EPD5lJGkrxKr82U2VrxaKDjCiFcdxZaUBzy5WSsKKeLUOYitqGHTHt3nl+I5dGYL8TFZSdzDAHk01VCeCqLryLSMdBXGKGuIMvWIlzS7zBicGpcDM/gbVZjl4w8Vchx7B3nIJ/2777pgRPAc1L5GJyxNNiYVg6ZOjo+M=
8n66Awk/2RMIenbnTA8xUkUPYaPd1bDIaeVfZEKL2gt9DMN9WDq54gOpfqZ7zghtzaYZE0KxJnNXJyNtMcP3jfcI6yd5ozk=
tLS5ZwUOVMwIPJbICE7RTsOI+gME13hwdoRubNi8LGHmCRkndy7mGgwOe2c/8SMh64q2r1HycCnk0TQuBNPkkHULWRMUYRAoG0pzGA65KOGNbUuMgniU0s6CxrWqtU+bmcedtEC83CRGxV+2CvjNVcGTiVRjurve+4ovHBS6qb6j/A==
Lxr1wJ4hs+UVkv2S61b2A8kDm2ZLk2oW/q4rCj+FuJ/EQkkVF478n89/h/WqvEstLYD4GyBPT+TBSYJ6Y1aBQczigd4yib9uu2fYEXyHdS/RCQsTjQlFYCkTY6Mj
MHN0yFRXQgDBAjyCn8hKsBzaCKY+1/g90bx0KqmKvQEyF07W24WFGhY3pdtlVcgYoYVHVCpLcpuFrIuNQDqhkssJBjbTjuBd1UZRQ7oxnqMfBzsdGQOfHU9oIxdhoyE=
FnIJpqhvaX/FTTikVNyz+jXpJ4MP5dkn5rx0KqmKvQEyF07W24WFGhY3pdtlVcgYoYVHVCpLcpuFrIuNQDqhkssJBjbTjuBd1UZRQ7oxnqMfBzsdGQOfHU9oIxdhoyE=
++pDIZnqroQaC4JOdxQ3N/PGpB74sXgirYq5CT4HUs6/pWEiagdpkyGVDFDtdfssjqvWAxk8BwXEuiUaR5marnfuRKVpNp2L/nFaa1M3xyV9I3sFU3gvH2WjJQ==
XjpFnjiE5WuLam620eAYM2lQ+nOiUBFXUVbMIWexH8Gx71zakYqF8Rp3FgYTxc2q7pfNS/3VUIgJZf8kYou6y92MY704Olmioyne5pvOKK1tJvnTIrEGM/enQ63Rw9dNl4gLZ1mjGQ==
+gJbi3r3TVwP/COWO86SjfCPIV6ptDoKvAqOEe3OGgGBGRxSSsSz3bMrSEgNBJChyxi9zoUBWv5RknpJc4OhgqCGm1taeECETcPIYOZBt0LazMUxgfcB4LNOU9rbzkdohA5hWqMY
rT6Q6a9U3l/r5JGVuk8szAOxLgHJqjBXO21pA+8d6RNcO+FqKD9Tec/V4bi9q1eXs06VZAOUCbqaRrJLUHMDKMnkj8E4Q5QlChtDFCjFjy4K/CDe4ahGksu10qsEMCx+W5PrqecSvA6q3cTJa3alqtG204waJkCZoPm+j4OEUVK37oQlqTbdC75xGusTN4elPSM7hZN475+lo+U=
kZ9Igu6V6I7sUs68eB6nAGQzkgzGpN3m+/+XeEcm1pvJg0goe+3CEeGE+lLAaw7e0KfTTC52AuM7gd5WdHtWqtJu9iuTlAKOme9hbZVmO9w/dCuEA158LB1koyI=
IoGshl5k3ufVsV1SNfvOK0YRMosOV8bNaSvqVF9/ptIvj5Xms47AHTXG8YPaMb7j/4eb3XkDv12v6IPXAaNB
IoGshl5k3ufVsV1SNfvOK0YRMosOV8bNaSvqVF9/ptIvj5Xms47AHTXG8YPaMb7j/4eb3XkDv12v6IPXAaNB
bwwOd80xA0j9RWH/ntLA310H8IOWM06p9VbD1eu8tHfG6qzItuhVxaVVeBQUW+pvUdGXS14T+uiCkLbp34b9hJm/gaORh8JIg/oUTNa9P9OFndrk1J2Qdbrf84XrCPjNxL8juE6rLh2EIGF+o685JlxqFoTj/wAZDeZM
