tZazy/tDXZXmoErcjTGnXWloZw6ZLDXRZHm/x5ef+iwTGScu/vfDCWIU+VPtSgu+yRPrDCV3TuQ7TPr3hKA6m5mZy+SAZfee0jwYjrmIroLDtdq77BB0LmNTMxmfshT+Il1MeYOWHdqJditcQkZoiaj5tp+rZIkCz65c1RFWtbUx8Z6au5d/FWFjA1VLWIePsqPt
95rCbQ4pKEeeCEnvhr2UqGmvtNs+vJug8bKCveqvQ5c0+4TzfueMBHhlX59iZyNrBcQv1MmNnttiqZx7FdjeHakiDMzGMifwMD5dNUQHcmjqkr2j7aXBykrC/L1SRZ3uA+aXhjVgHD42tXY5aCP1HNe+UV7CaY8uKwmvEUAm5e8hKb+T3WlVIJmzrKPz
k6SDr6LfEeNQgcmA7gzCyRe8EjC2KwZWKUoO3egljn/Xc90Rg3EqnLXkzzncNTFdAFkvrJ+C833jwEkjeqqUZmQyEzFJ991T8k/4NIxdIx+bWlVb8WyjdAWliou2MQA7CcCKTT3KQKzK2pOAhMZhNXj/xhheerHDoU1Vmh7a4P3O3Um+F85bJrnI6A5CjYq5FBsBLKMW3f6OQZv+f5Ez0Vw+MT+1QXNz0QHh0C3LkKPP
YRfM57tRW0CW1jkJXUQPZe7D2JqtgrZGSYjsp9stqfFAL9f2f4CVt+e6Tr6sqtMzb6VrZavO/vsBplgNxPUcOhTH7JR1D1EHBHU4DDtuW0xe7WClzSkD2NIsPHZuJm4hOiHHHxlDFSDQKHSA5mH34lqsixaB28AAM+6T/tuuBwgErqGlo/g=
Bba6HNjsPHJzaCEJ/3r+WLi1p1LxvBwF+ypLATBpetCEk55uWZHokvt54bUQi39i/x08E7f+BuqMvts3f4FDMeuaVl+RItCZZKFUfkTjxIB1G3kjVDFwWJv608jOScjxjX0r/MIoNGJOciZlaoVvi5nXvYSAbDzUxnX/5kqIo0LBj2iko2obanv6T0xUiomxo+w=
iqvFMFCaNb1gdj7OmARvkri1p1LxvBwF+ypLATBpetCEgpZgX57pwPt54bUQi39i/xw8E7f+BuqMvts3f4FDMeuaVl+RItCZZKFUfkTjxIB1G3kjVDFwWJv608jOScjxjX0r/MIoNGJOciZlaoVvi5nXvYSAbDzUxnX/5kqIo0LBj2iko2obanv6T0xUiomxo+w=
09EBrI5/yVmLCajmnbEGFYW3ixBd6m7NLtX4MNs/o0gILlw4AkmLrd8u+MdVA5bU5gt3NUWNTgEsn42zpnc0ZDC1t58IMuqLvVR3FDG9hruqWTT7fWgWPbFSNAweol9Q+O51NWzXusiSAmVj1dXZ6oJylD36tVWOG9ZvRm3wpN7+5R45gPO9fG8uiR66WZfOY3kHkaiWrc852YfThfmtgNHjhKPb
7hsYCl69QsEryKQ96vhfYngLjywnloxrk8Pu8NPhv2YAbrKxQMdZU5IPGLTsHcMf/Zq225GsQ3RlZWoL1vHgOykAKs2dCmCs6hozACQGQTVYP2aY/rqRw4GN9Rq+GsD9Lh0pPvcOOyZZCIiOok3qufRbYaxDVr3+bgH7fp/RU9F8fpG/FQFTc/FBQVCNi7Cj7w==
XNdgJniluTp0BswKpyvyLz7DZZrHASfxjPihvco+3yTYv4hp4ea+6xQqKH0hNxCiWdrrB+2n+K0rKD/X4LHPaIIQPCC3hbdHd1vLtKpdiVT0Q7SfGCzsBVAK9ZXlwexnNGJrJP+6xk882+0TFz4anlD43oyq9wIju0HZmeGmeHo4rvZrE9QCzheoYSEUJjucvzArRIOefOydu6Pi
JsZuv/WyAAs5TmWsxrCdl/n3lhGrsRwF8yhdE2R7eYCE1tMnDd+9wPt54bUQi39i/xg8E7f+BuqMvts3f4FDMeuaVl+RItCZZKFUfkTjxIB1G3kjVDFwWJv608jOScjxjX0r/MIoNGJOciZlaoVvi5nXvYSAbDzUxnX/5kqIo0LBj2iko2obanv6T0xUiomxo+w=
CXOvA2xRCXcZD5H5r+OHKDROz3d5loxgjNPpotry8WcKJbKxQMdZU5IPGLTsHcMf+Jq225GsQ3RlZWoL1vHgOykAKs2dCmCs6hozACQGQTVYP2aY/rqRw4GN9Rq+GsD9Lh0pPvcOOyZZCIiOok3qufRbYaxDVr3+bgH7fp/RU9F8fpG/FQFTc/FBQVCNi7Cj7w==
ATVjZinNhsMqKHuFuJwV5RElJB5eNNrgs/AXBN8lcBPaXyCUBO3bH+Tr3vupfIu0rdUya75hWLvRkIJtxXoo7CLKy+AMNlk1QA9OeAZqWYPJ/a26Foo4fZaNQV6vvvPmkdiwrso98rnsq4mMewb1viaxI553QetRBO45H83xm7O5ETkwpbuoo/c=
CBsCHt/VKl4B4hJx3/aningRgyEl18UjjNS3/Z++4DQCd/OxQMdZU5IPGLTsHcMf+pu225GsQ3RlZWoL1vHgOykAKs2dCmCs6hozACQGQTVYP2aY/rqRw4GN9Rq+GsD9Lh0pPvcOOyZZCIiOok3qufRbYaxDVr3+bgH7fp/RU9F8fpG/FQFTc/FBQVCNi7Cj7w==
asbj5wLoZ0TdPBG/vTbpZkWCGUXZ8UMuBD2+Sabp8XoRU+K4tOOEF2L2JzgWzNpxgI/qhdGtI+8HXsNcuOSeJ1zLppB76DGgBp6rr30vWGV7AD/9sXhv4BK4fAinjZePJ/NLHPqVqVzka/Q3iKRMzQAi9b21CUzvpMorDO+y5odsc227R/Y6lkDQniQ6f6Lr62nZsbFu2PKoBrZDA9wiBkcA4YlE7huUrxhr7BMW3CTNk6PK
rezO0XIWhootdr3o0Y+uppR0AzNLqs4UOYXfq//moyeKfIr8kNuGy84QIAMCGs8OeZLqgJtVOXmg5+fuf5mlfgcy3sbsksM7T+0b/StWDjMhrkg1BA2MsnSP3Ix1F2FPZP2o9PtWS0R+JZA9TbFzkPIkLE4uXv6p2un3BxlbJegwoOT4plnn6nrk+44BQzDIE+aDxhtWl4Bk5pG9o+A=
a+t09Ds49hOT6uCS0XlyD8hLtZRkSHsPq5a2KMm5p5f/2tsbekDywHDn/vc+LFg/wqa3sokukjx76UHFUFufUv8l3cL3jqZ6DC67h79RY0HranYP0ZIwCeQx9I6Es6SwdSsZc5TB0MgbajN4jhnoAY0NCywCmFTyzuKGFSpVj7uZ511UwBycREbln1aKWIMywX9I9OPa+/r7au+8lNrpgaPc
od6qRKwCzYYNI9rSSEqm9ql0MQFl0D31hDMPLK9FNCEUf1tZlP7FbFv4bnSAgtHuTFI3JS0du/yXg1A7Yrz2+fFfRH8tU+sYgaRHEVDjDLWSm9uEsKUn/kK86C7JyH5i87XqWzxQBI6T06N5T3IknjJdXFnz1s16GfabvPIGOKlY+ca/e6Q5Yn8uzHVBlkWVIfGOeovXL/Xx43P1u5jX74Kj3Q==
7x0aFVTBCZrbR34X+cKPJ3IZ5aWT8Vy2T327gKoywbejlf/c1xFiXubSQJHCDRZCfN2igFuY8RBmDis/nZ8YlVsQP+ORiC9Q8ij8mMc9V/8H40sM2uVp7IT7dKdoFAw9IDL1rZX5DF9EWqucjwIm90xjbatnhvomIEAetNrP4hvLedmhkZ6YQkiWNtNjbOJ2ZxDhmWSe2yTPiOt886ac1O2Do9o=
uRCHHzgj1F33xwITVQPpAngLjywnloxjkdX8pN7ooTQAaPvlDpIrU5IPGLTsHcMf95i325GsQ3RlZWoL1vHgOykAKs2dCmCs6hozACQGQTVYP2aY/rqRw4GN9Rq+GsD9Lh0pPvcOOyZZCIiOok3qufRbYaxDVr3+bgH7fp/RU9F8fpG/FQFTc/FBQVCNi7Cj7w==
B7xb0uWYOkYO7eSXplG2vcYbuaFCYaYHVWUvS1l+4LHjAmChFErLK5XjKFGDvL9eflt/NMok3MyPgad7n4+L+PL5ech8NxQz4Oi8eXge9Zn9pdy7/NYLSEc+VvNUjy3fzxpqglgM/qDSs9LfE9VZFXlCyCZwmhaHK9AS8v98IW1MgssAN0SL6HtaLJC1r6Pu
L926tA2EwmM5svWqzao8wuCy/uWPZEHxaQIr310/mPUbMD/J1uev8DLI/PiHndcfx8NLLBoF6UzEm3RHqLSMXWAS9Y3VmYz/hLqr/M+ipheMQ22Lp2Z6hmAgHlQab2J7i1nZgdH+GOKIdjazI8xilqcw4bmkfluEj+jrnDMGHLSto6P6
yP+E9tj95IXKkSbCUYfslSMOA3KHsRrzm4Nw+4I8VrmRX6+4gtOLWKGkp9EwY6x1cpv7xNAlhz5ivIhuaUieotO1ypvc0KTO89ODue/yRN4SXbyZU1atuvn2u/yShphpuPmm/9sk2aJfLqw1oRbl1UHxrrprV4+10eOTNRsYt6+io/0=
Bz+mp9h7uB9SE3WEHS/hIOKy/vSNckXxaQIr310/mPUbMD/P1uev8DLI/PiHndcfx8NLLBoF6UzEm3RHqLSMXWAS9Y3VmYz/hLqr/M+ipheMQ22Lp2Z6hmAgHlQab2J7i1nZgdH+GOKIdjazI8xilqcw4bmkfluEj+jrnDMGHLSto6P6
J7VOSqsbz/kPwSsrGuf57yMOBWSbrBrzm4Nw+4I8VrmRX6m4gtOLWKGkp9EwY6x1cpv7xNAlhz5ivIhuaUieotO1ypvc0KTO89ODue/yRN4SXbyZU1atuvn2u/yShphpuPmm/9sk2aJfLqw1oRbl1UHxrrprV4+10eOTNRsYt6+io/0=
yn8fVEsYx3AFLv9torKVnSMOBHKJqRrzm4Nw+4I8VrmRX6q4gtOLWKGkp9EwY6x1cpv7xNAlhz5ivIhuaUieotO1ypvc0KTO89ODue/yRN4SXbyZU1atuvn2u/yShphpuPmm/9sk2aJfLqw1oRbl1UHxrrprV4+10eOTNRsYt6+io/0=
Xdhu7gI04xXIAkiI9jQQmlpNYWhhDIQ5FscmR6mr5pISLjUnUigsBtMtbTM2l+QkYJVHn3IRNUvtNOeUgd02e5o5JPttSGb9QfJEjI4CDxAoDkU1XDdqiMKi9eOldSkq8lKEPerVZU6rtt/G/ZD0Hi7Fbjlw0+08v84Zngq5J45TlxeRuLZdj0l5d1MVWX1AgYO0o+s=
XcM35wUwvH4Vu2GhF76IEYR8d6SYsdd9dHPrXggpFH5kPsXg0HVH3nM1KeOm5+FzGwzWI9EzWtMC76j0vD0zH4q4aRshzNP0lcU6S+YR8Ds5INoNzWrQLHq6Q0D05nE1aN+22I4aAUMx7aXaTjrQ/T79GX6nrsumyWg4TnJtmrkEezHs87Ytfh6hK76vv0PRbF7h/8Xh4/Nh4bGQ3euAo98=
s+pSapBfLH9HyPTKiJQ71Sx0iMtyzpKnKxEHndit9UtmSgFhx86veetyFngcdiXUh7vagI7yqmVIbuKSmTCmD+YOoulaPhfxfpz11RxnkYBW2y+qzos6WITnp3n1mL6dSeJszCbyh3CQ/n01ZMfS6EpSXaONZSFKKoIcvXIFPW6jpreGFSB8vtb1FjmI45WcN35xXuKpL66Lx48RIOYFb0FpX5O9KfWgOfOMo9M=
s+pSapBfLH9HyPTKiJQ71Sx0iMtyzpKnKxEHndit9UtmSgFhx86veetyFngcdiXUh7vagI7yqmVIbuKSmTCmD+YOoulaPhfxfpz11RxnkYBW2y+qzos6WITnp3n1mL6dSeJszCbyh3CQ/n01ZMfS6EpSXaONZSFKKoIcvXIFPW6jpreGFSB8vtb1FjmI45WcN35xXuKpL66Lx48RIOYFb0FpX5O9KfWgOfOMo9M=
tO0bat61SjRlXioiqvGtxi15dtjWGVQfckVhPBGCEPg+mqIfnKL5tnHYlYhrh88j6hiQoyIZMNJ1CC8RjTNsLydWYuKn/25ZLKt6BV5GcYilgzhZ5KJYvO1l2V+KshpQVo17oWlNVU/6PkaSNuDB7nYT9mi474O5kRDCbQX6aOxiSgvgTLaZNYCPDnjG6hmDiX1tulYKeH1WDQFebz4z5tFYcK4KvbK5LCvJjDuGNb5mMWOet8WqUcRu+R+NcVuzeZF5MGU76KO3
pw5ey13fpqJgTlVrdz4hfQtiXqaEm0DK2dD3ADeOhGXcRfL+zp802jxTAGu4jROdtMJWDALS3ILpXKtv6g8f81/74ljiWBW0LY93EpQtDgZJ9dmxEd3xF4hC4ECRB0WRRHPsIC8O+xNMmejD75TtKJsub8ckQYYfzpImM6EpFClpCEn8unUp/KRL9BdIBMytwEL13XVpzE9k6issrxJmZyyTbVsHFro2APCeBPrfIosrCdnRcQ5YUmgmtmNDfKLmA+HhaQQOmzTvOGvM07ZcRA3zo6o=
/gkGgWOrIVOe5kt9KNLfKD3aZQhjaWgb8DMIegVWwda7ZiBSHhiiwBBgiCLP7gmMt+SdIhbFOtLHg7dAVURzaWwTIN3GWw8s3BXbRjYcPPaVmFKKx7XesxAAWFZHc9fBs8JINuadCDHfJvECLRZP5K7W1AEseTIXF/TluitO+I195ml59LHa0mdnU00FQyetZ0j7h7aj6Q==
LN1Tv45A//yZGCf4f8dBwIzooqvUB6SdCKjOOngaAo+I66jxtlm8T+CSpkJSRtDCSDMu2fTe74BSWHxoZ20XL+fTSzw6NSm8JAv018jEzG1AAvWd9anMj+QqK2wvUmYnrFNtm4dWunaAsJ7Eeh8iS6tJ2ZHxzliS6Oa2I8M8oqaDIeGphE6bdG94awxTdlyEjbOj6g==
lVkNEptVfJfZVfDKJbCS0JkV9ADVUfEypus+c5GcX/Xcuj1qnzkSXh8ubLVhFqVQgPHuOqtXzzUR49O12xj3L2KjPQ==
olyIe3VwQTVL5ESEr3gG85xwDztOnp0ON7iQu+WvwCXZRrbSoc6V2c1VZhwUWYUOcYbho/YMaV+Uyv2Xecb/IFsyx9ehj4U/TKsV5ilWDjMhrkg1BA2MsnSP3Ix1F2FPZP2o9PtWS0R+JZA9TbFzkPIkLE4uXv6p2un3BxlbJegwoOT4plnn6nrk/o8BQzDIE+aDxhtWl4Bk5pG9o+A=
39e6gCC2+wZXFLzLYbN4wF05Py1aaNzzMwwjLNhrf5S30hREBGY4/OBx5pCqvYS3J8iWzjaHOijYFxtPDAtFumnwI1R2QY3oC0ze+jAPOXVnzsM2j8Wa8dXp9tVj2OFvJz2PCRKnjLeSCcx7xbhu3blC3Ey2EtewoN5tNXTn4igass0jPcXRCvqiLL0C5W2uE8ZHBoWALH6mFQY5mINl3Ofe4d6SSZ/uW6t+ERDGVa8xye8TLUkl4AnTnKPD
uAl8iC8OGmsmEO6RqT9FojdHmeJJCRN9gJC/WKEBzWWtMVHN04hfFR6K3zVUliMyNP52u/Mkwv61+WFxtBb7bF/gqxTj7jzcPWujMg==
/2TvKuUkPyPCG0+Opf0sQfCPIV6ptDoKvAqOEe3OGgGBGRxSSsSz3bMrSEgNBJChyxi9zoUBWv5VkHRJc4OhgqCGm1taeECETcPIYOZBt0LazMk3gfsA4LNOU97bzkdohA5hRaMY
TsQZoz2dAUVhhfFzAdeWXWlQ+nOiUBFXUVbMIWexH8Gx71zakYqF8Rp3FgYTxc2q7pfNS/3VUIgJYf0qYou6y92MY704Olmioyne5pvOKK1tJvnfJLEKMvenQ63Vw9dNl4gLZ0ajGQ==
X3XgSs+VQbk2rJeSPgQ2u/PGpB74sXgirYq5CT4HUs6/pWEiagdpkyGVDFDtcfkijqvWAxk8BwXEuiUaR5marnfuRKVpNp2H+HFWalM3xyV5I3sFU3gvH3qjJQ==
RlRcxsvS7JErU65VnfxXODXpJ4MP5dkn5rx0KqmKvQEyF07W24WFGhY3pdtlVcgYoYFFWipLcpuFrIuNQDqhkssJBjbTjuBd1UZRT7wxkqIfBzsdHQOfHU9oIxd+oyE=
WUZkXliH2XA0ZYUbzgvpohzaCKY+1/g90bx0KqmKvQEyF07W24WFGhY3pdtlVcgYoYFFWipLcpuFrIuNQDqhkssJBjbTjuBd1UZRT7wxkqIfBzsdHQOfHU9oIxd+oyE=
EJ7BleHJCGo8m3pmbAYEM8kDm2ZLk2oW/q4rCj+FuJ/EQkkVF478n89/h/WqvEspL474GyBPT+TBSYJ6Y1aBQczigd4yib9uu2reEXCGdS/RCQ8TjQlFYCkTfKMj
AH68+YiDuyRpjLQ0rOq53Sx0iMtyzpKnKxEHndit9UtmSgFhx86veetyFngcdiXUh7vagI7yqmVIbuKSmTCmD+YOoulaPhfxfpz11RxnkYBW2y+qzos6WITnp3n1mL6dSeJszCbyh3CQ/n01ZMfS6EpSXaONZSFKKoIcvXIFPW6jpreGFSB8vtb1FjmI45WcN35xXuKpL66Lyo4RIOYFb0FpX5O9KfWgOfOMo9M=
j9x4uP1yU8i21sUg33h3/DdHmeNJCRN9gJC/WKEBzWWtMVHN04hfFR6K3zVUliMyNP52u/Mkwv60+WFxtBb7bF/gqxTj7jzcPWujMg==
tCXvrgXJPXa38WjZT1MiAIKn4g8vV6vVee0tPEMZu7MgaueOuLGio4YRhSchn7GyarCfBEK86sCzdGqEgaO6K7RUSJL+M9IQLywJh+xBbIJZO9sFbT0VAO+p1648DAmqTVFcp2M4F9WkvTCaX/irX3bhYPoUXON5F+cELtQgeJEVGYfR+4/UIqiqWHxvnrgP+FB2cw1Z30zMVUsm5pzMlmXYouo3tS7T4ECoNrfzB6EjglhWNp3Ykc9mYSL9ln/EHpbkoZx5grcnNFWaG86ore0med6ksYoyd6fDrVXDV00XiItnxqOZ
sSOSFimWcxyc65TNne41lJ1V23Bq2Cejqn0Lnd7i/B2+f5H78Tth1Bw77frLsBL6att163BontnJl1Fvjw/DKrRrfR7YdHKIyJQpl+mFGPZHbpP+jWSyeD1a0LeUkCAy3dkh4LiWVyM5TRTEcCIl+X31TGfMcuugk6mwP5gBO4r1IrdYLzWAzw6FktT2EdUX7AMl3qluPpuBhpitxBVc2pTnLPR1b5EnhJV47DvOm2zejaAFzYlDOFIMfNZuRq5BugGH/xmjVQBQSLTg5sG3wtpMyLeBewBgs85TXttOR+iEjmHFo5g=
LneVWkQ8ZnVyTRagYrbP5ecyidaljCyl158Q5WqymkVi1f12fQ20/dg6E2QJyThCq25Mlw/63Rh4iaZaZ/fZJl0LW9PDW47LZ3qRc8J5gvuDIBCv5QX8wkMIoUV5Az7vrhcL4ZoBSwZD24/yJJLvBYhh+A2mOf3uh5zRFAdBTSwcg+BXhVdRwu5QiFzUpY2pCk3JiP3s6JnTrbw4n3Wdr4/OsnF7BolcS6vGZgMvc0bYbCXNeBKzdkZd4VS4G+3sudqyZTHB0I1npmqhuXj14livDZ3cU0cqrnifQ8OX1bEDYyxx7pkAfOJC9a2lhIfzhP7wa7J5zQgpDdz6qlkOI6R6fLJrmWcUGq1sjFKNQ1crbWw7qG1sggpMkPnK0aVYBBx3EduX+FYgQKwJyUkL+c8P4AokegTkO37M94SgOpuZmcvkgGX3ntI8GI65iK6Cw7Xau+wQdC5jUzMZn7IU/iJdTHmDlh3aiXYrXEJGaImo+bafq2SJAs+uXNURVrW2MPGemruXfxVhYwNVS1iHj7Kj7Q==
97fBNzvxkCS8EjHdtKqhvsvM6Du3WBEDCobSHDD2BMrf8KqqAh84NVEpaw0zcTTWfLB5nBp3LxTEmwdRgddCcdCKdK0hRbPof2/tSALMQTGlu7XE4NVlXlGNdJzgDOcar5cROYd+exGFyoDMQzJgty52ay+BHaf9Taw4eFScVkSNhPIr87VtbrNwpIFola7nufSnDU3Mgob42W/MhdFavJl0kdieh6uwwsgaBHM7tFBTKug/zICn46Yi4PnVbNY7l2Ryzmonn5plsSvIXrcTyiRMLJ/vSNfnh7Yc8RCyYSC7/M8Uc9lr5Z0Beu1ayL+2uJ4do56VQWmNHF5WRRE4aRVHfROKqQgA/cby9RXx/uERutms7emxU/nd9JXkfRtpvczm08zCS5DTOZDvGNFbGrXS16gvxeA/ThXyBHbB9YesM4Vuqd6eq0EWuP1ERbxKVJfMhHUfcVdEBZi8u567/B69ALXNOeMIEpxcBu6WztH68ecPGVM18BDY1DBmEZdSmnxoB4HLoFBzXnMOWx6neET+gbWj6A==
8GE3kA7Yw9ADDn30loebNpC8RlGWCor88aJ64jlB1J23KTOod1PeMeqmsXOmNUpAlsNlvS1xTCNc3kdfb/7aap7zAOGi4hQpMjBS7Z2A7kljtMG/uxK9Jyp8B5UUb72qi3fQkcCPOaCq26ft7sZZ2Hvh64vcW9Q38dX4SZmi2UtVNnb67fGyIUL5JFGvKl2MyzDVCS+Y5iOaY2dfQ+Y0gBLYRk3P3TBN8/y/BHodSX1mHI19f5v1bkjFGU5beFG7HKJRR/GyYiwfOXp64bKczXvwalOP2EP6yNHTSUIpvXZwpauQt5biL7fpnrtVLrSoRedRHzcFeUPWRYzR0th40i9p9+yFB76+Sp8wEZ/M8x3G3ngRbJde2gaGiZF1MMB99gjAZQEjEW1WT+qF/gaQnErd2NlHbH68jaW53ypyOlB2zZshiQ11T9r+JhJWIOHuVlNW6FivY7mxUGLtZToI7AKKq2Ds9nk1YM+u+GYqeYPpvQ069kpYfbZN4d7PfhPm8ZgQLmp9krkMaykM28YVvkbxwx7XAspR5K5Zn20xu7OZ0dmwxfuIo9c=
19n3BOOqXtxcyF4XNfB2rbwgN/6gRZRuZ2dbkSi1rQsUWKPhYKTdBP4hdzH8IKf+hB008S2Z1ouap0DEvLUUI4IEFr/FDUF93pRQ/V/iKjcxyGqsC2xADPd5yvLJW5X04nA5jVWHzfjg6R1ioTEMIACwnyZfq2kFR8IDrXV2+PCjDhiL3soTkwGh30G9kEBEtKAu+H04ipcziRVSQ0zcPYgp1ltJyN8xTfD6ughlF3BlbSKAaUjp5F470wwydGI4kwfMbKOWkINMPN9fVh6YxTVQrodn2ApyqhvnppWNU3S+C2t21HBUo+90r9t3CmRN8A4ZHEvAtyizZRNZbb0C0br0x4pIImUfHik51X0gJmqlLUDV5fsFr0qVcDwN+opJ9U2GXeGGoZDt1clvCWGMKQTBY1VN8J7vDH4zLCOF6NP47SMmRW6vFK95mIO+KYo4lv2NO1yP/dJp4uaXsSrAQaT5xPakq7S4dSMJa7S54ABbIsPA7oF4iQ2Fm7TiICQ6Dqq27QpNn7OZ701M4OSsDIYt7+5qwBC7QffYbINiC7K7ot/EtML5iaPU
xSl0Fi+8gDON/AzOUyeTTt5zd9pi707JhqSFkuSo1OZM1LJ6vnZ9UNL0pNAHQQVJ95wvhFYwSFoHKbtszg0YVG7dr/9/bTiTRD1QWn/4S58WYcu/M1yDufdnpO70IJjRtZknkRuPtOIIKvi8D56YT1jQFjPtWf+MbNWrZoac7NaFWMIqF7UOE4DASHaX82fhwwL4lhadONGv5sFi3ZYfBL4WRGH8eWL3h7T12vvOiG1NppkexLGqctcno221w3eNdwhrJ+ajuQ==
MaWmt1nd+pZHdbxekj88qPede+b87MAE6wMGusx17yRDVnNDg2VC0RlxdrKuZa4QlFMddxn1d0bIhB9L742QyURxvKmpEckc6NhWOGM4cHLXoyJRlmTU02hFeO7GLvWYHOnkqsTU5as97ricQ1URr/j7NHf/P6WuMclsmF82Gys8oSh7nywNkOsWb/9U+WanvirmC9ER9BEZsMlEyk3JxNRzNK84vCwVsHr15QXRLPcUUusU3yqGX1wr7eN3LloOcMhevIpnwjNbMdnpAba46hiedlszRELedFlh0XQ2ewyfAKt0ow68/H3Lo5I=
0ojJwXE6B2jiFdFg9+n3Sfede+b87MAE6wMGusx17yRDVnNDg2VC0RlxdrKuZa4QlFMddxn1d0bPhh9L742QyURxvampEckc6NhWOGM4cHLXoyJRlmTU02hFeO7GLvWYHOnkqsTU5as97ricQ1URr/j7NHf/P6WuMclsmF82Gys8oSh7nywNkOsWb/9U+WanvirmC9ER9BEZsMlEyk3JxNRzNK84vCwVsHr15QXRLPcUUusU3yqGX1wr7eN3LloOcMhevIpnwjNbMdnpAba46hiedlszRELedFlh0XQ2ewyfAKt0ow68/H3Lo5I=
o2VZ/ioxjfaOrkgS2OjaLPede+b87MAE6wMGusx17yRDVnNDg2VC0RlxdrKuZa4QlFMddxn1d0bIhB9L742QyURxsqmpEckc6NhWOGM4cHLXoyJRlmTU02hFeO7GLvWYHOnkqsTU5as97ricQ1URr/j7NHf/P6WuMclsmF82Gys8oSh7nywNkOsWb/9U+WanvirmC9ER9BEZsMlEyk3JxNRzNK84vCwVsHr15QXRLPcUUusU3yqGX1wr7eN3LloOcMhevIpnwjNbMdnpAba46hiedlszRELedFlh0XQ2ewyfAKt0ow68/H3Lo5I=
wk9h1hmuGfcBpfcbCJrSpPede+b87MAE6wMGusx17yRDVnNDg2VC0RlxdrKuZa4QlFMddxn1d0bPhh9L742QyURxs6mpEckc6NhWOGM4cHLXoyJRlmTU02hFeO7GLvWYHOnkqsTU5as97ricQ1URr/j7NHf/P6WuMclsmF82Gys8oSh7nywNkOsWb/9U+WanvirmC9ER9BEZsMlEyk3JxNRzNK84vCwVsHr15QXRLPcUUusU3yqGX1wr7eN3LloOcMhevIpnwjNbMdnpAba46hiedlszRELedFlh0XQ2ewyfAKt0ow68/H3Lo5I=
aK5lQ5dcqNDJY5O7eAEoP/ede+b87MAE6wMGusx17yRDVnNDg2VC0RlxdrKuZa4QlFMddxn1d0bIhB9L742QyURxsKmpEckc6NhWOGM4cHLXoyJRlmTU02hFeO7GLvWYHOnkqsTU5as97ricQ1URr/j7NHf/P6WuMclsmF82Gys8oSh7nywNkOsWb/9U+WanvirmC9ER9BEZsMlEyk3JxNRzNK84vCwVsHr15QXRLPcUUusU3yqGX1wr7eN3LloOcMhevIpnwjNbMdnpAba46hiedlszRELedFlh0XQ2ewyfAKt0ow68/H3Lo5I=
solnMdj2qzc+UmdAX70KxPede+b87MAE6wMGusx17yRDVnNDg2VC0RlxdrKuZa4QlFMddxn1d0bPhh9L742QyURxsampEckc6NhWOGM4cHLXoyJRlmTU02hFeO7GLvWYHOnkqsTU5as97ricQ1URr/j7NHf/P6WuMclsmF82Gys8oSh7nywNkOsWb/9U+WanvirmC9ER9BEZsMlEyk3JxNRzNK84vCwVsHr15QXRLPcUUusU3yqGX1wr7eN3LloOcMhevIpnwjNbMdnpAba46hiedlszRELedFlh0XQ2ewyfAKt0ow68/H3Lo5I=
qP1xMm4e/4kPOWnoYuG9R/ede+b87MAE6wMGusx17yRDVnNDg2VC0RlxdrKuZa4QlFMddxn1d0bIhB9L742QyURxtqmpEckc6NhWOGM4cHLXoyJRlmTU02hFeO7GLvWYHOnkqsTU5as97ricQ1URr/j7NHf/P6WuMclsmF82Gys8oSh7nywNkOsWb/9U+WanvirmC9ER9BEZsMlEyk3JxNRzNK84vCwVsHr15QXRLPcUUusU3yqGX1wr7eN3LloOcMhevIpnwjNbMdnpAba46hiedlszRELedFlh0XQ2ewyfAKt0ow68/H3Lo5I=
W5ONyy76gG6V4IyQX2HGU/ede+b87MAE6wMGusx17yRDVnNDg2VC0RlxdrKuZa4QlFMddxn1d0bPhh9L742QyURxt6mpEckc6NhWOGM4cHLXoyJRlmTU02hFeO7GLvWYHOnkqsTU5as97ricQ1URr/j7NHf/P6WuMclsmF82Gys8oSh7nywNkOsWb/9U+WanvirmC9ER9BEZsMlEyk3JxNRzNK84vCwVsHr15QXRLPcUUusU3yqGX1wr7eN3LloOcMhevIpnwjNbMdnpAba46hiedlszRELedFlh0XQ2ewyfAKt0ow68/H3Lo5I=
KVeBkUBvsg+SmiX2qcc2HPede+b87MAE6wMGusx17yRDVnNDg2VC0RlxdrKuZa4QlFMddxn1d0bIhB9L742QyURxtKmpEckc6NhWOGM4cHLXoyJRlmTU02hFeO7GLvWYHOnkqsTU5as97ricQ1URr/j7NHf/P6WuMclsmF82Gys8oSh7nywNkOsWb/9U+WanvirmC9ER9BEZsMlEyk3JxNRzNK84vCwVsHr15QXRLPcUUusU3yqGX1wr7eN3LloOcMhevIpnwjNbMdnpAba46hiedlszRELedFlh0XQ2ewyfAKt0ow68/H3Lo5I=
36L9l5C8HnQ3QtDq0wQT1vede+b87MAE6wMGusx17yRDVnNDg2VC0RlxdrKuZa4QlFMddxn1d0bPhh9L742QyURxtampEckc6NhWOGM4cHLXoyJRlmTU02hFeO7GLvWYHOnkqsTU5as97ricQ1URr/j7NHf/P6WuMclsmF82Gys8oSh7nywNkOsWb/9U+WanvirmC9ER9BEZsMlEyk3JxNRzNK84vCwVsHr15QXRLPcUUusU3yqGX1wr7eN3LloOcMhevIpnwjNbMdnpAba46hiedlszRELedFlh0XQ2ewyfAKt0ow68/H3Lo5I=
P6ykmeZEOJOh42N5fKqH9Pede+b87MAE6wMGusx17yRDVnNDg2VC0RlxdrKuZa4QlFMddxn1d0bIhB9L742QyURxvKipEckc6NhWOGM4cHLXoyJRlmTU02hFeO7GLvWYHOnkqsTU5as97ricQ1URr/j7NHf/P6WuMclsmF82Gys8oSh7nywNkOsWb/9U+WanvirmC9ER9BEZsMlEyk3JxNRzNK84vCwVsHr15QXRLPcUUusU3yqGX1wr7eN3LloOcMhevIpnwjNbMdnpAba46hiedlszRELedFlh0XQ2ewyfAKt0ow68/H3Lo5I=
mX+wIZHNL6zYLOOy4VEmU/ede+b87MAE6wMGusx17yRDVnNDg2VC0RlxdrKuZa4QlFMddxn1d0bPhh9L742QyURxvaipEckc6NhWOGM4cHLXoyJRlmTU02hFeO7GLvWYHOnkqsTU5as97ricQ1URr/j7NHf/P6WuMclsmF82Gys8oSh7nywNkOsWb/9U+WanvirmC9ER9BEZsMlEyk3JxNRzNK84vCwVsHr15QXRLPcUUusU3yqGX1wr7eN3LloOcMhevIpnwjNbMdnpAba46hiedlszRELedFlh0XQ2ewyfAKt0ow68/H3Lo5I=
ltyQs01TbGE3uT+pJ2UH9fede+b87MAE6wMGusx17yRDVnNDg2VC0RlxdrKuZa4QlFMddxn1d0bIhB9L742QyURxsqipEckc6NhWOGM4cHLXoyJRlmTU02hFeO7GLvWYHOnkqsTU5as97ricQ1URr/j7NHf/P6WuMclsmF82Gys8oSh7nywNkOsWb/9U+WanvirmC9ER9BEZsMlEyk3JxNRzNK84vCwVsHr15QXRLPcUUusU3yqGX1wr7eN3LloOcMhevIpnwjNbMdnpAba46hiedlszRELedFlh0XQ2ewyfAKt0ow68/H3Lo5I=
Uwegat79WCl/oPkyJoW1Tvede+b87MAE6wMGusx17yRDVnNDg2VC0RlxdrKuZa4QlFMddxn1d0bPhh9L742QyURxs6ipEckc6NhWOGM4cHLXoyJRlmTU02hFeO7GLvWYHOnkqsTU5as97ricQ1URr/j7NHf/P6WuMclsmF82Gys8oSh7nywNkOsWb/9U+WanvirmC9ER9BEZsMlEyk3JxNRzNK84vCwVsHr15QXRLPcUUusU3yqGX1wr7eN3LloOcMhevIpnwjNbMdnpAba46hiedlszRELedFlh0XQ2ewyfAKt0ow68/H3Lo5I=
ZXIfdtUKSnMs4sf+bg5PByGMYcbuM2aFkJw13G5WUo9FcfmNoTHZah0VTGCWTQnKwn4B5I/i3ZS6Qh34bnhvRirpDYNPcTh2eZZwpz1dz+QmUr3JF1WXvFG7NIR2dLhyF0IjY4sRjdNskwfYABE4wt4qBUTUXUQmvLC1lxX6uHCbkaEzcI5ANNkbtVvYHaw0x7Jrd3SVCHdnyN0sQ4Lvkwy9Vru23gbHabVkbXHkiWjSSTkYHMeUI0DYfCmYbvUJ3RWca5wmi1jnDpajtP8tT++qKlI4/H6wcoMSj/OlWYVZ8oj2EGqWl4vg0qIcDSH9bDKL0Fe0C/jbauzAVd+jfg==
x7cHZmQkWG6ygZAlyBH/4vede+b87MAE6wMGusx17yRDVnNDg2VC0RlxdrKuZa4QlFMddxn1d0bPhh9L742QyURxsKipEckc6NhWOGM4cHLXoyJRlmTU02hFeO7GLvWYHOnkqsTU5as97ricQ1URr/j7NHf/P6WuMclsmF82Gys8oSh7nywNkOsWb/9U+WanvirmC9ER9BEZsMlEyk3JxNRzNK84vCwVsHr15QXRLPcUUusU3yqGX1wr7eN3LloOcMhevIpnwjNbMdnpAba46hiedlszRELedFlh0XQ2ewyfAKt0ow68/H3Lo5I=
Nbr218Mvqmpmpv8RCfSSld4DnFxMPp0yvd9yNjrAdnC6xjDwA0F5aitljTXbPXl8fkOoTyzss+vA0hnxjhNSw7QAN/CdoOMNdb9Zgi80b+IIeUshdo3mZQqmKKtFjm5Io4xpMWHCWrzPZnsJOot1OAH5wuUGVplIzTPAeeZ2gjy1tdE/MkKyEH6dIwHh/S1PAo7OMu7w6S7eY06IsL9bOclAyk19SoCsClrTgMRGoTW4f4YYHvpxw2HNFZpeWiD9jl0JvtdOmyb5SKgOgg1KuVSbQSxjlh3+zsHb/r8S8tEcvvE/dcEzc5GBIdDtS9Cjjw==
ZXIfdtUKSnMs4sf+bg5PByGMYcbuM2aFkJw13G5WUo9FcfmNoTHZah0VTGCWTQnKwn4B5I/i3ZS6Qh34bnhvRirpDYNPcTh2eZZwpz1dz+QmUr3JF1WXvFG7NIR2dLhyF0IjY4sRjdNskwfYABE4wt4qBUTUXUQmvLC1lxX6uHCbkaEzcI5ANNkbtVvYHaw0x7Jrd3SVCHdnyN0sQ4Lvkwy9Vru23gbHabVkbXHkiWjSSTkYHMeUI0DYfCmYbvUJ3RWca5wmi1jnDpajtP8tT++qKlI4/H6wcoMSj/OlWYVZ8oj2EGqWl4vg0qIcDSH9bDKL0Fe0C/jbauzAVd+jfg==
Nbr218Mvqmpmpv8RCfSSld4DnFxMPp0yvd9yNjrAdnC6xjDwA0F5aitljTXbPXl8fkOoTyzss+vA0hnxjhNSw7QAN/CdoOMNdb9Zgi80b+IIeUshdo3mZQqmKKtFjm5Io4xpMWHCWrzPZnsJOot1OAH5wuUGVplIzTPAeeZ2gjy1tdE/MkKyEH6dIwHh/S1PAo7OMu7w6S7eY06IsL9bOclAyk19SoCsClrTgMRGoTW4f4YYHvpxw2HNFZpeWiD9jl0JvtdOmyb5SKgOgg1KuVSbQSxjlh3+zsHb/r8S8tEcvvE/dcEzc5GBIdDtS9Cjjw==
ZXIfdtUKSnMs4sf+bg5PByGMYcbuM2aFkJw13G5WUo9FcfmNoTHZah0VTGCWTQnKwn4B5I/i3ZS6Qh34bnhvRirpDYNPcTh2eZZwpz1dz+QmUr3JF1WXvFG7NIR2dLhyF0IjY4sRjdNskwfYABE4wt4qBUTUXUQmvLC1lxX6uHCbkaEzcI5ANNkbtVvYHaw0x7Jrd3SVCHdnyN0sQ4Lvkwy9Vru23gbHabVkbXHkiWjSSTkYHMeUI0DYfCmYbvUJ3RWca5wmi1jnDpajtP8tT++qKlI4/H6wcoMSj/OlWYVZ8oj2EGqWl4vg0qIcDSH9bDKL0Fe0C/jbauzAVd+jfg==
Nbr218Mvqmpmpv8RCfSSld4DnFxMPp0yvd9yNjrAdnC6xjDwA0F5aitljTXbPXl8fkOoTyzss+vA0hnxjhNSw7QAN/CdoOMNdb9Zgi80b+IIeUshdo3mZQqmKKtFjm5Io4xpMWHCWrzPZnsJOot1OAH5wuUGVplIzTPAeeZ2gjy1tdE/MkKyEH6dIwHh/S1PAo7OMu7w6S7eY06IsL9bOclAyk19SoCsClrTgMRGoTW4f4YYHvpxw2HNFZpeWiD9jl0JvtdOmyb5SKgOgg1KuVSbQSxjlh3+zsHb/r8S8tEcvvE/dcEzc5GBIdDtS9Cjjw==
ZXIfdtUKSnMs4sf+bg5PByGMYcbuM2aFkJw13G5WUo9FcfmNoTHZah0VTGCWTQnKwn4B5I/i3ZS6Qh34bnhvRirpDYNPcTh2eZZwpz1dz+QmUr3JF1WXvFG7NIR2dLhyF0IjY4sRjdNskwfYABE4wt4qBUTUXUQmvLC1lxX6uHCbkaEzcI5ANNkbtVvYHaw0x7Jrd3SVCHdnyN0sQ4Lvkwy9Vru23gbHabVkbXHkiWjSSTkYHMeUI0DYfCmYbvUJ3RWca5wmi1jnDpajtP8tT++qKlI4/H6wcoMSj/OlWYVZ8oj2EGqWl4vg0qIcDSH9bDKL0Fe0C/jbauzAVd+jfg==
Nbr218Mvqmpmpv8RCfSSld4DnFxMPp0yvd9yNjrAdnC6xjDwA0F5aitljTXbPXl8fkOoTyzss+vA0hnxjhNSw7QAN/CdoOMNdb9Zgi80b+IIeUshdo3mZQqmKKtFjm5Io4xpMWHCWrzPZnsJOot1OAH5wuUGVplIzTPAeeZ2gjy1tdE/MkKyEH6dIwHh/S1PAo7OMu7w6S7eY06IsL9bOclAyk19SoCsClrTgMRGoTW4f4YYHvpxw2HNFZpeWiD9jl0JvtdOmyb5SKgOgg1KuVSbQSxjlh3+zsHb/r8S8tEcvvE/dcEzc5GBIdDtS9Cjjw==
ZXIfdtUKSnMs4sf+bg5PByGMYcbuM2aFkJw13G5WUo9FcfmNoTHZah0VTGCWTQnKwn4B5I/i3ZS6Qh34bnhvRirpDYNPcTh2eZZwpz1dz+QmUr3JF1WXvFG7NIR2dLhyF0IjY4sRjdNskwfYABE4wt4qBUTUXUQmvLC1lxX6uHCbkaEzcI5ANNkbtVvYHaw0x7Jrd3SVCHdnyN0sQ4Lvkwy9Vru23gbHabVkbXHkiWjSSTkYHMeUI0DYfCmYbvUJ3RWca5wmi1jnDpajtP8tT++qKlI4/H6wcoMSj/OlWYVZ8oj2EGqWl4vg0qIcDSH9bDKL0Fe0C/jbauzAVd+jfg==
Nbr218Mvqmpmpv8RCfSSld4DnFxMPp0yvd9yNjrAdnC6xjDwA0F5aitljTXbPXl8fkOoTyzss+vA0hnxjhNSw7QAN/CdoOMNdb9Zgi80b+IIeUshdo3mZQqmKKtFjm5Io4xpMWHCWrzPZnsJOot1OAH5wuUGVplIzTPAeeZ2gjy1tdE/MkKyEH6dIwHh/S1PAo7OMu7w6S7eY06IsL9bOclAyk19SoCsClrTgMRGoTW4f4YYHvpxw2HNFZpeWiD9jl0JvtdOmyb5SKgOgg1KuVSbQSxjlh3+zsHb/r8S8tEcvvE/dcEzc5GBIdDtS9Cjjw==
ZXIfdtUKSnMs4sf+bg5PByGMYcbuM2aFkJw13G5WUo9FcfmNoTHZah0VTGCWTQnKwn4B5I/i3ZS6Qh34bnhvRirpDYNPcTh2eZZwpz1dz+QmUr3JF1WXvFG7NIR2dLhyF0IjY4sRjdNskwfYABE4wt4qBUTUXUQmvLC1lxX6uHCbkaEzcI5ANNkbtVvYHaw0x7Jrd3SVCHdnyN0sQ4Lvkwy9Vru23gbHabVkbXHkiWjSSTkYHMeUI0DYfCmYbvUJ3RWca5wmi1jnDpajtP8tT++qKlI4/H6wcoMSj/OlWYVZ8oj2EGqWl4vg0qIcDSH9bDKL0Fe0C/jbauzAVd+jfg==
Nbr218Mvqmpmpv8RCfSSld4DnFxMPp0yvd9yNjrAdnC6xjDwA0F5aitljTXbPXl8fkOoTyzss+vA0hnxjhNSw7QAN/CdoOMNdb9Zgi80b+IIeUshdo3mZQqmKKtFjm5Io4xpMWHCWrzPZnsJOot1OAH5wuUGVplIzTPAeeZ2gjy1tdE/MkKyEH6dIwHh/S1PAo7OMu7w6S7eY06IsL9bOclAyk19SoCsClrTgMRGoTW4f4YYHvpxw2HNFZpeWiD9jl0JvtdOmyb5SKgOgg1KuVSbQSxjlh3+zsHb/r8S8tEcvvE/dcEzc5GBIdDtS9Cjjw==
ZXIfdtUKSnMs4sf+bg5PByGMYcbuM2aFkJw13G5WUo9FcfmNoTHZah0VTGCWTQnKwn4B5I/i3ZS6Qh34bnhvRirpDYNPcTh2eZZwpz1dz+QmUr3JF1WXvFG7NIR2dLhyF0IjY4sRjdNskwfYABE4wt4qBUTUXUQmvLC1lxX6uHCbkaEzcI5ANNkbtVvYHaw0x7Jrd3SVCHdnyN0sQ4Lvkwy9Vru23gbHabVkbXHkiWjSSTkYHMeUI0DYfCmYbvUJ3RWca5wmi1jnDpajtP8tT++qKlI4/H6wcoMSj/OlWYVZ8oj2EGqWl4vg0qIcDSH9bDKL0Fe0C/jbauzAVd+jfg==
Nbr218Mvqmpmpv8RCfSSld4DnFxMPp0yvd9yNjrAdnC6xjDwA0F5aitljTXbPXl8fkOoTyzss+vA0hnxjhNSw7QAN/CdoOMNdb9Zgi80b+IIeUshdo3mZQqmKKtFjm5Io4xpMWHCWrzPZnsJOot1OAH5wuUGVplIzTPAeeZ2gjy1tdE/MkKyEH6dIwHh/S1PAo7OMu7w6S7eY06IsL9bOclAyk19SoCsClrTgMRGoTW4f4YYHvpxw2HNFZpeWiD9jl0JvtdOmyb5SKgOgg1KuVSbQSxjlh3+zsHb/r8S8tEcvvE/dcEzc5GBIdDtS9Cjjw==
Nbr218Mvqmpmpv8RCfSSld4DnFxMPp0yvd9yNjrAdnC6xjDwA0F5aitljTXbPXl8fkOoTyzss+vA0hnxjhNSw7QAN/CdoOMNdb9Zgi80b+IIeUshdo3mZQqmKKtFjm5Io4xpMWHCWrzPZnsJOot1OAH5wuUGVplIzTPAeeZ2gjy1tdE/MkKyEH6dIwHh/S1PAo7OMu7w6S7eY06IsL9bOclAyk19SoCsClrTgMRGoTW4f4YYHvpxw2HNFZpeWiD9jl0JvtdOmyb5SKgOgg1KuVSbQSxjlh3+zsHb/r8S8tEcvvE/dcEzc5GBIdDtS9Cjjw==
rrxG9AMjmHcPwGyrxj4c3caRZiV2ajU/hno3UiHepVKRpEkEUESYOkg69KhVP0e4u8LLEAd4aREEYB0TJefiU/A1bf3WNizVxpPfoer1oaF+4N0wPS3SKkjGtgODnCLGx0Xhw8cuG9QvWGssk9bcZE1Towo=
UCQy3wvYvFq2ZIbmUkV6wJpRPOyImZPv6s3R9+/ZmxnhyXGd6cpbOj68ylsPhmBw8PzQBJDDgsAlX4hNPtu3vLS1A7b+XHSmrXi6ut+1xoP44GAGDzMfMWtiIKZeHfChd0apsuXWh7TW9vzxNHkqZz/UHWpjDrA9pQbB7YgxaEGPxws9TYPvfV8ok7euo/E=
9IdBX0A/KqFZRSi8C3H0TmlncBWcOSTsZHm/x5SZ+iwTGSdBlZnFdQVq91KqDF6jkwb8CGRMROw8Y+6okY98lYKby+SAZfee0jwYjrmIroLDtdq77BB0LmNTMxmfshT+Il1MeYOWHdqJditcQkZoiaj5tp+rZIkCz65c1RFWtbU08ZSZu5d/FWFjA1VLWIePsqPt
hF41UL9EbSkRbAuhc6YX8V05Py1aaNzzMwwjLNhrf5S30hREBGY4/OBx5pCqvYS3J8iWzjaHOijYFxtPDAtFumnwI1R2QY3oC0ze+jAPOXVnzsM2j8Wa8dXp9tVj2OFvJz2PCRKnjLeSCcx7xbhu3blC3Ey2EtewoN5tNXTn4igass0jPcXRCvqiLL0C5W2uE8ZHBoWALH6mFQY5mINl3Ofe4d6SSZ/uW6l6ERrFVa8xye8TLUkl4AnTnKPD
/9xbmYbiv1asdxx9U0iMzKLwnQOoqVUf8TZNAyVnWoCJ1tMqDbDbrpJu6M1g8wVwpl1qC+jhEufLh8ImU4FDMeuaVl+RItCZZKFUfkTjxIB1G3kjVDFwWJv608jOScjxjX0r/MIoNGJOciZlaoVvi5nXvYSAbDzUxnX/5kqIo0fBhWuko2obanv6T0xUiomxo+w=
/iW+ejrbXK8EoKNsR5AC2Sx0hsN2kJegNkZTkpfU1GNcYjJO9OeveOczWX9ZZTzDmrraiYG7qmFEUK35mT2rYfsJu5pJLhT0YN+txkJ02rR6kAKT0NQvd8LpvHv1mL6dSeJszCbyh3CQ/n01ZMfS6EpSXaONZSFKKoIcvXIFPW6jpreGFSB8vtb1FjmI45WcN35xXuKpL66LyYoRKuUFb0FpX5O9KfWgOfOMo9M=
aiuY8KIWRv+50GH7ghOa0IeItN8FSI2zLhIlbW8P9gznDioJEVt6IXSwvfmJHduhK6krGvlOpDQw/13GMlQK9MpwshNAdH83Msmse+X4jl0ZgvxMVlJ3MMAeTTVUJ4KouvItIx0FcYoa4gy9YiXNLvMGJwalwMz+BtVmOXjDxVyHHsHecgn/bvvpmhE6BTUvkYnPE02JhWDpk7yj4w==
Yr++ZmcbwtDztvLCbiD+Lg3sZUyAsjpab2d4BfQZ/BxcOed3bDlSXJuZr/H9+X2F3SqPAnLsdrObBvQYTCwcPMSjttgpb5QlChtDFCjFjy4K/CDe4ahGksu10qsEMCx+W5PrqecSvA6q3cTJa3alqtG204waJkCZoPm+j4OEUVK37oQlqTbdBbxxHOkTN4elOSM7hZN475+6o+U=
dlWB9ZqnYTnJPG0N72XC/RAgWMWSm/eGOvBCaljYnw14D8J2NX6o9QS6dbZ7zghtzaYZHUCxIHFXJyNtNcP3jfcI6ydmozk=
gqGWCnfTBV3EHWFudWBC+BEgWMWSm/eGOvBCaljYnw14D8J2NX6o9QS6dbZ7zghtzaYZHUCxIHFXJyNtNcP3jfcI6ydmozk=
DF7ik7ucMUnZk8QlyPutvDBczvJMwWstC2oMQXTD7N9ACn+Lk2vImp7FD29uxACshs0vDuog0x9BXZsMAwJL0rsCn+Q04jlpozQ=
3BRzjrPwkJMTXASd/3J23zBczvNMwWstC2oMQXTD7N9ACn+Lk2vImp7FD29uxACshs0vDuog0x9BXZsMAwJL0rsCn+Q04jlpozQ=
LDOBGzVledI9eXUQ+t1T1TBfzvJMwWstC2oMQXTD7N9ACn+Lk2vImp7FD29uxACshs0vDuog0x9BXZsMAwJL0rsCn+Q04jlpozQ=
F5KC7VhzYaTut54AOTvByzBfzvNMwWstC2oMQXTD7N9ACn+Lk2vImp7FD29uxACshs0vDuog0x9BXZsMAwJL0rsCn+Q04jlpozQ=
553u6BXreg7z9extBmllllxwkMgzaFPoKhG4u92SyPhAblLI9ekaJ/Ai/z5iobYSF1IRXoLpTy7rieoRiqUl72Gp/5Md6RUg2TNsozM=
pCEmsGiAB2R2QIzcBzSVTlxwkMgwaFPoKhG4u92SyPhAblLI9ekaJ/Ai/z5iobYSF1IRXoLpTy7rieoRiqUl72Gp/5Md6RUg2TNsozM=
jdrlyHD8UK0jClHcWVzl4VxwkMgwaFLoKhG4u92SyPhAblLI9ekaJ/Ai/z5iobYSF1IRXoLpTy7rieoRiqUl72Gp/5Md6RUg2TNsozM=
S91UuRK6MKzTiDhVEWFFz1xwkMgzaFLoKhG4u92SyPhAblLI9ekaJ/Ai/z5iobYSF1IRXoLpTy7rieoRiqUl72Gp/5Md6RUg2TNsozM=
wwbFyLii9Kt+wMKmZIM7qDBezvJMwWstC2oMQXTD7N9ACn+Lk2vImp7FD29uxACshs0vDuog0x9BXZsMAwJL0rsCn+Q04jlpozQ=
X2cMI98DZhVLWHaNopsLmDBezvNMwWstC2oMQXTD7N9ACn+Lk2vImp7FD29uxACshs0vDuog0x9BXZsMAwJL0rsCn+Q04jlpozQ=
s3Jf9XGzPDnCEKqdbhYIz1xzkMgzaFPoKhG4u92SyPhAblLI9ekaJ/Ai/z5iobYSF1IRXoLpTy7rieoRiqUl72Gp/5Md6RUg2TNsozM=
pTW6DmepGrRaWesgbU3oDFxzkMgwaFPoKhG4u92SyPhAblLI9ekaJ/Ai/z5iobYSF1IRXoLpTy7rieoRiqUl72Gp/5Md6RUg2TNsozM=
aZoPm2hknv7q0WTnkex0NFxzkMgwaFLoKhG4u92SyPhAblLI9ekaJ/Ai/z5iobYSF1IRXoLpTy7rieoRiqUl72Gp/5Md6RUg2TNsozM=
FtQLLkDxvwHgGqrANgjNDlxzkMgzaFLoKhG4u92SyPhAblLI9ekaJ/Ai/z5iobYSF1IRXoLpTy7rieoRiqUl72Gp/5Md6RUg2TNsozM=
nx4YPzCWLJ+S099ZTQlSMjBZzvJMwWstC2oMQXTD7N9ACn+Lk2vImp7FD29uxACshs0vDuog0x9BXZsMAwJL0rsCn+Q04jlpozQ=
sGs9p54iVgxwx3yCtIJhnjBZzvNMwWstC2oMQXTD7N9ACn+Lk2vImp7FD29uxACshs0vDuog0x9BXZsMAwJL0rsCn+Q04jlpozQ=
i0sHRpbZvMxngEXEttjUoVxykMgzaFPoKhG4u92SyPhAblLI9ekaJ/Ai/z5iobYSF1IRXoLpTy7rieoRiqUl72Gp/5Md6RUg2TNsozM=
y3wS+2cSrIeA5cdUu/AIrVxykMgwaFPoKhG4u92SyPhAblLI9ekaJ/Ai/z5iobYSF1IRXoLpTy7rieoRiqUl72Gp/5Md6RUg2TNsozM=
QamS+Drjv4rhN7RZdaM18VxykMgwaFLoKhG4u92SyPhAblLI9ekaJ/Ai/z5iobYSF1IRXoLpTy7rieoRiqUl72Gp/5Md6RUg2TNsozM=
sglyiQ3QKK2NNxDcSbmPVlxykMgzaFLoKhG4u92SyPhAblLI9ekaJ/Ai/z5iobYSF1IRXoLpTy7rieoRiqUl72Gp/5Md6RUg2TNsozM=
g2+KsGZsCRn9cD8bdvvhOzBYzvJMwWstC2oMQXTD7N9ACn+Lk2vImp7FD29uxACshs0vDuog0x9BXZsMAwJL0rsCn+Q04jlpozQ=
NJyimI8mX8kaeD8fR0G5EDBYzvNMwWstC2oMQXTD7N9ACn+Lk2vImp7FD29uxACshs0vDuog0x9BXZsMAwJL0rsCn+Q04jlpozQ=
+KLaH9d/HrvGpQoPoTSasB4599h9RI+9Xts7Pm4gNoIEeCOl7H827rn+JG1wSuEex27UBTn2zaUMcWyJA/cXRemjC+XjON8/aqM1
GUH79kE5nVJODGmti2UA0H9+ycktmnpqTnBqfUz3yalDERI1mcvLkHDFQ/lLvqTF5GekC2Aed6/Dr2AOHlGnqz7gCLimGWeqeqR6ywGJswgTJgMGG5YXQGQmEX2jIA==
StnyaaFPAFRdYH3r9nVGsR8599h9RI+9Xts7Pm4gNoIEeCOl7H827rn+JG1wSuEex27UBTn2zaQMcWyJA/cXRemjC+XjON8/aqM1
QgSHzR6eKuI2IcP/bQIv/Rw599h9RI+9Xts7Pm4gNoIEeCOl7H827rn+JG1wSuEex27UBTn2zaQMcWyJA/cXRemjC+XjON8/aqM1
d3W2qYmDap447BwYaIANnx0599h9RI+9Xts7Pm4gNoIEeCOl7H827rn+JG1wSuEex27UBTn2zaQMcWyJA/cXRemjC+XjON8/aqM1
sXcTLZ45zbxpr0sGEKuxcgnBkLZVGROgoXTDdRobf3aiUOo6oJhHPVDvumY9fqDl/NpdhiMOcL1lBoFsyDGowc/HS72Ngy/9HyjTN26jMQ==
CnXRjVLRRCJsuw8v6x6P8B9RLmV2F4MwFN1ySamrooEcADV5AW1zQfMZU1ohnpxUGO9VxjpEIhTyIOrTuMQnV5o5JPttSGb9QfJEjI4CDxAoDkU1XDdqiMKi9eOldSkq8lKEPerVZU6rtt/G/ZD0Hi7Fbjlw0+08v84Zngq5J45TmBKRsrVdj0l5d1MVWX1AgYO0o+s=
WZBwuaQ4rnLgz1+eavzX0jOaJE83fG8A9C4IPkBZ25+4aSZkV1njiUkpqS2hihPqxpziKxeGeIDY3KhUWANKcH0/IN3GWw8s3BXbRjYcPPaVmFKKx7XesxAAWFZHc9fBs8JINuadCDHfJvECLRZP5K7W1AEseTIXF/TluitO+I195ml88LHQ0WdnU00FQyetZ0j7h7aj6Q==
S8aGQHz9OjMiJQ3W7NW1eyn68AI9pteBrP+YdZt/n9exfv3bxd/KCAleQ5Jt6GtmUiaYlUALFXimVXrzyLlirwtPcn4zOdO5axLG53H6YNEkaaSmZJvUiHUTaVt06YCQ27JjEC7xWHkN9btEonCEqo46Vj1KfX+Dmd+tfKA0TJwGvU++KjAyz0EN+xxDsqsiOzK/lHTymbmj5A==
MwYdu0bErZ+FC7kZjkSYN6//HqHQsendzH+FiYPJoUwJzd219uYpfCe0hTJHGGL0TKM4Qcm25hc+NQADLvHbvcYoa5MvFwtwYgHZYAxv1Psw0NwRSAb1ke3d/JMMDksAF4a2G+QXrVdf4soqKFQ+aAKLsrcjzVkdaTroDoBCVs97aPIaTuGh7996a6hHHEsgq2JM+IW3o+Y=
r8TXz7fLyE2nalrzQQlQaZqu3oKfs13HyERYs7JFnIjKwBttRuMg5EaF33YKuEKXwdULlGP6Oxr7yq/cFPopYaM8
CUUDHPnUu0pKIWDadysVXRtT9ahUO2vD/8Bx81jnAqGuuUU2qKgAfwLpBARKTIPB9i94CCZpx3o6lJrbAZnTONN2o/abJvcQJNYxbaMw
DqqcNW8MLoOyR8WNIY7wIChNiKJj52thVi1FHX/B7pkIDGiLkl2MgMrIC3Vm2xCshs0vDuog0h9BXZsMAwJL0rsCn+Q04jlpozQ=
9VHqsETMmBcQnpI2nxlz7My9NRg4k5r7OBwRz+qzIyWjzVliIkvsU+o83MC7DnIG3hb9andVtDrgMtmeyjnnjhMYUpHyNZ2Pifm3U1XZPUDBA3SjKw==
UXMU8FtAQQ4MtYH+ZVm0DAyAr8pOPz+HgTRZostSchdRE3fD0o/4Zky1yq/ARgqS/xvOeYxaFkerkBKyfrkhp8/Cy0C3hIso+xos0DVvoy4=
OnhUnr/HVMObnUDpRLl5LXTjr8FCMieHgTRZostSchdRE3fD0o/4Zky1yq/ARgqS/xvOeYxaFkerkBKyfrkhp8/Cy0C3hIso+xos0DVvoy4=
EfV4lNO3BjiX6mvYODjl2QyDr8pOPz+HgTRZostSchdRE3fD0o/4Zky1yq/ARgqS/xvOeYxaFkerkBKyfrkhp8/Cy0C3hIso+xos0DVvoy4=
WfPQUGKlWH31emg5fc5eBe3a4eT07dh9RQ+P6bJqZ0/RjLnKe8ryn8Fr12uiVzgunI2qR/BeCprv4+5RfAJWj/so8trOIaEvX7pr6MdcS2ArIkw4BXejJg==
MT68dW3fjaXzJ5AlsaBkmQyCr8pOPz+HgTRZostSchdRE3fD0o/4Zky1yq/ARgqS/xvOeYxaFkerkBKyfrkhp8/Cy0C3hIso+xos0DVvoy4=
sCKMQp3syoGRLMJ/2KVBc3Xlr8FCMieHgTRZostSchdRE3fD0o/4Zky1yq/ARgqS/xvOeYxaFkerkBKyfrkhp8/Cy0C3hIso+xos0DVvoy4=
mXtdzG74K93SMzvHMbUyVQyFr8pOPz+HgTRZostSchdRE3fD0o/4Zky1yq/ARgqS/xvOeYxaFkerkBKyfrkhp8/Cy0C3hIso+xos0DVvoy4=
05DhPpQaGolot+vMAnP1cezm3XFR67/1Wk4Ho+nYafYzDjLTGd+ntwozmILkGTo7eNqKFneXXs0UprbjQ/yiZgZl4eMHjpu077hrTNM2XMQNc6Mq
mO9kGJJ751BHCYUTmmFsYJqu3oKfs13HyERYs7JFnIjIwBttRuMg5EaF33YKuEKXwdULlGP6Oxr7yq/cFPopYaM8
e1j9ffA3izFcz6sjCWvj0RtT9ahUO2vD/8Bx81jnAqGuuUU2qKgAfwLpBARITIPB9i94CCZpx3o6lJrbAZnTONN2o/abJvcQJNYxbaMw
Zgwn9G8be9/TsjGgw+V9dJqu3oKfs13HyERYs7JFnIjOwBttRuMg5EaF33YKuEKXwdULlGP6Oxr7yq/cFPopYaM8
hN0rIPkSKYiY57QTI/CN4BtT9ahUO2vD/8Bx81jnAqGuuUU2qKgAfwLpBAROTIPB9i94CCZpx3o6lJrbAZnTONN2o/abJvcQJNYxbaMw
e0MElTIq+/EG81aPNXKtuh5gtMJ1X6q9EoZ8dzIrNIBCMCWy7H4AqqOuKWlqQv4Ox27UBTn2zaQMcWyJA/cXRemjC+XjON8/aqM1
WVJmkF6LIti/0X7rArges+3a4eT07dh9RQ+P6bJqZ0/RjLnKe8ryn8Fr12uiVzgunI2qR/BeDprv4+5RfAJWj/so8trOIaEvX7pr6MdcS2ArIkw4BXejJg==
ZdeS6BcQsOQyojxvh6srhQyDr8pOPz+HgTRZostSchdRE3fD0o/4Zky1yq/ARg6S/xvOeYxaFkerkBKyfrkhp8/Cy0C3hIso+xos0DVvoy4=
4Qn9o/uoIhONVzea7M90i3Tjr8FCMieHgTRZostSchdRE3fD0o/4Zky1yq/ARg6S/xvOeYxaFkerkBKyfrkhp8/Cy0C3hIso+xos0DVvoy4=
e17a2vA1NXl/5+PNHED+9QyCr8pOPz+HgTRZostSchdRE3fD0o/4Zky1yq/ARg6S/xvOeYxaFkerkBKyfrkhp8/Cy0C3hIso+xos0DVvoy4=
TBwbZAjNSOLHKrzu5gIzl+zm3XFR67/1Wk4Ho+nYafYzDjLTGd+ntwozmILkGTo7eNqOFneXXs0UprbjQ/yiZgZl4eMHjpu077hrTNM2XMQNc6Mq
TIWndJhR+Y2QN2XDdj9VjAyFr8pOPz+HgTRZostSchdRE3fD0o/4Zky1yq/ARg6S/xvOeYxaFkerkBKyfrkhp8/Cy0C3hIso+xos0DVvoy4=
TZ3OKydZFTZm/OS57PsGiXXlr8FCMieHgTRZostSchdRE3fD0o/4Zky1yq/ARg6S/xvOeYxaFkerkBKyfrkhp8/Cy0C3hIso+xos0DVvoy4=
3kqcJzG4VC5IpH+dUOhAkmMZzPtZAAlug5ayS6lHx2+6a1ja1MFaI0jCjg5Hjz4VJP52u/Mkwv62/WF7txb7bF/gqxTj7jzcPWujMg==
hN0rIPkSKYiY57QTI/CN4BtT9ahUO2vD/8Bx81jnAqGuuUU2qKgAfwLpBAROTIPB9i94CCZpx3o6lJrbAZnTONN2o/abJvcQJNYxbaMw
kIZPcFOcadHBEjUVWgWzw2MZzPtZAAlug5ayS6lHx2+6a1ja1MFaI0jCig5Hjz4VJP52u/Mkwv62/WF7txb7bF/gqxTj7jzcPWujMg==
CUUDHPnUu0pKIWDadysVXRtT9ahUO2vD/8Bx81jnAqGuuUU2qKgAfwLpBARKTIPB9i94CCZpx3o6lJrbAZnTONN2o/abJvcQJNYxbaMw
rKJ4cuwJR/lB+3GgRme7Dx5gtMJ1X6q9EoZ8dzIrNIBCMCWy7H4AqqOqKWlqQv4Ox27UBTn2zaQMcWyJA/cXRemjC+XjON8/aqM1
WfPQUGKlWH31emg5fc5eBe3a4eT07dh9RQ+P6bJqZ0/RjLnKe8ryn8Fr12uiVzgunI2qR/BeCprv4+5RfAJWj/so8trOIaEvX7pr6MdcS2ArIkw4BXejJg==
rFJs3IKx/xB83h3VhuGE4Jqu3oKfs13HyERYs7JFnIjLwBttRuMg5EaF33YKuEKXwdULlGP6Oxr7yq/cFPopYaM8
D2wOYE8AmYD+eDqwem6LxBtT9ahUO2vD/8Bx81jnAqGuuUU2qKgAfwLpBARLTIPB9i94CCZpx3o6lJrbAZnTONN2o/abJvcQJNYxbaMw
1LKDzg0+J+4jKkgECqEL1x5jtMJ1X6q9EoZ8dzIrNIBCMCWy7H4AqqOrKWlqQv4Ox27UBTn2zaQMcWyJA/cXRemjC+XjON8/aqM1
Pht2EykGshPWhm5m72rQGHTjr8FCMieHgTRZostSchdRE3fD0o/4Zky1yq/ARguS/xvOeYxaFkerkBKyfrkhp8/Cy0C3hIso+xos0DVvoy4=
QBaGr47zF2fgI0tsthXShZqu3oKfs13HyERYs7JFnIjJwBttRuMg5EaF33YKuEKXwdULlGP6Oxr7yq/cFPopYaM8
QcSEqmlYMHjO/1U5MqInnhtT9ahUO2vD/8Bx81jnAqGuuUU2qKgAfwLpBARJTIPB9i94CCZpx3o6lJrbAZnTONN2o/abJvcQJNYxbaMw
bj81qJcZ1GrcR0/N/WEaxx5ltMJ1X6q9EoZ8dzIrNIBCMCWy7H4AqqOpKWlqQv4Ox27UBTn2zaQMcWyJA/cXRemjC+XjON8/aqM1
S7AFWN0rSk3Uk+q1R2T5/XXlr8FCMieHgTRZostSchdRE3fD0o/4Zky1yq/ARgmS/xvOeYxaFkerkBKyfrkhp8/Cy0C3hIso+xos0DVvoy4=
iYOJojMxTboS3JXimLyOiR5itMJ1X6q9EoZ8dzIrNIBCMCWy7H4AqqOoKWlqQv4Ox27UBTn2zaQMcWyJA/cXRemjC+XjON8/aqM1
6mqET+tbAOSZc7PQA1A3dezm3XFR67/1Wk4Ho+nYafYzDjLTGd+ntwozmILkGTo7eNqIFneXXs0UprbjQ/yiZgZl4eMHjpu077hrTNM2XMQNc6Mq
OmM10y31Ygyzka750Sq1fp9P2WdBjn0BuLUNDSWH0NvAQkkHAIWmhcMxhOaqu0QzMoykAGNeSub2BvVuf0WcWtjigd4yib9uu2jaEXqFdS/RCQ8TjQlFYCkTfKMj
PGvBWebL4EKVsf8BFysTZ1o47Mk0EPX7WIJ8dzIrNIBCMCWy7H4AqqOuKWlqQv4Ox27UBTn2zaQMcWyJA/cXRemjC+XjON8/aqM1
6KWAzmBXuY2shWilPlZgJp1P2WdBjn0BuLUNDSWH0NvAQkkHAIWmhcMxhOaqu0QzMoykAGNeSub2BvVuf0WcWtjigd4yib9uu2jaEXqFdS/RCQ8TjQlFYCkTfKMj
PGvBWebL4EKVsf8BFysTZ1o47Mk0EPX7WIJ8dzIrNIBCMCWy7H4AqqOuKWlqQv4Ox27UBTn2zaQMcWyJA/cXRemjC+XjON8/aqM1
X3Bhyemx9cnvRqTX/yn9DZ5P2WdBjn0BuLUNDSWH0NvAQkkHAIWmhcMxhOaqu0QzMoykAGNeSub2BvVuf0WcWtjigd4yib9uu2jaEXqFdS/RCQ8TjQlFYCkTfKMj
PGvBWebL4EKVsf8BFysTZ1o47Mk0EPX7WIJ8dzIrNIBCMCWy7H4AqqOuKWlqQv4Ox27UBTn2zaQMcWyJA/cXRemjC+XjON8/aqM1
6KWAzmBXuY2shWilPlZgJp1P2WdBjn0BuLUNDSWH0NvAQkkHAIWmhcMxhOaqu0QzMoykAGNeSub2BvVuf0WcWtjigd4yib9uu2jaEXqFdS/RCQ8TjQlFYCkTfKMj
PGvBWebL4EKVsf8BFysTZ1o47Mk0EPX7WIJ8dzIrNIBCMCWy7H4AqqOuKWlqQv4Ox27UBTn2zaQMcWyJA/cXRemjC+XjON8/aqM1
mpWd05rqT7D9QPTMXTznCT+MnYhBDPnggBwlFGbJyKZmgyAjNoS4IB+WjpZSnnnu8904qpyqff4ugbt+X1CW0bb90b9VgZNzMcEBUM0LcKMv
yRT67IldEbQMkOpf19G6BK+M4hj8kiQopo2VHmMCdY27smUqNhZ4k2iPSBfjbO0tlbveAwcmIEqzrjkJWoKOrnfuRKVpNp2E/HFcaVM3xyV5I3sFU3gvH3qjJQ==
IvNdaX7gnkOEYgtlUDyPaK6M4hj8kiQopo2VHmMCdY27smUqNhZ4k2iPSBfjbO0tlbveAwcmIEqzrjkJWoKOrnfuRKVpNp2E/HFcaVM3xyV5I3sFU3gvH3qjJQ==
4pfwOgHySaMKudg7+9amxBB1YyxEK25pVvyIu1UZI/36qe9EPOGIexkzYcy4uANug7fZIEodrJDO2CslpmuwXAZ9z34q8LIPQU17XEPyK2I7cj9UdDIZeaMk
mPLudBgR30LllCSoudCuxtJ5AnBTymzcaGhkTLPzQ3SQ5QP8hBsOWVbM6IuVyUNtejlPFPwRqAsZw0G8+Gij/gMnOXAKLUygzujLFeY7UMyG7W+uaoCS/0E9W6yDoovyu+JfhLQCeUmjFA==
539YuhnHOQHyKDC/kLyhh3WBofLz8dRzYNXWPIB8RiSDXwULGjba6eKhiEJOWQ34EqIWKTxv3ZRTUStLYH+53p42DW4HdWR6sNJJHnrZV84j+EKR4hXtz3lZx9PFeW2AEWNEoxs=
8tX8z29NUPq+9hXs23UU+X0pOx2/MjCr/R4S7yA2DoLfK46p7KqW1wsg0uKeySG37/KLkNd0C7hbquyA1R+jPg==
CJi2B+aLc+uJ90D90oGDUmsWx7IXWwJ7z4XtWadIz262IBCaxdpCM0jCjg5Hjz4VJP52u/Mkwv62/WF7txb7bF/gqxTj7jzcPWujMg==
IvNdaX7gnkOEYgtlUDyPaK6M4hj8kiQopo2VHmMCdY27smUqNhZ4k2iPSBfjbO0tlbveAwcmIEqzrjkJWoKOrnfuRKVpNp2E/HFcaVM3xyV5I3sFU3gvH3qjJQ==
1FQoz3wR3B7AT6W7l3OhmH40mtQ+kUwvSGtGfUr05vtSARoXy9zaiXa1QL9Z96mY6GyrCiNTcbTaiSQUTlyjsTb/GLimGWeqeqR6ywGJswgTJgMGG5YXQGQmEX2jIA==
55K+52qAO6QK0J8V34rya19GokVxAHqYzmLjmCIot6Evzy9HtAPy28AkDUxL0eD/hf2riVpdJyAs5WBPWYeJSCjcy5qjw9HEmlnEJE5sQ2F2j7goJokHGrp0WrsBeZNYU5bjlpsGt7CkdnFNoxA=
FHVW5LHpKgkVc8vB3YGcp1LG4MBbJiHUgnJZ44QNORkVEnDK38jzLV2u0r/ARg6S/xvOeYxaFkerkBKyfrkhp8/Cy0C3hIso+xos0DVvoy4=
wOU6VME1AzfcOKbO45D5CzYb8lsUhbmBpbqQsg+As/UtRvKH0E4Ois8zroHcktYfW/iyCu4xoT9/ais4Z8zL8IvyDOglZ6M2
Zsp5pIZkFkbgS70kBcds4Eav/GPaa9RS1WunKiCg4Tw6wRQMTkST+dZ3iEDmIXeiWmwKU4ERQ0AzLhM+2+6HyATuIWWjOA==
xNtIK7DxY+NyBke4r20vc3UMiKpi4y42Xy9eEnfA4tJATHmQik2MgM7IC3Vm2xCshs0vDuog0h9BXZsMAwJL0rsCn+Q04jlpozQ=
CJi2B+aLc+uJ90D90oGDUmsWx7IXWwJ7z4XtWadIz262IBCaxdpCM0jCjg5Hjz4VJP52u/Mkwv62/WF7txb7bF/gqxTj7jzcPWujMg==
kI4RTlPZDSVhj+eG/R8OyA5A9KxcJC7Sq8xx8R+tTaiovAt6o+MRZBr5BAROTIPB9i94CCZpx3o6lJrbAZnTONN2o/abJvcQJNYxbaMw
aT6E7eHe0ywm+BIdypURCEu062ufJd1QyGS7MmOr4Tw6wRQMTkST+dZ3iEDmIXeiWmwKU4ERQ0AzLhM+2+6HyATuIWWjOA==
Zsp5pIZkFkbgS70kBcds4Eav/GPaa9RS1WunKiCg4Tw6wRQMTkST+dZ3iEDmIXeiWmwKU4ERQ0AzLhM+2+6HyATuIWWjOA==
QUWeeZW/zv8WbM9JbO011pqkQxNHsnOwEZ0LZPXcLMiRxdxHICgrs/aZyYAPQiahzS1r6vnJ/mehGFAyVVLi+xjqjiYXR56dtFY2k+Ms4jbmVeHT597bZE/I67xzZpwUbUOjGg==
r8TXz7fLyE2nalrzQQlQaZqu3oKfs13HyERYs7JFnIjKwBttRuMg5EaF33YKuEKXwdULlGP6Oxr7yq/cFPopYaM8
CUUDHPnUu0pKIWDadysVXRtT9ahUO2vD/8Bx81jnAqGuuUU2qKgAfwLpBARKTIPB9i94CCZpx3o6lJrbAZnTONN2o/abJvcQJNYxbaMw
dADcy3NLV/nuyi2XxtInY51P2WdBjn0BuLUNDSWH0NvAQkkHAIWmhcMxhOaqu0QzMoykAGNeSub2BvVqf0WcWtjigd4yib9uu2jaEXqFdS/RCQ8TjQlFYCkTfKMj
bwkeQ5UXPxN5fDJPTjG4j1o47Mk0EPX7WIJ8dzIrNIBCMCWy7H4AqqOqKWlqQv4Ox27UBTn2zaQMcWyJA/cXRemjC+XjON8/aqM1
VSveJUGbFHnJIn6kBk84455P2WdBjn0BuLUNDSWH0NvAQkkHAIWmhcMxhOaqu0QzMoykAGNeSub2BvVqf0WcWtjigd4yib9uu2jaEXqFdS/RCQ8TjQlFYCkTfKMj
CJi2B+aLc+uJ90D90oGDUmsWx7IXWwJ7z4XtWadIz262IBCaxdpCM0jCjg5Hjz4VJP52u/Mkwv62/WF7txb7bF/gqxTj7jzcPWujMg==
IvNdaX7gnkOEYgtlUDyPaK6M4hj8kiQopo2VHmMCdY27smUqNhZ4k2iPSBfjbO0tlbveAwcmIEqzrjkJWoKOrnfuRKVpNp2E/HFcaVM3xyV5I3sFU3gvH3qjJQ==
jiWvEWBY1VEpZTYD6/WzklJx9r6GWrpp0FfJROc5t+scV62uqu5h7ustUIqk+rW+5jHjnjfALlFObXkfDXHbs/mR+TDlO2ijNw==
IvNdaX7gnkOEYgtlUDyPaK6M4hj8kiQopo2VHmMCdY27smUqNhZ4k2iPSBfjbO0tlbveAwcmIEqzrjkJWoKOrnfuRKVpNp2E/HFcaVM3xyV5I3sFU3gvH3qjJQ==
jiWvEWBY1VEpZTYD6/WzklJx9r6GWrpp0FfJROc5t+scV62uqu5h7ustUIqk+rW+5jHjnjfALlFObXkfDXHbs/mR+TDlO2ijNw==
FNANU1LFH3QOJWnnDS8H3a2M4hj8kiQopo2VHmMCdY27smUqNhZ4k2iPSBfjbO0tlbveAwcmIEqzrjkJWoKOrnfuRKVpNp2E/HFcaVM3xyV5I3sFU3gvH3qjJQ==
jiWvEWBY1VEpZTYD6/WzklJx9r6GWrpp0FfJROc5t+scV62uqu5h7ustUIqk+rW+5jHjnjfALlFObXkfDXHbs/mR+TDlO2ijNw==
IvNdaX7gnkOEYgtlUDyPaK6M4hj8kiQopo2VHmMCdY27smUqNhZ4k2iPSBfjbO0tlbveAwcmIEqzrjkJWoKOrnfuRKVpNp2E/HFcaVM3xyV5I3sFU3gvH3qjJQ==
jiWvEWBY1VEpZTYD6/WzklJx9r6GWrpp0FfJROc5t+scV62uqu5h7ustUIqk+rW+5jHjnjfALlFObXkfDXHbs/mR+TDlO2ijNw==
FNANU1LFH3QOJWnnDS8H3a2M4hj8kiQopo2VHmMCdY27smUqNhZ4k2iPSBfjbO0tlbveAwcmIEqzrjkJWoKOrnfuRKVpNp2E/HFcaVM3xyV5I3sFU3gvH3qjJQ==
+O3q/wLP1zQ/yOB0hfRZVYjjYA03m5e3cBYeyLi9cj/iggYpLA/tVOMxm8vwH2kezhb9bndVtDrgMtmeyjnnjhMYUpHyNZ2Pifm3U1XZPUDBA3SjKw==
jiWvEWBY1VEpZTYD6/WzklJx9r6GWrpp0FfJROc5t+scV62uqu5h7ustUIqk+rW+5jHjnjfALlFObXkfDXHbs/mR+TDlO2ijNw==
yB4vU8ZnYZwe+TCOz49Aa6yM4hj8kiQopo2VHmMCdY27smUqNhZ4k2iPSBfjbO0tlbveAwcmIEqzrjkJWoKOrnfuRKVpNp2E/HFcaVM3xyV5I3sFU3gvH3qjJQ==
OuHM8U8cfT2shRyjle4lc4jiYA03m5e3cBYeyLi9cj/iggYpLA/tVOMxm8vwH2kezhb9bndVtDrgMtmeyjnnjhMYUpHyNZ2Pifm3U1XZPUDBA3SjKw==
jiWvEWBY1VEpZTYD6/WzklJx9r6GWrpp0FfJROc5t+scV62uqu5h7ustUIqk+rW+5jHjnjfALlFObXkfDXHbs/mR+TDlO2ijNw==
1PYSTYBgsVWjHM3U4Ii1HKuM4hj8kiQopo2VHmMCdY27smUqNhZ4k2iPSBfjbO0tlbveAwcmIEqzrjkJWoKOrnfuRKVpNp2E/HFcaVM3xyV5I3sFU3gvH3qjJQ==
AzdhsSfq04wPSepssNHrzIjlYA03m5e3cBYeyLi9cj/iggYpLA/tVOMxm8vwH2kezhb9bndVtDrgMtmeyjnnjhMYUpHyNZ2Pifm3U1XZPUDBA3SjKw==
jiWvEWBY1VEpZTYD6/WzklJx9r6GWrpp0FfJROc5t+scV62uqu5h7ustUIqk+rW+5jHjnjfALlFObXkfDXHbs/mR+TDlO2ijNw==
yB4vU8ZnYZwe+TCOz49Aa6yM4hj8kiQopo2VHmMCdY27smUqNhZ4k2iPSBfjbO0tlbveAwcmIEqzrjkJWoKOrnfuRKVpNp2E/HFcaVM3xyV5I3sFU3gvH3qjJQ==
jiWvEWBY1VEpZTYD6/WzklJx9r6GWrpp0FfJROc5t+scV62uqu5h7ustUIqk+rW+5jHjnjfALlFObXkfDXHbs/mR+TDlO2ijNw==
1PYSTYBgsVWjHM3U4Ii1HKuM4hj8kiQopo2VHmMCdY27smUqNhZ4k2iPSBfjbO0tlbveAwcmIEqzrjkJWoKOrnfuRKVpNp2E/HFcaVM3xyV5I3sFU3gvH3qjJQ==
jiWvEWBY1VEpZTYD6/WzklJx9r6GWrpp0FfJROc5t+scV62uqu5h7ustUIqk+rW+5jHjnjfALlFObXkfDXHbs/mR+TDlO2ijNw==
yB4vU8ZnYZwe+TCOz49Aa6yM4hj8kiQopo2VHmMCdY27smUqNhZ4k2iPSBfjbO0tlbveAwcmIEqzrjkJWoKOrnfuRKVpNp2E/HFcaVM3xyV5I3sFU3gvH3qjJQ==
jiWvEWBY1VEpZTYD6/WzklJx9r6GWrpp0FfJROc5t+scV62uqu5h7ustUIqk+rW+5jHjnjfALlFObXkfDXHbs/mR+TDlO2ijNw==
FNANU1LFH3QOJWnnDS8H3a2M4hj8kiQopo2VHmMCdY27smUqNhZ4k2iPSBfjbO0tlbveAwcmIEqzrjkJWoKOrnfuRKVpNp2E/HFcaVM3xyV5I3sFU3gvH3qjJQ==
jiWvEWBY1VEpZTYD6/WzklJx9r6GWrpp0FfJROc5t+scV62uqu5h7ustUIqk+rW+5jHjnjfALlFObXkfDXHbs/mR+TDlO2ijNw==
IvNdaX7gnkOEYgtlUDyPaK6M4hj8kiQopo2VHmMCdY27smUqNhZ4k2iPSBfjbO0tlbveAwcmIEqzrjkJWoKOrnfuRKVpNp2E/HFcaVM3xyV5I3sFU3gvH3qjJQ==
jiWvEWBY1VEpZTYD6/WzklJx9r6GWrpp0FfJROc5t+scV62uqu5h7ustUIqk+rW+5jHjnjfALlFObXkfDXHbs/mR+TDlO2ijNw==
IvNdaX7gnkOEYgtlUDyPaK6M4hj8kiQopo2VHmMCdY27smUqNhZ4k2iPSBfjbO0tlbveAwcmIEqzrjkJWoKOrnfuRKVpNp2E/HFcaVM3xyV5I3sFU3gvH3qjJQ==
jiWvEWBY1VEpZTYD6/WzklJx9r6GWrpp0FfJROc5t+scV62uqu5h7ustUIqk+rW+5jHjnjfALlFObXkfDXHbs/mR+TDlO2ijNw==
FNANU1LFH3QOJWnnDS8H3a2M4hj8kiQopo2VHmMCdY27smUqNhZ4k2iPSBfjbO0tlbveAwcmIEqzrjkJWoKOrnfuRKVpNp2E/HFcaVM3xyV5I3sFU3gvH3qjJQ==
jiWvEWBY1VEpZTYD6/WzklJx9r6GWrpp0FfJROc5t+scV62uqu5h7ustUIqk+rW+5jHjnjfALlFObXkfDXHbs/mR+TDlO2ijNw==
yB4vU8ZnYZwe+TCOz49Aa6yM4hj8kiQopo2VHmMCdY27smUqNhZ4k2iPSBfjbO0tlbveAwcmIEqzrjkJWoKOrnfuRKVpNp2E/HFcaVM3xyV5I3sFU3gvH3qjJQ==
jiWvEWBY1VEpZTYD6/WzklJx9r6GWrpp0FfJROc5t+scV62uqu5h7ustUIqk+rW+5jHjnjfALlFObXkfDXHbs/mR+TDlO2ijNw==
1PYSTYBgsVWjHM3U4Ii1HKuM4hj8kiQopo2VHmMCdY27smUqNhZ4k2iPSBfjbO0tlbveAwcmIEqzrjkJWoKOrnfuRKVpNp2E/HFcaVM3xyV5I3sFU3gvH3qjJQ==
bwkeQ5UXPxN5fDJPTjG4j1o47Mk0EPX7WIJ8dzIrNIBCMCWy7H4AqqOqKWlqQv4Ox27UBTn2zaQMcWyJA/cXRemjC+XjON8/aqM1
dADcy3NLV/nuyi2XxtInY51P2WdBjn0BuLUNDSWH0NvAQkkHAIWmhcMxhOaqu0QzMoykAGNeSub2BvVqf0WcWtjigd4yib9uu2jaEXqFdS/RCQ8TjQlFYCkTfKMj
bwkeQ5UXPxN5fDJPTjG4j1o47Mk0EPX7WIJ8dzIrNIBCMCWy7H4AqqOqKWlqQv4Ox27UBTn2zaQMcWyJA/cXRemjC+XjON8/aqM1
VSveJUGbFHnJIn6kBk84455P2WdBjn0BuLUNDSWH0NvAQkkHAIWmhcMxhOaqu0QzMoykAGNeSub2BvVqf0WcWtjigd4yib9uu2jaEXqFdS/RCQ8TjQlFYCkTfKMj
bwkeQ5UXPxN5fDJPTjG4j1o47Mk0EPX7WIJ8dzIrNIBCMCWy7H4AqqOqKWlqQv4Ox27UBTn2zaQMcWyJA/cXRemjC+XjON8/aqM1
TsZ5PrUowm3CIj3ODloHRZ9P2WdBjn0BuLUNDSWH0NvAQkkHAIWmhcMxhOaqu0QzMoykAGNeSub2BvVqf0WcWtjigd4yib9uu2jaEXqFdS/RCQ8TjQlFYCkTfKMj
bwkeQ5UXPxN5fDJPTjG4j1o47Mk0EPX7WIJ8dzIrNIBCMCWy7H4AqqOqKWlqQv4Ox27UBTn2zaQMcWyJA/cXRemjC+XjON8/aqM1
M0VirB6waSSqGgfHuweuLZhP2WdBjn0BuLUNDSWH0NvAQkkHAIWmhcMxhOaqu0QzMoykAGNeSub2BvVqf0WcWtjigd4yib9uu2jaEXqFdS/RCQ8TjQlFYCkTfKMj
bwkeQ5UXPxN5fDJPTjG4j1o47Mk0EPX7WIJ8dzIrNIBCMCWy7H4AqqOqKWlqQv4Ox27UBTn2zaQMcWyJA/cXRemjC+XjON8/aqM1
9zAD1kveIGXR/Q7Yi+h3AJlP2WdBjn0BuLUNDSWH0NvAQkkHAIWmhcMxhOaqu0QzMoykAGNeSub2BvVqf0WcWtjigd4yib9uu2jaEXqFdS/RCQ8TjQlFYCkTfKMj
bwkeQ5UXPxN5fDJPTjG4j1o47Mk0EPX7WIJ8dzIrNIBCMCWy7H4AqqOqKWlqQv4Ox27UBTn2zaQMcWyJA/cXRemjC+XjON8/aqM1
z7YqXEbwmyEbMzdCfo+A9ZtP2WdBjn0BuLUNDSWH0NvAQkkHAIWmhcMxhOaqu0QzMoykAGNeSub2BvVqf0WcWtjigd4yib9uu2jaEXqFdS/RCQ8TjQlFYCkTfKMj
bwkeQ5UXPxN5fDJPTjG4j1o47Mk0EPX7WIJ8dzIrNIBCMCWy7H4AqqOqKWlqQv4Ox27UBTn2zaQMcWyJA/cXRemjC+XjON8/aqM1
HovWJd8S4tYT4FFlVadRPJVP2WdBjn0BuLUNDSWH0NvAQkkHAIWmhcMxhOaqu0QzMoykAGNeSub2BvVqf0WcWtjigd4yib9uu2jaEXqFdS/RCQ8TjQlFYCkTfKMj
bwkeQ5UXPxN5fDJPTjG4j1o47Mk0EPX7WIJ8dzIrNIBCMCWy7H4AqqOqKWlqQv4Ox27UBTn2zaQMcWyJA/cXRemjC+XjON8/aqM1
1+dEjhixGDRYc/wlU78VknYqhZAvmlA4RXd3TE3mwZ0XBxgQ38vLk3H8Q7UW+e2Z72WmTSgYYK/CmSQUSlyjsTb/GLimGWeqeqR6ywGJswgTJgMGG5YXQGQmEX2jIA==
bwkeQ5UXPxN5fDJPTjG4j1o47Mk0EPX7WIJ8dzIrNIBCMCWy7H4AqqOqKWlqQv4Ox27UBTn2zaQMcWyJA/cXRemjC+XjON8/aqM1
hyRuxORtiU3lfgi8JlW013kqhZAvmlA4RXd3TE3mwZ0XBxgQ38vLk3H8Q7UW+e2Z72WmTSgYYK/CmSQUSlyjsTb/GLimGWeqeqR6ywGJswgTJgMGG5YXQGQmEX2jIA==
bwkeQ5UXPxN5fDJPTjG4j1o47Mk0EPX7WIJ8dzIrNIBCMCWy7H4AqqOqKWlqQv4Ox27UBTn2zaQMcWyJA/cXRemjC+XjON8/aqM1
1+dEjhixGDRYc/wlU78VknYqhZAvmlA4RXd3TE3mwZ0XBxgQ38vLk3H8Q7UW+e2Z72WmTSgYYK/CmSQUSlyjsTb/GLimGWeqeqR6ywGJswgTJgMGG5YXQGQmEX2jIA==
bwkeQ5UXPxN5fDJPTjG4j1o47Mk0EPX7WIJ8dzIrNIBCMCWy7H4AqqOqKWlqQv4Ox27UBTn2zaQMcWyJA/cXRemjC+XjON8/aqM1
tlJVD/A5CZFGRxoAPZPUlH4phZAvmlA4RXd3TE3mwZ0XBxgQ38vLk3H8Q7UW+e2Z72WmTSgYYK/CmSQUSlyjsTb/GLimGWeqeqR6ywGJswgTJgMGG5YXQGQmEX2jIA==
bwkeQ5UXPxN5fDJPTjG4j1o47Mk0EPX7WIJ8dzIrNIBCMCWy7H4AqqOqKWlqQv4Ox27UBTn2zaQMcWyJA/cXRemjC+XjON8/aqM1
Og1OlYlsQPdo44kBmOo0CHwphZAvmlA4RXd3TE3mwZ0XBxgQ38vLk3H8Q7UW+e2Z72WmTSgYYK/CmSQUSlyjsTb/GLimGWeqeqR6ywGJswgTJgMGG5YXQGQmEX2jIA==
bwkeQ5UXPxN5fDJPTjG4j1o47Mk0EPX7WIJ8dzIrNIBCMCWy7H4AqqOqKWlqQv4Ox27UBTn2zaQMcWyJA/cXRemjC+XjON8/aqM1
P5xNgM1DypRfiTfuIAlP83sphZAvmlA4RXd3TE3mwZ0XBxgQ38vLk3H8Q7UW+e2Z72WmTSgYYK/CmSQUSlyjsTb/GLimGWeqeqR6ywGJswgTJgMGG5YXQGQmEX2jIA==
bwkeQ5UXPxN5fDJPTjG4j1o47Mk0EPX7WIJ8dzIrNIBCMCWy7H4AqqOqKWlqQv4Ox27UBTn2zaQMcWyJA/cXRemjC+XjON8/aqM1
XFjf5V+PqSsCTTGt1WoyUX0phZAvmlA4RXd3TE3mwZ0XBxgQ38vLk3H8Q7UW+e2Z72WmTSgYYK/CmSQUSlyjsTb/GLimGWeqeqR6ywGJswgTJgMGG5YXQGQmEX2jIA==
bwkeQ5UXPxN5fDJPTjG4j1o47Mk0EPX7WIJ8dzIrNIBCMCWy7H4AqqOqKWlqQv4Ox27UBTn2zaQMcWyJA/cXRemjC+XjON8/aqM1
1+dEjhixGDRYc/wlU78VknYqhZAvmlA4RXd3TE3mwZ0XBxgQ38vLk3H8Q7UW+e2Z72WmTSgYYK/CmSQUSlyjsTb/GLimGWeqeqR6ywGJswgTJgMGG5YXQGQmEX2jIA==
bwkeQ5UXPxN5fDJPTjG4j1o47Mk0EPX7WIJ8dzIrNIBCMCWy7H4AqqOqKWlqQv4Ox27UBTn2zaQMcWyJA/cXRemjC+XjON8/aqM1
hyRuxORtiU3lfgi8JlW013kqhZAvmlA4RXd3TE3mwZ0XBxgQ38vLk3H8Q7UW+e2Z72WmTSgYYK/CmSQUSlyjsTb/GLimGWeqeqR6ywGJswgTJgMGG5YXQGQmEX2jIA==
bwkeQ5UXPxN5fDJPTjG4j1o47Mk0EPX7WIJ8dzIrNIBCMCWy7H4AqqOqKWlqQv4Ox27UBTn2zaQMcWyJA/cXRemjC+XjON8/aqM1
38GZBue7fgyFSQFISsOm83wqhZAvmlA4RXd3TE3mwZ0XBxgQ38vLk3H8Q7UW+e2Z72WmTSgYYK/CmSQUSlyjsTb/GLimGWeqeqR6ywGJswgTJgMGG5YXQGQmEX2jIA==
ZiEDSw6/wxyFAsKgOJFf+QEowIQiY0vNExywppvcnf4Fak6H06pJNOcpvAVvpawaCEIRXoLpTy7riOoRiqUl72Gp/5Md6RUg2TNsozM=
oMGJ3of6Te8tvAh4H4WDMGG0doAe7cQR7ZgfMbmYkkJ5EE7TyJSUGlFj45wiBskYp5YfXixXEd7TvJ2NbkW9gdYSEjbTjuBd1UZRTLgxmKEfBzsdHQOfHU9oIxd+oyE=
ZiEDSw6/wxyFAsKgOJFf+QEowIQiY0vNExywppvcnf4Fak6H06pJNOcpvAVvpawaCEIRXoLpTy7riOoRiqUl72Gp/5Md6RUg2TNsozM=
QRUeHDbFkUxXzFy12kA8NmK0doAe7cQR7ZgfMbmYkkJ5EE7TyJSUGlFj45wiBskYp5YfXixXEd7TvJ2NbkW9gdYSEjbTjuBd1UZRTLgxmKEfBzsdHQOfHU9oIxd+oyE=
0F66M9xiBHWaQ/tM8M53skUPYaPd1bDIaeVfZEKL2gt9DMN9WDq54gOpfqZ7zghtzaYZHECxIHFXJyNtNcP3jfcI6ydmozk=
GDZPNb/bmkBWMM+u0FnRK0UPYaPd1bDIaeFdakKL2gt9DMN9WDq54gOpfqZ7zghtzaYZHECxIHFXJyNtNcP3jfcI6ydmozk=
k93ejdfnuE7xd3nasQeYY5xwDztOnp0ON7iQu+WvwCXZRrbSoc6V2c1VZhwUWYUOcYbho/YMaV+Uyv2Xecb/IFsyx9ehj4U/TKsV5ilWDjMhrkg1BA2MsnSP3Ix1F2FPZP2o9PtWS0R+JZA9TbFzkPIkLE4uXv6p2un3BxlbJegwoOT4plnn6nrk+osBSTPIE+aDxhtWl4Bk5pG9o+A=
QWaRlRA4/Gpoo5xe1niJV1ERc8gl73rb7OgTBIOgaT0WlcoBFLYbI2E2NnOjjGJWJnXh8ye+W8QPKOvcs8Yc9C1jozo=
GA4+xPGFcocXjfJtqISc2FVHKX9tGIQzV8A3Xojio4waCjV5AW1zQfMZU1ohnpxUGO9VxjpEIhTyIOrTuMQnV5o5JPttSGb9QfJEjI4CDxAoDkU1XDdqiMKi9eOldSkq8lKEPerVZU6rtt/G/ZD0Hi7Fbjlw0+08v84Zngq5J45TmBKRsrVdj0l5d1MVWX1AgYO0o+s=
PUK35Vym40O5Y+c/RE7yXlfdnnpul4RU+OeacarC4VOETvYLU/SCLtYNYYvXxru8/1ArpEO+/IzdG6NC
WLAQiIzxNAZgIvM+/a/z9qr2Cve4nUup3QF9VxNGBT52kbNeZ+A+UV6NKd9dkUsziXGJ8JXbGKNH
oCMlW7GMqLP9PysP/t8v/bwgN/6gRZRuZ2dbkSi1rQsUWKPhYKTdBP4hdzH8IKf+hB008S2Z1ouap0DEvLUUI4IEFr/FDUF93pRQ/V/iKjcxyGqsC2xADPd5yvLJW5X04nA5jVWHzfjg6R1ioTEMIACwnyZfq2kFR8IDrXV2+PCjDhiL3soTkwGh30G9kEBEtKAu+H04ipcziRVSQ0zcPYgp1ltJyN8xTfD6ughlF3BlbSKAaUjp5F470wwydGI4kwfMbKOWkINMPN9fVh6YxTVQrodn2ApyqhvnppWNU3S+C2t21HBUo+90r9t3CmRN8A4ZHEvAtyizZRNZbb0C0br0x4pIImUfHik51X0gJmqlLUDV5fsFr0qVcDwN+opJ9U2GXeGGoZDt1clvCWGMKQTBY1VN8J7vDH4zLCOF6NP47SMmRW6vFK95mIO+KYo4lv2NO1yP/dJp4uaXsSrAQaT5xPakq7S4dSMJa7S54ABbIsPA7oF4iQ2Fm7TiICQ6Dqq27QpNn7OZ701M4OSsDIYt7+5qwB26Qf3bbINiC7K7ot/EtML5iaPU
/dt8kPMG/mkKh50QM9eFMK0o5HUwfrr9t7Xh1bhjtn1jfoJSzzWJQdAOVx8IADZEqfFpFk0TcWpE7cklMKffl5EtFQTdqqlazva53hwRBl28j9UKix/WCMZDDSUhTmBjifwJw7Bm0Gr7CKepZRNnqDdTPSQkVtO0nAVGKL/lwWuLH1WiPEKkugoWRXpGQVMj4ezL3kBbONOSFZHqswdN+u6kIBcrtjU3xi4RymVy/tFncvqmPh5jPchiu/S8dQx2C4E+rGRDpcoK6d8aRiRKMZOYnZ9Pko5xr7iM0rgVb/47Rd/42Asg1H0ys8K7PpMPJ6cl7953yk5DBNDAyWne422LlRJabLU3ZDvducl5Kj+EgoVoFi9Ft8ITOaTNpu3f3XEhE7DvVJuH+zVyEnmslIdS61e09QjXJyhdDIPi7zNMXdabdr4GZylV5E2xhInIkqm5ONynlIMAOPwJWA71qZ31HEtcRov4p+4Wg3SfLe+vSqpy+Jx+EDJjkq8zxVklGRII1tAKljfLAFKC0WwhVy/SC/CX1AtYm4ps4JW/o94=
thQcu9bebdSo2eMHwpDKhbxvcTwbbTMJJZBETd672F4JI7Z6aLjZ5UaSKR5ambdOQzhnkQVVTU/ZGSfT5bnNAPEjZKM7
RA6GMf07ufvIwotr4h4rfdGm2ZWQpV2KzkhFrrV5nNeMyQt2W+Ey5EaF33YKuEKSwdILlGP6Oxr7yq/cFPopYaM8
Ir5VXphrbHUY8ew436kFuFfdnnpul4RU+OeacarC4VOETvYLU/SCLtYIYYzXxru8/1ArpEO+/IzdG6NC
7fDcqSV5cJUo6SPHGzg79ar2Cve4nUup3QF9VxNGBT52kbNeZ+A7UVmNKd9dkUsziXGJ8JXbGKNH
dcHZZsHyaX345h6rEticzsvM6Du3WBEDCobSHDD2BMrf8KqqAh84NVEpaw0zcTTWfLB5nBp3LxTEmwdRgNdCcdCKdK0hRbPof2/tSALMQTGlu7XE4NVlXlGNdJzgDOcar5cROYd+exGFyoDMQzJgty52ay+BHaf9Taw4eFScVkSNhPIr87VtbrNwpIFola7nufSnDU3Mgob42W/MhdFavJl0kdieh6uwwsgaBHM7tFBTKug/zICn46Yi4PnVbNY7l2Ryzmonn5plsSvIXrcTyiRMLJ/vSNfnh7Yc8RCyYSC7/M8Uc9lr5Z0Beu1ayL+2uJ4do56VQWmNHF5WRRE4aRVHfROKqQgA/cby9RXx/uERutms7emxU/nd9JXkfRtpvczm08zCS5DTOZDvGNFbGrXS16gvxeA/ThXyBHbB9YesM4Vuqd6eq0EWuP1ERbxKVJfMhHUfcVdEBZi8u567/B69ALXNOeMIEpxcBu6WztH68ecPGVM18BDY1DBmEZdSmnxlBoHGo1BzXnMOWx6neET+gbWj6A==
rAgXBX7YhYI/mvr2rNYK5s+rsW81NyFsCDnrNcOYyqf8Jsn15yqNW1yPzGQFKmc4Byf2Gx98VexaFzjlm8ZjNACRqqVY3ZRkzTZ08X7VzWNg10kK368MwexnDaCeM4u9Mh4NeI9Zlzsw84D3Jb3UuaXa7asBbqoqgVlGoTZRyAHz8ons/8jpeQNwsmNOywvvv15AIMaAGp3jtQRNx5ST1CZFnd0SpHHNEzMhLhwtNT5ngGXbyHoNFx0aFqzrkRaqPerILU+IVqOjsJc6nHk/+T6RSdYkfXfAm37WL4MBsuuJ9uAIsV8tr9utLYMCLaAh7qBMMnsxKzzpr0o+PjfcQcMUJ33yJkRhQH8KmtIu5SGJiLTdIlCctS1LJW1iJ8ZVol5EPD5lJGkrxKr82U2VrxaKDjCiFcdxZaUBzy5WSsKKeLUOYitqGHTHt3nl+I5dGYL8TFZSdzDAHk01VCeCqLryLSMdBXGKGuIMvWIlzS7zBicGpcDM/gbVZjl4w8Vchx7B3nIJ/277558RPQU1L5GJzxNNiYVg6ZO8o+M=
Vwrh28Xc5dNvMVLSeZHikEUPYaPd1bDIaeVfZEKL2gt9DMN9WDq54gOpfqZ7zghtzaYZH0SxJ3FXJyNtNcP3jfcI6ydmozk=
N2oz3tmoZMgYvUOuPpuZi8OI+gME13hwdoRubNi8LGHmCRkndy7mGgwOe2c/8SMh64q2r1HycCnk0TQuBNPkkHULWRMUYRAoG0pzGA65KOGNbUuMgniU0s6CxrWqtU+bmcedtEC83CRGxV+2CvjBU8GSi1Rjurva+4ovHBS6qaGj/A==
Bl2kN5p02apMezFM9BkHvskDm2ZLk2oW/q4rCj+FuJ/EQkkVF478n89/h/WqvEstLYD4GyBPT+TBSYJ6Y1aBQczigd4yib9uu2veEX2FdS/RCQ8TjQlFYCkTfKMj
LMtay9Aiw5Px35uZj72WLhzaCKY+1/g90bx0KqmKvQEyF07W24WFGhY3pdtlVcgYoYVHVCpLcpuFrIuNQDqhkssJBjbTjuBd1UZRT7wxn6EfBzsdHQOfHU9oIxd+oyE=
Rog8K26AFDD1j/wZasQZsjXpJ4MP5dkn5rx0KqmKvQEyF07W24WFGhY3pdtlVcgYoYVHVCpLcpuFrIuNQDqhkssJBjbTjuBd1UZRT7wxn6EfBzsdHQOfHU9oIxd+oyE=
UcOtpBUWmmlJb2ZMgV0vjfPGpB74sXgirYq5CT4HUs6/pWEiagdpkyGVDFDtdfssjqvWAxk8BwXEuiUaR5marnfuRKVpNp2H+HFbaVM3xyV5I3sFU3gvH3qjJQ==
SyzQ2ar6efJrm7QffWqxd2lQ+nOiUBFXUVbMIWexH8Gx71zakYqF8Rp3FgYTxc2q7pfNS/3VUIgJZf8kYou6y92MY704Olmioyne5pvOKK1tJvnfJLEHMfenQ63Vw9dNl4gLZ0ajGQ==
NN5lb2Jdcb90GKze8lC1SvCPIV6ptDoKvAqOEe3OGgGBGRxSSsSz3bMrSEgNBJChyxi9zoUBWv5RknpJc4OhgqCGm1taeECETcPIYOZBt0LazMk3gfYD4LNOU97bzkdohA5hRaMY
qtdgV6D8EF1MFLyDvED70AOxLgHJqjBXO21pA+8d6RNcO+FqKD9Tec/V4bi9q1eXs06VZAOUCbqaRrJLUHMDKMnkj8E4Q5QlChtDFCjFjy4K/CDe4ahGksu10qsEMCx+W5PrqecSvA6q3cTJa3alqtG204waJkCZoPm+j4OEUVK37oQlqTbdB7hxG+kTN4elOSM7hZN475+6o+U=
3lHH1eVjZPIQTpTf9rf3dmQzkgzGpN3m+/+XeEcm1pvJg0goe+3CEeGE+lLAaw7e0KfTTC52AuM7gd5WdHtWqtJu9iuTlAKOlelhbJdmO9w/cCuEA158LB17oyI=
DXDakB7KoJBOkyuBrXtlrMbIGDLLbcVppM2WXolF+i2DGp8+5hE=
DXDakB7KoJBOkyuBrXtlrMbIGDLLbcVppM2WXolF+i2DGp8+5hE=
bwwOd80xA0j9RWH/ntLA310H8IOWM06p9VbD1eu8tHfG6qzItuhVxaVVeBQUW+pvUdGXS14T+uiCkLbp34b9hJm/gaORh8JIg/oUTNa9P9OFndrk1J2Qdbrf84XrCPjNxL8juE6rLh2EIGF+o685JlxqFoTj/wAZDeZM
