dfmNDRCiJ388hOE5fJrFuKLnnRC7pUhMtj9KDiNveeyE29NIa7HU2vJj9dImtVV2pEhuQvDCE+XLlvF5d8BDI+LQDF6LOceubsxUdCjny5p8FXo2Uz18TpyXmc7MWMvplGAzpJ41M2BLeSkgKol/kZOb94yCa3vb3Hr45EiatULPjG2srmwKfGLmAUBf54e8rss=
7fONdrQN0vBxlpX9nqZ6/S4kSKPZCzleeHQrYRzH0C85HhqaAHix1QxLLNrFx5CAYpPx8NA9e/URV9ns0KxT/4PkPmL4lsBxfwD8i8akq9vY5OzZ1QwErh/T9B4vloYzN2pbF0UCAl+LS9PFi946zZ8xbPR0ZsAsIbhvMjHe9irOtrLILSI38bOmrtU=
6vUFKh9bR1kaLGZ5PbDDuw8+z0f//CWX4mIoX4JsDVbNX+4W0Kz0IE5PxFWVpdjwnKUvBwRl4zlQi6/hLxDhhra25FV4fq8G2Cyh+cTvrGY49uLMiheRrMgpK5mZs5mQ6FjjcysgHn6gQlDdNyT8t74QWxew4AwFTZjUQhe3NOKX4rY/Hy77i51WEnND71N5c+pKgXe1DKhscpBAqVwvTgkqRqZmcpLUdfanXfuCruk=
hYONzTo7QPxiWn0/BA/+DBlDAzpYTePEGIz0wEs6O+2YciSMc35IFQWUBFlRem43iF8I6dXyt6cKheMGU+L1vBwhTzxCFE9PPk5TZFhff2gzsWwkx+1tUuYRTUMGPwEeUrVkMyx5Ff4IKWYElR71TJGvJ5/L0wVCn4jxyrl3AQvcramu3A==
3VtFMgaxuAAlpLkcHKJ02DRIvnNzzpY0jsj1tsvlvWRFYP/4FIkMAZ8Cd73kGrAM55+1xcmsUDklYmIHlLf8KWFaK9eGHVemhxo5bCAJWzxWPHOf8raHxOzH8xivGdjkMwVxYuoJOSNSB83Orl3ws7gRaa5EEbLkYQb5fI3HU99/e5myExBFau0PTVvghb2uyA==
crmdtTPthUM+85Lcc0MezTRIvnNzzpY0jsj1tsvlvWRFcff2EoYNU58Cd73kGrAM5561xcmsUDklYmIHlLf8KWFaK9eGHVemhxo5bCAJWzxWPHOf8raHxOzH8xivGdjkMwVxYuoJOSNSB83Orl3ws7gRaa5EEbLkYQb5fI3HU99/e5myExBFau0PTVvghb2uyA==
hCAg8ynU6+qLwdYqg1yeDCta/K3b0lG+SXyymLww1JClmqGBomEnEvCdHNeaTAxCd9W2wUvdtVEpYisykPARnVxjLPKXijEI8jux2MA1W71B/1lEgORz95PMfspoHmA5Lyj8o5bsC1NITKzxxQQk5k97dLZ/3qY7J0Ibv9WKohfbY9Pt25aaRQ+ZLNxkbuBkcRDvmmGW1iLenvJgvaqXueOOrv0=
eqvWPMajeIJOjUOp+XLDB4QXr6dcEbwPQGgoEmY76qbyCiX1US7LJpiMIVmEz6xGflZhbMo3kYyIias52ZOZsKj4Y9NrAB5e4OLQfXcE/Jf+sNu38MAMJQ04VOJXlzTC10I2n18O+6vd9pLTA89TWTNKyiE3lQyILNIQ4Ol8L25JisYGJlKS9DVWJ/27oq7J
fQoFCOH4strw2T2XD91mfkD2ckqHoTgTdzknWq1Vt0RcZOdxYStPdc2U47S+q1eos0OVBmWVBs76TK1PV21bKNqpz8YwT9ZjFgkLTinflDk99k3e68RCndG83KgRNyByTZSG4+EQrQ2yxNnRMyq4rdOz2INfZkyJuvPyxYuGVhW49IsiqzTPE7l/Fe8bOoG0Lzony59zgpG3rsI=
hF8H8BHuD3LuiiWbMAIuJtio5eiMG7+TRO2cKygEGMaB7eSw/w31AYmSq0IwINHNPFMswvDa8dhSSzEoYGUbbaHPWXRgNDOnMzz+usjOoGlPGPyT9rzLg+g8LAFlVGQ2r0t0hp8O5muHspvPdVpiR7tT0927xlqVr+msLMQ+oLSRIO+qgUaWcn5uchAdelfpg76uzQ==
lLpHwbbJ/1kWhqXHahD2ZW2sutRh/cfzubmb9OqyBuE0r/Xzc+rjDXBiLIx7YSF1XcQ8mYmKltcg74BpXYLfB7I1O8arMi2cNDFHPEoEZ2/mnqukgO/HyFvB5KRPXcWyHuGVgz5vWX46pWwzJGn9HtD5XkTNbo0sOR+vH0Mj7eInOKmKwSdZK/S9oa7U
I1EJKk23Z/WFryOA1VW+sfqWmuTT9nc4SayIWMa06n7o5AFhlMesXk9/ARSaf1FUeGELgUkbGSgYUIMru8heBpCK8EVnDPyPzpi7z6CIzP390PRaxx+0Wmfq1mePxrvzrZ6y6xPHU0EDYqpZZ93MUNw6sFh59K/2+SIm/vaa0qxFPgfFq6qu0Q==
XijJL/kvTaaCQE9u6SH+z6XgvlYyzq3eTxwhr+pFkl2AW5+MtN363OhFTCTJP2n3bXYUxfrMNUwA2wTtQcaLXigEgQHU56x+CR+B9FpfUXS4gYvhCTsZCFgwA8t76F4mUGpwJScs/K+O+DsvYKjM3T0wdDqHP7R6J4pWh0/mu9NtfjKLU+dTYUMCKrmn/cxwHNowODnUr9a5QqYeNrrSjIXeh6Xriq7x
hrbFDFT/8QIEPGayIrrYuoQNo6peUPVHX39xHypktvTwE2T1US7LJpiMIVmEz6xGeVdhbMo3kYyIias52ZOZsKj4Y9NrAB5e4OLQfXcE/Jf+sNu38MAMJQ04VOJXlzTC10I2n18O+6vd9pLTA89TWTNKyiE3lQyILNIQ4Ol8L25JisYGJlKS9DVWJ/27oq7J
hrGQSSQc8TXAAELk1tRbmzm4i55Y76/EOH3sMQ3M6KPDM8ghG1OYRzSrqNC+RK0LC2VEGi6uk5fLbdScMAGHwb1dRYF8XE6SBG/Nlt31zh6STEUdHozjuAJpt/YoL56Tvonj/mH/jEkFNhVOE2QKTfm89HhZl9jiFVS+k/kw5b1aRHEhe0qgnatzABPnhgTZUvOaFUPm7oXgtHMSs9QHYxH/fV/TGplEF3r/W+fTSsGfruo=
GcY9JdFs6ezoVVtevylLwo6Kt8AaZIyyOGEmb38Pxlr8CmQBGR0kYCGI87vPHZLkAI4KH+NKs01AgjyMaw8QtI1krBk5amYXcI+waa2ij0cClctGO1J9XMQRVzxaJJevtv47JHBPd4gL4RSkfz2Vcu4BJQOuz4m+CsV8MzSJzV6AWc7EfQ79bOn/nx8zAz0il5jZClHHiWuEnbGuxA==
ZcvAgQ4IQp2uup7nGPwpydAgLNba4psgNgy4QgwZGm9Dd/KqyGJI4TV1cLD10K97E0XGNNQmZr8P4sf9tDpADJe3ZAR5zMC51cIyR6RX7ClxetsX1n3nJhe6SSzw6Ws8Ztyj34IWF0Rcp6PYXznI5CPlQSK6qcmjwmd9Dn59gLNIMTnu9PEiZBGmKby9p0Pfb1vp8sPw9ep9r72bsOWNrvg=
mM0Hi3W6da5uv/VyF1fQ09hPvb9ERXgCqL2CNcaLm5vvwPF3JkfowXmu6+0kYkI+y+Dzs4grnB8X5EyqWVOYIew00cHo1qZpQW68j7MTJV35IiwOy4knPu5c9ITot6uqfCUaZpPN3N4cB3l+jAjrGZQQE3RehVPwy+mJUGpZn6GTqxdcwhvbS1zqmFSISpUyz3xN/O7c6uzidqGwn7fnjK77
AKB5w3jizYAUg7TUTTKHOrBpPwxM8TD2iTAkGLJKBh0Yb0Fz+KLCdlrxJ2GamJ/0TVtxYSwcvvK07102DbX+/oJMVXMuTLMYkukHFljvTvOOiZPesb886XW2hS7DpHpt6bzkWClXCIKF1M4zSXA1nSpEQUGritB9G/OQs7dGNLlC84r1c6Y+JXA0w3JDlFeDIf+Nf4PaKeTn+m+7t5O64Y+u+g==
YxckDqKgdlAfIRS4/nLp1IQXr6dcEbwHQn46Rmsy9PTyDGyhH3u5JpiMIVmEz6xGdFRgbMo3kYyIias52ZOZsKj4Y9NrAB5e4OLQfXcE/Jf+sNu38MAMJQ04VOJXlzTC10I2n18O+6vd9pLTA89TWTNKyiE3lQyILNIQ4Ol8L25JisYGJlKS9DVWJ/27oq7J
yLAMXqH4zW8eeZJZFgqto8VELeXart3r4dzSwZzU31y4iluvwsdBPinFuiZuzDki7bOXEI7J+948f8oLIsn/5rWvGKHJVhmmpxS+tcW8yIDt52wKGTRye21gMaVGBO25Lxq0tefTjLuTtvDhLnNmLTfWGi1sFL86pwTT+40/YUeHyg0sW5rzM1Mj/rmjrtY=
WO+epUCRb2Eh8HDME1hjsTEUTWSYgG7zm4N99u01Xr7iTLW5icPTWLLp59Y4b+4zbomzntE/nClVtuVuYySarcm8xJjJ16jC5dTu8+nwVd0KRKGBCwqwvfvzsPPXxpR5ovPqtdMm3uVQNKMyoxT3w0H/rb9jWomkx/qPexcT2qGvrto=
ZHQgBaq/gEKj0EzpmbKtZ4Tc5wQC5x1we4QMCtmzWAHsFBomZ3bmCUFOfG8zs2U9+cLsrkvpZx7uvDQkaNfrinwFWgYTbRw+HCc5HgyoK/mUcFPU3mWT0MuJyfDquV+Bk4vXvEK7mytcyli0COrVUs+cjVxuvKrM4pZhEB/Xp6yu2w==
6dbk455tvRP9Gdey8MLlmjMUTXWalmrzm4N99u01Xr7iTLW/icPTWLLp59Y4b+4zbomzntE/nClVtuVuYySarcm8xJjJ16jC5dTu8+nwVd0KRKGBCwqwvfvzsPPXxpR5ovPqtdMm3uVQNKMyoxT3w0H/rb9jWomkx/qPexcT2qGvrto=
DfWOGJBXMYAvqaPBO8ifJoTc4RIe+h1we4QMCtmzWAHsFBwmZ3bmCUFOfG8zs2U9+cLsrkvpZx7uvDQkaNfrinwFWgYTbRw+HCc5HgyoK/mUcFPU3mWT0MuJyfDquV+Bk4vXvEK7mytcyli0COrVUs+cjVxuvKrM4pZhEB/Xp6yu2w==
BcttlB3TFyC2LmDQEiGFAYTc4AQM/x1we4QMCtmzWAHsFB8mZ3bmCUFOfG8zs2U9+cLsrkvpZx7uvDQkaNfrinwFWgYTbRw+HCc5HgyoK/mUcFPU3mWT0MuJyfDquV+Bk4vXvEK7mytcyli0COrVUs+cjVxuvKrM4pZhEB/Xp6yu2w==
eBc75Ub+uekLbQ+y7vZvJceprOGRFLiWSaTSJzYUTJST4OTjrEinRsbA+0IwINHNPFMswv3Z/thSSzEoYGUbbaHPWXRgNDOnMzz+usjOoGlPGPyT9rzLg+g8LAFlVGQ2r0t0hp8O5muHspvPdVpiR7tT0927xlqVr+msLMQ+oLSRIe+qgUaWcn5uchAdelfpg76uzQ==
xdWBYfY5uv8OnV88jYbKB47A1DNbfBnRn0hwotGp7cPIEnVb+8JnivCufzFDDaSDmVixV7DqOJZ4XGEppN+sdhkErpxqpxE8aFnrSfmDmYDIqKMjy5Ce7gAykA1XFPynnuAbR1BQjJXt6BSSd4c08rcS9m//nnsbPSbSoyPfU2lTGgrRlwWMOMwCUJDJbS9eKdoG9obCEkTVhmeNm7Ku+Q==
gmCj1juTmkbRQt8gfLHuElkvZxYNetC5/cR4KEYNwvCpm9NBSHmgab7e48mkpkEjIBBGGEll6LvhSCtujzgVV4vLHOBEgUoAKlJmsJsnQgsRrNFuNxv/Vpd5ws4QDNOfQwQ+Arh2QNE/IPyrhgQrO5iE7DkVbIQO3/P0Pu82BlP3ilt3BeKC/8tr0+XLfrot31FsFLQGQIzhmW8S8X52Sg5WsqhtwrdR84au9Q==
gmCj1juTmkbRQt8gfLHuElkvZxYNetC5/cR4KEYNwvCpm9NBSHmgab7e48mkpkEjIBBGGEll6LvhSCtujzgVV4vLHOBEgUoAKlJmsJsnQgsRrNFuNxv/Vpd5ws4QDNOfQwQ+Arh2QNE/IPyrhgQrO5iE7DkVbIQO3/P0Pu82BlP3ilt3BeKC/8tr0+XLfrot31FsFLQGQIzhmW8S8X52Sg5WsqhtwrdR84au9Q==
hPmCKR6FJHFhapf7W6CnJVjgju6s4p55vp6x+9NUOHPzkreejd5amokim81bnQkBgP/35n+as2A+Eu4dYZq0i6M3zWm5lsSqWw2vyk4ovEA4k8OefBFyQkMJlKq88/H6HKwDrdQk+1BOgVsE653BlLr99xUTH3/4Et+TP3wekFCYbn0Fj8ilWH5YYhhCAul0T5OPuK7P
xll/t3M1/Db+PQtAko7V7GciLFTLJDTFZHu52tCf+wlJXWsA0c3jXQID4FvSfCbZgV+0WXsKA/giaZe2iK8+056Jg76Bf+yJ5TZ1jrPkqo3ZvNS4+Rd4InVUXlOZsAX9OkRRYdvKAN2LcyBTBwZkmbLz+tWjZo5FwLRT0hNUp6My/52fs5p5BHd6HxtHU+qBv67K
0S13zp/1AUYcaAnd0qOKE9/4242Yog+Y1FQMv6lj2N23iAxpRuYQl1yK2HQIqlWez9wNnG78Kgzi1uHQH5cnbK4b
qZ2zHL4BZnUDCze+UdFDV4aOu8gfUN+oNlxpf2VGpVivMFgvKAg3ciLNtaTZXtjkCJoBPI4T42t0ryb1bVBK6tFktQh0dyATc8m+cq+ij0cClctGO1J9XMQRVzxaJJevtv47JHBPd4gL4RSkfz2Vcu4BJQOuz4m+CsV8MzSJzV6AWc7EfQ79bOn/kx8zAz0il5jZClHHiWuEnbGuxA==
QSI/s0c4Poeimr+3eTTysWniZLAaPpLudqdWMdTVdk9yueuJ60IKksbUaTUkDSO8eCl0/kmgpUidi/7uhMtR/X6rr9zhBn/G0lonFvZXmh1ae40vYSpXcFFXdaDUSALUUHph3fsnOUnxZ9ncMDwT76OUvpLYhgDhHzD8u6Y0a8v4FGyp9RxEPv/j9C7PBsYjFxrb52USws/re9P160763b/B7IRUdoC8wYRvAtFOtjruxjI4DTL3YdOWruU=
KDOEPZTP17Es8BoZirDfHN9zz/e/jbi+nY2k/LZeZY+w71kHJu2GcoPNJ+UAObHhMuPkDpYm2MOMQvfKue9vPU746aUb+/2jrqcc6Vcpwv8FIrQBPH04MYYkRXvHGe9J63g+yxV8qbetD7y/OUzKMQEfWaTARPOXU+x+6ij+4JnvSPzDVkyLswhsrNEFZKRGD5t0Vj9+JlvnYhuflWoitxsD040bNhqlT7ks/KQOYMQx/O96ITZWQh6+8kD9ShcZI+6unQ==
XpqRnkWlOM8lovNGE93R0WI9m0PPstnG7vvYUwsm2o6GlAY/arbRGquf8k6JN0bV1LzYBmAiCOwhjpoRamJ5t+cB7CSUlgCcgeRvYpFuNtouZjKYTVJ3QRN2rgU=
6Zp1PmiknCUTyZdJ3RPOUdy0bUVW43JSWjFeM0QHa3twg2p6dYFDTxFvuPd+wcHawWWhcSxlXXoSs73xOQ40Avtl/3KO0GxoWPvzhnwJQiojIURSfEuhkrwE8zVUvIv47mmLvKvlkbxaFccNEwdPEPL3w0c8pkC4OMYNkg9QVfDeMDKggvo5XC/7v6Cu1w==
lS7buLCqRJqPWemY1SrgdaLoigu+sFlxtj9KDiBpeeyE29MnAN/SppUd+9Nh8wBr/l15RrH5Ge3MueUmYu8FLfnSDF6LOceubsxUdCjny5p8FXo2Uz18TpyXmc7MWMvplGAzpJ41M2BLeSkgKol/kZOb94yCa3vb3Hr45EiatU7PjG2srmwKfGLmAUBf54e8rss=
QSI/s0c4Poeimr+3eTTysWniZLAaPpLudqdWMdTVdk9yueuJ60IKksbUaTUkDSO8eCl0/kmgpUidi/7uhMtR/X6rr9zhBn/G0lonFvZXmh1ae40vYSpXcFFXdaDUSALUUHph3fsnOUnxZ9ncMDwT76OUvpLYhgDhHzD8u6Y0a8v4FGyp9RxEPv/j9C7PBsYjFxrb52USws/re9P160763b/B7IRUdoC8wYRvAtFOtjruxjI4DTL3YdOWruU=
aDrB0wKLIb++nkQMlEmiyS4NhCIq298uhNTztN7rnTRIJbK8QKg/PfYVfsWUYsoevt/j3ZazRDRiW3sWuLf8KWFaK9eGHVemhxo5bCAJWzxWPHOf8raHxOzH8xivGdjkMwVxYuoJOSNSB83Orl3ws7gRaa5EEbLkYQb5fI3HX99/e5myExBFau0PTVvghb2uyA==
bAMlQBo2WvAhzwa35KVnHFkvaR4JJNW+4JMsJwl049iTs+Bue1CgaLKfrM7htVg0PRFGEUYs6L/tdmQFjzUYOZbMBZNXkUkFNBE+o8U0CT895/xXKUTqedF32cwQDNOfQwQ+Arh2QNE/IPyrhgQrO5iE7DkVbIQO3/P0Pu82BlP3ilt3BeKC/8tr0+XLfrot31FsFLQGQIzhlG8S8X52Sg5WsqhtwrdR84au9Q==
k955X5cJh5PT1Nv22bNI2zjJdo/aDzKzy+7g7IdvgmuQ9cZh5vyo7w1GZDVvZVjpNryFY/fBidVUIT6TpeTJb50XfCeJlKopMUfZ/PBck0/jdL7yGCaAAV8Q/Jvm1OtrOHRsSbW8xF4/w/QOD2ZGg1f624elskIvq1vT1auuen1/oexkFNYA3AGkbyIRLjaariYyWM2Sd4GTtq7F
6w2CMuLdzf1bfy7wzuo3Oyn68A0htN2orOCac55oqZn2d/rWwNHpZARTQ59gh2JuVVWLi0ELEGP+VWm+kaFppQxxVX4CV5WleVqc5mvhd+YuBKSsCJ/bknwdak5z5YyG3N8pFizgW2EU6KMc/m2DqIsxWXgKcW+Zk5PndKIzC5Mcski8KCIlxk8E/RROtLo0Ii7xmH+fl7Suww==
CyV70oxKeak69vkqM2IOzWyT1y7QctQXm2e4PG6j4S089FFSWkiV6tFhsyP8LnCgWH4dWo8YRUg+KAIowvLJxA+DL2iuHw==
j+jNAOl4C5vXiswffX7BW3AqR7PdgKOGIK9KZleW2gtyENF3cTqp9w21fJ0Y1Adqz6QLC0m/KXdfKiV8I9rrw/sDhilrrh4=
zvMPbABB5jJlVvfF/ZhEsG/P3P1SR6SwwFhnJEqry+B1ymZ3PIrxJlyHhIh32yf6/9srrYqRHuQhhrl8TUef37/72bJTkIVqLY8NW6AFfa4I
U3oa2xHDU5P9C+dOsF8QoRWou50+CObuig0gFHyZy+B1ymZ3PIrxJlyHhIh32yf6/9srrYqRHuQhhrl8TUef37/72bJTkIVqLY8NW6AFfa4I
W+aRUZ+IrAHcx+U4yHK97D8Q8xR6jLCcqP3DsQyOvv0tV/SylRAahskgqZfn8cwQXPqwGPk4rzZ5YiY+dtrS7MX+B4Uraq4R
YfiAgw7I6Z8rv7UrWXB4WlnD4OdwISbDw3hDrPUEMAQYVSPJ3Mb+JV2/1IqFGBqe+QjJb7c5DEiskhCgabAvrsnKxkamkpI0tRYnvTtirgk=
Gr1ZoiB3WwtXm3olI5pEWAiD6tZAEBbPwWletPQEMAQYVSPJ3Mb+JV2/1IqFGBqe+QjJb7c5DEiskhCgabAvrsnKxkamkpI0tRYnvTtirgk=
CceyqsGeH3R0+RDVlDf77IK14+yGD7+fS76GKTYUCIedzuS9/w34Aeb0xSsnKam9RCk+m7WM6YdNXzxvWXwKQaHPWXRgNDOnMzz+usjOoGlPGPyT9rzLg+g8LAFlVGQ2r0t0hp8O5muHspvPdVpiR7tT0927xlqVr+msLMQ+oLSRLO+qgUaWcn5uchAdelfpg76uzQ==
GQw+R0FNxWRupDUDsLM3/Vagz6n495liuoOxv5ZbIjrwnbGoxJ8b09BrusI1+RNn8YeI737Z8TIhTfEJbN2NkrIbzWm5lsSqWw2vyk4ovEA4k8OefBFyQkMJlKq88/H6HKwDrdQk+1BOgVsE653BlLr99xUTH3/4Et+TP3wekFCYbn0Kj8ilWH5YYhhCAul0T5OPuK7P
k0ON4+7kBzqKHcxtnabFaDxodqAwXiJBKBrpDBElPW78hFtURlsVtMDVKhwo+If9LiUWpaxywh62z9s9foMcdNqLk7Ygx3Sp6eqzty7Nr2bfahFM2BlTPF4si7/axt8EFBdbeDepUGS7denCAtmBYwo3JS6WTfizsAFRziwhaiTZVpHcFTfXX/fLAVK7QD0qNf9le5iVta7A
nk87N707ggarPO4DZPS6FDOTJU83f2MmtzgJNSMe0pi1bChHO1TuiUQkxiSpjWD52J3iLgzeeJOVhbBfUgR0V30OTpvaSUd23Q/AUQEWUfaf9FaF3bzQsAUHVFpRdLqLtcBZNf6EFSmHeuwFLxNE6+uW2BE2c35dH/bi/SRU94p/5Htr+b/Z129qVVwTWjvja0OWibuuzg==
jOlxnOhPNgh0dj8+xuWNc1SmdOxHYiD2vidD1J6Mc+C7LFl3zja/ZLHmSTydZ6/fzxuJcuMwFerd790bkCVtrhg=
7VjKmE86xapaMpw1DhwyWxkg1ohvMgffWlSluprblPNCbBzL4u8HJPoU/2A3tL0HCn5jRI3uTSz5n+Mfg6Mt4me46YoBpxkrtD1hrhQ=
kZSBq5n0CUvoA9nQJi0HRLaQqloKJp+IiWN835W0zWvnQICmnoBHRk1KrozIWyQ53ug2Hmdu1cL9tBNS01RnI33/3R/zmrmEt3pfmwdTqgF/rgo=
3vz6h2/07gvTaiX9G0PR91qx+kifPJNZyHKlMnTwpCs591BZNwyE/dZyuDP8LnCgWH4dWo8YRUg+KAIowvLJxA+DL2iuHw==
o398Q2Ulqc646MxQko7JCVqx+kifPJNZyHanPHTwpCs591BZNwyE/dZyuDP8LnCgWH4dWo8YRUg+KAIowvLJxA+DL2iuHw==
qZ2zHL4BZnUDCze+UdFDV4aOu8gfUN+oNlxpf2VGpVivMFgvKAg3ciLNtaTZXtjkCJoBPI4T42t0ryb1bVBK6tFktQh0dyATc8m+cq+ij0cClctGO1J9XMQRVzxaJJevtv47JHBPd4gL4RSkfz2Vcu4BJQOuz4m+CsV8MzSJzV6AWc7EfQ79bOn/kx8zAz0il5jZClHHiWuEnbGuxA==
WRc9axWKr4U9sfP6hGBO15dW/wLJQ/Agt/t9Y47JX////zl11i4dZHk0Y7JjFLdDjf/tP6NaySQH+s/71xOaIW+uGg==
9LnlR3dYHc0SLze4RpmfDsij5PadALicCKPDPhddCYqbxOS9/w34Aeb0xSsnKam9RCk+m7WM6YdNXzxvWXwKQaHPWXRgNDOnMzz+usjOoGlPGPyT9rzLg+g8LAFlVGQ2r0t0hp8O5muHspvPdVpiR7tT0927xlqVr+msLMQ+oLSRLO+qgUaWcn5uchAdelfpg76uzQ==
oj/vVI+GNuh99xKBGPFZvh9hpJUnE6jvXt87ajVlP4YeKiey9ikh7+/oJFluRv0NpHTbAjv037MFf2WPC/oRVP+6F6vvM7IxZ64S
stjxPlVkE+ZBY78e6fR/YjfV4vL36NM2V8nVOpp5U2epHx8aHX/Ntemwg0BOVRSlRuRRb28l1JRBTSVcOzqu3ahyWBdPYmB6teI6BHXeVcwx70uf6xPlwn9I0crZN2GLfG1Jrjw=
m+oa4I+65wdmRPTxep0TZvaEJ1eNrSoBhh6IHc/VDwesVF1eWt65kPkuSkoYFZvhkQm2gJ9cU/lIlmdcdNDki7mXkHk3LESdVtL4E/xOsEDY3t07j/gF6L5IQsjC0glkj2NvSK4/
YAGifOlbN4MrOCg09L2nKRd+YCxRRiViWuLBrAkSMvb4qeNdYbXOPF9gK8W4qh9glOycN0kr6MW3kDwhpm6ALxxyyHwo4qUHT0R9VE70OnQibnFYf18XdK4D
h930gngg03xxLepOjYPqjippy9cvmVEZQ08tZlrmybgZBhoS2M3LiTHhBvgfpOOR6H63BDQINKPZv2BBNxS0tTb6KMu8FmCoeLZtww+AtQAeIBIQAopZTG9LH3CuBw==
EGZzm1tX9VYlQMVn6HX2ZwNa5PIeq3ADdE8tZlrmybgZBhoS2M3LiTHhBvgfpOOR6H63BDQINKPZv2BBNxS0tTb6KMu8FmCoeLZtww+AtQAeIBIQAopZTG9LH3CuBw==
Ela6glHvka3T9EMosGk//3M1mRjFp93noeDaZE02kZyGhEg/f/eJC6qevwaHPwDEy7LEWmB9AfUsh/dWcHt+oPQd7CSUlgCcgeVvYpFuNtouZjKYTVJ3QRN2rgU=
lrswpj8N0UbeO1FwZIkD/VkvZxYNetC5/cR4KEYNwvCpm9NBSHmgab7e48mkpkEjIBBGGEll6LvhSCtujzgVV4vLHOBEgUoAKlJmsJsnQgsRrNFuNxv/Vpd5ws4QDNOfQwQ+Arh2QNE/IPyrhgQrO5iE7DkVbIQO3/P0Pu82BlP3ilt3BeKC/8tr0+XLfrot31FsFLQGQIzhlW8S8X52Sg5WsqhtwrdR84au9Q==
+Da84gQB2GBwkuTJPvKzth9hpJQnE6jvXt87ajVlP4YeKiey9ikh7+/oJFluRv0NpHTbAjv037MEf2WPC/oRVP+6F6vvM7IxZ64S
/RBUnJLF/R0zhwNwsYFAHa01QXd/EJkhm7LEFbg+iKnOr1swuCZ6m5ftu1VTbCybbd+Iu3XxeicB+/i4jIoUhFIrANVeI+8P4O97WBkoXTDD+6XbyKd2ymFpIp62LPnfnBEP0IFi1KRJjGchYLpcLboEmudguWFwgAIhlY0s3LwEo3ZG8E+241YJS85p39S5ffYNXivEgh0RvBwo0Tfg8g2UxmOhEO2N8sSZUXMqeC0TsxgDn2aMCXrzskXLhhaV+PTLous0D5N/etVu2zpBNO8650vfc8IR966C
hbrnCclkxVrwxqIGkANb56wXEI3W6EilNIoE0EG9X1Fi2MA2DV2436EiYMcqaMSa+UhumdDoq4OHvLQu9vba68TlUTZ29/+MOO/S1s2ZCTQO8MZjKaA1JNd5hkNTY8D9JPYalDmn4k6R6lk9RaNbzuNnD0KPVQJqmJCDazsIXsYQyvCF50z8z05Yu48gSMw9fZD0mkdftBrnKtYnDwa7My3esiuTh1MBg6KqGecdzJBcerCY+bKqtnjiJr52WtJsxX4HBSvqrpE=
CN2SqPolVmqOKVFYeRxZYqOe4TzeHEeTmQ89ikLT0m4uQlOzOvHbgfAXghzB9DkHKJjk9+MsEIj1PBl34Qpmii176GGtiCmEG/LYGpyFmdxifxeOTj6hD6RR12D5wnzXxQXvkYja5MHuSG6aL25bc5ICNYfrVSonfmONLQ6r/RXQksE+wX8sCSU2NQ7z5OoNGbwUOLkXOKI1VJ7TWbBFfXpEEeEbysBdy3Ng00cGpBly87pV42ZOxQC0k1JTVOcj9/pdHnOaOYQ3et+bh1MqAf+uig==
hbrnCclkxVrwxqIGkANb56wXEI3W6EilNIoE0EG9X1Fi2MA2DV2436EiYMcqaMSa+UhumdDoq4OHvLQu9vba68TlUTZ29/+MOO/S1s2ZCTQO8MZjKaA1JNd5hkNTY8D9JPYalDmn4k6R6lk9RaNbzuNnD0KPVQJqmJCDazsIXsYQyvCF50z8z05Yu48gSMw9fZD0mkdftBrnKtYnDwa7My3esiuTh1MBg6KqGecdzJBcerCY+bKqtnjiJr52WtJsxX4HBSvqrpE=
CN2SqPolVmqOKVFYeRxZYqOe4TzeHEeTmQ89ikLT0m4uQlOzOvHbgfAXghzB9DkHKJjk9+MsEIj1PBl34Qpmii176GGtiCmEG/LYGpyFmdxifxeOTj6hD6RR12D5wnzXxQXvkYja5MHuSG6aL25bc5ICNYfrVSonfmONLQ6r/RXQksE+wX8sCSU2NQ7z5OoNGbwUOLkXOKI1VJ7TWbBFfXpEEeEbysBdy3Ng00cGpBly87pV42ZOxQC0k1JTVOcj9/pdHnOaOYQ3et+bh1MqAf+uig==
VGP5XQDKqueL6cJu9gf8oDT2+FW7pmre2fVRTaACL1wk9Ctiy7Qv0x96da47uqH0TzqHC7/z4tEXrmI=
Bj9p6vFL2LiyMQRmYKi86oYgOMJxdxrhIlhu8h+NTGC8inBoGUKqRpgS5k6WqlKcJY7H9csarmE=
GbT3tI4+Jfgfcbew3J5daZ1V23Bq2Cejqn0Lnd7i/B2+f5H78Tth1Bw77frLsBL6att163BontnAlkB10ATEL/BjMxPRdDDczI0yhvnWXfRBf8Pq2ELVYmJY1qWUhghfmNsn0dzDcSdaQBmreSoiim7lR2bXKuuz3vWnMZADKKzSMr1FIiCNwCHr0dHrEI9d5wQr16IkZJqbnY+aznhc0PjjI+58YZIyg5l0+jyj0WrcnKMd1JRbYA4Re9RrTaEE+g2X5RPvHwhST/Pv/M6wwNhe3bCKeARovshCSMJSCeSP42/Irr8=
kFWwhMy5ZXmx3/QtI8PoCXzrQ7ZGM+6bmdzNgzYC3fg4DmMxeH8JxTWUtxN3FJWBEra9Gsc7eIHI+oc9O5aIVZAX+3KckaFgaqgvgW2zYdUQcRtI0UPvnu9cPBwNttocRKVQXED3utbHoyLhsaw/mmrV92fZXd5CYk2I+Ki2SXZNH6TCg+t9zUyLuFPrIQizq9lm8neyVyfqxUMGMyKVPDxhrzyiVG/PXo4zZPgfn+jT8cwkpy1N0sZRrUOmfyGeMnXEM4w59X4o6cYE9d7VzLHvwZprEmXC/0hRylk34Yv8bcmuvA==
pB9OMK97EVcBWwQ86jKzCL44fRVwWxowFSbPQ5UvioIoA6kb8RG/vBF1f7HyttQfz/gXy4Ov6NiqOJpHhqf5wVs3dOngtj7B2uDZi3nKYuruRQyD0EorE14VZ1GQI2gMUlJ9ZSIATaChS5Hx63BPvWek67eixCQ6G/3Pes5YnHB4A2POfEHS0gM5tNo8Q5EKXDzj/dT0m8CO8bu0a23hpHptV8UTz99o0u+zz/yucCBY/h3QiphEyD6oAqjCcslEDwMv6K6f
7DCSxOXf84HlHobhbOsRoaJhi8Z8dje0YUtkJ7+jWhuH5sXFKF4Szvm18eA8OsEBDHQ/1RTwGaXSu6ZuM/uXupBNFtYocPsOfLocy4re1HDTu7hh5XmVwvL9aj+hJiGAcmwjajQkKrleXE7r1O4pfwyQ63/vIiSAWId3wVD67NEGiAYqp84jQ2oCTbcT9aKXliPlPQaLpcVIElnuGR8kGQ12nf57hFL9IbwsyAF3sFKdFLbDUdCdreLEiTFD6shNozOIY8+mXCkK80Jlm8bGdWh0e0JbdD9zb3rFTit6MZQfunfrD7OScceusg==
0TgjIck7XrFyHYyyIIqV8aJhi8Z8dje0YUtkJ7+jWhuH5sXFKF4Szvm18eA8OsEBDHQ/1RTwGaXVuaZuM/uXupBNF9YocPsOfLocy4re1HDTu7hh5XmVwvL9aj+hJiGAcmwjajQkKrleXE7r1O4pfwyQ63/vIiSAWId3wVD67NEGiAYqp84jQ2oCTbcT9aKXliPlPQaLpcVIElnuGR8kGQ12nf57hFL9IbwsyAF3sFKdFLbDUdCdreLEiTFD6shNozOIY8+mXCkK80Jlm8bGdWh0e0JbdD9zb3rFTit6MZQfunfrD7OScceusg==
/2C6uELGL48viMw5XH6a2qJhi8Z8dje0YUtkJ7+jWhuH5sXFKF4Szvm18eA8OsEBDHQ/1RTwGaXSu6ZuM/uXupBNGNYocPsOfLocy4re1HDTu7hh5XmVwvL9aj+hJiGAcmwjajQkKrleXE7r1O4pfwyQ63/vIiSAWId3wVD67NEGiAYqp84jQ2oCTbcT9aKXliPlPQaLpcVIElnuGR8kGQ12nf57hFL9IbwsyAF3sFKdFLbDUdCdreLEiTFD6shNozOIY8+mXCkK80Jlm8bGdWh0e0JbdD9zb3rFTit6MZQfunfrD7OScceusg==
FfvgvI3VJqc9BWsTyA7HRqJhi8Z8dje0YUtkJ7+jWhuH5sXFKF4Szvm18eA8OsEBDHQ/1RTwGaXVuaZuM/uXupBNGdYocPsOfLocy4re1HDTu7hh5XmVwvL9aj+hJiGAcmwjajQkKrleXE7r1O4pfwyQ63/vIiSAWId3wVD67NEGiAYqp84jQ2oCTbcT9aKXliPlPQaLpcVIElnuGR8kGQ12nf57hFL9IbwsyAF3sFKdFLbDUdCdreLEiTFD6shNozOIY8+mXCkK80Jlm8bGdWh0e0JbdD9zb3rFTit6MZQfunfrD7OScceusg==
jD0rGCWMhy4FtVy3pa9BhqJhi8Z8dje0YUtkJ7+jWhuH5sXFKF4Szvm18eA8OsEBDHQ/1RTwGaXSu6ZuM/uXupBNGtYocPsOfLocy4re1HDTu7hh5XmVwvL9aj+hJiGAcmwjajQkKrleXE7r1O4pfwyQ63/vIiSAWId3wVD67NEGiAYqp84jQ2oCTbcT9aKXliPlPQaLpcVIElnuGR8kGQ12nf57hFL9IbwsyAF3sFKdFLbDUdCdreLEiTFD6shNozOIY8+mXCkK80Jlm8bGdWh0e0JbdD9zb3rFTit6MZQfunfrD7OScceusg==
jV1Hkk+1rqH7KrNcHU1JhaJhi8Z8dje0YUtkJ7+jWhuH5sXFKF4Szvm18eA8OsEBDHQ/1RTwGaXVuaZuM/uXupBNG9YocPsOfLocy4re1HDTu7hh5XmVwvL9aj+hJiGAcmwjajQkKrleXE7r1O4pfwyQ63/vIiSAWId3wVD67NEGiAYqp84jQ2oCTbcT9aKXliPlPQaLpcVIElnuGR8kGQ12nf57hFL9IbwsyAF3sFKdFLbDUdCdreLEiTFD6shNozOIY8+mXCkK80Jlm8bGdWh0e0JbdD9zb3rFTit6MZQfunfrD7OScceusg==
GIZFIR7kVY+nKfm0i/Qg1KJhi8Z8dje0YUtkJ7+jWhuH5sXFKF4Szvm18eA8OsEBDHQ/1RTwGaXSu6ZuM/uXupBNHNYocPsOfLocy4re1HDTu7hh5XmVwvL9aj+hJiGAcmwjajQkKrleXE7r1O4pfwyQ63/vIiSAWId3wVD67NEGiAYqp84jQ2oCTbcT9aKXliPlPQaLpcVIElnuGR8kGQ12nf57hFL9IbwsyAF3sFKdFLbDUdCdreLEiTFD6shNozOIY8+mXCkK80Jlm8bGdWh0e0JbdD9zb3rFTit6MZQfunfrD7OScceusg==
eOIWMW8S2UpUa1jx8xTY0qJhi8Z8dje0YUtkJ7+jWhuH5sXFKF4Szvm18eA8OsEBDHQ/1RTwGaXVuaZuM/uXupBNHdYocPsOfLocy4re1HDTu7hh5XmVwvL9aj+hJiGAcmwjajQkKrleXE7r1O4pfwyQ63/vIiSAWId3wVD67NEGiAYqp84jQ2oCTbcT9aKXliPlPQaLpcVIElnuGR8kGQ12nf57hFL9IbwsyAF3sFKdFLbDUdCdreLEiTFD6shNozOIY8+mXCkK80Jlm8bGdWh0e0JbdD9zb3rFTit6MZQfunfrD7OScceusg==
bCxQi0beycm4zZrR3RhEKaJhi8Z8dje0YUtkJ7+jWhuH5sXFKF4Szvm18eA8OsEBDHQ/1RTwGaXSu6ZuM/uXupBNHtYocPsOfLocy4re1HDTu7hh5XmVwvL9aj+hJiGAcmwjajQkKrleXE7r1O4pfwyQ63/vIiSAWId3wVD67NEGiAYqp84jQ2oCTbcT9aKXliPlPQaLpcVIElnuGR8kGQ12nf57hFL9IbwsyAF3sFKdFLbDUdCdreLEiTFD6shNozOIY8+mXCkK80Jlm8bGdWh0e0JbdD9zb3rFTit6MZQfunfrD7OScceusg==
vM8Sr9AqeqK+gZru6Cuc2KJhi8Z8dje0YUtkJ7+jWhuH5sXFKF4Szvm18eA8OsEBDHQ/1RTwGaXVuaZuM/uXupBNH9YocPsOfLocy4re1HDTu7hh5XmVwvL9aj+hJiGAcmwjajQkKrleXE7r1O4pfwyQ63/vIiSAWId3wVD67NEGiAYqp84jQ2oCTbcT9aKXliPlPQaLpcVIElnuGR8kGQ12nf57hFL9IbwsyAF3sFKdFLbDUdCdreLEiTFD6shNozOIY8+mXCkK80Jlm8bGdWh0e0JbdD9zb3rFTit6MZQfunfrD7OScceusg==
EAwjAk3L9tPC2wbkd/vgmKJhi8Z8dje0YUtkJ7+jWhuH5sXFKF4Szvm18eA8OsEBDHQ/1RTwGaXSu6ZuM/uXupBNFtcocPsOfLocy4re1HDTu7hh5XmVwvL9aj+hJiGAcmwjajQkKrleXE7r1O4pfwyQ63/vIiSAWId3wVD67NEGiAYqp84jQ2oCTbcT9aKXliPlPQaLpcVIElnuGR8kGQ12nf57hFL9IbwsyAF3sFKdFLbDUdCdreLEiTFD6shNozOIY8+mXCkK80Jlm8bGdWh0e0JbdD9zb3rFTit6MZQfunfrD7OScceusg==
LYl2BOhvVL0M34B4eABGHqJhi8Z8dje0YUtkJ7+jWhuH5sXFKF4Szvm18eA8OsEBDHQ/1RTwGaXVuaZuM/uXupBNF9cocPsOfLocy4re1HDTu7hh5XmVwvL9aj+hJiGAcmwjajQkKrleXE7r1O4pfwyQ63/vIiSAWId3wVD67NEGiAYqp84jQ2oCTbcT9aKXliPlPQaLpcVIElnuGR8kGQ12nf57hFL9IbwsyAF3sFKdFLbDUdCdreLEiTFD6shNozOIY8+mXCkK80Jlm8bGdWh0e0JbdD9zb3rFTit6MZQfunfrD7OScceusg==
MwBJ0z9h0LFd3JLxOvgRa6Jhi8Z8dje0YUtkJ7+jWhuH5sXFKF4Szvm18eA8OsEBDHQ/1RTwGaXSu6ZuM/uXupBNGNcocPsOfLocy4re1HDTu7hh5XmVwvL9aj+hJiGAcmwjajQkKrleXE7r1O4pfwyQ63/vIiSAWId3wVD67NEGiAYqp84jQ2oCTbcT9aKXliPlPQaLpcVIElnuGR8kGQ12nf57hFL9IbwsyAF3sFKdFLbDUdCdreLEiTFD6shNozOIY8+mXCkK80Jlm8bGdWh0e0JbdD9zb3rFTit6MZQfunfrD7OScceusg==
SRZP2uG4cCk/WWjm7PDBcKJhi8Z8dje0YUtkJ7+jWhuH5sXFKF4Szvm18eA8OsEBDHQ/1RTwGaXVuaZuM/uXupBNGdcocPsOfLocy4re1HDTu7hh5XmVwvL9aj+hJiGAcmwjajQkKrleXE7r1O4pfwyQ63/vIiSAWId3wVD67NEGiAYqp84jQ2oCTbcT9aKXliPlPQaLpcVIElnuGR8kGQ12nf57hFL9IbwsyAF3sFKdFLbDUdCdreLEiTFD6shNozOIY8+mXCkK80Jlm8bGdWh0e0JbdD9zb3rFTit6MZQfunfrD7OScceusg==
TQHRGxGQZEG6xolvYEPyi6Jhi8Z8dje0YUtkJ7+jWhuH5sXFKF4Szvm18eA8OsEBDHQ/1RTwGaXSu6ZuM/uXupBNGtcocPsOfLocy4re1HDTu7hh5XmVwvL9aj+hJiGAcmwjajQkKrleXE7r1O4pfwyQ63/vIiSAWId3wVD67NEGiAYqp84jQ2oCTbcT9aKXliPlPQaLpcVIElnuGR8kGQ12nf57hFL9IbwsyAF3sFKdFLbDUdCdreLEiTFD6shNozOIY8+mXCkK80Jlm8bGdWh0e0JbdD9zb3rFTit6MZQfunfrD7OScceusg==
SJOgSrU8v2zoeQex8joPsqJhi8Z8dje0YUtkJ7+jWhuH5sXFKF4Szvm18eA8OsEBDHQ/1RTwGaXVuaZuM/uXupBNG9cocPsOfLocy4re1HDTu7hh5XmVwvL9aj+hJiGAcmwjajQkKrleXE7r1O4pfwyQ63/vIiSAWId3wVD67NEGiAYqp84jQ2oCTbcT9aKXliPlPQaLpcVIElnuGR8kGQ12nf57hFL9IbwsyAF3sFKdFLbDUdCdreLEiTFD6shNozOIY8+mXCkK80Jlm8bGdWh0e0JbdD9zb3rFTit6MZQfunfrD7OScceusg==
ZSTYbnqhKD8PBh/JmPV36aJhi8Z8dje0YUtkJ7+jWhuH5sXFKF4Szvm18eA8OsEBDHQ/1RTwGaXSu6ZuM/uXupBNHNcocPsOfLocy4re1HDTu7hh5XmVwvL9aj+hJiGAcmwjajQkKrleXE7r1O4pfwyQ63/vIiSAWId3wVD67NEGiAYqp84jQ2oCTbcT9aKXliPlPQaLpcVIElnuGR8kGQ12nf57hFL9IbwsyAF3sFKdFLbDUdCdreLEiTFD6shNozOIY8+mXCkK80Jlm8bGdWh0e0JbdD9zb3rFTit6MZQfunfrD7OScceusg==
7OFUgNFvOvY4SUcmjKCLpaJhi8Z8dje0YUtkJ7+jWhuH5sXFKF4Szvm18eA8OsEBDHQ/1RTwGaXVuaZuM/uXupBNHdcocPsOfLocy4re1HDTu7hh5XmVwvL9aj+hJiGAcmwjajQkKrleXE7r1O4pfwyQ63/vIiSAWId3wVD67NEGiAYqp84jQ2oCTbcT9aKXliPlPQaLpcVIElnuGR8kGQ12nf57hFL9IbwsyAF3sFKdFLbDUdCdreLEiTFD6shNozOIY8+mXCkK80Jlm8bGdWh0e0JbdD9zb3rFTit6MZQfunfrD7OScceusg==
NUMix52AXEfhdEc3fmXxIqJhi8Z8dje0YUtkJ7+jWhuH5sXFKF4Szvm18eA8OsEBDHQ/1RTwGaXSu6ZuM/uXupBNHtcocPsOfLocy4re1HDTu7hh5XmVwvL9aj+hJiGAcmwjajQkKrleXE7r1O4pfwyQ63/vIiSAWId3wVD67NEGiAYqp84jQ2oCTbcT9aKXliPlPQaLpcVIElnuGR8kGQ12nf57hFL9IbwsyAF3sFKdFLbDUdCdreLEiTFD6shNozOIY8+mXCkK80Jlm8bGdWh0e0JbdD9zb3rFTit6MZQfunfrD7OScceusg==
5xXIyQi6LOabw39iJmizlKJhi8Z8dje0YUtkJ7+jWhuH5sXFKF4Szvm18eA8OsEBDHQ/1RTwGaXVuaZuM/uXupBNH9cocPsOfLocy4re1HDTu7hh5XmVwvL9aj+hJiGAcmwjajQkKrleXE7r1O4pfwyQ63/vIiSAWId3wVD67NEGiAYqp84jQ2oCTbcT9aKXliPlPQaLpcVIElnuGR8kGQ12nf57hFL9IbwsyAF3sFKdFLbDUdCdreLEiTFD6shNozOIY8+mXCkK80Jlm8bGdWh0e0JbdD9zb3rFTit6MZQfunfrD7OScceusg==
Emix/4bVSxnX776D3AazhKJhi8Z8dje0YUtkJ7+jWhuH5sXFKF4Szvm18eA8OsEBDHQ/1RTwGaXSu6ZuM/uXupBNFtgocPsOfLocy4re1HDTu7hh5XmVwvL9aj+hJiGAcmwjajQkKrleXE7r1O4pfwyQ63/vIiSAWId3wVD67NEGiAYqp84jQ2oCTbcT9aKXliPlPQaLpcVIElnuGR8kGQ12nf57hFL9IbwsyAF3sFKdFLbDUdCdreLEiTFD6shNozOIY8+mXCkK80Jlm8bGdWh0e0JbdD9zb3rFTit6MZQfunfrD7OScceusg==
Yy9hwH+VUkqY78nSA30hPqJhi8Z8dje0YUtkJ7+jWhuH5sXFKF4Szvm18eA8OsEBDHQ/1RTwGaXVuaZuM/uXupBNF9gocPsOfLocy4re1HDTu7hh5XmVwvL9aj+hJiGAcmwjajQkKrleXE7r1O4pfwyQ63/vIiSAWId3wVD67NEGiAYqp84jQ2oCTbcT9aKXliPlPQaLpcVIElnuGR8kGQ12nf57hFL9IbwsyAF3sFKdFLbDUdCdreLEiTFD6shNozOIY8+mXCkK80Jlm8bGdWh0e0JbdD9zb3rFTit6MZQfunfrD7OScceusg==
bCKa4gTvYwdidwDG6HGEhv1QNKC5CVFI8w62no00/tEEP0yDMZyk467BNvP9Bhu9jmQGdgJFINCDcK+u4zoX327gPgdMEBf9F8RAN7G7fg/kl0kEwOUd6wLPJD3iRyd9FDbrOLW6TbQm/2s1Dc+FKkJQxl1UPpjX+JMXydzbQW86yIkTudIygk6tN/5Xsht7/v23SdC7uCQy+o1dIji9CMFjQWmraJ9Vx8zbTyK8FNK7lZ9iDsDMWJirE/Z8eaJ64xHkQvxbwWL81NOFVAyrqC4Za6wr9TGMGsWn/RP3L8Cyx2NXvLagyPiWLSgK4HQgnsBSsALqmWzvq1/Qrqc=
K2QbTghbIq9kfBNICGfwn6Jhi8Z8dje0YUtkJ7+jWhuH5sXFKF4Szvm18eA8OsEBDHQ/1RTwGaXVuaZuM/uXupBNGNgocPsOfLocy4re1HDTu7hh5XmVwvL9aj+hJiGAcmwjajQkKrleXE7r1O4pfwyQ63/vIiSAWId3wVD67NEGiAYqp84jQ2oCTbcT9aKXliPlPQaLpcVIElnuGR8kGQ12nf57hFL9IbwsyAF3sFKdFLbDUdCdreLEiTFD6shNozOIY8+mXCkK80Jlm8bGdWh0e0JbdD9zb3rFTit6MZQfunfrD7OScceusg==
gnqopVlHd3p9PLbcyXPteOf9eiUV+BpZJkQTQrFZRWksvp1WN3ZS59ZVDYZfbibgh3qMc7anrxIZxCecVhqWQdqXOiTlh0ScMaVDk2ZT1rPQu9aWf5oF5AHOTulvBy0heeCa9nLfxED0jbClM9vc1V1FAo7dcclMvjjme/MMt5wnceabwwuABRS+ugxpj+J24WK5ZVVLm7ZTry9aX/2C0miY47OrYB4+IIJQHbdk/Pc+0FvXMKAMRc1Y1IKX9zSiFyK2/59u+8sdlhKzw69TOfMqSkH39Qzo7LKQgCkaKg6I6kZm5jKSlPU2p517wq6p
jdK2q+duz93NKDUGPlm+yf1QNKC5CVFI8w62no00/tEEP0yDMZyk467BNvP9Bhu9jmQGdgJFINCDcK+u4zoX327gPgdMEBf9F8RAN7G3fw3mlkkPweUd6wLPJD3iRyd9FDbrOLW6TbQm/2s1Dc+FKkJQxl1UPpjX+JMXydzbQW86yIkTudIygk6tN/5Xsht7/v23SdC7uCQy+o1dIji9CMFjQWmraJ9Vx8zbTyK8FNK7lZ9iDsDMWJirE/Z8eaJ64xHkQvxbwWL81NOFVAyrqC4Za6wr9TGMGsWn/RP3L8Cyx2NXvLagyPiWLSgK4HQgnsBSsALqmWzvq1/Qrqc=
gnqopVlHd3p9PLbcyXPteOf9eiUV+BpZJkQTQrFZRWksvp1WN3ZS59ZVDYZfbibgh3qMc7anrxIZxCecVhqWQdqXOiTlh0ScMaVDk2ZT1rPQu9aWf5oF5AHOTulvBy0heeCa9nLfxED0jbClM9vc1V1FAo7dcclMvjjme/MMt5wnceabwwuABRS+ugxpj+J24WK5ZVVLm7ZTry9aX/2C0miY47OrYB4+IIJQHbdk/Pc+0FvXMKAMRc1Y1IKX9zSiFyK2/59u+8sdlhKzw69TOfMqSkH39Qzo7LKQgCkaKg6I6kZm5jKSlPU2p517wq6p
lsxFRlKDui8GGpd+frbPm2fPLwiXzGJ7asw2maiyVZm0eA976Fm93ombt0SAkR9TtdwoXzdGX2aFzSHzsqj80FyiPvLOh8zNL8cSkPt8Q4/5E2e7+j0K9wTuKsLeAuaF2rCbRZMdA/cLmkrdhr1eF73WzVjGzLcSWHQWkUpcWsPovkUHmDFLqB3SOKFtxwOpzEpACfJoEhKLnl8r/oLZX+8ljq+CQ5Flqjs5LbzSbcYFb0hBudYJBpdUbtU1vDjgPadcqgm0Aps9oIGF1gR92d9aZBXXU5xb43agwZ5z1g3nlupNfJSPmvfEoxsbOvFmN4rdTKsa45Nj465Z066m
gnqopVlHd3p9PLbcyXPteOf9eiUV+BpZJkQTQrFZRWksvp1WN3ZS59ZVDYZfbibgh3qMc7anrxIZxCecVhqWQdqXOiTlh0ScMaVDk2ZT1rPQu9aWf5oF5AHOTulvBy0heeCa9nLfxED0jbClM9vc1V1FAo7dcclMvjjme/MMt5wnceabwwuABRS+ugxpj+J24WK5ZVVLm7ZTry9aX/2C0miY47OrYB4+IIJQHbdk/Pc+0FvXMKAMRc1Y1IKX9zSiFyK2/59u+8sdlhKzw69TOfMqSkH39Qzo7LKQgCkaKg6I6kZm5jKSlPU2p517wq6p
iSt8C8SzbVNGUP45+4oxRGfPLwiXzGJ7asw2maiyVZm0eA976Fm93ombt0SAkR9TtdwoXzdGX2aFzSHzsqj80FyiPvLOh8zNL8cSkPt4RoXzEmW+/j0J9wTuKsLeAuaF2rCbRZMdA/cLmkrdhr1eF73WzVjGzLcSWHQWkUpcWsPovkUHmDFLqB3SOKFtxwOpzEpACfJoEhKLnl8r/oLZX+8ljq+CQ5Flqjs5LbzSbcYFb0hBudYJBpdUbtU1vDjgPadcqgm0Aps9oIGF1gR92d9aZBXXU5xb43agwZ5z1g3nlupNfJSPmvfEoxsbOvFmN4rdTKsa45Nj465Z066m
gnqopVlHd3p9PLbcyXPteOf9eiUV+BpZJkQTQrFZRWksvp1WN3ZS59ZVDYZfbibgh3qMc7anrxIZxCecVhqWQdqXOiTlh0ScMaVDk2ZT1rPQu9aWf5oF5AHOTulvBy0heeCa9nLfxED0jbClM9vc1V1FAo7dcclMvjjme/MMt5wnceabwwuABRS+ugxpj+J24WK5ZVVLm7ZTry9aX/2C0miY47OrYB4+IIJQHbdk/Pc+0FvXMKAMRc1Y1IKX9zSiFyK2/59u+8sdlhKzw69TOfMqSkH39Qzo7LKQgCkaKg6I6kZm5jKSlPU2p517wq6p
Tvq4JFJ/AOKn4CqyIoQk2f1QNKC5CVFI8w62no00/tEEP0yDMZyk467BNvP9Bhu9jmQGdgJFINCDcK+u4zoX327gPgdMEBf9F8RAN7GzfA3imEUFwesd6wLPJD3iRyd9FDbrOLW6TbQm/2s1Dc+FKkJQxl1UPpjX+JMXydzbQW86yIkTudIygk6tN/5Xsht7/v23SdC7uCQy+o1dIji9CMFjQWmraJ9Vx8zbTyK8FNK7lZ9iDsDMWJirE/Z8eaJ64xHkQvxbwWL81NOFVAyrqC4Za6wr9TGMGsWn/RP3L8Cyx2NXvLagyPiWLSgK4HQgnsBSsALqmWzvq1/Qrqc=
gnqopVlHd3p9PLbcyXPteOf9eiUV+BpZJkQTQrFZRWksvp1WN3ZS59ZVDYZfbibgh3qMc7anrxIZxCecVhqWQdqXOiTlh0ScMaVDk2ZT1rPQu9aWf5oF5AHOTulvBy0heeCa9nLfxED0jbClM9vc1V1FAo7dcclMvjjme/MMt5wnceabwwuABRS+ugxpj+J24WK5ZVVLm7ZTry9aX/2C0miY47OrYB4+IIJQHbdk/Pc+0FvXMKAMRc1Y1IKX9zSiFyK2/59u+8sdlhKzw69TOfMqSkH39Qzo7LKQgCkaKg6I6kZm5jKSlPU2p517wq6p
GTP4IzUc/3OOiYF2nhgVlmfPLwiXzGJ7asw2maiyVZm0eA976Fm93ombt0SAkR9TtdwoXzdGX2aFzSHzsqj80FyiPvLOh8zNL8cSkPt6R4T+E2O//T0J9wTuKsLeAuaF2rCbRZMdA/cLmkrdhr1eF73WzVjGzLcSWHQWkUpcWsPovkUHmDFLqB3SOKFtxwOpzEpACfJoEhKLnl8r/oLZX+8ljq+CQ5Flqjs5LbzSbcYFb0hBudYJBpdUbtU1vDjgPadcqgm0Aps9oIGF1gR92d9aZBXXU5xb43agwZ5z1g3nlupNfJSPmvfEoxsbOvFmN4rdTKsa45Nj465Z066m
gnqopVlHd3p9PLbcyXPteOf9eiUV+BpZJkQTQrFZRWksvp1WN3ZS59ZVDYZfbibgh3qMc7anrxIZxCecVhqWQdqXOiTlh0ScMaVDk2ZT1rPQu9aWf5oF5AHOTulvBy0heeCa9nLfxED0jbClM9vc1V1FAo7dcclMvjjme/MMt5wnceabwwuABRS+ugxpj+J24WK5ZVVLm7ZTry9aX/2C0miY47OrYB4+IIJQHbdk/Pc+0FvXMKAMRc1Y1IKX9zSiFyK2/59u+8sdlhKzw69TOfMqSkH39Qzo7LKQgCkaKg6I6kZm5jKSlPU2p517wq6p
OCIWLgOU1B0YUj4XGUCz5mfPLwiXzGJ7asw2maiyVZm0eA976Fm93ombt0SAkR9TtdwoXzdGX2aFzSHzsqj80FyiPvLOh8zNL8cSkPt+R476HWu9+zQK9wTuKsLeAuaF2rCbRZMdA/cLmkrdhr1eF73WzVjGzLcSWHQWkUpcWsPovkUHmDFLqB3SOKFtxwOpzEpACfJoEhKLnl8r/oLZX+8ljq+CQ5Flqjs5LbzSbcYFb0hBudYJBpdUbtU1vDjgPadcqgm0Aps9oIGF1gR92d9aZBXXU5xb43agwZ5z1g3nlupNfJSPmvfEoxsbOvFmN4rdTKsa45Nj465Z066m
gnqopVlHd3p9PLbcyXPteOf9eiUV+BpZJkQTQrFZRWksvp1WN3ZS59ZVDYZfbibgh3qMc7anrxIZxCecVhqWQdqXOiTlh0ScMaVDk2ZT1rPQu9aWf5oF5AHOTulvBy0heeCa9nLfxED0jbClM9vc1V1FAo7dcclMvjjme/MMt5wnceabwwuABRS+ugxpj+J24WK5ZVVLm7ZTry9aX/2C0miY47OrYB4+IIJQHbdk/Pc+0FvXMKAMRc1Y1IKX9zSiFyK2/59u+8sdlhKzw69TOfMqSkH39Qzo7LKQgCkaKg6I6kZm5jKSlPU2p517wq6p
xz9Bl7ozRopgvI8P0o6oOf1QNKC5CVFI8w62no00/tEEP0yDMZyk467BNvP9Bhu9jmQGdgJFINCDcK+u4zoX327gPgdMEBf9F8RAN7GweQnknEMBx+sd6wLPJD3iRyd9FDbrOLW6TbQm/2s1Dc+FKkJQxl1UPpjX+JMXydzbQW86yIkTudIygk6tN/5Xsht7/v23SdC7uCQy+o1dIji9CMFjQWmraJ9Vx8zbTyK8FNK7lZ9iDsDMWJirE/Z8eaJ64xHkQvxbwWL81NOFVAyrqC4Za6wr9TGMGsWn/RP3L8Cyx2NXvLagyPiWLSgK4HQgnsBSsALqmWzvq1/Qrqc=
gnqopVlHd3p9PLbcyXPteOf9eiUV+BpZJkQTQrFZRWksvp1WN3ZS59ZVDYZfbibgh3qMc7anrxIZxCecVhqWQdqXOiTlh0ScMaVDk2ZT1rPQu9aWf5oF5AHOTulvBy0heeCa9nLfxED0jbClM9vc1V1FAo7dcclMvjjme/MMt5wnceabwwuABRS+ugxpj+J24WK5ZVVLm7ZTry9aX/2C0miY47OrYB4+IIJQHbdk/Pc+0FvXMKAMRc1Y1IKX9zSiFyK2/59u+8sdlhKzw69TOfMqSkH39Qzo7LKQgCkaKg6I6kZm5jKSlPU2p517wq6p
+XRCjfeuvgluBlYjwY5BzP1QNKC5CVFI8w62no00/tEEP0yDMZyk467BNvP9Bhu9jmQGdgJFINCDcK+u4zoX327gPgdMEBf9F8RAN7GyegnlmUYPw+Yd6wLPJD3iRyd9FDbrOLW6TbQm/2s1Dc+FKkJQxl1UPpjX+JMXydzbQW86yIkTudIygk6tN/5Xsht7/v23SdC7uCQy+o1dIji9CMFjQWmraJ9Vx8zbTyK8FNK7lZ9iDsDMWJirE/Z8eaJ64xHkQvxbwWL81NOFVAyrqC4Za6wr9TGMGsWn/RP3L8Cyx2NXvLagyPiWLSgK4HQgnsBSsALqmWzvq1/Qrqc=
gnqopVlHd3p9PLbcyXPteOf9eiUV+BpZJkQTQrFZRWksvp1WN3ZS59ZVDYZfbibgh3qMc7anrxIZxCecVhqWQdqXOiTlh0ScMaVDk2ZT1rPQu9aWf5oF5AHOTulvBy0heeCa9nLfxED0jbClM9vc1V1FAo7dcclMvjjme/MMt5wnceabwwuABRS+ugxpj+J24WK5ZVVLm7ZTry9aX/2C0miY47OrYB4+IIJQHbdk/Pc+0FvXMKAMRc1Y1IKX9zSiFyK2/59u+8sdlhKzw69TOfMqSkH39Qzo7LKQgCkaKg6I6kZm5jKSlPU2p517wq6p
ef0EG6f8RhV6Wt4J4nXBTekdQS9MpS6nEpYxqw1RZfARCKuOzc0IPIrd2228jekUzqTsZF0tsKopxybPXlTgv2YNZjDfS8skIDuvNMXf6MDxn3IqRb2CZNx0kzhoPMZm2CKl5EV6t//uzY8G/WmQuR2Tf9yJSdvC86w/80duP2/kvbqcZULVqUt3QZ2zgK0NTcza8s+YlSK99ieMTpZfj9rOJFpVJS5w2cJR8c5Rb/VRBnqRPIkMCkN0/I1L3fCPKGFCf77FAqBuSfGzKzlni+VR0oaajftbMMNAF28IGwJlg6REQa8ewecxVxVt55guH03OCw2soqXITlHQ3qmyUMWxwLw6/JKTJjMxxQvT3L3g4pYliuQRH9gKZTB+ISaYk96Dd07R74WwN6CIArZVMaJUZUTxz1nly6THeXfAQyPi0AxeiznHrm7MVHQo58uafBV6NlM9fE6cl5nOzFjL6ZRgM6SeNTNgS3kpICqJf5GTm/eMgmt729x6+ORImrVFyoxsrK5sCnxi5gFAX+eHvK7L
QEjkSxyIQ4zBmDqNFkbLSGh/rzKfm+uNBKfL/g7cCaorPBT+2ELDgpaWkVjDsj6EL1Ik/pfcH6E01a4n+FzUT2TA5nHgcxOzKOn5yBT5RZEUIgWx2DxjmU5QyaQrNdmMh1wTaLVbfcn5NUJmQjmXicI6XL00EbU1mikPq9N5MoO1BTq0imRlSWG3tGOYV6yni6cITcvU+9Orh8+F6UGtam2FuqqZGoOZ5mwNkQ2nIHo6BVCx4dQ4QBq+h9vLegzPRgoauBbcxlImoP0G5idC/3ItziWWHE/G/ql2yBxmdgszAfdVlNpdTawc/O8+YQSZzLJLP2og4jH/0OgQsZeRmvIIhRUGnsWWX3AOjlyndJ9YVjhgZRisFleDcmCVg5HaWnwtYwk9LgKSLXh4eNbZNl2/FMIzS20N3Gvo05vBeHPbOTbyJxJn51rlc4bjAgV8LAFfPFI0f4/OruPkyD8vKONRnCT3zT0StrHdw/afsV4i1XQzPJnlPriJFoQFviWMQY8QmruyVYJPaGFKCRdxS+yNua7M
GztnTjdPjiW+db5dpW3AvY3I6O7gGZlLNeYImtQVMz/nvFu2mV3qJGxl8iCq1cVTSdcotPym5cRkPN3l/R3it0jgf09dtovZnDkqAP5Q9R0dO9J27Kmc2zlFcf9/YhDRqyqdHQR2cSWG5C2vnoKMPjfG0F6KsPg4scqNyMt5HmfLWOVrvM/dactSIZsH5OOm280/zLP5hOducm0w6W/7HcUDa8LBO032rrwnCglEbTwD8nZ0k9l6VLD0HRfSdqnolS9W08MDEXxOnxTbUKzT/pgzs//8mci7FhE2N77mXqP1rXP7iz1l6yZI8p/nvWCJ5OnXalfURZmwaokdYkcXmxNLdeW0WN+3eoWlfn6D2ES17qYLPsal6xRSMo6uVZZZtVvTkbCL4Njia2J2jXkIwEFORsPqzjNEF9kG4xODwB1kVpo0+cfiLlFK2Z0FQ1suo8eP4k81AgpYMAPLe+heJlBqcCUnLPyvjvg7L2CozN09MHQ6hz+0eieKVodP5rvTbX4yi1PnU2FDAiq5p/3McBzaMDg506rWuEKmHja60oyF3oel64qu8Q==
mZ/Rcst0x2XvhnerW5f6f5C8RlGWCor88aJ64jlB1J23KTOod1PeMeqmsXOmNUpAlsNlvS1xTCNc3kdfb/7aap7zAOGi6xgjLztcxLuY911kt+C+ywL2LCprFoVKKbWomHHh4dDaObHkxKfp6thFxGf9/ZyDRM8o6cP5WZ39jkZOMXO5hoKgPUipcQX+IQOLnzHWEzGd5nTWfGFZRf94gxTfCFfP3zRN96y/Iw8PQ2UlCYl6aZ3makWCBwkCJEGxAa9ESv69LDEdbHxw/raL+weyaF/Ckkb4ysTCQgJosWZqr+aPttXyJarki7ZaIfqoUK5SGzcZKxXIQtndyNQwzzJp4KmICre/FpgmAZvY5DD933UKdpBZ1VqGwYZ7OMJu0C/QbxwuBGBZYOjm8wv+gFnLtcpeZHGj1aWqknZlNFh03r0GmQdoQs/zKT04Y+TzVwkc41+harL7CmP3fi0/5m+KoQzo+WM8bsy7/2omb4SE9ws450lAZKtVuYLSeRHj+pdVbmZtiLNAISEO3IEapEn2wRzFF8xa56pRkmsgraqFn9W7qPWFrvA=
mZ/Rcst0x2XvhnerW5f6f5C8RlGWCor88aJ64jlB1J23KTOod1PeMeqmsXOmNUpAlsNlvS1xTCNc3kdfb/7aap7zAOGi6xgjLztcxLuY911kt+C+ywL2LCprFoVKKbWomHHh4dDaObHkxKfp6thFxGf9/ZyDRM8o6cP5WZ39jkZOMXO5hoKgPUipcQX+IQOLnzHWEzGd5nTWfGFZRf94gxTfCFfP3zRN96y/Iw8PQ2UlCYl6aZ3makWCBwkCJEGxAa9ESv69LDEdbHxw/raL+weyaF/Ckkb4ysTCQgJosWZqr+aPttXyJarki7ZaIfqoUK5SGzcZKxXIQtndyNQwzzJp4KmICre/FpgmAZvY5DD933UKdpBZ1VqGwYZ7OMJu0C/QbxwuBGBZYOjm8wv+gFnLtcpeZHGj1aWqknZlNFh03r0GmQdoQs/zKT04Y+TzVwkc41+harL7CmP3fi0/5m+KoQzo+WM8bsy7/2omb4SE9ws450lAZKtVuYLSeRHj+pdVbmZtiLNAISEO3IEapEn2wRzFF8xa56pRkmsgraqFn9W7qPWFrvA=
pWi56QApOjJa6E2KXNSq4/5967+zPm86NWoIbOFglJyX+qZ52P2tafN0qfmoXuYbXEyko7lMm6tApZDNc8/YHu9SD0B69goTNtKHvtAHDWkS3khG0ZVaP4w5draPMVKoATG8lIP0AdHrhIVI+UjfD78BS1Ho9si95SEg7hb9fsVXHegtBbv5HQBLd1FQFGDw58HTUx4z0pNej+mzAk3BwJn7WUOF1UOlH+LvEVAK805BUdQIJ4EHo1JS2NEa8asA2uhoOg1LYR6+B4RecJj8yMRaFETXVqzjsFcQuUSlHIgtbgxtPJg2gkQDMRUddf6On4UeeFZ/tOV2MS5mAX8g9AAZjdTiAJvzo1IwXO+17ApHHu2UpN4WY4a3OkIyYG8Mzj6lRzgwP2cjUtjox8NjaezKoElSaHLSqx6/a16CeZ+Ppa7vYkMxpcq7GW1c0s0GZe9oAVnWqcb31E6V1bzYoB0nPGqptOLbHSDhRXYEnZn/2gTVd1N8G8P2wAE+c3ZNBxbKjRyUL9oXRIPbejpRJtcK/YzLGkPTg2OOmbOuxg==
DpzwCqjXMGUN75qdWywZ/8vM6Du3WBEDCobSHDD2BMrf8KqqAh84NVEpaw0zcTTWfLB5nBp3LxTEmwdRgNdCcduGfK4hVKXDD3+jRQrZWhjVq+DE8Zt6XlWJaoD8EPsMuMgOIphmbRCVzt+bTilnsm0dGD2dF/eoGf0zJlPIV0eXmvcrpPlyaLV2vc1rk6mpo/SlCU3I0obfrH3GnZJPuJ5il8uaiuyuhZFGFHkmuUVeJedx0YLy5aw95O7jEJQ5myk4y2gliotu8WrETq0ZhztNb4/lVdryirkTvxCnKCO//NNGJcdssJEbdqVH1b+h/ZMQqp/JRn+dGEpBaCo5ZA5dehSF9QhI6sj69wbX2fEbp9S54OaeUZrQ+fv4bg0ErtXu3NOaS4OeZYfhENNIPJLC3bUi0O0wYXuxAWvAr82nNItnopTEqlsNr8pOKLxAOJPDnnwRckJDCZSqvPPx+hysA63UJPtQToFbBOudwZS6/fcVEx9/+BLfkz98HpBQmG59AYrIpFh+WGIYQgLpdE+Tj7iuzw==
s2PlSEvL6br8HYBm9ukVV1FGMdc+5mDc+eRQFIbhfjcMhdtOU70ePEZFLHykjmBEMXXq+iO2VsIePvLA/coXmSNurh0=
OM23UxNK/40hiwxSRiv4bB+uc/tIdCC7oi1e1YGxc7/9P09szyysZLHmSTydZ6bazxmJcuMwFerd790bkCVtrhg=
w4nZMhgsWA54oCG1FvkzXTT2+FW7pmre2fVRTaACL1wk9Ctiy7Qv0xx6da07uqH0TzqHC7/z4tEXrmI=
1BMqkseAcUas4qp2MICEooYgOMJxdxrhIlhu8h+NTGC8inBoGUGqRpsS5k6WqlKcJY7H9csarmE=
O2QZgnSZEhhFbZfI4jZ0Ymh/rzKfm+uNBKfL/g7cCaorPBT+2ELDgpaWkVjDsj6EL1Ik/pfcH6E01a4n+VzUT2TA5nHgcxOzKOn5yBT5RZEUIgWx2DxjmU5QyaQrNdmMh1wTaLVbfcn5NUJmQjmXicI6XL00EbU1mikPq9N5MoO1BTq0imRlSWG3tGOYV6yni6cITcvU+9Orh8+F6UGtam2FuqqZGoOZ5mwNkQ2nIHo6BVCx4dQ4QBq+h9vLegzPRgoauBbcxlImoP0G5idC/3ItziWWHE/G/ql2yBxmdgszAfdVlNpdTawc/O8+YQSZzLJLP2og4jH/0OgQsZeRmvIIhRUGnsWWX3AOjlyndJ9YVjhgZRisFleDcmCVg5HaWnwtYwk9LgKSLXh4eNbZNl2/FMIzS20N3Gvo05vBeHPbOTbyJxJn51rlc4bjAgV8LAFfPFI0f4/OruPkyD8vKONRnCT3zT0StrHdw/afsV4i1XQzPJnlPriJFoQFviWMQY8RmruxVYJPaGFKCRdxS+yNua7M
foE+NR1yCOUu0L9BHbYA5wlfU3p/bRA752TNwZm/vX/vjhIewxRuZPVWJdxAdQBXSXt0N9U3Q1r+O1CcJJGmzZwdqmybf2rcyJHOL12L5jW3uLolqyl6vosxVqANIaCMZ9Rl6Re0yQA9iJtHc/H3KUwWbCV5saxmkn36TduNdLWh213lvDs7mZRUJDgr8a9r+hO2i0Kf5bsGTcXIletFW+H1p51j0iPZFEo3hg0haPCD4aM7zsJUWZ5xL4hWePSiqavFZgL3SBY0WDiAiGrofLN2SPusRxyxQKUYgCF+EHXYuFK6uDN9Xdm1usZTdaIA8p8Qfeqhou6F/6R8jIkRTEZgPwsfInyUK/WowosukaxA/nJ7mqc2SjZgawTCLrlfXBDbX19iFCCDg6ehoLocsfYI1ko3jjPj2gL9FwM1MnfGo5XddkvVJRgSCU4p35Q5PfZN3uvEQp3RvNyoETcgck2UhuPhEK0NssTZ0TMquK3Ts9iDX2ZMibrz8sWLhlYVuPSLIqs0zxO/ehXtGzqBtC86J8ufc4KRt67C
CWMHy6W8Xe+FkkFJr+ANFFqx+kifPJNZyHKlMnTwpCs591BZNwyE/dZyuDP8LnCgWH4dWooYR0g+KAIowvLJxA+DL2iuHw==
D38EDHNHJ4AIPU3her+ZsTJLq6V5/6zTIq/IdBz90x/u+8CBmQzgubWCksdEl8wpETp7lza9xyZ3+umsEClLPEYcQ18iVndEfGdDWP95qOQDJaGiGumpo+KnnY7ePeCzqPGZbpSxAmTxZok83edv2o+ZSXKjsNXqnW8dG9Clra7Y
td+lv2PCNCWcUbRLDCMLSHM1mRjFp93noeDaZE02kZyGhEg/f/eJC6qevwaHPwDAybzEWmB9AfUsh/dWcHt+oPQd7CSUlgCcgeRqYpNuNtouZjKYTVJ3QRN2rgU=
uF/rF+DVaO/rAysmDBX+XwNa5PIeq3ADdE8tZlrmybgZBhoS2M3LiTHhBvgfpOOR6Hq1CjQINKPZv2BBNxS0tTb6KMu8FmCoeLZtwgqAtwAeIBIQAopZTG9LH3CuBw==
AdbqYrQL/cS4sLd5i49OQCppy9cvmVEZQ08tZlrmybgZBhoS2M3LiTHhBvgfpOOR6Hq1CjQINKPZv2BBNxS0tTb6KMu8FmCoeLZtwgqAtwAeIBIQAopZTG9LH3CuBw==
GNjgyaLERQ7CEBiYZoMk4hd+YCxRRiViWuLBrAkSMvb4qeNdYbXOPF9gK8W4rh1ulOycN0kr6MW3kDwhpm6ALxxyyHwo4qUGSkR/VE70OnQibnFYf18XdK4D
j87aJHz2vu16hnLEryACBfaEJ1eNrSoBhh6IHc/VDwesVF1eWt65kPkuSkoYFZvhkQm2gJ9cU/lIkmVSdNDki7mXkHk3LESdVtL4E/xOsEDY3t06ivgH6L5IQsjC0glkj2NvSK4/
XQQjTO33Nvr8fX9Or+UFgDfV4vL36NM2V8nVOpp5U2epHx8aHX/Ntemwg0BOVRSlRuRRb28l1JRFTytcOzqu3ahyWBdPYmB6teI6BHXeVcwx70ua6xHlwn9I0crZN2GLfG1Jrjw=
rjdnMygyTZo+QtwdOMBtbyenu0BorNel+OqLdYVsvJb2dfzLhNfoQVAfDdYg1Uh8OzGR7TBzb2r/FS/tjf52sQE2bGcTe5WleVqc5mvhd+YuBKSsCJ/bknwdak5z5YyG3N8pFizgW2EU6KMc/m2DqIsxWXgKcW+Zk5PndKIzC5Mcski8KCIlxkoE/xROtLo0Ii7xmH+fl7Suww==
jPajSY+lyW012w8gAbZQIe3Gqw31jDM+uon+BXMQWs7wtWUvJQdpky/bDlCkP+wtk6yVAxsnDAn68zVKXpu4hRL0S6JrNI+T9XpVbVs6wTRvOmdLX3NCEXeuAg==
sJ4t8P5k8iRqqpzWggjGLS/O4PUwNKDVFRghuAix0xWynNv7vPYgCPjWreIKoPfgnoDScAKqGazv698Qrmc=
DXDakB7KoJBOkyuBrXtlrMbIGDLLbcVppM2WXolF+i2DGp8+5hE=
bwwOd80xA0j9RWH/ntLA310H8IOWM06p9VbD1eu8tHfG6qzItuhVxaVVeBQUW+pvUdGXS14T+uiCkLbp34b9hJm/gaORh8JIg/oUTNa9P9OFndrk1J2Qdbrf84XrCPjNxL8juE6rLh2EIGF+o685JlxqFoTj/wAZDeZM
