VBH/bo1ohcblpJkXh2pb3S4ahDE518J9w930udjjvlhFKLLeJqkwSZYYY9rSJJoYvMrnlI6QRTZiSkhJnPb8O2gQcdacBkCRjXc5ZkwNVCZfMnCK9bqL0uuquR6tCNv8KhhpOrYUPiFXDMKL7lHgqbJdI6ZGFvXrewn+fo/VR9t3dZ69HhdUc+0PWk/nhaap0Q==
TXKS1RpB6IFphiXvpag75brvN0tpttjQsdqQmHNrhzUjl1SrmDo/pu0/rrJiKzTQajoSJmcHigGgFSlmI55ewrpBN9NbDt65zqbFhuLilx4xAhFue1b/fIHcMOx7MrQQRDFtKCBjPGW66ejp8U6ksk97AY189h0h3XstAcz13NOuo9crOCf1sbypyw==
c3HnrBexATzPlRT3kfR7VpIcJzE3oHtj1bs1CtSQ21Pec5ZaMm23xNpb1wM6U2pTf9qbo/yKuLUEEnKLipo+C80ev7uO08VzRCpTbgm/yvqLPmqI7tpWXlv3JokE1c1uTy6iev5hMwsHnnJx6qbhTk5yy8Y1IlXWh+aTdGUclGTXwohoANHpcHxz0C3eaQwhnV54assbxXVAhrGpeTtJCSBFoGtqg9Nz5LdZ+Zip7w==
qvvRCzvzyC77+QT31bEFguj9ou62PXi0PVFyoV1d/vQURF/BzOaztmrbovXAktNRw5lFdghe8k3Iu0kgxb7qNWsH5orYj570hKC6lujuogSeWGyPoiZ+x3olGVoeJWc3l1PJx9e8EufIPiOmK8lihqMk67KvcVmPme/rgH0dA96jtanE
qykNdI89f4Ao7EeX8H7ST8hUnvgISaZQXWMzVH4/6KS3BGi8BWCedJWBTlCMyN9VZFNicpI3gsHIjqM1m9WFouCiYslwFylUjeLaEXML5p7ws86w/MwaImByUuBGlCzbylpuw0IJ+a7W+deTD99JU38AwiMw0gOSI9US4vtoK2ZHjckLIUOL9DVBM/q7uanQ
c+55EsgzGgqhCAmSo81jt8hUnvgISaZQXWMzVH4/6KS3FWCyA2+fJpWBTlCMyN9VZFJicpI3gsHIjqM1m9WFouCiYslwFylUjeLaEXML5p7ws86w/MwaImByUuBGlCzbylpuw0IJ+a7W+deTD99JU38AwiMw0gOSI9US4vtoK2ZHjckLIUOL9DVBM/q7uanQ
MCd34ai6Sr+eYvGPMcju7ukqJgQE0j3+jzEtAKRIEzoeYB8ujdKHOky+eyfC2YX0RlNlIDxZ+rP7g107ANr39oU/RmIoTq1AkvpKVl/nQrHIlYGW674m8mKBj0PDrhZp5qbtVipCD46JwsleA3Y3jClcWFyz0oxgHPGVuLgDdLVS6YC5Oa48Ijc72X1EllWRNfuFcYTVJOP242+7oIe94ZSp4w==
M0KMD6DTKZE9cGT9I2xY64dIO+PE3sfj9NHVmKOR1Uupgh77h6NBMySqsy5pvyo67b6JSI7atp47d8ZJZNXtru+uArreYRPLpx7SscqmwY7u8msGFSJ1FidmM7RFHPSkN0LoqODRibCc87DtPmlsYX3eGCorG6U1oAbR6Zk7aUmAxQArSoPzM0Q3+bm4qc8=
tXiEiAJW/VYfA6NPHmkeYmTg5wsmp9/htL7FLMck4sH2KvrQzcP0TVJeD9oj1UhDOzyRj1ZyYB6fHzDpiuAusRJ7LGAbd9fjZUjUvGr7bPEZDsmsAvPfnWYUZE1m4oCKythEXCriSmIM8b4EpjGer4k0UndPMWOJiZmrPqoxDNQTqEe7KiA33ksM8xNBub0lOy7xj2uYl6+p2g==
+OC+/FS9Nuawfl+TWLwnhDNiaxeTOC/LKD7ry4CB4UBAWydBmJmqE2sD7VuwGifW9T+2Qn8OHaAietr2j6cykdiVkfbbfvaS8gF/47PuxonWpt22+gJ/LnlCWT7TtgfsOVxIfMOSXMCMcSVYCEMklaLp8JnpboxCh7tJ3RRWpbEl+5WRtJV0A2ZjHxtQR+2BpKnT
jU2ati3++/bZn3+aX+zW+yonRqyGSmUNMH8yKBzalVk5SmuaDXXe3ARMX8ncwZKeOpPivZA6c/lTEcX+mPZS5ZjzCWiVlsodew/mgsinvtzU6PreuEYCrA7Q7Acyjt5vKm1ZEk4NRx+HW8nPx5Qyz5h2Y+57YcIuM6xrOj/Z+SfJp6vILTUj9rO9qcw=
ra3Squq9OQy55Pk8ptAlf1YnX2YOVEA9Oiz7fjgx+AMMyss+Yb8iKhRfoXjWms7Ok9deuexVZR53zmrqZqHLO08+6qHCpsme1tKD9s3izUZPBqsEzZx8VK/iQPiYkdGAtBNI/TZpZHEFvjAa89td5QimSZkRu+H5GCXo+/LDq0MsF8GpsKnH
iJSvh3pIFb/x4H/EbXu3yvP9BrrBsaH7jXjMlbOMtEUP28z3l+Y+bSf+1xwhdgvuRbkuOLzQ3110L0NaYu/CiZg2Q90rTQUqcFrCYQBP6Zxd2rp5QxPmluDL7pgMFFpqMMqyCPYMrFNaos5rMlE5ZgbBt/s/x0lbb3jiC8AKQ9pzbfIKS/Cr7td1aaNRG0s85XlTkouhqdg=
N8cxNe2YrGD0SQNC0rxMWIdSN+7Gn46r68aMle/OiRmrm1/7h6NBMySqsy5pvyo66r+JSI7atp47d8ZJZNXtru+uArreYRPLpx7SscqmwY7u8msGFSJ1FidmM7RFHPSkN0LoqODRibCc87DtPmlsYX3eGCorG6U1oAbR6Zk7aUmAxQArSoPzM0Q3+bm4qc8=
z5pUfZxVM1qWmIEGHfWgxkIrFZ6HGmCJ+d6Bu1lcNHCCGNSPqlbN4GgVVXnHOtKB4Mre5CwHDmr5SwH15BEkIcr/UcfJ+jlhtDghd/YqsDafN+CzKxme2dJTXFj7L4cL5SAEZArDnNlZ5nnUoiuPtWY8NJXGmjBiivC0ZEo6mgqMGe5cRgnuh0lc4o/vabOhibF7ZgrJvLzTgDeDynhnNstkI8shgU0Ne8ZB98tAx4ep8g==
0oVrJioxmOQy8t6LDf4h4THLdZDFIzOy3Z3j7pdvsj2L8Yhp7rr2rlh+KncpZRGsHZukZu3FnqwkXF/Z/L/TL9oDYi3wirMJcwHF7rgGklX4Y4n4dSaKbVsf5pLo1/5sNHh6Ttj2wlwuwOwXEn4e30r92YKuvQdvp0vJ3+fkcn945uN+G9EC3hO8ayofKTmXqTcrWM2FY4aTranc
+kfc1DREDWgJu4MIkDwh44dIO+PE3sfr9sfHzK6YyxmphFevyfYzMySqsy5pvyo657yISI7atp47d8ZJZNXtru+uArreYRPLpx7SscqmwY7u8msGFSJ1FidmM7RFHPSkN0LoqODRibCc87DtPmlsYX3eGCorG6U1oAbR6Zk7aUmAxQArSoPzM0Q3+bm4qc8=
KBA761wvEaYCDghQL0mVEYOhfEwE1DxWUSBdBTcKLz4pwEBIXoxZSwYWyIofi5iI3CrmZTJvJGQLk/+3JRx8WPp/5GW52gFoUpf3iWYATCk2JkheakzM2LoG4jZMpZbgtjWWu6ngmrMfVcsdCQ0DWvr1xAAzvE+/OsQfigtYW/fRPTWxm/o5Szv8v7upzg==
tI3IIOlxPHKfVnV29KuG65bGqRId1mlwe4QBB7a6UAafBwAnbGa+CVIDPGg7vyd75dCk9ErzfAnZtlkkYrvvhWYMVAUGahAyCiBUVAqqOvqMaU7MhjmO18mMwv+v+VORiYGb9kq5nGxT0FezCujHRsuUg1thsa3d+5ZhBwvQp7epwg==
NKUOzI0l/DuteSLtFVzFU3UftqJ/z8nTL6+qEh3yp3/k5sOAiVTgqvjClc9I1Yo1A3Ihliym0BF9l+mmfC1EJk8SQEolWntSewoJXv1oq/waOLn6RvSuoeesksueMfCpor3TZpa2RWvraY4+3/V324eVTn2ut8TznW8KD9eltqnB
dud/2xcqEKXSAEV2mDzcvZTGqQMfwG1we4QBB7a6UAafBwAhbGa+CVIDPGg7vyd75dCk9ErzfAnZtlkkYrvvhWYMVAUGahAyCiBUVAqqOvqMaU7MhjmO18mMwv+v+VORiYGb9kq5nGxT0FezCujHRsuUg1thsa3d+5ZhBwvQp7epwg==
WSrcnpq+EtUYDJ9ofDw0X3UfsLRj0snTL6+qEh3yp3/k5sWAiVTgqvjClc9I1Yo1A3Ihliym0BF9l+mmfC1EJk8SQEolWntSewoJXv1oq/waOLn6RvSuoeesksueMfCpor3TZpa2RWvraY4+3/V324eVTn2ut8TznW8KD9eltqnB
14J4abKAEn7aGJRk1n5qXnUfsaJx18nTL6+qEh3yp3/k5saAiVTgqvjClc9I1Yo1A3Ihliym0BF9l+mmfC1EJk8SQEolWntSewoJXv1oq/waOLn6RvSuoeesksueMfCpor3TZpa2RWvraY4+3/V324eVTn2ut8TznW8KD9eltqnB
ylPSVHlGwEtrSCtF+3wf1mzmtQotuNGg7eKcdYd17IWzZuba15D0SUZeEMwo1UpHaWyRj1ZyYB6fHzDui+8usRJ7LGAbd9fjZUjUvGr7bPEZDsmsAvPfnWYUZE1m4oCKythEXCriSmIM8b4EpjGer4k0UndPMWOJiZmrPqoxDNQTqEe7KiA33ksM8xNBub0lOy7xj2uYl6+p2g==
OhxOeZndVnUYpJsS6Pf2bWmaLk8vbyYF8jNNPgVa0Zf8JWlnMTqKk00w01PHs1mg39i1WkyFbZGRxLVgdUVzb2ATYPecVVU+hw7aShYhW5uf/jqB0qbZvgYSU1ZdYr3m/8ZbJP2cDDSfIrAYKBFB4OTTmB0maXQRVf7g+mNb7YV45nl54brR2WhlWFsCQzvjfFeRiaCp1w==
OhxOeZndVnUYpJsS6Pf2bWmaLk8vbyYF8jNNPgVa0Zf8JWlnMTqKk00w01PHs1mg39i1WkyFbZGRxLVgdUVzb2ATYPecVVU+hw7aShYhW5uf/jqB0qbZvgYSU1ZdYr3m/8ZbJP2cDDSfIrAYKBFB4OTTmB0maXQRVf7g+mNb7YV45nl54brR2WhlWFsCQzvjfFeRiaCp1w==
D/rXC+aPeA6/KUGvqA2gYWmaLk8vbyYF8jNNPgVa0Zf8JWlnMTqKk00w01PHs1mg39i1WkyFbZGRxLVgdUVzb2ATYPecVVU+hw7aShYhW5uf/jqB0qbZvgYSU1ZdYr3m/8ZbJP2cDDSfIrAYKBFB4OTTmB0maXQRVf7g+mNb7YV45nl54b/X2WRlWFsCQzvjfFeRiaCp1w==
uuQyzV+Z/IWR9zq6AaRXdGmaLk8vbyYF8jNNPgVa0Zf8JWlnMTqKk00w01PHs1mg39i1WkyFbZGRxLVgdUVzb2ATYPecVVU+hw7aShYhW5uf/jqB0qbZvgYSU1ZdYr3m/8ZbJP2cDDSfIrAYKBFB4OTTmB0maXQRVf7g+mNb7YV45nl54b3X2WRlWFsCQzvjfFeRiaCp1w==
