Xm2c/SG3nvFqWDV72hE2r6LnnRC7pUhMtj9KDiNveeyE29NIa7HU2vJj9dImtVV2pEhuQvDCE+XLlvF5d8BDI+LQDF6LOceubsxUdCjny5p8FXo2Uz18TpyXmc7MWMvplGAzpJ41M2BLeSkgKol/kZOb94yCa3vb3Hr45EiatUPLjGGsrmwKfGLmAUBf54e8rss=
oYgNP3hTnnTq9sbPJfrruS4kSKPZCzleeHQrYRzH0C85HhqaAHix1QxLLNrFx5CAYpPx8NA9e/URV9ns0KxT/4PkPmL4lsBxfwD8i8akq9vY5OzZ1QwErh/T9B4vloYzN2pbF0UCAl+LS9PFi946zZ8xbPR0ZsAsIblrMj3e9irOtrLILSI38bOmrtU=
Y79Cnk4uQXoR5sreEKvX2w8+z0f//CWX4mIoX4JsDVbNX+4W0Kz0IE5PxFWVpdjwnKUvBwRl4zlQi6/hLxDhhra25FV4fq8G2Cyh+cTvrGY49uLMiheRrMgpK5mZs5mQ6FjjcysgHn6gQlDdNyT8t74QWxew4AwFTZjUQhe3NOKX4rY/Hy77i51WEnND71N5c+pKgXe1DKhscpBAqV0rTgUqRqZmcpLUdfanXfuCruk=
KWpbRw1tyVPxndFFRZHMtxlDAzpYTePEGIz0wEs6O+2YciSMc35IFQWUBFlRem43iF8I6dXyt6cKheMGU+L1vBwhTzxCFE9PPk5TZFhff2gzsWwkx+1tUuYRTUMGPwEeUrVkMyx5Ff4IKWYElR71TJGvJpvL3wVCn4jxyrl3AQvcramu3A==
/Q8w6a81PbAJyFUqzvr/KjRIvnNzzpY0jsj1tsvlvWRFYP/4FIkMAZ8Cd73kGrAM55+1xcmsUDklYmIHlLf8KWFaK9eGHVemhxo5bCAJWzxWPHOf8raHxOzH8xivGdjkMwVxYuoJOSNSB83Orl3ws7gRaa5EEbLkYQb5fI3HUtt/d5myExBFau0PTVvghb2uyA==
Ney6JWzvAWbYErNgemkhLjRIvnNzzpY0jsj1tsvlvWRFcff2EoYNU58Cd73kGrAM5561xcmsUDklYmIHlLf8KWFaK9eGHVemhxo5bCAJWzxWPHOf8raHxOzH8xivGdjkMwVxYuoJOSNSB83Orl3ws7gRaa5EEbLkYQb5fI3HUtt/d5myExBFau0PTVvghb2uyA==
HnHS4zIXJKOECk+guJcAWCta/K3b0lG+SXyymLww1JClmqGBomEnEvCdHNeaTAxCd9W2wUvdtVEpYisykPARnVxjLPKXijEI8jux2MA1W71B/1lEgORz95PMfspoHmA5Lyj8o5bsC1NITKzxxQQk5k97dLZ/3qY7J0Ibv9WKohfbY9Pt25aaRQ+ZLNxkbuBkcRHrmm2W1iLenvJgvaqXueOOrv0=
rxaaXV1pPloHi0Co0Lm67oQXr6dcEbwPQGgoEmY76qbyCiX1US7LJpiMIVmEz6xGflZhbMo3kYyIias52ZOZsKj4Y9NrAB5e4OLQfXcE/Jf+sNu38MAMJQ04VOJXlzTC10I2n18O+6vd9pLTA89TWTNKyiE3lQyILNIQ4Ol9K25FisYGJlKS9DVWJ/27oq7J
3WgMB99WOPuGxLY8b7/VgED2ckqHoTgTdzknWq1Vt0RcZOdxYStPdc2U47S+q1eos0OVBmWVBs76TK1PV21bKNqpz8YwT9ZjFgkLTinflDk99k3e68RCndG83KgRNyByTZSG4+EQrQ2yxNnRMyq4rdOz2INfZkyJuvPyxYuGVhW49IsiqzTPE7h7FeMbOoG0Lzony59zgpG3rsI=
JxQedSHX5qapmb7vz0N3T9io5eiMG7+TRO2cKygEGMaB7eSw/w31AYmSq0IwINHNPFMswvDa8dhSSzEoYGUbbaHPWXRgNDOnMzz+usjOoGlPGPyT9rzLg+g8LAFlVGQ2r0t0hp8O5muHspvPdVpiR7tT0927xlqVr+msLMQ+oLSRIeuqjUaWcn5uchAdelfpg76uzQ==
hae6bPf20lX9ap3UE+LeMm2sutRh/cfzubmb9OqyBuE0r/Xzc+rjDXBiLIx7YSF1XcQ8mYmKltcg74BpXYLfB7I1O8arMi2cNDFHPEoEZ2/mnqukgO/HyFvB5KRPXcWyHuGVgz5vWX46pWwzJGn9HtD5XkTNbo0sOR+uG0Mv7eInOKmKwSdZK/S9oa7U
Qh9JrGmsePVv6oI3IvUAt/qWmuTT9nc4SayIWMa06n7o5AFhlMesXk9/ARSaf1FUeGELgUkbGSgYUIMru8heBpCK8EVnDPyPzpi7z6CIzP390PRaxx+0Wmfq1mePxrvzrZ6y6xPHU0EDYqpZZ93MUNw6sFh59av29SIm/vaa0qxFPgfFq6qu0Q==
ji4sIj0miGIreebbmlbNRYQNo6peUPVHX39xHypktfTwE2T1US7LJpiMIVmEz6xGeVdhbMo3kYyIias52ZOZsKj4Y9NrAB5e4OLQfXcE/Jf+sNu38MAMJQ04VOJXlzTC10I2n18O+6vd9pLTA89TWTNKyiE3lQyILNIQ4Ol9K25FisYGJlKS9DVWJ/27oq7J
KgwhlSXrYZ74FLn1aJFlOjm4i55Y76/EOH3sMQ3M6KPDM8ghG1OYRzSrqNC+RK0LC2VEGi6uk5fLbdScMAGHwb1dRYF8XE6SBG/Nlt31zh6STEUdHozjuAJpt/YoL56Tvonj/mH/jEkFNhVOE2QKTfm89HhZl9jiFVS+k/kw5b1aRHEhe0qgnatzABPnhgTZUvOaFUPm7oXgtHMSs9QHYxD7fVPTGplEF3r/W+fTSsGfruo=
dwRK64WG9yRCVQ9rOMvty46Kt8AaZIyyOGEmb38Pxlr8CmQBGR0kYCGI87vPHZLkAI4KH+NKs01AgjyMaw8QtI1krBk5amYXcI+waa2ij0cClctGO1J9XMQRVzxaJJevtv47JHBPd4gL4RSkfz2Vcu4BJQOuz4m+CsV8MzSJzV6AWc7EfQ79bOn/nhszDz0il5jZClHHiWuEnbGuxA==
Xs5VYP/LQQKDX8xNyJTZJtAgLNba4psgNgy4QgwZGm9Dd/KqyGJI4TV1cLD10K97E0XGNNQmZr8P4sf9tDpADJe3ZAR5zMC51cIyR6RX7ClxetsX1n3nJhe6SSzw6Ws8Ztyj34IWF0Rcp6PYXznI5CPlQSK6qcmjwmd9Dn59gLNIMTnu9PEiZBGmKby9p0Lbb1fp8sPw9ep9r72bsOWNrvg=
vTK4MKhNwrSJxk7i2yX5jNhPvb9ERXgCqL2CNcaLm5vvwPF3JkfowXmu6+0kYkI+y+Dzs4grnB8X5EyqWVOYIew00cHo1qZpQW68j7MTJV35IiwOy4knPu5c9ITot6uqfCUaZpPN3N4cB3l+jAjrGZQQE3RehVPwy+mJUGpZn6GTqxdcwhvbS1zqmFSISpUzy3xB/O7c6uzidqGwn7fnjK77
WsbN2li20SLFclt4MlpPULBpPwxM8TD2iTAkGLJKBh0Yb0Fz+KLCdlrxJ2GamJ/0TVtxYSwcvvK07102DbX+/oJMVXMuTLMYkukHFljvTvOOiZPesb886XW2hS7DpHpt6bzkWClXCIKF1M4zSXA1nSpEQUGritB9G/OQs7dGNLlC84r1c6Y+JXA0w3JDlFeDIPuNc4PaKeTn+m+7t5O64Y+u+g==
HULkcbZCuulSD+/wiFX5J4QXr6dcEbwHQn46Rmsy9PTyDGyhH3u5JpiMIVmEz6xGdFRgbMo3kYyIias52ZOZsKj4Y9NrAB5e4OLQfXcE/Jf+sNu38MAMJQ04VOJXlzTC10I2n18O+6vd9pLTA89TWTNKyiE3lQyILNIQ4Ol9K25FisYGJlKS9DVWJ/27oq7J
gqwtLsrQHxD6QPafNwgj4cVELeXart3r4dzSwZzU31y4iluvwsdBPinFuiZuzDki7bOXEI7J+948f8oLIsn/5rWvGKHJVhmmpxS+tcW8yIDt52wKGTRye21gMaVGBO25Lxq0tefTjLuTtvDhLnNmLTfWGi1sFL86pwTT+4w7YUuHyg0sW5rzM1Mj/rmjrtY=
VhO3El6V6qnfhgXObfBG5TEUTWSYgG7zm4N99u01Xr7iTLW5icPTWLLp59Y4b+4zbomzntE/nClVtuVuYySarcm8xJjJ16jC5dTu8+nwVd0KRKGBCwqwvfvzsPPXxpR5ovPqtdMm3uVQNKMyoxT3w0D7rbNjWomkx/qPexcT2qGvrto=
oYR+o2jR7dGTw3U/CLSdeYTc5wQC5x1we4QMCtmzWAHsFBomZ3bmCUFOfG8zs2U9+cLsrkvpZx7uvDQkaNfrinwFWgYTbRw+HCc5HgyoK/mUcFPU3mWT0MuJyfDquV+Bk4vXvEK7mytcyli0COrVU8ucgVxuvKrM4pZhEB/Xp6yu2w==
5cEmGn60dKLT2qcOPF8q6TMUTXWalmrzm4N99u01Xr7iTLW/icPTWLLp59Y4b+4zbomzntE/nClVtuVuYySarcm8xJjJ16jC5dTu8+nwVd0KRKGBCwqwvfvzsPPXxpR5ovPqtdMm3uVQNKMyoxT3w0D7rbNjWomkx/qPexcT2qGvrto=
BrYgOOAvFuPM1IqS+/bKyoTc4RIe+h1we4QMCtmzWAHsFBwmZ3bmCUFOfG8zs2U9+cLsrkvpZx7uvDQkaNfrinwFWgYTbRw+HCc5HgyoK/mUcFPU3mWT0MuJyfDquV+Bk4vXvEK7mytcyli0COrVU8ucgVxuvKrM4pZhEB/Xp6yu2w==
GvLSSZgDiY1Ib8VNy/94l4Tc4AQM/x1we4QMCtmzWAHsFB8mZ3bmCUFOfG8zs2U9+cLsrkvpZx7uvDQkaNfrinwFWgYTbRw+HCc5HgyoK/mUcFPU3mWT0MuJyfDquV+Bk4vXvEK7mytcyli0COrVU8ucgVxuvKrM4pZhEB/Xp6yu2w==
fXuZpDZA8Jk1QXdLHuK1uMeprOGRFLiWSaTSJzYUTJST4OTjrEinRsbA+0IwINHNPFMswv3Z/thSSzEoYGUbbaHPWXRgNDOnMzz+usjOoGlPGPyT9rzLg+g8LAFlVGQ2r0t0hp8O5muHspvPdVpiR7tT0927xlqVr+msLMQ+oLSRI+uqjUaWcn5uchAdelfpg76uzQ==
zwnUXgYDTCnG4F5r0OCVrI7A1DNbfBnRn0hwotGp7cPIEnVb+8JnivCufzFDDaSDmVixV7DqOJZ4XGEppN+sdhkErpxqpxE8aFnrSfmDmYDIqKMjy5Ce7gAykA1XFPynnuAbR1BQjJXt6BSSd4c08rcS9m//nnsbPSbSoyPfU2lTGgrRlwWMOMwCUJDJbyteJdoG9obCEkTVhmeNm7Ku+Q==
L+q7RVLXQveBHP0I0QuT2FkvZxYNetC5/cR4KEYNwvCpm9NBSHmgab7e48mkpkEjIBBGGEll6LvhSCtujzgVV4vLHOBEgUoAKlJmsJsnQgsRrNFuNxv/Vpd5ws4QDNOfQwQ+Arh2QNE/IPyrhgQrO5iE7DkVbIQO3/P0Pu82BlP3ilt3BeKC/8tr0+XLfrot31FsFLQGQIzhm2sS/X52Sg5WsqhtwrdR84au9Q==
L+q7RVLXQveBHP0I0QuT2FkvZxYNetC5/cR4KEYNwvCpm9NBSHmgab7e48mkpkEjIBBGGEll6LvhSCtujzgVV4vLHOBEgUoAKlJmsJsnQgsRrNFuNxv/Vpd5ws4QDNOfQwQ+Arh2QNE/IPyrhgQrO5iE7DkVbIQO3/P0Pu82BlP3ilt3BeKC/8tr0+XLfrot31FsFLQGQIzhm2sS/X52Sg5WsqhtwrdR84au9Q==
MPbdiA6ecJGyQYseI1faIawXEI3W6EilNIoE0EG9X1Fi2MA2DV2436EiYMcqaMSa+UhumdDoq4OHvLQu9vba68TlUTZ29/+MOO/S1s2ZCTQO8MZjKaA1JNd5hkNTY8D9JPYalDmn4k6R6lk9RaNbzuNnD0KPVQJqmJCDazsIXsYQyvCF50z8z05Yu48gSMw9fZD0mkdftBrnKtYnDwa7My3esiuTh1MBg6KqGecdzJBcerCY+bmrtnXiJr52WtJsxX4HBSvqrpE=
OaQAEpyMwhUDHqXrWlV6RKOe4TzeHEeTmQ89ikLT0m4uQlOzOvHbgfAXghzB9DkHKJjk9+MsEIj1PBl34Qpmii176GGtiCmEG/LYGpyFmdxifxeOTj6hD6RR12D5wnzXxQXvkYja5MHuSG6aL25bc5ICNYfrVSonfmONLQ6r/RXQksE+wX8sCSU2NQ7z5OoNGbwUOLkXOKI1VJ7TWbBFfXpEEeEbysBdy3Ng00cGpBly87pV42ZOxQC0k1JTVOcj/PtdE3OaOYQ3et+bh1MqAf+uig==
BlMpzLcdr7o6jQC9WGWH1Vjgju6s4p55vp6x+9NUOHPzkreejd5amokim81bnQkBgP/35n+as2A+Eu4dYZq0i6M3zWm5lsSqWw2vyk4ovEA4k8OefBFyQkMJlKq88/H6HKwDrdQk+1BOgVsE653BlLr99xUTH3/4Et+TP3wekFCYbn0Li8ipWH5YYhhCAul0T5OPuK7P
S/4qVoqqU/M9m1P1kuA5d2ciLFTLJDTFZHu52tCf+wlJXWsA0c3jXQID4FvSfCbZgV+0WXsKA/giaZe2iK8+056Jg76Bf+yJ5TZ1jrPkqo3ZvNS4+Rd4InVUXlOZsAX9OkRRYdvKAN2LcyBTBwZkmbLz+tWjZo5FwLRT0hNUp6M8+52Ts5p5BHd6HxtHU+qBv67K
d+VTYzOKwxMmHALfki2b/N/4242Yog+Y1FQMv6lj2N23iAxpRuYQl1yK2HQIqlWfy9wBnG78Kgzi1uHQH5cnbK4b
9tMWKE3zC68QqnmUS2h5ToaOu8gfUN+oNlxpf2VGpVivMFgvKAg3ciLNtaTZXtjkCJoBPI4T42t0ryb1bVBK6tFktQh0dyATc8m+cq+ij0cClctGO1J9XMQRVzxaJJevtv47JHBPd4gL4RSkfz2Vcu4BJQOuz4m+CsV8MzSJzV6AWc7EfQ79bOn/khszDz0il5jZClHHiWuEnbGuxA==
1fB7LpnHeqAKPvAoXSEGPWniZLAaPpLudqdWMdTVdk9yueuJ60IKksbUaTUkDSO8eCl0/kmgpUidi/7uhMtR/X6rr9zhBn/G0lonFvZXmh1ae40vYSpXcFFXdaDUSALUUHph3fsnOUnxZ9ncMDwT76OUvpLYhgDhHzD8u6Y0a8v4FGyp9RxEPv/j9C7PBsYjFxrb52USws/re9P160763b/B7IRUdoC8wYVrAt1OtjruxjI4DTL3YdOWruU=
IgVbpfaRddh3MSnKjLIeth5hpJUnE6jvXt87ajVlP4YeKiey9ikh7+/oJFluRv0NpHTbAjv037MNemWDC/oRVP+6F6vvM7IxZ64S
6ppLeAGULHEwpXt0D6g5CTfV4vL36NM2V8nVOpp5U2epHx8aHX/Ntemwg0BOVRSlRuRRb28l1JRBTSVcOzqu3ahyWBdPYmB6teI6BHXeVcwx70Oa6x/lwn9I0crZN2GLfG1Jrjw=
XZvcAEfOWtdz8W2vmMJExvaEJ1eNrSoBhh6IHc/VDwesVF1eWt65kPkuSkoYFZvhkQm2gJ9cU/lIlmdcdNDki7mXkHk3LESdVtL4E/xOsEDY3t0yivgJ6L5IQsjC0glkj2NvSK4/
bUa/pmv4JV09CHDUANgGMRd+YCxRRiViWuLBrAkSMvb4qeNdYbXOPF9gK8W4qh9glOycN0kr6MW3kDwhpm6ALxxyyHwo4qUOSkRxVE70OnQibnFYf18XdK4D
UyRL8R+qE0++gMvJk24D/Sppy9cvmVEZQ08tZlrmybgZBhoS2M3LiTHhBvgfpOOR6H63BDQINKPZv2BBNxS0tTb6KMu8FmCoeLZtygqAuQAeIBIQAopZTG9LH3CuBw==
Z22z2O8nWVdRQtXea2Z2mANa5PIeq3ADdE8tZlrmybgZBhoS2M3LiTHhBvgfpOOR6H63BDQINKPZv2BBNxS0tTb6KMu8FmCoeLZtygqAuQAeIBIQAopZTG9LH3CuBw==
ZwBLb99VZOSfI1klvLun1HM1mRjFp93noeDaZE02kZyGhEg/f/eJC6qevwaHPwDEy7LEWmB9AfUsh/dWcHt+oPQd7CSUlgCcgexqYp1uNtouZjKYTVJ3QRN2rgU=
oCxyu/7Z/0/v8bBof+ZLp1kvZxYNetC5/cR4KEYNwvCpm9NBSHmgab7e48mkpkEjIBBGGEll6LvhSCtujzgVV4vLHOBEgUoAKlJmsJsnQgsRrNFuNxv/Vpd5ws4QDNOfQwQ+Arh2QNE/IPyrhgQrO5iE7DkVbIQO3/P0Pu82BlP3ilt3BeKC/8tr0+XLfrot31FsFLQGQIzhnGoS/X52Sg5WsqhtwrdR84au9Q==
zfU8VZ6bAL8h6hKhFO1LMB5hpJQnE6jvXt87ajVlP4YeKiey9ikh7+/oJFluRv0NpHTbAjv037MNemWDC/oRVP+6F6vvM7IxZ64S
NOI0ldmXq2JsKgTp/vDIXZ1V23Bq2Cejqn0Lnd7i/B2+f5H78Tth1Bw77frLsBL6att163BontnAlkB10ATEL/BjMxPRdDDczI0yhvnWXfRBf8Pq2ELVYmJY1qWUhghfmNsn0dzDcSdaQBmreSoiim7lR2bXKuuz3vWnMZADKKzSMr1FIiCNwCHr0dHrEI9d5wQr16IkZJqbnY+aznhc0PjjI+58YZIyg5l0+jyj0WrcnKMd1JRbYA4Re9RrTaEE+g2X5RPvHwhST/Pv/M6wwNhe3bKKeAlovshCSMJSCeSP42/Irr8=
4ibcjQJ0Gf+QHFcdpz9rgHzrQ7ZGM+6bmdzNgzYC3fg4DmMxeH8JxTWUtxN3FJWBEra9Gsc7eIHI+oc9O5aIVZAX+3KckaFgaqgvgW2zYdUQcRtI0UPvnu9cPBwNttocRKVQXED3utbHoyLhsaw/mmrV92fZXd5CYk2I+Ki2SXZNH6TCg+t9zUyLuFPrIQizq9lm8neyVyfqxUMGMyKVPDxhrzyiVG/PXo4zZPgfn+jT8cwkpy1N0sZRrUOmfyGeMnXEM4w59X4o6cYE9d7VzLHvw5prH2XC/0hRylk34Yv8bcmuvA==
iwRpwpEhVc4u23zq8Yr1jr44fRVwWxowFSbPQ5UvioIoA6kb8RG/vBF1f7HyttQfz/gXy4Ov6NiqOJpHhqf5wVs3dOngtj7B2uDZi3nKYuruRQyD0EorE14VZ1GQI2gMUlJ9ZSIATaChS5Hx63BPvWek67eixCQ6G/3Pes5YnHB4A2POfEHS0gM5tNo8Q5EKXDzj/dT0m8CO8bu0a23hpHptV8UTz99o0u+zz/yucCBY/h3SiphJyD6oAqjCcslEDwMv6K6f
de1T+c+2TBciZEi0xkTAO6Jhi8Z8dje0YUtkJ7+jWhuH5sXFKF4Szvm18eA8OsEBDHQ/1RTwGaXSu6ZuM/uXupBNFtYocPsOfLocy4re1HDTu7hh5XmVwvL9aj+hJiGAcmwjajQkKrleXE7r1O4pfwyQ63/vIiSAWId3wVD67NEGiAYqp84jQ2oCTbcT9aKXliPlPQaLpcVIElnuGR8kGQ12nf57hFL9IbwsyAF3sFKdFLbDUdCdreLEiTFD6shNozOIY8+mXCkK80Jlm8bGdWh0e0JbdD9zbXrFQyt6MZQfunfrD7OScceusg==
UFUBHxB1bw8drARL+l22l6Jhi8Z8dje0YUtkJ7+jWhuH5sXFKF4Szvm18eA8OsEBDHQ/1RTwGaXVuaZuM/uXupBNF9YocPsOfLocy4re1HDTu7hh5XmVwvL9aj+hJiGAcmwjajQkKrleXE7r1O4pfwyQ63/vIiSAWId3wVD67NEGiAYqp84jQ2oCTbcT9aKXliPlPQaLpcVIElnuGR8kGQ12nf57hFL9IbwsyAF3sFKdFLbDUdCdreLEiTFD6shNozOIY8+mXCkK80Jlm8bGdWh0e0JbdD9zbXrFQyt6MZQfunfrD7OScceusg==
EyTCdAadttO4HkrjcijVc6Jhi8Z8dje0YUtkJ7+jWhuH5sXFKF4Szvm18eA8OsEBDHQ/1RTwGaXSu6ZuM/uXupBNGNYocPsOfLocy4re1HDTu7hh5XmVwvL9aj+hJiGAcmwjajQkKrleXE7r1O4pfwyQ63/vIiSAWId3wVD67NEGiAYqp84jQ2oCTbcT9aKXliPlPQaLpcVIElnuGR8kGQ12nf57hFL9IbwsyAF3sFKdFLbDUdCdreLEiTFD6shNozOIY8+mXCkK80Jlm8bGdWh0e0JbdD9zbXrFQyt6MZQfunfrD7OScceusg==
hlhGx8iTxMWf2eYR1wAjv6Jhi8Z8dje0YUtkJ7+jWhuH5sXFKF4Szvm18eA8OsEBDHQ/1RTwGaXVuaZuM/uXupBNGdYocPsOfLocy4re1HDTu7hh5XmVwvL9aj+hJiGAcmwjajQkKrleXE7r1O4pfwyQ63/vIiSAWId3wVD67NEGiAYqp84jQ2oCTbcT9aKXliPlPQaLpcVIElnuGR8kGQ12nf57hFL9IbwsyAF3sFKdFLbDUdCdreLEiTFD6shNozOIY8+mXCkK80Jlm8bGdWh0e0JbdD9zbXrFQyt6MZQfunfrD7OScceusg==
VlNsQ/eCtjrzsPZHVkZ6oaJhi8Z8dje0YUtkJ7+jWhuH5sXFKF4Szvm18eA8OsEBDHQ/1RTwGaXSu6ZuM/uXupBNGtYocPsOfLocy4re1HDTu7hh5XmVwvL9aj+hJiGAcmwjajQkKrleXE7r1O4pfwyQ63/vIiSAWId3wVD67NEGiAYqp84jQ2oCTbcT9aKXliPlPQaLpcVIElnuGR8kGQ12nf57hFL9IbwsyAF3sFKdFLbDUdCdreLEiTFD6shNozOIY8+mXCkK80Jlm8bGdWh0e0JbdD9zbXrFQyt6MZQfunfrD7OScceusg==
IHbAGHR8M5nI8MkOfXuLTaJhi8Z8dje0YUtkJ7+jWhuH5sXFKF4Szvm18eA8OsEBDHQ/1RTwGaXVuaZuM/uXupBNG9YocPsOfLocy4re1HDTu7hh5XmVwvL9aj+hJiGAcmwjajQkKrleXE7r1O4pfwyQ63/vIiSAWId3wVD67NEGiAYqp84jQ2oCTbcT9aKXliPlPQaLpcVIElnuGR8kGQ12nf57hFL9IbwsyAF3sFKdFLbDUdCdreLEiTFD6shNozOIY8+mXCkK80Jlm8bGdWh0e0JbdD9zbXrFQyt6MZQfunfrD7OScceusg==
hoeGnMFkMyguz2TQMdM+daJhi8Z8dje0YUtkJ7+jWhuH5sXFKF4Szvm18eA8OsEBDHQ/1RTwGaXSu6ZuM/uXupBNHNYocPsOfLocy4re1HDTu7hh5XmVwvL9aj+hJiGAcmwjajQkKrleXE7r1O4pfwyQ63/vIiSAWId3wVD67NEGiAYqp84jQ2oCTbcT9aKXliPlPQaLpcVIElnuGR8kGQ12nf57hFL9IbwsyAF3sFKdFLbDUdCdreLEiTFD6shNozOIY8+mXCkK80Jlm8bGdWh0e0JbdD9zbXrFQyt6MZQfunfrD7OScceusg==
pmjr3oPERAwRe9fkQYKiY6Jhi8Z8dje0YUtkJ7+jWhuH5sXFKF4Szvm18eA8OsEBDHQ/1RTwGaXVuaZuM/uXupBNHdYocPsOfLocy4re1HDTu7hh5XmVwvL9aj+hJiGAcmwjajQkKrleXE7r1O4pfwyQ63/vIiSAWId3wVD67NEGiAYqp84jQ2oCTbcT9aKXliPlPQaLpcVIElnuGR8kGQ12nf57hFL9IbwsyAF3sFKdFLbDUdCdreLEiTFD6shNozOIY8+mXCkK80Jlm8bGdWh0e0JbdD9zbXrFQyt6MZQfunfrD7OScceusg==
D+zGRJR35rrs5bC0XTSQlaJhi8Z8dje0YUtkJ7+jWhuH5sXFKF4Szvm18eA8OsEBDHQ/1RTwGaXSu6ZuM/uXupBNHtYocPsOfLocy4re1HDTu7hh5XmVwvL9aj+hJiGAcmwjajQkKrleXE7r1O4pfwyQ63/vIiSAWId3wVD67NEGiAYqp84jQ2oCTbcT9aKXliPlPQaLpcVIElnuGR8kGQ12nf57hFL9IbwsyAF3sFKdFLbDUdCdreLEiTFD6shNozOIY8+mXCkK80Jlm8bGdWh0e0JbdD9zbXrFQyt6MZQfunfrD7OScceusg==
JzdiOgBWICJkMzwl+EBUQaJhi8Z8dje0YUtkJ7+jWhuH5sXFKF4Szvm18eA8OsEBDHQ/1RTwGaXVuaZuM/uXupBNH9YocPsOfLocy4re1HDTu7hh5XmVwvL9aj+hJiGAcmwjajQkKrleXE7r1O4pfwyQ63/vIiSAWId3wVD67NEGiAYqp84jQ2oCTbcT9aKXliPlPQaLpcVIElnuGR8kGQ12nf57hFL9IbwsyAF3sFKdFLbDUdCdreLEiTFD6shNozOIY8+mXCkK80Jlm8bGdWh0e0JbdD9zbXrFQyt6MZQfunfrD7OScceusg==
LEmvcNr+8Di5qoqll+L41aJhi8Z8dje0YUtkJ7+jWhuH5sXFKF4Szvm18eA8OsEBDHQ/1RTwGaXSu6ZuM/uXupBNFtcocPsOfLocy4re1HDTu7hh5XmVwvL9aj+hJiGAcmwjajQkKrleXE7r1O4pfwyQ63/vIiSAWId3wVD67NEGiAYqp84jQ2oCTbcT9aKXliPlPQaLpcVIElnuGR8kGQ12nf57hFL9IbwsyAF3sFKdFLbDUdCdreLEiTFD6shNozOIY8+mXCkK80Jlm8bGdWh0e0JbdD9zbXrFQyt6MZQfunfrD7OScceusg==
uoTnrmHvwHyn8ipW63ks/6Jhi8Z8dje0YUtkJ7+jWhuH5sXFKF4Szvm18eA8OsEBDHQ/1RTwGaXVuaZuM/uXupBNF9cocPsOfLocy4re1HDTu7hh5XmVwvL9aj+hJiGAcmwjajQkKrleXE7r1O4pfwyQ63/vIiSAWId3wVD67NEGiAYqp84jQ2oCTbcT9aKXliPlPQaLpcVIElnuGR8kGQ12nf57hFL9IbwsyAF3sFKdFLbDUdCdreLEiTFD6shNozOIY8+mXCkK80Jlm8bGdWh0e0JbdD9zbXrFQyt6MZQfunfrD7OScceusg==
Mz/lVLgCnr4Qr3jjpY59jqJhi8Z8dje0YUtkJ7+jWhuH5sXFKF4Szvm18eA8OsEBDHQ/1RTwGaXSu6ZuM/uXupBNGNcocPsOfLocy4re1HDTu7hh5XmVwvL9aj+hJiGAcmwjajQkKrleXE7r1O4pfwyQ63/vIiSAWId3wVD67NEGiAYqp84jQ2oCTbcT9aKXliPlPQaLpcVIElnuGR8kGQ12nf57hFL9IbwsyAF3sFKdFLbDUdCdreLEiTFD6shNozOIY8+mXCkK80Jlm8bGdWh0e0JbdD9zbXrFQyt6MZQfunfrD7OScceusg==
NqF/MgU3ZUoN+nl9oxaoC6Jhi8Z8dje0YUtkJ7+jWhuH5sXFKF4Szvm18eA8OsEBDHQ/1RTwGaXVuaZuM/uXupBNGdcocPsOfLocy4re1HDTu7hh5XmVwvL9aj+hJiGAcmwjajQkKrleXE7r1O4pfwyQ63/vIiSAWId3wVD67NEGiAYqp84jQ2oCTbcT9aKXliPlPQaLpcVIElnuGR8kGQ12nf57hFL9IbwsyAF3sFKdFLbDUdCdreLEiTFD6shNozOIY8+mXCkK80Jlm8bGdWh0e0JbdD9zbXrFQyt6MZQfunfrD7OScceusg==
YkdQH8Y8m7yRzpdILchRRf1QNKC5CVFI8w62no00/tEEP0yDMZyk467BNvP9Bhu9jmQGdgJFINCDcK+u4zoX327gPQRJGRb9F8RAN7G6fQrpmkIPzeAd6wLPJD3iRyd9FDbrOLW6TbQm/2s1Dc+FKkJQxl1UPpjX+JMXydzbQW86yIkTudIygk6tN/5Xsht7/v23SdC7uCQy+o1dIji9CMFjQWmraJ9Vx8zbTyK8FNK7lZ9iDsDMWJirE/Z8eaJ64xHkQvxbwWL81NOFVAyrqC4Za6wr9TGMGsWn/RP3L8Cyx2NXvLagyPiWLSoK4HkgnsBSsALqmWzvq1/Qrqc=
Gdem70eEd7m1caRxgafua6Jhi8Z8dje0YUtkJ7+jWhuH5sXFKF4Szvm18eA8OsEBDHQ/1RTwGaXVuaZuM/uXupBNGtcocPsOfLocy4re1HDTu7hh5XmVwvL9aj+hJiGAcmwjajQkKrleXE7r1O4pfwyQ63/vIiSAWId3wVD67NEGiAYqp84jQ2oCTbcT9aKXliPlPQaLpcVIElnuGR8kGQ12nf57hFL9IbwsyAF3sFKdFLbDUdCdreLEiTFD6shNozOIY8+mXCkK80Jlm8bGdWh0e0JbdD9zbXrFQyt6MZQfunfrD7OScceusg==
B+mvX6MYXdblkHkdq0zNi+f9eiUV+BpZJkQTQrFZRWksvp1WN3ZS59ZVDYZfbibgh3qMc7anrxIZxCecVhqWQdqXOiTlh0ScMaVDk2ZT1rPQu9aWf5oF5AHOTulvBy0heeCa9nLfxED0jbClM9vc1V1FAo7dcclMvjjme/MMt5wnceabwwuABRS+ugxpj+J24WK5ZVVLm7ZTry9aX/2C0miY47OrYB4+IIJQHbdk/Pc+0FvXMKAMRc1Y1IKX9zSiFyK2/59u+8sdlhKzw69TOfMqSkH39Qzo7LKQgCkYKg6F6kZm5jKSlPU2p517wq6p
YkdQH8Y8m7yRzpdILchRRf1QNKC5CVFI8w62no00/tEEP0yDMZyk467BNvP9Bhu9jmQGdgJFINCDcK+u4zoX327gPQRJGRb9F8RAN7G6fQrpmkIPzeAd6wLPJD3iRyd9FDbrOLW6TbQm/2s1Dc+FKkJQxl1UPpjX+JMXydzbQW86yIkTudIygk6tN/5Xsht7/v23SdC7uCQy+o1dIji9CMFjQWmraJ9Vx8zbTyK8FNK7lZ9iDsDMWJirE/Z8eaJ64xHkQvxbwWL81NOFVAyrqC4Za6wr9TGMGsWn/RP3L8Cyx2NXvLagyPiWLSoK4HkgnsBSsALqmWzvq1/Qrqc=
B+mvX6MYXdblkHkdq0zNi+f9eiUV+BpZJkQTQrFZRWksvp1WN3ZS59ZVDYZfbibgh3qMc7anrxIZxCecVhqWQdqXOiTlh0ScMaVDk2ZT1rPQu9aWf5oF5AHOTulvBy0heeCa9nLfxED0jbClM9vc1V1FAo7dcclMvjjme/MMt5wnceabwwuABRS+ugxpj+J24WK5ZVVLm7ZTry9aX/2C0miY47OrYB4+IIJQHbdk/Pc+0FvXMKAMRc1Y1IKX9zSiFyK2/59u+8sdlhKzw69TOfMqSkH39Qzo7LKQgCkYKg6F6kZm5jKSlPU2p517wq6p
YkdQH8Y8m7yRzpdILchRRf1QNKC5CVFI8w62no00/tEEP0yDMZyk467BNvP9Bhu9jmQGdgJFINCDcK+u4zoX327gPQRJGRb9F8RAN7G6fQrpmkIPzeAd6wLPJD3iRyd9FDbrOLW6TbQm/2s1Dc+FKkJQxl1UPpjX+JMXydzbQW86yIkTudIygk6tN/5Xsht7/v23SdC7uCQy+o1dIji9CMFjQWmraJ9Vx8zbTyK8FNK7lZ9iDsDMWJirE/Z8eaJ64xHkQvxbwWL81NOFVAyrqC4Za6wr9TGMGsWn/RP3L8Cyx2NXvLagyPiWLSoK4HkgnsBSsALqmWzvq1/Qrqc=
B+mvX6MYXdblkHkdq0zNi+f9eiUV+BpZJkQTQrFZRWksvp1WN3ZS59ZVDYZfbibgh3qMc7anrxIZxCecVhqWQdqXOiTlh0ScMaVDk2ZT1rPQu9aWf5oF5AHOTulvBy0heeCa9nLfxED0jbClM9vc1V1FAo7dcclMvjjme/MMt5wnceabwwuABRS+ugxpj+J24WK5ZVVLm7ZTry9aX/2C0miY47OrYB4+IIJQHbdk/Pc+0FvXMKAMRc1Y1IKX9zSiFyK2/59u+8sdlhKzw69TOfMqSkH39Qzo7LKQgCkYKg6F6kZm5jKSlPU2p517wq6p
YkdQH8Y8m7yRzpdILchRRf1QNKC5CVFI8w62no00/tEEP0yDMZyk467BNvP9Bhu9jmQGdgJFINCDcK+u4zoX327gPQRJGRb9F8RAN7G6fQrpmkIPzeAd6wLPJD3iRyd9FDbrOLW6TbQm/2s1Dc+FKkJQxl1UPpjX+JMXydzbQW86yIkTudIygk6tN/5Xsht7/v23SdC7uCQy+o1dIji9CMFjQWmraJ9Vx8zbTyK8FNK7lZ9iDsDMWJirE/Z8eaJ64xHkQvxbwWL81NOFVAyrqC4Za6wr9TGMGsWn/RP3L8Cyx2NXvLagyPiWLSoK4HkgnsBSsALqmWzvq1/Qrqc=
B+mvX6MYXdblkHkdq0zNi+f9eiUV+BpZJkQTQrFZRWksvp1WN3ZS59ZVDYZfbibgh3qMc7anrxIZxCecVhqWQdqXOiTlh0ScMaVDk2ZT1rPQu9aWf5oF5AHOTulvBy0heeCa9nLfxED0jbClM9vc1V1FAo7dcclMvjjme/MMt5wnceabwwuABRS+ugxpj+J24WK5ZVVLm7ZTry9aX/2C0miY47OrYB4+IIJQHbdk/Pc+0FvXMKAMRc1Y1IKX9zSiFyK2/59u+8sdlhKzw69TOfMqSkH39Qzo7LKQgCkYKg6F6kZm5jKSlPU2p517wq6p
YkdQH8Y8m7yRzpdILchRRf1QNKC5CVFI8w62no00/tEEP0yDMZyk467BNvP9Bhu9jmQGdgJFINCDcK+u4zoX327gPQRJGRb9F8RAN7G6fQrpmkIPzeAd6wLPJD3iRyd9FDbrOLW6TbQm/2s1Dc+FKkJQxl1UPpjX+JMXydzbQW86yIkTudIygk6tN/5Xsht7/v23SdC7uCQy+o1dIji9CMFjQWmraJ9Vx8zbTyK8FNK7lZ9iDsDMWJirE/Z8eaJ64xHkQvxbwWL81NOFVAyrqC4Za6wr9TGMGsWn/RP3L8Cyx2NXvLagyPiWLSoK4HkgnsBSsALqmWzvq1/Qrqc=
B+mvX6MYXdblkHkdq0zNi+f9eiUV+BpZJkQTQrFZRWksvp1WN3ZS59ZVDYZfbibgh3qMc7anrxIZxCecVhqWQdqXOiTlh0ScMaVDk2ZT1rPQu9aWf5oF5AHOTulvBy0heeCa9nLfxED0jbClM9vc1V1FAo7dcclMvjjme/MMt5wnceabwwuABRS+ugxpj+J24WK5ZVVLm7ZTry9aX/2C0miY47OrYB4+IIJQHbdk/Pc+0FvXMKAMRc1Y1IKX9zSiFyK2/59u+8sdlhKzw69TOfMqSkH39Qzo7LKQgCkYKg6F6kZm5jKSlPU2p517wq6p
YkdQH8Y8m7yRzpdILchRRf1QNKC5CVFI8w62no00/tEEP0yDMZyk467BNvP9Bhu9jmQGdgJFINCDcK+u4zoX327gPQRJGRb9F8RAN7G6fQrpmkIPzeAd6wLPJD3iRyd9FDbrOLW6TbQm/2s1Dc+FKkJQxl1UPpjX+JMXydzbQW86yIkTudIygk6tN/5Xsht7/v23SdC7uCQy+o1dIji9CMFjQWmraJ9Vx8zbTyK8FNK7lZ9iDsDMWJirE/Z8eaJ64xHkQvxbwWL81NOFVAyrqC4Za6wr9TGMGsWn/RP3L8Cyx2NXvLagyPiWLSoK4HkgnsBSsALqmWzvq1/Qrqc=
B+mvX6MYXdblkHkdq0zNi+f9eiUV+BpZJkQTQrFZRWksvp1WN3ZS59ZVDYZfbibgh3qMc7anrxIZxCecVhqWQdqXOiTlh0ScMaVDk2ZT1rPQu9aWf5oF5AHOTulvBy0heeCa9nLfxED0jbClM9vc1V1FAo7dcclMvjjme/MMt5wnceabwwuABRS+ugxpj+J24WK5ZVVLm7ZTry9aX/2C0miY47OrYB4+IIJQHbdk/Pc+0FvXMKAMRc1Y1IKX9zSiFyK2/59u+8sdlhKzw69TOfMqSkH39Qzo7LKQgCkYKg6F6kZm5jKSlPU2p517wq6p
YkdQH8Y8m7yRzpdILchRRf1QNKC5CVFI8w62no00/tEEP0yDMZyk467BNvP9Bhu9jmQGdgJFINCDcK+u4zoX327gPQRJGRb9F8RAN7G6fQrpmkIPzeAd6wLPJD3iRyd9FDbrOLW6TbQm/2s1Dc+FKkJQxl1UPpjX+JMXydzbQW86yIkTudIygk6tN/5Xsht7/v23SdC7uCQy+o1dIji9CMFjQWmraJ9Vx8zbTyK8FNK7lZ9iDsDMWJirE/Z8eaJ64xHkQvxbwWL81NOFVAyrqC4Za6wr9TGMGsWn/RP3L8Cyx2NXvLagyPiWLSoK4HkgnsBSsALqmWzvq1/Qrqc=
B+mvX6MYXdblkHkdq0zNi+f9eiUV+BpZJkQTQrFZRWksvp1WN3ZS59ZVDYZfbibgh3qMc7anrxIZxCecVhqWQdqXOiTlh0ScMaVDk2ZT1rPQu9aWf5oF5AHOTulvBy0heeCa9nLfxED0jbClM9vc1V1FAo7dcclMvjjme/MMt5wnceabwwuABRS+ugxpj+J24WK5ZVVLm7ZTry9aX/2C0miY47OrYB4+IIJQHbdk/Pc+0FvXMKAMRc1Y1IKX9zSiFyK2/59u+8sdlhKzw69TOfMqSkH39Qzo7LKQgCkYKg6F6kZm5jKSlPU2p517wq6p
B+mvX6MYXdblkHkdq0zNi+f9eiUV+BpZJkQTQrFZRWksvp1WN3ZS59ZVDYZfbibgh3qMc7anrxIZxCecVhqWQdqXOiTlh0ScMaVDk2ZT1rPQu9aWf5oF5AHOTulvBy0heeCa9nLfxED0jbClM9vc1V1FAo7dcclMvjjme/MMt5wnceabwwuABRS+ugxpj+J24WK5ZVVLm7ZTry9aX/2C0miY47OrYB4+IIJQHbdk/Pc+0FvXMKAMRc1Y1IKX9zSiFyK2/59u+8sdlhKzw69TOfMqSkH39Qzo7LKQgCkYKg6F6kZm5jKSlPU2p517wq6p
jQ2TGiGYEwh3LNLJHxl2r+kdQS9MpS6nEpYxqw1RZfARCKuOzc0IPIrd2228jekUzqTsZF0tsKopxybPXlTgv2YNZjDfS8skIDuvNMXf6MDxn3IqRb2CZNx0kzhoPMZm2CKl5EV6t//uzY8G/WmQuR2Tf9yJSdvC86w/80duP2/kvbqcZULVqUt3QZ2zgK0NTcza8s+YlSK99ieMTpZfj9rOJFpVJS5w2cJR8c5Rb/VRBnqRPIkMCkN0/I1L3fCPKGFCf77FAqBuSfGzKzlni+VR0oaajftbMMNAF28IGwJlg6REQa8ewecxVxVt55guH03OCw2soqXITlHQ3qmyUMWxwLw6/JKTJjMxxQvT3L3g4pYliuQRH9gKZTB+ISaYk96Dd07R74WwN6CIArZVMaJUZUTxz1nly6THeXfAQyPi0AxeiznHrm7MVHQo58uafBV6NlM9fE6cl5nOzFjL6ZRgM6SeNTNgS3kpICqJf5GTm/eMgmt729x6+ORImrVHyoxhrK5sCnxi5gFAX+eHvK7L
eTBzlVgpZGPq3A+egYjbOGh/rzKfm+uNBKfL/g7cCaorPBT+2ELDgpaWkVjDsj6EL1Ik/pfcH6E01a4n+FzUT2TA5nHgcxOzKOn5yBT5RZEUIgWx2DxjmU5QyaQrNdmMh1wTaLVbfcn5NUJmQjmXicI6XL00EbU1mikPq9N5MoO1BTq0imRlSWG3tGOYV6yni6cITcvU+9Orh8+F6UGtam2FuqqZGoOZ5mwNkQ2nIHo6BVCx4dQ4QBq+h9vLegzPRgoauBbcxlImoP0G5idC/3ItziWWHE/G/ql2yBxmdgszAfdVlNpdTawc/O8+YQSZzLJLP2og4jH/0OgQsZeRmvIIhRUGnsWWX3AOjlyndJ9YVjhgZRisFleDcmCVg5HaWnwtYwk9LgKSLXh4eNbZNl2/FMIzS20N3Gvo05vBeHPbOTbyJxJn51rlc4bjAgV8LAFfPFI0f4/OruPkyD8vKONRnCT3zT0StrHdw/afsV4i1XQzPJnlPriJFoQFviWMQY8Smru/VYJPaGFKCRdxS+yNua7M
is384VY2IMbivbX1p5Z4h43I6O7gGZlLNeYImtQVMz/nvFu2mV3qJGxl8iCq1cVTSdcotPym5cRkPN3l/R3it0jgf09dtovZnDkqAP5Q9R0dO9J27Kmc2zlFcf9/YhDRqyqdHQR2cSWG5C2vnoKMPjfG0F6KsPg4scqNyMt5HmfLWOVrvM/dactSIZsH5OOm280/zLP5hOducm0w6W/7HcUDa8LBO032rrwnCglEbTwD8nZ0k9l6VLD0HRfSdqnolS9W08MDEXxOnxTbUKzT/pgzs//8mci7FhE2N77mXqP1rXP7iz1l6yZI8p/nvWCJ5OnXalfURZmwaokdYkcXmxNLdeW0WN+3eoWlfn6D2ES17qYLPsal6xRSMo6uVZZZtVvTkbCL4Njia2J2jXkIwEFORsPqzjNEF9kG4xODwB1kVpo0+cfiLlFK2Z0FQ1suo8eP4k81AgpYMAPLe+heJlBqcCUnLPyvjvg7L2CozN09MHQ6hz+0eieKVodP5rvTbX4yi1PnU2FDAiq5p/3McBzaMDg50arWtUKmHja60oyF3oel64qu8Q==
mYp5TQ8ciHOvbsp/jgsT8pC8RlGWCor88aJ64jlB1J23KTOod1PeMeqmsXOmNUpAlsNlvS1xTCNc3kdfb/7aap7zAOGi6xgjLztcxLuY911kt+C+ywL2LCprFoVKKbWomHHh4dDaObHkxKfp6thFxGf9/ZyDRM8o6cP5WZ39jkZOMXO5hoKgPUipcQX+IQOLnzHWEzGd5nTWfGFZRf94gxTfCFfP3zRN96y/Iw8PQ2UlCYl6aZ3makWCBwkCJEGxAa9ESv69LDEdbHxw/raL+weyaF/Ckkb4ysTCQgJosWZqr+aPttXyJarki7ZaIfqoUK5SGzcZKxXIQtndyNQwzzJp4KmICre/FpgmAZvY5DD933UKdpBZ1VqGwYZ7OMJu0C/QbxwuBGBZYOjm8wv+gFnLtcpeZHGj1aWqknZlNFh03r0GmQdoQs/zKT04Y+TzVwkc41+harL7CmP3fi0/5m+KoQzo+WM8bsy7/2omb4SE9ws450lAZKtVuYLSeRHj+pdVbmZtiLNAISEO3IEapEn2wRzFF85a56dRkmsgraqFn9W7qPWFrvA=
EkLyawTn2A4RGedoX+mHbNgLmT1Bhm43sbUpPXmV8prKTUYWHaT9nc91yKK/u0RyOILjAC8KGfTJT6l6cEiBXcrB7sQ9jr1sqX/ZGXOPfSLXGBkKkUdJa0Qdca4E
lrv1X+WcR81j3SR3JhB7yNy0bUVW43JSWjFeM0QHa3twg2p6dYFDTxFvuPd+wcHawWWhcSxlXXoSs73xOQ40Avtl/3KO0GxoWPvzhnwJQiojIURSfEuhkrwE8zVUvIv47mmLvKvlkbxaFccNEwdPEPL3w0c8pkC4OMYNmAlQWfDeMDKggvo5XC/7v6Cu1w==
qQfIl56vo2LgGamcb+h90qLoigu+sFlxtj9KDiBpeeyE29MnAN/SppUd+9Nh8wBr/l15RrH5Ge3MueUmYu8FLfnSDF6LOceubsxUdCjny5p8FXo2Uz18TpyXmc7MWMvplGAzpJ41M2BLeSkgKol/kZOb94yCa3vb3Hr45EiatUTJjGGsrmwKfGLmAUBf54e8rss=
p+I7juj++RtESHhHkjq8AWniZLAaPpLudqdWMdTVdk9yueuJ60IKksbUaTUkDSO8eCl0/kmgpUidi/7uhMtR/X6rr9zhBn/G0lonFvZXmh1ae40vYSpXcFFXdaDUSALUUHph3fsnOUnxZ9ncMDwT76OUvpLYhgDhHzD8u6Y0a8v4FGyp9RxEPv/j9C7PBsYjFxrb52USws/re9P160763b/B7IRUdoC8wY5pAt1OtjruxjI4DTL3YdOWruU=
E415rRJI30Ma9x7lZIBo4i4NhCIq298uhNTztN7rnTRIJbK8QKg/PfYVfsWUYsoevt/j3ZazRDRiW3sWuLf8KWFaK9eGHVemhxo5bCAJWzxWPHOf8raHxOzH8xivGdjkMwVxYuoJOSNSB83Orl3ws7gRaa5EEbLkYQb5fI3HVdl/d5myExBFau0PTVvghb2uyA==
mBxHrTdqQZnnOlrref4IgFkvaR4JJNW+4JMsJwl049iTs+Bue1CgaLKfrM7htVg0PRFGEUYs6L/tdmQFjzUYOZbMBZNXkUkFNBE+o8U0CT895/xXKUTqedF32cwQDNOfQwQ+Arh2QNE/IPyrhgQrO5iE7DkVbIQO3/P0Pu82BlP3ilt3BeKC/8tr0+XLfrot31FsFLQGQIzhnmkS/X52Sg5WsqhtwrdR84au9Q==
uNNUKvg0mnomxS3RAnzgjTjJdo/aDzKzy+7g7IdvgmuQ9cZh5vyo7w1GZDVvZVjpNryFY/fBidVUIT6TpeTJb50XfCeJlKopMUfZ/PBck0/jdL7yGCaAAV8Q/Jvm1OtrOHRsSbW8xF4/w/QOD2ZGg1f624elskIvq1vT1auuen1/oexkFNYA3AGuaSIdLjaariYyWM2Sd4GTtq7F
4OyIjm1mgxFVTpHdJZMe8in68A0htN2orOCac55oqZn2d/rWwNHpZARTQ59gh2JuVVWLi0ELEGP+VWm+kaFppQxxVX4CV5WleVqc5mvhd+YuBKSsCJ/bknwdak5z5YyG3N8pFizgW2EU6KMc/m2DqIsxWXgKcW+Zk5PndKIzC5Mcski8KCIlzEkE8RROtLo0Ii7xmH+fl7Suww==
gv68l29ghgiGBqZJGI7cA2yT1y7QctQXm2e4PG6j4S089FFSWkiV6tFhsyP8LnCgWH4dUIkYSUg+KAIowvLJxA+DL2iuHw==
74jyWJvNuw+mcvVrp+BECnAqR7PdgKOGIK9KZleW2gtyENF3cTqp9w21fJ0Y1Adqz6QLC0O5KXtfKiV8I9rrw/sDhilrrh4=
OAnDIg9zY4iKwy20TL39OG/P3P1SR6SwwFhnJEqry+B1ymZ3PIrxJlyHhIh32yf6/9srrYqRHuQhhrl8TUeV2b/32bJTkIVqLY8NW6AFfa4I
3oxyKulQg2ADpJaBwGlo5xWou50+CObuig0gFHyZy+B1ymZ3PIrxJlyHhIh32yf6/9srrYqRHuQhhrl8TUeV2b/32bJTkIVqLY8NW6AFfa4I
NwFMy3Agv97Myaso3ICV1z8Q8xR6jLCcqP3DsQyOvv0tV/SylRAahskgqZfn8cwQXPqwGPkyqTZ1YiY+dtrS7MX+B4Uraq4R
HWzMAhlT1nkSRLUE1YVjgVnD4OdwISbDw3hDrPUEMAQYVSPJ3Mb+JV2/1IqFGBqe+QjJb7c5DEiskhCgaboprsXKxkamkpI0tRYnvTtirgk=
u3qah0FPAYZR9oWVYc3OGAiD6tZAEBbPwWletPQEMAQYVSPJ3Mb+JV2/1IqFGBqe+QjJb7c5DEiskhCgaboprsXKxkamkpI0tRYnvTtirgk=
f4bQz5sYhhFysiqsJ046kQ+ewy7QctQXm2e4PG6j4S089FFSWkiV6tFhsyP8LnCgWH4dUIkYSUg+KAIowvLJxA+DL2iuHw==
5t3a/h28xiDMFT14Yf8euQ6ewy7QctQXm2e4PG6j4S089FFSWkiV6tFhsyP8LnCgWH4dUIkYSUg+KAIowvLJxA+DL2iuHw==
mHXGRZY1uUjCCPg822g5Qg2ewy7QctQXm2e4PG6j4S089FFSWkiV6tFhsyP8LnCgWH4dUIkYSUg+KAIowvLJxA+DL2iuHw==
Q96JNUQ6fnWxaeLqch/MLA8ppunlKbNgzVqOF+Q6ueYUV7yon6s/+ucrQ42ywdak6TbhnCXXLVlHZ3ESC2DNquXf9TuINWWuEA==
ZDUT9Pd5u3fEm9JMzgOyKQ8qpunlKbNgzVqOF+Q6ueYUV7yon6s/+ucrQ42ywdak6TbhnCXXLVlHZ3ESC2DNquXf9TuINWWuEA==
pwJo8eEEFet6wWkW38t1cQ8rpunlKbNgzVqOF+Q6ueYUV7yon6s/+ucrQ42ywdak6TbhnCXXLVlHZ3ESC2DNquXf9TuINWWuEA==
PrEy8MKF7guyY83pQiqTKQ8spunlKbNgzVqOF+Q6ueYUV7yon6s/+ucrQ42ywdak6TbhnCXXLVlHZ3ESC2DNquXf9TuINWWuEA==
SaCM7nHfqioDsXlXYxbbNQ8tpunlKbNgzVqOF+Q6ueYUV7yon6s/+ucrQ42ywdak6TbhnCXXLVlHZ3ESC2DNquXf9TuINWWuEA==
0ekM3dba2NHIR3thUzU9OA8upunlKbNgzVqOF+Q6ueYUV7yon6s/+ucrQ42ywdak6TbhnCXXLVlHZ3ESC2DNquXf9TuINWWuEA==
6Wn+XjU9IzZXyU65X0bJqA8vpunlKbNgzVqOF+Q6ueYUV7yon6s/+ucrQ42ywdak6TbhnCXXLVlHZ3ESC2DNquXf9TuINWWuEA==
zda/JLCkaTaCt4H59C5bjB4j8dh6Wq7NEcBvPnR/Po4LNmaj5mAl7/26JW95Reg1pHTbAjv037MPeWWDC/oRVP+6F6vvM7IxZ64S
F+ZmTIqU+9cr26rGgjPZKwyewy7QctQXm2e4PG6j4S089FFSWkiV6tFhsyP8LnCgWH4dUIkYSUg+KAIowvLJxA+DL2iuHw==
K4iRTYYQc7+lDYOcZzd6xw8ppujlKbNgzVqOF+Q6ueYUV7yon6s/+ucrQ42ywdak6TbhnCXXLVlHZ3ESC2DNquXf9TuINWWuEA==
V5jplcunw78+IcRnMV5x/w8qpujlKbNgzVqOF+Q6ueYUV7yon6s/+ucrQ42ywdak6TbhnCXXLVlHZ3ESC2DNquXf9TuINWWuEA==
1ojgWRQzdH4mtRiurvuiIw8rpujlKbNgzVqOF+Q6ueYUV7yon6s/+ucrQ42ywdak6TbhnCXXLVlHZ3ESC2DNquXf9TuINWWuEA==
SOdk5Z18NxaMLNmgL0gKwBwj8dh6Wq7NEcBvPnR/Po4LNmaj5mAl7/26JW95Reg1pHTbAjv037MPeWWDC/oRVP+6F6vvM7IxZ64S
BBdU28M5miMUNnwsiOO+2DcSx7QSeUdfpsDwWOABk2W0Il6ZxctEBg2cmgJBnDkDH51stPQmwOyh/mlyvR72ak72sgit4jexM2auFQ==
/qojXQYMKqRHL/ZhZAHNEzYSx7QSeUdfpsDwWOABk2W0Il6ZxctEBg2cmgJBnDkDH51stPQmwOyh/mlyvR72ak72sgit4jexM2auFQ==
0uJirT7wO1pcbMTmjTM/8guewy7QctQXm2e4PG6j4S089FFSWkiV6tFhsyP8LnCgWH4dUIkYSUg+KAIowvLJxA+DL2iuHw==
/xqL1/15kdVaCSIYaARs3Qqewy7QctQXm2e4PG6j4S089FFSWkiV6tFhsyP8LnCgWH4dUIkYSUg+KAIowvLJxA+DL2iuHw==
ewrpcV4CQfU38CbbAdGQDAmewy7QctQXm2e4PG6j4S089FFSWkiV6tFhsyP8LnCgWH4dUIkYSUg+KAIowvLJxA+DL2iuHw==
AFLnaSNtrokFuQNCUMnRdh0j8dh6Wq7NEcBvPnR/Po4LNmaj5mAl7/26JW95Reg1pHTbAjv037MPeWWDC/oRVP+6F6vvM7IxZ64S
+biaAnLzLsxlK+47RvhINzUSx7QSeUdfpsDwWOABk2W0Il6ZxctEBg2cmgJBnDkDH51stPQmwOyh/mlyvR72ak72sgit4jexM2auFQ==
8Mwf1auhHATjLe7bQShsVzQSx7QSeUdfpsDwWOABk2W0Il6ZxctEBg2cmgJBnDkDH51stPQmwOyh/mlyvR72ak72sgit4jexM2auFQ==
tkLYtVw/yHCS8dHlFr8xRTMSx7QSeUdfpsDwWOABk2W0Il6ZxctEBg2cmgJBnDkDH51stPQmwOyh/mlyvR72ak72sgit4jexM2auFQ==
C10gn1/lxemv8B8a2XtYcwiewy7QctQXm2e4PG6j4S089FFSWkiV6tFhsyP8LnCgWH4dUIkYSUg+KAIowvLJxA+DL2iuHw==
UQh3JLPxsyXZJsd1L2cjsgeewy7QctQXm2e4PG6j4S089FFSWkiV6tFhsyP8LnCgWH4dUIkYSUg+KAIowvLJxA+DL2iuHw==
2A1jXsdTLun6wLfjXlhJvAaewy7QctQXm2e4PG6j4S089FFSWkiV6tFhsyP8LnCgWH4dUIkYSUg+KAIowvLJxA+DL2iuHw==
7mS9ClBJsBxhfczfasxYPzISx7QSeUdfpsDwWOABk2W0Il6ZxctEBg2cmgJBnDkDH51stPQmwOyh/mlyvR72ak72sgit4jexM2auFQ==
74igHMpTrNXao8yEzzLHnTESx7QSeUdfpsDwWOABk2W0Il6ZxctEBg2cmgJBnDkDH51stPQmwOyh/mlyvR72ak72sgit4jexM2auFQ==
URoFXJXnIm0gDBJE1oK7zDASx7QSeUdfpsDwWOABk2W0Il6ZxctEBg2cmgJBnDkDH51stPQmwOyh/mlyvR72ak72sgit4jexM2auFQ==
+rAtSQFk+Dxbj4wh02Bi7xBSS7XdgKOGIK9KZleW2gtyENF3cTqp9w21fJ0Y1Adqz6QLC0O5KXtfKiV8I9rrw/sDhilrrh4=
IW8FWm9h+81Ijqk3qoHEjxFSS7XdgKOGIK9KZleW2gtyENF3cTqp9w21fJ0Y1Adqz6QLC0O5KXtfKiV8I9rrw/sDhilrrh4=
hcqkhni20+LNcsyusGY8tRJSS7XdgKOGIK9KZleW2gtyENF3cTqp9w21fJ0Y1Adqz6QLC0O5KXtfKiV8I9rrw/sDhilrrh4=
WJli5l+yv/HXpbcejLbQMxoj8dh6Wq7NEcBvPnR/Po4LNmaj5mAl7/26JW95Reg1pHTbAjv037MPeWWDC/oRVP+6F6vvM7IxZ64S
JAp7SS3t4wzML0WyyG8fQj8Sx7QSeUdfpsDwWOABk2W0Il6ZxctEBg2cmgJBnDkDH51stPQmwOyh/mlyvR72ak72sgit4jexM2auFQ==
xEFHjLd8MbdxhRMXrt5vRT4Sx7QSeUdfpsDwWOABk2W0Il6ZxctEBg2cmgJBnDkDH51stPQmwOyh/mlyvR72ak72sgit4jexM2auFQ==
/CtwIFctDO2KbKONDX6ZW0Vw3Y9tKDKLKnj3oImS0qdIYl2GsO8QOOMju3pjo78dHnlyRI3uTSz5n+kZg68t4me46YoBpxkrtD1hrhQ=
enOTrPzMZ9Gmq5MXTu8mWl2pITy0nJhSYD2CpbFCXUj10RGS7YBT5hBvOobnFkprotCBl2E6uZfd9Sx9iFS3Cj/kO+szuRlbr2qV3FNae2MrQ1YJe64O
Tbc6daHfdtBVI5BkGHhKixNSS7XdgKOGIK9KZleW2gtyENF3cTqp9w21fJ0Y1Adqz6QLC0O5KXtfKiV8I9rrw/sDhilrrh4=
w7fb/eVz7SaNeLvw/xuI/RRSS7XdgKOGIK9KZleW2gtyENF3cTqp9w21fJ0Y1Adqz6QLC0O5KXtfKiV8I9rrw/sDhilrrh4=
A3RRs+0528MrEQIlIgaxHxVSS7XdgKOGIK9KZleW2gtyENF3cTqp9w21fJ0Y1Adqz6QLC0O5KXtfKiV8I9rrw/sDhilrrh4=
SaS1+c2W5HpENyk4hw1DcBZSS7XdgKOGIK9KZleW2gtyENF3cTqp9w21fJ0Y1Adqz6QLC0O5KXtfKiV8I9rrw/sDhilrrh4=
MEHN9sPpeMsLQvnbQ1n/10Rw3Y9tKDKLKnj3oImS0qdIYl2GsO8QOOMju3pjo78dHnlyRI3uTSz5n+kZg68t4me46YoBpxkrtD1hrhQ=
XejU6IpTi/bWyvsaVQR+CBdSS7XdgKOGIK9KZleW2gtyENF3cTqp9w21fJ0Y1Adqz6QLC0O5KXtfKiV8I9rrw/sDhilrrh4=
IKYsN1L9sRWwBAxRYcWtghhSS7XdgKOGIK9KZleW2gtyENF3cTqp9w21fJ0Y1Adqz6QLC0O5KXtfKiV8I9rrw/sDhilrrh4=
XYED1b9BhZ/X5Q2rUcvxRjBczvs+0htiED4MWyvL4NAOT3mBjHjJ3trEDWZhzSvPnMIoDOgyxRxJVJEEDgRaxKIe0eg/jzdkrhM=
upRLE5OAaNhOKD8vNh7KeTBfzvs+0htiED4MWyvL4NAOT3mBjHjJ3trEDWZhzSvPnMIoDOgyxRxJVJEEDgRaxKIe0eg/jzdkrhM=
nVwZYNmwmJedR4fVa9g1hzBezvs+0htiED4MWyvL4NAOT3mBjHjJ3trEDWZhzSvPnMIoDOgyxRxJVJEEDgRaxKIe0eg/jzdkrhM=
p+09I1Q24tHN3dQQJ499JDBZzvs+0htiED4MWyvL4NAOT3mBjHjJ3trEDWZhzSvPnMIoDOgyxRxJVJEEDgRaxKIe0eg/jzdkrhM=
fANKmSY0oZA8zW41Gac3qUdw3Y9tKDKLKnj3oImS0qdIYl2GsO8QOOMju3pjo78dHnlyRI3uTSz5n+kZg68t4me46YoBpxkrtD1hrhQ=
wI/0rZThGD+rGqFPbBZy4hWAp5YeNifIyk0Xk+4EMAQYVSPJ3Mb+JV2/1IqFGBqe+QjJb7c5DEiskhCgaboprsXKxkamkpI0tRYnvTtirgk=
LTRG1lrk72kddlLag5YBuBWDp5YeNifIyk0Xk+4EMAQYVSPJ3Mb+JV2/1IqFGBqe+QjJb7c5DEiskhCgaboprsXKxkamkpI0tRYnvTtirgk=
k2B8GPEAfL5UOMDoloBhwxWCp5YeNifIyk0Xk+4EMAQYVSPJ3Mb+JV2/1IqFGBqe+QjJb7c5DEiskhCgaboprsXKxkamkpI0tRYnvTtirgk=
kBvpJhxHQOSA70Kh0UXhJxWFp5YeNifIyk0Xk+4EMAQYVSPJ3Mb+JV2/1IqFGBqe+QjJb7c5DEiskhCgaboprsXKxkamkpI0tRYnvTtirgk=
0CWXcDQNAmRbSEuy5bN3qhWEp5YeNifIyk0Xk+4EMAQYVSPJ3Mb+JV2/1IqFGBqe+QjJb7c5DEiskhCgaboprsXKxkamkpI0tRYnvTtirgk=
xwy8vwlFmjIqJG/uRaL82hlSS7XdgKOGIK9KZleW2gtyENF3cTqp9w21fJ0Y1Adqz6QLC0O5KXtfKiV8I9rrw/sDhilrrh4=
ffBfgVHABhA2HjivtctuORBRS7XdgKOGIK9KZleW2gtyENF3cTqp9w21fJ0Y1Adqz6QLC0O5KXtfKiV8I9rrw/sDhilrrh4=
xnz2zsPDQt8t01cRBSrxzxFRS7XdgKOGIK9KZleW2gtyENF3cTqp9w21fJ0Y1Adqz6QLC0O5KXtfKiV8I9rrw/sDhilrrh4=
f3M0cKBfcTT+lsvprc6/kBJRS7XdgKOGIK9KZleW2gtyENF3cTqp9w21fJ0Y1Adqz6QLC0O5KXtfKiV8I9rrw/sDhilrrh4=
fS1pXukKxnjhdu/OSfjM2hNRS7XdgKOGIK9KZleW2gtyENF3cTqp9w21fJ0Y1Adqz6QLC0O5KXtfKiV8I9rrw/sDhilrrh4=
Qz3RqCyX3nWJ5zHj0XPvZhRRS7XdgKOGIK9KZleW2gtyENF3cTqp9w21fJ0Y1Adqz6QLC0O5KXtfKiV8I9rrw/sDhilrrh4=
jRu/FSYjY5cKaaeB381T9Bsj8dh6Wq7NEcBvPnR/Po4LNmaj5mAl7/26JW95Reg1pHTbAjv037MPeWWDC/oRVP+6F6vvM7IxZ64S
Yc14ZEE5WNQeDdMDzd1E8kZw3Y9tKDKLKnj3oImS0qdIYl2GsO8QOOMju3pjo78dHnlyRI3uTSz5n+kZg68t4me46YoBpxkrtD1hrhQ=
BiKQ7nXlzoVGKfN5Np0s7BWAp5ceNifIyk0Xk+4EMAQYVSPJ3Mb+JV2/1IqFGBqe+QjJb7c5DEiskhCgaboprsXKxkamkpI0tRYnvTtirgk=
xxzrlX9Chk2HglNACumhIhWDp5ceNifIyk0Xk+4EMAQYVSPJ3Mb+JV2/1IqFGBqe+QjJb7c5DEiskhCgaboprsXKxkamkpI0tRYnvTtirgk=
X2aix/PzJ3EiYXUWmZRa/BWCp5ceNifIyk0Xk+4EMAQYVSPJ3Mb+JV2/1IqFGBqe+QjJb7c5DEiskhCgaboprsXKxkamkpI0tRYnvTtirgk=
cvvO3aZdlzs7gwfaxGnh/hWFp5ceNifIyk0Xk+4EMAQYVSPJ3Mb+JV2/1IqFGBqe+QjJb7c5DEiskhCgaboprsXKxkamkpI0tRYnvTtirgk=
6KptfuAxPTzOx5cVq38F1RWEp5ceNifIyk0Xk+4EMAQYVSPJ3Mb+JV2/1IqFGBqe+QjJb7c5DEiskhCgaboprsXKxkamkpI0tRYnvTtirgk=
dZDbtNG1JT6fYu7d0CWbW4K14+yGD7+fS76GKTYUCIedzuS9/w34Aeb0xSsnKam9RCk+m7WM6YdNXzxvWXwKQaHPWXRgNDOnMzz+usjOoGlPGPyT9rzLg+g8LAFlVGQ2r0t0hp8O5muHspvPdVpiR7tT0927xlqVr+msLMQ+oLSRJumqjUaWcn5uchAdelfpg76uzQ==
nzjHJUFjmVFZuTx4B6aC8lagz6n495liuoOxv5ZbIjrwnbGoxJ8b09BrusI1+RNn8YeI737Z8TIhTfEJbN2NkrIbzWm5lsSqWw2vyk4ovEA4k8OefBFyQkMJlKq88/H6HKwDrdQk+1BOgVsE653BlLr99xUTH3/4Et+TP3wekFCYbn0AicipWH5YYhhCAul0T5OPuK7P
LXYyFINuRiWbIaWQdvcgLjxodqAwXiJBKBrpDBElPW78hFtURlsVtMDVKhwo+If9LiUWpaxywh62z9s9foMcdNqLk7Ygx3Sp6eqzty7Nr2bfahFM2BlTPF4si7/axt8EFBdbeDepUGS7denCAtmBYwo3JS6WTfizsAFRziwhaiTZVpHcFTfdWffHAVK7QD0qNf9le5iVta7A
PoaoKVDYOeVzUPD0p0Y/tTOTJU83f2MmtzgJNSMe0pi1bChHO1TuiUQkxiSpjWD52J3iLgzeeJOVhbBfUgR0V30OTpvaSUd23Q/AUQEWUfaf9FaF3bzQsAUHVFpRdLqLtcBZNf6EFSmHeuwFLxNE6+uW2BE2c35dH/bi/SRU94p/5Htr87nZ229qVVwTWjvja0OWibuuzg==
NAy+vDbAlzbbJLDK181DeVSmdOxHYiD2vidD1J6Mc+C7LFl3zja/ZLHmSTydZ6XZzxeJcuMwFerd790bkCVtrhg=
XDPI8etRddpCndsIstfcwBkg1ohvMgffWlSluprblPNCbBzL4u8HJPoU/2A3tL0HCn5jRI3uTSz5n+kZg68t4me46YoBpxkrtD1hrhQ=
wmImp+yG93kZrj0tIhfh2LaQqloKJp+IiWN835W0zWvnQICmnoBHRk1KrozIWyQ53ug2Hmdu1cL9tBNS01RnI3f53RPzmrmEt3pfmwdTqgF/rgo=
xanpW2Rpl0RO34ARNQhFalqx+kifPJNZyHKlMnTwpCs591BZNwyE/dZyuDP8LnCgWH4dUIkYSUg+KAIowvLJxA+DL2iuHw==
dIqB4NB2wrRH8VnG9cl+qFqx+kifPJNZyHanPHTwpCs591BZNwyE/dZyuDP8LnCgWH4dUIkYSUg+KAIowvLJxA+DL2iuHw==
WOlnFZmvtaIFaVlTEWrKdoaOu8gfUN+oNlxpf2VGpVivMFgvKAg3ciLNtaTZXtjkCJoBPI4T42t0ryb1bVBK6tFktQh0dyATc8m+cq+ij0cClctGO1J9XMQRVzxaJJevtv47JHBPd4gL4RSkfz2Vcu4BJQOuz4m+CsV8MzSJzV6AWc7EfQ79bOn/mRkzDz0il5jZClHHiWuEnbGuxA==
NuulOri0/hpPZrSkMNGE1ZdW/wLJQ/Agt/t9Y47JX////zl11i4dZHk0Y7JjFLdDh/ntM6NaySQH+s/71xOaIW+uGg==
uLLdUNi3p1mOkaI0txL4ysij5PadALicCKPDPhddCYqbxOS9/w34Aeb0xSsnKam9RCk+m7WM6YdNXzxvWXwKQaHPWXRgNDOnMzz+usjOoGlPGPyT9rzLg+g8LAFlVGQ2r0t0hp8O5muHspvPdVpiR7tT0927xlqVr+msLMQ+oLSRJumqjUaWcn5uchAdelfpg76uzQ==
Atn9zRI4WCoTtHrT5LAw1zT2+FW7pmre2fVRTaACL1wk9Ctiy7Qv0x95daM7uqH0TzqHC7/z4tEXrmI=
64NrwDEWD5ElLg2t0XXebIYgOMJxdxrhIlhu8h+NTGC8inBoGUKpRpUS5k6WqlKcJY7H9csarmE=
cObxmaI/6e2mexJrkSFjN5C8RlGWCor88aJ64jlB1J23KTOod1PeMeqmsXOmNUpAlsNlvS1xTCNc3kdfb/7aap7zAOGi6xgjLztcxLuY911kt+C+ywL2LCprFoVKKbWomHHh4dDaObHkxKfp6thFxGf9/ZyDRM8o6cP5WZ39jkZOMXO5hoKgPUipcQX+IQOLnzHWEzGd5nTWfGFZRf94gxTfCFfP3zRN96y/Iw8PQ2UlCYl6aZ3makWCBwkCJEGxAa9ESv69LDEdbHxw/raL+weyaF/Ckkb4ysTCQgJosWZqr+aPttXyJarki7ZaIfqoUK5SGzcZKxXIQtndyNQwzzJp4KmICre/FpgmAZvY5DD933UKdpBZ1VqGwYZ7OMJu0C/QbxwuBGBZYOjm8wv+gFnLtcpeZHGj1aWqknZlNFh03r0GmQdoQs/zKT04Y+TzVwkc41+harL7CmP3fi0/5m+KoQzo+WM8bsy7/2omb4SE9ws450lAZKtVuYLSeRHj+pdVbmZtiLNAISEO3IEapEn2wRzFF8xZ56dRkmsgraqFn9W7qPWFrvA=
16AR8IJvTZgW/ofEw69WYf5967+zPm86NWoIbOFglJyX+qZ52P2tafN0qfmoXuYbXEyko7lMm6tApZDNc8/YHu9SD0B69goTNtKHvtAHDWkS3khG0ZVaP4w5draPMVKoATG8lIP0AdHrhIVI+UjfD78BS1Ho9si95SEg7hb9fsVXHegtBbv5HQBLd1FQFGDw58HTUx4z0pNej+mzAk3BwJn7WUOF1UOlH+LvEVAK805BUdQIJ4EHo1JS2NEa8asA2uhoOg1LYR6+B4RecJj8yMRaFETXVqzjsFcQuUSlHIgtbgxtPJg2gkQDMRUddf6On4UeeFZ/tOV2MS5mAX8g9AAZjdTiAJvzo1IwXO+17ApHHu2UpN4WY4a3OkIyYG8Mzj6lRzgwP2cjUtjox8NjaezKoElSaHLSqx6/a16CeZ+Ppa7vYkMxpcq7GW1c0s0GZe9oAVnWqcb31E6V1bzYoB0nPGqptOLbHSDhRXYEnZn/2gTVd1N8G8P2wAE+c3ZNBxbKjRyUL9oXRIPbejlRK9cK/YzLGkPTg2OOmbOuxg==
WnJfGfkmicTFoUT0jDP2o1FGMdc+5mDc+eRQFIbhfjcMhdtOU70ePEZFLHykjmBEMXHo+iy3VsIePvLA/coXmSNurh0=
EyZv/aL8kpuBk6Ykz/mnoR+uc/tIdCC7oi1e1YGxc7/9P09szyysZLHmSTydZ6LYzxaIcuMwFerd790bkCVtrhg=
g20QZ+9RaVMGImpwyZjFRDT2+FW7pmre2fVRTaACL1wk9Ctiy7Qv0xh4daI6uqH0TzqHC7/z4tEXrmI=
Cd+MUdzMyO530/B7WCDYh4YgOMJxdxrhIlhu8h+NTGC8inBoGUWoRpQT5k6WqlKcJY7H9csarmE=
3l/QvaCVLLUfixfApI29Jmh/rzKfm+uNBKfL/g7cCaorPBT+2ELDgpaWkVjDsj6EL1Ik/pfcH6E01a4n+VzUT2TA5nHgcxOzKOn5yBT5RZEUIgWx2DxjmU5QyaQrNdmMh1wTaLVbfcn5NUJmQjmXicI6XL00EbU1mikPq9N5MoO1BTq0imRlSWG3tGOYV6yni6cITcvU+9Orh8+F6UGtam2FuqqZGoOZ5mwNkQ2nIHo6BVCx4dQ4QBq+h9vLegzPRgoauBbcxlImoP0G5idC/3ItziWWHE/G/ql2yBxmdgszAfdVlNpdTawc/O8+YQSZzLJLP2og4jH/0OgQsZeRmvIIhRUGnsWWX3AOjlyndJ9YVjhgZRisFleDcmCVg5HaWnwtYwk9LgKSLXh4eNbZNl2/FMIzS20N3Gvo05vBeHPbOTbyJxJn51rlc4bjAgV8LAFfPFI0f4/OruPkyD8vKONRnCT3zT0StrHdw/afsV4i1XQzPJnlPriJFoQFviWMQY8UmLu+VIJPaGFKCRdxS+yNua7M
DkpD4Rk/yRFcD3GOA8OL2kbbwrn5tuWGsmPrFBkfdWD0QjLSxAqMhlkM8bdBzMH2sSCa8tV7BraxV1MhK8ojzWdFxQUaJou5jplBOZEoxz3v/vAF42ZtOXxKcRHuyP3rxl4sqr9KYDoyTLhMmSadzNNlfjMDlJXPRHNd3SP+cV/fuMOy08EPKIuFRBPGHv20cfMbyY1Pm+a5B03CxpD3TlGYzaiLfsYQKyU6IJgYDRPKasm8XeMmdzu/kcimM0QfiPDz6pA/gxvE5QhPvn2msyZ6vne94YPf8wFl305kItu/YcAdbGVnDu8oBe2YhpkZelt3z9uHBUFM5F8Dkin1uqbf+FC94pbvBrplH7w+ogo2yXaN/Rcjtci34OyKR7Iy1aWoVMnC9qdSMnMwPzUW5wufoEmsmuqQAXtimrnmiVndH3s6q8u/BndJwv7wXJNP43S+8hgmgAFfEPyb5tTrazh0bEm1vMReP8P0Dg9mRoNX+tuHpbJCL6tb09Wrrnp9f6HsZBTWANwBq2giHC82mq4mMljNkneBk7auxQ==
k7xW3qx9pYFPhhmYjoKqZVqx+kifPJNZyHKlMnTwpCs591BZNwyE/dZyuDP8LnCgWH4dUI8YSEk+KAIowvLJxA+DL2iuHw==
eikwjqbc8lf3+t8SNAFRMzJLq6V5/6zTIq/IdBz90x/u+8CBmQzgubWCksdEl8wpETp7lza9xyZ3+umsEClLPEYcQ18iVndEfGdDWP95qOQDJaGiGumpo+KnnY7ePeCzqPGZbpSxAmTxZok83edl34+WSHKjsNXqnW8dG9Clra7Y
whO/bwcBGoKUFo0oshWUBHM1mRjFp93noeDaZE02kZyGhEg/f/eJC6qevwaHPwDAybzEWmB9AfUsh/dWcHt+oPQd7CSUlgCcge5vYpxvNtouZjKYTVJ3QRN2rgU=
alsZx/SOdkfRYlwQO0iGSQNa5PIeq3ADdE8tZlrmybgZBhoS2M3LiTHhBvgfpOOR6Hq1CjQINKPZv2BBNxS0tTb6KMu8FmCoeLZtyA+AuAEeIBIQAopZTG9LH3CuBw==
XXJ4fNSRe2Tt9hw6YwttLCppy9cvmVEZQ08tZlrmybgZBhoS2M3LiTHhBvgfpOOR6Hq1CjQINKPZv2BBNxS0tTb6KMu8FmCoeLZtyA+AuAEeIBIQAopZTG9LH3CuBw==
vZyRRVWgh0GkAA/euqQ8gxd+YCxRRiViWuLBrAkSMvb4qeNdYbXOPF9gK8W4rh1ulOycN0kr6MW3kDwhpm6ALxxyyHwo4qUMT0RwVU70OnQibnFYf18XdK4D
KtN/i8AqZxPFlk2EVCIjJPaEJ1eNrSoBhh6IHc/VDwesVF1eWt65kPkuSkoYFZvhkQm2gJ9cU/lIkmVSdNDki7mXkHk3LESdVtL4E/xOsEDY3t0wj/gI6b5IQsjC0glkj2NvSK4/
IgS0WggS4X79kAC6HmKn+DfV4vL36NM2V8nVOpp5U2epHx8aHX/Ntemwg0BOVRSlRuRRb28l1JRFTytcOzqu3ahyWBdPYmB6teI6BHXeVcwx70Gf6x7kwn9I0crZN2GLfG1Jrjw=
oVh4SRDkhZN7jCT25dcP4Senu0BorNel+OqLdYVsvJb2dfzLhNfoQVAfDdYg1Uh8OzGR7TBzb2r/FS/tjf52sQE2bGcTe5WleVqc5mvhd+YuBKSsCJ/bknwdak5z5YyG3N8pFizgW2EU6KMc/m2DqIsxWXgKcW+Zk5PndKIzC5Mcski8KCIlzE8E8BVOtLo0Ii7xmH+fl7Suww==
HolZ7DrwiiIcJFLcXmz9me3Gqw31jDM+uon+BXMQWs7wtWUvJQdpky/bDlCkP+wtk6yVAxsnDAn68zVKXpu4hRL0S6JrNI+T/n9VYlo6wTRvOmdLX3NCEXeuAg==
p/rBvActwJetW6fcZ9Pe+C/O4PUwNKDVFRghuAix0xWynNv7vPYgCPjWrekPoPjhnoDScAKqGazv698Qrmc=
p/rBvActwJetW6fcZ9Pe+C/O4PUwNKDVFRghuAix0xWynNv7vPYgCPjWrekPoPjhnoDScAKqGazv698Qrmc=
bwwOd80xA0j9RWH/ntLA310H8IOWM06p9VbD1eu8tHfG6qzItuhVxaVVeBQUW+pvUdGXS14T+uiCkLbp34b9hJm/gaORh8JIg/oUTNa9P9OFndrk1J2Qdbrf84XrCPjNxL8juE6rLh2EIGF+o685JlxqFoTj/wAZDeZM
