VCi5S6ktcAtQJ2BMO89GrKLnnRC7pUhMtj9KDiNveeyE29NIa7HU2vJj9dImtVV2pEhuQvDCE+XLlvF5d8BDI+LQDF6LOceubsxUdCjny5p8FXo2Uz18TpyXmc7MWMvplGAzpJ41M2BLeSkgKol/kZOb94yCa3vb3Hr45EiatULIjGyqrmgJfGLmAUBf54e8rss=
fxD1romErp87NF+apepOri4kSKPZCzleeHQrYRzH0C85HhqaAHix1QxLLNrFx5CAYpPx8NA9e/URV9ns0KxT/4PkPmL4lsBxfwD8i8akq9vY5OzZ1QwErh/T9B4vloYzN2pbF0UCAl+LS9PFi946zZ8xbPR0ZsAsIbhoMjDY9i7NtrLILSI38bOmrtU=
ghOtqbrBxBTNh00sbaPf9Q8+z0f//CWX4mIoX4JsDVbNX+4W0Kz0IE5PxFWVpdjwnKUvBwRl4zlQi6/hLxDhhra25FV4fq8G2Cyh+cTvrGY49uLMiheRrMgpK5mZs5mQ6FjjcysgHn6gQlDdNyT8t74QWxew4AwFTZjUQhe3NOKX4rY/Hy77i51WEnND71N5c+pKgXe1DKhscpBAqVwoTggsRqJlcpLUdfanXfuCruk=
aHt5usCsV3/YysLHTTueChlDAzpYTePEGIz0wEs6O+2YciSMc35IFQWUBFlRem43iF8I6dXyt6cKheMGU+L1vBwhTzxCFE9PPk5TZFhff2gzsWwkx+1tUuYRTUMGPwEeUrVkMyx5Ff4IKWYElR71TJGvJ5jL0gNCm4vxyrl3AQvcramu3A==
5CK7d+cFIBW0Q8OT8aD+JTRIvnNzzpY0jsj1tsvlvWRFYP/4FIkMAZ8Cd73kGrAM55+1xcmsUDklYmIHlLf8KWFaK9eGHVemhxo5bCAJWzxWPHOf8raHxOzH8xivGdjkMwVxYuoJOSNSB83Orl3ws7gRaa5EEbLkYQb5fI3HU9h/ep+yFxNFau0PTVvghb2uyA==
MhPGNsHkEFHXoOvb9Y8E/TRIvnNzzpY0jsj1tsvlvWRFcff2EoYNU58Cd73kGrAM5561xcmsUDklYmIHlLf8KWFaK9eGHVemhxo5bCAJWzxWPHOf8raHxOzH8xivGdjkMwVxYuoJOSNSB83Orl3ws7gRaa5EEbLkYQb5fI3HU9h/ep+yFxNFau0PTVvghb2uyA==
kVmWaTtckK9uZY/Q8AIiHCta/K3b0lG+SXyymLww1JClmqGBomEnEvCdHNeaTAxCd9W2wUvdtVEpYisykPARnVxjLPKXijEI8jux2MA1W71B/1lEgORz95PMfspoHmA5Lyj8o5bsC1NITKzxxQQk5k97dLZ/3qY7J0Ibv9WKohfbY9Pt25aaRQ+ZLNxkbuBkcRDommCQ1ibdnvJgvaqXueOOrv0=
VC99JI7Cr1eX5iIIR0DEs4QXr6dcEbwPQGgoEmY76qbyCiX1US7LJpiMIVmEz6xGflZhbMo3kYyIias52ZOZsKj4Y9NrAB5e4OLQfXcE/Jf+sNu38MAMJQ04VOJXlzTC10I2n18O+6vd9pLTA89TWTNKyiE3lQyILNIQ4Ol8KG5IjMYCJVKS9DVWJ/27oq7J
gIIXVQO4vnX6VjFDwi3/ykD2ckqHoTgTdzknWq1Vt0RcZOdxYStPdc2U47S+q1eos0OVBmWVBs76TK1PV21bKNqpz8YwT9ZjFgkLTinflDk99k3e68RCndG83KgRNyByTZSG4+EQrQ2yxNnRMyq4rdOz2INfZkyJuvPyxYuGVhW49IsiqzTPE7l4Fe4dOoW3Lzony59zgpG3rsI=
nezQCO+BlwhdEYYC+nSY+Nio5eiMG7+TRO2cKygEGMaB7eSw/w31AYmSq0IwINHNPFMswvDa8dhSSzEoYGUbbaHPWXRgNDOnMzz+usjOoGlPGPyT9rzLg+g8LAFlVGQ2r0t0hp8O5muHspvPdVpiR7tT0927xlqVr+msLMQ+oLSRIOiqgECWdn1uchAdelfpg76uzQ==
Bcxuw7RSgaACxiVTlleQRG2sutRh/cfzubmb9OqyBuE0r/Xzc+rjDXBiLIx7YSF1XcQ8mYmKltcg74BpXYLfB7I1O8arMi2cNDFHPEoEZ2/mnqukgO/HyFvB5KRPXcWyHuGVgz5vWX46pWwzJGn9HtD5XkTNbo0sOR+vGEMi6+IjO6mKwSdZK/S9oa7U
rZzAe0chzzmX7TFArcIcI/qWmuTT9nc4SayIWMa06n7o5AFhlMesXk9/ARSaf1FUeGELgUkbGSgYUIMru8heBpCK8EVnDPyPzpi7z6CIzP390PRaxx+0Wmfq1mePxrvzrZ6y6xPHU0EDYqpZZ93MUNw6sFh59Kj2+CQm+vWa0qxFPgfFq6qu0Q==
76JLPWGxPGphDPiqtclK6YQNo6peUPVHX39xHypktfTwE2T1US7LJpiMIVmEz6xGeVdhbMo3kYyIias52ZOZsKj4Y9NrAB5e4OLQfXcE/Jf+sNu38MAMJQ04VOJXlzTC10I2n18O+6vd9pLTA89TWTNKyiE3lQyILNIQ4Ol8KG5IjMYCJVKS9DVWJ/27oq7J
vrG1yB5qH2TKqBFQRd58yjm4i55Y76/EOH3sMQ3M6KPDM8ghG1OYRzSrqNC+RK0LC2VEGi6uk5fLbdScMAGHwb1dRYF8XE6SBG/Nlt31zh6STEUdHozjuAJpt/YoL56Tvonj/mH/jEkFNhVOE2QKTfm89HhZl9jiFVS+k/kw5b1aRHEhe0qgnatzABPnhgTZUvOaFUPm7oXgtHMSs9QHYxH4fV7VGp1HF3r/W+fTSsGfruo=
1m7e8P6H1hbEOgj1ImWxDI6Kt8AaZIyyOGEmb38Pxlr8CmQBGR0kYCGI87vPHZLkAI4KH+NKs01AgjyMaw8QtI1krBk5amYXcI+waa2ij0cClctGO1J9XMQRVzxaJJevtv47JHBPd4gL4RSkfz2Vcu4BJQOuz4m+CsV8MzSJzV6AWc7EfQ79bOn/nxgzAjsik5vZClHHiWuEnbGuxA==
7tkkseF66B0xbfZyd1JsadAgLNba4psgNgy4QgwZGm9Dd/KqyGJI4TV1cLD10K97E0XGNNQmZr8P4sf9tDpADJe3ZAR5zMC51cIyR6RX7ClxetsX1n3nJhe6SSzw6Ws8Ztyj34IWF0Rcp6PYXznI5CPlQSK6qcmjwmd9Dn59gLNIMTnu9PEiZBGmKby9p0PYb1rv8sfz9ep9r72bsOWNrvg=
Hz6Oa+mOLspVPVJC4iBW2thPvb9ERXgCqL2CNcaLm5vvwPF3JkfowXmu6+0kYkI+y+Dzs4grnB8X5EyqWVOYIew00cHo1qZpQW68j7MTJV35IiwOy4knPu5c9ITot6uqfCUaZpPN3N4cB3l+jAjrGZQQE3RehVPwy+mJUGpZn6GTqxdcwhvbS1zqmFSISpUyyHxM+u7Y6ezidqGwn7fnjK77
OhL/bn/Hia5V4v35cOU4XbBpPwxM8TD2iTAkGLJKBh0Yb0Fz+KLCdlrxJ2GamJ/0TVtxYSwcvvK07102DbX+/oJMVXMuTLMYkukHFljvTvOOiZPesb886XW2hS7DpHpt6bzkWClXCIKF1M4zSXA1nSpEQUGritB9G/OQs7dGNLlC84r1c6Y+JXA0w3JDlFeDIfiNfoXaLefn+m+7t5O64Y+u+g==
899NtvZQqqyXK1ro7dDRT4QXr6dcEbwHQn46Rmsy9PTyDGyhH3u5JpiMIVmEz6xGdFRgbMo3kYyIias52ZOZsKj4Y9NrAB5e4OLQfXcE/Jf+sNu38MAMJQ04VOJXlzTC10I2n18O+6vd9pLTA89TWTNKyiE3lQyILNIQ4Ol8KG5IjMYCJVKS9DVWJ/27oq7J
wJoEBPojxlWcwo6p2qprvMVELeXart3r4dzSwZzU31y4iluvwsdBPinFuiZuzDki7bOXEI7J+948f8oLIsn/5rWvGKHJVhmmpxS+tcW8yIDt52wKGTRye21gMaVGBO25Lxq0tefTjLuTtvDhLnNmLTfWGi1sFL86pwTT+404YUaBygkvW5rzM1Mj/rmjrtY=
09IGvhwOF1Y3g3uCp+TZgTEUTWSYgG7zm4N99u01Xr7iTLW5icPTWLLp59Y4b+4zbomzntE/nClVtuVuYySarcm8xJjJ16jC5dTu8+nwVd0KRKGBCwqwvfvzsPPXxpR5ovPqtdMm3uVQNKMyoxT3w0H4rb5lWo2nx/qPexcT2qGvrto=
6PlnenzOTbj9s88gA/5fAYTc5wQC5x1we4QMCtmzWAHsFBomZ3bmCUFOfG8zs2U9+cLsrkvpZx7uvDQkaNfrinwFWgYTbRw+HCc5HgyoK/mUcFPU3mWT0MuJyfDquV+Bk4vXvEK7mytcyli0COrVUsicjFpuuKnM4pZhEB/Xp6yu2w==
KcFFqJSaIhyYht4Rko7nCDMUTXWalmrzm4N99u01Xr7iTLW/icPTWLLp59Y4b+4zbomzntE/nClVtuVuYySarcm8xJjJ16jC5dTu8+nwVd0KRKGBCwqwvfvzsPPXxpR5ovPqtdMm3uVQNKMyoxT3w0H4rb5lWo2nx/qPexcT2qGvrto=
N2CG24P28wQ8r+U31gEItoTc4RIe+h1we4QMCtmzWAHsFBwmZ3bmCUFOfG8zs2U9+cLsrkvpZx7uvDQkaNfrinwFWgYTbRw+HCc5HgyoK/mUcFPU3mWT0MuJyfDquV+Bk4vXvEK7mytcyli0COrVUsicjFpuuKnM4pZhEB/Xp6yu2w==
Xuti68Pigx7pdJRVmGhg9ITc4AQM/x1we4QMCtmzWAHsFB8mZ3bmCUFOfG8zs2U9+cLsrkvpZx7uvDQkaNfrinwFWgYTbRw+HCc5HgyoK/mUcFPU3mWT0MuJyfDquV+Bk4vXvEK7mytcyli0COrVUsicjFpuuKnM4pZhEB/Xp6yu2w==
EnkshVqOcpZ+9km15pN/LMeprOGRFLiWSaTSJzYUTJST4OTjrEinRsbA+0IwINHNPFMswv3Z/thSSzEoYGUbbaHPWXRgNDOnMzz+usjOoGlPGPyT9rzLg+g8LAFlVGQ2r0t0hp8O5muHspvPdVpiR7tT0927xlqVr+msLMQ+oLSRIuiqgECWdn1uchAdelfpg76uzQ==
4i128mJcRf7uNI9nkgk4io7A1DNbfBnRn0hwotGp7cPIEnVb+8JnivCufzFDDaSDmVixV7DqOJZ4XGEppN+sdhkErpxqpxE8aFnrSfmDmYDIqKMjy5Ce7gAykA1XFPynnuAbR1BQjJXt6BSSd4c08rcS9m//nnsbPSbSoyPfU2lTGgrRlwWMOMwCUJDJbiheKNwG8oXCEkTVhmeNm7Ku+Q==
DJz+cJvRoHgTLCYXsR9fpFkvZxYNetC5/cR4KEYNwvCpm9NBSHmgab7e48mkpkEjIBBGGEll6LvhSCtujzgVV4vLHOBEgUoAKlJmsJsnQgsRrNFuNxv/Vpd5ws4QDNOfQwQ+Arh2QNE/IPyrhgQrO5iE7DkVbIQO3/P0Pu82BlP3ilt3BeKC/8tr0+XLfrot31FsFLQGQIzhmmgS8Hh2Tg1WsqhtwrdR84au9Q==
DJz+cJvRoHgTLCYXsR9fpFkvZxYNetC5/cR4KEYNwvCpm9NBSHmgab7e48mkpkEjIBBGGEll6LvhSCtujzgVV4vLHOBEgUoAKlJmsJsnQgsRrNFuNxv/Vpd5ws4QDNOfQwQ+Arh2QNE/IPyrhgQrO5iE7DkVbIQO3/P0Pu82BlP3ilt3BeKC/8tr0+XLfrot31FsFLQGQIzhmmgS8Hh2Tg1WsqhtwrdR84au9Q==
lZ/PfGRideCvUrc52BURJKwXEI3W6EilNIoE0EG9X1Fi2MA2DV2436EiYMcqaMSa+UhumdDoq4OHvLQu9vba68TlUTZ29/+MOO/S1s2ZCTQO8MZjKaA1JNd5hkNTY8D9JPYalDmn4k6R6lk9RaNbzuNnD0KPVQJqmJCDazsIXsYQyvCF50z8z05Yu48gSMw9fZD0mkdftBrnKtYnDwa7My3esiuTh1MBg6KqGecdzJBcerCY+biotnjkJrp1WtJsxX4HBSvqrpE=
ci/Tq0Mc8o/Imw10cqK/ZKOe4TzeHEeTmQ89ikLT0m4uQlOzOvHbgfAXghzB9DkHKJjk9+MsEIj1PBl34Qpmii176GGtiCmEG/LYGpyFmdxifxeOTj6hD6RR12D5wnzXxQXvkYja5MHuSG6aL25bc5ICNYfrVSonfmONLQ6r/RXQksE+wX8sCSU2NQ7z5OoNGbwUOLkXOKI1VJ7TWbBFfXpEEeEbysBdy3Ng00cGpBly87pV42ZOxQC0k1JTVOcj/fhdHnWaPYc3et+bh1MqAf+uig==
Hd3qH0//jVYsLJb8PglSZFjgju6s4p55vp6x+9NUOHPzkreejd5amokim81bnQkBgP/35n+as2A+Eu4dYZq0i6M3zWm5lsSqWw2vyk4ovEA4k8OefBFyQkMJlKq88/H6HKwDrdQk+1BOgVsE653BlLr99xUTH3/4Et+TP3wekFCYbn0KiMikXn5cYRhCAul0T5OPuK7P
mpuqEYGU0V3VKciL+P9tZGciLFTLJDTFZHu52tCf+wlJXWsA0c3jXQID4FvSfCbZgV+0WXsKA/giaZe2iK8+056Jg76Bf+yJ5TZ1jrPkqo3ZvNS4+Rd4InVUXlOZsAX9OkRRYdvKAN2LcyBTBwZkmbLz+tWjZo5FwLRT0hNUp6M9+J2etZp9B3d6HxtHU+qBv67K
pWQVxpBRlIqPj2zkdQCdO9/4242Yog+Y1FQMv6lj2N23iAxpRuYQl1yK2HQIqlWfyNwMmm74KQzi1uHQH5cnbK4b
T+1m74oABNVskTZwC4UXqIaOu8gfUN+oNlxpf2VGpVivMFgvKAg3ciLNtaTZXtjkCJoBPI4T42t0ryb1bVBK6tFktQh0dyATc8m+cq+ij0cClctGO1J9XMQRVzxaJJevtv47JHBPd4gL4RSkfz2Vcu4BJQOuz4m+CsV8MzSJzV6AWc7EfQ79bOn/khgzAjsik5vZClHHiWuEnbGuxA==
ezoOSOfe8dcGxFiHLCCg7mniZLAaPpLudqdWMdTVdk9yueuJ60IKksbUaTUkDSO8eCl0/kmgpUidi/7uhMtR/X6rr9zhBn/G0lonFvZXmh1ae40vYSpXcFFXdaDUSALUUHph3fsnOUnxZ9ncMDwT76OUvpLYhgDhHzD8u6Y0a8v4FGyp9RxEPv/j9C7PBsYjFxrb52USws/re9P160763b/B7IRUdoC8wYVoAtBItj7txjI4DTL3YdOWruU=
Eu3VyrntCGm8CjsNGNEedR5hpJUnE6jvXt87ajVlP4YeKiey9ikh7+/oJFluRv0NpHTbAjv037MEeGWODfoVV/+6F6vvM7IxZ64S
s/83Hyg5kzaVShzj5sdUGzfV4vL36NM2V8nVOpp5U2epHx8aHX/Ntemwg0BOVRSlRuRRb28l1JRBTSVcOzqu3ahyWBdPYmB6teI6BHXeVcwx70qY6xLjwntL0crZN2GLfG1Jrjw=
xnmiLzmlU0uHtowWE0mVJ/aEJ1eNrSoBhh6IHc/VDwesVF1eWt65kPkuSkoYFZvhkQm2gJ9cU/lIlmdcdNDki7mXkHk3LESdVtL4E/xOsEDY3t07iPgE7r5MQcjC0glkj2NvSK4/
MnChRhW7+aS/N/G3yu4NPRd+YCxRRiViWuLBrAkSMvb4qeNdYbXOPF9gK8W4qh9glOycN0kr6MW3kDwhpm6ALxxyyHwo4qUHSER8Uk7wOXQibnFYf18XdK4D
7s3mVjx+3mROeOQFMqjDTSppy9cvmVEZQ08tZlrmybgZBhoS2M3LiTHhBvgfpOOR6H63BDQINKPZv2BBNxS0tTb6KMu8FmCoeLZtwwiAtAYeJBEQAopZTG9LH3CuBw==
tXZE126MZ5o+McwAqFMV4QNa5PIeq3ADdE8tZlrmybgZBhoS2M3LiTHhBvgfpOOR6H63BDQINKPZv2BBNxS0tTb6KMu8FmCoeLZtwwiAtAYeJBEQAopZTG9LH3CuBw==
VqaNlLPsxazYNWT18nfDqHM1mRjFp93noeDaZE02kZyGhEg/f/eJC6qevwaHPwDEy7LEWmB9AfUsh/dWcHt+oPQd7CSUlgCcgeVoYpBoNt4tZjKYTVJ3QRN2rgU=
UaCGLoxQyPwSYculk5xEiFkvZxYNetC5/cR4KEYNwvCpm9NBSHmgab7e48mkpkEjIBBGGEll6LvhSCtujzgVV4vLHOBEgUoAKlJmsJsnQgsRrNFuNxv/Vpd5ws4QDNOfQwQ+Arh2QNE/IPyrhgQrO5iE7DkVbIQO3/P0Pu82BlP3ilt3BeKC/8tr0+XLfrot31FsFLQGQIzhlWgS8Hh2Tg1WsqhtwrdR84au9Q==
qzQKqdopjPyB7RFYOtbk8B5hpJQnE6jvXt87ajVlP4YeKiey9ikh7+/oJFluRv0NpHTbAjv037MEeGWODfoVV/+6F6vvM7IxZ64S
iwbclUUJPk0xVdw+i5WMj51V23Bq2Cejqn0Lnd7i/B2+f5H78Tth1Bw77frLsBL6att163BontnAlkB10ATEL/BjMxPRdDDczI0yhvnWXfRBf8Pq2ELVYmJY1qWUhghfmNsn0dzDcSdaQBmreSoiim7lR2bXKuuz3vWnMZADKKzSMr1FIiCNwCHr0dHrEI9d5wQr16IkZJqbnY+aznhc0PjjI+58YZIyg5l0+jyj0WrcnKMd1JRbYA4Re9RrTaEE+g2X5RPvHwhST/Pv/M6wwNhe3buIeARuvsxBSMJSCeSP42/Irr8=
HsVlgqYI5Lcil63AJabUKnzrQ7ZGM+6bmdzNgzYC3fg4DmMxeH8JxTWUtxN3FJWBEra9Gsc7eIHI+oc9O5aIVZAX+3KckaFgaqgvgW2zYdUQcRtI0UPvnu9cPBwNttocRKVQXED3utbHoyLhsaw/mmrV92fZXd5CYk2I+Ki2SXZNH6TCg+t9zUyLuFPrIQizq9lm8neyVyfqxUMGMyKVPDxhrzyiVG/PXo4zZPgfn+jT8cwkpy1N0sZRrUOmfyGeMnXEM4w59X4o6cYE9d7VzLHvyphrEmPC+0tRylk34Yv8bcmuvA==
IMqBBCFqPKIuKbNrik90/b44fRVwWxowFSbPQ5UvioIoA6kb8RG/vBF1f7HyttQfz/gXy4Ov6NiqOJpHhqf5wVs3dOngtj7B2uDZi3nKYuruRQyD0EorE14VZ1GQI2gMUlJ9ZSIATaChS5Hx63BPvWek67eixCQ6G/3Pes5YnHB4A2POfEHS0gM5tNo8Q5EKXDzj/dT0m8CO8bu0a23hpHptV8UTz99o0u+zz/yucCBY/h3Sj5hEzj6sAajCcslEDwMv6K6f
JMlBJ8rNKfmQ7gCrH27xFqJhi8Z8dje0YUtkJ7+jWhuH5sXFKF4Szvm18eA8OsEBDHQ/1RTwGaXSu6ZuM/uXupBNFtYocPsOfLocy4re1HDTu7hh5XmVwvL9aj+hJiGAcmwjajQkKrleXE7r1O4pfwyQ63/vIiSAWId3wVD67NEGiAYqp84jQ2oCTbcT9aKXliPlPQaLpcVIElnuGR8kGQ12nf57hFL9IbwsyAF3sFKdFLbDUdCdreLEiTFD6shNozOIY8+mXCkK80Jlm8bGdWh0e0JbdD9zbX/FTi16NZcfunfrD7OScceusg==
aXR37RYJy4FR2vr+cVRUyaJhi8Z8dje0YUtkJ7+jWhuH5sXFKF4Szvm18eA8OsEBDHQ/1RTwGaXVuaZuM/uXupBNF9YocPsOfLocy4re1HDTu7hh5XmVwvL9aj+hJiGAcmwjajQkKrleXE7r1O4pfwyQ63/vIiSAWId3wVD67NEGiAYqp84jQ2oCTbcT9aKXliPlPQaLpcVIElnuGR8kGQ12nf57hFL9IbwsyAF3sFKdFLbDUdCdreLEiTFD6shNozOIY8+mXCkK80Jlm8bGdWh0e0JbdD9zbX/FTi16NZcfunfrD7OScceusg==
hFCqrrM9VVvN073N7ksU76Jhi8Z8dje0YUtkJ7+jWhuH5sXFKF4Szvm18eA8OsEBDHQ/1RTwGaXSu6ZuM/uXupBNGNYocPsOfLocy4re1HDTu7hh5XmVwvL9aj+hJiGAcmwjajQkKrleXE7r1O4pfwyQ63/vIiSAWId3wVD67NEGiAYqp84jQ2oCTbcT9aKXliPlPQaLpcVIElnuGR8kGQ12nf57hFL9IbwsyAF3sFKdFLbDUdCdreLEiTFD6shNozOIY8+mXCkK80Jlm8bGdWh0e0JbdD9zbX/FTi16NZcfunfrD7OScceusg==
6RynZKEP8dFXJ/QqnQCNk6Jhi8Z8dje0YUtkJ7+jWhuH5sXFKF4Szvm18eA8OsEBDHQ/1RTwGaXVuaZuM/uXupBNGdYocPsOfLocy4re1HDTu7hh5XmVwvL9aj+hJiGAcmwjajQkKrleXE7r1O4pfwyQ63/vIiSAWId3wVD67NEGiAYqp84jQ2oCTbcT9aKXliPlPQaLpcVIElnuGR8kGQ12nf57hFL9IbwsyAF3sFKdFLbDUdCdreLEiTFD6shNozOIY8+mXCkK80Jlm8bGdWh0e0JbdD9zbX/FTi16NZcfunfrD7OScceusg==
fVx31xweOP0/sXcQDf8bm6Jhi8Z8dje0YUtkJ7+jWhuH5sXFKF4Szvm18eA8OsEBDHQ/1RTwGaXSu6ZuM/uXupBNGtYocPsOfLocy4re1HDTu7hh5XmVwvL9aj+hJiGAcmwjajQkKrleXE7r1O4pfwyQ63/vIiSAWId3wVD67NEGiAYqp84jQ2oCTbcT9aKXliPlPQaLpcVIElnuGR8kGQ12nf57hFL9IbwsyAF3sFKdFLbDUdCdreLEiTFD6shNozOIY8+mXCkK80Jlm8bGdWh0e0JbdD9zbX/FTi16NZcfunfrD7OScceusg==
4kBhrhAPQTUmQQtVBleWSqJhi8Z8dje0YUtkJ7+jWhuH5sXFKF4Szvm18eA8OsEBDHQ/1RTwGaXVuaZuM/uXupBNG9YocPsOfLocy4re1HDTu7hh5XmVwvL9aj+hJiGAcmwjajQkKrleXE7r1O4pfwyQ63/vIiSAWId3wVD67NEGiAYqp84jQ2oCTbcT9aKXliPlPQaLpcVIElnuGR8kGQ12nf57hFL9IbwsyAF3sFKdFLbDUdCdreLEiTFD6shNozOIY8+mXCkK80Jlm8bGdWh0e0JbdD9zbX/FTi16NZcfunfrD7OScceusg==
dZ4wpQ1KOhjIKrrdabqRR6Jhi8Z8dje0YUtkJ7+jWhuH5sXFKF4Szvm18eA8OsEBDHQ/1RTwGaXSu6ZuM/uXupBNHNYocPsOfLocy4re1HDTu7hh5XmVwvL9aj+hJiGAcmwjajQkKrleXE7r1O4pfwyQ63/vIiSAWId3wVD67NEGiAYqp84jQ2oCTbcT9aKXliPlPQaLpcVIElnuGR8kGQ12nf57hFL9IbwsyAF3sFKdFLbDUdCdreLEiTFD6shNozOIY8+mXCkK80Jlm8bGdWh0e0JbdD9zbX/FTi16NZcfunfrD7OScceusg==
ue/p2HxrmTbBmbHsrH1f/6Jhi8Z8dje0YUtkJ7+jWhuH5sXFKF4Szvm18eA8OsEBDHQ/1RTwGaXVuaZuM/uXupBNHdYocPsOfLocy4re1HDTu7hh5XmVwvL9aj+hJiGAcmwjajQkKrleXE7r1O4pfwyQ63/vIiSAWId3wVD67NEGiAYqp84jQ2oCTbcT9aKXliPlPQaLpcVIElnuGR8kGQ12nf57hFL9IbwsyAF3sFKdFLbDUdCdreLEiTFD6shNozOIY8+mXCkK80Jlm8bGdWh0e0JbdD9zbX/FTi16NZcfunfrD7OScceusg==
gIxBW2O0zcZnaZjZL0AOs6Jhi8Z8dje0YUtkJ7+jWhuH5sXFKF4Szvm18eA8OsEBDHQ/1RTwGaXSu6ZuM/uXupBNHtYocPsOfLocy4re1HDTu7hh5XmVwvL9aj+hJiGAcmwjajQkKrleXE7r1O4pfwyQ63/vIiSAWId3wVD67NEGiAYqp84jQ2oCTbcT9aKXliPlPQaLpcVIElnuGR8kGQ12nf57hFL9IbwsyAF3sFKdFLbDUdCdreLEiTFD6shNozOIY8+mXCkK80Jlm8bGdWh0e0JbdD9zbX/FTi16NZcfunfrD7OScceusg==
A1NRA/HIVa962FNdpQhRIKJhi8Z8dje0YUtkJ7+jWhuH5sXFKF4Szvm18eA8OsEBDHQ/1RTwGaXVuaZuM/uXupBNH9YocPsOfLocy4re1HDTu7hh5XmVwvL9aj+hJiGAcmwjajQkKrleXE7r1O4pfwyQ63/vIiSAWId3wVD67NEGiAYqp84jQ2oCTbcT9aKXliPlPQaLpcVIElnuGR8kGQ12nf57hFL9IbwsyAF3sFKdFLbDUdCdreLEiTFD6shNozOIY8+mXCkK80Jlm8bGdWh0e0JbdD9zbX/FTi16NZcfunfrD7OScceusg==
sxyxlmarCXxeLjPoVhaN76Jhi8Z8dje0YUtkJ7+jWhuH5sXFKF4Szvm18eA8OsEBDHQ/1RTwGaXSu6ZuM/uXupBNFtcocPsOfLocy4re1HDTu7hh5XmVwvL9aj+hJiGAcmwjajQkKrleXE7r1O4pfwyQ63/vIiSAWId3wVD67NEGiAYqp84jQ2oCTbcT9aKXliPlPQaLpcVIElnuGR8kGQ12nf57hFL9IbwsyAF3sFKdFLbDUdCdreLEiTFD6shNozOIY8+mXCkK80Jlm8bGdWh0e0JbdD9zbX/FTi16NZcfunfrD7OScceusg==
2JV8bdPG+kCH+ISLNzvMF6Jhi8Z8dje0YUtkJ7+jWhuH5sXFKF4Szvm18eA8OsEBDHQ/1RTwGaXVuaZuM/uXupBNF9cocPsOfLocy4re1HDTu7hh5XmVwvL9aj+hJiGAcmwjajQkKrleXE7r1O4pfwyQ63/vIiSAWId3wVD67NEGiAYqp84jQ2oCTbcT9aKXliPlPQaLpcVIElnuGR8kGQ12nf57hFL9IbwsyAF3sFKdFLbDUdCdreLEiTFD6shNozOIY8+mXCkK80Jlm8bGdWh0e0JbdD9zbX/FTi16NZcfunfrD7OScceusg==
LcfDgw0ka19dg+3+JESmdqJhi8Z8dje0YUtkJ7+jWhuH5sXFKF4Szvm18eA8OsEBDHQ/1RTwGaXSu6ZuM/uXupBNGNcocPsOfLocy4re1HDTu7hh5XmVwvL9aj+hJiGAcmwjajQkKrleXE7r1O4pfwyQ63/vIiSAWId3wVD67NEGiAYqp84jQ2oCTbcT9aKXliPlPQaLpcVIElnuGR8kGQ12nf57hFL9IbwsyAF3sFKdFLbDUdCdreLEiTFD6shNozOIY8+mXCkK80Jlm8bGdWh0e0JbdD9zbX/FTi16NZcfunfrD7OScceusg==
x7dlDu8ZNFKvU9bqclob96Jhi8Z8dje0YUtkJ7+jWhuH5sXFKF4Szvm18eA8OsEBDHQ/1RTwGaXVuaZuM/uXupBNGdcocPsOfLocy4re1HDTu7hh5XmVwvL9aj+hJiGAcmwjajQkKrleXE7r1O4pfwyQ63/vIiSAWId3wVD67NEGiAYqp84jQ2oCTbcT9aKXliPlPQaLpcVIElnuGR8kGQ12nf57hFL9IbwsyAF3sFKdFLbDUdCdreLEiTFD6shNozOIY8+mXCkK80Jlm8bGdWh0e0JbdD9zbX/FTi16NZcfunfrD7OScceusg==
yA7Ffi3Rzw6RvOXw5xjMdP1QNKC5CVFI8w62no00/tEEP0yDMZyk467BNvP9Bhu9jmQGdgJFINCDcK+u4zoX327gPQRJGRb9F8RAN7G6fQrpmkIPzeAd6wLPJD3iRyd9FDbrOLW6TbQm/2s1Dc+FKkJQxl1UPpjX+JMXydzbQW86yIkTudIygk6tN/5Xsht7/v23SdC7uCQy+o1dIji9CMFjQWmraJ9Vx8zbTyK8FNK7lZ9iDsDMWJirE/Z8eaJ64xHkQvxbwWL81NOFVAyrqC4Za6wr9TGMGsWn/RP3L8Cyx2NXvLagyPiWLSoP4HQmnsRRsALqmWzvq1/Qrqc=
hr9d9Y1Hf1j/IRRGUeSzeaJhi8Z8dje0YUtkJ7+jWhuH5sXFKF4Szvm18eA8OsEBDHQ/1RTwGaXVuaZuM/uXupBNGtcocPsOfLocy4re1HDTu7hh5XmVwvL9aj+hJiGAcmwjajQkKrleXE7r1O4pfwyQ63/vIiSAWId3wVD67NEGiAYqp84jQ2oCTbcT9aKXliPlPQaLpcVIElnuGR8kGQ12nf57hFL9IbwsyAF3sFKdFLbDUdCdreLEiTFD6shNozOIY8+mXCkK80Jlm8bGdWh0e0JbdD9zbX/FTi16NZcfunfrD7OScceusg==
be7MWuwlUpWrtP/dru32Uef9eiUV+BpZJkQTQrFZRWksvp1WN3ZS59ZVDYZfbibgh3qMc7anrxIZxCecVhqWQdqXOiTlh0ScMaVDk2ZT1rPQu9aWf5oF5AHOTulvBy0heeCa9nLfxED0jbClM9vc1V1FAo7dcclMvjjme/MMt5wnceabwwuABRS+ugxpj+J24WK5ZVVLm7ZTry9aX/2C0miY47OrYB4+IIJQHbdk/Pc+0FvXMKAMRc1Y1IKX9zSiFyK2/59u+8sdlhKzw69TOfMqSkH39Qzo7LKQgCkYLw6I7EZi5TKSlPU2p517wq6p
yA7Ffi3Rzw6RvOXw5xjMdP1QNKC5CVFI8w62no00/tEEP0yDMZyk467BNvP9Bhu9jmQGdgJFINCDcK+u4zoX327gPQRJGRb9F8RAN7G6fQrpmkIPzeAd6wLPJD3iRyd9FDbrOLW6TbQm/2s1Dc+FKkJQxl1UPpjX+JMXydzbQW86yIkTudIygk6tN/5Xsht7/v23SdC7uCQy+o1dIji9CMFjQWmraJ9Vx8zbTyK8FNK7lZ9iDsDMWJirE/Z8eaJ64xHkQvxbwWL81NOFVAyrqC4Za6wr9TGMGsWn/RP3L8Cyx2NXvLagyPiWLSoP4HQmnsRRsALqmWzvq1/Qrqc=
be7MWuwlUpWrtP/dru32Uef9eiUV+BpZJkQTQrFZRWksvp1WN3ZS59ZVDYZfbibgh3qMc7anrxIZxCecVhqWQdqXOiTlh0ScMaVDk2ZT1rPQu9aWf5oF5AHOTulvBy0heeCa9nLfxED0jbClM9vc1V1FAo7dcclMvjjme/MMt5wnceabwwuABRS+ugxpj+J24WK5ZVVLm7ZTry9aX/2C0miY47OrYB4+IIJQHbdk/Pc+0FvXMKAMRc1Y1IKX9zSiFyK2/59u+8sdlhKzw69TOfMqSkH39Qzo7LKQgCkYLw6I7EZi5TKSlPU2p517wq6p
yA7Ffi3Rzw6RvOXw5xjMdP1QNKC5CVFI8w62no00/tEEP0yDMZyk467BNvP9Bhu9jmQGdgJFINCDcK+u4zoX327gPQRJGRb9F8RAN7G6fQrpmkIPzeAd6wLPJD3iRyd9FDbrOLW6TbQm/2s1Dc+FKkJQxl1UPpjX+JMXydzbQW86yIkTudIygk6tN/5Xsht7/v23SdC7uCQy+o1dIji9CMFjQWmraJ9Vx8zbTyK8FNK7lZ9iDsDMWJirE/Z8eaJ64xHkQvxbwWL81NOFVAyrqC4Za6wr9TGMGsWn/RP3L8Cyx2NXvLagyPiWLSoP4HQmnsRRsALqmWzvq1/Qrqc=
be7MWuwlUpWrtP/dru32Uef9eiUV+BpZJkQTQrFZRWksvp1WN3ZS59ZVDYZfbibgh3qMc7anrxIZxCecVhqWQdqXOiTlh0ScMaVDk2ZT1rPQu9aWf5oF5AHOTulvBy0heeCa9nLfxED0jbClM9vc1V1FAo7dcclMvjjme/MMt5wnceabwwuABRS+ugxpj+J24WK5ZVVLm7ZTry9aX/2C0miY47OrYB4+IIJQHbdk/Pc+0FvXMKAMRc1Y1IKX9zSiFyK2/59u+8sdlhKzw69TOfMqSkH39Qzo7LKQgCkYLw6I7EZi5TKSlPU2p517wq6p
yA7Ffi3Rzw6RvOXw5xjMdP1QNKC5CVFI8w62no00/tEEP0yDMZyk467BNvP9Bhu9jmQGdgJFINCDcK+u4zoX327gPQRJGRb9F8RAN7G6fQrpmkIPzeAd6wLPJD3iRyd9FDbrOLW6TbQm/2s1Dc+FKkJQxl1UPpjX+JMXydzbQW86yIkTudIygk6tN/5Xsht7/v23SdC7uCQy+o1dIji9CMFjQWmraJ9Vx8zbTyK8FNK7lZ9iDsDMWJirE/Z8eaJ64xHkQvxbwWL81NOFVAyrqC4Za6wr9TGMGsWn/RP3L8Cyx2NXvLagyPiWLSoP4HQmnsRRsALqmWzvq1/Qrqc=
be7MWuwlUpWrtP/dru32Uef9eiUV+BpZJkQTQrFZRWksvp1WN3ZS59ZVDYZfbibgh3qMc7anrxIZxCecVhqWQdqXOiTlh0ScMaVDk2ZT1rPQu9aWf5oF5AHOTulvBy0heeCa9nLfxED0jbClM9vc1V1FAo7dcclMvjjme/MMt5wnceabwwuABRS+ugxpj+J24WK5ZVVLm7ZTry9aX/2C0miY47OrYB4+IIJQHbdk/Pc+0FvXMKAMRc1Y1IKX9zSiFyK2/59u+8sdlhKzw69TOfMqSkH39Qzo7LKQgCkYLw6I7EZi5TKSlPU2p517wq6p
yA7Ffi3Rzw6RvOXw5xjMdP1QNKC5CVFI8w62no00/tEEP0yDMZyk467BNvP9Bhu9jmQGdgJFINCDcK+u4zoX327gPQRJGRb9F8RAN7G6fQrpmkIPzeAd6wLPJD3iRyd9FDbrOLW6TbQm/2s1Dc+FKkJQxl1UPpjX+JMXydzbQW86yIkTudIygk6tN/5Xsht7/v23SdC7uCQy+o1dIji9CMFjQWmraJ9Vx8zbTyK8FNK7lZ9iDsDMWJirE/Z8eaJ64xHkQvxbwWL81NOFVAyrqC4Za6wr9TGMGsWn/RP3L8Cyx2NXvLagyPiWLSoP4HQmnsRRsALqmWzvq1/Qrqc=
be7MWuwlUpWrtP/dru32Uef9eiUV+BpZJkQTQrFZRWksvp1WN3ZS59ZVDYZfbibgh3qMc7anrxIZxCecVhqWQdqXOiTlh0ScMaVDk2ZT1rPQu9aWf5oF5AHOTulvBy0heeCa9nLfxED0jbClM9vc1V1FAo7dcclMvjjme/MMt5wnceabwwuABRS+ugxpj+J24WK5ZVVLm7ZTry9aX/2C0miY47OrYB4+IIJQHbdk/Pc+0FvXMKAMRc1Y1IKX9zSiFyK2/59u+8sdlhKzw69TOfMqSkH39Qzo7LKQgCkYLw6I7EZi5TKSlPU2p517wq6p
yA7Ffi3Rzw6RvOXw5xjMdP1QNKC5CVFI8w62no00/tEEP0yDMZyk467BNvP9Bhu9jmQGdgJFINCDcK+u4zoX327gPQRJGRb9F8RAN7G6fQrpmkIPzeAd6wLPJD3iRyd9FDbrOLW6TbQm/2s1Dc+FKkJQxl1UPpjX+JMXydzbQW86yIkTudIygk6tN/5Xsht7/v23SdC7uCQy+o1dIji9CMFjQWmraJ9Vx8zbTyK8FNK7lZ9iDsDMWJirE/Z8eaJ64xHkQvxbwWL81NOFVAyrqC4Za6wr9TGMGsWn/RP3L8Cyx2NXvLagyPiWLSoP4HQmnsRRsALqmWzvq1/Qrqc=
be7MWuwlUpWrtP/dru32Uef9eiUV+BpZJkQTQrFZRWksvp1WN3ZS59ZVDYZfbibgh3qMc7anrxIZxCecVhqWQdqXOiTlh0ScMaVDk2ZT1rPQu9aWf5oF5AHOTulvBy0heeCa9nLfxED0jbClM9vc1V1FAo7dcclMvjjme/MMt5wnceabwwuABRS+ugxpj+J24WK5ZVVLm7ZTry9aX/2C0miY47OrYB4+IIJQHbdk/Pc+0FvXMKAMRc1Y1IKX9zSiFyK2/59u+8sdlhKzw69TOfMqSkH39Qzo7LKQgCkYLw6I7EZi5TKSlPU2p517wq6p
yA7Ffi3Rzw6RvOXw5xjMdP1QNKC5CVFI8w62no00/tEEP0yDMZyk467BNvP9Bhu9jmQGdgJFINCDcK+u4zoX327gPQRJGRb9F8RAN7G6fQrpmkIPzeAd6wLPJD3iRyd9FDbrOLW6TbQm/2s1Dc+FKkJQxl1UPpjX+JMXydzbQW86yIkTudIygk6tN/5Xsht7/v23SdC7uCQy+o1dIji9CMFjQWmraJ9Vx8zbTyK8FNK7lZ9iDsDMWJirE/Z8eaJ64xHkQvxbwWL81NOFVAyrqC4Za6wr9TGMGsWn/RP3L8Cyx2NXvLagyPiWLSoP4HQmnsRRsALqmWzvq1/Qrqc=
be7MWuwlUpWrtP/dru32Uef9eiUV+BpZJkQTQrFZRWksvp1WN3ZS59ZVDYZfbibgh3qMc7anrxIZxCecVhqWQdqXOiTlh0ScMaVDk2ZT1rPQu9aWf5oF5AHOTulvBy0heeCa9nLfxED0jbClM9vc1V1FAo7dcclMvjjme/MMt5wnceabwwuABRS+ugxpj+J24WK5ZVVLm7ZTry9aX/2C0miY47OrYB4+IIJQHbdk/Pc+0FvXMKAMRc1Y1IKX9zSiFyK2/59u+8sdlhKzw69TOfMqSkH39Qzo7LKQgCkYLw6I7EZi5TKSlPU2p517wq6p
be7MWuwlUpWrtP/dru32Uef9eiUV+BpZJkQTQrFZRWksvp1WN3ZS59ZVDYZfbibgh3qMc7anrxIZxCecVhqWQdqXOiTlh0ScMaVDk2ZT1rPQu9aWf5oF5AHOTulvBy0heeCa9nLfxED0jbClM9vc1V1FAo7dcclMvjjme/MMt5wnceabwwuABRS+ugxpj+J24WK5ZVVLm7ZTry9aX/2C0miY47OrYB4+IIJQHbdk/Pc+0FvXMKAMRc1Y1IKX9zSiFyK2/59u+8sdlhKzw69TOfMqSkH39Qzo7LKQgCkYLw6I7EZi5TKSlPU2p517wq6p
Q7H+lovCsC5Qtx9HnI/4SOkdQS9MpS6nEpYxqw1RZfARCKuOzc0IPIrd2228jekUzqTsZF0tsKopxybPXlTgv2YNZjDfS8skIDuvNMXf6MDxn3IqRb2CZNx0kzhoPMZm2CKl5EV6t//uzY8G/WmQuR2Tf9yJSdvC86w/80duP2/kvbqcZULVqUt3QZ2zgK0NTcza8s+YlSK99ieMTpZfj9rOJFpVJS5w2cJR8c5Rb/VRBnqRPIkMCkN0/I1L3fCPKGFCf77FAqBuSfGzKzlni+VR0oaajftbMMNAF28IGwJlg6REQa8ewecxVxVt55guH03OCw2soqXITlHQ3qmyUMWxwLw6/JKTJjMxxQvT3L3g4pYliuQRH9gKZTB+ISaYk96Dd07R74WwN6CIArZVMaJUZUTxz1nly6THeXfAQyPi0AxeiznHrm7MVHQo58uafBV6NlM9fE6cl5nOzFjL6ZRgM6SeNTNgS3kpICqJf5GTm/eMgmt729x6+ORImrVGz4xsqq5oCXxi5gFAX+eHvK7L
7e1HIB7nCmLyu4FxarGNkGh/rzKfm+uNBKfL/g7cCaorPBT+2ELDgpaWkVjDsj6EL1Ik/pfcH6E01a4n+FzUT2TA5nHgcxOzKOn5yBT5RZEUIgWx2DxjmU5QyaQrNdmMh1wTaLVbfcn5NUJmQjmXicI6XL00EbU1mikPq9N5MoO1BTq0imRlSWG3tGOYV6yni6cITcvU+9Orh8+F6UGtam2FuqqZGoOZ5mwNkQ2nIHo6BVCx4dQ4QBq+h9vLegzPRgoauBbcxlImoP0G5idC/3ItziWWHE/G/ql2yBxmdgszAfdVlNpdTawc/O8+YQSZzLJLP2og4jH/0OgQsZeRmvIIhRUGnsWWX3AOjlyndJ9YVjhgZRisFleDcmCVg5HaWnwtYwk9LgKSLXh4eNbZNl2/FMIzS20N3Gvo05vBeHPbOTbyJxJn51rlc4bjAgV8LAFfPFI0f4/OruPkyD8vKONRnCT3zT0StrHdw/afsV4i1XQzPJnlPriJFoQFviWMQY8Tn7uyU4JLa2FKCRdxS+yNua7M
LEuRjddMLJy2mk+fmViAAI3I6O7gGZlLNeYImtQVMz/nvFu2mV3qJGxl8iCq1cVTSdcotPym5cRkPN3l/R3it0jgf09dtovZnDkqAP5Q9R0dO9J27Kmc2zlFcf9/YhDRqyqdHQR2cSWG5C2vnoKMPjfG0F6KsPg4scqNyMt5HmfLWOVrvM/dactSIZsH5OOm280/zLP5hOducm0w6W/7HcUDa8LBO032rrwnCglEbTwD8nZ0k9l6VLD0HRfSdqnolS9W08MDEXxOnxTbUKzT/pgzs//8mci7FhE2N77mXqP1rXP7iz1l6yZI8p/nvWCJ5OnXalfURZmwaokdYkcXmxNLdeW0WN+3eoWlfn6D2ES17qYLPsal6xRSMo6uVZZZtVvTkbCL4Njia2J2jXkIwEFORsPqzjNEF9kG4xODwB1kVpo0+cfiLlFK2Z0FQ1suo8eP4k81AgpYMAPLe+heJlBqcCUnLPyvjvg7L2CozN09MHQ6hz+0eieKVodP5rvTbX4yi1PnU2FDAiq5p/3McBzaMDg50K/WuESmGjW60oyF3oel64qu8Q==
RiaUkUo1yZyj9gALfdUlS5C8RlGWCor88aJ64jlB1J23KTOod1PeMeqmsXOmNUpAlsNlvS1xTCNc3kdfb/7aap7zAOGi6xgjLztcxLuY911kt+C+ywL2LCprFoVKKbWomHHh4dDaObHkxKfp6thFxGf9/ZyDRM8o6cP5WZ39jkZOMXO5hoKgPUipcQX+IQOLnzHWEzGd5nTWfGFZRf94gxTfCFfP3zRN96y/Iw8PQ2UlCYl6aZ3makWCBwkCJEGxAa9ESv69LDEdbHxw/raL+weyaF/Ckkb4ysTCQgJosWZqr+aPttXyJarki7ZaIfqoUK5SGzcZKxXIQtndyNQwzzJp4KmICre/FpgmAZvY5DD933UKdpBZ1VqGwYZ7OMJu0C/QbxwuBGBZYOjm8wv+gFnLtcpeZHGj1aWqknZlNFh03r0GmQdoQs/zKT04Y+TzVwkc41+harL7CmP3fi0/5m+KoQzo+WM8bsy7/2omb4SE9ws450lAZKtVuYLSeRHj+pdVbmZtiLNAISEO3IEapEn2wRzFF89f56pXkm8jraqFn9W7qPWFrvA=
9Ldmi9O9u0TQdQ49q/COD2I9m0PPstnG7vvYUwsm2o6GlAY/arbRGquf8k6JN0bV1LzYBmAiCOwhjpoRamJ5t+cB7CSUlgCcgeluYpBoNt4tZjKYTVJ3QRN2rgU=
YwJ3wGMeegUfBSRP9zozbdy0bUVW43JSWjFeM0QHa3twg2p6dYFDTxFvuPd+wcHawWWhcSxlXXoSs73xOQ40Avtl/3KO0GxoWPvzhnwJQiojIURSfEuhkrwE8zVUvIv47mmLvKvlkbxaFccNEwdPEPL3w0c8pkC4OMYNnw5QVPbeNDGggvo5XC/7v6Cu1w==
qU4fkDWMylzsBDgHbzeeUKLoigu+sFlxtj9KDiBpeeyE29MnAN/SppUd+9Nh8wBr/l15RrH5Ge3MueUmYu8FLfnSDF6LOceubsxUdCjny5p8FXo2Uz18TpyXmc7MWMvplGAzpJ41M2BLeSkgKol/kZOb94yCa3vb3Hr45EiatUPOjGyqrmgJfGLmAUBf54e8rss=
XySbNIjESHOeOYRXaPmfCWniZLAaPpLudqdWMdTVdk9yueuJ60IKksbUaTUkDSO8eCl0/kmgpUidi/7uhMtR/X6rr9zhBn/G0lonFvZXmh1ae40vYSpXcFFXdaDUSALUUHph3fsnOUnxZ9ncMDwT76OUvpLYhgDhHzD8u6Y0a8v4FGyp9RxEPv/j9C7PBsYjFxrb52USws/re9P160763b/B7IRUdoC8wYluAtBItj7txjI4DTL3YdOWruU=
rHGOSsLHsEH3l3l7JPFUvS4NhCIq298uhNTztN7rnTRIJbK8QKg/PfYVfsWUYsoevt/j3ZazRDRiW3sWuLf8KWFaK9eGHVemhxo5bCAJWzxWPHOf8raHxOzH8xivGdjkMwVxYuoJOSNSB83Orl3ws7gRaa5EEbLkYQb5fI3HUt5/ep+yFxNFau0PTVvghb2uyA==
AsCvX2SMe4qjzlt8Lb+uaFkvaR4JJNW+4JMsJwl049iTs+Bue1CgaLKfrM7htVg0PRFGEUYs6L/tdmQFjzUYOZbMBZNXkUkFNBE+o8U0CT895/xXKUTqedF32cwQDNOfQwQ+Arh2QNE/IPyrhgQrO5iE7DkVbIQO3/P0Pu82BlP3ilt3BeKC/8tr0+XLfrot31FsFLQGQIzhmW4S8Hh2Tg1WsqhtwrdR84au9Q==
+9VMgum5FkCHwGyw2LdtyzjJdo/aDzKzy+7g7IdvgmuQ9cZh5vyo7w1GZDVvZVjpNryFY/fBidVUIT6TpeTJb50XfCeJlKopMUfZ/PBck0/jdL7yGCaAAV8Q/Jvm1OtrOHRsSbW8xF4/w/QOD2ZGg1f624elskIvq1vT1auuen1/oexkFNYA3AGpbiIQKDaerSYyWM2Sd4GTtq7F
xQdRWQMpS99/AqvdPnCtlin68A0htN2orOCac55oqZn2d/rWwNHpZARTQ59gh2JuVVWLi0ELEGP+VWm+kaFppQxxVX4CV5WleVqc5mvhd+YuBKSsCJ/bknwdak5z5YyG3N8pFizgW2EU6KMc/m2DqIsxWXgKcW+Zk5PndKIzC5Mcski8KCIly04E/BJOsLk0Ii7xmH+fl7Suww==
wwAaMKD1cnidisWMoN+RZ2yT1y7QctQXm2e4PG6j4S089FFSWkiV6tFhsyP8LnCgWH4dV44YRE4+LAEowvLJxA+DL2iuHw==
Z0HMFnB+uYCDxZ8pgMkmMXAqR7PdgKOGIK9KZleW2gtyENF3cTqp9w21fJ0Y1Adqz6QLC0S+KXZZKiF/I9rrw/sDhilrrh4=
CovT0GW00FL/37UhC3B9R2/P3P1SR6SwwFhnJEqry+B1ymZ3PIrxJlyHhIh32yf6/9srrYqRHuQhhrl8TUeS3r/637JXk4VqLY8NW6AFfa4I
OD9+vrVnrZds4G9gvqt57RWou50+CObuig0gFHyZy+B1ymZ3PIrxJlyHhIh32yf6/9srrYqRHuQhhrl8TUeS3r/637JXk4VqLY8NW6AFfa4I
IxhUH4SFcasLBknO0tKD/j8Q8xR6jLCcqP3DsQyOvv0tV/SylRAahskgqZfn8cwQXPqwGPk1rjZ4ZCY6ddrS7MX+B4Uraq4R
/ExWm0kf2W4Z2U2zEIQ00lnD4OdwISbDw3hDrPUEMAQYVSPJ3Mb+JV2/1IqFGBqe+QjJb7c5DEiskhCgab0ursjMxkKlkpI0tRYnvTtirgk=
Ymhf7PzS5YHWix0wEvA38giD6tZAEBbPwWletPQEMAQYVSPJ3Mb+JV2/1IqFGBqe+QjJb7c5DEiskhCgab0ursjMxkKlkpI0tRYnvTtirgk=
vOZMoUGmHHUlpWKQsndXRA+ewy7QctQXm2e4PG6j4S089FFSWkiV6tFhsyP8LnCgWH4dV44YRE4+LAEowvLJxA+DL2iuHw==
7q9B5sRj5YNa+C/36pn4Pg6ewy7QctQXm2e4PG6j4S089FFSWkiV6tFhsyP8LnCgWH4dV44YRE4+LAEowvLJxA+DL2iuHw==
iuB/9vnvbPbuD/Y7y2/KkQ2ewy7QctQXm2e4PG6j4S089FFSWkiV6tFhsyP8LnCgWH4dV44YRE4+LAEowvLJxA+DL2iuHw==
M+CCP+KrHUlLX5VGMUWDkw8ppunlKbNgzVqOF+Q6ueYUV7yon6s/+ucrQ42ywdak6TbhnCXXKl5HancSD2PNquXf9TuINWWuEA==
gjABp3ea/52fTpE+JwuDMA8qpunlKbNgzVqOF+Q6ueYUV7yon6s/+ucrQ42ywdak6TbhnCXXKl5HancSD2PNquXf9TuINWWuEA==
mrFn4hum+E4uhxEBL5k9HA8rpunlKbNgzVqOF+Q6ueYUV7yon6s/+ucrQ42ywdak6TbhnCXXKl5HancSD2PNquXf9TuINWWuEA==
eTzkaLUAjtzc3PZjFRtzPw8spunlKbNgzVqOF+Q6ueYUV7yon6s/+ucrQ42ywdak6TbhnCXXKl5HancSD2PNquXf9TuINWWuEA==
KDuXafL/VHcVE8qS7GBT1w8tpunlKbNgzVqOF+Q6ueYUV7yon6s/+ucrQ42ywdak6TbhnCXXKl5HancSD2PNquXf9TuINWWuEA==
0z19HdY3n+j0BMgDDzqkrQ8upunlKbNgzVqOF+Q6ueYUV7yon6s/+ucrQ42ywdak6TbhnCXXKl5HancSD2PNquXf9TuINWWuEA==
a6w8TPymzAWYuLCtVRaaig8vpunlKbNgzVqOF+Q6ueYUV7yon6s/+ucrQ42ywdak6TbhnCXXKl5HancSD2PNquXf9TuINWWuEA==
jElozJXNP2+ru54WWMaDHB4j8dh6Wq7NEcBvPnR/Po4LNmaj5mAl7/26JW95Reg1pHTbAjv037MIfmWODfoVV/+6F6vvM7IxZ64S
VDCdGd2iZs8gLFuUUiT+bwyewy7QctQXm2e4PG6j4S089FFSWkiV6tFhsyP8LnCgWH4dV44YRE4+LAEowvLJxA+DL2iuHw==
X4LaFf2A5j1egsNEAM8ntw8ppujlKbNgzVqOF+Q6ueYUV7yon6s/+ucrQ42ywdak6TbhnCXXKl5HancSD2PNquXf9TuINWWuEA==
W5wnohSQ5xK1ScG51W7g5g8qpujlKbNgzVqOF+Q6ueYUV7yon6s/+ucrQ42ywdak6TbhnCXXKl5HancSD2PNquXf9TuINWWuEA==
5AFWgwcfsVzqjHhMqD88UA8rpujlKbNgzVqOF+Q6ueYUV7yon6s/+ucrQ42ywdak6TbhnCXXKl5HancSD2PNquXf9TuINWWuEA==
ilcsTig+u1oQh9kBtR2SIhwj8dh6Wq7NEcBvPnR/Po4LNmaj5mAl7/26JW95Reg1pHTbAjv037MIfmWODfoVV/+6F6vvM7IxZ64S
zhQBIpcjdyLdCJoWvzozBzcSx7QSeUdfpsDwWOABk2W0Il6ZxctEBg2cmgJBnDkDH51stPQmwOyh+W5ysBj2bk32sgit4jexM2auFQ==
Azw1/+dKjhEsfMiiRYIntTYSx7QSeUdfpsDwWOABk2W0Il6ZxctEBg2cmgJBnDkDH51stPQmwOyh+W5ysBj2bk32sgit4jexM2auFQ==
SMR4huw7tIVsgdq1TBv7pQuewy7QctQXm2e4PG6j4S089FFSWkiV6tFhsyP8LnCgWH4dV44YRE4+LAEowvLJxA+DL2iuHw==
B9P81i1tcuhgkygVW/WB+Aqewy7QctQXm2e4PG6j4S089FFSWkiV6tFhsyP8LnCgWH4dV44YRE4+LAEowvLJxA+DL2iuHw==
vef8Y2xEmVUpu+zp9+wRegmewy7QctQXm2e4PG6j4S089FFSWkiV6tFhsyP8LnCgWH4dV44YRE4+LAEowvLJxA+DL2iuHw==
AOIisvEGeBFC9yqd1LCJuh0j8dh6Wq7NEcBvPnR/Po4LNmaj5mAl7/26JW95Reg1pHTbAjv037MIfmWODfoVV/+6F6vvM7IxZ64S
y/N1ifdMnOceZN13nRLOMTUSx7QSeUdfpsDwWOABk2W0Il6ZxctEBg2cmgJBnDkDH51stPQmwOyh+W5ysBj2bk32sgit4jexM2auFQ==
96Lz1trMAi2d6ywlaj7DtjQSx7QSeUdfpsDwWOABk2W0Il6ZxctEBg2cmgJBnDkDH51stPQmwOyh+W5ysBj2bk32sgit4jexM2auFQ==
G/73K+KvpzAgIP10pOgyLDMSx7QSeUdfpsDwWOABk2W0Il6ZxctEBg2cmgJBnDkDH51stPQmwOyh+W5ysBj2bk32sgit4jexM2auFQ==
0z4md5F+eqivNAO1oYeV6giewy7QctQXm2e4PG6j4S089FFSWkiV6tFhsyP8LnCgWH4dV44YRE4+LAEowvLJxA+DL2iuHw==
UeooCtkkbdYvmrwdHHqHcQeewy7QctQXm2e4PG6j4S089FFSWkiV6tFhsyP8LnCgWH4dV44YRE4+LAEowvLJxA+DL2iuHw==
gi25OxJj4okArrFa39ITNAaewy7QctQXm2e4PG6j4S089FFSWkiV6tFhsyP8LnCgWH4dV44YRE4+LAEowvLJxA+DL2iuHw==
tNxzkURLsHVZQhhgJzwf3jISx7QSeUdfpsDwWOABk2W0Il6ZxctEBg2cmgJBnDkDH51stPQmwOyh+W5ysBj2bk32sgit4jexM2auFQ==
NyyO8YicnPj/t+AWg8LTpTESx7QSeUdfpsDwWOABk2W0Il6ZxctEBg2cmgJBnDkDH51stPQmwOyh+W5ysBj2bk32sgit4jexM2auFQ==
zKypBWNaXumenZscLhWEpTASx7QSeUdfpsDwWOABk2W0Il6ZxctEBg2cmgJBnDkDH51stPQmwOyh+W5ysBj2bk32sgit4jexM2auFQ==
Z3/kFADV/tfQXG3cGisHqxBSS7XdgKOGIK9KZleW2gtyENF3cTqp9w21fJ0Y1Adqz6QLC0S+KXZZKiF/I9rrw/sDhilrrh4=
z4jDFMr6/rivW3ygpmL8xRFSS7XdgKOGIK9KZleW2gtyENF3cTqp9w21fJ0Y1Adqz6QLC0S+KXZZKiF/I9rrw/sDhilrrh4=
C2Gki2J5fthuPxFOl3h4jBJSS7XdgKOGIK9KZleW2gtyENF3cTqp9w21fJ0Y1Adqz6QLC0S+KXZZKiF/I9rrw/sDhilrrh4=
XIhbZJaFYKDFIopKckTD9Roj8dh6Wq7NEcBvPnR/Po4LNmaj5mAl7/26JW95Reg1pHTbAjv037MIfmWODfoVV/+6F6vvM7IxZ64S
b3prB3vcWW0Nt0uYq/XTsD8Sx7QSeUdfpsDwWOABk2W0Il6ZxctEBg2cmgJBnDkDH51stPQmwOyh+W5ysBj2bk32sgit4jexM2auFQ==
eAmniEx4whVblgOa4C1ldT4Sx7QSeUdfpsDwWOABk2W0Il6ZxctEBg2cmgJBnDkDH51stPQmwOyh+W5ysBj2bk32sgit4jexM2auFQ==
wxhvHUF0vYIU5oP/2a/EaUVw3Y9tKDKLKnj3oImS0qdIYl2GsO8QOOMju3pjo78dHnlyRI3uTSz5n+4eg6Ir4mO76YoBpxkrtD1hrhQ=
jV1Hj5Fr6iq4Ta9txzmm+F2pITy0nJhSYD2CpbFCXUj10RGS7YBT5hBvOobnFkprotCBl2E6uZfd9Sx9iFS3Cj/kO+s0vhlWqWqR31Nae2MrQ1YJe64O
tNt62usU9kg1nWy6heOB6RNSS7XdgKOGIK9KZleW2gtyENF3cTqp9w21fJ0Y1Adqz6QLC0S+KXZZKiF/I9rrw/sDhilrrh4=
er6irWL7XVUDhnelUzfIwxRSS7XdgKOGIK9KZleW2gtyENF3cTqp9w21fJ0Y1Adqz6QLC0S+KXZZKiF/I9rrw/sDhilrrh4=
8wmLGYzW9XqxswyOMbqsnxVSS7XdgKOGIK9KZleW2gtyENF3cTqp9w21fJ0Y1Adqz6QLC0S+KXZZKiF/I9rrw/sDhilrrh4=
IIFvE9ojRJYtlkgb4zP8iBZSS7XdgKOGIK9KZleW2gtyENF3cTqp9w21fJ0Y1Adqz6QLC0S+KXZZKiF/I9rrw/sDhilrrh4=
THraoHjxcsV4Q9vAzJcCK0Rw3Y9tKDKLKnj3oImS0qdIYl2GsO8QOOMju3pjo78dHnlyRI3uTSz5n+4eg6Ir4mO76YoBpxkrtD1hrhQ=
xPehR3GFrZW42W0ZT2dFgRdSS7XdgKOGIK9KZleW2gtyENF3cTqp9w21fJ0Y1Adqz6QLC0S+KXZZKiF/I9rrw/sDhilrrh4=
RLgV1tE45LziQVhDHbbd1RhSS7XdgKOGIK9KZleW2gtyENF3cTqp9w21fJ0Y1Adqz6QLC0S+KXZZKiF/I9rrw/sDhilrrh4=
b7cSr1H36prpTouZd1rMvDBczvs+0htiED4MWyvL4NAOT3mBjHjJ3trEDWZhzSvPnMIoDOgyxRtOVJwCDgBZxKIe0eg/jzdkrhM=
SyCcLMiqw3mkffdi+LO7bDBfzvs+0htiED4MWyvL4NAOT3mBjHjJ3trEDWZhzSvPnMIoDOgyxRtOVJwCDgBZxKIe0eg/jzdkrhM=
pALV312fVq2LUYzzdOo8aTBezvs+0htiED4MWyvL4NAOT3mBjHjJ3trEDWZhzSvPnMIoDOgyxRtOVJwCDgBZxKIe0eg/jzdkrhM=
mdOmysF7PDIAtN9EcHZ9TTBZzvs+0htiED4MWyvL4NAOT3mBjHjJ3trEDWZhzSvPnMIoDOgyxRtOVJwCDgBZxKIe0eg/jzdkrhM=
fYhT1PeQ+1kTsREJIyHVkEdw3Y9tKDKLKnj3oImS0qdIYl2GsO8QOOMju3pjo78dHnlyRI3uTSz5n+4eg6Ir4mO76YoBpxkrtD1hrhQ=
yjv2nhGWHzsTIckAsW4XIBWAp5YeNifIyk0Xk+4EMAQYVSPJ3Mb+JV2/1IqFGBqe+QjJb7c5DEiskhCgab0ursjMxkKlkpI0tRYnvTtirgk=
FlkP+Btyb04H7/RysF5K8RWDp5YeNifIyk0Xk+4EMAQYVSPJ3Mb+JV2/1IqFGBqe+QjJb7c5DEiskhCgab0ursjMxkKlkpI0tRYnvTtirgk=
4LHroUNeMrbjCnhcDns8uBWCp5YeNifIyk0Xk+4EMAQYVSPJ3Mb+JV2/1IqFGBqe+QjJb7c5DEiskhCgab0ursjMxkKlkpI0tRYnvTtirgk=
Gmutt5bbGw3/LfD2zNsPchWFp5YeNifIyk0Xk+4EMAQYVSPJ3Mb+JV2/1IqFGBqe+QjJb7c5DEiskhCgab0ursjMxkKlkpI0tRYnvTtirgk=
VQ8l46+bQRd2M0Ocz+UQiBWEp5YeNifIyk0Xk+4EMAQYVSPJ3Mb+JV2/1IqFGBqe+QjJb7c5DEiskhCgab0ursjMxkKlkpI0tRYnvTtirgk=
c84U89Lp4yPQ6TWQSbZT0RlSS7XdgKOGIK9KZleW2gtyENF3cTqp9w21fJ0Y1Adqz6QLC0S+KXZZKiF/I9rrw/sDhilrrh4=
+cMBH8c4SglCDsii1/azkxBRS7XdgKOGIK9KZleW2gtyENF3cTqp9w21fJ0Y1Adqz6QLC0S+KXZZKiF/I9rrw/sDhilrrh4=
yQrOyqCtNNh7Gc5KXRjJChFRS7XdgKOGIK9KZleW2gtyENF3cTqp9w21fJ0Y1Adqz6QLC0S+KXZZKiF/I9rrw/sDhilrrh4=
FORcAqFlOSBEkx7uyFh2PRJRS7XdgKOGIK9KZleW2gtyENF3cTqp9w21fJ0Y1Adqz6QLC0S+KXZZKiF/I9rrw/sDhilrrh4=
0yjLg/DtMHC0fd9RHzGW6BNRS7XdgKOGIK9KZleW2gtyENF3cTqp9w21fJ0Y1Adqz6QLC0S+KXZZKiF/I9rrw/sDhilrrh4=
i8z3S/WxWKetXQ28GoqwLRRRS7XdgKOGIK9KZleW2gtyENF3cTqp9w21fJ0Y1Adqz6QLC0S+KXZZKiF/I9rrw/sDhilrrh4=
dfik804Jxl6l3G9OfXRxBxsj8dh6Wq7NEcBvPnR/Po4LNmaj5mAl7/26JW95Reg1pHTbAjv037MIfmWODfoVV/+6F6vvM7IxZ64S
BknIIRpYcmRrYTigiN66CEZw3Y9tKDKLKnj3oImS0qdIYl2GsO8QOOMju3pjo78dHnlyRI3uTSz5n+4eg6Ir4mO76YoBpxkrtD1hrhQ=
xQ0dzjYRyYZRiGo2S7HVIRWAp5ceNifIyk0Xk+4EMAQYVSPJ3Mb+JV2/1IqFGBqe+QjJb7c5DEiskhCgab0ursjMxkKlkpI0tRYnvTtirgk=
nmdNh2O/Fxhfi+UE8QrjuxWDp5ceNifIyk0Xk+4EMAQYVSPJ3Mb+JV2/1IqFGBqe+QjJb7c5DEiskhCgab0ursjMxkKlkpI0tRYnvTtirgk=
jrW0DQQEkTts3CXKM8nEyRWCp5ceNifIyk0Xk+4EMAQYVSPJ3Mb+JV2/1IqFGBqe+QjJb7c5DEiskhCgab0ursjMxkKlkpI0tRYnvTtirgk=
42d6fYAtJP9KZESZ14jF3hWFp5ceNifIyk0Xk+4EMAQYVSPJ3Mb+JV2/1IqFGBqe+QjJb7c5DEiskhCgab0ursjMxkKlkpI0tRYnvTtirgk=
u89RETQDrxUu/d8sZ4nOdhWEp5ceNifIyk0Xk+4EMAQYVSPJ3Mb+JV2/1IqFGBqe+QjJb7c5DEiskhCgab0ursjMxkKlkpI0tRYnvTtirgk=
C7s1sp/vXgPN8x9FTdmmhykdibd/8AdiED4MWyvL4NAOT3mBjHjJ3trEDWZhzSvPnMIoDOgyxRtOVJwCDgBZxKIe0eg/jzdkrhM=
yQZqbleydqk0vod2sFERVSgdibd/8AdiED4MWyvL4NAOT3mBjHjJ3trEDWZhzSvPnMIoDOgyxRtOVJwCDgBZxKIe0eg/jzdkrhM=
RJfxcqFsX0CsToixCr8Qdisdibd/8AdiED4MWyvL4NAOT3mBjHjJ3trEDWZhzSvPnMIoDOgyxRtOVJwCDgBZxKIe0eg/jzdkrhM=
RAdfI4AlM/LOw+HWGY8fKyodibd/8AdiED4MWyvL4NAOT3mBjHjJ3trEDWZhzSvPnMIoDOgyxRtOVJwCDgBZxKIe0eg/jzdkrhM=
wzi0pGdqnj4TEqs/CSNx2C0dibd/8AdiED4MWyvL4NAOT3mBjHjJ3trEDWZhzSvPnMIoDOgyxRtOVJwCDgBZxKIe0eg/jzdkrhM=
9VgiDqXXGfZDwX0dof9oC1xwkNFyLxbbG333oImS0qdIYl2GsO8QOOMju3pjo78dHnlyRI3uTSz5n+4eg6Ir4mO76YoBpxkrtD1hrhQ=
ovWXJXEJbeDWaTq+fB+klVxwkNByLxbbG333oImS0qdIYl2GsO8QOOMju3pjo78dHnlyRI3uTSz5n+4eg6Ir4mO76YoBpxkrtD1hrhQ=
haPj7CqmIvHL5QuY6KAXgVxwkNNyLxbbG333oImS0qdIYl2GsO8QOOMju3pjo78dHnlyRI3uTSz5n+4eg6Ir4mO76YoBpxkrtD1hrhQ=
RxcyuxQqglhD0s1HMq03JFxwkNJyLxbbG333oImS0qdIYl2GsO8QOOMju3pjo78dHnlyRI3uTSz5n+4eg6Ir4mO76YoBpxkrtD1hrhQ=
w9kvwNVWePEFUvD4pW8BelxwkNVyLxbbG333oImS0qdIYl2GsO8QOOMju3pjo78dHnlyRI3uTSz5n+4eg6Ir4mO76YoBpxkrtD1hrhQ=
zOB82ValKHYAcm/4fTOrhUdX9a5ROXrFvshQplD6RO/7vwh0rusRdRzMQVpaQIXS8TlDazxmwHg4ho3fDpDUNt50seCCOrkcL7s/YK4X
8F09RH/5D79LTlNJ5YrZ20ZX9a5ROXrFvshQplD6RO/7vwh0rusRdRzMQVpaQIXS8TlDazxmwHg4ho3fDpDUNt50seCCOrkcL7s/YK4X
SQMel0tAOvu2W8s4+z8uhUVX9a5ROXrFvshQplD6RO/7vwh0rusRdRzMQVpaQIXS8TlDazxmwHg4ho3fDpDUNt50seCCOrkcL7s/YK4X
nNRNFz4/X0r6Uy/nVFPC2ERX9a5ROXrFvshQplD6RO/7vwh0rusRdRzMQVpaQIXS8TlDazxmwHg4ho3fDpDUNt50seCCOrkcL7s/YK4X
Mozd95pLPLTis4A+xfOdfENX9a5ROXrFvshQplD6RO/7vwh0rusRdRzMQVpaQIXS8TlDazxmwHg4ho3fDpDUNt50seCCOrkcL7s/YK4X
P4cqMo5ae0mZp2KIL8w/6nPP2vgEB/vpnhwkGmO6y+B1ymZ3PIrxJlyHhIh32yf6/9srrYqRHuQhhrl8TUeS3r/637JXk4VqLY8NW6AFfa4I
oLvrcufq/qBvVsF+zkJzl3PP2vsEB/vpnhwkGmO6y+B1ymZ3PIrxJlyHhIh32yf6/9srrYqRHuQhhrl8TUeS3r/637JXk4VqLY8NW6AFfa4I
u1AMZOIqnpO9Uuhj560brnPP2vkEB/vpnhwkGmO6y+B1ymZ3PIrxJlyHhIh32yf6/9srrYqRHuQhhrl8TUeS3r/637JXk4VqLY8NW6AFfa4I
Lts9hcMuWaHTxxQSrWzVfnPP2voEB/vpnhwkGmO6y+B1ymZ3PIrxJlyHhIh32yf6/9srrYqRHuQhhrl8TUeS3r/637JXk4VqLY8NW6AFfa4I
ZamkveF4RBC25xT1LxmdrnPP2v8EB/vpnhwkGmO6y+B1ymZ3PIrxJlyHhIh32yf6/9srrYqRHuQhhrl8TUeS3r/637JXk4VqLY8NW6AFfa4I
S5Oa4cH6z212W9L2rKa57CgFhbdm5hhiED4MWyvL4NAOT3mBjHjJ3trEDWZhzSvPnMIoDOgyxRtOVJwCDgBZxKIe0eg/jzdkrhM=
JWO/Rlk0jDCNlJhs8FpC+S0Fhbdm5hhiED4MWyvL4NAOT3mBjHjJ3trEDWZhzSvPnMIoDOgyxRtOVJwCDgBZxKIe0eg/jzdkrhM=
XlKnb58dS+tLMpcdSMrqEywFhbdm5hhiED4MWyvL4NAOT3mBjHjJ3trEDWZhzSvPnMIoDOgyxRtOVJwCDgBZxKIe0eg/jzdkrhM=
nsqyENLGhKm0I+R0FTDz+i8Fhbdm5hhiED4MWyvL4NAOT3mBjHjJ3trEDWZhzSvPnMIoDOgyxRtOVJwCDgBZxKIe0eg/jzdkrhM=
uLaMJr50s+YIyL3v3nFUFIK14+yGD7+fS76GKTYUCIedzuS9/w34Aeb0xSsnKam9RCk+m7WM6YdNXzxvWXwKQaHPWXRgNDOnMzz+usjOoGlPGPyT9rzLg+g8LAFlVGQ2r0t0hp8O5muHspvPdVpiR7tT0927xlqVr+msLMQ+oLSRIe6qgECWdn1uchAdelfpg76uzQ==
EfLa0Ig+Ja8obk26EGMG41agz6n495liuoOxv5ZbIjrwnbGoxJ8b09BrusI1+RNn8YeI737Z8TIhTfEJbN2NkrIbzWm5lsSqWw2vyk4ovEA4k8OefBFyQkMJlKq88/H6HKwDrdQk+1BOgVsE653BlLr99xUTH3/4Et+TP3wekFCYbn0HjsikXn5cYRhCAul0T5OPuK7P
Bh0IBXSk9F1hTLrP5bR39TxodqAwXiJBKBrpDBElPW78hFtURlsVtMDVKhwo+If9LiUWpaxywh62z9s9foMcdNqLk7Ygx3Sp6eqzty7Nr2bfahFM2BlTPF4si7/axt8EFBdbeDepUGS7denCAtmBYwo3JS6WTfizsAFRziwhaiTZVpHcFTfaXvfKB1K/Qz0qNf9le5iVta7A
knE/6ElL3o/aUcpWPj+0wzOTJU83f2MmtzgJNSMe0pi1bChHO1TuiUQkxiSpjWD52J3iLgzeeJOVhbBfUgR0V30OTpvaSUd23Q/AUQEWUfaf9FaF3bzQsAUHVFpRdLqLtcBZNf6EFSmHeuwFLxNE6+uW2BE2c35dH/bi/SRU94p/5Htr9L7Z1mlqUV8TWjvja0OWibuuzg==
6viO7pMACiLzJUfIPWx8YlSmdOxHYiD2vidD1J6Mc+C7LFl3zja/ZLHmSTydZ6LezxqPcuczFerd790bkCVtrhg=
FcFGuugU0/ZKSK1OSVyxdhkg1ohvMgffWlSluprblPNCbBzL4u8HJPoU/2A3tL0HCn5jRI3uTSz5n+4eg6Ir4mO76YoBpxkrtD1hrhQ=
JC8TQu8SfAQJd6Y6+uAnqLaQqloKJp+IiWN835W0zWvnQICmnoBHRk1KrozIWyQ53ug2Hmdu1cL9tBNS01RnI3D+3R71mr2Ht3pfmwdTqgF/rgo=
5+lKsYyifluHVZsl4W4R7kUPaoSTiveYcvBbflmq2lR0C8hRSmii9gu+aZoJ1Adqz6QLC0S+KXZZKiF/I9rrw/sDhilrrh4=
XeHE73Wcguu0H0nlBwQrBKqYthMVMY6JxnQuidu6wmPmTMOtnoBHRk1KrozIWyQ53ug2Hmdu1cL9tBNS01RnI3D+3R71mr2Ht3pfmwdTqgF/rgo=
iyKoAR49SW/3YVF+lwC6Y1qx+kifPJNZyHKlMnTwpCs591BZNwyE/dZyuDP8LnCgWH4dV44YRE4+LAEowvLJxA+DL2iuHw==
NnXzdBBD1Nsv7tT41iLgCFqx+kifPJNZyHanPHTwpCs591BZNwyE/dZyuDP8LnCgWH4dV44YRE4+LAEowvLJxA+DL2iuHw==
qenfiOKqwLqS54S0/gofq4aOu8gfUN+oNlxpf2VGpVivMFgvKAg3ciLNtaTZXtjkCJoBPI4T42t0ryb1bVBK6tFktQh0dyATc8m+cq+ij0cClctGO1J9XMQRVzxaJJevtv47JHBPd4gL4RSkfz2Vcu4BJQOuz4m+CsV8MzSJzV6AWc7EfQ79bOn/nh4zAjsik5vZClHHiWuEnbGuxA==
S5GpQxWMPlZGPB8vbDTf8JdW/wLJQ/Agt/t9Y47JX////zl11i4dZHk0Y7JjFLdDgP7tPqVazScH+s/71xOaIW+uGg==
7yMEm6V2LHpo5+gCcV8zHMij5PadALicCKPDPhddCYqbxOS9/w34Aeb0xSsnKam9RCk+m7WM6YdNXzxvWXwKQaHPWXRgNDOnMzz+usjOoGlPGPyT9rzLg+g8LAFlVGQ2r0t0hp8O5muHspvPdVpiR7tT0927xlqVr+msLMQ+oLSRIe6qgECWdn1uchAdelfpg76uzQ==
kfiC+fU3TlW1OBcmrK1gjDT2+FW7pmre2fVRTaACL1wk9Ctiy7Qv0xh+da49uqX3TzqHC7/z4tEXrmI=
zeB+UhVAFe4qCxJjdgPMAoYgOMJxdxrhIlhu8h+NTGC8inBoGUWuRpgU5kqVqlKcJY7H9csarmE=
3FrvtGjg5XUrpx+Vc0F1/JC8RlGWCor88aJ64jlB1J23KTOod1PeMeqmsXOmNUpAlsNlvS1xTCNc3kdfb/7aap7zAOGi6xgjLztcxLuY911kt+C+ywL2LCprFoVKKbWomHHh4dDaObHkxKfp6thFxGf9/ZyDRM8o6cP5WZ39jkZOMXO5hoKgPUipcQX+IQOLnzHWEzGd5nTWfGFZRf94gxTfCFfP3zRN96y/Iw8PQ2UlCYl6aZ3makWCBwkCJEGxAa9ESv69LDEdbHxw/raL+weyaF/Ckkb4ysTCQgJosWZqr+aPttXyJarki7ZaIfqoUK5SGzcZKxXIQtndyNQwzzJp4KmICre/FpgmAZvY5DD933UKdpBZ1VqGwYZ7OMJu0C/QbxwuBGBZYOjm8wv+gFnLtcpeZHGj1aWqknZlNFh03r0GmQdoQs/zKT04Y+TzVwkc41+harL7CmP3fi0/5m+KoQzo+WM8bsy7/2omb4SE9ws450lAZKtVuYLSeRHj+pdVbmZtiLNAISEO3IEapEn2wRzFF8he56pXkm8jraqFn9W7qPWFrvA=
IbREXhg3R8F4jBI6t4VOhf5967+zPm86NWoIbOFglJyX+qZ52P2tafN0qfmoXuYbXEyko7lMm6tApZDNc8/YHu9SD0B69goTNtKHvtAHDWkS3khG0ZVaP4w5draPMVKoATG8lIP0AdHrhIVI+UjfD78BS1Ho9si95SEg7hb9fsVXHegtBbv5HQBLd1FQFGDw58HTUx4z0pNej+mzAk3BwJn7WUOF1UOlH+LvEVAK805BUdQIJ4EHo1JS2NEa8asA2uhoOg1LYR6+B4RecJj8yMRaFETXVqzjsFcQuUSlHIgtbgxtPJg2gkQDMRUddf6On4UeeFZ/tOV2MS5mAX8g9AAZjdTiAJvzo1IwXO+17ApHHu2UpN4WY4a3OkIyYG8Mzj6lRzgwP2cjUtjox8NjaezKoElSaHLSqx6/a16CeZ+Ppa7vYkMxpcq7GW1c0s0GZe9oAVnWqcb31E6V1bzYoB0nPGqptOLbHSDhRXYEnZn/2gTVd1N8G8P2wAE+c3ZNBxbKjRyUL9oXRIPbfj5RJtEK+Y/LGkPTg2OOmbOuxg==
sgQDFeBinsb49/gtr1h9tikFhbdm5hhiED4MWyvL4NAOT3mBjHjJ3trEDWZhzSvPnMIoDOgyxRxIVJsGDgNbxKsf0eg/jzd4tAE=
6G+Ji68bJzsyeyE/6Yu+WQiDopQaanuHmHFSp8hJf0BQFm3FxvSwP12/1IqFGBqe+RvGa605DEiskhCgaboors/IxkGnkps1tRYnvTt+tBs=
MVc57JzeafddY4PI9k7/3SsFhbdm5hhiED4MWyvL4NAOT3mBjHjJ3trEDWZhzSvPnMIoDOgyxRpIVJsGDgNbxKsf0eg/jzd4tAE=
+VnjFVfUN4gmodyPAqiGSgiDopQaanuHmHFSp8hJf0JQFm3FxvSwP12/1IqFGBqe+RvGa605DEiskhCgab0ors/IxkGnkps1tRYnvTt+tBs=
nssPNNss7nt7tIxYL1Eq9CoFhbdm5hhiED4MWyvL4NAOT3mBjHjJ3trEDWZhzSvPnMIoDOgyxR9PVJsGDgNbxKsf0eg/jzd4tAE=
+F6ldit/97AlZGElZZZwGQiDopQaanuHmHFSp8hJf0NQFm3FxvSwP12/1IqFGBqe+RvGa605DEiskhCgabkvrs/IxkGnkps1tRYnvTt+tBs=
FO7KFNR+3H9coO0rfRM1GS4Fhbdm5hhiED4MWyvL4NAOT3mBjHjJ3trEDWZhzSvPnMIoDOgyxRxPVJsGDgNbxKsf0eg/jzd4tAE=
gYVtqOMidQaoC2zKveeZhQiDopQaanuHmHFSp8hJf0dQFm3FxvSwP12/1IqFGBqe+RvGa605DEiskhCgabsvrs/IxkGnkps1tRYnvTt+tBs=
03B9H6yCrfjlV8rHTBoDm9XiR7F9c2m0NQD1eaV9kXxAADjHb61HhzRs3hvRbCwFcNqOyhfec5lGVLf70JSUtZ3j2/BkTfskl+GguW9+P+0RE7UwmpHOdDHrQRWvuz33RdNXadKr0eOqpNeGBrSi/G35iqORxHpd+HGki2LJP2b1r1ghCVbZJucU/jUFvAgArecsitk0svstYHElhgStOW8adDUn08w707YwYe5zJq131tqtrBT/uucEE3tAPyHBRcrKrRuTsrOTIz45/7SE
0SmGyV5oOcq4mrndfdbi7grAQOizG5Pr5Re5M2uPKI/Ghd50zzJOTRVz6lwArdvzdTq7ixaVDmw65YxsbOGLWZeDn5fFzHq95RiJmb6FcX4h0Q9rqwyEYdBIL5NfKbFbY8ubq4lVjFuP33TcCbpYdPxAs4FUH880JOEmCXo3PCmh2mvXxp2XpkeaeWxgiZs8lrwzn7I2R8QsR7MY75kY5POFsWKqiXkjkocNzu7dsLN4kamuBJHy5KGGOXzNRx7fP/1bstSRBWOsj41bIAXhtJo=
sHd1EopPUSTHb+WbWE2fp5OZRPTJsK8yXGGnflNmzC2IcrOAl/UJ/GBRyH15IdbdihtTNXmBSo8GNZ1OcyMpGzAPY1B67cV8ohJlIzvu/qBTjO8uigPpWcKkH9KnPsvSWeg/PMN7wzZFD0C0JKfUXaLQJfF5KJyNC02l11nTmfAoOGMT60AeHmAi0L33RPzXfnDbd3CADGWN+FQi19c0gleCNl/fTvvrXTaSE4OPUxmzisrht9UMyKwSECBpMS8uz0jGwacSm7W1lic9O/60mw==
Hluno3axv0qAoNiNMDQ3WZOZRPTJsK8yXGGnflNmzC2IcrOAl/UJ+mBRyH1/IdbdihtTNXmBSo8GNZ1OXzQpEiwBdFB67cV8ohJlIzvu/qBTjO8uigPpWcKkH9KnPsvSWeg/PMN7wzZFD0C0JKfUXaLQJfF5KJyNC02l11nTmfAoOGMT60AeHmAi0L33RPzXfnDbd3CADGWN+FQi19c0gleCNl/fTvvrXTaSE4OPUxmzisrht9UMyKwSECBpMS8uz0jGwacSm7W1lic9O/60mw==
hRUh7J5P7N0ZeTKavRnI+bdYHG2maDVWLZ/aXD+O3IplyiwYMmOEDaS+3Qc+thX0QsBJXg7Wcyzdp8Zb0/kyCMlTHiIJulbDNW6WBB05B/D+oleK5ySGDflr1lIH6LtA6/A9DhcWLxXz5DHZeO7Y+ZSf5hbtu7VmzH9f+32thW35Eoyei3lH7m6M1LQoJ0vafFX69lP9/A6c1xmOzJhLKZQgs+Se9bOgS7mpYCrJ/1GTW3fMgiv7G9y6eCRI2jUPz0zrbq4rizxrp4GAXycH4LSZ
ThDuRR02J9UIcCfNufsRuJOZRPTJsK8yXGGnflNmzC2IcrOAl/UJ+mBRyH1/IdbdihtTNXmBSo8GNZ1OcyMpBS0OaVB67cV8ohJlIzvu/qBTjO8uigPpWcKkH9KnPsvSWeg/PMN7wzZFD0C0JKfUXaLQJfF5KJyNC02l11nTmfAoOGMT60AeHmAi0L33RPzXfnDbd3CADGWN+FQi19c0gleCNl/fTvvrXTaSE4OPUxmzisrht9UMyKwSECBpMS8uz0jGwacSm7W1lic9O/60mw==
7+i03dupam0ZJNtVApDyxrdYHG2maDVWLZ/aXD+O3IplyiwYMmOEC6S+3Qc4thX0QsBJXg7Wcyzdp8Zbwv8wHc1HHiIJulbDNW6WBB05B/D+oleK5ySGDflr1lIH6LtA6/A9DhcWLxXz5DHZeO7Y+ZSf5hbtu7VmzH9f+32thW35Eoyei3lH7m6M1LQoJ0vafFX69lP9/A6c1xmOzJhLKZQgs+Se9bOgS7mpYCrJ/1GTW3fMgiv7G9y6eCRI2jUPz0zrbq4rizxrp4GAXycH4LSZ
3qLZiI/eoqZypCmhhqc3tNXiR7F9c2m0NQD1eaV9kXxAADjHb61HgSU0hgvHZ3had9mb41G9NNtRDKC71KaTo4j+2/BkTfskl+GguW9+P+0RE7UwmpHOdDHrQRWvuz33RdNXadKr0eOqpNeGBrSi/G35iqORxHpd+HGki2LJP2b1r1ghCVbZJucU/jUFvAgArecsitk0svstYHElhgStOW8adDUn08w707YwYe5zJq131tqtrBT/uucEE3tAPyHBRcrKrRuTsrOTIz45/7SE
2oDhb8L0rwVElghJ5MtVOdXiR7F9c2m0NQD1eaV9kXxAADjHb61HgSU0hgvHZ3had9mb41G9NNtRDKC73bWZvoj82/BkTfskl+GguW9+P+0RE7UwmpHOdDHrQRWvuz33RdNXadKr0eOqpNeGBrSi/G35iqORxHpd+HGki2LJP2b1r1ghCVbZJucU/jUFvAgArecsitk0svstYHElhgStOW8adDUn08w707YwYe5zJq131tqtrBT/uucEE3tAPyHBRcrKrRuTsrOTIz45/7SE
Vn8po9r2nA2Ii9HVJ/V37jK9RxRvrFaG7XR3n9Pu9lu9kKUG6whEW3GKfr2nohbG2HpYcOSbcXgtV75M3QDbgCKGRRXXRc2gGbRenYEAtYmyjXV+JdkDe5cU4EH0MPOjE+H1G6eD11vV7Wg7K0cITIUy3PR4yD8RqIdr1EBZ+nm2/3jpZZKn55pls4ajgkV8bIGfPJK0P4+OLqPkCL/vKCPR3CS3TX0SdjEdwzYf8V5iVTQz/BklPngJVoRFPmWMgQ/an3s1F4II6SFDyJexSywN5bSe
DRtwODSahy1g0NxaQSV1mnchz4R25fDev+47I3AxcnYHzlFBivGb18x3879Id6GmoFF8EU3YntHykv+cjaL/ud+ZAZvNGReYiXGB5PeARGRxV6BnH25zHZR+Unx8/lCwGI69I4ro4jr+PyN4SyOp1M8zT0S0PQ==
us74YSjSw3AdMbOynMo7HHchz4R25fDev+47I3AxcnYHzlFBivGZ18x3879Id6GmoFB8EU3YntHykv+cjaL/ud+ZAZvNGReYiXGB5PeARGRxV6BnH25zHZR+Unx8/lCwGI69K4ro4jr+PyN4SyOp1M8zT0S0PQ==
clFTF7pFQ+Pzp781jcjx4nchz4R25fDev+47I3AxcnYHzlFBivGY18x3879Id6GmoF98EU3YntHykv+cjaL/ud+ZAZvNGReYiXGB5PeARGRxV6BnH25zHZR+Unx8/lCwGI69J4no4jr+PyN4SyOp1M8zT0S0PQ==
IIHNuNCRB2wRo2iHTWV023chz4R25fDev+47I3AxcnYHzlFBivGc18x3879Id6GmoF58EU3YntHykv+cjaL/ud+ZAZvNGReYiXGB5PeARGRxV6BnH25zHZR+Unx8/lCwGI69Iojo4jr+PyN4SyOp1M8zT0S0PQ==
vjh7wppf/JK7it0CHO702nu510MnG5Lz7yYYW55XC+uglp4zi2OwKE53qelsUPnG2tw9ToGl+/fcOnikSFo1j8jM7e6uq4u8ayeBAF+nB2C0GQ==
cKF224SkxMnqKdYVqo309V6fs2HLJrYXm2e4PG6j4S089FFSWkiV6tFhsyP8LnCgWH4dW4gYRUo+LwMoy/PJxA+DL3S0DQ==
M5nDE16hYXME2ap4YeNxxDwU1VtY2P+Jyv3DsQyOvv0tV/SylRAahskgqZfn8cwQXPqwGPkwrzZ5YCY5d9rb7cX+B4UrdrQD
5NT9RPihgBnFGSaM4t6iWXoDh4Ev/j9iEStuWyvL4NAOT3mBjHjJ3trEDWZhzSvPnMIoDOgyxR5PVJ0GDgNbxKsf0eg/jzd4tAE=
H0UZ71Hcn0cLzcpp9FDXgGgUx7o4CQh7z4PxTYIBk2W0Il6ZxctEBg2cmgJBnDkDH51stPQmwOyh/G9ysRz2bU/2uwmt4jexM3q0Bw==
iUQ5t9yZmlLQaHmpvIX+cQiTkLZkEDL0p3ewOhYBPhS4D+I2r9YCO1rwqWd5OqHn9dVUrUAUf7pnBJN7yj+hx8XKSq2bkzKzEyO+OX+0BA==
fBMavWN/D/vONDbYkamXR1z9mFhkQMKf+XpCS8tZVLmRs54zi2OwKE53qelsUPnG2tw9ToGl+/fcOnikSFo1hc/M7e6uq4u8ayeBAF+nB2C0GQ==
vmq0B0VYt8evukslPhEIrPzxJR1+mZ21PDNQzr6wby/izkwhJGCqB+Aylcb4H3gY+1OjentTpz32CbqExT7ljAEPV5/7M5eCiOmhQ0iXMUusDWW0Hg==
tvrmtrQxnvmHNXWE8AKIMePsqOTzo9ZwQijtrLB/KSvSwLOLeN+xmeotg2GsHj5tjYe0YrUAGpbp8OlHR2FMgPwq8MjZJa8mWbBm6ddKW31lLkdVC2a0Ew==
kvPJYN35BTjTnVkosRyNKx96Un5VbytiWv/JjQcZJ7X4maZWK+HEMRE7DovruwBgjr/ZMUwo6c7a1C02oX2LPxxyyHwo4qULT0R9Vk7zO3Qrb3FYf18XaLQR
BsgePLVx58kPOL0wkavlq3kyiimKsdy14OzXdmZ10IzHg0gPOvzDX6CT8V2icVPV1LLeCSV7BPYtjJoSYWx5s/8N7CSUlgCcgelvYpFsNt0vZjuZTVJ3QRNqtBc=
FDR6kXRBb7VzkW+dSi5WXTx0zsEf31suAHBgZ1jXgLRDQhQV2P2Ognu1DPVR/8bfu2+oBC5bcaXcvGFKWlClojHpI9u8FmCoeLZtzA+AtQIeJxMQC4tZTG9LH2y0FQ==
8St7HJEhYm+pz+myJ90zRhAiW6TdgKOGIK9KZleW2gtyENF3cTqp9w21fJ0Y1Adqz6QLC0W7KXZdKiJ9I9Pqw/sDhil3tAw=
te+1SXksXLANk54OTewblCxd0/YvqycnGyVBWyHv3vBAVXmBjHjJ3trEDXVuyTHPnMIoDOgyxRpLVJwGDgNbxKsf0eg/jzd4tAE=
3uyrbKUMFJddQ3JPqxtkjiEFhbdm5hhiED4MWyvL4NAOT3mBjHjJ3trEDWZhzSvPnMIoDOgyxR5KVJEGDgNbxKsf0eg/jzd4tAE=
aTgYKhaJiDeuFenBF2d9CwiDopQaanuHmHFSp8hJf0hQFm3FxvSwP12/1IqFGBqe+RvGa605DEiskhCgabkqrsXIxkGnkps1tRYnvTt+tBs=
jv6G+sTrBwHlnD4Osq3KJaAahWA/2hkMJl9CnmQPVTToihyVlRw4cWuPJ5PQY4FwLXyTutKNmdyWts+xp0VrBXYDrDfInWhFz71cXw8PWW5bXTLGBH9PUTpwg7xnVNdK32Sbqxi6+RvN6jIdc1Nao8vDNklHtDw=
y2/1UwOJzDaOXNxVMrhqrjtw2o4+mV8ZQWtiTRbmxa1WEVQFyZbYgnv6DuRW+Kua7GWtSmBBcarcrCRBDhSnqzb+Ksu8FmCoeLZtyg6AsQMeJxMQC4tZTG9LH2y0FQ==
tEx9QulOe/eAkgwbAs+96f2Jwhp6yiNgMIfQIhgZ407rhazsiVMzb/Rvttjr0emuWCtkLQINPSyU0R19AabbG/Bjqhp1oYPvkc94137hAXpBxWFRLAWdmpLTfRE5bnTiewW/ko7wLMjYW7OmfCkCiqOBBHJ8q+HyPOSzVVRcS5huiUvcq8VRHNq1By0TJ4+wclcDZzzGgFi4ps16DjARE15Xc0CL23n8r1v/nLTl
xVBdv/P7YGNGS+fTQrfjWsDiseKyY289MvK3rqBPJEpzMb6h3GjmOF9rVGMlzJrywqqQ3484KEPK0fNhwLSibGWtbPE8raaW8F4EK1G11FdeJDifmZ7KAwYJG27ZH+SZzXbdfjuEEn3hvOxIQXfw0t0UdkOR0F0tosTJsQPqCM1jM0jjj6YcqUrzguVbxgb1KHQ7wht0//OtfgXLaHp2FV+ztmvPs1Lxm7Tg
xUnl3ZgP65PrHy+0fCoacD69lrdA+LnjWzfsMA/Pla2Kcs8+GC/MGjvx9pH0CP4IR2tMUz2sssKKatiPZ1iQ07JRS/E4FAq8LW2kgdSNvmboXhxbSZW8pxZk8M8xPrKTvonj/mH/jEkFNhVOE2QKTfm89HhZl9jiFVS+k/kw5b1aRHEhe0qgnatzABPnhgTZUvOaFUPm7oXgtHMSs9QHYxX+fVvQGp5FF3P+W+fTSsGDtPg=
Sk7RqonLkehKz2/9rPwRyyI0eXnVYJSaCo/EA4OTcRqVgWwSKRI+N7r2LcHgnQIQ+ARBa0pfO7REzpxazmMRQLb/VDGt3R7MfFB7XXLNItV4qq6eWpePzUrrwNSmI0fmFD9Y6QVSx2f6pZOGg8Ll/IzBfzxy9N8PLm6D5Ch/j6hDEbwkl43dktZx/cPWXxHewhUUM9zZhb4YyTaEJf7FDCFP856bd/YC6KkBQ+hXEctMzYW0/g==
K+0jwhEKLi9jgk65qeEDZixiist0gpK3ChEUkpGCxlcSJmUBqK3qcOA0WWtSbyPUrP7UmoazuSBOb+yx1U2mbJQAs506PQr1YNq2nkJnl+1imwiU7vMvRqyvoGm9wr+HUvVbxkvyjRyU8Wc8asTH70ZeS6TgLydIO4EEpG8dZTK+obWDHi85/trlDDPEqZ2eMDl+RO2uLayZ34seI+cOYkB5SYOgZ/mrVP2dtOY=
2uF+/6Oh3GXEdpOOpu7/X7aAyB0q3iZ7KZGDZQIC9FvrhazsiVMzb/Rvttjr0emuWCtkLQINPSyU0R19AabbG/Bjqhp1oYPvkc94137hAXpBxWFRLAWdmpLTfRE5bnTiewW/ko7wLMjYW7OmfCkCiqOBBHJ8q+HyPOSzVVRcS5huiUvcq8VRHNq1By0TJ4+wclcDZzzGgFi4ps16DjARE15Xc0CL23n8r1v/nLTl
Pyk9D813kiFyaSHK+WZhVixil8dykIm+OhEUkpGCxlcSJmUBqK3qcOA0WWtSbyPUrP7UmoazuSBOb+yx1U2mbJQAs506PQr1YNq2nkJnl+1imwiU7vMvRqyvoGm9wr+HUvVbxkvyjRyU8Wc8asTH70ZeS6TgLydIO4EEpG8dZTK+obWDHi85/trlDDPEqZ2eMDl+RO2uLayZ34seI+cOYkB5SYOgZ/mrVP2dtOY=
lEiJi6U96WzahJ1tq7Y2SaLR1Xq5JQsipGtQeb7RlfS3cmvlTjIL9kTfoMIf0RLpGBjCAENrSFsBvF66bkr8VwuozBt2EY+55KSmZEmNADl4HULubN6Y0zUFEB+yBBSXnY7uW/pJp7a9j2ARIRZxtn90NkX9vPBwZYe0GnF0mssVQDn1HoQ16Sf6DMVPE6SrSxZ4UdZzHp2/dkI9RFQXyh9k2yvRvrmTjOrynTNTGiMLw3bJh7T8
YcvUpDT2LeJmA/pTZh9uv0PwCCD5FGl2GmI64d5JqFLtWvIH5g5J4cSF/gD0DEVrTlc3pLjWuHqqm01wereQcWkVUjwg6N89llWeRfQiKh7eHwNd9nOkNAKbm5bYdxwpQZqLVybdd6an2pnsgMl7PHb80x9SdqfEzAdTmA/Z+OTTxRHiCslZI7LHrU5OnZCzWFEJLqRR0uSBRpn8bYc33l8/OjK0UWVjzE/t20DFgbT6
CZe216iGrTzcNkqtLQDaZUL5FTf/FyBkSmwm69sInBzhQPoS5g5J4cSF/gD0DEVrTlc3pLjWuHqqm01wereQcWkVUjwg6N89llWeRfQiKh7eHwNd9nOkNAKbm5bYdxwpQZqLVybdd6an2pnsgMl7PHb80x9SdqfEzAdTmA/Z+OTTxRHiCslZI7LHrU5OnZCzWFEJLqRR0uSBRpn8bYc33l8/OjK0UWVjzE/t20DFgbT6
l+z5br6lr7Wd+NjrBZYfFDT2+FW7pmre2fVRTaACL1wk9Ctiy7Qv0x1+das4uqb1TzOGC7/z4tELtHA=
T5ILZNdH9RmVgpEa6aAPMYYgOMJxdxrhIlhu8h+NTGC8inBoGUCuRp0R5kmXqludJY7H9csGtHM=
qAtjS7HIpnri9VQTqOk1ydG70I+EsA6KxURPr7Y22NeMyQs5SvgaglyK2HQIqlWWztwJn277Kwzr1+HQH5cncLQJ
P7/eijPtikrlmSper4RkQDHr1sRgYbHFXBwhqlqw5ROwhe7qvPYgCPjWre4JoPTjnofTcAurGazv698MtHU=
aKvI1oaTflLfgUmeXdspbykfg7V99BhiED4MWyvL4NAOT3mBjHjJ3trEDWZhzSvPnMIoDOgyxR5IVJwHDgNbxKsf0eg/jzd4tAE=
lCWOcFARcK99DbxCk4W9I23JlUViWNG4ijUMB8odVLff4q52x3S4GgBtqelsUPnG2tw9XY6h4ffcOnikSFo1h8jM7O+uq4u8ayeBAF+nB2C0GQ==
YfddZFwIRbG15n4BU+ESqWqMl70TDMehhwM3CWuky+B1ymZ3PIrxJlyHhIh32yf6/9srrYqRHuQhhrl8TUeT2L/62rJUkYVjLI8NW6AFYbQa
/ITH5pUPGvh2zarTkh4HA94Fn2FBsyINu6A6HBvGrJfARUcMUtCgjtxjwpztu0k8L4rBSDpPQPjTQ6t6c0OcUsrD4sQ9jr1sqX/eGHOCfiLQGRkDkEdJa0QdbbQW
Dfvf7hcdfGYK5NEej80jZWIH8g1FyYzI4baYpgSi8OctV/SylRAahskxqJvq4MwQXPqwGPk2rzZ4YSY5d9rb7cX+B4UrdrQD
yLbApG2KL10B6zV+7nufmWZx+9g0A674R91+TXR/Po4LNmaj5mAl7/26JW95Reg1pHTbAjv037MJfmWOCPoWVf+zFqvvM7Ixe7QA
Py7IalgN0ac6BbP1Tdjd9WuVs2HLJrwXm2e4PG6j4S089FFSWkiV6tFhsyP8LnCgWH4dVo4YREs+LwMoy/PJxA+DL3S0DQ==
NJsOSfiKhyv0sqNMApKI0wYh31tY2P+8wP3DsQyOvv0tV/SylRAahskgqZfn8cwQXPqwGPk0rjZ4YSY5d9rb7cX+B4UrdrQD
MMhIhfca7Rtp2llLBsc3ZlQ5sosv/j9iKx5kWyvL4NAOT3mBjHjJ3trEDWZhzSvPnMIoDOgyxRtOVJwHDgNbxKsf0eg/jzd4tAE=
RKx++ThMGgX8HOrLn5Lx9E05ruNg5WsPKx5kWyvL4NAOT3mBjHjJ3trEDWZhzSvPnMIoDOgyxRtOVJwHDgNbxKsf0eg/jzd4tAE=
0cBdJwyrJ5rE79Q6Gz080AY9txRDjIu8wP3DsQyOvv0tV/SylRAahskgqZfn8cwQXPqwGPk2rjZ4YSY5d9rb7cX+B4UrdrQD
1krV0nMs7K0j7QNpeQVBi3f9/HqfUrwXm2e4PG6j4S089FFSWkiV6tFhsyP8LnCgWH4dVI4YREs+LwMoy/PJxA+DL3S0DQ==
aDoZcoydAHC4QVndeIhHz9ZhMDtVSnpHMJIFRoi/yFgLM7N6a7PX/UapSgRVnrVMUS9kngtSRkLYCTHD+PfBC5wtdbQO
uynbz9R6wbGXqawy3ABawXeZs2HLJrAXm2e4PG6j4S089FFSWkiV6tFhsyP8LnCgWH4dVY4YREs+LwMoy/PJxA+DL3S0DQ==
88AVmI0v7AfwZL/M39VmlBE901tY2P+gzP3DsQyOvv0tV/SylRAahskgqZfn8cwQXPqwGPk4rjZ4YSY5d9rb7cX+B4UrdrQD
QaGvWZBnc/ZcwTb0Xfh2CEkurocv/j9iPAJoWyvL4NAOT3mBjHjJ3trEDWZhzSvPnMIoDOgyxRZOVJwHDgNbxKsf0eg/jzd4tAE=
i7zu0+LlJCEXdeMvLtnj0ztw2o4+mV8ZQWtiTRbmxa1WEVQFyZbYgnv6DuRW+Kua7GWtSmBBcarcrCRBDhSnqzb+Ksu8FmCoeLZtyAiAtwMeJxMQC4tZTG9LH2y0FQ==
DFIfbIQ0DksCkHBOwT0sZv2Jwhp6yiNgMIfQIhgZ407rhazsiVMzb/Rvttjr0emuWCtkLQINPSyU0R19AabbG/Bjqhp1oYPvkc94137hAXpBxWFRLAWdmpLTfRE5bnTiewW/ko7wLMjYW7OmfCkCiqOBBHJ8q+HyPOSzVVRcS5huiUvcq8VRHNq1By0TJ4+wclcDZzzGgFi4ps14CDAXE15Xc0CL23n8r1v/nLTl
u/DcmiAVhMsaczexMM6z/sDiseKyY289MvK3rqBPJEpzMb6h3GjmOF9rVGMlzJrywqqQ3484KEPK0fNhwLSibGWtbPE8raaW8F4EK1G11FdeJDifmZ7KAwYJG27ZH+SZzXbdfjuEEn3hvOxIQXfw0t0UdkOR0F0tosTJsQPqCM1jM0jjj6YcqUrzguVbxgb1KHQ7wht0//OveAXNaHp2FV+ztmvPs1Lxm7Tg
JjO3+uxWsBh/hvKIvfCVKj69lrdA+LnjWzfsMA/Pla2Kcs8+GC/MGjvx9pH0CP4IR2tMUz2sssKKatiPZ1iQ07JRS/E4FAq8LW2kgdSNvmboXhxbSZW8pxZk8M8xPrKTvonj/mH/jEkFNhVOE2QKTfm89HhZl9jiFVS+k/kw5b1aRHEhe0qgnatzABPnhgTZUvOaFUPm7oXgtHMSs9QHYxf4fV3QGp5FF3P+W+fTSsGDtPg=
D8V8eVWA+/6lVLGCdDKrnyI0eXnVYJSaCo/EA4OTcRqVgWwSKRI+N7r2LcHgnQIQ+ARBa0pfO7REzpxazmMRQLb/VDGt3R7MfFB7XXLNItV4qq6eWpePzUrrwNSmI0fmFD9Y6QVSx2f6pZOGg8Ll/IzBfzxy9N8PLm6D5Ch/j6hDEbwkl43dktZx/cPWXxHewhUUM9zZhb4YyTaEJf7FDCFP8ZibcfYC6KkBQ+hXEctMzYW0/g==
PkvqY59Jamz6IFovB0wbxCxiist0gpK3ChEUkpGCxlcSJmUBqK3qcOA0WWtSbyPUrP7UmoazuSBOb+yx1U2mbJQAs506PQr1YNq2nkJnl+1imwiU7vMvRqyvoGm9wr+HUvVbxkvyjRyU8Wc8asTH70ZeS6TgLydIO4EEpG8dZTK+obWDHi85/trlDDPEqZ2eMDl+RO2uLayZ34kYI+EOYkB5SYOgZ/mrVP2dtOY=
D/AvsdCH18vhpawAPwTlXLaAyB0q3iZ7KZGDZQIC9FvrhazsiVMzb/Rvttjr0emuWCtkLQINPSyU0R19AabbG/Bjqhp1oYPvkc94137hAXpBxWFRLAWdmpLTfRE5bnTiewW/ko7wLMjYW7OmfCkCiqOBBHJ8q+HyPOSzVVRcS5huiUvcq8VRHNq1By0TJ4+wclcDZzzGgFi4ps14CDAXE15Xc0CL23n8r1v/nLTl
jlJugTJjgkft5lp0q6I1Aixil8dykIm+OhEUkpGCxlcSJmUBqK3qcOA0WWtSbyPUrP7UmoazuSBOb+yx1U2mbJQAs506PQr1YNq2nkJnl+1imwiU7vMvRqyvoGm9wr+HUvVbxkvyjRyU8Wc8asTH70ZeS6TgLydIO4EEpG8dZTK+obWDHi85/trlDDPEqZ2eMDl+RO2uLayZ34kYI+EOYkB5SYOgZ/mrVP2dtOY=
8YA8ejwV0yd/lJmhGfYa5KLR1Xq5JQsipGtQeb7RlfS3cmvlTjIL9kTfoMIf0RLpGBjCAENrSFsBvF66bkr8VwuozBt2EY+55KSmZEmNADl4HULubN6Y0zUFEB+yBBSXnY7uW/pJp7a9j2ARIRZxtn90NkX9vPBwZYe0GnF0mssVQDn1HoQ16Sf6DMVPE6SrSxZ4UdZzHp2/dkI9RFQXyh9k2yvTuLmVjOrynTNTGiMLw3bJh7T8
5/DiG7KOkB+Hek6gPnoQ80PwCCD5FGl2GmI64d5JqFLtWvIH5g5J4cSF/gD0DEVrTlc3pLjWuHqqm01wereQcWkVUjwg6N89llWeRfQiKh7eHwNd9nOkNAKbm5bYdxwpQZqLVybdd6an2pnsgMl7PHb80x9SdqfEzAdTmA/Z+OTTxRHiCslZI7LHrU5OnZCzWFEJLqRR0uSBRpn8bYc12F85OjK0UWVjzE/t20DFgbT6
AbtEHnZ+KgcfAGbk6QCRX0L5FTf/FyBkSmwm69sInBzhQPoS5g5J4cSF/gD0DEVrTlc3pLjWuHqqm01wereQcWkVUjwg6N89llWeRfQiKh7eHwNd9nOkNAKbm5bYdxwpQZqLVybdd6an2pnsgMl7PHb80x9SdqfEzAdTmA/Z+OTTxRHiCslZI7LHrU5OnZCzWFEJLqRR0uSBRpn8bYc12F85OjK0UWVjzE/t20DFgbT6
6l59BWSahuegHHxi/I1scTT2+FW7pmre2fVRTaACL1wk9Ctiy7Qv0x94da04uqb1TzOGC7/z4tELtHA=
8ll0gyU9nDhGdEW6TQI0joYgOMJxdxrhIlhu8h+NTGC8inBoGUKoRpsR5kmXqludJY7H9csGtHM=
QRAXHcwYCqt4Okq5wJ6WING70I+EsA6KxURPr7Y22NeMyQs5SvgaglyK2HQIqlWUyNwPn277Kwzr1+HQH5cncLQJ
YvNoZ9pz2GFmmu11Ea3gHkUPaoSTiveYcvBbflmq2lR0C8hRSmii9gu+aZoJ1Adqz6QLC0C7KXZfKiJ9I9Pqw/sDhil3tAw=
5vN3zLlnBE7bPYSUNxsqEaqYthMVMY6JxnQuidu6wmPmTMOtnoBHRk1KrozIWyQ53ug2Hmdu1cL9tBNS01RnI3T73R7zmr6Ft3NemwdTqgFjtBg=
SAIvD8EH+vpZioQXC7MxyANxx+JQE7PpEfxVWnR/Po4LNmaj5mAl7/26JW95Reg1pHTbAjv037MPfmWMC/oWVf+zFqvvM7Ixe7QA
EeWOwGSU2gwSyNw5OO3eqEsqOG4EJT08F6Of/gdbc8bXmaZcO+GGciwUCIvruwBgjr/ZMUwo6c7a1C02oX2LPxxyyHwo4qUNTkR+VE7zO3Qrb3FYf18XaLQR
kh9EnFaV2Aqn/AA8OtHdSHv1nQyc6YFTbWwbe4dXFTtKcdar4qZgYBoo499eppjhcEhWN+wqgabM5zRIJ/vX+o/7++06cY5k0SbpvH0njtmv1ynyBHE147wvfZtwZVG0Kg==
C8dsjPehSFq7kzbybEfav72x+ZROicRzCDJ9hRY3zEQoCfYZ/ucvwX1TBqilm9ZPXDwvdwAXKMPC2NNDiGcxMTr1o2mc5v4FHR9UKsU4Gr65qEnP9xkMaOwykAApmCiOhWpG4eeymxX1tqcde160Ow==
kV8neDNWN39x+SzExNeaujtw2o4+mV8ZQWtiTRbmxa1WEVQFyZbYgnv6DuRW+Kua7GWtSmBBcarcrCRBDhSnqzb+Ksu8FmCoeLZtzw+AuQMeJhMQC4tZTG9LH2y0FQ==
syqK3peDMpb6pAvPHdT+/P2Jwhp6yiNgMIfQIhgZ407rhazsiVMzb/Rvttjr0emuWCtkLQINPSyU0R19AabbG/Bjqhp1oYPvkc94137hAXpBxWFRLAWdmpLTfRE5bnTiewW/ko7wLMjYW7OmfCkCiqOBBHJ8q+HyPOSzVVRcS5huiUvcq8VRHNq1By0TJ4+wclcDZzzGgFi4ps1/DzAZE15Wc0CL23n8r1v/nLTl
AIbhKC9M0GIbgeE0ASADPcDiseKyY289MvK3rqBPJEpzMb6h3GjmOF9rVGMlzJrywqqQ3484KEPK0fNhwLSibGWtbPE8raaW8F4EK1G11FdeJDifmZ7KAwYJG27ZH+SZzXbdfjuEEn3hvOxIQXfw0t0UdkOR0F0tosTJsQPqCM1jM0jjj6YcqUrzguVbxgb1KHQ7wht0//OofwXDaHp3FV+ztmvPs1Lxm7Tg
qdWWH4AJc/QFyN/capIV5z69lrdA+LnjWzfsMA/Pla2Kcs8+GC/MGjvx9pH0CP4IR2tMUz2sssKKatiPZ1iQ07JRS/E4FAq8LW2kgdSNvmboXhxbSZW8pxZk8M8xPrKTvonj/mH/jEkFNhVOE2QKTfm89HhZl9jiFVS+k/kw5b1aRHEhe0qgnatzABPnhgTZUvOaFUPm7oXgtHMSs9QHYxD/fVPQGp9FF3P+W+fTSsGDtPg=
ZuRcCT3eryj1814CygJX/CI0eXnVYJSaCo/EA4OTcRqVgWwSKRI+N7r2LcHgnQIQ+ARBa0pfO7REzpxazmMRQLb/VDGt3R7MfFB7XXLNItV4qq6eWpePzUrrwNSmI0fmFD9Y6QVSx2f6pZOGg8Ll/IzBfzxy9N8PLm6D5Ch/j6hDEbwkl43dktZx/cPWXxHewhUUM9zZhb4YyTaEJf7FDCFP9p+bf/YC6akBQ+hXEctMzYW0/g==
61WsKHVJEcN9bFz3DU92ESxiist0gpK3ChEUkpGCxlcSJmUBqK3qcOA0WWtSbyPUrP7UmoazuSBOb+yx1U2mbJQAs506PQr1YNq2nkJnl+1imwiU7vMvRqyvoGm9wr+HUvVbxkvyjRyU8Wc8asTH70ZeS6TgLydIO4EEpG8dZTK+obWDHi85/trlDDPEqZ2eMDl+RO2uLayZ344fI+8OYkF5SYOgZ/mrVP2dtOY=
XrChPWNgfSXe9U53KfNLLbaAyB0q3iZ7KZGDZQIC9FvrhazsiVMzb/Rvttjr0emuWCtkLQINPSyU0R19AabbG/Bjqhp1oYPvkc94137hAXpBxWFRLAWdmpLTfRE5bnTiewW/ko7wLMjYW7OmfCkCiqOBBHJ8q+HyPOSzVVRcS5huiUvcq8VRHNq1By0TJ4+wclcDZzzGgFi4ps1/DzAZE15Wc0CL23n8r1v/nLTl
oICN+jFnET2f39B98chyTyxil8dykIm+OhEUkpGCxlcSJmUBqK3qcOA0WWtSbyPUrP7UmoazuSBOb+yx1U2mbJQAs506PQr1YNq2nkJnl+1imwiU7vMvRqyvoGm9wr+HUvVbxkvyjRyU8Wc8asTH70ZeS6TgLydIO4EEpG8dZTK+obWDHi85/trlDDPEqZ2eMDl+RO2uLayZ344fI+8OYkF5SYOgZ/mrVP2dtOY=
bDF3pFZu/NKqH3jI8LKJCqLR1Xq5JQsipGtQeb7RlfS3cmvlTjIL9kTfoMIf0RLpGBjCAENrSFsBvF66bkr8VwuozBt2EY+55KSmZEmNADl4HULubN6Y0zUFEB+yBBSXnY7uW/pJp7a9j2ARIRZxtn90NkX9vPBwZYe0GnF0mssVQDn1HoQ16Sf6DMVPE6SrSxZ4UdZzHp2/dkI9RFQXyh9k2yvUv7mbjOrznTNTGiMLw3bJh7T8
t7kkvR/74Z4vDUAapPOKLkPwCCD5FGl2GmI64d5JqFLtWvIH5g5J4cSF/gD0DEVrTlc3pLjWuHqqm01wereQcWkVUjwg6N89llWeRfQiKh7eHwNd9nOkNAKbm5bYdxwpQZqLVybdd6an2pnsgMl7PHb80x9SdqfEzAdTmA/Z+OTTxRHiCslZI7LHrU5OnZCzWFEJLqRR0uSBRpn8bYcy3183OjK1UWVjzE/t20DFgbT6
VTD76QUU8nS81o03zFmNdUL5FTf/FyBkSmwm69sInBzhQPoS5g5J4cSF/gD0DEVrTlc3pLjWuHqqm01wereQcWkVUjwg6N89llWeRfQiKh7eHwNd9nOkNAKbm5bYdxwpQZqLVybdd6an2pnsgMl7PHb80x9SdqfEzAdTmA/Z+OTTxRHiCslZI7LHrU5OnZCzWFEJLqRR0uSBRpn8bYcy3183OjK1UWVjzE/t20DFgbT6
MnPNoa1iMmn6jElxc+hzWzT2+FW7pmre2fVRTaACL1wk9Ctiy7Qv0xh/daM4uqf1TzOGC7/z4tELtHA=
+FUyoT8K854YqUzfI4McoIYgOMJxdxrhIlhu8h+NTGC8inBoGUWvRpUR5kiXqludJY7H9csGtHM=
QJjGcLk8MrzQWYBJ8TShS9G70I+EsA6KxURPr7Y22NeMyQs5SvgaglyK2HQIqlWTz9wBn276Kwzr1+HQH5cncLQJ
fYjaSwbSOLDpBTjK2U3fFztw2o4+mV8ZQWtiTRbmxa1WEVQFyZbYgnv6DuRW+Kua7GWtSmBBcarcrCRBDhSnqzb+Ksu8FmCoeLZtyg6AuQMeJhMQC4tZTG9LH2y0FQ==
HjsxvPEKU8c5xy/ZSn/fAP2Jwhp6yiNgMIfQIhgZ407rhazsiVMzb/Rvttjr0emuWCtkLQINPSyU0R19AabbG/Bjqhp1oYPvkc94137hAXpBxWFRLAWdmpLTfRE5bnTiewW/ko7wLMjYW7OmfCkCiqOBBHJ8q+HyPOSzVVRcS5huiUvcq8VRHNq1By0TJ4+wclcDZzzGgFi4ps16DjAZE15Wc0CL23n8r1v/nLTl
Vtq5qA1u3mqv9IimDcv068DiseKyY289MvK3rqBPJEpzMb6h3GjmOF9rVGMlzJrywqqQ3484KEPK0fNhwLSibGWtbPE8raaW8F4EK1G11FdeJDifmZ7KAwYJG27ZH+SZzXbdfjuEEn3hvOxIQXfw0t0UdkOR0F0tosTJsQPqCM1jM0jjj6YcqUrzguVbxgb1KHQ7wht0//OtfgXDaHp3FV+ztmvPs1Lxm7Tg
DY0ojIQItoFM0H4lWZNtZT69lrdA+LnjWzfsMA/Pla2Kcs8+GC/MGjvx9pH0CP4IR2tMUz2sssKKatiPZ1iQ07JRS/E4FAq8LW2kgdSNvmboXhxbSZW8pxZk8M8xPrKTvonj/mH/jEkFNhVOE2QKTfm89HhZl9jiFVS+k/kw5b1aRHEhe0qgnatzABPnhgTZUvOaFUPm7oXgtHMSs9QHYxX+fVPQGp9FF3P+W+fTSsGDtPg=
ZQhMi4oAEAnYiUk6lQFVxSI0eXnVYJSaCo/EA4OTcRqVgWwSKRI+N7r2LcHgnQIQ+ARBa0pfO7REzpxazmMRQLb/VDGt3R7MfFB7XXLNItV4qq6eWpePzUrrwNSmI0fmFD9Y6QVSx2f6pZOGg8Ll/IzBfzxy9N8PLm6D5Ch/j6hDEbwkl43dktZx/cPWXxHewhUUM9zZhb4YyTaEJf7FDCFP856bf/YC6akBQ+hXEctMzYW0/g==
2SEg5+k6W1QNf6RswXlcDixiist0gpK3ChEUkpGCxlcSJmUBqK3qcOA0WWtSbyPUrP7UmoazuSBOb+yx1U2mbJQAs506PQr1YNq2nkJnl+1imwiU7vMvRqyvoGm9wr+HUvVbxkvyjRyU8Wc8asTH70ZeS6TgLydIO4EEpG8dZTK+obWDHi85/trlDDPEqZ2eMDl+RO2uLayZ34seI+8OYkF5SYOgZ/mrVP2dtOY=
9s96LM559F4UI+SQQbUtpbaAyB0q3iZ7KZGDZQIC9FvrhazsiVMzb/Rvttjr0emuWCtkLQINPSyU0R19AabbG/Bjqhp1oYPvkc94137hAXpBxWFRLAWdmpLTfRE5bnTiewW/ko7wLMjYW7OmfCkCiqOBBHJ8q+HyPOSzVVRcS5huiUvcq8VRHNq1By0TJ4+wclcDZzzGgFi4ps16DjAZE15Wc0CL23n8r1v/nLTl
PaZnzPOzOLzmTg46YKInvCxil8dykIm+OhEUkpGCxlcSJmUBqK3qcOA0WWtSbyPUrP7UmoazuSBOb+yx1U2mbJQAs506PQr1YNq2nkJnl+1imwiU7vMvRqyvoGm9wr+HUvVbxkvyjRyU8Wc8asTH70ZeS6TgLydIO4EEpG8dZTK+obWDHi85/trlDDPEqZ2eMDl+RO2uLayZ34seI+8OYkF5SYOgZ/mrVP2dtOY=
fXmGd1FUZWHzUvSeyarWmKLR1Xq5JQsipGtQeb7RlfS3cmvlTjIL9kTfoMIf0RLpGBjCAENrSFsBvF66bkr8VwuozBt2EY+55KSmZEmNADl4HULubN6Y0zUFEB+yBBSXnY7uW/pJp7a9j2ARIRZxtn90NkX9vPBwZYe0GnF0mssVQDn1HoQ16Sf6DMVPE6SrSxZ4UdZzHp2/dkI9RFQXyh9k2yvRvrmbjOrznTNTGiMLw3bJh7T8
CClAba1bYrFtWo9KPV5m/0PwCCD5FGl2GmI64d5JqFLtWvIH5g5J4cSF/gD0DEVrTlc3pLjWuHqqm01wereQcWkVUjwg6N89llWeRfQiKh7eHwNd9nOkNAKbm5bYdxwpQZqLVybdd6an2pnsgMl7PHb80x9SdqfEzAdTmA/Z+OTTxRHiCslZI7LHrU5OnZCzWFEJLqRR0uSBRpn8bYc33l83OjK1UWVjzE/t20DFgbT6
IlO9wJ9ehb6Df+5f/zkHMUL5FTf/FyBkSmwm69sInBzhQPoS5g5J4cSF/gD0DEVrTlc3pLjWuHqqm01wereQcWkVUjwg6N89llWeRfQiKh7eHwNd9nOkNAKbm5bYdxwpQZqLVybdd6an2pnsgMl7PHb80x9SdqfEzAdTmA/Z+OTTxRHiCslZI7LHrU5OnZCzWFEJLqRR0uSBRpn8bYc33l83OjK1UWVjzE/t20DFgbT6
WJ9sdxmqlKW0KAdsJ7E6tDT2+FW7pmre2fVRTaACL1wk9Ctiy7Qv0x1+daM4uqf1TzOGC7/z4tELtHA=
kZZZDXWNDTvq+doLkqOYS4YgOMJxdxrhIlhu8h+NTGC8inBoGUCuRpUR5kiXqludJY7H9csGtHM=
3TrdEOk9Jf2xofH0D44mRNG70I+EsA6KxURPr7Y22NeMyQs5SvgaglyK2HQIqlWWztwBn276Kwzr1+HQH5cncLQJ
Gh1JkL2LT0HyvayazM0xETtw2o4+mV8ZQWtiTRbmxa1WEVQFyZbYgnv6DuRW+Kua7GWtSmBBcarcrCRBDhSnqzb+Ksu8FmCoeLZtzg6AuQMeJhMQC4tZTG9LH2y0FQ==
8CzbhYni7U3pJUR/H7q9Ev2Jwhp6yiNgMIfQIhgZ407rhazsiVMzb/Rvttjr0emuWCtkLQINPSyU0R19AabbG/Bjqhp1oYPvkc94137hAXpBxWFRLAWdmpLTfRE5bnTiewW/ko7wLMjYW7OmfCkCiqOBBHJ8q+HyPOSzVVRcS5huiUvcq8VRHNq1By0TJ4+wclcDZzzGgFi4ps1+DjAZE15Wc0CL23n8r1v/nLTl
wFXuD2vkWRd7pCfrVoAf7MDiseKyY289MvK3rqBPJEpzMb6h3GjmOF9rVGMlzJrywqqQ3484KEPK0fNhwLSibGWtbPE8raaW8F4EK1G11FdeJDifmZ7KAwYJG27ZH+SZzXbdfjuEEn3hvOxIQXfw0t0UdkOR0F0tosTJsQPqCM1jM0jjj6YcqUrzguVbxgb1KHQ7wht0//OpfgXDaHp3FV+ztmvPs1Lxm7Tg
xDAGVtZFuYukqhV/XW1gWT69lrdA+LnjWzfsMA/Pla2Kcs8+GC/MGjvx9pH0CP4IR2tMUz2sssKKatiPZ1iQ07JRS/E4FAq8LW2kgdSNvmboXhxbSZW8pxZk8M8xPrKTvonj/mH/jEkFNhVOE2QKTfm89HhZl9jiFVS+k/kw5b1aRHEhe0qgnatzABPnhgTZUvOaFUPm7oXgtHMSs9QHYxH+fVPQGp9FF3P+W+fTSsGDtPg=
QqLB7dvpSMme5MBGpfc2GiI0eXnVYJSaCo/EA4OTcRqVgWwSKRI+N7r2LcHgnQIQ+ARBa0pfO7REzpxazmMRQLb/VDGt3R7MfFB7XXLNItV4qq6eWpePzUrrwNSmI0fmFD9Y6QVSx2f6pZOGg8Ll/IzBfzxy9N8PLm6D5Ch/j6hDEbwkl43dktZx/cPWXxHewhUUM9zZhb4YyTaEJf7FDCFP956bf/YC6akBQ+hXEctMzYW0/g==
XFWLp6+ZqOEW9nrvaFBg5ixiist0gpK3ChEUkpGCxlcSJmUBqK3qcOA0WWtSbyPUrP7UmoazuSBOb+yx1U2mbJQAs506PQr1YNq2nkJnl+1imwiU7vMvRqyvoGm9wr+HUvVbxkvyjRyU8Wc8asTH70ZeS6TgLydIO4EEpG8dZTK+obWDHi85/trlDDPEqZ2eMDl+RO2uLayZ348eI+8OYkF5SYOgZ/mrVP2dtOY=
m/wyS0iDGN1y43X1+rPki7aAyB0q3iZ7KZGDZQIC9FvrhazsiVMzb/Rvttjr0emuWCtkLQINPSyU0R19AabbG/Bjqhp1oYPvkc94137hAXpBxWFRLAWdmpLTfRE5bnTiewW/ko7wLMjYW7OmfCkCiqOBBHJ8q+HyPOSzVVRcS5huiUvcq8VRHNq1By0TJ4+wclcDZzzGgFi4ps1+DjAZE15Wc0CL23n8r1v/nLTl
Hz+i8LPX3Vdcv1Ln4rJw0Cxil8dykIm+OhEUkpGCxlcSJmUBqK3qcOA0WWtSbyPUrP7UmoazuSBOb+yx1U2mbJQAs506PQr1YNq2nkJnl+1imwiU7vMvRqyvoGm9wr+HUvVbxkvyjRyU8Wc8asTH70ZeS6TgLydIO4EEpG8dZTK+obWDHi85/trlDDPEqZ2eMDl+RO2uLayZ348eI+8OYkF5SYOgZ/mrVP2dtOY=
LwIQHJy/3UAol4lK+3wyaaLR1Xq5JQsipGtQeb7RlfS3cmvlTjIL9kTfoMIf0RLpGBjCAENrSFsBvF66bkr8VwuozBt2EY+55KSmZEmNADl4HULubN6Y0zUFEB+yBBSXnY7uW/pJp7a9j2ARIRZxtn90NkX9vPBwZYe0GnF0mssVQDn1HoQ16Sf6DMVPE6SrSxZ4UdZzHp2/dkI9RFQXyh9k2yvVvrmbjOrznTNTGiMLw3bJh7T8
v3hZgxz3eGxfuvs2slKmCEPwCCD5FGl2GmI64d5JqFLtWvIH5g5J4cSF/gD0DEVrTlc3pLjWuHqqm01wereQcWkVUjwg6N89llWeRfQiKh7eHwNd9nOkNAKbm5bYdxwpQZqLVybdd6an2pnsgMl7PHb80x9SdqfEzAdTmA/Z+OTTxRHiCslZI7LHrU5OnZCzWFEJLqRR0uSBRpn8bYcz3l83OjK1UWVjzE/t20DFgbT6
q/Fbl7qF2/tys1f3HE8FcEL5FTf/FyBkSmwm69sInBzhQPoS5g5J4cSF/gD0DEVrTlc3pLjWuHqqm01wereQcWkVUjwg6N89llWeRfQiKh7eHwNd9nOkNAKbm5bYdxwpQZqLVybdd6an2pnsgMl7PHb80x9SdqfEzAdTmA/Z+OTTxRHiCslZI7LHrU5OnZCzWFEJLqRR0uSBRpn8bYcy3l83OjK1UWVjzE/t20DFgbT6
bB+dnD/P3dbxJX0HjEokpzT2+FW7pmre2fVRTaACL1wk9Ctiy7Qv0xh+daM4uqf1TzOGC7/z4tELtHA=
BQFP8vOxRKx8ZGByRLtDCIYgOMJxdxrhIlhu8h+NTGC8inBoGUWuRpUR5kiXqludJY7H9csGtHM=
k75H0yot+H8W6YlD8IPXjNG70I+EsA6KxURPr7Y22NeMyQs5SvgaglyK2HQIqlWTztwBn276Kwzr1+HQH5cncLQJ
0klTXR6HwpDLI2rB+Zly51FGMdc+5mDc+eRQFIbhfjcMhdtOU70ePEZFLHykjmBEMXHu+i21VsQfPvvB/coXmSNytA8=
tphDHRay0DqwoixdJ1pAWx+uc/tIdCC7oi1e1YGxc7/9P09szyysZLHmSTydZ6LezxeKcuUxFePc790bkCVxtAo=
bB+dnD/P3dbxJX0HjEokpzT2+FW7pmre2fVRTaACL1wk9Ctiy7Qv0xh+daM4uqf1TzOGC7/z4tELtHA=
BQFP8vOxRKx8ZGByRLtDCIYgOMJxdxrhIlhu8h+NTGC8inBoGUWuRpUR5kiXqludJY7H9csGtHM=
u0+p8HdTuxEqIga1ng8laWh/rzKfm+uNBKfL/g7cCaorPBT+2ELDgpaWkVjDsj6EL1Ik/pfcH6E01a4n+VzUT2TA5nHgcxOzKOn5yBT5RZEUIgWx2DxjmU5QyaQrNdmMh1wTaLVbfcn5NUJmQjmXicI6XL00EbU1mikPq9N5MoO1BTq0imRlSWG3tGOYV6yni6cITcvU+9Orh8+F6UGtam2FuqqZGoOZ5mwNkQ2nIHo6BVCx4dQ4QBq+h9vLegzPRgoauBbcxlImoP0G5idC/3ItziWWHE/G/ql2yBxmdgszAfdVlNpdTawc/O8+YQSZzLJLP2og4jH/0OgQsZeRmvIIhRUGnsWWX3AOjlyndJ9YVjhgZRisFleDcmCVg5HaWnwtYwk9LgKSLXh4eNbZNl2/FMIzS20N3Gvo05vBeHPbOTbyJxJn51rlc4bjAgV8LAFfPFI0f4/OruPkyD8vKONRnCT3zT0StrHdw/afsV4i1XQzPJnlPriJFoQFviWMQY8Vnru/VoJJaWFDCBdxS+yNpbTe
FbdIkOnS9V/NcFKEbL0BbM+rsW81NyFsCDnrNcOYyqf8Jsn15yqNW1yPzGQFKmc4Byf2Gx98VexaFzjlmcZkRHCB6q1cwM0nzDBu8WjD+xNwmUEIzKk9sfwyDbHQLIu5NgARZJNFgSxv7JvoPavVqaGFuqYaaa9p6ipUvTwBnVWi+dfrq8nqYx11sjQC1A3puUcMI8CHVIfjtwBNw8ST81NXl8VRsXXKBTUyKhFqK3k+3HXR1XcYGhIVWLHpxBCgIu7fGzPKVK/u+pI4nmwu8n7QRcY+dzrfmj3GJZ4Mp+aG+a4IpBYuq9uxf9UcKvUt9KwEL2YxPHnkokM/YjDKUccAMFDJJ0l6WngNlY4urTaHgLbOBHeMvzBGMGBtCMQ2r1MqIC1zSXoyzKXjgU2G4kqdADigBuFWda8cwjtbRe3kO7ATY3EgE3PJvnKvoo9HApXLRjtSfVzEEVc8WiSXr7b+OyRwT3eIC+EUpH89lXLuASUDrs+JvgrFfDM0ic1egFnOxH0O/Wzp/50eMw8+IpGZ2QNQx4lrhJ2ttNY=
pbotvP+x+NvGPkv+KdHda1qx+kifPJNZyHKlMnTwpCs591BZNwyE/dZyuDP8LnCgWH4dU4sYSEs+LgMoy/PJxA+DL3S0DQ==
7L80lUKAYM+wvSJiHzLbTzJLq6V5/6zTIq/IdBz90x/u+8CBmQzgubWCksdEl8wpETp7lza9xyZ3+umsEClLPEYcQ18iVndEfGdDWP95qOQDJaGiGumpo+KnnY7ePeCzqPGZbpSxAmTxZok83edl24+WSnKlsdXjnG8dG9ClsbTK
0MKpYwiA/8uoffZLrAoOEnM1mRjFp93noeDaZE02kZyGhEg/f/eJC6qevwaHPwDAybzEWmB9AfUsh/dWcHt+oPQd7CSUlgCcge5rYpxtNtwvZjuZTVJ3QRNqtBc=
5ylXp4Dre7dM5o2OxIXwXANa5PIeq3ADdE8tZlrmybgZBhoS2M3LiTHhBvgfpOOR6Hq1CjQINKPZv2BBNxS0tTb6KMu8FmCoeLZtyAuAuAMeJhMQC4tZTG9LH2y0FQ==
1EftC9u6/VlwWL4tYfTAECppy9cvmVEZQ08tZlrmybgZBhoS2M3LiTHhBvgfpOOR6Hq1CjQINKPZv2BBNxS0tTb6KMu8FmCoeLZtyAuAuAMeJhMQC4tZTG9LH2y0FQ==
QCNa0kus38NrrjoqQKOoFxd+YCxRRiViWuLBrAkSMvb4qeNdYbXOPF9gK8W4rh1ulOycN0kr6MW3kDwhpm6ALxxyyHwo4qUMS0RwV07yO3Qrb3FYf18XaLQR
BrhbfJFZjword1es8o7Mm/aEJ1eNrSoBhh6IHc/VDwesVF1eWt65kPkuSkoYFZvhkQm2gJ9cU/lIkmVSdNDki7mXkHk3LESdVtL4E/xOsEDY3t0wi/gI675OQ8jL0wlkj2NvVLQt
t1BkwKb7V7faslPWZtRHZTfV4vL36NM2V8nVOpp5U2epHx8aHX/Ntemwg0BOVRSlRuRRb28l1JRFTytcOzqu3ahyWBdPYmB6teI6BHXeVcwx70Gb6x7mwnlJ0cPYN2GLfG1VtC4=
jqu/44l5q8H4YKEhsCymFienu0BorNel+OqLdYVsvJb2dfzLhNfoQVAfDdYg1Uh8OzGR7TBzb2r/FS/tjf52sQE2bGcTe5WleVqc5mvhd+YuBKSsCJ/bknwdak5z5YyG3N8pFizgW2EU6KMc/m2DqIsxWXgKcW+Zk5PndKIzC5Mcski8KCIlzEsE8BdOsrs0Ky/xmH+fl6i00Q==
NOZ8H0Jxg4wUZHhroLGrvO3Gqw31jDM+uon+BXMQWs7wtWUvJQdpky/bDlCkP+wtk6yVAxsnDAn68zVKXpu4hRL0S6JrNI+T/3tVYlg6xzVvM2ZLX3NCEWu0EA==
afouAQ5l2teVpVouoji2ny/O4PUwNKDVFRghuAix0xWynNv7vPYgCPjWregLoPjjnobTcAurGazv698MtHU=
DXDakB7KoJBOkyuBrXtlrMbIGDLLbcVppM2WXolF+i2DGp8+5hE=
bwwOd80xA0j9RWH/ntLA310H8IOWM06p9VbD1eu8tHfG6qzItuhVxaVVeBQUW+pvUdGXS14T+uiCkLbp34b9hJm/gaORh8JIg/oUTNa9P9OFndrk1J2Qdbrf84XrCPjNxL8juE6rLh2EIGF+o685JlxqFoTj/wAZDeZM
