O6JI438dpzM4D2mbLLxs+2loZw6ZLDXRZHm/x5ef+iwTGScu/vfDCWIU+VPtSgu+yRPrDCV3TuQ7TPr3hKA6m5mZy+SAZfee0jwYjrmIroLDtdq77BB0LmNTMxmfshT+Il1MeYOWHdqJditcQkZoiaj5tp+rZIkCz65c1RFWtbc38ZGZu5d/FWFjA1VLWIePsqPt
0+Jve09zIR7XkRr8L1+BjWmvtNs+vJug8bKCveqvQ5c0+4TzfueMBHhlX59iZyNrBcQv1MmNnttiqZx7FdjeHakiDMzGMifwMD5dNUQHcmjqkr2j7aXBykrC/L1SRZ3uA+aXhjVgHD42tXY5aCP1HNe+UV7CaY8uKwupEU8l5e8hKb+T3WlVIJmzrKPz
X6Oqn5qRC59AJm0rPSiepRe8EjC2KwZWKUoO3egljn/Xc90Rg3EqnLXkzzncNTFdAFkvrJ+C833jwEkjeqqUZmQyEzFJ991T8k/4NIxdIx+bWlVb8WyjdAWliou2MQA7CcCKTT3KQKzK2pOAhMZhNXj/xhheerHDoU1Vmh7a4P3O3Um+F85bJrnI6A5CjYq5FBsBLKMW3f6OQZv+f5M10VM9MT+1QXNz0QHh0C3LkKPP
D8+5YzDqmMUXpa8TsLDGKu7D2JqtgrZGSYjsp9stqfFAL9f2f4CVt+e6Tr6sqtMzb6VrZavO/vsBplgNxPUcOhTH7JR1D1EHBHU4DDtuW0xe7WClzSkD2NIsPHZuJm4hOiHHHxlDFSDQKHSA5mH34lqsiRCB1MMAM+6T/tuuBwgErqGlo/g=
NZBidRLzXIlhm+etckFyHbi1p1LxvBwF+ypLATBpetCEk55uWZHokvt54bUQi39i/x08E7f+BuqMvts3f4FDMeuaVl+RItCZZKFUfkTjxIB1G3kjVDFwWJv608jOScjxjX0r/MIoNGJOciZlaoVvi5nXvYSAbDzUxnX/5kqIoUTBgGuko2obanv6T0xUiomxo+w=
gpqUneQQhif0j98ocCWJsri1p1LxvBwF+ypLATBpetCEgpZgX57pwPt54bUQi39i/xw8E7f+BuqMvts3f4FDMeuaVl+RItCZZKFUfkTjxIB1G3kjVDFwWJv608jOScjxjX0r/MIoNGJOciZlaoVvi5nXvYSAbDzUxnX/5kqIoUTBgGuko2obanv6T0xUiomxo+w=
vUo9T7JX/YSJzwP+d0+r34W3ixBd6m7NLtX4MNs/o0gILlw4AkmLrd8u+MdVA5bU5gt3NUWNTgEsn42zpnc0ZDC1t58IMuqLvVR3FDG9hruqWTT7fWgWPbFSNAweol9Q+O51NWzXusiSAmVj1dXZ6oJylD36tVWOG9ZvRm3wpN7+5R45gPO9fG8uiR66WZfOY3sBkaeVrc852YfThfmtgNHjhKPb
NkgoPxIhPJUTpx3Uik1rQXgLjywnloxrk8Pu8NPhv2YAbrKxQMdZU5IPGLTsHcMf/Zq225GsQ3RlZWoL1vHgOykAKs2dCmCs6hozACQGQTVYP2aY/rqRw4GN9Rq+GsD9Lh0pPvcOOyZZCIiOok3qufRbYaxDVr3+bgH7fp/TVdFzfZG/FQFTc/FBQVCNi7Cj7w==
45Ge07T8+BcdU8v1qpYNGD7DZZrHASfxjPihvco+3yTYv4hp4ea+6xQqKH0hNxCiWdrrB+2n+K0rKD/X4LHPaIIQPCC3hbdHd1vLtKpdiVT0Q7SfGCzsBVAK9ZXlwexnNGJrJP+6xk882+0TFz4anlD43oyq9wIju0HZmeGmeHo4rvZrE9QCzhWuYS4XJjucvzArRIOefOydu6Pi
qFEru/EZmvfzSzaI7+gFJ/n3lhGrsRwF8yhdE2R7eYCE1tMnDd+9wPt54bUQi39i/xg8E7f+BuqMvts3f4FDMeuaVl+RItCZZKFUfkTjxIB1G3kjVDFwWJv608jOScjxjX0r/MIoNGJOciZlaoVvi5nXvYSAbDzUxnX/5kqIoUTBgGuko2obanv6T0xUiomxo+w=
tAgC8l5DJKHl+wKI/cRAuzROz3d5loxgjNPpotry8WcKJbKxQMdZU5IPGLTsHcMf+Jq225GsQ3RlZWoL1vHgOykAKs2dCmCs6hozACQGQTVYP2aY/rqRw4GN9Rq+GsD9Lh0pPvcOOyZZCIiOok3qufRbYaxDVr3+bgH7fp/TVdFzfZG/FQFTc/FBQVCNi7Cj7w==
Jyjl742vAchQoPHqm74c/xElJB5eNNrgs/AXBN8lcBPaXyCUBO3bH+Tr3vupfIu0rdUya75hWLvRkIJtxXoo7CLKy+AMNlk1QA9OeAZqWYPJ/a26Foo4fZaNQV6vvvPmkdiwrso98rnsq4mMewb1viaxI553Q+1RC+05H83xm7O5ETkwpbuoo/c=
fs1mNtTY4v8/t42U8QS+RVI1Q6SJl2HnLNJCYZFUnn3Mju+G6dP/TWtJ0mRTwYNreyzEpcQlaeKdu3U02w3pUcDPF9Z/rVVXZxoOnqxKE1PvBauFq66+W4FGGG3E1dyalKestHUvEWeE1fgsOw4brN5NIMXNycN4Ukz8lm4GLoG6wQc/GWPVwFCINKDmgTeC2gxJ8IG0g6CzDtOe247HqITO4YWj2A==
/cYoEs/xeL8XNc2GUfSGO3gRgyEl18UjjNS3/Z++4zQCd/OxQMdZU5IPGLTsHcMf+pu225GsQ3RlZWoL1vHgOykAKs2dCmCs6hozACQGQTVYP2aY/rqRw4GN9Rq+GsD9Lh0pPvcOOyZZCIiOok3qufRbYaxDVr3+bgH7fp/TVdFzfZG/FQFTc/FBQVCNi7Cj7w==
8xVVdJR/PKUSQXSrS9kA6kWCGUXZ8UMuBD2+Sabp8XoRU+K4tOOEF2L2JzgWzNpxgI/qhdGtI+8HXsNcuOSeJ1zLppB76DGgBp6rr30vWGV7AD/9sXhv4BK4fAinjZePJ/NLHPqVqVzka/Q3iKRMzQAi9b21CUzvpMorDO+y5odsc227R/Y6lkDQniQ6f6Lr62nZsbFu2PKoBrZDA9wiBkUG4YZH7huUrxhr7BMW3CTNk6PK
VgL7I4jnvBfdGMZ0ro43f5R0AzNLqs4UOYXfq//moyeKfIr8kNuGy84QIAMCGs8OeZLqgJtVOXmg5+fuf5mlfgcy3sbsksM7T+0b/StWDjMhrkg1BA2MsnSP3Ix1F2FPZP2o9PtWS0R+JZA9TbFzkPIkLE4uXv6p2un3BxlbJegwoOT4plnn6nrk+YgBTDPIE+aDxhtWl4Bk5pG9o+A=
0AbQykY6MrB4de6xA8Ul7shLtZRkSHsPq5a2KMm5p5f/2tsbekDywHDn/vc+LFg/wqa3sokukjx76UHFUFufUv8l3cL3jqZ6DC67h79RY0HranYP0ZIwCeQx9I6Es6SwdSsZc5TB0MgbajN4jhnoAY0NCywCmFTyzuKGFSpVj7uZ511UwBycREbln1aKWIE0wXBL9OPa+/r7au+8lNrpgaPc
cONwsL4kqMuCEYwJWO5xVKl0MQFl0D31hDMPLK9FNCEUf1tZlP7FbFv4bnSAgtHuTFI3JS0du/yXg1A7Yrz2+fFfRH8tU+sYgaRHEVDjDLWSm9uEsKUn/kK86C7JyH5i87XqWzxQBI6T06N5T3IknjJdXFnz1s16GfabvPIGOKlY+ca/e6Q5Yn8uzHVBlkWXJ/GBeYvXL/Xx43P1u5jX74Kj3Q==
EyMd6iFPHGKA1aLTYFxR33IZ5aWT8Vy2T327gKoywbejlf/c1xFiXubSQJHCDRZCfN2igFuY8RBmDis/nZ8YlVsQP+ORiC9Q8ij8mMc9V/8H40sM2uVp7IT7dKdoFAw9IDL1rZX5DF9EWqucjwIm90xjbatnhvomIEAetNrP4hvLedmhkZ6YQkiWNtNjbOJ2ZRbhlmee2yTPiOt886ac1O2Do9o=
Rq7PSDO6seWrsC4BAseiH3gLjywnloxjkdX8pN7ooTQAaPvlDpIrU5IPGLTsHcMf95i325GsQ3RlZWoL1vHgOykAKs2dCmCs6hozACQGQTVYP2aY/rqRw4GN9Rq+GsD9Lh0pPvcOOyZZCIiOok3qufRbYaxDVr3+bgH7fp/TVdFzfZG/FQFTc/FBQVCNi7Cj7w==
ym3iTyBNFOYifSe0eRPVocYbuaFCYaYHVWUvS1l+4LHjAmChFErLK5XjKFGDvL9eflt/NMok3MyPgad7n4+L+PL5ech8NxQz4Oi8eXge9Zn9pdy7/NYLSEc+VvNUjy3fzxpqglgM/qDSs9LfE9VZFXlCyCZwmhaHK9AS8v16IWJPgssAN0SL6HtaLJC1r6Pu
Ebennx1Aa7/m9zk47zugLuCy/uWPZEHxaQIr310/mPUbMD/J1uev8DLI/PiHndcfx8NLLBoF6UzEm3RHqLSMXWAS9Y3VmYz/hLqr/M+ipheMQ22Lp2Z6hmAgHlQab2J7i1nZgdH+GOKIdjazI8xilqU24banfluEj+jrnDMGHLSto6P6
ZL/qzwBl9OovZV3kmCjZYCMOA3KHsRrzm4Nw+4I8VrmRX6+4gtOLWKGkp9EwY6x1cpv7xNAlhz5ivIhuaUieotO1ypvc0KTO89ODue/yRN4SXbyZU1atuvn2u/yShphpuPmm/9sk2aJfLqw1oRbl10fxoblrV4+10eOTNRsYt6+io/0=
mWLWTS6LMUCXCx5Mo1YkkuKy/vSNckXxaQIr310/mPUbMD/P1uev8DLI/PiHndcfx8NLLBoF6UzEm3RHqLSMXWAS9Y3VmYz/hLqr/M+ipheMQ22Lp2Z6hmAgHlQab2J7i1nZgdH+GOKIdjazI8xilqU24banfluEj+jrnDMGHLSto6P6
qYdiPLDYmLNtViwVpPoEKCMOBWSbrBrzm4Nw+4I8VrmRX6m4gtOLWKGkp9EwY6x1cpv7xNAlhz5ivIhuaUieotO1ypvc0KTO89ODue/yRN4SXbyZU1atuvn2u/yShphpuPmm/9sk2aJfLqw1oRbl10fxoblrV4+10eOTNRsYt6+io/0=
vaf+MYVYlowYpMJlNQgLZSMOBHKJqRrzm4Nw+4I8VrmRX6q4gtOLWKGkp9EwY6x1cpv7xNAlhz5ivIhuaUieotO1ypvc0KTO89ODue/yRN4SXbyZU1atuvn2u/yShphpuPmm/9sk2aJfLqw1oRbl10fxoblrV4+10eOTNRsYt6+io/0=
t7JwygL2G/wKogATW43YQVpNYWhhDIQ5FscmR6mr5pISLjUnUigsBtMtbTM2l+QkYJVHn3IRNUvtNOeUgd02e5o5JPttSGb9QfJEjI4CDxAoDkU1XDdqiMKi9eOldSkq8lKEPerVZU6rtt/G/ZD0Hi7Fbjlw0+08v84Zngq5J45TmhGRt7Vdj0l5d1MVWX1AgYO0o+s=
VLWAm4EvqAd/V+gA5/kbkIR8d6SYsdd9dHPrXggpFH5kPsXg0HVH3nM1KeOm5+FzGwzWI9EzWtMC76j0vD0zH4q4aRshzNP0lcU6S+YR8Ds5INoNzWrQLHq6Q0D05nE1aN+22I4aAUMx7aXaTjrQ/T79GX6nrsumyWg4TnJtmrkEezHs87Ytfh6hK76vskXRY13h/8Xh4/Nh4bGQ3euAo98=
nno0LtDKuRIA0hZ4wysoeix0iMtyzpKnKxEHndit9UtmSgFhx86veetyFngcdiXUh7vagI7yqmVIbuKSmTCmD+YOoulaPhfxfpz11RxnkYBW2y+qzos6WITnp3n1mL6dSeJszCbyh3CQ/n01ZMfS6EpSXaONZSFKKoIcvXIFPW6jpreGFSB8vtb1FjmI45WcN35xXuKpL66LyokRL+UFb0FpX5O9KfWgOfOMo9M=
nno0LtDKuRIA0hZ4wysoeix0iMtyzpKnKxEHndit9UtmSgFhx86veetyFngcdiXUh7vagI7yqmVIbuKSmTCmD+YOoulaPhfxfpz11RxnkYBW2y+qzos6WITnp3n1mL6dSeJszCbyh3CQ/n01ZMfS6EpSXaONZSFKKoIcvXIFPW6jpreGFSB8vtb1FjmI45WcN35xXuKpL66LyokRL+UFb0FpX5O9KfWgOfOMo9M=
lMSJfOKBnwQ09ITk0EPUiS15dtjWGVQfckVhPBGCEPg+mqIfnKL5tnHYlYhrh88j6hiQoyIZMNJ1CC8RjTNsLydWYuKn/25ZLKt6BV5GcYilgzhZ5KJYvO1l2V+KshpQVo17oWlNVU/6PkaSNuDB7nYT9mi474O5kRDCbQX6aOxiSgvgTLaZNYCPDnjG6hmDiX1tulYKeH1WDQFebz4z5tFYcK4KvbK5LCvJjDuGNb5mMWOet86tUctt+R+NcVuzeZF5MGU76KO3
TEx8xIn7zA0V3CCK+JAw9QtiXqaEm0DK2dD3ADeOhGXcRfL+zp802jxTAGu4jROdtMJWDALS3ILpXKtv6g8f81/74ljiWBW0LY93EpQtDgZJ9dmxEd3xF4hC4ECRB0WRRHPsIC8O+xNMmejD75TtKJsub8ckQYYfzpImM6EpFClpCEn8unUp/KRL9BdIBMytwEL13XVpzE9k6issrxJmZyyTbVsHFro2APCeBPrfIosrCdnRcQ5YUmgmtmNDfKLmCObhZgcOmzTvOGvM07ZcRA3zo6o=
wybvqdUaNS4e7u3GhtqY9j3aZQhjaWgb8DMIegVWwda7ZiBSHhiiwBBgiCLP7gmMt+SdIhbFOtLHg7dAVURzaWwTIN3GWw8s3BXbRjYcPPaVmFKKx7XesxAAWFZHc9fBs8JINuadCDHfJvECLRZP5K7W1AEseTIXF/TluitO+I195mly87HV0WdnU00FQyetZ0j7h7aj6Q==
weBumo5Wbxb+r+cM70Q7eozooqvUB6SdCKjOOngaAo+I66jxtlm8T+CSpkJSRtDCSDMu2fTe74BSWHxoZ20XL+fTSzw6NSm8JAv018jEzG1AAvWd9anMj+QqK2wvUmYnrFNtm4dWunaAsJ7Eeh8iS6tJ2ZHxzliS6Oa2I8M8oqaIJuGmh06bdG94awxTdlyEjbOj6g==
ZM/wKgC1NX7CGWmMIlVfbpkV9ADVUfEypus+c5GcX/Xcuj1qnzkSXh8ubLVhFqVThvHhOatXzzUR49O12xj3L2KjPQ==
Loj3bCHT30Yr/9qy9Yh0qpxwDztOnp0ON7iQu+WvwCXZRrbSoc6V2c1VZhwUWYUOcYbho/YMaV+Uyv2Xecb/IFsyx9ehj4U/TKsV5ilWDjMhrkg1BA2MsnSP3Ix1F2FPZP2o9PtWS0R+JZA9TbFzkPIkLE4uXv6p2un3BxlbJegwoOT4plnn6nrk/YkBTDPIE+aDxhtWl4Bk5pG9o+A=
jdbj0UZVfqa9n0es/ZHUCF05Py1aaNzzMwwjLNhrf5S30hREBGY4/OBx5pCqvYS3J8iWzjaHOijYFxtPDAtFumnwI1R2QY3oC0ze+jAPOXVnzsM2j8Wa8dXp9tVj2OFvJz2PCRKnjLeSCcx7xbhu3blC3Ey2EtewoN5tNXTn4igass0jPcXRCvqiLL0C5W2uE8ZHBoWALH6mFQY5mINl3Ofe4d6SSZ/uW694ER/FVa8xye8TLUkl4AnTnKPD
ixp9m8irstDuXIi8lhquWyvURq9E53vuYcE2Er7WZvFCxTV+za3cHUgIc4qTB1QGgyegXvzoqSDq0dbpUQhm8fycPfjgsua1YcdgGe3vBgDl5TOaTaD73hLeiNukjKSgpo3KeyjxcldL9+I2EzGjYetKNu9RMvBp5BG0bgQTZNB1S9nTFCGQ6BsK89gO+aghjS3LTII4FBLOwkZ1qvXPW5kHHfRAfFxkRgXf9go4RBXBUAsUY3o7mvtKr1wUeinho7w=
V0zznWZTy8gibhr0aarBsA9wZnBVf3hoTb7bqlEXILrtralFKqXEPw0zKoS0swJpz7+GN0k36oqd3iE/qmysXAZ9z34q8LQNQUh7XEPyK2I7cj9UdDIZeaMk
bdPseEiB0cXbSSk4tLHU0ZpRPOyImZPv6s3R9+/ZmxnhyXGd6cpbOj68ylsPhmBw8PzQBJDDgsAlX4hNPtu3vLS1A7b+XHSmrXi6ut+1xoP44GAGDzMfMWtiIKZeHfChd0apsuXWh7TW9vzxNHkqZz/UHWpjDrA9pQbB6ooxbUGPxws9TYPvfV8ok7euo/E=
xyqprPgEU4Gqfye/SzSNZGlncBWcOSTsZHm/x5SZ+iwTGSdBlZnFdQVq91KqDF6jkwb8CGRMROw8Y+6okY98lYKby+SAZfee0jwYjrmIroLDtdq77BB0LmNTMxmfshT+Il1MeYOWHdqJditcQkZoiaj5tp+rZIkCz65c1RFWtbI28ZGZu5d/FWFjA1VLWIePsqPt
xyTnzwXWoyILd90gDIClbV05Py1aaNzzMwwjLNhrf5S30hREBGY4/OBx5pCqvYS3J8iWzjaHOijYFxtPDAtFumnwI1R2QY3oC0ze+jAPOXVnzsM2j8Wa8dXp9tVj2OFvJz2PCRKnjLeSCcx7xbhu3blC3Ey2EtewoN5tNXTn4igass0jPcXRCvqiLL0C5W2uE8ZHBoWALH6mFQY5mINl3Ofe4d6SSZ/uW654ER/FVa8xye8TLUkl4AnTnKPD
lQDcB84Tcm9rqWbBWP0QPaLwnQOoqVUf8TZNAyVnWoCJ1tMqDbDbrpJu6M1g8wVwpl1qC+jhEufLh8ImU4FDMeuaVl+RItCZZKFUfkTjxIB1G3kjVDFwWJv608jOScjxjX0r/MIoNGJOciZlaoVvi5nXvYSAbDzUxnX/5kqIpEXBgGuko2obanv6T0xUiomxo+w=
c6Guih54cVYZ9L8EifagKyx0hsN2kJegNkZTkpfU1GNcYjJO9OeveOczWX9ZZTzDmrraiYG7qmFEUK35mT2rYfsJu5pJLhT0YN+txkJ02rR6kAKT0NQvd8LpvHv1mL6dSeJszCbyh3CQ/n01ZMfS6EpSXaONZSFKKoIcvXIFPW6jpreGFSB8vtb1FjmI45WcN35xXuKpL66LzogRL+UFb0FpX5O9KfWgOfOMo9M=
7Dz48jXrCEP2kQ4tgCcWq4eItN8FSI2zLhIlbW8P9gznDioJEVt6IXSwvfmJHduhK6krGvlOpDQw/13GMlQK9MpwshNAdH83Msmse+X4jl0ZgvxMVlJ3MMAeTTVUJ4KouvItIx0FcYoa4gy9YiXNLvMGJwalwMz+BtVmOXjDxVyHHsHecgn/bvvumBE/BTUvkYnPE02JhWDpk7yj4w==
FLCqu3B6TuJaOPo466dI4w3sZUyAsjpab2d4BfQZ/BxcOed3bDlSXJuZr/H9+X2F3SqPAnLsdrObBvQYTCwcPMSjttgpb5QlChtDFCjFjy4K/CDe4ahGksu10qsEMCx+W5PrqecSvA6q3cTJa3alqtG204waJkCZoPm+j4OEUVK37oQlqTbdAr5xGekTN4elOSM7hZN475+6o+U=
qE7WpZYFVIgV01qM9apkaB4j8dhhXI69Xts7Pm4gNoIEeCOl7H827rn+JG1wSuEex27UBTn2zaIOcWmJA/cXRemjC+XjON8/aqM1
LNEohn9XImZRoGUVmvD1W39+ycktmnpqTnBqfUz3yalDERI1mcvLkHDFQ/lLvqTF5GekC2Aed6/Dr2AOHlGnqz7gCLimGWeqeqR8yQGMswgTJgMGG5YXQGQmEX2jIA==
nDpTXU0caAhVxV3DAMLO5R8j8dhhXI69Xts7Pm4gNoIEeCOl7H827rn+JG1wSuEex27UBTn2zaIOcWmJA/cXRemjC+XjON8/aqM1
486FoEmY8Fl/ZDmzeNRgSR9RLmV2F4MwFN1ySamrooEcADV5AW1zQfMZU1ohnpxUGO9VxjpEIhTyIOrTuMQnV5o5JPttSGb9QfJEjI4CDxAoDkU1XDdqiMKi9eOldSkq8lKEPerVZU6rtt/G/ZD0Hi7Fbjlw0+08v84Zngq5J45TnhCRt7Vdj0l5d1MVWX1AgYO0o+s=
D6cwZSzL3PezApFZPj/KQDOaJE83fG8A9C4IPkBZ25+4aSZkV1njiUkpqS2hihPqxpziKxeGeIDY3KhUWANKcH0/IN3GWw8s3BXbRjYcPPaVmFKKx7XesxAAWFZHc9fBs8JINuadCDHfJvECLRZP5K7W1AEseTIXF/TluitO+I195ml68rHV0WdnU00FQyetZ0j7h7aj6Q==
CvEM3GkBd5A48h3QN1i3qCn68AI9pteBrP+YdZt/n9exfv3bxd/KCAleQ5Jt6GtmUiaYlUALFXimVXrzyLlirwtPcn4zOdO5axLG53H6YNEkaaSmZJvUiHUTaVt06YCQ27JjEC7xWHkN9btEonCEqo46Vj1KfX+Dmd+tfKA0TJwGvU++KjA0zUEI+xxDsqsiOzK/lHTymbmj5A==
hAhLk19VgTgoQCMSzDxUKa//HqHQsendzH+FiYPJoUwJzd219uYpfCe0hTJHGGL0TKM4Qcm25hc+NQADLvHbvcYoa5MvFwtwYgHZYAxv1Psw0NwRSAb1ke3d/JMMDksAF4a2G+QXrVdf4soqKFQ+aAKLsrcjzVkdaTroDoBCVs97aPIaSOOh6t96a6hHHEsgq2JM+IW3o+Y=
aSeMBXk5j7YxtN7ec/MKfEUPYaPd1bDIaeVfZEKL2gt9DMN9WDq54gOpfqZ7zghtzaYZGkKxJXFXJyNtNcP3jfcI6ydmozk=
Fij7R8GzHc9MLpQ7sv7lfUUPYaPd1bDIaeFdakKL2gt9DMN9WDq54gOpfqZ7zghtzaYZGkKxJXFXJyNtNcP3jfcI6ydmozk=
/q38F35LOHqskMxjCmwIKpxwDztOnp0ON7iQu+WvwCXZRrbSoc6V2c1VZhwUWYUOcYbho/YMaV+Uyv2Xecb/IFsyx9ehj4U/TKsV5ilWDjMhrkg1BA2MsnSP3Ix1F2FPZP2o9PtWS0R+JZA9TbFzkPIkLE4uXv6p2un3BxlbJegwoOT4plnn6nrk/IkBTDPIE+aDxhtWl4Bk5pG9o+A=
5Sg5xfMTqW+svL3Jwy4gSVERc8gl73rb7OgTBIOgaT0WlcoBFLYbI2E2NnOjjGJWIHfh9ie+W8QPKOvcs8Yc9C1jozo=
TFnH/+xl9Qf//GuXSAbOZ1VHKX9tGIQzV8A3Xojio4waCjV5AW1zQfMZU1ohnpxUGO9VxjpEIhTyIOrTuMQnV5o5JPttSGb9QfJEjI4CDxAoDkU1XDdqiMKi9eOldSkq8lKEPerVZU6rtt/G/ZD0Hi7Fbjlw0+08v84Zngq5J45TnhCRt7Vdj0l5d1MVWX1AgYO0o+s=
/rJmRfYJTmDByGJjBHbKsDZHmeJJCRN9gJC/WKEBzWWtMVHN04hfFR6K3zVUliMyNP52u/Mkwv6w/2F+txb7bF/gqxTj7jzcPWujMg==
LlzV7Dxu2YrtjAqAzdUL/fCPIV6ptDoKvAqOEe3OGgGBGRxSSsSz3bMrSEgNBJChyxi9zoUBWv5VkHRJc4OhgqCGm1taeECETcPIYOZBt0LazMwxgfQD4LNOU97bzkdohA5hRaMY
XmJnpF1e92HPezjk9C6V4WlQ+nOiUBFXUVbMIWexH8Gx71zakYqF8Rp3FgYTxc2q7pfNS/3VUIgJYf0qYou6y92MY704Olmioyne5pvOKK1tJvnZIrEFMfenQ63Vw9dNl4gLZ0ajGQ==
JLOlWu6hPnLDqBr6a3rbhfPGpB74sXgirYq5CT4HUs6/pWEiagdpkyGVDFDtcfkijqvWAxk8BwXEuiUaR5marnfuRKVpNp2B/nFZaVM3xyV5I3sFU3gvH3qjJQ==
KVwWo9bFo1Z0b2NV5Ro03DXpJ4MP5dkn5rx0KqmKvQEyF07W24WFGhY3pdtlVcgYoYFFWipLcpuFrIuNQDqhkssJBjbTjuBd1UZRSboxnaEfBzsdHQOfHU9oIxd+oyE=
H0MpZzAj+pA1Y8/8P4mWwxzaCKY+1/g90bx0KqmKvQEyF07W24WFGhY3pdtlVcgYoYFFWipLcpuFrIuNQDqhkssJBjbTjuBd1UZRSboxnaEfBzsdHQOfHU9oIxd+oyE=
W5YOSMaV+SDRM82B4XWBEckDm2ZLk2oW/q4rCj+FuJ/EQkkVF478n89/h/WqvEspL474GyBPT+TBSYJ6Y1aBQczigd4yib9uu23YEX+FdS/RCQ8TjQlFYCkTfKMj
UbBzBvHsYFtgkz2rxcOTaix0iMtyzpKnKxEHndit9UtmSgFhx86veetyFngcdiXUh7vagI7yqmVIbuKSmTCmD+YOoulaPhfxfpz11RxnkYBW2y+qzos6WITnp3n1mL6dSeJszCbyh3CQ/n01ZMfS6EpSXaONZSFKKoIcvXIFPW6jpreGFSB8vtb1FjmI45WcN35xXuKpL66LzYgRL+UFb0FpX5O9KfWgOfOMo9M=
McRVkKNcAQofgcBXuCzw9jZHmeNJCRN9gJC/WKEBzWWtMVHN04hfFR6K3zVUliMyNP52u/Mkwv6z/2F+txb7bF/gqxTj7jzcPWujMg==
60vUAGzM+GtYFkmRgfFKvIKn4g8vV6vVee0tPEMZu7MgaueOuLGio4YRhSchn7GyarCfBEK86sCzdGqEgaO6K7RUSJL+M9IQLywJh+xBbIJZO9sFbT0VAO+p1648DAmqTVFcp2M4F9WkvTCaX/irX3bhYPoUXON5F+cELtQgeJEVGYfR+4/UIqiqWHxvnrgP+FB2cw1Z30zMVUsm5pzMlmXYouo3tS7T4ECoNrfzB6EjglhWNp3Ykc9mYSL9ln/EHpbkoZx5grcnNFWaG86ore0medmisYUxd6fDrVXDV00XiItnxqOZ
aAmfdotnQ5rUU2TDTIB2GZ1V23Bq2Cejqn0Lnd7i/B2+f5H78Tth1Bw77frLsBL6att163BontnJl1Fvjw/DKrRrfR7YdHKIyJQpl+mFGPZHbpP+jWSyeD1a0LeUkCAy3dkh4LiWVyM5TRTEcCIl+X31TGfMcuugk6mwP5gBO4r1IrdYLzWAzw6FktT2EdUX7AMl3qluPpuBhpitxBVc2pTnLPR1b5EnhJV47DvOm2zejaAFzYlDOFIMfNZuRq5BugGH/xmjVQBQSLTg5sG3wtpMz7GBdANgs85TXttOR+iEjmHFo5g=
ky+L5DVBhiDBkiFbr+a4Q95zd9pi707JhqSFkuSo1OZM1LJ6vnZ9UNL0pNAHQQVJ95wvhFYwSFoHKbtszg0YVG7dr/9/bTiTRD1QWn/4S58WYcu/M1yDufdnpO70IJjRtZknkRuPtOIIKvi8D56YT1jQFjPtWf+MbNWrZoac7NaFWMIqF7UOE4DASHaX82fhwwL4lhadONGv5sFi3ZYfBL4WRGH8eWL3h7T12vvOiG1NppkZwrGlcdcno221w3eNdwhrJ+ajuQ==
RnACtp2/0lWblEOe1oUm5/ede+b87MAE6wMGusx17yRDVnNDg2VC0RlxdrKuZa4QlFMddxn1d0bIhB9L742QyURxvKmpEckc6NhWOGM4cHLXoyJRlmTU02hFeO7GLvWYHOnkqsTU5as97ricQ1URr/j7NHf/P6WuMclsmF82Gys8oSh7nywNkOsWb/9U+WanvirmC9ER9BEZsMlEyk3JxNRzNK84vCwVsHr15QXRLPcUUusU3yqGX1wr7eN3LloOcMhevIpnwjNbMdnpAba46hiedlszRELec19h3nc2ewyfAKt0ow68/H3Lo5I=
mAsbrJ3xVbB0WhkoSpHWFPede+b87MAE6wMGusx17yRDVnNDg2VC0RlxdrKuZa4QlFMddxn1d0bPhh9L742QyURxvampEckc6NhWOGM4cHLXoyJRlmTU02hFeO7GLvWYHOnkqsTU5as97ricQ1URr/j7NHf/P6WuMclsmF82Gys8oSh7nywNkOsWb/9U+WanvirmC9ER9BEZsMlEyk3JxNRzNK84vCwVsHr15QXRLPcUUusU3yqGX1wr7eN3LloOcMhevIpnwjNbMdnpAba46hiedlszRELec19h3nc2ewyfAKt0ow68/H3Lo5I=
5LwsWeENaoPLxkR6E/3wdPede+b87MAE6wMGusx17yRDVnNDg2VC0RlxdrKuZa4QlFMddxn1d0bIhB9L742QyURxsqmpEckc6NhWOGM4cHLXoyJRlmTU02hFeO7GLvWYHOnkqsTU5as97ricQ1URr/j7NHf/P6WuMclsmF82Gys8oSh7nywNkOsWb/9U+WanvirmC9ER9BEZsMlEyk3JxNRzNK84vCwVsHr15QXRLPcUUusU3yqGX1wr7eN3LloOcMhevIpnwjNbMdnpAba46hiedlszRELec19h3nc2ewyfAKt0ow68/H3Lo5I=
OZZPX71YgqsMdcm1l1uczvede+b87MAE6wMGusx17yRDVnNDg2VC0RlxdrKuZa4QlFMddxn1d0bPhh9L742QyURxs6mpEckc6NhWOGM4cHLXoyJRlmTU02hFeO7GLvWYHOnkqsTU5as97ricQ1URr/j7NHf/P6WuMclsmF82Gys8oSh7nywNkOsWb/9U+WanvirmC9ER9BEZsMlEyk3JxNRzNK84vCwVsHr15QXRLPcUUusU3yqGX1wr7eN3LloOcMhevIpnwjNbMdnpAba46hiedlszRELec19h3nc2ewyfAKt0ow68/H3Lo5I=
XBT7E7ktPg4U1Fqx9WLwVfede+b87MAE6wMGusx17yRDVnNDg2VC0RlxdrKuZa4QlFMddxn1d0bIhB9L742QyURxsKmpEckc6NhWOGM4cHLXoyJRlmTU02hFeO7GLvWYHOnkqsTU5as97ricQ1URr/j7NHf/P6WuMclsmF82Gys8oSh7nywNkOsWb/9U+WanvirmC9ER9BEZsMlEyk3JxNRzNK84vCwVsHr15QXRLPcUUusU3yqGX1wr7eN3LloOcMhevIpnwjNbMdnpAba46hiedlszRELec19h3nc2ewyfAKt0ow68/H3Lo5I=
6FqENNdpBfSOdgMzfyHI7/ede+b87MAE6wMGusx17yRDVnNDg2VC0RlxdrKuZa4QlFMddxn1d0bPhh9L742QyURxsampEckc6NhWOGM4cHLXoyJRlmTU02hFeO7GLvWYHOnkqsTU5as97ricQ1URr/j7NHf/P6WuMclsmF82Gys8oSh7nywNkOsWb/9U+WanvirmC9ER9BEZsMlEyk3JxNRzNK84vCwVsHr15QXRLPcUUusU3yqGX1wr7eN3LloOcMhevIpnwjNbMdnpAba46hiedlszRELec19h3nc2ewyfAKt0ow68/H3Lo5I=
v4yWx3R5hown1k5OO5ymbvede+b87MAE6wMGusx17yRDVnNDg2VC0RlxdrKuZa4QlFMddxn1d0bIhB9L742QyURxtqmpEckc6NhWOGM4cHLXoyJRlmTU02hFeO7GLvWYHOnkqsTU5as97ricQ1URr/j7NHf/P6WuMclsmF82Gys8oSh7nywNkOsWb/9U+WanvirmC9ER9BEZsMlEyk3JxNRzNK84vCwVsHr15QXRLPcUUusU3yqGX1wr7eN3LloOcMhevIpnwjNbMdnpAba46hiedlszRELec19h3nc2ewyfAKt0ow68/H3Lo5I=
MWjJUlUWCiFDC2IOyTJ3X/ede+b87MAE6wMGusx17yRDVnNDg2VC0RlxdrKuZa4QlFMddxn1d0bPhh9L742QyURxt6mpEckc6NhWOGM4cHLXoyJRlmTU02hFeO7GLvWYHOnkqsTU5as97ricQ1URr/j7NHf/P6WuMclsmF82Gys8oSh7nywNkOsWb/9U+WanvirmC9ER9BEZsMlEyk3JxNRzNK84vCwVsHr15QXRLPcUUusU3yqGX1wr7eN3LloOcMhevIpnwjNbMdnpAba46hiedlszRELec19h3nc2ewyfAKt0ow68/H3Lo5I=
Didz0Hk0hSC2BUPSC39hjfede+b87MAE6wMGusx17yRDVnNDg2VC0RlxdrKuZa4QlFMddxn1d0bIhB9L742QyURxtKmpEckc6NhWOGM4cHLXoyJRlmTU02hFeO7GLvWYHOnkqsTU5as97ricQ1URr/j7NHf/P6WuMclsmF82Gys8oSh7nywNkOsWb/9U+WanvirmC9ER9BEZsMlEyk3JxNRzNK84vCwVsHr15QXRLPcUUusU3yqGX1wr7eN3LloOcMhevIpnwjNbMdnpAba46hiedlszRELec19h3nc2ewyfAKt0ow68/H3Lo5I=
7mE/praKE3IUJG5SQNjy0fede+b87MAE6wMGusx17yRDVnNDg2VC0RlxdrKuZa4QlFMddxn1d0bPhh9L742QyURxtampEckc6NhWOGM4cHLXoyJRlmTU02hFeO7GLvWYHOnkqsTU5as97ricQ1URr/j7NHf/P6WuMclsmF82Gys8oSh7nywNkOsWb/9U+WanvirmC9ER9BEZsMlEyk3JxNRzNK84vCwVsHr15QXRLPcUUusU3yqGX1wr7eN3LloOcMhevIpnwjNbMdnpAba46hiedlszRELec19h3nc2ewyfAKt0ow68/H3Lo5I=
3SP7H0tpDpwO91wNuU4bGvede+b87MAE6wMGusx17yRDVnNDg2VC0RlxdrKuZa4QlFMddxn1d0bIhB9L742QyURxvKipEckc6NhWOGM4cHLXoyJRlmTU02hFeO7GLvWYHOnkqsTU5as97ricQ1URr/j7NHf/P6WuMclsmF82Gys8oSh7nywNkOsWb/9U+WanvirmC9ER9BEZsMlEyk3JxNRzNK84vCwVsHr15QXRLPcUUusU3yqGX1wr7eN3LloOcMhevIpnwjNbMdnpAba46hiedlszRELec19h3nc2ewyfAKt0ow68/H3Lo5I=
B4EYwaJE7ZVdIxGicQvtMfede+b87MAE6wMGusx17yRDVnNDg2VC0RlxdrKuZa4QlFMddxn1d0bPhh9L742QyURxvaipEckc6NhWOGM4cHLXoyJRlmTU02hFeO7GLvWYHOnkqsTU5as97ricQ1URr/j7NHf/P6WuMclsmF82Gys8oSh7nywNkOsWb/9U+WanvirmC9ER9BEZsMlEyk3JxNRzNK84vCwVsHr15QXRLPcUUusU3yqGX1wr7eN3LloOcMhevIpnwjNbMdnpAba46hiedlszRELec19h3nc2ewyfAKt0ow68/H3Lo5I=
zaD7K3OeSPvQVIb6oFPB7+cyidaljCyl158Q5WqymkVi1f12fQ20/dg6E2QJyThCq25Mlw/63Rh4iaZaZ/fZJl0LW9PDW47LZ3qRc8J5gvuDIBCv5QX8wkMIoUV5Az7vrhcL4ZoBSwZD24/yJJLvBYhh+A2mOf3uh5zRFAdBTSwcg+BXhVdRwu5QiFzUpY2pCk3JiP3s6JnTrbw4n3Wdr4/OsnF7BolcS6vGZgMvc0bYbCXNeBKzdkZd4VS4G+3sudqyZTHB0I1npmqhuXj14livDZ3cU0cqrnifQ8OX1bEDYyxx7pkAfOJC9a2lhIfzhP7wa7J5zQgpDdz6qlkOI6R6fLJrmWcUGq1sjFKNQ1crbWw7qG1sggpMkPnK0aVYBBx3EduX+FYgQKwJyUkL+c8P4AokegTkO37M94SgOpuZmcvkgGX3ntI8GI65iK6Cw7Xau+wQdC5jUzMZn7IU/iJdTHmDlh3aiXYrXEJGaImo+bafq2SJAs+uXNURVrWxNvGRmbuXfxVhYwNVS1iHj7Kj7Q==
8jB2/AcwlTGQ52V88dmVw8vM6Du3WBEDCobSHDD2BMrf8KqqAh84NVEpaw0zcTTWfLB5nBp3LxTEmwdRgddCcdCKdK0hRbPof2/tSALMQTGlu7XE4NVlXlGNdJzgDOcar5cROYd+exGFyoDMQzJgty52ay+BHaf9Taw4eFScVkSNhPIr87VtbrNwpIFola7nufSnDU3Mgob42W/MhdFavJl0kdieh6uwwsgaBHM7tFBTKug/zICn46Yi4PnVbNY7l2Ryzmonn5plsSvIXrcTyiRMLJ/vSNfnh7Yc8RCyYSC7/M8Uc9lr5Z0Beu1ayL+2uJ4do56VQWmNHF5WRRE4aRVHfROKqQgA/cby9RXx/uERutms7emxU/nd9JXkfRtpvczm08zCS5DTOZDvGNFbGrXS16gvxeA/ThXyBHbB9YesM4Vuqd6eq0EWuP1ERbxKVJfMhHUfcVdEBZi8u567/B69ALXNOeMIEpxcBu6WztH68ecPGVM18BDY1DBmEZdSmnxvAYHEo1BzXnMOWx6neET+gbWj6A==
giu484KQIuuvN/vde1nRBZC8RlGWCor88aJ64jlB1J23KTOod1PeMeqmsXOmNUpAlsNlvS1xTCNc3kdfb/7aap7zAOGi4hQpMjBS7Z2A7kljtMG/uxK9Jyp8B5UUb72qi3fQkcCPOaCq26ft7sZZ2Hvh64vcW9Q38dX4SZmi2UtVNnb67fGyIUL5JFGvKl2MyzDVCS+Y5iOaY2dfQ+Y0gBLYRk3P3TBN8/y/BHodSX1mHI19f5v1bkjFGU5beFG7HKJRR/GyYiwfOXp64bKczXvwalOP2EP6yNHTSUIpvXZwpauQt5biL7fpnrtVLrSoRedRHzcFeUPWRYzR0th40i9p9+yFB76+Sp8wEZ/M8x3G3ngRbJde2gaGiZF1MMB99gjAZQEjEW1WT+qF/gaQnErd2NlHbH68jaW53ypyOlB2zZshiQ11T9r+JhJWIOHuVlNW6FivY7mxUGLtZToI7AKKq2Ds9nk1YM+u+GYqeYPpvQ069kpYfbZN4d7PfhPm8ZgQLmp9krkMaykM28YVvkbxwx7XBcxR661Zn20xu7OZ0dmwxfuIo9c=
0ZBEEIuUDc4fwb03sZOIqLwgN/6gRZRuZ2dbkSi1rQsUWKPhYKTdBP4hdzH8IKf+hB008S2Z1ouap0DEvLUUI4IEFr/FDUF93pRQ/V/iKjcxyGqsC2xADPd5yvLJW5X04nA5jVWHzfjg6R1ioTEMIACwnyZfq2kFR8IDrXV2+PCjDhiL3soTkwGh30G9kEBEtKAu+H04ipcziRVSQ0zcPYgp1ltJyN8xTfD6ughlF3BlbSKAaUjp5F470wwydGI4kwfMbKOWkINMPN9fVh6YxTVQrodn2ApyqhvnppWNU3S+C2t21HBUo+90r9t3CmRN8A4ZHEvAtyizZRNZbb0C0br0x4pIImUfHik51X0gJmqlLUDV5fsFr0qVcDwN+opJ9U2GXeGGoZDt1clvCWGMKQTBY1VN8J7vDH4zLCOF6NP47SMmRW6vFK95mIO+KYo4lv2NO1yP/dJp4uaXsSrAQaT5xPakq7S4dSMJa7S54ABbIsPA7oF4iQ2Fm7TiICQ6Dqq27QpNn7OZ701M4OSsDIYt7+5qwBe9QfjbbINiC7K7ot/EtML5iaPU
0ZBEEIuUDc4fwb03sZOIqLwgN/6gRZRuZ2dbkSi1rQsUWKPhYKTdBP4hdzH8IKf+hB008S2Z1ouap0DEvLUUI4IEFr/FDUF93pRQ/V/iKjcxyGqsC2xADPd5yvLJW5X04nA5jVWHzfjg6R1ioTEMIACwnyZfq2kFR8IDrXV2+PCjDhiL3soTkwGh30G9kEBEtKAu+H04ipcziRVSQ0zcPYgp1ltJyN8xTfD6ughlF3BlbSKAaUjp5F470wwydGI4kwfMbKOWkINMPN9fVh6YxTVQrodn2ApyqhvnppWNU3S+C2t21HBUo+90r9t3CmRN8A4ZHEvAtyizZRNZbb0C0br0x4pIImUfHik51X0gJmqlLUDV5fsFr0qVcDwN+opJ9U2GXeGGoZDt1clvCWGMKQTBY1VN8J7vDH4zLCOF6NP47SMmRW6vFK95mIO+KYo4lv2NO1yP/dJp4uaXsSrAQaT5xPakq7S4dSMJa7S54ABbIsPA7oF4iQ2Fm7TiICQ6Dqq27QpNn7OZ701M4OSsDIYt7+5qwBe9QfjbbINiC7K7ot/EtML5iaPU
082H4njLNPyviP3Unz1dMK0o5HUwfrr9t7Xh1bhjtn1jfoJSzzWJQdAOVx8IADZEqfFpFk0TcWpE7cklMKffl5EtFQTdqqlazva53hwRBl28j9UKix/WCMZDDSUhTmBjifwJw7Bm0Gr7CKepZRNnqDdTPSQkVtO0nAVGKL/lwWuLH1WiPEKkugoWRXpGQVMj4ezL3kBbONOSFZHqswdN+u6kIBcrtjU3xi4RymVy/tFncvqmPh5jPchiu/S8dQx2C4E+rGRDpcoK6d8aRiRKMZOYnZ9Pko5xr7iM0rgVb/47Rd/42Asg1H0ys8K7PpMPJ6cl7953yk5DBNDAyWne422LlRJabLU3ZDvducl5Kj+EgoVoFi9Ft8ITOaTNpu3f3XEhE7DvVJuH+zVyEnmslIdS61e09QjXJyhdDIPi7zNMXdabdr4GZylV5E2xhInIkqm5ONynlIMAOPwJWA71qZ31HEtcRov4p+4Wg3SfLe+vSqpy+Jx+EDJjkq8zxVklGRII1tAKljfLAFKC22shUi/SC/CX1AtYm4ps4JW/o94=
OofrzwEJ3eyC5SwXT42nxfede+b87MAE6wMGusx17yRDVnNDg2VC0RlxdrKuZa4QlFMddxn1d0bIhB9L742QyURxsqipEckc6NhWOGM4cHLXoyJRlmTU02hFeO7GLvWYHOnkqsTU5as97ricQ1URr/j7NHf/P6WuMclsmF82Gys8oSh7nywNkOsWb/9U+WanvirmC9ER9BEZsMlEyk3JxNRzNK84vCwVsHr15QXRLPcUUusU3yqGX1wr7eN3LloOcMhevIpnwjNbMdnpAba46hiedlszRELec19h3nc2ewyfAKt0ow68/H3Lo5I=
YEYJ8a3S/+f0vIJdbZy6Cfede+b87MAE6wMGusx17yRDVnNDg2VC0RlxdrKuZa4QlFMddxn1d0bPhh9L742QyURxs6ipEckc6NhWOGM4cHLXoyJRlmTU02hFeO7GLvWYHOnkqsTU5as97ricQ1URr/j7NHf/P6WuMclsmF82Gys8oSh7nywNkOsWb/9U+WanvirmC9ER9BEZsMlEyk3JxNRzNK84vCwVsHr15QXRLPcUUusU3yqGX1wr7eN3LloOcMhevIpnwjNbMdnpAba46hiedlszRELec19h3nc2ewyfAKt0ow68/H3Lo5I=
3h5Do81PDxvRJ4wW3++NuPede+b87MAE6wMGusx17yRDVnNDg2VC0RlxdrKuZa4QlFMddxn1d0bIhB9L742QyURxsKipEckc6NhWOGM4cHLXoyJRlmTU02hFeO7GLvWYHOnkqsTU5as97ricQ1URr/j7NHf/P6WuMclsmF82Gys8oSh7nywNkOsWb/9U+WanvirmC9ER9BEZsMlEyk3JxNRzNK84vCwVsHr15QXRLPcUUusU3yqGX1wr7eN3LloOcMhevIpnwjNbMdnpAba46hiedlszRELec19h3nc2ewyfAKt0ow68/H3Lo5I=
gw4DvcwnzXrM2wdB1kvn9fede+b87MAE6wMGusx17yRDVnNDg2VC0RlxdrKuZa4QlFMddxn1d0bPhh9L742QyURxsaipEckc6NhWOGM4cHLXoyJRlmTU02hFeO7GLvWYHOnkqsTU5as97ricQ1URr/j7NHf/P6WuMclsmF82Gys8oSh7nywNkOsWb/9U+WanvirmC9ER9BEZsMlEyk3JxNRzNK84vCwVsHr15QXRLPcUUusU3yqGX1wr7eN3LloOcMhevIpnwjNbMdnpAba46hiedlszRELec19h3nc2ewyfAKt0ow68/H3Lo5I=
Gpy6A/mluZj5r9kIiBDJD/ede+b87MAE6wMGusx17yRDVnNDg2VC0RlxdrKuZa4QlFMddxn1d0bIhB9L742QyURxtqipEckc6NhWOGM4cHLXoyJRlmTU02hFeO7GLvWYHOnkqsTU5as97ricQ1URr/j7NHf/P6WuMclsmF82Gys8oSh7nywNkOsWb/9U+WanvirmC9ER9BEZsMlEyk3JxNRzNK84vCwVsHr15QXRLPcUUusU3yqGX1wr7eN3LloOcMhevIpnwjNbMdnpAba46hiedlszRELec19h3nc2ewyfAKt0ow68/H3Lo5I=
XZjeah8ktDoTmbOuprsE3vede+b87MAE6wMGusx17yRDVnNDg2VC0RlxdrKuZa4QlFMddxn1d0bPhh9L742QyURxt6ipEckc6NhWOGM4cHLXoyJRlmTU02hFeO7GLvWYHOnkqsTU5as97ricQ1URr/j7NHf/P6WuMclsmF82Gys8oSh7nywNkOsWb/9U+WanvirmC9ER9BEZsMlEyk3JxNRzNK84vCwVsHr15QXRLPcUUusU3yqGX1wr7eN3LloOcMhevIpnwjNbMdnpAba46hiedlszRELec19h3nc2ewyfAKt0ow68/H3Lo5I=
2LTL8MZ1sooG3GqIU7H9tfede+b87MAE6wMGusx17yRDVnNDg2VC0RlxdrKuZa4QlFMddxn1d0bIhB9L742QyURxtKipEckc6NhWOGM4cHLXoyJRlmTU02hFeO7GLvWYHOnkqsTU5as97ricQ1URr/j7NHf/P6WuMclsmF82Gys8oSh7nywNkOsWb/9U+WanvirmC9ER9BEZsMlEyk3JxNRzNK84vCwVsHr15QXRLPcUUusU3yqGX1wr7eN3LloOcMhevIpnwjNbMdnpAba46hiedlszRELec19h3nc2ewyfAKt0ow68/H3Lo5I=
u+KD+yps7MiX25FVTh1bGvede+b87MAE6wMGusx17yRDVnNDg2VC0RlxdrKuZa4QlFMddxn1d0bPhh9L742QyURxtaipEckc6NhWOGM4cHLXoyJRlmTU02hFeO7GLvWYHOnkqsTU5as97ricQ1URr/j7NHf/P6WuMclsmF82Gys8oSh7nywNkOsWb/9U+WanvirmC9ER9BEZsMlEyk3JxNRzNK84vCwVsHr15QXRLPcUUusU3yqGX1wr7eN3LloOcMhevIpnwjNbMdnpAba46hiedlszRELec19h3nc2ewyfAKt0ow68/H3Lo5I=
cYemF6OWwqmKsESXOmKNJkEcy90/bS2acsn2+AjY+SoAK+MJt9I2b1fnJi3ppVotld240IKtGV29eXV8claXZq93XB5eXYlptjFA3v4sWLjJ6q1sSaNU2G2Ql1ivzZX3skXaRRauLLthtqKIb3SNoeVKxtyzLj85HpN5OA3h5tVCHuUoUbtE6QKOTvx5jfUvNkquMEJV5/EFZaHPjhaqQqq41Q7Ca0qYlIcXeYU4rt35whxM9pIXsOBerTW0Z6Io2jKNI/1FkQo6Imy9wmUtrtNGhwbFAOx+5pXGOdgDpdynXiHe0snf7pstOBHfRRWv8UmvE+3JZeDJU9yjgw==
cwPniDvRotGMqDE3+THIo/ede+b87MAE6wMGusx17yRDVnNDg2VC0RlxdrKuZa4QlFMddxn1d0bPhh9L742QyURxvKepEckc6NhWOGM4cHLXoyJRlmTU02hFeO7GLvWYHOnkqsTU5as97ricQ1URr/j7NHf/P6WuMclsmF82Gys8oSh7nywNkOsWb/9U+WanvirmC9ER9BEZsMlEyk3JxNRzNK84vCwVsHr15QXRLPcUUusU3yqGX1wr7eN3LloOcMhevIpnwjNbMdnpAba46hiedlszRELec19h3nc2ewyfAKt0ow68/H3Lo5I=
WpGUSVTn04Gfclzky8itsd4DnFxMPp0yvd9yNjrAdnC6xjDwA0F5aitljTXbPXl8fkOoTyzss+vA0hnxjhNSw7QAN/CdoOMNdb9Zgi80b+IIeUshdo3mZQqmKKtFjm5Io4xpMWHCWrzPZnsJOot1OAH5wuUGVplIzTPAeeZ2gjy1tdE/MkKyEH6dIwHh/S1PAo7OMu7w6S7eY06IsL9bOclAyk19SoCsClrTgMRGoTW4f4YYHvpxw2HNFZpeWiD9jl0JvtdOmyb5SKgOgg1KuVSbQSxjlh3+zsHb/r8V9NETvfE/dcEzc5GBIdDtS9Cjjw==
doqd/7/dPM/6I2w/aSRDnWfPLwiXzGJ7asw2maiyVZm0eA976Fm93ombt0SAkR9TtdwoXzdGX2aFzSHzsqj80FyiPvrIhs3KLscSkPt9Qo/4E2W9+T8b9x6QJ9TVGO2J37/4EYgVRPoGk0uSgKhNUKeJz17UzKE6NTEUl3s4D+Xs3UgK9zhDr27BKKps3Fup3wccHvxgEAGtuU8h44/MUuAK4OyHXpA/4DA+I7XZJ5wEdVNWjtxkBp04atovtTbjKKBQph+zb9E7opCGzh1gwYcGeRLVVpdUpjas0YR5mkfvlO0Kc46AnfXGsQkaMf1hP4fbXb0D/91v6MNX3qOB
WpGUSVTn04Gfclzky8itsd4DnFxMPp0yvd9yNjrAdnC6xjDwA0F5aitljTXbPXl8fkOoTyzss+vA0hnxjhNSw7QAN/CdoOMNdb9Zgi80b+IIeUshdo3mZQqmKKtFjm5Io4xpMWHCWrzPZnsJOot1OAH5wuUGVplIzTPAeeZ2gjy1tdE/MkKyEH6dIwHh/S1PAo7OMu7w6S7eY06IsL9bOclAyk19SoCsClrTgMRGoTW4f4YYHvpxw2HNFZpeWiD9jl0JvtdOmyb5SKgOgg1KuVSbQSxjlh3+zsHb/r8V9NETvfE/dcEzc5GBIdDtS9Cjjw==
b21E0Kin/YypsVkLbwIIsiGMYcbuM2aFkJw13G5WUo9FcfmNoTHZah0VTGCWTQnKwn4B5I/i3ZS6Qh34bnhvRirpDY9MdTt8d5Zwpz1QxuwqXrrMFlaUvFG7NIR2dLhyF0IjY4sRjdNskwfYABE4wt4qBUTUXUQmvLC1lxX6uHCbkaEzcI5ANNkbtVvYHaw0x7Jrd3SVCHdnyN0sQ4Lvkwy9Vru23gbHabVkbXHkiWjSSTkYHMeUI0DYfCmYbvUJ3RWca5wmi1jnDpajtP8tT++qKlI4/H6wcoMSj/OlWYVZ8oj2EGqWl4vg0qIbCyHybzKL0Fe0C/jbauzAVd+jfg==
WpGUSVTn04Gfclzky8itsd4DnFxMPp0yvd9yNjrAdnC6xjDwA0F5aitljTXbPXl8fkOoTyzss+vA0hnxjhNSw7QAN/CdoOMNdb9Zgi80b+IIeUshdo3mZQqmKKtFjm5Io4xpMWHCWrzPZnsJOot1OAH5wuUGVplIzTPAeeZ2gjy1tdE/MkKyEH6dIwHh/S1PAo7OMu7w6S7eY06IsL9bOclAyk19SoCsClrTgMRGoTW4f4YYHvpxw2HNFZpeWiD9jl0JvtdOmyb5SKgOgg1KuVSbQSxjlh3+zsHb/r8V9NETvfE/dcEzc5GBIdDtS9Cjjw==
aLjMUNff4bt0QbZYcd815GfPLwiXzGJ7asw2maiyVZm0eA976Fm93ombt0SAkR9TtdwoXzdGX2aFzSHzsqj80FyiPvrIhs3KLscSkPt8QIr8HWK6/zQb9x6QJ9TVGO2J37/4EYgVRPoGk0uSgKhNUKeJz17UzKE6NTEUl3s4D+Xs3UgK9zhDr27BKKps3Fup3wccHvxgEAGtuU8h44/MUuAK4OyHXpA/4DA+I7XZJ5wEdVNWjtxkBp04atovtTbjKKBQph+zb9E7opCGzh1gwYcGeRLVVpdUpjas0YR5mkfvlO0Kc46AnfXGsQkaMf1hP4fbXb0D/91v6MNX3qOB
WpGUSVTn04Gfclzky8itsd4DnFxMPp0yvd9yNjrAdnC6xjDwA0F5aitljTXbPXl8fkOoTyzss+vA0hnxjhNSw7QAN/CdoOMNdb9Zgi80b+IIeUshdo3mZQqmKKtFjm5Io4xpMWHCWrzPZnsJOot1OAH5wuUGVplIzTPAeeZ2gjy1tdE/MkKyEH6dIwHh/S1PAo7OMu7w6S7eY06IsL9bOclAyk19SoCsClrTgMRGoTW4f4YYHvpxw2HNFZpeWiD9jl0JvtdOmyb5SKgOgg1KuVSbQSxjlh3+zsHb/r8V9NETvfE/dcEzc5GBIdDtS9Cjjw==
0bzIjSlyr4vvX1D7ZbKpZCGMYcbuM2aFkJw13G5WUo9FcfmNoTHZah0VTGCWTQnKwn4B5I/i3ZS6Qh34bnhvRirpDY9MdTt8d5Zwpz1VzO0jVr/LHFaUvFG7NIR2dLhyF0IjY4sRjdNskwfYABE4wt4qBUTUXUQmvLC1lxX6uHCbkaEzcI5ANNkbtVvYHaw0x7Jrd3SVCHdnyN0sQ4Lvkwy9Vru23gbHabVkbXHkiWjSSTkYHMeUI0DYfCmYbvUJ3RWca5wmi1jnDpajtP8tT++qKlI4/H6wcoMSj/OlWYVZ8oj2EGqWl4vg0qIbCyHybzKL0Fe0C/jbauzAVd+jfg==
WpGUSVTn04Gfclzky8itsd4DnFxMPp0yvd9yNjrAdnC6xjDwA0F5aitljTXbPXl8fkOoTyzss+vA0hnxjhNSw7QAN/CdoOMNdb9Zgi80b+IIeUshdo3mZQqmKKtFjm5Io4xpMWHCWrzPZnsJOot1OAH5wuUGVplIzTPAeeZ2gjy1tdE/MkKyEH6dIwHh/S1PAo7OMu7w6S7eY06IsL9bOclAyk19SoCsClrTgMRGoTW4f4YYHvpxw2HNFZpeWiD9jl0JvtdOmyb5SKgOgg1KuVSbQSxjlh3+zsHb/r8V9NETvfE/dcEzc5GBIdDtS9Cjjw==
MH4A6rRmQi8RC1ziGm1v42fPLwiXzGJ7asw2maiyVZm0eA976Fm93ombt0SAkR9TtdwoXzdGX2aFzSHzsqj80FyiPvrIhs3KLscSkPt5RY3zEWW+9D4b9x6QJ9TVGO2J37/4EYgVRPoGk0uSgKhNUKeJz17UzKE6NTEUl3s4D+Xs3UgK9zhDr27BKKps3Fup3wccHvxgEAGtuU8h44/MUuAK4OyHXpA/4DA+I7XZJ5wEdVNWjtxkBp04atovtTbjKKBQph+zb9E7opCGzh1gwYcGeRLVVpdUpjas0YR5mkfvlO0Kc46AnfXGsQkaMf1hP4fbXb0D/91v6MNX3qOB
WpGUSVTn04Gfclzky8itsd4DnFxMPp0yvd9yNjrAdnC6xjDwA0F5aitljTXbPXl8fkOoTyzss+vA0hnxjhNSw7QAN/CdoOMNdb9Zgi80b+IIeUshdo3mZQqmKKtFjm5Io4xpMWHCWrzPZnsJOot1OAH5wuUGVplIzTPAeeZ2gjy1tdE/MkKyEH6dIwHh/S1PAo7OMu7w6S7eY06IsL9bOclAyk19SoCsClrTgMRGoTW4f4YYHvpxw2HNFZpeWiD9jl0JvtdOmyb5SKgOgg1KuVSbQSxjlh3+zsHb/r8V9NETvfE/dcEzc5GBIdDtS9Cjjw==
THxfONOC/QHZLfSXbnLAtWfPLwiXzGJ7asw2maiyVZm0eA976Fm93ombt0SAkR9TtdwoXzdGX2aFzSHzsqj80FyiPvrIhs3KLscSkPt9Q4v/EWq7+jsb9x6QJ9TVGO2J37/4EYgVRPoGk0uSgKhNUKeJz17UzKE6NTEUl3s4D+Xs3UgK9zhDr27BKKps3Fup3wccHvxgEAGtuU8h44/MUuAK4OyHXpA/4DA+I7XZJ5wEdVNWjtxkBp04atovtTbjKKBQph+zb9E7opCGzh1gwYcGeRLVVpdUpjas0YR5mkfvlO0Kc46AnfXGsQkaMf1hP4fbXb0D/91v6MNX3qOB
WpGUSVTn04Gfclzky8itsd4DnFxMPp0yvd9yNjrAdnC6xjDwA0F5aitljTXbPXl8fkOoTyzss+vA0hnxjhNSw7QAN/CdoOMNdb9Zgi80b+IIeUshdo3mZQqmKKtFjm5Io4xpMWHCWrzPZnsJOot1OAH5wuUGVplIzTPAeeZ2gjy1tdE/MkKyEH6dIwHh/S1PAo7OMu7w6S7eY06IsL9bOclAyk19SoCsClrTgMRGoTW4f4YYHvpxw2HNFZpeWiD9jl0JvtdOmyb5SKgOgg1KuVSbQSxjlh3+zsHb/r8V9NETvfE/dcEzc5GBIdDtS9Cjjw==
zx3x6p+w6vUO73I9plm0r2fPLwiXzGJ7asw2maiyVZm0eA976Fm93ombt0SAkR9TtdwoXzdGX2aFzSHzsqj80FyiPvrIhs3KLscSkPt3R4z5E2u7/jkb9x6QJ9TVGO2J37/4EYgVRPoGk0uSgKhNUKeJz17UzKE6NTEUl3s4D+Xs3UgK9zhDr27BKKps3Fup3wccHvxgEAGtuU8h44/MUuAK4OyHXpA/4DA+I7XZJ5wEdVNWjtxkBp04atovtTbjKKBQph+zb9E7opCGzh1gwYcGeRLVVpdUpjas0YR5mkfvlO0Kc46AnfXGsQkaMf1hP4fbXb0D/91v6MNX3qOB
WpGUSVTn04Gfclzky8itsd4DnFxMPp0yvd9yNjrAdnC6xjDwA0F5aitljTXbPXl8fkOoTyzss+vA0hnxjhNSw7QAN/CdoOMNdb9Zgi80b+IIeUshdo3mZQqmKKtFjm5Io4xpMWHCWrzPZnsJOot1OAH5wuUGVplIzTPAeeZ2gjy1tdE/MkKyEH6dIwHh/S1PAo7OMu7w6S7eY06IsL9bOclAyk19SoCsClrTgMRGoTW4f4YYHvpxw2HNFZpeWiD9jl0JvtdOmyb5SKgOgg1KuVSbQSxjlh3+zsHb/r8V9NETvfE/dcEzc5GBIdDtS9Cjjw==
n2uslLAo1EUARkPaoqa05mfPLwiXzGJ7asw2maiyVZm0eA976Fm93ombt0SAkR9TtdwoXzdGX2aFzSHzsqj80FyiPvrIhs3KLscSkPt+QYXyF2u6+zUb9x6QJ9TVGO2J37/4EYgVRPoGk0uSgKhNUKeJz17UzKE6NTEUl3s4D+Xs3UgK9zhDr27BKKps3Fup3wccHvxgEAGtuU8h44/MUuAK4OyHXpA/4DA+I7XZJ5wEdVNWjtxkBp04atovtTbjKKBQph+zb9E7opCGzh1gwYcGeRLVVpdUpjas0YR5mkfvlO0Kc46AnfXGsQkaMf1hP4fbXb0D/91v6MNX3qOB
WpGUSVTn04Gfclzky8itsd4DnFxMPp0yvd9yNjrAdnC6xjDwA0F5aitljTXbPXl8fkOoTyzss+vA0hnxjhNSw7QAN/CdoOMNdb9Zgi80b+IIeUshdo3mZQqmKKtFjm5Io4xpMWHCWrzPZnsJOot1OAH5wuUGVplIzTPAeeZ2gjy1tdE/MkKyEH6dIwHh/S1PAo7OMu7w6S7eY06IsL9bOclAyk19SoCsClrTgMRGoTW4f4YYHvpxw2HNFZpeWiD9jl0JvtdOmyb5SKgOgg1KuVSbQSxjlh3+zsHb/r8V9NETvfE/dcEzc5GBIdDtS9Cjjw==
NedbPvHv8oP0dUnvdBQXBrxvcTwbbTMJJZBETd672F4JI7Z6aLjZ5UaSKR5ambdOQzphkQVUTU/ZGSfT5bnNAPEjZKM7
f4twEacTTIpLIJ9uHiuJcdGm2ZWQpV2KzkhFrrV5nNeMyQt2W+Ey5EaF33YKuECUwdIKlGP6Oxr7yq/cFPopYaM8
v8l3rK3eRTUCbWbwU5h9HVfdnnpul4RU+OeacarC4VOETvYLU/SCLtQOYYzWxru8/1ArpEO+/IzdG6NC
ljzgOsT964xN/k8nPqLn0Kr2Cve4nUup3QF9VxNGBT52kbNeZ+I9UVmMKd9dkUsziXGJ8JXbGKNH
CV+ZV6XGp5m35yZxpQPJccvM6Du3WBEDCobSHDD2BMrf8KqqAh84NVEpaw0zcTTWfLB5nBp3LxTEmwdRgNdCcdCKdK0hRbPof2/tSALMQTGlu7XE4NVlXlGNdJzgDOcar5cROYd+exGFyoDMQzJgty52ay+BHaf9Taw4eFScVkSNhPIr87VtbrNwpIFola7nufSnDU3Mgob42W/MhdFavJl0kdieh6uwwsgaBHM7tFBTKug/zICn46Yi4PnVbNY7l2Ryzmonn5plsSvIXrcTyiRMLJ/vSNfnh7Yc8RCyYSC7/M8Uc9lr5Z0Beu1ayL+2uJ4do56VQWmNHF5WRRE4aRVHfROKqQgA/cby9RXx/uERutms7emxU/nd9JXkfRtpvczm08zCS5DTOZDvGNFbGrXS16gvxeA/ThXyBHbB9YesM4Vuqd6eq0EWuP1ERbxKVJfMhHUfcVdEBZi8u567/B69ALXNOeMIEpxcBu6WztH68ecPGVM18BDY1DBmEZdSmnxrAIHGolBzXnMOWx6neET+gbWj6A==
zUtoPmdmto20GIlytYH1ms+rsW81NyFsCDnrNcOYyqf8Jsn15yqNW1yPzGQFKmc4Byf2Gx98VexaFzjlmshlNACRqqVY3ZRkzTZ08X7VzWNg10kK368MwexnDaCeM4u9Mh4NeI9Zlzsw84D3Jb3UuaXa7asBbqoqgVlGoTZRyAHz8ons/8jpeQNwsmNOywvvv15AIMaAGp3jtQRNx5ST1CZFnd0SpHHNEzMhLhwtNT5ngGXbyHoNFx0aFqzrkRaqPerILU+IVqOjsJc6nHk/+T6RSdYkfXfAm37WL4MBsuuJ9uAIsV8tr9utLYMCLaAh7qBMMnsxKzzpr0o+PjfcQcMUJ33yJkRhQH8KmtIu5SGJiLTdIlCctS1LJW1iJ8ZVol5EPD5lJGkrxKr82U2VrxaKDjCiFcdxZaUBzy5WSsKKeLUOYitqGHTHt3nl+I5dGYL8TFZSdzDAHk01VCeCqLryLSMdBXGKGuIMvWIlzS7zBicGpcDM/gbVZjl4w8Vchx7B3nIJ/2776ZkRPQQ1L5GJzxNNiYVg6ZO8o+M=
3d89D+Jeb5NDa8RVF1gjF0UPYaPd1bDIaeVfZEKL2gt9DMN9WDq54gOpfqZ7zghtzaYZGUKxJ3BXJyNtNcP3jfcI6ydmozk=
iu/rKIkdrEbWNLNSc0lQ2sOI+gME13hwdoRubNi8LGHmCRkndy7mGgwOe2c/8SMh64q2r1HycCnk0TQuBNPkkHULWRMUYRAoG0pzGA65KOGNbUuMgniU0s6CxrWqtU+bmcedtEC83CRGxV+2CvjHVcGSilRjurva+4ovHBS6qaGj/A==
a7Wa6R91rwXNyHBT0/wbvckDm2ZLk2oW/q4rCj+FuJ/EQkkVF478n89/h/WqvEstLYD4GyBPT+TBSYJ6Y1aBQczigd4yib9uu23YEX2EdS/RCQ8TjQlFYCkTfKMj
F8Abc3u4uzg8d/8jTpD7MxzaCKY+1/g90bx0KqmKvQEyF07W24WFGhY3pdtlVcgYoYVHVCpLcpuFrIuNQDqhkssJBjbTjuBd1UZRSboxn6AfBzsdHQOfHU9oIxd+oyE=
4L4r2qrhRe0KOtBtUUx7aTXpJ4MP5dkn5rx0KqmKvQEyF07W24WFGhY3pdtlVcgYoYVHVCpLcpuFrIuNQDqhkssJBjbTjuBd1UZRSboxn6AfBzsdHQOfHU9oIxd+oyE=
YggrSu1wY9gc9UlwyfmzDPPGpB74sXgirYq5CT4HUs6/pWEiagdpkyGVDFDtdfssjqvWAxk8BwXEuiUaR5marnfuRKVpNp2B/nFbaFM3xyV5I3sFU3gvH3qjJQ==
XIx4ZIdIEUxr4gojYr9wAGlQ+nOiUBFXUVbMIWexH8Gx71zakYqF8Rp3FgYTxc2q7pfNS/3VUIgJZf8kYou6y92MY704Olmioyne5pvOKK1tJvnZIrEHMPenQ63Vw9dNl4gLZ0ajGQ==
4A3PMUS5KZudlPFnZRt0v/CPIV6ptDoKvAqOEe3OGgGBGRxSSsSz3bMrSEgNBJChyxi9zoUBWv5RknpJc4OhgqCGm1taeECETcPIYOZBt0LazM8xgfYC4LNOU97bzkdohA5hRaMY
BzXiwblkyOhDVGjQe2Z+2wOxLgHJqjBXO21pA+8d6RNcO+FqKD9Tec/V4bi9q1eXs06VZAOUCbqaRrJLUHMDKMnkj8E4Q5QlChtDFCjFjy4K/CDe4ahGksu10qsEMCx+W5PrqecSvA6q3cTJa3alqtG204waJkCZoPm+j4OEUVK37oQlqTbdAb5xG+gTN4elOSM7hZN475+6o+U=
GkDBMZS/r9haW4mmiB2yW2QzkgzGpN3m+/+XeEcm1pvJg0goe+3CEeGE+lLAaw7e0KfTTC52AuM7gd5WdHtWqtJu9iuTlAKOk+9hbJZmO9w/cCuEA158LB17oyI=
DXDakB7KoJBOkyuBrXtlrMbIGDLLbcVppM2WXolF+i2DGp8+5hE=
DXDakB7KoJBOkyuBrXtlrMbIGDLLbcVppM2WXolF+i2DGp8+5hE=
bwwOd80xA0j9RWH/ntLA310H8IOWM06p9VbD1eu8tHfG6qzItuhVxaVVeBQUW+pvUdGXS14T+uiCkLbp34b9hJm/gaORh8JIg/oUTNa9P9OFndrk1J2Qdbrf84XrCPjNxL8juE6rLh2EIGF+o685JlxqFoTj/wAZDeZM
