RH1y5M3ls/JDufzBbobzDGloZw6ZLDXRZHm/x5ef+iwTGScu/vfDCWIU+VPtSgu+yRPrDCV3TuQ7TPr3hKA6m5mZy+SAZfee0jwYjrmIroLDtdq77BB0LmNTMxmfshT+Il1MeYOWHdqJditcQkZoiaj5tp+rZIkCz65c1RFWtbMw8ZKbu5d/FWVjA1VLWIePraPt
vv1WUKcj1ha7i2b/ieuO5GmvtNs+vJug8bKCveqvQ5c0+4TzfueMBHhlX59iZyNrBcQv1MmNnttiqZx7FdjeHakiDMzGMifwMD5dNUQHcmjqkr2j7aXBykrC/L1SRZ3uA+aXhjVgHD42tXY5aCP1HNe+UV7CaY8uKw+uEUwn5e8hKbuT3WlVIJmzs6Pz
9YFXbw1Hj+2akLOUhdClPhe8EjC2KwZWKUoO3egljn/Xc90Rg3EqnLXkzzncNTFdAFkvrJ+C833jwEkjeqqUZmQyEzFJ991T8k/4NIxdIx+bWlVb8WyjdAWliou2MQA7CcCKTT3KQKzK2pOAhMZhNXj/xhheerHDoU1Vmh7a4P3O3Um+F85bJrnI6A5CjYq5FBsBLKMW3f6OQZv+f5cy0VA/MT+1QXdz0QHh0C3Lj6PP
6FOMP3GoRp+05uDZqLJ9K+7D2JqtgrZGSYjsp9stqfFAL9f2f4CVt+e6Tr6sqtMzb6VrZavO/vsBplgNxPUcOhTH7JR1D1EHBHU4DDtuW0xe7WClzSkD2NIsPHZuJm4hOiHHHxlDFSDQKHSA5mH34lqsjReB18EAM+6T+tuuBwgErqG6o/g=
Ylny/e5PDOQkt2tEdm4Jrri1p1LxvBwF+ypLATBpetCEk55uWZHokvt54bUQi39i/x08E7f+BuqMvts3f4FDMeuaVl+RItCZZKFUfkTjxIB1G3kjVDFwWJv608jOScjxjX0r/MIoNGJOciZlaoVvi5nXvYSAbDzUxnX/5kqIpUPBg2mko2obbnv6T0xUiomuo+w=
bdOEdx/rePbCPrn0ehX8tbi1p1LxvBwF+ypLATBpetCEgpZgX57pwPt54bUQi39i/xw8E7f+BuqMvts3f4FDMeuaVl+RItCZZKFUfkTjxIB1G3kjVDFwWJv608jOScjxjX0r/MIoNGJOciZlaoVvi5nXvYSAbDzUxnX/5kqIpUPBg2mko2obbnv6T0xUiomuo+w=
zMHgEbr0brGB3StkN2zEhYW3ixBd6m7NLtX4MNs/o0gILlw4AkmLrd8u+MdVA5bU5gt3NUWNTgEsn42zpnc0ZDC1t58IMuqLvVR3FDG9hruqWTT7fWgWPbFSNAweol9Q+O51NWzXusiSAmVj1dXZ6oJylD36tVWOG9ZvRm3wpN7+5R45gPO9fG8uiR66WZfOY38GkaSXrc852YPThfmtgNHjm6Pb
uvEm+wH37AX0ZZ9Rnq1kc3gLjywnloxrk8Pu8NPhv2YAbrKxQMdZU5IPGLTsHcMf/Zq225GsQ3RlZWoL1vHgOykAKs2dCmCs6hozACQGQTVYP2aY/rqRw4GN9Rq+GsD9Lh0pPvcOOyZZCIiOok3qufRbYaxDVr3+bgH7fp/XUtFwf5G/FQFXc/FBQVCNi6+j7w==
N2RrAHe22+4pcrKo+n+QmT7DZZrHASfxjPihvco+3yTYv4hp4ea+6xQqKH0hNxCiWdrrB+2n+K0rKD/X4LHPaIIQPCC3hbdHd1vLtKpdiVT0Q7SfGCzsBVAK9ZXlwexnNGJrJP+6xk882+0TFz4anlD43oyq9wIju0HZmeGmeHo4rvZrE9QCzhGpYS0VJjucvzQrRIOefOydpKPi
rLmJE4AwNbhMSkwEtW6fGPn3lhGrsRwF8yhdE2R7eYCE1tMnDd+9wPt54bUQi39i/xg8E7f+BuqMvts3f4FDMeuaVl+RItCZZKFUfkTjxIB1G3kjVDFwWJv608jOScjxjX0r/MIoNGJOciZlaoVvi5nXvYSAbDzUxnX/5kqIpUPBg2mko2obbnv6T0xUiomuo+w=
OiUtak7vrbsqYCG1HgkfVTROz3d5loxgjNPpotry8WcKJbKxQMdZU5IPGLTsHcMf+Jq225GsQ3RlZWoL1vHgOykAKs2dCmCs6hozACQGQTVYP2aY/rqRw4GN9Rq+GsD9Lh0pPvcOOyZZCIiOok3qufRbYaxDVr3+bgH7fp/XUtFwf5G/FQFXc/FBQVCNi6+j7w==
5DRucDneAcnveOOisW1r3BElJB5eNNrgs/AXBN8lcBPaXyCUBO3bH+Tr3vupfIu0rdUya75hWLvRkIJtxXoo7CLKy+AMNlk1QA9OeAZqWYPJ/a26Foo4fZaNQV6vvvPmkdiwrso98rnsq4mMewb1viaxI553R+pRCO85H83xn7O5ETkwpbu3o/c=
p6mA/1GLHxWxsumsx90YB3Xs4xwtsZW+7enFb5p5vpC5YuSSiZC8GQQZEd5thw0IOzGR7TBzb2r/ES3rl6Z2okx2a28fOdO5axLG53H6YNEkaaSmZJvUiHUTaVt06YCQ27JjEC7xWHkN9btEonCEqo46Vj1KfX+Dmd+tfKA0TJwGvU++KjA1y0EL+RxDsqsmOzK/lHTymaaj5A==
CJUpVklD0yz+xL+d3XMecHgRgyEl18UjjNS3/Z++4zQCd/OxQMdZU5IPGLTsHcMf+pu225GsQ3RlZWoL1vHgOykAKs2dCmCs6hozACQGQTVYP2aY/rqRw4GN9Rq+GsD9Lh0pPvcOOyZZCIiOok3qufRbYaxDVr3+bgH7fp/XUtFwf5G/FQFXc/FBQVCNi6+j7w==
D73pWEgGX9NCdA5xg48xsEWCGUXZ8UMuBD2+Sabp8XoRU+K4tOOEF2L2JzgWzNpxgI/qhdGtI+8HXsNcuOSeJ1zLppB76DGgBp6rr30vWGV7AD/9sXhv4BK4fAinjZePJ/NLHPqVqVzka/Q3iKRMzQAi9b21CUzvpMorDO+y5odsc227R/Y6lkDQniQ6f6Lr62nZsbFu2PKoBrZDA9wiBkEB4YVF7huUrxxr7BMW3CTNjKPK
TSrPM2fIe2zu6BSPWUInyJR0AzNLqs4UOYXfq//moyeKfIr8kNuGy84QIAMCGs8OeZLqgJtVOXmg5+fuf5mlfgcy3sbsksM7T+0b/StWDjMhrkg1BA2MsnSP3Ix1F2FPZP2o9PtWS0R+JZA9TbFzkPIkLE4uXv6p2un3BxlbJegwoOT4plnn6nrk/Y8BTzHIE+aDwhtWl4Bk5pGio+A=
LNPfyXtPmuNQXvcx3qkYLHgLjywnloxjkdX8pN7ooTQAaPvlDpIrU5IPGLTsHcMf95i325GsQ3RlZWoL1vHgOykAKs2dCmCs6hozACQGQTVYP2aY/rqRw4GN9Rq+GsD9Lh0pPvcOOyZZCIiOok3qufRbYaxDVr3+bgH7fp/XUtFwf5G/FQFXc/FBQVCNi6+j7w==
eslTyFjQwu3GBE3PT4pWs8YbuaFCYaYHVWUvS1l+4LHjAmChFErLK5XjKFGDvL9eflt/NMok3MyPgad7n4+L+PL5ech8NxQz4Oi8eXge9Zn9pdy7/NYLSEc+VvNUjy3fzxpqglgM/qDSs9LfE9VZFXlCyCZwmhaHK9AS8vl9IWFNgssAN0CL6HtaLJC1sKPu
xuyh+q0AtA9Zerx0iQTHvuCy/uWPZEHxaQIr310/mPUbMD/J1uev8DLI/PiHndcfx8NLLBoF6UzEm3RHqLSMXWAS9Y3VmYz/hLqr/M+ipheMQ22Lp2Z6hmAgHlQab2J7i1nZgdH+GOKIdjazI8xilqEx4bWlfluEj+zrnDMGHLStvKP6
93p9+WDUkH1T3+CXOWleKiMOA3KHsRrzm4Nw+4I8VrmRX6+4gtOLWKGkp9EwY6x1cpv7xNAlhz5ivIhuaUieotO1ypvc0KTO89ODue/yRN4SXbyZU1atuvn2u/yShphpuPmm/9sk2aJfLqw1oRbl00DxortrV4+11eOTNRsYt6+9o/0=
1FBmNRwEJ8d9y3mbNFuq2+Ky/vSNckXxaQIr310/mPUbMD/P1uev8DLI/PiHndcfx8NLLBoF6UzEm3RHqLSMXWAS9Y3VmYz/hLqr/M+ipheMQ22Lp2Z6hmAgHlQab2J7i1nZgdH+GOKIdjazI8xilqEx4bWlfluEj+zrnDMGHLStvKP6
Q7N8r5+rbBuPIlNNJ88dOCMOBWSbrBrzm4Nw+4I8VrmRX6m4gtOLWKGkp9EwY6x1cpv7xNAlhz5ivIhuaUieotO1ypvc0KTO89ODue/yRN4SXbyZU1atuvn2u/yShphpuPmm/9sk2aJfLqw1oRbl00DxortrV4+11eOTNRsYt6+9o/0=
uVOj3k4l9j9WpqJa2OzPsyMOBHKJqRrzm4Nw+4I8VrmRX6q4gtOLWKGkp9EwY6x1cpv7xNAlhz5ivIhuaUieotO1ypvc0KTO89ODue/yRN4SXbyZU1atuvn2u/yShphpuPmm/9sk2aJfLqw1oRbl00DxortrV4+11eOTNRsYt6+9o/0=
i/AkJoRfOm5c/VLvdeFTETbFN5vMHimw3af45Ipv0WCd85Rj+7W+7wAqN2sqNxKmC4rrB+2n+K0rKD/Q4b7PaIIQPCC3hbdHd1vLtKpdiVT0Q7SfGCzsBVAK9ZXlwexnNGJrJP+6xk882+0TFz4anlD43oyq9wIju0HZmeGmeHo4rvZrE9QCzhGpYS0VJjucvzQrRIOefOydpKPi
bNoEZWA0LbbafLPFcFq1LGZ1dqUpWW17bQC5AQYiCi+7xxJ/YXoQrsTMPwkgx7HQSW1e0Ok3lESh0MpDSsMWdd6xjIVOgWi7obCyrTXamGyyahsg3BZJNVAvnrjWyskDeV1deiaqSH2mbbGeH96DZgE4YG6aXeK5/EtZzCtmZT7WUZPeByfaUfjPCV+9US8zKbFpcPWbp6Pn
Vc3NvyPfcGKD/ADFnbyYvmZ1dqUpWW17bQC5AQYiCi+7xxJ/YXoQrsTMPwkgx7HQSW1e0Ok3lESh0MpDSsMWdd6xjIVOgWi7obCyrTXamGyyahsg3BZJNVAvnrjWyskDeV1deiaqSH2mbbGeH96DZgE4YG6aXeK5/EtZzCtmZT7WUZPeByLeUfXOCV+9US8zKbFpcPWbp6Pn
bwwOd80xA0j9RWH/ntLA310H8IOWM06p9VbD1eu8tHfG6qzItuhVxaVVeBQUW+pvUdGXS14T+uiCkLbp34b9hJm/gaORh8JIg/oUTNa9P9OFndrk1J2Qdbrf84XrCPjNxL8juE6rLh2EIGF+o685JlxqFoTj/wAZDeZM
