kdDoo79Y3Fr7zZoMJhFRh2loZw6ZLDXRZHm/x5ef+iwTGScu/vfDCWIU+VPtSgu+yRPrDCV3TuQ7TPr3hKA6m5mZy+SAZfee0jwYjrmIroLDtdq77BB0LmNTMxmfshT+Il1MeYOWHdqJditcQkZoiaj5tp+rZIkCz65c1RFWtbE38ZOZu5Z/FWVjA1VLWIePraPt
gqVqBS4ltGK6QF2lhtDDwGmvtNs+vJug8bKCveqvQ5c0+4TzfueMBHhlX59iZyNrBcQv1MmNnttiqZx7FdjeHakiDMzGMifwMD5dNUQHcmjqkr2j7aXBykrC/L1SRZ3uA+aXhjVgHD42tXY5aCP1HNe+UV7CaY8uKw2pEU0l5e4hKbuT3WlVIJmzs6Pz
/1Mld1K9admX/528hgQkhhe8EjC2KwZWKUoO3egljn/Xc90Rg3EqnLXkzzncNTFdAFkvrJ+C833jwEkjeqqUZmQyEzFJ991T8k/4NIxdIx+bWlVb8WyjdAWliou2MQA7CcCKTT3KQKzK2pOAhMZhNXj/xhheerHDoU1Vmh7a4P3O3Um+F85bJrnI6A5CjYq5FBsBLKMW3f6OQZv+f5U10VE9MT61QXdz0QHh0C3Lj6PP
mgS3WNLMajJmyU8BPCW04+7D2JqtgrZGSYjsp9stqfFAL9f2f4CVt+e6Tr6sqtMzb6VrZavO/vsBplgNxPUcOhTH7JR1D1EHBHU4DDtuW0xe7WClzSkD2NIsPHZuJm4hOiHHHxlDFSDQKHSA5mH34lqsjxCB1sMAMu6T+tuuBwgErqG6o/g=
gqVIVvRXTYjwlIptaW3In7i1p1LxvBwF+ypLATBpetCEk55uWZHokvt54bUQi39i/x08E7f+BuqMvts3f4FDMeuaVl+RItCZZKFUfkTjxIB1G3kjVDFwWJv608jOScjxjX0r/MIoNGJOciZlaoVvi5nXvYSAbDzUxnX/5kqIp0TBgmukomobbnv6T0xUiomuo+w=
4e0nlPgEk9U4jo8aRH/ol7i1p1LxvBwF+ypLATBpetCEgpZgX57pwPt54bUQi39i/xw8E7f+BuqMvts3f4FDMeuaVl+RItCZZKFUfkTjxIB1G3kjVDFwWJv608jOScjxjX0r/MIoNGJOciZlaoVvi5nXvYSAbDzUxnX/5kqIp0TBgmukomobbnv6T0xUiomuo+w=
Y3/Qn8xchKDCzZ+C7epHY4W3ixBd6m7NLtX4MNs/o0gILlw4AkmLrd8u+MdVA5bU5gt3NUWNTgEsn42zpnc0ZDC1t58IMuqLvVR3FDG9hruqWTT7fWgWPbFSNAweol9Q+O51NWzXusiSAmVj1dXZ6oJylD36tVWOG9ZvRm3wpN7+5R45gPO9fG8uiR66WZfOY30BkaWVrc452YPThfmtgNHjm6Pb
cmN7UTG6WvWt2RI9vO5I7HgLjywnloxrk8Pu8NPhv2YAbrKxQMdZU5IPGLTsHcMf/Zq225GsQ3RlZWoL1vHgOykAKs2dCmCs6hozACQGQTVYP2aY/rqRw4GN9Rq+GsD9Lh0pPvcOOyZZCIiOok3qufRbYaxDVr3+bgH7fp/VVdFxfZG+FQFXc/FBQVCNi6+j7w==
JjurogQih067nvfqYcAIcT7DZZrHASfxjPihvco+3yTYv4hp4ea+6xQqKH0hNxCiWdrrB+2n+K0rKD/X4LHPaIIQPCC3hbdHd1vLtKpdiVT0Q7SfGCzsBVAK9ZXlwexnNGJrJP+6xk882+0TFz4anlD43oyq9wIju0HZmeGmeHo4rvZrE9QCzhOuYSwXJjqcvzQrRIOefOydpKPi
EN+On+qURajKPIDiztZ9yPn3lhGrsRwF8yhdE2R7eYCE1tMnDd+9wPt54bUQi39i/xg8E7f+BuqMvts3f4FDMeuaVl+RItCZZKFUfkTjxIB1G3kjVDFwWJv608jOScjxjX0r/MIoNGJOciZlaoVvi5nXvYSAbDzUxnX/5kqIp0TBgmukomobbnv6T0xUiomuo+w=
Odp12NKNaPHbllh8u+NC8TROz3d5loxgjNPpotry8WcKJbKxQMdZU5IPGLTsHcMf+Jq225GsQ3RlZWoL1vHgOykAKs2dCmCs6hozACQGQTVYP2aY/rqRw4GN9Rq+GsD9Lh0pPvcOOyZZCIiOok3qufRbYaxDVr3+bgH7fp/VVdFxfZG+FQFXc/FBQVCNi6+j7w==
Ws5H/SG5GgDiAPdQoFbLMhElJB5eNNrgs/AXBN8lcBPaXyCUBO3bH+Tr3vupfIu0rdUya75hWLvRkIJtxXoo7CLKy+AMNlk1QA9OeAZqWYPJ/a26Foo4fZaNQV6vvvPmkdiwrso98rnsq4mMewb1viaxI553Re1RCe05Hs3xn7O5ETkwpbu3o/c=
aWO0ZMjGF7Y99MRBvsMqgXgRgyEl18UjjNS3/Z++4DQCd/OxQMdZU5IPGLTsHcMf+pu225GsQ3RlZWoL1vHgOykAKs2dCmCs6hozACQGQTVYP2aY/rqRw4GN9Rq+GsD9Lh0pPvcOOyZZCIiOok3qufRbYaxDVr3+bgH7fp/VVdFxfZG+FQFXc/FBQVCNi6+j7w==
XoKNK0m8L0Ldo5MyrvYLYEWCGUXZ8UMuBD2+Sabp8XoRU+K4tOOEF2L2JzgWzNpxgI/qhdGtI+8HXsNcuOSeJ1zLppB76DGgBp6rr30vWGV7AD/9sXhv4BK4fAinjZePJ/NLHPqVqVzka/Q3iKRMzQAi9b21CUzvpMorDO+y5odsc227R/Y6lkDQniQ6f6Lr62nZsbFu2PKoBrZDA9wiBkMG4YRH7hqUrxxr7BMW3CTNjKPK
upug3X3cLySSxXdMcdebcpR0AzNLqs4UOYXfq//moyeKfIr8kNuGy84QIAMCGs8OeZLqgJtVOXmg5+fuf5mlfgcy3sbsksM7T+0b/StWDjMhrkg1BA2MsnSP3Ix1F2FPZP2o9PtWS0R+JZA9TbFzkPIkLE4uXv6p2un3BxlbJegwoOT4plnn6nrk/4gBTjPIEuaDwhtWl4Bk5pGio+A=
J6YZhkbMttfA1RvJPf9k2chLtZRkSHsPq5a2KMm5p5f/2tsbekDywHDn/vc+LFg/wqa3sokukjx76UHFUFufUv8l3cL3jqZ6DC67h79RY0HranYP0ZIwCeQx9I6Es6SwdSsZc5TB0MgbajN4jhnoAY0NCywCmFTyzuKGFSpVj7uZ511UwBycREbln1aKWIc0wXJL9OLa+/77au+8lNrpnqPc
HZhgs1TKooknwDVyCe8EP6l0MQFl0D31hDMPLK9FNCEUf1tZlP7FbFv4bnSAgtHuTFI3JS0du/yXg1A7Yrz2+fFfRH8tU+sYgaRHEVDjDLWSm9uEsKUn/kK86C7JyH5i87XqWzxQBI6T06N5T3IknjJdXFnz1s16GfabvPIGOKlY+ca/e6Q5Yn8uzHVBlkWRJ/GDeYvWL/X143P1u5jX752j3Q==
kWFBRuvVZaTW7bkkHRlTBXIZ5aWT8Vy2T327gKoywbejlf/c1xFiXubSQJHCDRZCfN2igFuY8RBmDis/nZ8YlVsQP+ORiC9Q8ij8mMc9V/8H40sM2uVp7IT7dKdoFAw9IDL1rZX5DF9EWqucjwIm90xjbatnhvomIEAetNrP4hvLedmhkZ6YQkiWNtNjbOJ2YxbhlGee2iTPjOt886ac1O2co9o=
XNT+2BRvxFZi7bIGSOeXhHgLjywnloxjkdX8pN7ooTQAaPvlDpIrU5IPGLTsHcMf95i325GsQ3RlZWoL1vHgOykAKs2dCmCs6hozACQGQTVYP2aY/rqRw4GN9Rq+GsD9Lh0pPvcOOyZZCIiOok3qufRbYaxDVr3+bgH7fp/VVdFxfZG+FQFXc/FBQVCNi6+j7w==
pAtcM16SM1TbKnRydVCnPMYbuaFCYaYHVWUvS1l+4LHjAmChFErLK5XjKFGDvL9eflt/NMok3MyPgad7n4+L+PL5ech8NxQz4Oi8eXge9Zn9pdy7/NYLSEc+VvNUjy3fzxpqglgM/qDSs9LfE9VZFXlCyCZwmhaHK9AS8vt6IWBPgsoAN0CL6HtaLJC1sKPu
IbaK6Um2ncVGZLTIbWQAdeCy/uWPZEHxaQIr310/mPUbMD/J1uev8DLI/PiHndcfx8NLLBoF6UzEm3RHqLSMXWAS9Y3VmYz/hLqr/M+ipheMQ22Lp2Z6hmAgHlQab2J7i1nZgdH+GOKIdjazI8xilqM24bSnflqEj+zrnDMGHLStvKP6
9MQSUPmgGr23MePv9ZVJTiMOA3KHsRrzm4Nw+4I8VrmRX6+4gtOLWKGkp9EwY6x1cpv7xNAlhz5ivIhuaUieotO1ypvc0KTO89ODue/yRN4SXbyZU1atuvn2u/yShphpuPmm/9sk2aJfLqw1oRbl0Ufxo7lrVo+11eOTNRsYt6+9o/0=
q2+MXePYY+MpWgkgKbDBTeKy/vSNckXxaQIr310/mPUbMD/P1uev8DLI/PiHndcfx8NLLBoF6UzEm3RHqLSMXWAS9Y3VmYz/hLqr/M+ipheMQ22Lp2Z6hmAgHlQab2J7i1nZgdH+GOKIdjazI8xilqM24bSnflqEj+zrnDMGHLStvKP6
EApamaaXFRR45XvgK1EZxiMOBWSbrBrzm4Nw+4I8VrmRX6m4gtOLWKGkp9EwY6x1cpv7xNAlhz5ivIhuaUieotO1ypvc0KTO89ODue/yRN4SXbyZU1atuvn2u/yShphpuPmm/9sk2aJfLqw1oRbl0Ufxo7lrVo+11eOTNRsYt6+9o/0=
qpobHVKcSYISbT5epv2priMOBHKJqRrzm4Nw+4I8VrmRX6q4gtOLWKGkp9EwY6x1cpv7xNAlhz5ivIhuaUieotO1ypvc0KTO89ODue/yRN4SXbyZU1atuvn2u/yShphpuPmm/9sk2aJfLqw1oRbl0Ufxo7lrVo+11eOTNRsYt6+9o/0=
YSF/8l4ulaUEbKS9XKXK7lpNYWhhDIQ5FscmR6mr5pISLjUnUigsBtMtbTM2l+QkYJVHn3IRNUvtNOeUgd02e5o5JPttSGb9QfJEjI4CDxAoDkU1XDdqiMKi9eOldSkq8lKEPerVZU6rtt/G/ZD0Hi7Fbjlw0+08v84Zngq5J45TmxGRtbVdjkl5c1MVWX1AgYOro+s=
hbKuzrbrpDP39opbb/BZKoR8d6SYsdd9dHPrXggpFH5kPsXg0HVH3nM1KeOm5+FzGwzWI9EzWtMC76j0vD0zH4q4aRshzNP0lcU6S+YR8Ds5INoNzWrQLHq6Q0D05nE1aN+22I4aAUMx7aXaTjrQ/T79GX6nrsumyWg4TnJtmrkEezHs87Ytfh6hK76vs0XRYV3h/sXh5/Nh4bGQ3eufo98=
/OzuS0d0o/XAzeLUupofiSx0iMtyzpKnKxEHndit9UtmSgFhx86veetyFngcdiXUh7vagI7yqmVIbuKSmTCmD+YOoulaPhfxfpz11RxnkYBW2y+qzos6WITnp3n1mL6dSeJszCbyh3CQ/n01ZMfS6EpSXaONZSFKKoIcvXIFPW6jpreGFSB8vtb1FjmI45WcN35xXuKpL66Ly4kRLeUFbkFpW5O9KfWgOfOTo9M=
/OzuS0d0o/XAzeLUupofiSx0iMtyzpKnKxEHndit9UtmSgFhx86veetyFngcdiXUh7vagI7yqmVIbuKSmTCmD+YOoulaPhfxfpz11RxnkYBW2y+qzos6WITnp3n1mL6dSeJszCbyh3CQ/n01ZMfS6EpSXaONZSFKKoIcvXIFPW6jpreGFSB8vtb1FjmI45WcN35xXuKpL66Ly4kRLeUFbkFpW5O9KfWgOfOTo9M=
ltWqLOeNkbsXszWJ9IDP0i15dtjWGVQfckVhPBGCEPg+mqIfnKL5tnHYlYhrh88j6hiQoyIZMNJ1CC8RjTNsLydWYuKn/25ZLKt6BV5GcYilgzhZ5KJYvO1l2V+KshpQVo17oWlNVU/6PkaSNuDB7nYT9mi474O5kRDCbQX6aOxiSgvgTLaZNYCPDnjG6hmDiX1tulYKeH1WDQFebz4z5tFYcK4KvbK5LCvJjDuGNb5mMWOet8+tUclt+R6NcV+zeZF5MGU796O3
4HE3H6tKatwPteSUj7H9cAtiXqaEm0DK2dD3ADeOhGXcRfL+zp802jxTAGu4jROdtMJWDALS3ILpXKtv6g8f81/74ljiWBW0LY93EpQtDgZJ9dmxEd3xF4hC4ECRB0WRRHPsIC8O+xNMmejD75TtKJsub8ckQYYfzpImM6EpFClpCEn8unUp/KRL9BdIBMytwEL13XVpzE9k6issrxJmZyyTbVsHFro2APCeBPrfIosrCdnRcQ5YUmgmtmNDfKLmCebhZAcOmjTvPGvM07ZcRA3so6o=
k/sUfw2DBLPGxCOs9BPpYT3aZQhjaWgb8DMIegVWwda7ZiBSHhiiwBBgiCLP7gmMt+SdIhbFOtLHg7dAVURzaWwTIN3GWw8s3BXbRjYcPPaVmFKKx7XesxAAWFZHc9fBs8JINuadCDHfJvECLRZP5K7W1AEseTIXF/TluitO+I195mlz87HX0WdmU00BQyetZ0j7h6mj6Q==
TX/6zqhB3MB442X/IiGjTIzooqvUB6SdCKjOOngaAo+I66jxtlm8T+CSpkJSRtDCSDMu2fTe74BSWHxoZ20XL+fTSzw6NSm8JAv018jEzG1AAvWd9anMj+QqK2wvUmYnrFNtm4dWunaAsJ7Eeh8iS6tJ2ZHxzliS6Oa2I8M8oqaJJuGkh06adG98awxTdlyEjayj6g==
Oj8MHXG0df2x0tfigAAo+pkV9ADVUfEypus+c5GcX/Xcuj1qnzkSXh8ubLVhFqVah/HjOatWzzUV49O12xj3L32jPQ==
m9zfq94XSJUSTA28yLITf5xwDztOnp0ON7iQu+WvwCXZRrbSoc6V2c1VZhwUWYUOcYbho/YMaV+Uyv2Xecb/IFsyx9ehj4U/TKsV5ilWDjMhrkg1BA2MsnSP3Ix1F2FPZP2o9PtWS0R+JZA9TbFzkPIkLE4uXv6p2un3BxlbJegwoOT4plnn6nrk9IgBTjPIEuaDwhtWl4Bk5pGio+A=
q4/ZDtpht3ryz5jMNdRIIF05Py1aaNzzMwwjLNhrf5S30hREBGY4/OBx5pCqvYS3J8iWzjaHOijYFxtPDAtFumnwI1R2QY3oC0ze+jAPOXVnzsM2j8Wa8dXp9tVj2OFvJz2PCRKnjLeSCcx7xbhu3blC3Ey2EtewoN5tNXTn4igass0jPcXRCvqiLL0C5W2uE8ZHBoWALH6mFQY5mINl3Ofe4d6SSZ/uW6Z5ER3FVa4xyesTLUkl4AnTg6PD
NNDZ145LH47PUncKNQZEyTdHmeJJCRN9gJC/WKEBzWWtMVHN04hfFR6K3zVUliMyNP52u/Mkwv6x/2F8txb6bF/kqxTj7jzcPXSjMg==
y4qxwozv8wanShUyArXqpPCPIV6ptDoKvAqOEe3OGgGBGRxSSsSz3bMrSEgNBJChyxi9zoUBWv5VkHRJc4OhgqCGm1taeECETcPIYOZBt0LazM0xgfYD4LJOU9rbzkdohA5hWqMY
hph3za02WHKujq6XBuNy32lQ+nOiUBFXUVbMIWexH8Gx71zakYqF8Rp3FgYTxc2q7pfNS/3VUIgJYf0qYou6y92MY704Olmioyne5pvOKK1tJvnbIrEHMfemQ63Rw9dNl4gLZ1mjGQ==
cAwd10ID0XjgPYZB7iRuHvPGpB74sXgirYq5CT4HUs6/pWEiagdpkyGVDFDtcfkijqvWAxk8BwXEuiUaR5marnfuRKVpNp2D/nFbaVM2xyV9I3sFU3gvH2WjJQ==
iNbiwYAqpnrnae2tWTkjCDXpJ4MP5dkn5rx0KqmKvQEyF07W24WFGhY3pdtlVcgYoYFFWipLcpuFrIuNQDqhkssJBjbTjuBd1UZRS7oxn6EfBjsdGQOfHU9oIxdhoyE=
P5fyRuoqe1JzGmZHmmrdCxzaCKY+1/g90bx0KqmKvQEyF07W24WFGhY3pdtlVcgYoYFFWipLcpuFrIuNQDqhkssJBjbTjuBd1UZRS7oxn6EfBjsdGQOfHU9oIxdhoyE=
XNGUBps7tf3mYKzwhaQKTckDm2ZLk2oW/q4rCj+FuJ/EQkkVF478n89/h/WqvEspL474GyBPT+TBSYJ6Y1aBQczigd4yib9uu2/YEX2FdS7RCQsTjQlFYCkTY6Mj
TVctxO7TmHUEIM+pwJEWWCx0iMtyzpKnKxEHndit9UtmSgFhx86veetyFngcdiXUh7vagI7yqmVIbuKSmTCmD+YOoulaPhfxfpz11RxnkYBW2y+qzos6WITnp3n1mL6dSeJszCbyh3CQ/n01ZMfS6EpSXaONZSFKKoIcvXIFPW6jpreGFSB8vtb1FjmI45WcN35xXuKpL66Lz4gRLeUFbkFpW5O9KfWgOfOTo9M=
VlHlK6JGudCFsh7ChSflDjdHmeNJCRN9gJC/WKEBzWWtMVHN04hfFR6K3zVUliMyNP52u/Mkwv6x/2F8txb6bF/kqxTj7jzcPXSjMg==
tJUjAOtrdcv+oJhWJriLfoKn4g8vV6vVee0tPEMZu7MgaueOuLGio4YRhSchn7GyarCfBEK86sCzdGqEgaO6K7RUSJL+M9IQLywJh+xBbIJZO9sFbT0VAO+p1648DAmqTVFcp2M4F9WkvTCaX/irX3bhYPoUXON5F+cELtQgeJEVGYfR+4/UIqiqWHxvnrgP+FB2cw1Z30zMVUsm5pzMlmXYouo3tS7T4ECoNrfzB6EjglhWNp3Ykc9mYSL9ln/EHpbkoZx5grcnNFWaG86ore0meduisYcxd6bDrVHDV00XiItn2aOZ
81ZOPvqJp9SmBlWEBke6e51V23Bq2Cejqn0Lnd7i/B2+f5H78Tth1Bw77frLsBL6att163BontnJl1Fvjw/DKrRrfR7YdHKIyJQpl+mFGPZHbpP+jWSyeD1a0LeUkCAy3dkh4LiWVyM5TRTEcCIl+X31TGfMcuugk6mwP5gBO4r1IrdYLzWAzw6FktT2EdUX7AMl3qluPpuBhpitxBVc2pTnLPR1b5EnhJV47DvOm2zejaAFzYlDOFIMfNZuRq5BugGH/xmjVQBQSLTg5sG3wtpMzbGBdgNgss5TWttOR+iEjmHao5g=
2/vh844NbvI76Hk0qgDaUOcyidaljCyl158Q5WqymkVi1f12fQ20/dg6E2QJyThCq25Mlw/63Rh4iaZaZ/fZJl0LW9PDW47LZ3qRc8J5gvuDIBCv5QX8wkMIoUV5Az7vrhcL4ZoBSwZD24/yJJLvBYhh+A2mOf3uh5zRFAdBTSwcg+BXhVdRwu5QiFzUpY2pCk3JiP3s6JnTrbw4n3Wdr4/OsnF7BolcS6vGZgMvc0bYbCXNeBKzdkZd4VS4G+3sudqyZTHB0I1npmqhuXj14livDZ3cU0cqrnifQ8OX1bEDYyxx7pkAfOJC9a2lhIfzhP7wa7J5zQgpDdz6qlkOI6R6fLJrmWcUGq1sjFKNQ1crbWw7qG1sggpMkPnK0aVYBBx3EduX+FYgQKwJyUkL+c8P4AokegTkO37M94SgOpuZmcvkgGX3ntI8GI65iK6Cw7Xau+wQdC5jUzMZn7IU/iJdTHmDlh3aiXYrXEJGaImo+bafq2SJAs+uXNURVrWzNvGTmbuWfxVlYwNVS1iHj62j7Q==
Q8hIfanopOLO4SAm0Lab1cvM6Du3WBEDCobSHDD2BMrf8KqqAh84NVEpaw0zcTTWfLB5nBp3LxTEmwdRgddCcdCKdK0hRbPof2/tSALMQTGlu7XE4NVlXlGNdJzgDOcar5cROYd+exGFyoDMQzJgty52ay+BHaf9Taw4eFScVkSNhPIr87VtbrNwpIFola7nufSnDU3Mgob42W/MhdFavJl0kdieh6uwwsgaBHM7tFBTKug/zICn46Yi4PnVbNY7l2Ryzmonn5plsSvIXrcTyiRMLJ/vSNfnh7Yc8RCyYSC7/M8Uc9lr5Z0Beu1ayL+2uJ4do56VQWmNHF5WRRE4aRVHfROKqQgA/cby9RXx/uERutms7emxU/nd9JXkfRtpvczm08zCS5DTOZDvGNFbGrXS16gvxeA/ThXyBHbB9YesM4Vuqd6eq0EWuP1ERbxKVJfMhHUfcVdEBZi8u567/B69ALXNOeMIEpxcBu6WztH68ecPGVM18BDY1DBmEZdSmnxtAYHGo1ByXnMKWx6neET+gaqj6A==
BMhx8lYcKkD0B8ZuEn8DapC8RlGWCor88aJ64jlB1J23KTOod1PeMeqmsXOmNUpAlsNlvS1xTCNc3kdfb/7aap7zAOGi4hQpMjBS7Z2A7kljtMG/uxK9Jyp8B5UUb72qi3fQkcCPOaCq26ft7sZZ2Hvh64vcW9Q38dX4SZmi2UtVNnb67fGyIUL5JFGvKl2MyzDVCS+Y5iOaY2dfQ+Y0gBLYRk3P3TBN8/y/BHodSX1mHI19f5v1bkjFGU5beFG7HKJRR/GyYiwfOXp64bKczXvwalOP2EP6yNHTSUIpvXZwpauQt5biL7fpnrtVLrSoRedRHzcFeUPWRYzR0th40i9p9+yFB76+Sp8wEZ/M8x3G3ngRbJde2gaGiZF1MMB99gjAZQEjEW1WT+qF/gaQnErd2NlHbH68jaW53ypyOlB2zZshiQ11T9r+JhJWIOHuVlNW6FivY7mxUGLtZToI7AKKq2Ds9nk1YM+u+GYqeYPpvQ069kpYfbZN4d7PfhPm8ZgQLmp9krkMaykM28YVvkbxwx7XB8xR6a1Znm0xv7OZ0dmwxfuXo9c=
Sh6ndaHPZTvs6sFbOEY3trwgN/6gRZRuZ2dbkSi1rQsUWKPhYKTdBP4hdzH8IKf+hB008S2Z1ouap0DEvLUUI4IEFr/FDUF93pRQ/V/iKjcxyGqsC2xADPd5yvLJW5X04nA5jVWHzfjg6R1ioTEMIACwnyZfq2kFR8IDrXV2+PCjDhiL3soTkwGh30G9kEBEtKAu+H04ipcziRVSQ0zcPYgp1ltJyN8xTfD6ughlF3BlbSKAaUjp5F470wwydGI4kwfMbKOWkINMPN9fVh6YxTVQrodn2ApyqhvnppWNU3S+C2t21HBUo+90r9t3CmRN8A4ZHEvAtyizZRNZbb0C0br0x4pIImUfHik51X0gJmqlLUDV5fsFr0qVcDwN+opJ9U2GXeGGoZDt1clvCWGMKQTBY1VN8J7vDH4zLCOF6NP47SMmRW6vFK95mIO+KYo4lv2NO1yP/dJp4uaXsSrAQaT5xPakq7S4dSMJa7S54ABbIsPA7oF4iQ2Fm7TiICQ6Dqq27QpNn7OZ701M4OSsDIYt7+5qwBW9QfrbbIJiC7a7ot/EtML5lqPU
NWpnyhuaHNCF9Ro86nHB0t5zd9pi707JhqSFkuSo1OZM1LJ6vnZ9UNL0pNAHQQVJ95wvhFYwSFoHKbtszg0YVG7dr/9/bTiTRD1QWn/4S58WYcu/M1yDufdnpO70IJjRtZknkRuPtOIIKvi8D56YT1jQFjPtWf+MbNWrZoac7NaFWMIqF7UOE4DASHaX82fhwwL4lhadONGv5sFi3ZYfBL4WRGH8eWL3h7T12vvOiG1NppkawrGncdcmo22xw3eNdwhrJ/mjuQ==
i1VdGFSTfFbc1o4Bx/ZSzPede+b87MAE6wMGusx17yRDVnNDg2VC0RlxdrKuZa4QlFMddxn1d0bIhB9L742QyURxvKmpEckc6NhWOGM4cHLXoyJRlmTU02hFeO7GLvWYHOnkqsTU5as97ricQ1URr/j7NHf/P6WuMclsmF82Gys8oSh7nywNkOsWb/9U+WanvirmC9ER9BEZsMlEyk3JxNRzNK84vCwVsHr15QXRLPcUUusU3yqGX1wr7eN3LloOcMhevIpnwjNbMdnpAba46hiedlszRELecF9h3Hc2egyfBKt0ow68/H3Uo5I=
H2362AttBqcfq2kTguveS/ede+b87MAE6wMGusx17yRDVnNDg2VC0RlxdrKuZa4QlFMddxn1d0bPhh9L742QyURxvampEckc6NhWOGM4cHLXoyJRlmTU02hFeO7GLvWYHOnkqsTU5as97ricQ1URr/j7NHf/P6WuMclsmF82Gys8oSh7nywNkOsWb/9U+WanvirmC9ER9BEZsMlEyk3JxNRzNK84vCwVsHr15QXRLPcUUusU3yqGX1wr7eN3LloOcMhevIpnwjNbMdnpAba46hiedlszRELecF9h3Hc2egyfBKt0ow68/H3Uo5I=
EL3cb9FZ3UaTj4xSKO7OlPede+b87MAE6wMGusx17yRDVnNDg2VC0RlxdrKuZa4QlFMddxn1d0bIhB9L742QyURxsqmpEckc6NhWOGM4cHLXoyJRlmTU02hFeO7GLvWYHOnkqsTU5as97ricQ1URr/j7NHf/P6WuMclsmF82Gys8oSh7nywNkOsWb/9U+WanvirmC9ER9BEZsMlEyk3JxNRzNK84vCwVsHr15QXRLPcUUusU3yqGX1wr7eN3LloOcMhevIpnwjNbMdnpAba46hiedlszRELecF9h3Hc2egyfBKt0ow68/H3Uo5I=
JN41IwESZEom/9FHL5EmEfede+b87MAE6wMGusx17yRDVnNDg2VC0RlxdrKuZa4QlFMddxn1d0bPhh9L742QyURxs6mpEckc6NhWOGM4cHLXoyJRlmTU02hFeO7GLvWYHOnkqsTU5as97ricQ1URr/j7NHf/P6WuMclsmF82Gys8oSh7nywNkOsWb/9U+WanvirmC9ER9BEZsMlEyk3JxNRzNK84vCwVsHr15QXRLPcUUusU3yqGX1wr7eN3LloOcMhevIpnwjNbMdnpAba46hiedlszRELecF9h3Hc2egyfBKt0ow68/H3Uo5I=
HzdcIB+N6iQGXkC0o8r5Nvede+b87MAE6wMGusx17yRDVnNDg2VC0RlxdrKuZa4QlFMddxn1d0bIhB9L742QyURxsKmpEckc6NhWOGM4cHLXoyJRlmTU02hFeO7GLvWYHOnkqsTU5as97ricQ1URr/j7NHf/P6WuMclsmF82Gys8oSh7nywNkOsWb/9U+WanvirmC9ER9BEZsMlEyk3JxNRzNK84vCwVsHr15QXRLPcUUusU3yqGX1wr7eN3LloOcMhevIpnwjNbMdnpAba46hiedlszRELecF9h3Hc2egyfBKt0ow68/H3Uo5I=
PhuAlYAWX5XOo4FtSQ49evede+b87MAE6wMGusx17yRDVnNDg2VC0RlxdrKuZa4QlFMddxn1d0bPhh9L742QyURxsampEckc6NhWOGM4cHLXoyJRlmTU02hFeO7GLvWYHOnkqsTU5as97ricQ1URr/j7NHf/P6WuMclsmF82Gys8oSh7nywNkOsWb/9U+WanvirmC9ER9BEZsMlEyk3JxNRzNK84vCwVsHr15QXRLPcUUusU3yqGX1wr7eN3LloOcMhevIpnwjNbMdnpAba46hiedlszRELecF9h3Hc2egyfBKt0ow68/H3Uo5I=
uEZpgiR16MIQpwMhdw0oZvede+b87MAE6wMGusx17yRDVnNDg2VC0RlxdrKuZa4QlFMddxn1d0bIhB9L742QyURxtqmpEckc6NhWOGM4cHLXoyJRlmTU02hFeO7GLvWYHOnkqsTU5as97ricQ1URr/j7NHf/P6WuMclsmF82Gys8oSh7nywNkOsWb/9U+WanvirmC9ER9BEZsMlEyk3JxNRzNK84vCwVsHr15QXRLPcUUusU3yqGX1wr7eN3LloOcMhevIpnwjNbMdnpAba46hiedlszRELecF9h3Hc2egyfBKt0ow68/H3Uo5I=
okXfWXtQAD87XeP85KS2BPede+b87MAE6wMGusx17yRDVnNDg2VC0RlxdrKuZa4QlFMddxn1d0bPhh9L742QyURxt6mpEckc6NhWOGM4cHLXoyJRlmTU02hFeO7GLvWYHOnkqsTU5as97ricQ1URr/j7NHf/P6WuMclsmF82Gys8oSh7nywNkOsWb/9U+WanvirmC9ER9BEZsMlEyk3JxNRzNK84vCwVsHr15QXRLPcUUusU3yqGX1wr7eN3LloOcMhevIpnwjNbMdnpAba46hiedlszRELecF9h3Hc2egyfBKt0ow68/H3Uo5I=
xNofiWjTJvCqHPDdmb2lH/ede+b87MAE6wMGusx17yRDVnNDg2VC0RlxdrKuZa4QlFMddxn1d0bIhB9L742QyURxtKmpEckc6NhWOGM4cHLXoyJRlmTU02hFeO7GLvWYHOnkqsTU5as97ricQ1URr/j7NHf/P6WuMclsmF82Gys8oSh7nywNkOsWb/9U+WanvirmC9ER9BEZsMlEyk3JxNRzNK84vCwVsHr15QXRLPcUUusU3yqGX1wr7eN3LloOcMhevIpnwjNbMdnpAba46hiedlszRELecF9h3Hc2egyfBKt0ow68/H3Uo5I=
JWNXtDXoODIxesGX/YvH+Pede+b87MAE6wMGusx17yRDVnNDg2VC0RlxdrKuZa4QlFMddxn1d0bPhh9L742QyURxtampEckc6NhWOGM4cHLXoyJRlmTU02hFeO7GLvWYHOnkqsTU5as97ricQ1URr/j7NHf/P6WuMclsmF82Gys8oSh7nywNkOsWb/9U+WanvirmC9ER9BEZsMlEyk3JxNRzNK84vCwVsHr15QXRLPcUUusU3yqGX1wr7eN3LloOcMhevIpnwjNbMdnpAba46hiedlszRELecF9h3Hc2egyfBKt0ow68/H3Uo5I=
vpWlWB7PD7HYBOe9Xrh0lfede+b87MAE6wMGusx17yRDVnNDg2VC0RlxdrKuZa4QlFMddxn1d0bIhB9L742QyURxvKipEckc6NhWOGM4cHLXoyJRlmTU02hFeO7GLvWYHOnkqsTU5as97ricQ1URr/j7NHf/P6WuMclsmF82Gys8oSh7nywNkOsWb/9U+WanvirmC9ER9BEZsMlEyk3JxNRzNK84vCwVsHr15QXRLPcUUusU3yqGX1wr7eN3LloOcMhevIpnwjNbMdnpAba46hiedlszRELecF9h3Hc2egyfBKt0ow68/H3Uo5I=
mhzfKVYwcsjwpnp+YwpKq/ede+b87MAE6wMGusx17yRDVnNDg2VC0RlxdrKuZa4QlFMddxn1d0bPhh9L742QyURxvaipEckc6NhWOGM4cHLXoyJRlmTU02hFeO7GLvWYHOnkqsTU5as97ricQ1URr/j7NHf/P6WuMclsmF82Gys8oSh7nywNkOsWb/9U+WanvirmC9ER9BEZsMlEyk3JxNRzNK84vCwVsHr15QXRLPcUUusU3yqGX1wr7eN3LloOcMhevIpnwjNbMdnpAba46hiedlszRELecF9h3Hc2egyfBKt0ow68/H3Uo5I=
uvbQy9kuahV/rio8iwFtbfede+b87MAE6wMGusx17yRDVnNDg2VC0RlxdrKuZa4QlFMddxn1d0bIhB9L742QyURxsqipEckc6NhWOGM4cHLXoyJRlmTU02hFeO7GLvWYHOnkqsTU5as97ricQ1URr/j7NHf/P6WuMclsmF82Gys8oSh7nywNkOsWb/9U+WanvirmC9ER9BEZsMlEyk3JxNRzNK84vCwVsHr15QXRLPcUUusU3yqGX1wr7eN3LloOcMhevIpnwjNbMdnpAba46hiedlszRELecF9h3Hc2egyfBKt0ow68/H3Uo5I=
kNn2oGnbSveu7gnTejclqfede+b87MAE6wMGusx17yRDVnNDg2VC0RlxdrKuZa4QlFMddxn1d0bPhh9L742QyURxs6ipEckc6NhWOGM4cHLXoyJRlmTU02hFeO7GLvWYHOnkqsTU5as97ricQ1URr/j7NHf/P6WuMclsmF82Gys8oSh7nywNkOsWb/9U+WanvirmC9ER9BEZsMlEyk3JxNRzNK84vCwVsHr15QXRLPcUUusU3yqGX1wr7eN3LloOcMhevIpnwjNbMdnpAba46hiedlszRELecF9h3Hc2egyfBKt0ow68/H3Uo5I=
jZzuW3V5Oz0xe31kSt20PyGMYcbuM2aFkJw13G5WUo9FcfmNoTHZah0VTGCWTQnKwn4B5I/i3ZS6Qh34bnhvRirpDYNPcTh2eZZwpz1dz+QmUr3JF1WXvFG7NIR2dLhyF0IjY4sRjdNskwfYABE4wt4qBUTUXUQmvLC1lxX6uHCbkaEzcI5ANNkbtVvYHaw0x7Jrd3SVCHdnyN0sQ4Lvkwy9Vru23gbHabVkbXHkiWjSSTkYHMeUI0DYfCmYbvUJ3RWca5wmi1jnDpajtP8tT++qKlI4/H6wcoMSj/OlWYVZ8oj2EGqWl4vg0qIYCyHwbzKK0FewC/jbauzAVcCjfg==
S1r3s7hFTBp6ErfL3iMxVPede+b87MAE6wMGusx17yRDVnNDg2VC0RlxdrKuZa4QlFMddxn1d0bPhh9L742QyURxsKipEckc6NhWOGM4cHLXoyJRlmTU02hFeO7GLvWYHOnkqsTU5as97ricQ1URr/j7NHf/P6WuMclsmF82Gys8oSh7nywNkOsWb/9U+WanvirmC9ER9BEZsMlEyk3JxNRzNK84vCwVsHr15QXRLPcUUusU3yqGX1wr7eN3LloOcMhevIpnwjNbMdnpAba46hiedlszRELecF9h3Hc2egyfBKt0ow68/H3Uo5I=
gEAk+kPe229aRy3MMtX/cN4DnFxMPp0yvd9yNjrAdnC6xjDwA0F5aitljTXbPXl8fkOoTyzss+vA0hnxjhNSw7QAN/CdoOMNdb9Zgi80b+IIeUshdo3mZQqmKKtFjm5Io4xpMWHCWrzPZnsJOot1OAH5wuUGVplIzTPAeeZ2gjy1tdE/MkKyEH6dIwHh/S1PAo7OMu7w6S7eY06IsL9bOclAyk19SoCsClrTgMRGoTW4f4YYHvpxw2HNFZpeWiD9jl0JvtdOmyb5SKgOgg1KuVSbQSxjlh3+zsHb/r8W9NERvfE+dcE3c5GBIdDtS8+jjw==
jZzuW3V5Oz0xe31kSt20PyGMYcbuM2aFkJw13G5WUo9FcfmNoTHZah0VTGCWTQnKwn4B5I/i3ZS6Qh34bnhvRirpDYNPcTh2eZZwpz1dz+QmUr3JF1WXvFG7NIR2dLhyF0IjY4sRjdNskwfYABE4wt4qBUTUXUQmvLC1lxX6uHCbkaEzcI5ANNkbtVvYHaw0x7Jrd3SVCHdnyN0sQ4Lvkwy9Vru23gbHabVkbXHkiWjSSTkYHMeUI0DYfCmYbvUJ3RWca5wmi1jnDpajtP8tT++qKlI4/H6wcoMSj/OlWYVZ8oj2EGqWl4vg0qIYCyHwbzKK0FewC/jbauzAVcCjfg==
gEAk+kPe229aRy3MMtX/cN4DnFxMPp0yvd9yNjrAdnC6xjDwA0F5aitljTXbPXl8fkOoTyzss+vA0hnxjhNSw7QAN/CdoOMNdb9Zgi80b+IIeUshdo3mZQqmKKtFjm5Io4xpMWHCWrzPZnsJOot1OAH5wuUGVplIzTPAeeZ2gjy1tdE/MkKyEH6dIwHh/S1PAo7OMu7w6S7eY06IsL9bOclAyk19SoCsClrTgMRGoTW4f4YYHvpxw2HNFZpeWiD9jl0JvtdOmyb5SKgOgg1KuVSbQSxjlh3+zsHb/r8W9NERvfE+dcE3c5GBIdDtS8+jjw==
jZzuW3V5Oz0xe31kSt20PyGMYcbuM2aFkJw13G5WUo9FcfmNoTHZah0VTGCWTQnKwn4B5I/i3ZS6Qh34bnhvRirpDYNPcTh2eZZwpz1dz+QmUr3JF1WXvFG7NIR2dLhyF0IjY4sRjdNskwfYABE4wt4qBUTUXUQmvLC1lxX6uHCbkaEzcI5ANNkbtVvYHaw0x7Jrd3SVCHdnyN0sQ4Lvkwy9Vru23gbHabVkbXHkiWjSSTkYHMeUI0DYfCmYbvUJ3RWca5wmi1jnDpajtP8tT++qKlI4/H6wcoMSj/OlWYVZ8oj2EGqWl4vg0qIYCyHwbzKK0FewC/jbauzAVcCjfg==
gEAk+kPe229aRy3MMtX/cN4DnFxMPp0yvd9yNjrAdnC6xjDwA0F5aitljTXbPXl8fkOoTyzss+vA0hnxjhNSw7QAN/CdoOMNdb9Zgi80b+IIeUshdo3mZQqmKKtFjm5Io4xpMWHCWrzPZnsJOot1OAH5wuUGVplIzTPAeeZ2gjy1tdE/MkKyEH6dIwHh/S1PAo7OMu7w6S7eY06IsL9bOclAyk19SoCsClrTgMRGoTW4f4YYHvpxw2HNFZpeWiD9jl0JvtdOmyb5SKgOgg1KuVSbQSxjlh3+zsHb/r8W9NERvfE+dcE3c5GBIdDtS8+jjw==
jZzuW3V5Oz0xe31kSt20PyGMYcbuM2aFkJw13G5WUo9FcfmNoTHZah0VTGCWTQnKwn4B5I/i3ZS6Qh34bnhvRirpDYNPcTh2eZZwpz1dz+QmUr3JF1WXvFG7NIR2dLhyF0IjY4sRjdNskwfYABE4wt4qBUTUXUQmvLC1lxX6uHCbkaEzcI5ANNkbtVvYHaw0x7Jrd3SVCHdnyN0sQ4Lvkwy9Vru23gbHabVkbXHkiWjSSTkYHMeUI0DYfCmYbvUJ3RWca5wmi1jnDpajtP8tT++qKlI4/H6wcoMSj/OlWYVZ8oj2EGqWl4vg0qIYCyHwbzKK0FewC/jbauzAVcCjfg==
gEAk+kPe229aRy3MMtX/cN4DnFxMPp0yvd9yNjrAdnC6xjDwA0F5aitljTXbPXl8fkOoTyzss+vA0hnxjhNSw7QAN/CdoOMNdb9Zgi80b+IIeUshdo3mZQqmKKtFjm5Io4xpMWHCWrzPZnsJOot1OAH5wuUGVplIzTPAeeZ2gjy1tdE/MkKyEH6dIwHh/S1PAo7OMu7w6S7eY06IsL9bOclAyk19SoCsClrTgMRGoTW4f4YYHvpxw2HNFZpeWiD9jl0JvtdOmyb5SKgOgg1KuVSbQSxjlh3+zsHb/r8W9NERvfE+dcE3c5GBIdDtS8+jjw==
jZzuW3V5Oz0xe31kSt20PyGMYcbuM2aFkJw13G5WUo9FcfmNoTHZah0VTGCWTQnKwn4B5I/i3ZS6Qh34bnhvRirpDYNPcTh2eZZwpz1dz+QmUr3JF1WXvFG7NIR2dLhyF0IjY4sRjdNskwfYABE4wt4qBUTUXUQmvLC1lxX6uHCbkaEzcI5ANNkbtVvYHaw0x7Jrd3SVCHdnyN0sQ4Lvkwy9Vru23gbHabVkbXHkiWjSSTkYHMeUI0DYfCmYbvUJ3RWca5wmi1jnDpajtP8tT++qKlI4/H6wcoMSj/OlWYVZ8oj2EGqWl4vg0qIYCyHwbzKK0FewC/jbauzAVcCjfg==
gEAk+kPe229aRy3MMtX/cN4DnFxMPp0yvd9yNjrAdnC6xjDwA0F5aitljTXbPXl8fkOoTyzss+vA0hnxjhNSw7QAN/CdoOMNdb9Zgi80b+IIeUshdo3mZQqmKKtFjm5Io4xpMWHCWrzPZnsJOot1OAH5wuUGVplIzTPAeeZ2gjy1tdE/MkKyEH6dIwHh/S1PAo7OMu7w6S7eY06IsL9bOclAyk19SoCsClrTgMRGoTW4f4YYHvpxw2HNFZpeWiD9jl0JvtdOmyb5SKgOgg1KuVSbQSxjlh3+zsHb/r8W9NERvfE+dcE3c5GBIdDtS8+jjw==
jZzuW3V5Oz0xe31kSt20PyGMYcbuM2aFkJw13G5WUo9FcfmNoTHZah0VTGCWTQnKwn4B5I/i3ZS6Qh34bnhvRirpDYNPcTh2eZZwpz1dz+QmUr3JF1WXvFG7NIR2dLhyF0IjY4sRjdNskwfYABE4wt4qBUTUXUQmvLC1lxX6uHCbkaEzcI5ANNkbtVvYHaw0x7Jrd3SVCHdnyN0sQ4Lvkwy9Vru23gbHabVkbXHkiWjSSTkYHMeUI0DYfCmYbvUJ3RWca5wmi1jnDpajtP8tT++qKlI4/H6wcoMSj/OlWYVZ8oj2EGqWl4vg0qIYCyHwbzKK0FewC/jbauzAVcCjfg==
gEAk+kPe229aRy3MMtX/cN4DnFxMPp0yvd9yNjrAdnC6xjDwA0F5aitljTXbPXl8fkOoTyzss+vA0hnxjhNSw7QAN/CdoOMNdb9Zgi80b+IIeUshdo3mZQqmKKtFjm5Io4xpMWHCWrzPZnsJOot1OAH5wuUGVplIzTPAeeZ2gjy1tdE/MkKyEH6dIwHh/S1PAo7OMu7w6S7eY06IsL9bOclAyk19SoCsClrTgMRGoTW4f4YYHvpxw2HNFZpeWiD9jl0JvtdOmyb5SKgOgg1KuVSbQSxjlh3+zsHb/r8W9NERvfE+dcE3c5GBIdDtS8+jjw==
jZzuW3V5Oz0xe31kSt20PyGMYcbuM2aFkJw13G5WUo9FcfmNoTHZah0VTGCWTQnKwn4B5I/i3ZS6Qh34bnhvRirpDYNPcTh2eZZwpz1dz+QmUr3JF1WXvFG7NIR2dLhyF0IjY4sRjdNskwfYABE4wt4qBUTUXUQmvLC1lxX6uHCbkaEzcI5ANNkbtVvYHaw0x7Jrd3SVCHdnyN0sQ4Lvkwy9Vru23gbHabVkbXHkiWjSSTkYHMeUI0DYfCmYbvUJ3RWca5wmi1jnDpajtP8tT++qKlI4/H6wcoMSj/OlWYVZ8oj2EGqWl4vg0qIYCyHwbzKK0FewC/jbauzAVcCjfg==
gEAk+kPe229aRy3MMtX/cN4DnFxMPp0yvd9yNjrAdnC6xjDwA0F5aitljTXbPXl8fkOoTyzss+vA0hnxjhNSw7QAN/CdoOMNdb9Zgi80b+IIeUshdo3mZQqmKKtFjm5Io4xpMWHCWrzPZnsJOot1OAH5wuUGVplIzTPAeeZ2gjy1tdE/MkKyEH6dIwHh/S1PAo7OMu7w6S7eY06IsL9bOclAyk19SoCsClrTgMRGoTW4f4YYHvpxw2HNFZpeWiD9jl0JvtdOmyb5SKgOgg1KuVSbQSxjlh3+zsHb/r8W9NERvfE+dcE3c5GBIdDtS8+jjw==
gEAk+kPe229aRy3MMtX/cN4DnFxMPp0yvd9yNjrAdnC6xjDwA0F5aitljTXbPXl8fkOoTyzss+vA0hnxjhNSw7QAN/CdoOMNdb9Zgi80b+IIeUshdo3mZQqmKKtFjm5Io4xpMWHCWrzPZnsJOot1OAH5wuUGVplIzTPAeeZ2gjy1tdE/MkKyEH6dIwHh/S1PAo7OMu7w6S7eY06IsL9bOclAyk19SoCsClrTgMRGoTW4f4YYHvpxw2HNFZpeWiD9jl0JvtdOmyb5SKgOgg1KuVSbQSxjlh3+zsHb/r8W9NERvfE+dcE3c5GBIdDtS8+jjw==
PcHlFKhqv9N3dBS/XtH34tgLmT1Bhm43sbUpPXmV843EUgcVAs+kjs5+yr2ktA04MIDkRyAQRv3MQO89eU+GVt/+gd4yib9uu2nfEX2FdS7RCQsTjQlFYCkTY6Mj
I/5mhiu30KB1MbNZkhFpYJpRPOyImZPv6s3R9+/ZmxnhyXGd6cpbOj68ylsPhmBw8PzQBJDDgsAlX4hNPtu3vLS1A7b+XHSmrXi6ut+1xoP44GAGDzMfMWtiIKZeHfChd0apsuXWh7TW9vzxNHkqZz/UHWpjDrA9pQbB7Y0xb0GPxgs9SYPvfV8ok7exo/E=
IFI5kLkhYMGmi8PI3gLtU2lncBWcOSTsZHm/x5SZ+iwTGSdBlZnFdQVq91KqDF6jkwb8CGRMROw8Y+6okY98lYKby+SAZfee0jwYjrmIroLDtdq77BB0LmNTMxmfshT+Il1MeYOWHdqJditcQkZoiaj5tp+rZIkCz65c1RFWtbUx8ZOZu5Z/FWVjA1VLWIePraPt
Du3anYV10xbW24gVsOie+V05Py1aaNzzMwwjLNhrf5S30hREBGY4/OBx5pCqvYS3J8iWzjaHOijYFxtPDAtFumnwI1R2QY3oC0ze+jAPOXVnzsM2j8Wa8dXp9tVj2OFvJz2PCRKnjLeSCcx7xbhu3blC3Ey2EtewoN5tNXTn4igass0jPcXRCvqiLL0C5W2uE8ZHBoWALH6mFQY5mINl3Ofe4d6SSZ/uW6l/ER3FVa4xyesTLUkl4AnTg6PD
shdKoJqezE8bS4yjLTb4fKLwnQOoqVUf8TZNAyVnWoCJ1tMqDbDbrpJu6M1g8wVwpl1qC+jhEufLh8ImU4FDMeuaVl+RItCZZKFUfkTjxIB1G3kjVDFwWJv608jOScjxjX0r/MIoNGJOciZlaoVvi5nXvYSAbDzUxnX/5kqIo0LBgmukomobbnv6T0xUiomuo+w=
WeXXqQFRSpKg7sGr8EbrJyx0hsN2kJegNkZTkpfU1GNcYjJO9OeveOczWX9ZZTzDmrraiYG7qmFEUK35mT2rYfsJu5pJLhT0YN+txkJ02rR6kAKT0NQvd8LpvHv1mL6dSeJszCbyh3CQ/n01ZMfS6EpSXaONZSFKKoIcvXIFPW6jpreGFSB8vtb1FjmI45WcN35xXuKpL66LyY8RLeUFbkFpW5O9KfWgOfOTo9M=
2zx1AcHGeg+7iPhOJDP3bIeItN8FSI2zLhIlbW8P9gznDioJEVt6IXSwvfmJHduhK6krGvlOpDQw/13GMlQK9MpwshNAdH83Msmse+X4jl0ZgvxMVlJ3MMAeTTVUJ4KouvItIx0FcYoa4gy9YiXNLvMGJwalwMz+BtVmOXjDxVyHHsHecgn/bvvpnxE9BTUukYnLE02JhWDpk6Oj4w==
7DDi8aJmyWO8GtC5GvPpsg3sZUyAsjpab2d4BfQZ/BxcOed3bDlSXJuZr/H9+X2F3SqPAnLsdrObBvQYTCwcPMSjttgpb5QlChtDFCjFjy4K/CDe4ahGksu10qsEMCx+W5PrqecSvA6q3cTJa3alqtG204waJkCZoPm+j4OEUVK37oQlqTbdBLlxG+kTNoelPSM7hZN475+lo+U=
dsZ6/UglSOa5iOwu7sOE0XMtTMWSm/eGOvBCaljYnw14D8J2NX6o9QS6dbZ7zghtzaYZHEWxJ3FXJiNtMcP3jfcI6yd5ozk=
cHtTHJnO8cF2bYTxyPF3RwI82C0Xw6vIqOecuQCB8LgrXeuhlFReh8sppp7MktYfW/iyCu40oTh/aio4Z8jL8IvyDOgleKM2
18iqCTDyVVyG18d4YYNEjgyolgE0AJPs9yUHNOs7G7WL8vwp1Gu8JwAyr+NzQ/iCnt0/R46s0JTGNX+mSkgigsHC6+SiqpuuezrPDFTKCW6jLA==
OXRkGnFeZJymoYgMNWHiQnbP8WFYT9GyvXBABN0JG7WL8vwp1Gu8JwAyr+NzQ/iCnt0/R46s0JTGNX+mSkgigsHC6+SiqpuuezrPDFTKCW6jLA==
f2vsgesE1y2q1zmkHrepuUt96rTrWfx7mVqUSOw2tqhRUba3jKp7vuYpSoK76rW+5jHjnjfAK1FJbXkeDXHfs/mR+TDlO3ejNw==
l3WMmaRadG2jpB4Lh2CQxz+MnYg+G/vljw0iFFzJhPshynwoNIb+aBmBjpdk2mO+/tkiooO6ff4ugbt+X1CT0bH90b5VgZdzMcEBUM0Lb6Mv
C5VzK+0j0A+nakf83LkEpm7Ml7kOKsvpjRw/DF3JhPshynwoNIb+aBmBjpdk2mO+/tkiooO6ff4ugbt+X1CT0bH90b5VgZdzMcEBUM0Lb6Mv
QhYwtJrcKxHNLuXxqV9AtRAgWMWSm/eGOvBCaljYnw14D8J2NX6o9QS6dbZ7zghtzaYZHEWxJ3FXJiNtMcP3jfcI6yd5ozk=
egPIRTWwmljMwsza3xg+TREgWMWSm/eGOvBCaljYnw14D8J2NX6o9QS6dbZ7zghtzaYZHEWxJ3FXJiNtMcP3jfcI6yd5ozk=
7WxIX+qZt7y+7hRb6wt1oRIgWMWSm/eGOvBCaljYnw14D8J2NX6o9QS6dbZ7zghtzaYZHEWxJ3FXJiNtMcP3jfcI6yd5ozk=
NQQsZikOEKDLXKABakQogTBczvFMwWstC2oMQXTD7N9ACn+Lk2vImp7FD29uxACshs0vDuog0hpBWpsMAgJL1rsCn+Q04jl2ozQ=
lP3egKcQVFI0gYoxwBbNMDBfzvFMwWstC2oMQXTD7N9ACn+Lk2vImp7FD29uxACshs0vDuog0hpBWpsMAgJL1rsCn+Q04jl2ozQ=
dd7WhBmTyUgyUE3aXmryVDBezvFMwWstC2oMQXTD7N9ACn+Lk2vImp7FD29uxACshs0vDuog0hpBWpsMAgJL1rsCn+Q04jl2ozQ=
CZTybI8dRxFLpldbvfkFtDBZzvFMwWstC2oMQXTD7N9ACn+Lk2vImp7FD29uxACshs0vDuog0hpBWpsMAgJL1rsCn+Q04jl2ozQ=
IQIYAkHLOYlIP0n1t67s7jBYzvFMwWstC2oMQXTD7N9ACn+Lk2vImp7FD29uxACshs0vDuog0hpBWpsMAgJL1rsCn+Q04jl2ozQ=
8BaZed2Z4UvKEDzWmg8V2jBbzvFMwWstC2oMQXTD7N9ACn+Lk2vImp7FD29uxACshs0vDuog0hpBWpsMAgJL1rsCn+Q04jl2ozQ=
KLRy6NW6B6a+ev4QSHPB7DBazvFMwWstC2oMQXTD7N9ACn+Lk2vImp7FD29uxACshs0vDuog0hpBWpsMAgJL1rsCn+Q04jl2ozQ=
3UJLLNUGc0wbf4KHkmGmOjcFzK8UQBVfz4/rDOAbzG24LRDcw8FbFQzY3gNDlTYKNP52u/Mkwv62+GF8txb6bF/kqxTj7jzcPXSjMg==
D7znM84Q+nSnxpeZf2pBTRMgWMWSm/eGOvBCaljYnw14D8J2NX6o9QS6dbZ7zghtzaYZHEWxJ3FXJiNtMcP3jfcI6yd5ozk=
VIvtpg1S1yHfU1mXQ84W3zBczvBMwWstC2oMQXTD7N9ACn+Lk2vImp7FD29uxACshs0vDuog0hpBWpsMAgJL1rsCn+Q04jl2ozQ=
2YBhleL1Kl8MBWTfsJSsxzBfzvBMwWstC2oMQXTD7N9ACn+Lk2vImp7FD29uxACshs0vDuog0hpBWpsMAgJL1rsCn+Q04jl2ozQ=
HcaRl1ka6Xs1QEG9y1DS+DBezvBMwWstC2oMQXTD7N9ACn+Lk2vImp7FD29uxACshs0vDuog0hpBWpsMAgJL1rsCn+Q04jl2ozQ=
zuxk/NoG9KtpqZkWbUidMjUFzK8UQBVfz4/rDOAbzG24LRDcw8FbFQzY3gNDlTYKNP52u/Mkwv62+GF8txb6bF/kqxTj7jzcPXSjMg==
Az1txxYjdM3yhP0eu2TerEUk1o5qEEL7MxG4u92SyPhAblLI9ekaJ/Ai/z5iobYSF1IRXoLpTy7riO8RjaUl7mGp+5Md6RUg2TNzozM=
6emmP6Qt/OkbwItttsNkIkQk1o5qEEL7MxG4u92SyPhAblLI9ekaJ/Ai/z5iobYSF1IRXoLpTy7riO8RjaUl7mGp+5Md6RUg2TNzozM=
3KBeabRSF6/tw2Z2ryf8SBQgWMWSm/eGOvBCaljYnw14D8J2NX6o9QS6dbZ7zghtzaYZHEWxJ3FXJiNtMcP3jfcI6yd5ozk=
e4Ni1tgOyp3uRRAzEgr+0BUgWMWSm/eGOvBCaljYnw14D8J2NX6o9QS6dbZ7zghtzaYZHEWxJ3FXJiNtMcP3jfcI6yd5ozk=
RpmAScmrbKhc7P2/kgUW6RYgWMWSm/eGOvBCaljYnw14D8J2NX6o9QS6dbZ7zghtzaYZHEWxJ3FXJiNtMcP3jfcI6yd5ozk=
artTk1wOtAscPkRuUXdsWDQFzK8UQBVfz4/rDOAbzG24LRDcw8FbFQzY3gNDlTYKNP52u/Mkwv62+GF8txb6bF/kqxTj7jzcPXSjMg==
LUdsco22nbTxRJxq64hxw0ck1o5qEEL7MxG4u92SyPhAblLI9ekaJ/Ai/z5iobYSF1IRXoLpTy7riO8RjaUl7mGp+5Md6RUg2TNzozM=
Izxbmyb14cz8otVcWiJHG0Yk1o5qEEL7MxG4u92SyPhAblLI9ekaJ/Ai/z5iobYSF1IRXoLpTy7riO8RjaUl7mGp+5Md6RUg2TNzozM=
ssLfGwsLCRTYYZBmzPaxG0Ek1o5qEEL7MxG4u92SyPhAblLI9ekaJ/Ai/z5iobYSF1IRXoLpTy7riO8RjaUl7mGp+5Md6RUg2TNzozM=
tjyoAq3OVRhYtREjBLHAbBcgWMWSm/eGOvBCaljYnw14D8J2NX6o9QS6dbZ7zghtzaYZHEWxJ3FXJiNtMcP3jfcI6yd5ozk=
xPvCzUSm1y+xHia/qpleKRggWMWSm/eGOvBCaljYnw14D8J2NX6o9QS6dbZ7zghtzaYZHEWxJ3FXJiNtMcP3jfcI6yd5ozk=
ZIL+AN6oj3VnNtl1mEaKsBkgWMWSm/eGOvBCaljYnw14D8J2NX6o9QS6dbZ7zghtzaYZHEWxJ3FXJiNtMcP3jfcI6yd5ozk=
v0x5lSAE5cKzmNcTNKPgr0Ak1o5qEEL7MxG4u92SyPhAblLI9ekaJ/Ai/z5iobYSF1IRXoLpTy7riO8RjaUl7mGp+5Md6RUg2TNzozM=
icAczvxhaI8O964HvffKBUMk1o5qEEL7MxG4u92SyPhAblLI9ekaJ/Ai/z5iobYSF1IRXoLpTy7riO8RjaUl7mGp+5Md6RUg2TNzozM=
b5eKagKbLWQ7UKbe50kXvUIk1o5qEEL7MxG4u92SyPhAblLI9ekaJ/Ai/z5iobYSF1IRXoLpTy7riO8RjaUl7mGp+5Md6RUg2TNzozM=
PFgeQklzGoZasWWV2+ytW2JE1CsXw6vIqOecuQCB8LgrXeuhlFReh8sppp7MktYfW/iyCu40oTh/aio4Z8jL8IvyDOgleKM2
ETjiLBySbrz4tEJkOhs3+mNE1CsXw6vIqOecuQCB8LgrXeuhlFReh8sppp7MktYfW/iyCu40oTh/aio4Z8jL8IvyDOgleKM2
+z3Hl7gVExRWAddB2NIds2BE1CsXw6vIqOecuQCB8LgrXeuhlFReh8sppp7MktYfW/iyCu40oTh/aio4Z8jL8IvyDOgleKM2
wWt5l1EYfhoZuh+asevJCTMFzK8UQBVfz4/rDOAbzG24LRDcw8FbFQzY3gNDlTYKNP52u/Mkwv62+GF8txb6bF/kqxTj7jzcPXSjMg==
FPHVj+p8HAtOHEQwLixOqk0k1o5qEEL7MxG4u92SyPhAblLI9ekaJ/Ai/z5iobYSF1IRXoLpTy7riO8RjaUl7mGp+5Md6RUg2TNzozM=
PjR7WNpPAyc/SU7vv6XeDkwk1o5qEEL7MxG4u92SyPhAblLI9ekaJ/Ai/z5iobYSF1IRXoLpTy7riO8RjaUl7mGp+5Md6RUg2TNzozM=
Zzqu+J0TXKjml1uubk5+kUcD/q9WIV6Xj+wj6UuuRPWktwR74K4XfwPfQB4eQYfb/jBoCCZpx3o6lJreAZ7TONJ2o/KbJvcQJNYxcqMw
k+WZ+hA8xGs88/rkELmaCLLN6+jh5v0zSCfqrKx4bAOX1778N9Or2Ig33GmgEXAoi42rcbREXpfr+eZObAJWj/so8trOJKEoX7pq6MdYS2ArIkw4BWijJg==
1tuXqTJEIughXfKnfM6x12FE1CsXw6vIqOecuQCB8LgrXeuhlFReh8sppp7MktYfW/iyCu40oTh/aio4Z8jL8IvyDOgleKM2
r0qC8gbXXKCK8fEjZxcSv2ZE1CsXw6vIqOecuQCB8LgrXeuhlFReh8sppp7MktYfW/iyCu40oTh/aio4Z8jL8IvyDOgleKM2
4VSIWpOEaMHGDt5T2/J8h2dE1CsXw6vIqOecuQCB8LgrXeuhlFReh8sppp7MktYfW/iyCu40oTh/aio4Z8jL8IvyDOgleKM2
ezCTr3GvJw60Agqib+6Ma2RE1CsXw6vIqOecuQCB8LgrXeuhlFReh8sppp7MktYfW/iyCu40oTh/aio4Z8jL8IvyDOgleKM2
fqJKhU7KLZ+u5FGOyij+80YD/q9WIV6Xj+wj6UuuRPWktwR74K4XfwPfQB4eQYfb/jBoCCZpx3o6lJreAZ7TONJ2o/KbJvcQJNYxcqMw
22SNbdn5yqdYf/0tAX1H+WVE1CsXw6vIqOecuQCB8LgrXeuhlFReh8sppp7MktYfW/iyCu40oTh/aio4Z8jL8IvyDOgleKM2
sAnIpyx+LgZcIgi8rYIgZGpE1CsXw6vIqOecuQCB8LgrXeuhlFReh8sppp7MktYfW/iyCu40oTh/aio4Z8jL8IvyDOgleKM2
s2jWXICM6ApvtXUB0L0I7AdgvJQlcIy9Xts7Pm4gNoIEeCOl7H827rn+JG1wSuEex27UBTn2zaQJcWuJA/YXRe2jC+XjON8/daM1
VdNoFsNBsUERbqcq3HjD4gdjvJQlcIy9Xts7Pm4gNoIEeCOl7H827rn+JG1wSuEex27UBTn2zaQJcWuJA/YXRe2jC+XjON8/daM1
T9ikWawJiVw74aU5pa6qBAdivJQlcIy9Xts7Pm4gNoIEeCOl7H827rn+JG1wSuEex27UBTn2zaQJcWuJA/YXRe2jC+XjON8/daM1
gb+csfk7RKRveokUkjB5BAdlvJQlcIy9Xts7Pm4gNoIEeCOl7H827rn+JG1wSuEex27UBTn2zaQJcWuJA/YXRe2jC+XjON8/daM1
+3pk2VLuRyhzP5E0wE8zB0UD/q9WIV6Xj+wj6UuuRPWktwR74K4XfwPfQB4eQYfb/jBoCCZpx3o6lJreAZ7TONJ2o/KbJvcQJNYxcqMw
tb99bVmSJmkQgQR4i7LKWnPP2vlQDPruhjh2K0fJhPshynwoNIb+aBmBjpdk2mO+/tkiooO6ff4ugbt+X1CT0bH90b5VgZdzMcEBUM0Lb6Mv
mJnOR5JruGPY0B+PQOy6sHPM2vlQDPruhjh2K0fJhPshynwoNIb+aBmBjpdk2mO+/tkiooO6ff4ugbt+X1CT0bH90b5VgZdzMcEBUM0Lb6Mv
paTOARA322KnCOpkfahLgHPN2vlQDPruhjh2K0fJhPshynwoNIb+aBmBjpdk2mO+/tkiooO6ff4ugbt+X1CT0bH90b5VgZdzMcEBUM0Lb6Mv
F4TE2rZymmvRkpHVE7KMEXPK2vlQDPruhjh2K0fJhPshynwoNIb+aBmBjpdk2mO+/tkiooO6ff4ugbt+X1CT0bH90b5VgZdzMcEBUM0Lb6Mv
pBU/sU0Hd7SMGnptGCBsLHPL2vlQDPruhjh2K0fJhPshynwoNIb+aBmBjpdk2mO+/tkiooO6ff4ugbt+X1CT0bH90b5VgZdzMcEBUM0Lb6Mv
O9LHcESycNv/A75/KeJFD2tE1CsXw6vIqOecuQCB8LgrXeuhlFReh8sppp7MktYfW/iyCu40oTh/aio4Z8jL8IvyDOgleKM2
eYrvN56wnt3yDXtKHNFH2mJH1CsXw6vIqOecuQCB8LgrXeuhlFReh8sppp7MktYfW/iyCu40oTh/aio4Z8jL8IvyDOgleKM2
5ucg44fovPYioSWmK+T62mNH1CsXw6vIqOecuQCB8LgrXeuhlFReh8sppp7MktYfW/iyCu40oTh/aio4Z8jL8IvyDOgleKM2
2AKWPIrvo9zCO8XbgslkmWBH1CsXw6vIqOecuQCB8LgrXeuhlFReh8sppp7MktYfW/iyCu40oTh/aio4Z8jL8IvyDOgleKM2
5jJ9rF7vBpha/0gCTjPyXmFH1CsXw6vIqOecuQCB8LgrXeuhlFReh8sppp7MktYfW/iyCu40oTh/aio4Z8jL8IvyDOgleKM2
/9tL/DTkmvqiQ6AN8qbw9GZH1CsXw6vIqOecuQCB8LgrXeuhlFReh8sppp7MktYfW/iyCu40oTh/aio4Z8jL8IvyDOgleKM2
e7vGSvYdOMUBbo4s4cQFfjIFzK8UQBVfz4/rDOAbzG24LRDcw8FbFQzY3gNDlTYKNP52u/Mkwv62+GF8txb6bF/kqxTj7jzcPXSjMg==
DvOTVPAOCKuxykojtTSV1EQD/q9WIV6Xj+wj6UuuRPWktwR74K4XfwPfQB4eQYfb/jBoCCZpx3o6lJreAZ7TONJ2o/KbJvcQJNYxcqMw
V77evUR9lqtRWsncQZIL5HPP2vhQDPruhjh2K0fJhPshynwoNIb+aBmBjpdk2mO+/tkiooO6ff4ugbt+X1CT0bH90b5VgZdzMcEBUM0Lb6Mv
55Hms+bjQzLAFYgLA7RSvHPM2vhQDPruhjh2K0fJhPshynwoNIb+aBmBjpdk2mO+/tkiooO6ff4ugbt+X1CT0bH90b5VgZdzMcEBUM0Lb6Mv
ZN0owIzrLRs3E8yAxrCQGXPN2vhQDPruhjh2K0fJhPshynwoNIb+aBmBjpdk2mO+/tkiooO6ff4ugbt+X1CT0bH90b5VgZdzMcEBUM0Lb6Mv
gqCy8UY35azyR5ynXKUvQ3PK2vhQDPruhjh2K0fJhPshynwoNIb+aBmBjpdk2mO+/tkiooO6ff4ugbt+X1CT0bH90b5VgZdzMcEBUM0Lb6Mv
DeUUp/QvyRpmVDoFkxyz2HPL2vhQDPruhjh2K0fJhPshynwoNIb+aBmBjpdk2mO+/tkiooO6ff4ugbt+X1CT0bH90b5VgZdzMcEBUM0Lb6Mv
Fu9/uKaOKVh/izlfeWc3Rx4h+9hkUpC9Xts7Pm4gNoIEeCOl7H827rn+JG1wSuEex27UBTn2zaQJcWuJA/YXRe2jC+XjON8/daM1
gGDgQh/7+DsKnl8rTokXtB8h+9hkUpC9Xts7Pm4gNoIEeCOl7H827rn+JG1wSuEex27UBTn2zaQJcWuJA/YXRe2jC+XjON8/daM1
wFxONI33KqdhwjwXrtgrPxwh+9hkUpC9Xts7Pm4gNoIEeCOl7H827rn+JG1wSuEex27UBTn2zaQJcWuJA/YXRe2jC+XjON8/daM1
EFkJpqp5RFykgoYQ/LViBB0h+9hkUpC9Xts7Pm4gNoIEeCOl7H827rn+JG1wSuEex27UBTn2zaQJcWuJA/YXRe2jC+XjON8/daM1
oor0mfzx9BSBjlr7gZAE2hoh+9hkUpC9Xts7Pm4gNoIEeCOl7H827rn+JG1wSuEex27UBTn2zaQJcWuJA/YXRe2jC+XjON8/daM1
TsUjwgvB5//c1nPjVDcI6V4Ds/FJJnrHvukj6UuuRPWktwR74K4XfwPfQB4eQYfb/jBoCCZpx3o6lJreAZ7TONJ2o/KbJvcQJNYxcqMw
W4vlxmC5MQbuFLmsm87cR14Ds/BJJnrHvukj6UuuRPWktwR74K4XfwPfQB4eQYfb/jBoCCZpx3o6lJreAZ7TONJ2o/KbJvcQJNYxcqMw
eHDk/AayZUYRgMfn+nArVl4Ds/NJJnrHvukj6UuuRPWktwR74K4XfwPfQB4eQYfb/jBoCCZpx3o6lJreAZ7TONJ2o/KbJvcQJNYxcqMw
HsNO0PdKWvBBkBKIiNULWF4Ds/JJJnrHvukj6UuuRPWktwR74K4XfwPfQB4eQYfb/jBoCCZpx3o6lJreAZ7TONJ2o/KbJvcQJNYxcqMw
qy6zkQQsQOMCQ07il956yF4Ds/VJJnrHvukj6UuuRPWktwR74K4XfwPfQB4eQYfb/jBoCCZpx3o6lJreAZ7TONJ2o/KbJvcQJNYxcqMw
2TjOfJadjCqeyx5pM5//5lzWkbpiAQSmqW7DdRobf3aiUOo6oJhHPVDvumY9fqDl/NpdhiMOcL1lBoFszTGvwc/GS72Jgy/9HyjTN3GjMQ==
Tr3PyD29lucNseDcyAtdFl3WkbpiAQSmqW7DdRobf3aiUOo6oJhHPVDvumY9fqDl/NpdhiMOcL1lBoFszTGvwc/GS72Jgy/9HyjTN3GjMQ==
m9sC8iYE1TOPAHJw4w5z/V7WkbpiAQSmqW7DdRobf3aiUOo6oJhHPVDvumY9fqDl/NpdhiMOcL1lBoFszTGvwc/GS72Jgy/9HyjTN3GjMQ==
85eaMfu8AXPkJE5QpTBG5V/WkbpiAQSmqW7DdRobf3aiUOo6oJhHPVDvumY9fqDl/NpdhiMOcL1lBoFszTGvwc/GS72Jgy/9HyjTN3GjMQ==
M+5u6ly6z4sVo9MNvWBXPFjWkbpiAQSmqW7DdRobf3aiUOo6oJhHPVDvumY9fqDl/NpdhiMOcL1lBoFszTGvwc/GS72Jgy/9HyjTN3GjMQ==
re7lXHSCrhLHC1igxjKRHRCokARiQMy1qWFECsIqG7WL8vwp1Gu8JwAyr+NzQ/iCnt0/R46s0JTGNX+mSkgigsHC6+SiqpuuezrPDFTKCW6jLA==
ejaRE+LadoCeWRq8jzcd/BCokAdiQMy1qWFECsIqG7WL8vwp1Gu8JwAyr+NzQ/iCnt0/R46s0JTGNX+mSkgigsHC6+SiqpuuezrPDFTKCW6jLA==
yqsnW+XBByqJSs0/2LUnlBCokAViQMy1qWFECsIqG7WL8vwp1Gu8JwAyr+NzQ/iCnt0/R46s0JTGNX+mSkgigsHC6+SiqpuuezrPDFTKCW6jLA==
BK76HinF0OZs4C70BuWOexCokAZiQMy1qWFECsIqG7WL8vwp1Gu8JwAyr+NzQ/iCnt0/R46s0JTGNX+mSkgigsHC6+SiqpuuezrPDFTKCW6jLA==
ZPXINoGxlPQaBIn3kFrvrhCokANiQMy1qWFECsIqG7WL8vwp1Gu8JwAyr+NzQ/iCnt0/R46s0JTGNX+mSkgigsHC6+SiqpuuezrPDFTKCW6jLA==
yKGOM+kk8j2uAPl+9HFrXh8599h9RI+9Xts7Pm4gNoIEeCOl7H827rn+JG1wSuEex27UBTn2zaQJcWuJA/YXRe2jC+XjON8/daM1
Wn+kYZe0lpuX2+AVGL1RORo599h9RI+9Xts7Pm4gNoIEeCOl7H827rn+JG1wSuEex27UBTn2zaQJcWuJA/YXRe2jC+XjON8/daM1
OeAikSCEuVploMYlLpbjGBs599h9RI+9Xts7Pm4gNoIEeCOl7H827rn+JG1wSuEex27UBTn2zaQJcWuJA/YXRe2jC+XjON8/daM1
zCYCSd5YRTX8kK0uSyjY7Rg599h9RI+9Xts7Pm4gNoIEeCOl7H827rn+JG1wSuEex27UBTn2zaQJcWuJA/YXRe2jC+XjON8/daM1
yORngAMVsFYiIWnygs/g7x9RLmV2F4MwFN1ySamrooEcADV5AW1zQfMZU1ohnpxUGO9VxjpEIhTyIOrTuMQnV5o5JPttSGb9QfJEjI4CDxAoDkU1XDdqiMKi9eOldSkq8lKEPerVZU6rtt/G/ZD0Hi7Fbjlw0+08v84Zngq5J45TmBeRtbVdjkl5c1MVWX1AgYOro+s=
fyM9ftRlnbuIKmJy8Q61ODOaJE83fG8A9C4IPkBZ25+4aSZkV1njiUkpqS2hihPqxpziKxeGeIDY3KhUWANKcH0/IN3GWw8s3BXbRjYcPPaVmFKKx7XesxAAWFZHc9fBs8JINuadCDHfJvECLRZP5K7W1AEseTIXF/TluitO+I195ml89bHX0WdmU00BQyetZ0j7h6mj6Q==
EB8XFQdOYYloHBQibwTvPyn68AI9pteBrP+YdZt/n9exfv3bxd/KCAleQ5Jt6GtmUiaYlUALFXimVXrzyLlirwtPcn4zOdO5axLG53H6YNEkaaSmZJvUiHUTaVt06YCQ27JjEC7xWHkN9btEonCEqo46Vj1KfX+Dmd+tfKA0TJwGvU++KjAyykEK+xxCsqsmOzK/lHTymaaj5A==
4txvVHmm/V/YG69sPFDon6//HqHQsendzH+FiYPJoUwJzd219uYpfCe0hTJHGGL0TKM4Qcm25hc+NQADLvHbvcYoa5MvFwtwYgHZYAxv1Psw0NwRSAb1ke3d/JMMDksAF4a2G+QXrVdf4soqKFQ+aAKLsrcjzVkdaTroDoBCVs97aPIaTuSh6N96aqhHGEsgq2JM+IWoo+Y=
jvDrlwddEQOlY0703e2mq5qu3oKfs13H0kJYr6pEnIjK2h1tWvsh5EaF33YKuEKSwdILlGL6Ox77yq/cFPopfqM8
qcnzrFrB7T5FaE7neVRGaBtT9ahUO2vD/8Bx81jnAqGuuUU2sq4AYxroBARKVoXB6jd5CCZpx3o6lJreAZ7TONJ2o/KbJvcQJNYxcqMw
dEp4vf9/4KyyzTrSlyb6fO/uyz9G2OvlWF1JoOOWbvExF3ycAty9rQZJ0Nv1AiIrB5LVGnWGQ9UVprbjQ/yiZgZg4eQHjpq077xrTNM2XMQNbKMq
kq8CZMHO37Rix7wZFYNpUTcZ9RpZyf/W+riNoQ698OctRvKHrwZVhs0is5ndktYfW/iyCu40oTh/aio4Z8jL8IvyDOgleKM2
eDiKRaAFzDMfW/hq/2dYcPPm13ZZz/rkF0ob9q2YYfkwGz+XAty9rQZJ0Nv1AiIrB5LVGnWGQ9UVprbjQ/yiZgZg4eQHjpq077xrTNM2XMQNbKMq
Q1DrSV+nL2rMbadhLGybyEUPYaPd1bDIaeVfZEKL2gt9DMN9WDq54gOpfqZ7zghtzaYZHEWxJ3FXJiNtMcP3jfcI6yd5ozk=
Mo5GXJ/LAoJavSnUcrafiUUPYaPd1bDIaeFdakKL2gt9DMN9WDq54gOpfqZ7zghtzaYZHEWxJ3FXJiNtMcP3jfcI6yd5ozk=
SKPd7mm4IwLAUHc92+ASP5xwDztOnp0ON7iQu+WvwCXZRrbSoc6V2c1VZhwUWYUOcYbho/YMaV+Uyv2Xecb/IFsyx9ehj4U/TKsV5ilWDjMhrkg1BA2MsnSP3Ix1F2FPZP2o9PtWS0R+JZA9TbFzkPIkLE4uXv6p2un3BxlbJegwoOT4plnn6nrk+o4BTjPIEuaDwhtWl4Bk5pGio+A=
ZnUdVtxq9wtLfM++bIk6rFERc8gl73rb7OgTBIOgaT0WlcoBFLYbI2E2NnOjjGJWJnDh9Ce+WsQPLOvcs8Yc9C18ozo=
5rQTU7eVjDY/WJQjvGvHkVVHKX9tGIQzV8A3Xojio4waCjV5AW1zQfMZU1ohnpxUGO9VxjpEIhTyIOrTuMQnV5o5JPttSGb9QfJEjI4CDxAoDkU1XDdqiMKi9eOldSkq8lKEPerVZU6rtt/G/ZD0Hi7Fbjlw0+08v84Zngq5J45TlxeRtbVdjkl5c1MVWX1AgYOro+s=
1iHCXQwZUojj1wQ/qzZDwVfdnnpul4RU+OeacarC4VOETvYLU/SCLtkIYYzXxrq8/1QrpEO+/IzdBKNC
G3Y/LhVxRgrQlTEfkdcHhKr2Cve4nUup3QF9VxNGBT52kbNeZ+87UVmNKd5dkU8ziXGJ8JXbB6NH
s4eAWdSb9BxordVyYqc07LwgN/6gRZRuZ2dbkSi1rQsUWKPhYKTdBP4hdzH8IKf+hB008S2Z1ouap0DEvLUUI4IEFr/FDUF93pRQ/V/iKjcxyGqsC2xADPd5yvLJW5X04nA5jVWHzfjg6R1ioTEMIACwnyZfq2kFR8IDrXV2+PCjDhiL3soTkwGh30G9kEBEtKAu+H04ipcziRVSQ0zcPYgp1ltJyN8xTfD6ughlF3BlbSKAaUjp5F470wwydGI4kwfMbKOWkINMPN9fVh6YxTVQrodn2ApyqhvnppWNU3S+C2t21HBUo+90r9t3CmRN8A4ZHEvAtyizZRNZbb0C0br0x4pIImUfHik51X0gJmqlLUDV5fsFr0qVcDwN+opJ9U2GXeGGoZDt1clvCWGMKQTBY1VN8J7vDH4zLCOF6NP47SMmRW6vFK95mIO+KYo4lv2NO1yP/dJp4uaXsSrAQaT5xPakq7S4dSMJa7S54ABbIsPA7oF4iQ2Fm7TiICQ6Dqq27QpNn7OZ701M4OSsDIYt7+5qwB26QfrbbIJiC7a7ot/EtML5lqPU
6OAHkSW9TjOdh6cPY3BMl60o5HUwfrr9t7Xh1bhjtn1jfoJSzzWJQdAOVx8IADZEqfFpFk0TcWpE7cklMaffl5EtFQTdqqlazva53hwRBl28j9UKix/WCMZDDSUhTmBjifwJw7Bm0Gr7CKepZRNnqDdTPSQkVtO0nAVGKL/lwWuLH1WiPEKkugoWRXpGQVMj4ezL3kBbONOSFZHqswdN+u6kIBcrtjU3xi4RymVy/tFncvqmPh5jPchiu/S8dQx2C4E+rGRDpcoK6d8aRiRKMZOYnZ9Pko5xr7iM0rgVb/47Rd/42Asg1H0ys8K7PpMPJ6cl7953yk5DBNDAyWne422LlRJabLU3ZDvducl5Kj+EgoVoFi9Ft8ITOaTNpu3f3XEhE7DvVJuH+zVyEnmslIdS61e09QjXJyhdDIPi7zNMXdabdr4GZylV5E2xhInIkqm5ONynlIMAOPwJWA71qZ31HEtcRov4p+4Wg3SfLe+vSqpy+Jx+EDJjkq8zxVklGRII1tAKljfLAFKC0WwhUC/SCvCX0AtYm4ps4JWgo94=
3OjW5erTS+/w4EgDfnmqerxvcTwbbTMJJZBETd672F4JI7Z6aLjZ5UaSKR5ambdOQztgkQJSTU7ZGSPT5bnNAPEje6M7
ykLRfoboP6407prPp+w6stGm2ZWQpV2KzkhFrrV5nNeMyQt2W+Ey5EaF33YKuEGVwdUMlGL6Ox77yq/cFPopfqM8
6WuKM6ChFG+f5O154EezkVfdnnpul4RU+OeacarC4VOETvYLU/SCLtUPYYvQxrq8/1QrpEO+/IzdBKNC
4iL2l6aDHpG3dnR1H15sUar2Cve4nUup3QF9VxNGBT52kbNeZ+M8UV6KKd5dkU8ziXGJ8JXbB6NH
/ilc/uMAD4QagJZbIWGveMvM6Du3WBEDCobSHDD2BMrf8KqqAh84NVEpaw0zcTTWfLB5nBp3LxTEmwdRgNdCcdCKdK0hRbPof2/tSALMQTGlu7XE4NVlXlGNdJzgDOcar5cROYd+exGFyoDMQzJgty52ay+BHaf9Taw4eFScVkSNhPIr87VtbrNwpIFola7nufSnDU3Mgob42W/MhdFavJl0kdieh6uwwsgaBHM7tFBTKug/zICn46Yi4PnVbNY7l2Ryzmonn5plsSvIXrcTyiRMLJ/vSNfnh7Yc8RCyYSC7/M8Uc9lr5Z0Beu1ayL+2uJ4do56VQWmNHF5WRRE4aRVHfROKqQgA/cby9RXx/uERutms7emxU/nd9JXkfRtpvczm08zCS5DTOZDvGNFbGrXS16gvxeA/ThXyBHbB9YesM4Vuqd6eq0EWuP1ERbxKVJfMhHUfcVdEBZi8u567/B69ALXNOeMIEpxcBu6WztH68ecPGVM18BDY1DBmEZdSmnxoAYHBpFByXnMKWx6neET+gaqj6A==
AgDghJWMmZm+5cu6jT5/17JjNC3i6qWx44K0NONDSBEqL7gfITioI6BrajjXj6T3+JAERvenV6YB/X2PH3huDZjnK9Mds3PBMBLkJaHNI3Af1x2AQoRxyYWjpczg3XVGcXVE1KDEF6LPD4GxB/briWVy8ISD+lDPDm57J4EVt+Vt1AiwlNQm/G0cYqNzPf3208hUSSjdnh+Z7LcFTcSSntghX4TFGaoE+ewBUB4POygicGpMs/OEKHMy+DfMiLf7hlrQMRUkpoN3/OJG6q8PAgUJ2wAe/yMyBFQ8l+9Ax/+nTiy5UHqRmNtkX5zzUft9fbkKpZoAj86Yhg2rnp1Rca1kbp6FWUjR9d/tmwohmJidfgI9VbnOGTGiyaTt4aFL2SXE3aS169HdVHZbTErbCDOB4KfYGWtilcrHoC/N8CdubcLMtomFP0yrFeYpVg4zIa5INQQNjLJ0j9yMdRdhT2T9qPT7VktEfiWQPU2xc5DyJCxOLl7+qdrp9wcZWyXoMKDk+KZZ5+p65PiJAUk0yBLmg8IbVpeAZOaRoqPg
c/MlpM0yoEv3QAQa0wmeM0UPYaPd1bDIaeVfZEKL2gt9DMN9WDq54gOpfqZ7zghtzaYZGUWxIHZXJiNtMcP3jfcI6yd5ozk=
5/divoxoAUCRzmI7csQIGMOI+gME13hwdoRubNi8LGHmCRkndy7mGgwOe2c/8SMh64q2r1HycCnk0TQuBNPkkHULWRMUYRAoG0pzGA65KOGNbUuMgniU0s6CxrWqtU+bmcedtEC83CRGxV+2CvjHUsGVjFRiurve+4ovHBS6qb6j/A==
2szKfceSGehk7lfLS0RFd8kDm2ZLk2oW/q4rCj+FuJ/EQkkVF478n89/h/WqvEstLYD4GyBPT+TBSYJ6Y1aBQczigd4yib9uu23fEXqCdS7RCQsTjQlFYCkTY6Mj
W2PPssxPolsvlDcTwbaPtRzaCKY+1/g90bx0KqmKvQEyF07W24WFGhY3pdtlVcgYoYVHVCpLcpuFrIuNQDqhkssJBjbTjuBd1UZRSb0xmKYfBjsdGQOfHU9oIxdhoyE=
QfKstvjGB6Pi5J3d5ea8lDXpJ4MP5dkn5rx0KqmKvQEyF07W24WFGhY3pdtlVcgYoYVHVCpLcpuFrIuNQDqhkssJBjbTjuBd1UZRSb0xmKYfBjsdGQOfHU9oIxdhoyE=
4eUkGrGnGTNWzyfjFPud0PPGpB74sXgirYq5CT4HUs6/pWEiagdpkyGVDFDtdfssjqvWAxk8BwXEuiUaR5marnfuRKVpNp2B+XFcblM2xyV9I3sFU3gvH2WjJQ==
GzMhtLknihDfWXTvJYoadmlQ+nOiUBFXUVbMIWexH8Gx71zakYqF8Rp3FgYTxc2q7pfNS/3VUIgJZf8kYou6y92MY704Olmioyne5pvOKK1tJvnZJbEANvemQ63Rw9dNl4gLZ1mjGQ==
oG2jj0Lc5ybWr1BRofHTuvCPIV6ptDoKvAqOEe3OGgGBGRxSSsSz3bMrSEgNBJChyxi9zoUBWv5RknpJc4OhgqCGm1taeECETcPIYOZBt0LazM82gfEE4LJOU9rbzkdohA5hWqMY
HMQFFQ+1gtw4wTSEoBohbQOxLgHJqjBXO21pA+8d6RNcO+FqKD9Tec/V4bi9q1eXs06VZAOUCbqaRrJLUHMDKMnkj8E4Q5QlChtDFCjFjy4K/CDe4ahGksu10qsEMCx+W5PrqecSvA6q3cTJa3alqtG204waJkCZoPm+j4OEUVK37oQlqTbdAblxHO4TNoelPSM7hZN475+lo+U=
impRwBAjXNmI7kMAmb/NY2QzkgzGpN3m+/+XeEcm1pvJg0goe+3CEeGE+lLAaw7e0KfTTC52AuM7gd5WdHtWqtJu9iuTlAKOk+hha5BmOtw/dCuEA158LB1koyI=
5kVJquZ7OvI4qVGjSigDyUYRMosOV8bNaSvqVF9/ptIvj5Xms47AHTXG8YndMbjm/4ab3XkDv12v6IPXAaNB
DXDakB7KoJBOkyuBrXtlrMbIGDLLbcVppM2WXolF+i2DGp8+5hE=
bwwOd80xA0j9RWH/ntLA310H8IOWM06p9VbD1eu8tHfG6qzItuhVxaVVeBQUW+pvUdGXS14T+uiCkLbp34b9hJm/gaORh8JIg/oUTNa9P9OFndrk1J2Qdbrf84XrCPjNxL8juE6rLh2EIGF+o685JlxqFoTj/wAZDeZM
