hsQjwov55sMVvLRaN/NddC4ahDE518J9w930udjjvlhFKLLeJqkwSZYYY9rSJJoYvMrnlI6QRTZiSkhJnPb8O2gQcdacBkCRjXc5ZkwNVCZfMnCK9bqL0uuquR6tCNv8KhhpOrYUPiFXDMKL7lHgqbJdI6ZGFvXrewn+fo/VR9J0dZ69HhdUc+0PWk/nhaap0Q==
pmkTFJQ/qqvL7wZQ47VdALrvN0tpttjQsdqQmHNrhzUjl1SrmDo/pu0/rrJiKzTQajoSJmcHigGgFSlmI55ewrpBN9NbDt65zqbFhuLilx4xAhFue1b/fIHcMOx7MrQQRDFtKCBjPGW66ejp8U6ksk97AY189h0h3XIuAcz13NOuo9crOCf1sbypyw==
fzgowPVttUiYK/SJFP8FgJIcJzE3oHtj1bs1CtSQ21Pec5ZaMm23xNpb1wM6U2pTf9qbo/yKuLUEEnKLipo+C80ev7uO08VzRCpTbgm/yvqLPmqI7tpWXlv3JokE1c1uTy6iev5hMwsHnnJx6qbhTk5yy8Y1IlXWh+aTdGUclGTXwohoANHpcHxz0C3eaQwhnV54assbxXVAhrGpeTJKCSBFoGtqg9Nz5LdZ+Zip7w==
vEPxqF4yzQsQ6HaotF15wOj9ou62PXi0PVFyoV1d/vQURF/BzOaztmrbovXAktNRw5lFdghe8k3Iu0kgxb7qNWsH5orYj570hKC6lujuogSeWGyPoiZ+x3olGVoeJWc3l1PJx9e8EufIPiOmK8lihqMk4rGvcVmPme/rgH0dA96jtanE
WuhYZogEj5E6b6kKr8CxRMhUnvgISaZQXWMzVH4/6KS3BGi8BWCedJWBTlCMyN9VZFNicpI3gsHIjqM1m9WFouCiYslwFylUjeLaEXML5p7ws86w/MwaImByUuBGlCzbylpuw0IJ+a7W+deTD99JU38AwiMw0gOSI9US4vtoImVHjckLIUOL9DVBM/q7uanQ
5jPSktezwu6q2t9clDSiIshUnvgISaZQXWMzVH4/6KS3FWCyA2+fJpWBTlCMyN9VZFJicpI3gsHIjqM1m9WFouCiYslwFylUjeLaEXML5p7ws86w/MwaImByUuBGlCzbylpuw0IJ+a7W+deTD99JU38AwiMw0gOSI9US4vtoImVHjckLIUOL9DVBM/q7uanQ
2xAqIAZ7H2A29wvnF+zSwukqJgQE0j3+jzEtAKRIEzoeYB8ujdKHOky+eyfC2YX0RlNlIDxZ+rP7g107ANr39oU/RmIoTq1AkvpKVl/nQrHIlYGW674m8mKBj0PDrhZp5qbtVipCD46JwsleA3Y3jClcWFyz0oxgHPGVuLgDdLVS6YC5Oa48Ijc72X1EllWRNfKGcYTVJOP242+7oIe94ZSp4w==
1ebUILou4Nm1meeVDXGFjodIO+PE3sfj9NHVmKOR1Uupgh77h6NBMySqsy5pvyo67b6JSI7atp47d8ZJZNXtru+uArreYRPLpx7SscqmwY7u8msGFSJ1FidmM7RFHPSkN0LoqODRibCc87DtPmlsYX3eGCorG6U1oAbR6ZkyakmAxQArSoPzM0Q3+bm4qc8=
reJDcgHv6/fDJ+udXK2n6GTg5wsmp9/htL7FLMck4sH2KvrQzcP0TVJeD9oj1UhDOzyRj1ZyYB6fHzDpiuAusRJ7LGAbd9fjZUjUvGr7bPEZDsmsAvPfnWYUZE1m4oCKythEXCriSmIM8b4EpjGer4k0UndPMWOJiZmrPqoxDNQTqEe7KiA33kIP8xNBub0lOy7xj2uYl6+p2g==
KctU7IJLIcKbNCzM5gFToDNiaxeTOC/LKD7ry4CB4UBAWydBmJmqE2sD7VuwGifW9T+2Qn8OHaAietr2j6cykdiVkfbbfvaS8gF/47PuxonWpt22+gJ/LnlCWT7TtgfsOVxIfMOSXMCMcSVYCEMklaLp8JnpboxCh7tJ3RRWpbEl8paRtJV0A2ZjHxtQR+2BpKnT
dssk0N4MboZhvtt+X6i+GConRqyGSmUNMH8yKBzalVk5SmuaDXXe3ARMX8ncwZKeOpPivZA6c/lTEcX+mPZS5ZjzCWiVlsodew/mgsinvtzU6PreuEYCrA7Q7Acyjt5vKm1ZEk4NRx+HW8nPx5Qyz5h2Y+57YcIuM6xiOT/Z+SfJp6vILTUj9rO9qcw=
S+mt040Be4tma9zpSZio8lYnX2YOVEA9Oiz7fjgx+AMMyss+Yb8iKhRfoXjWms7Ok9deuexVZR53zmrqZqHLO08+6qHCpsme1tKD9s3izUZPBqsEzZx8VK/iQPiYkdGAtBNI/TZpZHEFvjAa89td5QimSZkRsuL5GCXo+/LDq0MsF8GpsKnH
j+LsxJ3p02ZqTTuwkuA+r4dSN+7Gn46r68aMle/Oihmrm1/7h6NBMySqsy5pvyo66r+JSI7atp47d8ZJZNXtru+uArreYRPLpx7SscqmwY7u8msGFSJ1FidmM7RFHPSkN0LoqODRibCc87DtPmlsYX3eGCorG6U1oAbR6ZkyakmAxQArSoPzM0Q3+bm4qc8=
Xaig07V1hIrmdrbjgbOrykIrFZ6HGmCJ+d6Bu1lcNHCCGNSPqlbN4GgVVXnHOtKB4Mre5CwHDmr5SwH15BEkIcr/UcfJ+jlhtDghd/YqsDafN+CzKxme2dJTXFj7L4cL5SAEZArDnNlZ5nnUoiuPtWY8NJXGmjBiivC0ZEo6mgqMGe5cRgnuh0lc4o/vabOhibF7ZgrJvLzTgDeDynhnNsJnI8shgU0Ne8ZB98tAx4ep8g==
WX1YF8xKNcl2k5ssl+5I9THLdZDFIzOy3Z3j7pdvsj2L8Yhp7rr2rlh+KncpZRGsHZukZu3FnqwkXF/Z/L/TL9oDYi3wirMJcwHF7rgGklX4Y4n4dSaKbVsf5pLo1/5sNHh6Ttj2wlwuwOwXEn4e30r92YKuvQdvp0vJ3+fkcn945uN+G9EC3hO8YikfKTmXqTcrWM2FY4aTranc
9unUYjdjhJPQ1ae+oha4K9qcj0EZL1WM3TcjvtWZ49LvW0IR49VotbbuJmIQOuqLkRGhQLX/BPp1UQ4grNjfZQQLo4MypwJxKF7jRbvFhZKA8qI50Iep5G0ymmFTG+aukOMOQFxcmpKAohKQZoQs66oKrjPimXkeNimX4y/PSWMfUALTkEKDIsMFUpLbeCJVJ90J+4HTC0TVkXOKm6mp4A==
8DiJMK3bJDqs/TOfYxTfasAkJP3675gtNSeMXwMrJmNTbdjGlGVS4Dw8ZarvnrV6GgOCNdUjaJxj78qSvTJHf4SmaAdmlMCqmII1T6gVqjVjMoEWzGbwER3XSSac7WQmb9KgyoUaG1JbyuneXSjL/Dr4WXrmtM6hx2xySz5xkKlCfXPm9vZlawupLr6/tVfSZFXu/c735PN9r6qPt+WWqeE=
R7OLte+YDOpPAY+1KmXDhsFSs7JtZHUBpb6pAduEqafj0OtdShvv23inovg+eAwkyum194kqmRE0iEGnNlqQJp8nwM3ryf5pUiP8iLsfZxvlMGRUypM8KdlWmYTi26+lZiwUZYbK0NIKABQ0igr6GowJDmwG2U73yeyCXy8Zk7GJoVsWyhncDFPwl1OKSIcmwndD++HR7f37dqGni7Dnl6ni
rJzQ/sfqy3odOcryfbka7IdIO+PE3sfr9sfHzK6YyxmphFevyfYzMySqsy5pvyo657yISI7atp47d8ZJZNXtru+uArreYRPLpx7SscqmwY7u8msGFSJ1FidmM7RFHPSkN0LoqODRibCc87DtPmlsYX3eGCorG6U1oAbR6ZkyakmAxQArSoPzM0Q3+bm4qc8=
LWZJeXtqqkt81JIXG8d/UoOhfEwE1DxWUSBdBTcKLz4pwEBIXoxZSwYWyIofi5iI3CrmZTJvJGQLk/+3JRx8WPp/5GW52gFoUpf3iWYATCk2JkheakzM2LoG4jZMpZbgtjWWu6ngmrMfVcsdCQ0DWvr1xAAzvE+/OsQfigJbW/fRPTWxm/o5Szv8v7upzg==
Xq7GD3P5mqyJ0ZUsiE06QpbGqRId1mlwe4QBB7a6UAafBwAnbGa+CVIDPGg7vyd75dCk9ErzfAnZtlkkYrvvhWYMVAUGahAyCiBUVAqqOvqMaU7MhjmO18mMwv+v+VORiYGb9kq5nGxT0FezCujHRsKXg1thsa3d+5ZhBwvQp7epwg==
HMzOSuTsC5ez5oVREfz3OnUftqJ/z8nTL6+qEh3yp3/k5sOAiVTgqvjClc9I1Yo1A3Ihliym0BF9l+mmfC1EJk8SQEolWntSewoJXv1oq/waOLn6RvSuoeesksueMfCpor3TZpa2RWvraY4+3/V30oSVTn2ut8TznW8KD9eltqnB
z9QAqLgD3HSQwuHVaxuna5TGqQMfwG1we4QBB7a6UAafBwAhbGa+CVIDPGg7vyd75dCk9ErzfAnZtlkkYrvvhWYMVAUGahAyCiBUVAqqOvqMaU7MhjmO18mMwv+v+VORiYGb9kq5nGxT0FezCujHRsKXg1thsa3d+5ZhBwvQp7epwg==
9BMlRoCiESdmHCLrCTixSHUfsLRj0snTL6+qEh3yp3/k5sWAiVTgqvjClc9I1Yo1A3Ihliym0BF9l+mmfC1EJk8SQEolWntSewoJXv1oq/waOLn6RvSuoeesksueMfCpor3TZpa2RWvraY4+3/V30oSVTn2ut8TznW8KD9eltqnB
BCOHEN7eaHW0W3MKprUywnUfsaJx18nTL6+qEh3yp3/k5saAiVTgqvjClc9I1Yo1A3Ihliym0BF9l+mmfC1EJk8SQEolWntSewoJXv1oq/waOLn6RvSuoeesksueMfCpor3TZpa2RWvraY4+3/V30oSVTn2ut8TznW8KD9eltqnB
zVc+TyPl+4Lgce5VC9e5kSxjIh6ONyjOJXelx56RtRJSVicSy9z4VCRRvVuwGifW9T+2QnINEqAietr2j6cykdiVkfbbfvaS8gF/47PuxonWpt22+gJ/LnlCWT7TtgfsOVxIfMOSXMCMcSVYCEMklaLp8JnpboxCh7tJ3RRWpbEl+pWRtJV0A2ZjHxtQR+2BpKnT
Z0wKztLbC2vjw3zty9u3VE1cvM/pjUoF2+xzRC5vbxDbXfEPcx0MdlQHkquWt2t+8sD6SVZ3QpP0aoNOeb862tr81uh+Wib+i7cWaRTV3U4/7nIaTuGjq/feIpHaptGuHjI7ZqWi5bZXJuNUdRyEhOeCWMhwUXkQzLOADS5pfAFNHsiKW5s11RBGgclpOlkp0AXwi9oDQ9OUd4mZqKnf
yAAPYOvgRqkuwqD/ChzRY533vea+J1FoJ7yqueFFVigHXtTB+EmvOx0sVX5z3bmzlLvZ0Jk4KVXIxvB3wLSibXGicvE8o6ST6wYEOBzrxnt5ZRKYoMHuQgYbEiSDHv6C2kHXEzuOfnnupuVGQmL33tECcS7b1l88odzQrBuyVNBkMU3ogONcpVrpiKkRzgTyb3shzRx2/eG9eg3BbHV8E06jt2vYp1XxnKnr
yAAPYOvgRqkuwqD/ChzRY533vea+J1FoJ7yqueFFVigHXtTB+EmvOx0sVX5z3bmzlLvZ0Jk4KVXIxvB3wLSibXGicvE8o6ST6wYEOBzrxnt5ZRKYoMHuQgYbEiSDHv6C2kHXEzuOfnnupuVGQmL33tECcS7b1l88odzQrBuyVNBkMU3ogONcpVrpiKkRzgTyb3shzRx2/eG9eg3BbHV8E06jt2vYp1XxnKnr
1AuYmh2bv/y69Ozzk6Hw+t1+eoI4+x2c1PDHv5HticJ/tdZorRMeUJSo4NkKXAJG9rlrpH58FQ4cOKRq3F9hB2jZuuhhaSWHc3gOWh2eSpBiAcOhNELC4eQ5taXtJpLAgJgQiwyfrPoKCrmRSYaEFEiRGjrqW76cN86qaqahi7uPPqohAqYJHpbSQ3aN4g3GjwbrhA2cPNTv4oB42JERAPQTCH32aSTxxb7wmrPbnWVIpokZ0bmhedglqHuyw2vDbBcBKfCphw==
/ZrkaLFcirQSjVDRjXt0Kd4gfmfYAjsiR/SiHi6M3J0I4htGVQeFfLWk4GRJ12aac+saVxy5P2XUv9Qd1boaOYxwFC88rRzDZyzFEwUbRvbpsC3QrHecUrZX4mkN8r9XkodbN11cM1K+/yLbJNHF+7+Z8An+oLdmznlG4z2LxG3rG8bEimNc+VmGubQiS0/VZlz09Ub68AKK0HTEyppaKow5rvzGqa6nSbyib2+J80GJUTuGiin8XNOgdyNK2CcWyUTja6EhjS17poGXSyAH56mS
P1gAlbJXBKae4b53gTUVbBEMbyIkE4M8EMA3DqKqssAUInwuSCE/CMg2c1o7mostaJI0jGMUPlKsbPTKjJo5f9Q9fvU3Wj3mQP5kselvBXZABVAmWzp8msmi7/LPUmUu4UCfPO7QJUrqrNrB85S+G2LZZCk21a82uo5Rix+xIo5DnQOZs71SjUJvcFMJF2Zf642iqdU=
9692Xh34G2mq+jDm0+In9qyt1krprUlYtj1ME2RveMnen59mRIv0jpJ07NoZg3gR7AQxF66/XvnSs5w4e89Ha+XARASKI9y5WcY5dCKLz5VmHHQ1RjpwQoqQ9ITKWtrqjHkuvMZpLmdJfCIvb8lzgYmRu8aKaXyc02D340qYp1bJhGOroWENbXvmAVdL4IenqdI=
vXEm9mAaUo4fz0utnbg0VxHwceNAc3KpuDEXxJ2rN7XGfkhz0iuOF6vpTj6fdbfYxxWOfe43BPPd78oPlyV2qQE=
OvxMmtH9UZlOxLJXe/13JTnPeZjAF2Co06Cs/o0m0T/Yy7RH36/lvFs7bGg/JlusFY+vRYCczooQcUWg+uCJcYYDezy9l/UNcEfL9boGklX4Y4n4dSaKbVsf5pLo1/5sNHh6Ttj2wlwuwOwXEn4e30r92YKuvQdvp0vJ3+fkcn945uN+G9EC3hO8aCofKTmXqTcrWM2FY4aTranc
K/QbOZFNdJrpBOYcLX0LZo2O/r+LL1DsEpXM8i0D4l0mcSFJ6K8bUwy8S9RztSf0pvxDjmkg2goOaVhpQ8AZ/RoQIGSB6654K8TMP8krvffQApMOyTiJM6ATB1iD9Hb0KKOyG1zNOE1wFXnG014u4krBZ/NLTk5Z/qb1ZnKihz5hguFOC5YP3NHc4IzL8oRw9LE9SDCjrMVK6ZhJYQ60Up/7sW1Mtq3BjXj9oby1LPPeIwcLKOdl0Yyp+w==
JRpdnWpI76fgGchAisMOUSld1vo8sT8wEDoMD3CO6dQUHX2Wli7e34zSDVJ/wTfc/9gnC+ow1w5PXJMDAQld1bse0f8riDd/qQo=
e8DcVRlbvk/caK5oz8l07pyzTw1KpHa8NZdfPKyFLM6+mdZMJwQ87vO+ipIeRCnpyy1xpKqO52G9GRFlQwDo1E201QNUR4eDlRVfhusp4ibjRO/S79HZb1nP66A9fYN+Y1WpJA==
Vj7XtS2FiOxg7rM4AXiDhDHe5PvT8cM9bd3TNrhiRmGEUl4WDWXH+KO1gUJbRB/lHPVaIXV43ZNcSzZJPGnr1LFjUzUiNmRjrvMKd2/RUs4z/VOf4x3izXJPwNPZN3afe21SqSU=
Kxpr2plloxN+G9fxuANVciy9lQathGIWMZ3jiGd9LSL3zJt1uC0GYamguYNYQ1pp0KGvZFXbL7XejgDTartmV4PZVt7XpQ9fP0VGXfbHbDN1fzJvXxVuqRk=
n1J4Knrs6UHcpLNjn4KXOMkSiGRQhmA3s5FmFjWV/5iLRUkCE5S3hYRlwqHt6EUzNJv+CXRZA/TJU6s1WgacQ8bDwrcngbpuq23LH3uNei3aHwgTkUdef0Mdaqkd
75MGAeY5n5mmCxHO0AhQzOAhp0FhtEEthJFmFjWV/5iLRUkCE5S3hYRlwqHt6EUzNJv+CXRZA/TJU6s1WgacQ8bDwrcngbpuq23LH3uNei3aHwgTkUdef0Mdaqkd
bUpPs32DQshx11U2hkFcavrAoBn2jzM/4JazGXkAHcm/smU4IR0iiWTBSwTja+I3iLmCFVUsDx/t9RxKWpuQjzSHUa1sNo2B7X9dYVw1zDN+I2dLSGdFEWypGw==
+a9gxFUOr183jbqTyrAoNp33vea+J1FoJ7yqueFFVigHXtTB+EmvOx0sVX5z3bmzlLvZ0Jk4KVXIxvB3wLSibXGicvE8o6ST6wYEOBzrxnt5ZRKYoMHuQgYbEiSDHv6C2kHXEzuOfnnupuVGQmL33tECcS7b1l88odzQrBuyVNBkMU3ogONcpVrpiKkRzgTyb3shzRx2/eG9fw3BbHV8E06jt2vYp1XxnKnr
tzmSRJWqKSzIclxeSZNZjSld1vs8sT8wEDoMD3CO6dQUHX2Wli7e34zSDVJ/wTfc/9gnC+ow1w5PXJMDAQld1bse0f8riDd/qQo=
E5qrWsuRJPJM542a5MzbfXzrQ7ZGM+6bmdzNgzYC3fg4DmMxeH8JxTWUtxN3FJWBEra9Gsc7eIHB+5YnZJ2PUNQftX+VkeM0brE0kH3gJNcWYEtchGWIhLBeOg4NoPJxAadWbSSinNKkri+OuKQ46XnF/GbCBd5RLxGf9qC0WlBqD67fjv5wwmPl+1b2IFL5oN5o+3z4DSbw3lQxOU+VNlBloCarWmzaWYI/cv9y1e7R4M88vjBVippMqkGjdC7bcnnUKYZ1v3Yq7oEL79HSzrP9059jHWLN8k9A01k39p/7bdKppQ==
fhG9jEhRULQarMSnGYXPZjPWhDtMX0/JmR9yGleWIf9YeSi5vRKB7RsLXz7SBtc4DlvNjHX4eWGEKfT4Y+jucP2UVjd4R1DDV6s4FFrfe4P+3Kw1FzsQLci1tvQqee2EKdHtpSAfViko0AYxPqNlzLtL9lOXTeXSp/BuOV7xLM/hCX/vXJNmDkMkvl9a6RV1gD9LjUp+ci0IG0mAhV5qFatn5uoYrx4UxAC6NiiOIiTeuGxv4gb+p7qFGfpexecXVzPJpxeckgeIniMG66nipuPE71LvUdnvWU/rID39g/5j1amk
eCxrYQi3hZ8KSltC1U/7zOY1lQTnKNxI9Gv5ccFW4d0sXw9X1RQMtNOpWYdWoI1ceId/HT8oVR5YHtYMP2Fjz6LrZXU4t3NUBG4PjljkmGnZhRdj5cW+0c9Rv/bA9LrQys/O326+0EIDJRtW1uAyeUCeSPscOK2mUB40MRkPNbYwpYAmi5oMWvnCH3KfsnVucSCvPJ5wtQr6jIpBQ7ROW9I5NCnmtR/2yq7hC8+RMk7TPfOfg13CTVIPoNN591YfGy3yqYU=
WJo29oqMTYV/D2D5zb6pc8XSv8VuqDuBKKAIz+Wh16DPWVQ9Bn7+bX5ixRvzk7hyRwPYNUFPVdgUkIQ1diJ+56M3Qq+EAZPgcvJ/sGg6VLHNenCJdkyzmBPRGarcS0izbosnuLWJ+dHruuwcDdmrL6yTafAy4KCVsJXvcGNTe/QZ4LZ/O8mJD39Jl/mdrw5Jz9inw7DqOa/VeuReplt4+dlfCHd9jTXhoyLR/7uC2394XuHWbDknLBm+Er0Gj5R9UJafc/EYmCqSJXSiYSSJNZgJTsPPvh2mOIvjOHtJr8cGDBZo/L4UR4fkeB4FN8K27/RptxNMWGf4FExnJVrGUs0KCe4UBiKsq5lvn15DMXVsH48ECJabLq3o24eFreEsUi3i4QPJCxbUTDaA9ieaX7rW7JKPnQ82Ynh+SZz2/DtoEHHWnAZAkY13OWZMDVQmXzJwivW6i9LrqrkerQjb/CoYaTq2FD4hVwzCi+5R4KmyXSOmRhb163sJ/n6P1Uffd3WevR4XVHPtD1pP54WmqdE=
ADwHD7ULP9nLhppz+Vx1l6o9pxtdZByCJFso0UXkcL/WhyElhLxtRChpxbkBjXXW/ApHMj2pU1C7GdkPkv8zmh8X27EXVlGlL/i4TyCIfCF8F3EIsL/dBxIIcP5zvtZF/dsj2xFYPDQHcml2yHuw5D8IT8k5xgTjXvvd/VcorFoFCMTMGmlbWqeiF4JboPWUqQ1JytKo14H0wof4GINif62rqawFN7O8Q36Z/pAGExIkuN/dtA5i/Ue8pJQ8lSF/GSeNxSwAF1C2c/IvdwPuqOJKdd1DARc+YCbOVanExGJ/vNczFuls/bAff5oWbzJsUeFWCt5Gw0Jyg681Vgs7nIw14phwVkr16Ik01gvYE9fFsvXplQCQuQjghgAKPDvc27L8p/ddpUKHwO4JfmHs3wF5f5+8g6aeYxQ+b3p5VWXgz0t9Km4yvSgrybClzqoFSxfmmvi/3oTkMDoGCB5iNL5IbJ+CFr43mrWZyn5VJwe3Q8nX94xSl6iuozbLOaK2gzTvoo9BmX95f2sQHW1D7oOlqdQ=
Yk3HbJ3DlXjEF2qLsL1EeGZpaBfsBcGwnotfCK/t7mBt23pXiGbwvaAZrjNFJemDQtXeajTALYOpeQhI8XoAbkTQLr8W5nRomn7IfCE03myNJyQuSIeP9+8sNOtd0BT+aWguVuIxexY2UWBA1ajVfY8yeod+01iHAeDjJX9hjfY6BAu1ne8a/+9o5KzGpba5uSjF382UryyQZy3lT78ZxQEh28M4Sfm04RsmZl8fE1byRoCXzplv064vK6Ez0cVuB2c97m2/TjLnzrp1QZyfEkTlIIOiHWZaOetntF4a9ClieidIP7UuZQgb2bJ7lv4ndaDdhZmnMAAwMKoSkvfhqK4GA1v0dlmY7y/FAD5X/jgaP4PWcDJ7xi/2AirkHM0V+UcYLwd1WnPJ3J4a/Z5rxM2fo2FXTOShRLlV5Q0msgDgGHBLLJ+MuuqKWdFphuTUKBG6+spbXtzXTgqqhqHrey++CmHipuleNlLjtu3iLQYvhgvE7ZwcFE9i4Li4kTFAFJPoPdZpBDGlPpBak9t9JagmKVnxv8G5uKUIO5LDi4PMl6HpkKnn
dvG6/LVVOcBXrW3OPHiQpI3I6O7gGZlLNeYImtQVMz/nvFu2mV3qJGxl8iCq1cVTSdcotPym5cRkPN3l/R3it0jgf09dv4fTgTIkKdhI7AkaOPN3nLnX0DlSYO8hJBjTuCysbRQjcTTI+y2rmpyQIivaxknVr+MnqdyM2M8mSWrQX+Ao17zPdcECdM9W772hj8w81q38hLAibWs273a3HsMEJdjBOUn2quwnLXxWZyRA53Jzhd9pUL2zA1CLKrniiCJD3swMX2FMyhLRT6jEyORxsfOx0825FAQnPP6nUrPvpz7kin514TtF55Losi6J8aDUblfIF8+ubdwReEtfhg5LYqC5Vda2JoKzbnqXz2mO76sQJMGi5EhSepmgXZRKk3zDm62G9dXtRGAVgHRm3FJYK9DzxjxbT9kVrk+UzhVmRbwT6c3/I0RH1rJrAF4zop3F6Ug7CwESagLRYP9pLD1qekkjI+amgPsuKGyk2tpQenI4ljysYzqSDttS4bnWZnF3y1/3SWsPSCK7oLrDahPdMjorwK/et0WpEzGry4yFyZOi65Gp6A==
GNFqq7skbwcBjdfURryN5k8QLkdnGIK/qEh85YiP0L6m0abvkneIr7wzJoNizKWYupeYWVCHf37s48aDJCXRj/3mDJZIu6ybX/HqE21j43XaII0T+SGBWUuOvmlI6wyP5qoGm8WSPdvtqzwNbs8MinYO5m4zug+oF/3r/31UI4r+p7JTRJk1w7+hAEGeKCc+jqFW6x1DdBVr43aMqmtMoZleKTzCgz/tZmSEPaZyYNpKiGTM6tLq0gxBHjTmob5/CeQy5w/BA3mJacvO6qFsBJN4ZytqEJduTrxTI4EpnXW7fhEfq+h336mq
15ce2OgY5U2anLEAVPgskE8QLkdnGIK/qEh85YiP0L6m0abvkneIr7wzJoNizKWYupeYWVCHf37r4caDJCXRj/3mDZZIu6ybX/HqE21j43XaII0T+SGBWUuOvmlI6wyP5qoGm8WSPdvtqzwNbs8MinYO5m4zug+oF/3r/31UI4r+p7JTRJk1w7+hAEGeKCc+jqFW6x1DdBVr43aMqmtMoZleKTzCgz/tZmSEPaZyYNpKiGTM6tLq0gxBHjTmob5/CeQy5w/BA3mJacvO6qFsBJN4ZytqEJduTrxTI4EpnXW7fhEfq+h336mq
tsHawlRZqHpRglNsDzRQFU8QLkdnGIK/qEh85YiP0L6m0abvkneIr7wzJoNizKWYupeYWVCHf37s48aDJCXRj/3mApZIu6ybX/HqE21j43XaII0T+SGBWUuOvmlI6wyP5qoGm8WSPdvtqzwNbs8MinYO5m4zug+oF/3r/31UI4r+p7JTRJk1w7+hAEGeKCc+jqFW6x1DdBVr43aMqmtMoZleKTzCgz/tZmSEPaZyYNpKiGTM6tLq0gxBHjTmob5/CeQy5w/BA3mJacvO6qFsBJN4ZytqEJduTrxTI4EpnXW7fhEfq+h336mq
RP5oEume3gviIEzj5h+uxE8QLkdnGIK/qEh85YiP0L6m0abvkneIr7wzJoNizKWYupeYWVCHf37r4caDJCXRj/3mA5ZIu6ybX/HqE21j43XaII0T+SGBWUuOvmlI6wyP5qoGm8WSPdvtqzwNbs8MinYO5m4zug+oF/3r/31UI4r+p7JTRJk1w7+hAEGeKCc+jqFW6x1DdBVr43aMqmtMoZleKTzCgz/tZmSEPaZyYNpKiGTM6tLq0gxBHjTmob5/CeQy5w/BA3mJacvO6qFsBJN4ZytqEJduTrxTI4EpnXW7fhEfq+h336mq
yqafGR1SX0l32P0QLbv2Sk8QLkdnGIK/qEh85YiP0L6m0abvkneIr7wzJoNizKWYupeYWVCHf37s48aDJCXRj/3mAJZIu6ybX/HqE21j43XaII0T+SGBWUuOvmlI6wyP5qoGm8WSPdvtqzwNbs8MinYO5m4zug+oF/3r/31UI4r+p7JTRJk1w7+hAEGeKCc+jqFW6x1DdBVr43aMqmtMoZleKTzCgz/tZmSEPaZyYNpKiGTM6tLq0gxBHjTmob5/CeQy5w/BA3mJacvO6qFsBJN4ZytqEJduTrxTI4EpnXW7fhEfq+h336mq
FYylWi1wjextn4Qtko+xEU8QLkdnGIK/qEh85YiP0L6m0abvkneIr7wzJoNizKWYupeYWVCHf37r4caDJCXRj/3mAZZIu6ybX/HqE21j43XaII0T+SGBWUuOvmlI6wyP5qoGm8WSPdvtqzwNbs8MinYO5m4zug+oF/3r/31UI4r+p7JTRJk1w7+hAEGeKCc+jqFW6x1DdBVr43aMqmtMoZleKTzCgz/tZmSEPaZyYNpKiGTM6tLq0gxBHjTmob5/CeQy5w/BA3mJacvO6qFsBJN4ZytqEJduTrxTI4EpnXW7fhEfq+h336mq
0HzoZJv1TPMYkz2/BA34UU8QLkdnGIK/qEh85YiP0L6m0abvkneIr7wzJoNizKWYupeYWVCHf37s48aDJCXRj/3mBpZIu6ybX/HqE21j43XaII0T+SGBWUuOvmlI6wyP5qoGm8WSPdvtqzwNbs8MinYO5m4zug+oF/3r/31UI4r+p7JTRJk1w7+hAEGeKCc+jqFW6x1DdBVr43aMqmtMoZleKTzCgz/tZmSEPaZyYNpKiGTM6tLq0gxBHjTmob5/CeQy5w/BA3mJacvO6qFsBJN4ZytqEJduTrxTI4EpnXW7fhEfq+h336mq
3gQA0PQtbypZ5JTZe4u38U8QLkdnGIK/qEh85YiP0L6m0abvkneIr7wzJoNizKWYupeYWVCHf37r4caDJCXRj/3mB5ZIu6ybX/HqE21j43XaII0T+SGBWUuOvmlI6wyP5qoGm8WSPdvtqzwNbs8MinYO5m4zug+oF/3r/31UI4r+p7JTRJk1w7+hAEGeKCc+jqFW6x1DdBVr43aMqmtMoZleKTzCgz/tZmSEPaZyYNpKiGTM6tLq0gxBHjTmob5/CeQy5w/BA3mJacvO6qFsBJN4ZytqEJduTrxTI4EpnXW7fhEfq+h336mq
puKaX9Sg7qwfu+QDM2PtQ08QLkdnGIK/qEh85YiP0L6m0abvkneIr7wzJoNizKWYupeYWVCHf37s48aDJCXRj/3mBJZIu6ybX/HqE21j43XaII0T+SGBWUuOvmlI6wyP5qoGm8WSPdvtqzwNbs8MinYO5m4zug+oF/3r/31UI4r+p7JTRJk1w7+hAEGeKCc+jqFW6x1DdBVr43aMqmtMoZleKTzCgz/tZmSEPaZyYNpKiGTM6tLq0gxBHjTmob5/CeQy5w/BA3mJacvO6qFsBJN4ZytqEJduTrxTI4EpnXW7fhEfq+h336mq
Zb7UJjLaaziAcSIOPKHLJk8QLkdnGIK/qEh85YiP0L6m0abvkneIr7wzJoNizKWYupeYWVCHf37r4caDJCXRj/3mBZZIu6ybX/HqE21j43XaII0T+SGBWUuOvmlI6wyP5qoGm8WSPdvtqzwNbs8MinYO5m4zug+oF/3r/31UI4r+p7JTRJk1w7+hAEGeKCc+jqFW6x1DdBVr43aMqmtMoZleKTzCgz/tZmSEPaZyYNpKiGTM6tLq0gxBHjTmob5/CeQy5w/BA3mJacvO6qFsBJN4ZytqEJduTrxTI4EpnXW7fhEfq+h336mq
XxGtDxOLIftvLWC6y5JFtk8QLkdnGIK/qEh85YiP0L6m0abvkneIr7wzJoNizKWYupeYWVCHf37s48aDJCXRj/3mDJdIu6ybX/HqE21j43XaII0T+SGBWUuOvmlI6wyP5qoGm8WSPdvtqzwNbs8MinYO5m4zug+oF/3r/31UI4r+p7JTRJk1w7+hAEGeKCc+jqFW6x1DdBVr43aMqmtMoZleKTzCgz/tZmSEPaZyYNpKiGTM6tLq0gxBHjTmob5/CeQy5w/BA3mJacvO6qFsBJN4ZytqEJduTrxTI4EpnXW7fhEfq+h336mq
9Q/WIevTiZJT3l6JKI+vNk8QLkdnGIK/qEh85YiP0L6m0abvkneIr7wzJoNizKWYupeYWVCHf37r4caDJCXRj/3mDZdIu6ybX/HqE21j43XaII0T+SGBWUuOvmlI6wyP5qoGm8WSPdvtqzwNbs8MinYO5m4zug+oF/3r/31UI4r+p7JTRJk1w7+hAEGeKCc+jqFW6x1DdBVr43aMqmtMoZleKTzCgz/tZmSEPaZyYNpKiGTM6tLq0gxBHjTmob5/CeQy5w/BA3mJacvO6qFsBJN4ZytqEJduTrxTI4EpnXW7fhEfq+h336mq
sRkGrqBl7ycSTVCSNhuye08QLkdnGIK/qEh85YiP0L6m0abvkneIr7wzJoNizKWYupeYWVCHf37s48aDJCXRj/3mApdIu6ybX/HqE21j43XaII0T+SGBWUuOvmlI6wyP5qoGm8WSPdvtqzwNbs8MinYO5m4zug+oF/3r/31UI4r+p7JTRJk1w7+hAEGeKCc+jqFW6x1DdBVr43aMqmtMoZleKTzCgz/tZmSEPaZyYNpKiGTM6tLq0gxBHjTmob5/CeQy5w/BA3mJacvO6qFsBJN4ZytqEJduTrxTI4EpnXW7fhEfq+h336mq
PuY0NfXJZYzOkKhmE1nu7E8QLkdnGIK/qEh85YiP0L6m0abvkneIr7wzJoNizKWYupeYWVCHf37r4caDJCXRj/3mA5dIu6ybX/HqE21j43XaII0T+SGBWUuOvmlI6wyP5qoGm8WSPdvtqzwNbs8MinYO5m4zug+oF/3r/31UI4r+p7JTRJk1w7+hAEGeKCc+jqFW6x1DdBVr43aMqmtMoZleKTzCgz/tZmSEPaZyYNpKiGTM6tLq0gxBHjTmob5/CeQy5w/BA3mJacvO6qFsBJN4ZytqEJduTrxTI4EpnXW7fhEfq+h336mq
0u+bo3AWtJjbsx7inkARRUEcy90/bS2acsn2+AjY+SoAK+MJt9I2b1fnJi3ppVotld240IKtGV29eXV8claXZq93XxVdVYlutzFA3v4hU7rA76xlUbFOvB6Likm+ypz93nKVVlnkLL9p+OubaSDQ5LhO0s6lEHoRWZdObTySxLIsHodOULQwiQGVROY61eZxJwG3NkhE0vAyf7bflg6oYuuVkxbeMFrZmI4Qe8Qo9cb4zjxxkf8d1ohVuCazarQ60TKXMpdi3Q4pMHe8xmBtqpJcggHLBKZ7qonMKZ4F59aiHmnLx8Ha7ostKx7bTRqt+l+oE/GHfv+jXcqpvQ==
nvhxZKKTuLCz+CfdKXDVO08QLkdnGIK/qEh85YiP0L6m0abvkneIr7wzJoNizKWYupeYWVCHf37r4caDJCXRj/3mAJdIu6ybX/HqE21j43XaII0T+SGBWUuOvmlI6wyP5qoGm8WSPdvtqzwNbs8MinYO5m4zug+oF/3r/31UI4r+p7JTRJk1w7+hAEGeKCc+jqFW6x1DdBVr43aMqmtMoZleKTzCgz/tZmSEPaZyYNpKiGTM6tLq0gxBHjTmob5/CeQy5w/BA3mJacvO6qFsBJN4ZytqEJduTrxTI4EpnXW7fhEfq+h336mq
wZ0gbfUv0upb+8V7bEeP5YZkHMNMgG59Ilp4dreVI2DrjMT9v8KghVlKQZ2zrqWmISGvVmJESXSQhVX7wCEr8DLF0QM9/+oHVOBthf41mFQNWX6gd4ab0HbXE/z5u7vkKgwi+lBex2QgWWOzXG0utv76dmrl3tIAqmH7UZbGKNGcGX01deaqsEh4iNvkn8QqkmrxYXHGHIQAseIKgtsW7A8u4vo+YfOLR54y8SqmIc4OcotG9SKVVsfm0/SlHFTkF8LI6EDRKfC8c5CtnmnMoV1eOOqLGwX1gIbxKTk+CYngRWDrKoOT8yS3mXnYqa8=
0u+bo3AWtJjbsx7inkARRUEcy90/bS2acsn2+AjY+SoAK+MJt9I2b1fnJi3ppVotld240IKtGV29eXV8claXZq93XxVdVYlutzFA3v4hU7rA76xlUbFOvB6Likm+ypz93nKVVlnkLL9p+OubaSDQ5LhO0s6lEHoRWZdObTySxLIsHodOULQwiQGVROY61eZxJwG3NkhE0vAyf7bflg6oYuuVkxbeMFrZmI4Qe8Qo9cb4zjxxkf8d1ohVuCazarQ60TKXMpdi3Q4pMHe8xmBtqpJcggHLBKZ7qonMKZ4F59aiHmnLx8Ha7ostKx7bTRqt+l+oE/GHfv+jXcqpvQ==
wZ0gbfUv0upb+8V7bEeP5YZkHMNMgG59Ilp4dreVI2DrjMT9v8KghVlKQZ2zrqWmISGvVmJESXSQhVX7wCEr8DLF0QM9/+oHVOBthf41mFQNWX6gd4ab0HbXE/z5u7vkKgwi+lBex2QgWWOzXG0utv76dmrl3tIAqmH7UZbGKNGcGX01deaqsEh4iNvkn8QqkmrxYXHGHIQAseIKgtsW7A8u4vo+YfOLR54y8SqmIc4OcotG9SKVVsfm0/SlHFTkF8LI6EDRKfC8c5CtnmnMoV1eOOqLGwX1gIbxKTk+CYngRWDrKoOT8yS3mXnYqa8=
0u+bo3AWtJjbsx7inkARRUEcy90/bS2acsn2+AjY+SoAK+MJt9I2b1fnJi3ppVotld240IKtGV29eXV8claXZq93XxVdVYlutzFA3v4hU7rA76xlUbFOvB6Likm+ypz93nKVVlnkLL9p+OubaSDQ5LhO0s6lEHoRWZdObTySxLIsHodOULQwiQGVROY61eZxJwG3NkhE0vAyf7bflg6oYuuVkxbeMFrZmI4Qe8Qo9cb4zjxxkf8d1ohVuCazarQ60TKXMpdi3Q4pMHe8xmBtqpJcggHLBKZ7qonMKZ4F59aiHmnLx8Ha7ostKx7bTRqt+l+oE/GHfv+jXcqpvQ==
wZ0gbfUv0upb+8V7bEeP5YZkHMNMgG59Ilp4dreVI2DrjMT9v8KghVlKQZ2zrqWmISGvVmJESXSQhVX7wCEr8DLF0QM9/+oHVOBthf41mFQNWX6gd4ab0HbXE/z5u7vkKgwi+lBex2QgWWOzXG0utv76dmrl3tIAqmH7UZbGKNGcGX01deaqsEh4iNvkn8QqkmrxYXHGHIQAseIKgtsW7A8u4vo+YfOLR54y8SqmIc4OcotG9SKVVsfm0/SlHFTkF8LI6EDRKfC8c5CtnmnMoV1eOOqLGwX1gIbxKTk+CYngRWDrKoOT8yS3mXnYqa8=
0u+bo3AWtJjbsx7inkARRUEcy90/bS2acsn2+AjY+SoAK+MJt9I2b1fnJi3ppVotld240IKtGV29eXV8claXZq93XxVdVYlutzFA3v4hU7rA76xlUbFOvB6Likm+ypz93nKVVlnkLL9p+OubaSDQ5LhO0s6lEHoRWZdObTySxLIsHodOULQwiQGVROY61eZxJwG3NkhE0vAyf7bflg6oYuuVkxbeMFrZmI4Qe8Qo9cb4zjxxkf8d1ohVuCazarQ60TKXMpdi3Q4pMHe8xmBtqpJcggHLBKZ7qonMKZ4F59aiHmnLx8Ha7ostKx7bTRqt+l+oE/GHfv+jXcqpvQ==
wZ0gbfUv0upb+8V7bEeP5YZkHMNMgG59Ilp4dreVI2DrjMT9v8KghVlKQZ2zrqWmISGvVmJESXSQhVX7wCEr8DLF0QM9/+oHVOBthf41mFQNWX6gd4ab0HbXE/z5u7vkKgwi+lBex2QgWWOzXG0utv76dmrl3tIAqmH7UZbGKNGcGX01deaqsEh4iNvkn8QqkmrxYXHGHIQAseIKgtsW7A8u4vo+YfOLR54y8SqmIc4OcotG9SKVVsfm0/SlHFTkF8LI6EDRKfC8c5CtnmnMoV1eOOqLGwX1gIbxKTk+CYngRWDrKoOT8yS3mXnYqa8=
0u+bo3AWtJjbsx7inkARRUEcy90/bS2acsn2+AjY+SoAK+MJt9I2b1fnJi3ppVotld240IKtGV29eXV8claXZq93XxVdVYlutzFA3v4hU7rA76xlUbFOvB6Likm+ypz93nKVVlnkLL9p+OubaSDQ5LhO0s6lEHoRWZdObTySxLIsHodOULQwiQGVROY61eZxJwG3NkhE0vAyf7bflg6oYuuVkxbeMFrZmI4Qe8Qo9cb4zjxxkf8d1ohVuCazarQ60TKXMpdi3Q4pMHe8xmBtqpJcggHLBKZ7qonMKZ4F59aiHmnLx8Ha7ostKx7bTRqt+l+oE/GHfv+jXcqpvQ==
wZ0gbfUv0upb+8V7bEeP5YZkHMNMgG59Ilp4dreVI2DrjMT9v8KghVlKQZ2zrqWmISGvVmJESXSQhVX7wCEr8DLF0QM9/+oHVOBthf41mFQNWX6gd4ab0HbXE/z5u7vkKgwi+lBex2QgWWOzXG0utv76dmrl3tIAqmH7UZbGKNGcGX01deaqsEh4iNvkn8QqkmrxYXHGHIQAseIKgtsW7A8u4vo+YfOLR54y8SqmIc4OcotG9SKVVsfm0/SlHFTkF8LI6EDRKfC8c5CtnmnMoV1eOOqLGwX1gIbxKTk+CYngRWDrKoOT8yS3mXnYqa8=
0u+bo3AWtJjbsx7inkARRUEcy90/bS2acsn2+AjY+SoAK+MJt9I2b1fnJi3ppVotld240IKtGV29eXV8claXZq93XxVdVYlutzFA3v4hU7rA76xlUbFOvB6Likm+ypz93nKVVlnkLL9p+OubaSDQ5LhO0s6lEHoRWZdObTySxLIsHodOULQwiQGVROY61eZxJwG3NkhE0vAyf7bflg6oYuuVkxbeMFrZmI4Qe8Qo9cb4zjxxkf8d1ohVuCazarQ60TKXMpdi3Q4pMHe8xmBtqpJcggHLBKZ7qonMKZ4F59aiHmnLx8Ha7ostKx7bTRqt+l+oE/GHfv+jXcqpvQ==
wZ0gbfUv0upb+8V7bEeP5YZkHMNMgG59Ilp4dreVI2DrjMT9v8KghVlKQZ2zrqWmISGvVmJESXSQhVX7wCEr8DLF0QM9/+oHVOBthf41mFQNWX6gd4ab0HbXE/z5u7vkKgwi+lBex2QgWWOzXG0utv76dmrl3tIAqmH7UZbGKNGcGX01deaqsEh4iNvkn8QqkmrxYXHGHIQAseIKgtsW7A8u4vo+YfOLR54y8SqmIc4OcotG9SKVVsfm0/SlHFTkF8LI6EDRKfC8c5CtnmnMoV1eOOqLGwX1gIbxKTk+CYngRWDrKoOT8yS3mXnYqa8=
0u+bo3AWtJjbsx7inkARRUEcy90/bS2acsn2+AjY+SoAK+MJt9I2b1fnJi3ppVotld240IKtGV29eXV8claXZq93XxVdVYlutzFA3v4hU7rA76xlUbFOvB6Likm+ypz93nKVVlnkLL9p+OubaSDQ5LhO0s6lEHoRWZdObTySxLIsHodOULQwiQGVROY61eZxJwG3NkhE0vAyf7bflg6oYuuVkxbeMFrZmI4Qe8Qo9cb4zjxxkf8d1ohVuCazarQ60TKXMpdi3Q4pMHe8xmBtqpJcggHLBKZ7qonMKZ4F59aiHmnLx8Ha7ostKx7bTRqt+l+oE/GHfv+jXcqpvQ==
wZ0gbfUv0upb+8V7bEeP5YZkHMNMgG59Ilp4dreVI2DrjMT9v8KghVlKQZ2zrqWmISGvVmJESXSQhVX7wCEr8DLF0QM9/+oHVOBthf41mFQNWX6gd4ab0HbXE/z5u7vkKgwi+lBex2QgWWOzXG0utv76dmrl3tIAqmH7UZbGKNGcGX01deaqsEh4iNvkn8QqkmrxYXHGHIQAseIKgtsW7A8u4vo+YfOLR54y8SqmIc4OcotG9SKVVsfm0/SlHFTkF8LI6EDRKfC8c5CtnmnMoV1eOOqLGwX1gIbxKTk+CYngRWDrKoOT8yS3mXnYqa8=
wZ0gbfUv0upb+8V7bEeP5YZkHMNMgG59Ilp4dreVI2DrjMT9v8KghVlKQZ2zrqWmISGvVmJESXSQhVX7wCEr8DLF0QM9/+oHVOBthf41mFQNWX6gd4ab0HbXE/z5u7vkKgwi+lBex2QgWWOzXG0utv76dmrl3tIAqmH7UZbGKNGcGX01deaqsEh4iNvkn8QqkmrxYXHGHIQAseIKgtsW7A8u4vo+YfOLR54y8SqmIc4OcotG9SKVVsfm0/SlHFTkF8LI6EDRKfC8c5CtnmnMoV1eOOqLGwX1gIbxKTk+CYngRWDrKoOT8yS3mXnYqa8=
9kYErHW9EI1t0w6DOwaOZZcBvR3SSuonovc+c4uISPXl7yg6kSUYe15Heb1kFrVRlf7jMahVxCMW48/7wAedIXSpAw==
Qyas6T8EJxAkSJVPc3cyMDYhPAqwJDDm9gMU2HBjGo/KPpSxy//twgMl0vKb2C6w5/GJm8FzC6QVsfPq2wmpAA==
9c8NEs49YFh5Q/TNj5lnCM7RUkHLkaU+ij8oliEVVX1vSIfbqgD3Pk5qsz/BWf1FO44xr+v41w+peg==
I/1/9JTN8lUChI5ddVoX/Y9d8kREad3BNHTEIZs7jcWYZlk5Qb43mQTleJuiQ5sjnNfxyQCpdw==
VfpbbrinqsQ2G0Ay/nd1k6o9pxtdZByCJFso0UXkcL/WhyElhLxtRChpxbkBjXXW/ApHMj2pU1C7GdkPk/8zmh8X27EXVlGlL/i4TyCIfCF8F3EIsL/dBxIIcP5zvtZF/dsj2xFYPDQHcml2yHuw5D8IT8k5xgTjXvvd/VcorFoFCMTMGmlbWqeiF4JboPWUqQ1JytKo14H0wof4GINif62rqawFN7O8Q36Z/pAGExIkuN/dtA5i/Ue8pJQ8lSF/GSeNxSwAF1C2c/IvdwPuqOJKdd1DARc+YCbOVanExGJ/vNczFuls/bAff5oWbzJsUeFWCt5Gw0Jyg681Vgs7nIw14phwVkr16Ik01gvYE9fFsvXplQCQuQjghgAKPDvc27L8p/ddpUKHwO4JfmHs3wF5f5+8g6aeYxQ+b3p5VWXgz0t9Km4yvSgrybClzqoFSxfmmvi/3oTkMDoGCB5iNL5IbJ+CFr43mrWZyn5VJwe3Q8nX94xSl6iuozbLOaK2gzTtpI9NmX95f2sQHW1D7oOlqdQ=
MYwjZIGntQzWqQ0zd28TYQlfU3p/bRA752TNwZm/vX/vjhIewxRuZPVWJdxAdQBXSXt0N9U3Q1r+O1CcJZ/RvYxdomiGJindzovOOUu9liX5sLg2rRgKrt4xR+4SIaSIech59Qui3l8ik4RfZfDnLRNBYT5+tO8N4W/mR4vYIOSqhVqxvTghh5FUc3Q096lt41+1jUXR/7sEScXMxetiLvP/v9521iTPElkzi0o/L6nf8akmw9dZVpE/MooDfv69rbzzGkD1RFt+XTqCnXvjPPJ6WOGmCgOwA7USnSxrHXrX9lKv8TB5XcXn7NhUIK4a/tcNYOq25+OI9qUgi58BSFJ3EjAeL2eOLPKnnotmhqJI/GFdvbc8Vzt1ZgvtLNpSUX7HTEkPBzmLjLj5oKlR7eEG3kgkqBTz0B/wAg46HRmFpojcLAHeIhYbAgRz3o4iKsFHs+vOLpneptWmEiInfkGCgY6rFq8csdzAzCty5LDUsd2IUCMMharp+InBjlQS//uRLaw2zQGtfRvhEDWMsz4jJ8uIZ4WRrKnb
aCeHY+SahfLa8G5q3DMU3/ctNglVOD0TPI8UR9ypi1QRI7M1QvbE406zandPkbJOUz1zmQRdTk3SDyDT+ffWH5stcqkF
J7bDnW3t1k+xoX1qh2QbA9A/LPF4Bi62ODzhiWQ/rFZdZycm8kcCUWg+Y+V7JYWywJIimRBnqcQtUhrBk/vmjtCDjuCcvJqywMKSMKZkLMvqai6TInl5PnZJF0PvL0lDXzCCc1CigwKDZdIyG5gpcWexiVtBMwtklfHzKltJqcA=
6wrlFPJqyVNi+n0U8KGCFvrAoBn2jzM/4JazGXkAHcm/smU4IR0iiWTBSwTja+IzireCFVUsDx/t9RxKWpuQjzSHUa1sNo2B7XlaYVA1zDN+I2dLSGdFEWypGw==
HGN9b9dgwPizUp/3FXuN3OAhp0FhtEEthJFmFjWV/5iLRUkCE5S3hYRlwqHt6EUzNJ/8B3RZA/TJU6s1WgacQ8bDwrcngbpuq23LGXyNdi3aHwgTkUdef0Mdaqkd
d1UHiGeSdCep0hQRu/+u58kSiGRQhmA3s5FmFjWV/5iLRUkCE5S3hYRlwqHt6EUzNJ/8B3RZA/TJU6s1WgacQ8bDwrcngbpuq23LGXyNdi3aHwgTkUdef0Mdaqkd
JjnkEC8zKuj4Vw7WvYWDoyy9lQathGIWMZ3jiGd9LSL3zJt1uC0GYamguYNYR1hn0KGvZFXbL7XejgDTartmV4PZVt7XpQ9ZOEVKXfbHbDN1fzJvXxVuqRk=
0w/c1p43HyX+t07fe+KVtzHe5PvT8cM9bd3TNrhiRmGEUl4WDWXH+KO1gUJbRB/lHPVaIXV43ZNcTzRHPGnr1LFjUzUiNmRjrvMKd2/RUs4z/VOZ5B3uzXJPwNPZN3afe21SqSU=
EXE8YFjsJzyi4Tsulvhb45yzTw1KpHa8NZdfPKyFLM6+mdZMJwQ87vO+ipIeRCnpyy1xpKqO52G5Gx9lQwDo1E201QNUR4eDlRVfhusp4ibjROnV793Zb1nP66A9fYN+Y1WpJA==
IoGEsJ51rQBsNxeYiN7lAzI1PeJlVCJlfA/6DA82Hi+7j1pEB1M3/ZmUZFhlxaTnRzIf3dwKuAzvj44jO8QIatDyja8AhTK1+6LptjTWuFHVBxFGtB1cJlciiKrdytMSE3oRfjW4U3yiaPGaXsSGYQ88KmvWQeipuk0bxi4mLSvDWZbeFyXPWfjFCl22RywzNf9yb5+VrqnZ
DGGL2IopqzH/uoGAb2Jz9Ql+bz9ce25+TeGGoEQFOva3uedQLrXOPFEuKcXx5ApvievfN0sw48mJ2Sxxv2yiBHlox3sq4LceSUtzX0H5PWU7bnFPa1gXb6ka
DXDakB7KoJBOkyuBrXtlrMbIGDLLbcVppM2WXolF+i2DGp8+5hE=
DXDakB7KoJBOkyuBrXtlrMbIGDLLbcVppM2WXolF+i2DGp8+5hE=
bwwOd80xA0j9RWH/ntLA310H8IOWM06p9VbD1eu8tHfG6qzItuhVxaVVeBQUW+pvUdGXS14T+uiCkLbp34b9hJm/gaORh8JIg/oUTNa9P9OFndrk1J2Qdbrf84XrCPjNxL8juE6rLh2EIGF+o685JlxqFoTj/wAZDeZM
