hsQjwov55sMVvLRaN/NddC4ahDE518J9w930udjjvlhFKLLeJqkwSZYYY9rSJJoYvMrnlI6QRTZiSkhJnPb8O2gQcdacBkCRjXc5ZkwNVCZfMnCK9bqL0uuquR6tCNv8KhhpOrYUPiFXDMKL7lHgqbJdI6ZGFvXrewn+fo/VR9J0dZ69HhdUc+0PWk/nhaap0Q==
pmkTFJQ/qqvL7wZQ47VdALrvN0tpttjQsdqQmHNrhzUjl1SrmDo/pu0/rrJiKzTQajoSJmcHigGgFSlmI55ewrpBN9NbDt65zqbFhuLilx4xAhFue1b/fIHcMOx7MrQQRDFtKCBjPGW66ejp8U6ksk97AY189h0h3XIuAcz13NOuo9crOCf1sbypyw==
fzgowPVttUiYK/SJFP8FgJIcJzE3oHtj1bs1CtSQ21Pec5ZaMm23xNpb1wM6U2pTf9qbo/yKuLUEEnKLipo+C80ev7uO08VzRCpTbgm/yvqLPmqI7tpWXlv3JokE1c1uTy6iev5hMwsHnnJx6qbhTk5yy8Y1IlXWh+aTdGUclGTXwohoANHpcHxz0C3eaQwhnV54assbxXVAhrGpeTJKCSBFoGtqg9Nz5LdZ+Zip7w==
vEPxqF4yzQsQ6HaotF15wOj9ou62PXi0PVFyoV1d/vQURF/BzOaztmrbovXAktNRw5lFdghe8k3Iu0kgxb7qNWsH5orYj570hKC6lujuogSeWGyPoiZ+x3olGVoeJWc3l1PJx9e8EufIPiOmK8lihqMk4rGvcVmPme/rgH0dA96jtanE
WuhYZogEj5E6b6kKr8CxRMhUnvgISaZQXWMzVH4/6KS3BGi8BWCedJWBTlCMyN9VZFNicpI3gsHIjqM1m9WFouCiYslwFylUjeLaEXML5p7ws86w/MwaImByUuBGlCzbylpuw0IJ+a7W+deTD99JU38AwiMw0gOSI9US4vtoImVHjckLIUOL9DVBM/q7uanQ
5jPSktezwu6q2t9clDSiIshUnvgISaZQXWMzVH4/6KS3FWCyA2+fJpWBTlCMyN9VZFJicpI3gsHIjqM1m9WFouCiYslwFylUjeLaEXML5p7ws86w/MwaImByUuBGlCzbylpuw0IJ+a7W+deTD99JU38AwiMw0gOSI9US4vtoImVHjckLIUOL9DVBM/q7uanQ
2xAqIAZ7H2A29wvnF+zSwukqJgQE0j3+jzEtAKRIEzoeYB8ujdKHOky+eyfC2YX0RlNlIDxZ+rP7g107ANr39oU/RmIoTq1AkvpKVl/nQrHIlYGW674m8mKBj0PDrhZp5qbtVipCD46JwsleA3Y3jClcWFyz0oxgHPGVuLgDdLVS6YC5Oa48Ijc72X1EllWRNfKGcYTVJOP242+7oIe94ZSp4w==
1ebUILou4Nm1meeVDXGFjodIO+PE3sfj9NHVmKOR1Uupgh77h6NBMySqsy5pvyo67b6JSI7atp47d8ZJZNXtru+uArreYRPLpx7SscqmwY7u8msGFSJ1FidmM7RFHPSkN0LoqODRibCc87DtPmlsYX3eGCorG6U1oAbR6ZkyakmAxQArSoPzM0Q3+bm4qc8=
reJDcgHv6/fDJ+udXK2n6GTg5wsmp9/htL7FLMck4sH2KvrQzcP0TVJeD9oj1UhDOzyRj1ZyYB6fHzDpiuAusRJ7LGAbd9fjZUjUvGr7bPEZDsmsAvPfnWYUZE1m4oCKythEXCriSmIM8b4EpjGer4k0UndPMWOJiZmrPqoxDNQTqEe7KiA33kIP8xNBub0lOy7xj2uYl6+p2g==
KctU7IJLIcKbNCzM5gFToDNiaxeTOC/LKD7ry4CB4UBAWydBmJmqE2sD7VuwGifW9T+2Qn8OHaAietr2j6cykdiVkfbbfvaS8gF/47PuxonWpt22+gJ/LnlCWT7TtgfsOVxIfMOSXMCMcSVYCEMklaLp8JnpboxCh7tJ3RRWpbEl8paRtJV0A2ZjHxtQR+2BpKnT
dssk0N4MboZhvtt+X6i+GConRqyGSmUNMH8yKBzalVk5SmuaDXXe3ARMX8ncwZKeOpPivZA6c/lTEcX+mPZS5ZjzCWiVlsodew/mgsinvtzU6PreuEYCrA7Q7Acyjt5vKm1ZEk4NRx+HW8nPx5Qyz5h2Y+57YcIuM6xiOT/Z+SfJp6vILTUj9rO9qcw=
S+mt040Be4tma9zpSZio8lYnX2YOVEA9Oiz7fjgx+AMMyss+Yb8iKhRfoXjWms7Ok9deuexVZR53zmrqZqHLO08+6qHCpsme1tKD9s3izUZPBqsEzZx8VK/iQPiYkdGAtBNI/TZpZHEFvjAa89td5QimSZkRsuL5GCXo+/LDq0MsF8GpsKnH
j+LsxJ3p02ZqTTuwkuA+r4dSN+7Gn46r68aMle/Oihmrm1/7h6NBMySqsy5pvyo66r+JSI7atp47d8ZJZNXtru+uArreYRPLpx7SscqmwY7u8msGFSJ1FidmM7RFHPSkN0LoqODRibCc87DtPmlsYX3eGCorG6U1oAbR6ZkyakmAxQArSoPzM0Q3+bm4qc8=
Xaig07V1hIrmdrbjgbOrykIrFZ6HGmCJ+d6Bu1lcNHCCGNSPqlbN4GgVVXnHOtKB4Mre5CwHDmr5SwH15BEkIcr/UcfJ+jlhtDghd/YqsDafN+CzKxme2dJTXFj7L4cL5SAEZArDnNlZ5nnUoiuPtWY8NJXGmjBiivC0ZEo6mgqMGe5cRgnuh0lc4o/vabOhibF7ZgrJvLzTgDeDynhnNsJnI8shgU0Ne8ZB98tAx4ep8g==
WX1YF8xKNcl2k5ssl+5I9THLdZDFIzOy3Z3j7pdvsj2L8Yhp7rr2rlh+KncpZRGsHZukZu3FnqwkXF/Z/L/TL9oDYi3wirMJcwHF7rgGklX4Y4n4dSaKbVsf5pLo1/5sNHh6Ttj2wlwuwOwXEn4e30r92YKuvQdvp0vJ3+fkcn945uN+G9EC3hO8YikfKTmXqTcrWM2FY4aTranc
9unUYjdjhJPQ1ae+oha4K9qcj0EZL1WM3TcjvtWZ49LvW0IR49VotbbuJmIQOuqLkRGhQLX/BPp1UQ4grNjfZQQLo4MypwJxKF7jRbvFhZKA8qI50Iep5G0ymmFTG+aukOMOQFxcmpKAohKQZoQs66oKrjPimXkeNimX4y/PSWMfUALTkEKDIsMFUpLbeCJVJ90J+4HTC0TVkXOKm6mp4A==
8DiJMK3bJDqs/TOfYxTfasAkJP3675gtNSeMXwMrJmNTbdjGlGVS4Dw8ZarvnrV6GgOCNdUjaJxj78qSvTJHf4SmaAdmlMCqmII1T6gVqjVjMoEWzGbwER3XSSac7WQmb9KgyoUaG1JbyuneXSjL/Dr4WXrmtM6hx2xySz5xkKlCfXPm9vZlawupLr6/tVfSZFXu/c735PN9r6qPt+WWqeE=
R7OLte+YDOpPAY+1KmXDhsFSs7JtZHUBpb6pAduEqafj0OtdShvv23inovg+eAwkyum194kqmRE0iEGnNlqQJp8nwM3ryf5pUiP8iLsfZxvlMGRUypM8KdlWmYTi26+lZiwUZYbK0NIKABQ0igr6GowJDmwG2U73yeyCXy8Zk7GJoVsWyhncDFPwl1OKSIcmwndD++HR7f37dqGni7Dnl6ni
rJzQ/sfqy3odOcryfbka7IdIO+PE3sfr9sfHzK6YyxmphFevyfYzMySqsy5pvyo657yISI7atp47d8ZJZNXtru+uArreYRPLpx7SscqmwY7u8msGFSJ1FidmM7RFHPSkN0LoqODRibCc87DtPmlsYX3eGCorG6U1oAbR6ZkyakmAxQArSoPzM0Q3+bm4qc8=
LWZJeXtqqkt81JIXG8d/UoOhfEwE1DxWUSBdBTcKLz4pwEBIXoxZSwYWyIofi5iI3CrmZTJvJGQLk/+3JRx8WPp/5GW52gFoUpf3iWYATCk2JkheakzM2LoG4jZMpZbgtjWWu6ngmrMfVcsdCQ0DWvr1xAAzvE+/OsQfigJbW/fRPTWxm/o5Szv8v7upzg==
Xq7GD3P5mqyJ0ZUsiE06QpbGqRId1mlwe4QBB7a6UAafBwAnbGa+CVIDPGg7vyd75dCk9ErzfAnZtlkkYrvvhWYMVAUGahAyCiBUVAqqOvqMaU7MhjmO18mMwv+v+VORiYGb9kq5nGxT0FezCujHRsKXg1thsa3d+5ZhBwvQp7epwg==
HMzOSuTsC5ez5oVREfz3OnUftqJ/z8nTL6+qEh3yp3/k5sOAiVTgqvjClc9I1Yo1A3Ihliym0BF9l+mmfC1EJk8SQEolWntSewoJXv1oq/waOLn6RvSuoeesksueMfCpor3TZpa2RWvraY4+3/V30oSVTn2ut8TznW8KD9eltqnB
z9QAqLgD3HSQwuHVaxuna5TGqQMfwG1we4QBB7a6UAafBwAhbGa+CVIDPGg7vyd75dCk9ErzfAnZtlkkYrvvhWYMVAUGahAyCiBUVAqqOvqMaU7MhjmO18mMwv+v+VORiYGb9kq5nGxT0FezCujHRsKXg1thsa3d+5ZhBwvQp7epwg==
9BMlRoCiESdmHCLrCTixSHUfsLRj0snTL6+qEh3yp3/k5sWAiVTgqvjClc9I1Yo1A3Ihliym0BF9l+mmfC1EJk8SQEolWntSewoJXv1oq/waOLn6RvSuoeesksueMfCpor3TZpa2RWvraY4+3/V30oSVTn2ut8TznW8KD9eltqnB
BCOHEN7eaHW0W3MKprUywnUfsaJx18nTL6+qEh3yp3/k5saAiVTgqvjClc9I1Yo1A3Ihliym0BF9l+mmfC1EJk8SQEolWntSewoJXv1oq/waOLn6RvSuoeesksueMfCpor3TZpa2RWvraY4+3/V30oSVTn2ut8TznW8KD9eltqnB
zVc+TyPl+4Lgce5VC9e5kSxjIh6ONyjOJXelx56RtRJSVicSy9z4VCRRvVuwGifW9T+2QnINEqAietr2j6cykdiVkfbbfvaS8gF/47PuxonWpt22+gJ/LnlCWT7TtgfsOVxIfMOSXMCMcSVYCEMklaLp8JnpboxCh7tJ3RRWpbEl+pWRtJV0A2ZjHxtQR+2BpKnT
Z0wKztLbC2vjw3zty9u3VE1cvM/pjUoF2+xzRC5vbxDbXfEPcx0MdlQHkquWt2t+8sD6SVZ3QpP0aoNOeb862tr81uh+Wib+i7cWaRTV3U4/7nIaTuGjq/feIpHaptGuHjI7ZqWi5bZXJuNUdRyEhOeCWMhwUXkQzLOADS5pfAFNHsiKW5s11RBGgclpOlkp0AXwi9oDQ9OUd4mZqKnf
yAAPYOvgRqkuwqD/ChzRY533vea+J1FoJ7yqueFFVigHXtTB+EmvOx0sVX5z3bmzlLvZ0Jk4KVXIxvB3wLSibXGicvE8o6ST6wYEOBzrxnt5ZRKYoMHuQgYbEiSDHv6C2kHXEzuOfnnupuVGQmL33tECcS7b1l88odzQrBuyVNBkMU3ogONcpVrpiKkRzgTyb3shzRx2/eG9eg3BbHV8E06jt2vYp1XxnKnr
yAAPYOvgRqkuwqD/ChzRY533vea+J1FoJ7yqueFFVigHXtTB+EmvOx0sVX5z3bmzlLvZ0Jk4KVXIxvB3wLSibXGicvE8o6ST6wYEOBzrxnt5ZRKYoMHuQgYbEiSDHv6C2kHXEzuOfnnupuVGQmL33tECcS7b1l88odzQrBuyVNBkMU3ogONcpVrpiKkRzgTyb3shzRx2/eG9eg3BbHV8E06jt2vYp1XxnKnr
tj8GXSPvx1bc4fcVExcdHN1+eoI4+x2c1PDHv5HticJ/tdZorRMeUJSo4NkKXAJG9rlrpH58FQ4cOKRq3F9hB2jZuuhhaSWHc3gOWh2eSpBiAcOhNELC4eQ5taXtJpLAgJgQiwyfrPoKCrmRSYaEFEiRGjrqW76cN86qaqahi7uPPqohAqYJHpbSQ3aN4g3GjwbrhA2cPNTv4oB42JERAPQTCH32aSTxxb7wmrPbnWVIpokZ0bihedglqHuyw2vDbBcBKfCphw==
EJILbplGIOBjIUdviWR1794gfmfYAjsiR/SiHi6M3J0I4htGVQeFfLWk4GRJ12aac+saVxy5P2XUv9Qd1boaOYxwFC88rRzDZyzFEwUbRvbpsC3QrHecUrZX4mkN8r9XkodbN11cM1K+/yLbJNHF+7+Z8An+oLdmznlG4z2LxG3rG8bEimNc+VmGubQiS0/VZlz09Ub68AKK0HTEyppaKow5rvzGqa6nSbyib2+J80GJUTuGiin8XNOgdyNK2CcWyETja6EhjS17poGXSyAH56mS
ynK9etAoB4pY9waej3MndBEMbyIkE4M8EMA3DqKqssAUInwuSCE/CMg2c1o7mostaJI0jGMUPlKsbPTKjJo5f9Q9fvU3Wj3mQP5kselvBXZABVAmWzp8msmi7/LPUmUu4UCfPO7QJUrqrNrB85S+G2LZZCk21a82uo5Rix+xIo5DnQOYs71SjUJvcFMJF2Zf642iqdU=
TyKTAZVgimaNw2BKEujs2ayt1krprUlYtj1ME2RveMnen59mRIv0jpJ07NoZg3gR7AQxF66/XvnSs5w4e89Ha+XARASKI9y5WcY5dCKLz5VmHHQ1RjpwQoqQ9ITKWtrqjHkuvMZpLmdJfCIvb8lzgYmRu8aKaXyc02D340qYp1bIhGOroWENbXvmAVdL4IenqdI=
vXEm9mAaUo4fz0utnbg0VxHwceNAc3KpuDEXxJ2rN7XGfkhz0iuOF6vpTj6fdbfYxxWOfe43BPPd78oPlyV2qQE=
OvxMmtH9UZlOxLJXe/13JTnPeZjAF2Co06Cs/o0m0T/Yy7RH36/lvFs7bGg/JlusFY+vRYCczooQcUWg+uCJcYYDezy9l/UNcEfL9boGklX4Y4n4dSaKbVsf5pLo1/5sNHh6Ttj2wlwuwOwXEn4e30r92YKuvQdvp0vJ3+fkcn945uN+G9EC3hO8aCofKTmXqTcrWM2FY4aTranc
7y414G92hXdpGhqf6zeFM42O/r+LL1DsEpXM8i0D4l0mcSFJ6K8bUwy8S9RztSf0pvxDjmkg2goOaVhpQ8AZ/RoQIGSB6654K8TMP8krvffQApMOyTiJM6ATB1iD9Hb0KKOyG1zNOE1wFXnG014u4krBZ/NLTk5Z/qb1ZnKihz5hguFOC5YP3NHc4IzL8oRw9LE9SDCjrMVK6ZhJYQ60Up/7sW1Mtq3BjX/9oby1LPPeIwcLKOdl0Yyp+w==
+3pOt7RKmuuHvWfS8/z3uChd1vo8sT8wEDoMD3CO6dQUHX2Wli7e34zSDVJ/wTfc/9gnC+ow1w5PXJMDAQld1bse0f8riDd/qQo=
e8DcVRlbvk/caK5oz8l07pyzTw1KpHa8NZdfPKyFLM6+mdZMJwQ87vO+ipIeRCnpyy1xpKqO52G9GRFlQwDo1E201QNUR4eDlRVfhusp4ibjRO/S79HZb1nP66A9fYN+Y1WpJA==
Vj7XtS2FiOxg7rM4AXiDhDHe5PvT8cM9bd3TNrhiRmGEUl4WDWXH+KO1gUJbRB/lHPVaIXV43ZNcSzZJPGnr1LFjUzUiNmRjrvMKd2/RUs4z/VOf4x3izXJPwNPZN3afe21SqSU=
Kxpr2plloxN+G9fxuANVciy9lQathGIWMZ3jiGd9LSL3zJt1uC0GYamguYNYQ1pp0KGvZFXbL7XejgDTartmV4PZVt7XpQ9fP0VGXfbHbDN1fzJvXxVuqRk=
n1J4Knrs6UHcpLNjn4KXOMkSiGRQhmA3s5FmFjWV/5iLRUkCE5S3hYRlwqHt6EUzNJv+CXRZA/TJU6s1WgacQ8bDwrcngbpuq23LH3uNei3aHwgTkUdef0Mdaqkd
75MGAeY5n5mmCxHO0AhQzOAhp0FhtEEthJFmFjWV/5iLRUkCE5S3hYRlwqHt6EUzNJv+CXRZA/TJU6s1WgacQ8bDwrcngbpuq23LH3uNei3aHwgTkUdef0Mdaqkd
bUpPs32DQshx11U2hkFcavrAoBn2jzM/4JazGXkAHcm/smU4IR0iiWTBSwTja+I3iLmCFVUsDx/t9RxKWpuQjzSHUa1sNo2B7X9dYVw1zDN+I2dLSGdFEWypGw==
+a9gxFUOr183jbqTyrAoNp33vea+J1FoJ7yqueFFVigHXtTB+EmvOx0sVX5z3bmzlLvZ0Jk4KVXIxvB3wLSibXGicvE8o6ST6wYEOBzrxnt5ZRKYoMHuQgYbEiSDHv6C2kHXEzuOfnnupuVGQmL33tECcS7b1l88odzQrBuyVNBkMU3ogONcpVrpiKkRzgTyb3shzRx2/eG9fw3BbHV8E06jt2vYp1XxnKnr
xXM4shi73SjCcha41KD3iyhd1vs8sT8wEDoMD3CO6dQUHX2Wli7e34zSDVJ/wTfc/9gnC+ow1w5PXJMDAQld1bse0f8riDd/qQo=
E5qrWsuRJPJM542a5MzbfXzrQ7ZGM+6bmdzNgzYC3fg4DmMxeH8JxTWUtxN3FJWBEra9Gsc7eIHB+5YnZJ2PUNQftX+VkeM0brE0kH3gJNcWYEtchGWIhLBeOg4NoPJxAadWbSSinNKkri+OuKQ46XnF/GbCBd5RLxGf9qC0WlBqD67fjv5wwmPl+1b2IFL5oN5o+3z4DSbw3lQxOU+VNlBloCarWmzaWYI/cv9y1e7R4M88vjBVippMqkGjdC7bcnnUKYZ1v3Yq7oEL79HSzrP9059jHWLN8k9A01k39p/7bdKppQ==
fhG9jEhRULQarMSnGYXPZjPWhDtMX0/JmR9yGleWIf9YeSi5vRKB7RsLXz7SBtc4DlvNjHX4eWGEKfT4Y+jucP2UVjd4R1DDV6s4FFrfe4P+3Kw1FzsQLci1tvQqee2EKdHtpSAfViko0AYxPqNlzLtL9lOXTeXSp/BuOV7xLM/hCX/vXJNmDkMkvl9a6RV1gD9LjUp+ci0IG0mAhV5qFatn5uoYrx4UxAC6NiiOIiTeuGxv4gb+p7qFGfpexecXVzPJpxeckgeIniMG66nipuPE71LvUdnvWU/rID39g/5j1amk
4rmwgudVz8SilMdE5GvAFMXSv8VuqDuBKKAIz+Wh16DPWVQ9Bn7+bX5ixRvzk7hyRwPYNUFPVdgUkIQ1diJ+56M3Qq+EAZPgcvJ/sGg6VLHNenCJdkyzmBPRGarcS0izbosnuLWJ+dHruuwcDdmrL6yTafAy4KCVsJXvcGNTe/QZ4LZ/O8mJD39Jl/mdrw5Jz9inw7DqOa/VeuReplt4+dlfCHd9jTXhoyLR/7uC2394XuHWbDknLBm+Er0Gj5R9UJafc/EYmCqSJXSiYSSJNZgJTsPPvh2mOIvjOHtJr8cGDBZo/L4UR4fkeB4FN8K27/RptxNMWGf4FExnJVrGUs0KCe4UBiKsq5lvn15DMXVsH48ECJabLq3o24eFreEsUi3i4QPJCxbUTDaA9ieaX7rW7JKPnQ82Ynh+SZz2/DtoEHHWnAZAkY13OWZMDVQmXzJwivW6i9LrqrkerQjb/CoYaTq2FD4hVwzCi+5R4KmyXSOmRhb163sJ/n6P1Ufed3WevR4XVHPtD1pP54WmqdE=
UpGWcJfKfByErG6Ecjl2aqo9pxtdZByCJFso0UXkcL/WhyElhLxtRChpxbkBjXXW/ApHMj2pU1C7GdkPkv8zmh8X27EXVlGlL/i4TyCIfCF8F3EIsL/dBxIIcP5zvtZF/dsj2xFYPDQHcml2yHuw5D8IT8k5xgTjXvvd/VcorFoFCMTMGmlbWqeiF4JboPWUqQ1JytKo14H0wof4GINif62rqawFN7O8Q36Z/pAGExIkuN/dtA5i/Ue8pJQ8lSF/GSeNxSwAF1C2c/IvdwPuqOJKdd1DARc+YCbOVanExGJ/vNczFuls/bAff5oWbzJsUeFWCt5Gw0Jyg681Vgs7nIw14phwVkr16Ik01gvYE9fFsvXplQCQuQjghgAKPDvc27L8p/ddpUKHwO4JfmHs3wF5f5+8g6aeYxQ+b3p5VWXgz0t9Km4yvSgrybClzqoFSxfmmvi/3oTkMDoGCB5iNL5IbJ+CFr43mrWZyn5VJwe3Q8nX94xSl6iuozbLOaK2gzTuoo9BmX95f2sQHW1D7oOlqdQ=
htL3bo/9MDBIZmKLFt/n32ZpaBfsBcGwnotfCK/t7mBt23pXiGbwvaAZrjNFJemDQtXeajTALYOpeQhI8XoAbkTQLr8W5nRomn7IfCE03myNJyQuSIeP9+8sNOtd0BT+aWguVuIxexY2UWBA1ajVfY8yeod+01iHAeDjJX9hjfY6BAu1ne8a/+9o5KzGpba5uSjF382UryyQZy3lT78ZxQEh28M4Sfm04RsmZl8fE1byRoCXzplv064vK6Ez0cVuB2c97m2/TjLnzrp1QZyfEkTlIIOiHWZaOetntF4a9ClieidIP7UuZQgb2bJ7lv4ndaDdhZmnMAAwMKoSkvfhqK4GA1v0dlmY7y/FAD5X/jgaP4PWcDJ7xi/2AirkHM0V+UcYLwd1WnPJ3J4a/Z5rxM2fo2FXTOShRLlV5Q0msgDgGHBLLJ+MuuqKWdFphuTUKBG6+spbXtzXTgqqhqHrey++CmHipuleNlLjtu3iLQYvhgvE7ZwcFE9i4Li4kTFAFJPoPdZpBDGlPpBak9t9JagmKVnxvsG5uKUIO5LDi4PMl6HpkKnn
0f6hJ1rIIe45soaipE/+Yo3I6O7gGZlLNeYImtQVMz/nvFu2mV3qJGxl8iCq1cVTSdcotPym5cRkPN3l/R3it0jgf09dv4fTgTIkKdhI7AkaOPN3nLnX0DlSYO8hJBjTuCysbRQjcTTI+y2rmpyQIivaxknVr+MnqdyM2M8mSWrQX+Ao17zPdcECdM9W772hj8w81q38hLAibWs273a3HsMEJdjBOUn2quwnLXxWZyRA53Jzhd9pUL2zA1CLKrniiCJD3swMX2FMyhLRT6jEyORxsfOx0825FAQnPP6nUrPvpz7kin514TtF55Losi6J8aDUblfIF8+ubdwReEtfhg5LYqC5Vda2JoKzbnqXz2mO76sQJMGi5EhSepmgXZRKk3zDm62G9dXtRGAVgHRm3FJYK9DzxjxbT9kVrk+UzhVmRbwT6c3/I0RH1rJrAF4zop3F6Ug7CwESagLRYP9pLD1qekkjI+amgPsuKGyk2tpQenI4ljysYzqSDttS4bnWZnF3y1/3SWsPSCK7oLrDahPdMjorwK7et0WpEzGry4yFyZOi65Gp6A==
MA2UNZDiYXJdnjE/EfrqJuY1lQTnKNxI9Gv5ccFW4d0sXw9X1RQMtNOpWYdWoI1ceId/HT8oVR5YHtYMP2Fjz6LrZXU4t3NUBG4PjljkmGnZhRdj5cW+0c9Rv/bA9LrQys/O326+0EIDJRtW1uAyeUCeSPscOK2mUB40MRkPNbYwpYAmi5oMWvnCH3KfsnVucSCvPJ5wtQr6jIpBQ7ROW9I5NCnmtR/2yq7hC8+RMk7TPfOeg13CTVIPoNN591YfGy3yqYU=
GNFqq7skbwcBjdfURryN5k8QLkdnGIK/qEh85YiP0L6m0abvkneIr7wzJoNizKWYupeYWVCHf37s48aDJCXRj/3mDJZIu6ybX/HqE21j43XaII0T+SGBWUuOvmlI6wyP5qoGm8WSPdvtqzwNbs8MinYO5m4zug+oF/3r/31UI4r+p7JTRJk1w7+hAEGeKCc+jqFW6x1DdBVr43aMqmtMoZleKTzCgz/tZmSEPaZyYNpKiGTM6tLq0gxBHjTmob5/CeQy5w/BA3mJacvO6qFsBJN4ZytqEJduTrxTI4EpnXW7fhEfq+h336mq
15ce2OgY5U2anLEAVPgskE8QLkdnGIK/qEh85YiP0L6m0abvkneIr7wzJoNizKWYupeYWVCHf37r4caDJCXRj/3mDZZIu6ybX/HqE21j43XaII0T+SGBWUuOvmlI6wyP5qoGm8WSPdvtqzwNbs8MinYO5m4zug+oF/3r/31UI4r+p7JTRJk1w7+hAEGeKCc+jqFW6x1DdBVr43aMqmtMoZleKTzCgz/tZmSEPaZyYNpKiGTM6tLq0gxBHjTmob5/CeQy5w/BA3mJacvO6qFsBJN4ZytqEJduTrxTI4EpnXW7fhEfq+h336mq
tsHawlRZqHpRglNsDzRQFU8QLkdnGIK/qEh85YiP0L6m0abvkneIr7wzJoNizKWYupeYWVCHf37s48aDJCXRj/3mApZIu6ybX/HqE21j43XaII0T+SGBWUuOvmlI6wyP5qoGm8WSPdvtqzwNbs8MinYO5m4zug+oF/3r/31UI4r+p7JTRJk1w7+hAEGeKCc+jqFW6x1DdBVr43aMqmtMoZleKTzCgz/tZmSEPaZyYNpKiGTM6tLq0gxBHjTmob5/CeQy5w/BA3mJacvO6qFsBJN4ZytqEJduTrxTI4EpnXW7fhEfq+h336mq
RP5oEume3gviIEzj5h+uxE8QLkdnGIK/qEh85YiP0L6m0abvkneIr7wzJoNizKWYupeYWVCHf37r4caDJCXRj/3mA5ZIu6ybX/HqE21j43XaII0T+SGBWUuOvmlI6wyP5qoGm8WSPdvtqzwNbs8MinYO5m4zug+oF/3r/31UI4r+p7JTRJk1w7+hAEGeKCc+jqFW6x1DdBVr43aMqmtMoZleKTzCgz/tZmSEPaZyYNpKiGTM6tLq0gxBHjTmob5/CeQy5w/BA3mJacvO6qFsBJN4ZytqEJduTrxTI4EpnXW7fhEfq+h336mq
yqafGR1SX0l32P0QLbv2Sk8QLkdnGIK/qEh85YiP0L6m0abvkneIr7wzJoNizKWYupeYWVCHf37s48aDJCXRj/3mAJZIu6ybX/HqE21j43XaII0T+SGBWUuOvmlI6wyP5qoGm8WSPdvtqzwNbs8MinYO5m4zug+oF/3r/31UI4r+p7JTRJk1w7+hAEGeKCc+jqFW6x1DdBVr43aMqmtMoZleKTzCgz/tZmSEPaZyYNpKiGTM6tLq0gxBHjTmob5/CeQy5w/BA3mJacvO6qFsBJN4ZytqEJduTrxTI4EpnXW7fhEfq+h336mq
FYylWi1wjextn4Qtko+xEU8QLkdnGIK/qEh85YiP0L6m0abvkneIr7wzJoNizKWYupeYWVCHf37r4caDJCXRj/3mAZZIu6ybX/HqE21j43XaII0T+SGBWUuOvmlI6wyP5qoGm8WSPdvtqzwNbs8MinYO5m4zug+oF/3r/31UI4r+p7JTRJk1w7+hAEGeKCc+jqFW6x1DdBVr43aMqmtMoZleKTzCgz/tZmSEPaZyYNpKiGTM6tLq0gxBHjTmob5/CeQy5w/BA3mJacvO6qFsBJN4ZytqEJduTrxTI4EpnXW7fhEfq+h336mq
0HzoZJv1TPMYkz2/BA34UU8QLkdnGIK/qEh85YiP0L6m0abvkneIr7wzJoNizKWYupeYWVCHf37s48aDJCXRj/3mBpZIu6ybX/HqE21j43XaII0T+SGBWUuOvmlI6wyP5qoGm8WSPdvtqzwNbs8MinYO5m4zug+oF/3r/31UI4r+p7JTRJk1w7+hAEGeKCc+jqFW6x1DdBVr43aMqmtMoZleKTzCgz/tZmSEPaZyYNpKiGTM6tLq0gxBHjTmob5/CeQy5w/BA3mJacvO6qFsBJN4ZytqEJduTrxTI4EpnXW7fhEfq+h336mq
3gQA0PQtbypZ5JTZe4u38U8QLkdnGIK/qEh85YiP0L6m0abvkneIr7wzJoNizKWYupeYWVCHf37r4caDJCXRj/3mB5ZIu6ybX/HqE21j43XaII0T+SGBWUuOvmlI6wyP5qoGm8WSPdvtqzwNbs8MinYO5m4zug+oF/3r/31UI4r+p7JTRJk1w7+hAEGeKCc+jqFW6x1DdBVr43aMqmtMoZleKTzCgz/tZmSEPaZyYNpKiGTM6tLq0gxBHjTmob5/CeQy5w/BA3mJacvO6qFsBJN4ZytqEJduTrxTI4EpnXW7fhEfq+h336mq
puKaX9Sg7qwfu+QDM2PtQ08QLkdnGIK/qEh85YiP0L6m0abvkneIr7wzJoNizKWYupeYWVCHf37s48aDJCXRj/3mBJZIu6ybX/HqE21j43XaII0T+SGBWUuOvmlI6wyP5qoGm8WSPdvtqzwNbs8MinYO5m4zug+oF/3r/31UI4r+p7JTRJk1w7+hAEGeKCc+jqFW6x1DdBVr43aMqmtMoZleKTzCgz/tZmSEPaZyYNpKiGTM6tLq0gxBHjTmob5/CeQy5w/BA3mJacvO6qFsBJN4ZytqEJduTrxTI4EpnXW7fhEfq+h336mq
Zb7UJjLaaziAcSIOPKHLJk8QLkdnGIK/qEh85YiP0L6m0abvkneIr7wzJoNizKWYupeYWVCHf37r4caDJCXRj/3mBZZIu6ybX/HqE21j43XaII0T+SGBWUuOvmlI6wyP5qoGm8WSPdvtqzwNbs8MinYO5m4zug+oF/3r/31UI4r+p7JTRJk1w7+hAEGeKCc+jqFW6x1DdBVr43aMqmtMoZleKTzCgz/tZmSEPaZyYNpKiGTM6tLq0gxBHjTmob5/CeQy5w/BA3mJacvO6qFsBJN4ZytqEJduTrxTI4EpnXW7fhEfq+h336mq
XxGtDxOLIftvLWC6y5JFtk8QLkdnGIK/qEh85YiP0L6m0abvkneIr7wzJoNizKWYupeYWVCHf37s48aDJCXRj/3mDJdIu6ybX/HqE21j43XaII0T+SGBWUuOvmlI6wyP5qoGm8WSPdvtqzwNbs8MinYO5m4zug+oF/3r/31UI4r+p7JTRJk1w7+hAEGeKCc+jqFW6x1DdBVr43aMqmtMoZleKTzCgz/tZmSEPaZyYNpKiGTM6tLq0gxBHjTmob5/CeQy5w/BA3mJacvO6qFsBJN4ZytqEJduTrxTI4EpnXW7fhEfq+h336mq
9Q/WIevTiZJT3l6JKI+vNk8QLkdnGIK/qEh85YiP0L6m0abvkneIr7wzJoNizKWYupeYWVCHf37r4caDJCXRj/3mDZdIu6ybX/HqE21j43XaII0T+SGBWUuOvmlI6wyP5qoGm8WSPdvtqzwNbs8MinYO5m4zug+oF/3r/31UI4r+p7JTRJk1w7+hAEGeKCc+jqFW6x1DdBVr43aMqmtMoZleKTzCgz/tZmSEPaZyYNpKiGTM6tLq0gxBHjTmob5/CeQy5w/BA3mJacvO6qFsBJN4ZytqEJduTrxTI4EpnXW7fhEfq+h336mq
sRkGrqBl7ycSTVCSNhuye08QLkdnGIK/qEh85YiP0L6m0abvkneIr7wzJoNizKWYupeYWVCHf37s48aDJCXRj/3mApdIu6ybX/HqE21j43XaII0T+SGBWUuOvmlI6wyP5qoGm8WSPdvtqzwNbs8MinYO5m4zug+oF/3r/31UI4r+p7JTRJk1w7+hAEGeKCc+jqFW6x1DdBVr43aMqmtMoZleKTzCgz/tZmSEPaZyYNpKiGTM6tLq0gxBHjTmob5/CeQy5w/BA3mJacvO6qFsBJN4ZytqEJduTrxTI4EpnXW7fhEfq+h336mq
PuY0NfXJZYzOkKhmE1nu7E8QLkdnGIK/qEh85YiP0L6m0abvkneIr7wzJoNizKWYupeYWVCHf37r4caDJCXRj/3mA5dIu6ybX/HqE21j43XaII0T+SGBWUuOvmlI6wyP5qoGm8WSPdvtqzwNbs8MinYO5m4zug+oF/3r/31UI4r+p7JTRJk1w7+hAEGeKCc+jqFW6x1DdBVr43aMqmtMoZleKTzCgz/tZmSEPaZyYNpKiGTM6tLq0gxBHjTmob5/CeQy5w/BA3mJacvO6qFsBJN4ZytqEJduTrxTI4EpnXW7fhEfq+h336mq
dp8+eRNERmEuhNmPHecDL/1QNKC5CVFI8w62no00/tEEP0yDMZyk467BNvP9Bhu9jmQGdgJFINCDcK+u4zoX327gOAROFBvwF8RAN7G7fwTpn0QPwuEM6xixKSvpXSxxETmIbK6yCrkr9mp6C9qWbVgPxFtGPo7/ldYVz+2/FEk+q4Qe1ts6hT2+J/VWqUN77bDrXt6zujcU3Z1XPzWoBc5MLyqudZ4PjcfcQSu3Xoi6j4R1OcqhWJLHF/lmcKx59hboTupcrCj61sKGTBW2sHZFdqsp8DqDX4Wr7Qn9Y4q6xWQQs6yvz/qUPzoO6Hsnkc1VoRvqmXv7rF/Lqb4=
nvhxZKKTuLCz+CfdKXDVO08QLkdnGIK/qEh85YiP0L6m0abvkneIr7wzJoNizKWYupeYWVCHf37r4caDJCXRj/3mAJdIu6ybX/HqE21j43XaII0T+SGBWUuOvmlI6wyP5qoGm8WSPdvtqzwNbs8MinYO5m4zug+oF/3r/31UI4r+p7JTRJk1w7+hAEGeKCc+jqFW6x1DdBVr43aMqmtMoZleKTzCgz/tZmSEPaZyYNpKiGTM6tLq0gxBHjTmob5/CeQy5w/BA3mJacvO6qFsBJN4ZytqEJduTrxTI4EpnXW7fhEfq+h336mq
wZ0gbfUv0upb+8V7bEeP5YZkHMNMgG59Ilp4dreVI2DrjMT9v8KghVlKQZ2zrqWmISGvVmJESXSQhVX7wCEr8DLF0QM9/+oHVOBthf41mFQNWX6gd4ab0HbXE/z5u7vkKgwi+lBex2QgWWOzXG0utv76dmrl3tIAqmH7UZbGKNGcGX01deaqsEh4iNvkn8QqkmrxYXHGHIQAseIKgtsW7A8u4vo+YfOLR54y8SqmIc4OcotG9SKVVsfm0/SlHFTkF8LI6EDRKfC8c5CtnmnMoV1eOOqLGwX1gIbxKTk+CYngRWDrKoOT8yS3mXnYqa8=
aLQORzAJCTWzDx+UCQp4Mv1QNKC5CVFI8w62no00/tEEP0yDMZyk467BNvP9Bhu9jmQGdgJFINCDcK+u4zoX327gOAROFBvwF8RAN7G7eQTomEQBzeIM6xixKSvpXSxxETmIbK6yCrkr9mp6C9qWbVgPxFtGPo7/ldYVz+2/FEk+q4Qe1ts6hT2+J/VWqUN77bDrXt6zujcU3Z1XPzWoBc5MLyqudZ4PjcfcQSu3Xoi6j4R1OcqhWJLHF/lmcKx59hboTupcrCj61sKGTBW2sHZFdqsp8DqDX4Wr7Qn9Y4q6xWQQs6yvz/qUPzoO6Hsnkc1VoRvqmXv7rF/Lqb4=
wZ0gbfUv0upb+8V7bEeP5YZkHMNMgG59Ilp4dreVI2DrjMT9v8KghVlKQZ2zrqWmISGvVmJESXSQhVX7wCEr8DLF0QM9/+oHVOBthf41mFQNWX6gd4ab0HbXE/z5u7vkKgwi+lBex2QgWWOzXG0utv76dmrl3tIAqmH7UZbGKNGcGX01deaqsEh4iNvkn8QqkmrxYXHGHIQAseIKgtsW7A8u4vo+YfOLR54y8SqmIc4OcotG9SKVVsfm0/SlHFTkF8LI6EDRKfC8c5CtnmnMoV1eOOqLGwX1gIbxKTk+CYngRWDrKoOT8yS3mXnYqa8=
pdcd/U1vb+2XNzHJ+cyviQyWxxoKVKZa9MzR/CUay//VUbhuCEVDd5ASGbjrQWOHrdav0fsRDeI1Jibsn1OnNrmA2qCnQq5i45QIUIThAWe+9jUz2zXAe+XtKR9oP1lj1Dr+wH7HU5wGHGv4skNwNfhtdiya4Y3cGcntvRBHNrGYCMbpDrsFlAvTdssnFYXKlyiu4e5pTJfREX/3bMsGlvP8fodq8XUtMKfLFfomEjU4w4lYNcYKTZt/5vIo936MdNh67hiWQnxuIOz3Ul6ev4pd2SLuXYdPZyvJvyfE8p84RuPe27GC/lNcbspfCbn3aZcr+I1l46ZTzam8
wZ0gbfUv0upb+8V7bEeP5YZkHMNMgG59Ilp4dreVI2DrjMT9v8KghVlKQZ2zrqWmISGvVmJESXSQhVX7wCEr8DLF0QM9/+oHVOBthf41mFQNWX6gd4ab0HbXE/z5u7vkKgwi+lBex2QgWWOzXG0utv76dmrl3tIAqmH7UZbGKNGcGX01deaqsEh4iNvkn8QqkmrxYXHGHIQAseIKgtsW7A8u4vo+YfOLR54y8SqmIc4OcotG9SKVVsfm0/SlHFTkF8LI6EDRKfC8c5CtnmnMoV1eOOqLGwX1gIbxKTk+CYngRWDrKoOT8yS3mXnYqa8=
FrV/wv76UifBtPYuyvu5pUEcy90/bS2acsn2+AjY+SoAK+MJt9I2b1fnJi3ppVotld240IKtGV29eXV8claXZq93WhVaWIRjtzFA3v4rULrM7KZtXLFOvB6Likm+ypz93nKVVlnkLL9p+OubaSDQ5LhO0s6lEHoRWZdObTySxLIsHodOULQwiQGVROY61eZxJwG3NkhE0vAyf7bflg6oYuuVkxbeMFrZmI4Qe8Qo9cb4zjxxkf8d1ohVuCazarQ60TKXMpdi3Q4pMHe8xmBtqpJcggHLBKZ7qonMKZ4F59aiHmnLx8Ha7ostKx7bTRqt+l+oE/GHfv+jXcqpvQ==
wZ0gbfUv0upb+8V7bEeP5YZkHMNMgG59Ilp4dreVI2DrjMT9v8KghVlKQZ2zrqWmISGvVmJESXSQhVX7wCEr8DLF0QM9/+oHVOBthf41mFQNWX6gd4ab0HbXE/z5u7vkKgwi+lBex2QgWWOzXG0utv76dmrl3tIAqmH7UZbGKNGcGX01deaqsEh4iNvkn8QqkmrxYXHGHIQAseIKgtsW7A8u4vo+YfOLR54y8SqmIc4OcotG9SKVVsfm0/SlHFTkF8LI6EDRKfC8c5CtnmnMoV1eOOqLGwX1gIbxKTk+CYngRWDrKoOT8yS3mXnYqa8=
ur23f4mqtCFKwJMWQ3l+Cv1QNKC5CVFI8w62no00/tEEP0yDMZyk467BNvP9Bhu9jmQGdgJFINCDcK+u4zoX327gOAROFBvwF8RAN7GwdgjnlkUAxeIM6xixKSvpXSxxETmIbK6yCrkr9mp6C9qWbVgPxFtGPo7/ldYVz+2/FEk+q4Qe1ts6hT2+J/VWqUN77bDrXt6zujcU3Z1XPzWoBc5MLyqudZ4PjcfcQSu3Xoi6j4R1OcqhWJLHF/lmcKx59hboTupcrCj61sKGTBW2sHZFdqsp8DqDX4Wr7Qn9Y4q6xWQQs6yvz/qUPzoO6Hsnkc1VoRvqmXv7rF/Lqb4=
wZ0gbfUv0upb+8V7bEeP5YZkHMNMgG59Ilp4dreVI2DrjMT9v8KghVlKQZ2zrqWmISGvVmJESXSQhVX7wCEr8DLF0QM9/+oHVOBthf41mFQNWX6gd4ab0HbXE/z5u7vkKgwi+lBex2QgWWOzXG0utv76dmrl3tIAqmH7UZbGKNGcGX01deaqsEh4iNvkn8QqkmrxYXHGHIQAseIKgtsW7A8u4vo+YfOLR54y8SqmIc4OcotG9SKVVsfm0/SlHFTkF8LI6EDRKfC8c5CtnmnMoV1eOOqLGwX1gIbxKTk+CYngRWDrKoOT8yS3mXnYqa8=
v+8ifSMQYWef23S0sC6aX/1QNKC5CVFI8w62no00/tEEP0yDMZyk467BNvP9Bhu9jmQGdgJFINCDcK+u4zoX327gOAROFBvwF8RAN7Gzew3kl0YAx+QM6xixKSvpXSxxETmIbK6yCrkr9mp6C9qWbVgPxFtGPo7/ldYVz+2/FEk+q4Qe1ts6hT2+J/VWqUN77bDrXt6zujcU3Z1XPzWoBc5MLyqudZ4PjcfcQSu3Xoi6j4R1OcqhWJLHF/lmcKx59hboTupcrCj61sKGTBW2sHZFdqsp8DqDX4Wr7Qn9Y4q6xWQQs6yvz/qUPzoO6Hsnkc1VoRvqmXv7rF/Lqb4=
wZ0gbfUv0upb+8V7bEeP5YZkHMNMgG59Ilp4dreVI2DrjMT9v8KghVlKQZ2zrqWmISGvVmJESXSQhVX7wCEr8DLF0QM9/+oHVOBthf41mFQNWX6gd4ab0HbXE/z5u7vkKgwi+lBex2QgWWOzXG0utv76dmrl3tIAqmH7UZbGKNGcGX01deaqsEh4iNvkn8QqkmrxYXHGHIQAseIKgtsW7A8u4vo+YfOLR54y8SqmIc4OcotG9SKVVsfm0/SlHFTkF8LI6EDRKfC8c5CtnmnMoV1eOOqLGwX1gIbxKTk+CYngRWDrKoOT8yS3mXnYqa8=
u3QucAnVJLg91wgdwiEI7/1QNKC5CVFI8w62no00/tEEP0yDMZyk467BNvP9Bhu9jmQGdgJFINCDcK+u4zoX327gOAROFBvwF8RAN7G2fAjhl0cGweoM6xixKSvpXSxxETmIbK6yCrkr9mp6C9qWbVgPxFtGPo7/ldYVz+2/FEk+q4Qe1ts6hT2+J/VWqUN77bDrXt6zujcU3Z1XPzWoBc5MLyqudZ4PjcfcQSu3Xoi6j4R1OcqhWJLHF/lmcKx59hboTupcrCj61sKGTBW2sHZFdqsp8DqDX4Wr7Qn9Y4q6xWQQs6yvz/qUPzoO6Hsnkc1VoRvqmXv7rF/Lqb4=
wZ0gbfUv0upb+8V7bEeP5YZkHMNMgG59Ilp4dreVI2DrjMT9v8KghVlKQZ2zrqWmISGvVmJESXSQhVX7wCEr8DLF0QM9/+oHVOBthf41mFQNWX6gd4ab0HbXE/z5u7vkKgwi+lBex2QgWWOzXG0utv76dmrl3tIAqmH7UZbGKNGcGX01deaqsEh4iNvkn8QqkmrxYXHGHIQAseIKgtsW7A8u4vo+YfOLR54y8SqmIc4OcotG9SKVVsfm0/SlHFTkF8LI6EDRKfC8c5CtnmnMoV1eOOqLGwX1gIbxKTk+CYngRWDrKoOT8yS3mXnYqa8=
wZ0gbfUv0upb+8V7bEeP5YZkHMNMgG59Ilp4dreVI2DrjMT9v8KghVlKQZ2zrqWmISGvVmJESXSQhVX7wCEr8DLF0QM9/+oHVOBthf41mFQNWX6gd4ab0HbXE/z5u7vkKgwi+lBex2QgWWOzXG0utv76dmrl3tIAqmH7UZbGKNGcGX01deaqsEh4iNvkn8QqkmrxYXHGHIQAseIKgtsW7A8u4vo+YfOLR54y8SqmIc4OcotG9SKVVsfm0/SlHFTkF8LI6EDRKfC8c5CtnmnMoV1eOOqLGwX1gIbxKTk+CYngRWDrKoOT8yS3mXnYqa8=
af2HHggEbO5MFIuUy6zfquvIokL8mjcer42xLj8QVtu/ois4NFx6mGXABkztY6Qml7eeSVVzBgbg/HENQIKXmCebUa1sNo2B7XlcYVw1zDN+I2dLSGdFEWypGw==
djX09w8HjL5kZupXqTkJUDry84gv9cDppbmdm7nwBuE5r5qVHY75awEaU4V6J2QgW8MjnsmNqMY9gcZ1T8qFBqguLPGhXy2WWDVIJkMKZHrhkqeyh4KNzlnQ57xWQN3qQvySgTtkVjt6qXwpLiW3FtL+GUvXYYouOw27GUot6u0qP7iTwSdOP/O9uqnN
/5tzx4UBpwhF0DPu9KqOZC4Vkyo8wtNAw930udvlvlhFKLKxTcc2NfFmbduVYs8F5t/wkM+rTz5lZVwWidm6NXMScdacBkCRjXc5ZkwNVCZfMnCK9bqL0uuquR6tCNv8KhhpOrYUPiFXDMKL7lHgqbJdI6ZGFvXrewn+fo/VR9l2dZ69HhdUc+0PWk/nhaap0Q==
wZRmZoaDSzrOM2rm0TdZlI2O/r+LL1DsEpXM8i0D4l0mcSFJ6K8bUwy8S9RztSf0pvxDjmkg2goOaVhpQ8AZ/RoQIGSB6654K8TMP8krvffQApMOyTiJM6ATB1iD9Hb0KKOyG1zNOE1wFXnG014u4krBZ/NLTk5Z/qb1ZnKihz5hguFOC5YP3NHc4IzL8oRw9LE9SDCjrMVK6ZhJYQ60Up/7sW1Mtq3BjXn8oby1LPPeIwcLKOdl0Yyp+w==
lczntk2RhEaKbbK3JhoB/9IRpKlRXO9KV381VmsxyPS6QSX4UUGtSPyWRyj8sKVHPRM0as0olsyPt7okt9WFouCiYslwFylUjeLaEXML5p7ws86w/MwaImByUuBGlCzbylpuw0IJ+a7W+deTD99JU38AwiMw0gOSI9US4vtoKWdHjckLIUOL9DVBM/q7uanQ
ypm2/RGlESHJ0m13SM/nWZ33s+66eVRvOuv+tq48dwA9dufuy2CvOhFtGnk2zqCkibrZ2ZZxKVHE+L8cwLmvA2yla4Ivs6eW9UVcK0L4jU9VLj+hvp77bUAVCSaDHv6C2kHXEzuOfnnupuVGQmL33tECcS7b1l88odzQrBuyVNBkMU3ogONcpVrpiKkRzgTyb3shzRx2/eG9eQzBbHV8E06jt2vYp1XxnKnr
2oQ1507A8yRVdozr8YwLVUb8YV+ary1ROCxmC+AE6gsULql5ZjFZcdT4r/zw+R/j3CX7Yn/zd7aFRawLEjhdL8Wuj8EOXssNUBUZBnPejiIqwUez684umd6m1aYSIid+QYKBjqsWrxyx3MDMK3LksNSx3YhQIwyFqun4icGOVBL/+5EtrDbNAa15HOEcNYyzPiMny4hnhZGsqds=
ig0xCNj+mQSKNxKjmQRQQDxodq8sTChoKAXrChQyCyC7jVxZQ1U22M3YKhEll471KVYFu61yxwXuz8hwJ5sXft21tLYRqTK1+6LptjTWuFHVBxFGtB1cJlciiKrdytMSE3oRfjW4U3yiaPGaXsSGYQ88KmvWQeipuk0bxi4mLSvDWZbeFyXPWf7FBl22RywzNf9yb5+VrqnZ
s5oxFnpuMAUOQ1x7cpHn/a+2ly8Ak6mhGR1esurcJ8QRPD/bBJnp4gx2kY+wFS4BLoXeXnCGUNQm7s/2S/midgN06eMPgZm/+b9rUJ0tQ64DZakU
F8joi7VhsHwbkuo3KqOk0W+U3FifaYAXgTiwMGHtpCs260JTHgyU6NhuugifNH+nWnwPQokRS08xJQU52/LJ0xuEL3OpBg==
KS03Gx7wVwDfkA9gnVIX+GCpaMRPrYBFq95tdOrU9BFzF07xmpSEVFcgrtQHT8AC6NUNXjNZPN6MuoaUaH71hsccCwSb9/VV0EZBSak5mKkQBTALGgODU1R3SRloqR8=
mJQhC5bRDaKRay5Uv4iTrnPnxvJwMjvIxnhBrNVUfx9MVTmW1Mrxaxi53pWWGV7a+ArAYL4Sb1KjlRKie6gpp8fNyUuhg4s0tQEzujt5qRA=
ubNd0dJJEOJpkm9bRqbFRU0GbIqwz7jSILUVbluZlE50Gs5kcH7t9g+8c5Qztx1lyKYJGVG5IHlYJSh7MsPrw+wXgSlwqQc=
+dzZg3DYHknGiQ2PgzFB0wnBkJZVAx+wqWbkOidPMCK4Fb0+o9lMflz6tnR4fuXm99xbpGt3ZbVgBpFp2TmoycDFQKuKgzOzBDe5OXipDw==
RAiSkuzz5bUIPdifxSnXd6ICD28adnpdb5oJScb6zlIUILI+L7LV9EmgYWdPkbJOUz1zmQJdQk3SDyDT+ffWH5stcqkF
njbBZzWfagHQaoJQMcktF6MCD28adnpdb5oJScb6zlIUILI+L7LV9EmgYWdPkbJOUz1zmQJdQk3SDyDT+ffWH5stcqkF
MhyIwvq3zj4qFK1CCz4xgqACD28adnpdb5oJScb6zlIUILI+L7LV9EmgYWdPkbJOUz1zmQJdQk3SDyDT+ffWH5stcqkF
JFMThDKoIgqtM02G/rgvB3tEv0l0/P+H/P3Z7gSCsbNoUf6thhFewsgioJju2q8KU/2yGusgqT93ZSkzccvL7MXpE4IrcakI
brwCRxwIzG4nPhPy6kiMPHtHv0l0/P+H/P3Z7gSCsbNoUf6thhFewsgioJju2q8KU/2yGusgqT93ZSkzccvL7MXpE4IrcakI
koayu8xYizadZALTDqzKoHtGv0l0/P+H/P3Z7gSCsbNoUf6thhFewsgioJju2q8KU/2yGusgqT93ZSkzccvL7MXpE4IrcakI
Ggo1BGgW+hE4gklWVk+y7ntBv0l0/P+H/P3Z7gSCsbNoUf6thhFewsgioJju2q8KU/2yGusgqT93ZSkzccvL7MXpE4IrcakI
RSQwyEqRk28dtuwzh+c/J3tAv0l0/P+H/P3Z7gSCsbNoUf6thhFewsgioJju2q8KU/2yGusgqT93ZSkzccvL7MXpE4IrcakI
eJ5kCf6cvm0E0o9A+ev1V3tDv0l0/P+H/P3Z7gSCsbNoUf6thhFewsgioJju2q8KU/2yGusgqT93ZSkzccvL7MXpE4IrcakI
q9uesTzUuelcM8SmYVbyCXtCv0l0/P+H/P3Z7gSCsbNoUf6thhFewsgioJju2q8KU/2yGusgqT93ZSkzccvL7MXpE4IrcakI
wy4pHjMBet/e0AItSWUCMikfg7dh+DkSXyVYWzGU6NwBATyHhmfa356ADGRowiLk/9gnC+ow1w5JXZMDAQld1bse0f8riDd/qQo=
1c8z5Rs78wiBMzTv/J63NqECD28adnpdb5oJScb6zlIUILI+L7LV9EmgYWdPkbJOUz1zmQJdQk3SDyDT+ffWH5stcqkF
FxIg3v2ESBj/gxfryRJwSntEv0h0/P+H/P3Z7gSCsbNoUf6thhFewsgioJju2q8KU/2yGusgqT93ZSkzccvL7MXpE4IrcakI
wZvYappKPFMzFxO1TtHBVXtHv0h0/P+H/P3Z7gSCsbNoUf6thhFewsgioJju2q8KU/2yGusgqT93ZSkzccvL7MXpE4IrcakI
v378VASLPHN81Z8KBZxNHntGv0h0/P+H/P3Z7gSCsbNoUf6thhFewsgioJju2q8KU/2yGusgqT93ZSkzccvL7MXpE4IrcakI
v/R+E+ex8Oic78sH7ydZIysfg7dh+DkSXyVYWzGU6NwBATyHhmfa356ADGRowiLk/9gnC+ow1w5JXZMDAQld1bse0f8riDd/qQo=
wdzkM+yOVikc1LY2ASm/ix40+sN8Y/zNeI90anRlYYYHOSjm4Go6/Pz+YW57TOc8jxfBDTz23aEdeWyBDPUcU+6jF6v4J7UxfKkL
eRiUfE1vNcgoomzwojzX8h80+sN8Y/zNeI90anRlYYYHOSjm4Go6/Pz+YW57TOc8jxfBDTz23aEdeWyBDPUcU+6jF6v4J7UxfKkL
QtpJTf4OLzHoqv120erxT6YCD28adnpdb5oJScb6zlIUILI+L7LV9EmgYWdPkbJOUz1zmQJdQk3SDyDT+ffWH5stcqkF
bokGydOXNoEmsD7CTYC+hKcCD28adnpdb5oJScb6zlIUILI+L7LV9EmgYWdPkbJOUz1zmQJdQk3SDyDT+ffWH5stcqkF
MnTMDD/FnoLBGVghYhk9MKQCD28adnpdb5oJScb6zlIUILI+L7LV9EmgYWdPkbJOUz1zmQJdQk3SDyDT+ffWH5stcqkF
VlKBb+3vv476VYRg8junSSofg7dh+DkSXyVYWzGU6NwBATyHhmfa356ADGRowiLk/9gnC+ow1w5JXZMDAQld1bse0f8riDd/qQo=
Biv0H2Q3qoSv0CXFVj3KyBw0+sN8Y/zNeI90anRlYYYHOSjm4Go6/Pz+YW57TOc8jxfBDTz23aEdeWyBDPUcU+6jF6v4J7UxfKkL
t28iUI2FifwpjLI4FgIZwx00+sN8Y/zNeI90anRlYYYHOSjm4Go6/Pz+YW57TOc8jxfBDTz23aEdeWyBDPUcU+6jF6v4J7UxfKkL
WilWcd21bPB35t54DNZioBo0+sN8Y/zNeI90anRlYYYHOSjm4Go6/Pz+YW57TOc8jxfBDTz23aEdeWyBDPUcU+6jF6v4J7UxfKkL
Qz+/UyKFSxy+AEUcFsxrHKUCD28adnpdb5oJScb6zlIUILI+L7LV9EmgYWdPkbJOUz1zmQJdQk3SDyDT+ffWH5stcqkF
RA1/RW4P/yIU/HujWLDCEaoCD28adnpdb5oJScb6zlIUILI+L7LV9EmgYWdPkbJOUz1zmQJdQk3SDyDT+ffWH5stcqkF
uzmY3ZX2lgOySBqkee2GgqsCD28adnpdb5oJScb6zlIUILI+L7LV9EmgYWdPkbJOUz1zmQJdQk3SDyDT+ffWH5stcqkF
Smyxhb99LYT5hf7LnXohPxs0+sN8Y/zNeI90anRlYYYHOSjm4Go6/Pz+YW57TOc8jxfBDTz23aEdeWyBDPUcU+6jF6v4J7UxfKkL
yJbE2xZim/Qx1n0fAqaqZRg0+sN8Y/zNeI90anRlYYYHOSjm4Go6/Pz+YW57TOc8jxfBDTz23aEdeWyBDPUcU+6jF6v4J7UxfKkL
p33h6MnW+CTXuTDOly5x2hk0+sN8Y/zNeI90anRlYYYHOSjm4Go6/Pz+YW57TOc8jxfBDTz23aEdeWyBDPUcU+6jF6v4J7UxfKkL
l5AdQix3Q/jqBwNFD2bxag/s0F6faYAXgTiwMGHtpCs260JTHgyU6NhuugifNH+nWnwPQokRS08xJQU52/LJ0xuEL3OpBg==
B/g6Myq8ZvFzd3bPl8TeeA7s0F6faYAXgTiwMGHtpCs260JTHgyU6NhuugifNH+nWnwPQokRS08xJQU52/LJ0xuEL3OpBg==
iUizU0d9jacvhwqoFvhsRw3s0F6faYAXgTiwMGHtpCs260JTHgyU6NhuugifNH+nWnwPQokRS08xJQU52/LJ0xuEL3OpBg==
Fd1I3SIOepmJTCthpjbmHy0fg7dh+DkSXyVYWzGU6NwBATyHhmfa356ADGRowiLk/9gnC+ow1w5JXZMDAQld1bse0f8riDd/qQo=
gbA9ZUvgC3LT9HXMEKJCBhY0+sN8Y/zNeI90anRlYYYHOSjm4Go6/Pz+YW57TOc8jxfBDTz23aEdeWyBDPUcU+6jF6v4J7UxfKkL
WZ5hyt7VWRFGBA6eSZIRtBc0+sN8Y/zNeI90anRlYYYHOSjm4Go6/Pz+YW57TOc8jxfBDTz23aEdeWyBDPUcU+6jF6v4J7UxfKkL
mU7bUc9W1rerWz5TN4fgsjdGzLUVQTcvv6m/Q7QBiTq8LlHXgM1OGR6d3kZAnjAMFrYPrvshwu6z7Gl7vxn5Z0nnqwit9SO2M32pDA==
tc9PE96JVDqpAZVkjDi0RjBicGhP+PTjc3QOmYqCOzMaf5pJn3lgR0GI0MDhXQRb9rtiQx4ctLgYHhq4H8QfF5os71KJASufcZXlSVtCaSNbVA9jqRY=
upUDLt/dMi08jPJrdHgPmQzs0F6faYAXgTiwMGHtpCs260JTHgyU6NhuugifNH+nWnwPQokRS08xJQU52/LJ0xuEL3OpBg==
NzR+a9sRaIUl6DNhYb7lHwvs0F6faYAXgTiwMGHtpCs260JTHgyU6NhuugifNH+nWnwPQokRS08xJQU52/LJ0xuEL3OpBg==
LEcu7ffuyluRyY+vt1gYKQrs0F6faYAXgTiwMGHtpCs260JTHgyU6NhuugifNH+nWnwPQokRS08xJQU52/LJ0xuEL3OpBg==
QVs55jlrtx267HcqOEuXAQns0F6faYAXgTiwMGHtpCs260JTHgyU6NhuugifNH+nWnwPQokRS08xJQU52/LJ0xuEL3OpBg==
8mMf2MsmvwrF4isC8+DuNzZGzLUVQTcvv6m/Q7QBiTq8LlHXgM1OGR6d3kZAnjAMFrYPrvshwu6z7Gl7vxn5Z0nnqwit9SO2M32pDA==
5OoeVNZu0VNNpjlJ5pWpcwjs0F6faYAXgTiwMGHtpCs260JTHgyU6NhuugifNH+nWnwPQokRS08xJQU52/LJ0xuEL3OpBg==
H4VX4ixb3mRUmy8saPXCTgfs0F6faYAXgTiwMGHtpCs260JTHgyU6NhuugifNH+nWnwPQokRS08xJQU52/LJ0xuEL3OpBg==
bDvvQC40QbhoU95qkNx//A8ppuOXOsMv1g6ODbsytelaErqigLg+vqMqQYS9yP3H8znmnifFP1lOZXYdBmfcs+Xf4i+PNX6pCQ==
9eqVsmCAyQArIANWxRUz/w8qpuOXOsMv1g6ODbsytelaErqigLg+vqMqQYS9yP3H8znmnifFP1lOZXYdBmfcs+Xf4i+PNX6pCQ==
JSFH5qSNls+J9Nh+El+yfA8rpuOXOsMv1g6ODbsytelaErqigLg+vqMqQYS9yP3H8znmnifFP1lOZXYdBmfcs+Xf4i+PNX6pCQ==
jvgN7QdPj3QBeH+tYguCxg8spuOXOsMv1g6ODbsytelaErqigLg+vqMqQYS9yP3H8znmnifFP1lOZXYdBmfcs+Xf4i+PNX6pCQ==
2rtU01+SyJUmtrNuUH9skzVGzLUVQTcvv6m/Q7QBiTq8LlHXgM1OGR6d3kZAnjAMFrYPrvshwu6z7Gl7vxn5Z0nnqwit9SO2M32pDA==
XUeHA7BqF4I6hheTUggNxkWC1+c7FB67oFOwBTxPMCK4Fb0+o9lMflz6tnR4fuXm99xbpGt3ZbVgBpFp2TmoycDFQKuKgzOzBDe5OXipDw==
Cx3VQ4+Z38PNqrL2sdV94kWB1+c7FB67oFOwBTxPMCK4Fb0+o9lMflz6tnR4fuXm99xbpGt3ZbVgBpFp2TmoycDFQKuKgzOzBDe5OXipDw==
C1KLPsI9xy8g9R4nuO/uGUWA1+c7FB67oFOwBTxPMCK4Fb0+o9lMflz6tnR4fuXm99xbpGt3ZbVgBpFp2TmoycDFQKuKgzOzBDe5OXipDw==
oEZOg4ACTUGRZuVdOy2Mk0WH1+c7FB67oFOwBTxPMCK4Fb0+o9lMflz6tnR4fuXm99xbpGt3ZbVgBpFp2TmoycDFQKuKgzOzBDe5OXipDw==
MBtZA1jCApBEz6FCjArca0WG1+c7FB67oFOwBTxPMCK4Fb0+o9lMflz6tnR4fuXm99xbpGt3ZbVgBpFp2TmoycDFQKuKgzOzBDe5OXipDw==
JJz2Vk/uJH8E78bM+O+55Qbs0F6faYAXgTiwMGHtpCs260JTHgyU6NhuugifNH+nWnwPQokRS08xJQU52/LJ0xuEL3OpBg==
j9Jfkt/mH4NBAw/0ixai9w/v0F6faYAXgTiwMGHtpCs260JTHgyU6NhuugifNH+nWnwPQokRS08xJQU52/LJ0xuEL3OpBg==
r6FIXmu89Jdlwjv8TIFytw7v0F6faYAXgTiwMGHtpCs260JTHgyU6NhuugifNH+nWnwPQokRS08xJQU52/LJ0xuEL3OpBg==
nLI/QoIELU311GsPc8QM2Q3v0F6faYAXgTiwMGHtpCs260JTHgyU6NhuugifNH+nWnwPQokRS08xJQU52/LJ0xuEL3OpBg==
gz1swGWAQg+dVGMd5/YJDAzv0F6faYAXgTiwMGHtpCs260JTHgyU6NhuugifNH+nWnwPQokRS08xJQU52/LJ0xuEL3OpBg==
3jUeRbAHgYdNjYNKcWZKxAvv0F6faYAXgTiwMGHtpCs260JTHgyU6NhuugifNH+nWnwPQokRS08xJQU52/LJ0xuEL3OpBg==
5zcQpdUQczgx4pSQXpe2Tiwfg7dh+DkSXyVYWzGU6NwBATyHhmfa356ADGRowiLk/9gnC+ow1w5JXZMDAQld1bse0f8riDd/qQo=
4Zbfn6dR1WQNS5S6dLxlkzRGzLUVQTcvv6m/Q7QBiTq8LlHXgM1OGR6d3kZAnjAMFrYPrvshwu6z7Gl7vxn5Z0nnqwit9SO2M32pDA==
9XxmU17MkYQqWJf/sp7D0UWC1+Y7FB67oFOwBTxPMCK4Fb0+o9lMflz6tnR4fuXm99xbpGt3ZbVgBpFp2TmoycDFQKuKgzOzBDe5OXipDw==
JFXhQbMHncoQh4wpylDH/kWB1+Y7FB67oFOwBTxPMCK4Fb0+o9lMflz6tnR4fuXm99xbpGt3ZbVgBpFp2TmoycDFQKuKgzOzBDe5OXipDw==
/X6uQ8JEaAaBlexNiriNWkWA1+Y7FB67oFOwBTxPMCK4Fb0+o9lMflz6tnR4fuXm99xbpGt3ZbVgBpFp2TmoycDFQKuKgzOzBDe5OXipDw==
SLAbjYrQPRLQ8MqvEexlpEWH1+Y7FB67oFOwBTxPMCK4Fb0+o9lMflz6tnR4fuXm99xbpGt3ZbVgBpFp2TmoycDFQKuKgzOzBDe5OXipDw==
KvDo4ahs7Zo4kUFmJ7BFekWG1+Y7FB67oFOwBTxPMCK4Fb0+o9lMflz6tnR4fuXm99xbpGt3ZbVgBpFp2TmoycDFQKuKgzOzBDe5OXipDw==
DdKdzFi/glslKglKs6TQhhZo4a/WGN8v1g6ODbsytelaErqigLg+vqMqQYS9yP3H8znmnifFP1lOZXYdBmfcs+Xf4i+PNX6pCQ==
nuY+vTASTLBISd/v3g9TlRdo4a/WGN8v1g6ODbsytelaErqigLg+vqMqQYS9yP3H8znmnifFP1lOZXYdBmfcs+Xf4i+PNX6pCQ==
3ojXpIORDUMn3tdsHf2i0hRo4a/WGN8v1g6ODbsytelaErqigLg+vqMqQYS9yP3H8znmnifFP1lOZXYdBmfcs+Xf4i+PNX6pCQ==
ur+/XKYyxnuwkmlrDPj/qxVo4a/WGN8v1g6ODbsytelaErqigLg+vqMqQYS9yP3H8znmnifFP1lOZXYdBmfcs+Xf4i+PNX6pCQ==
7dG38cTcvce/AiQ5ldABchJo4a/WGN8v1g6ODbsytelaErqigLg+vqMqQYS9yP3H8znmnifFP1lOZXYdBmfcs+Xf4i+PNX6pCQ==
xmK3phLhZeV1Z1nWU9JKXS5GgesKRhN/jqy/Q7QBiTq8LlHXgM1OGR6d3kZAnjAMFrYPrvshwu6z7Gl7vxn5Z0nnqwit9SO2M32pDA==
2r9y0XIuoy+qeLh59jJK7C5GgeoKRhN/jqy/Q7QBiTq8LlHXgM1OGR6d3kZAnjAMFrYPrvshwu6z7Gl7vxn5Z0nnqwit9SO2M32pDA==
CpSOB/HushvfzqYm6DFbRC5GgekKRhN/jqy/Q7QBiTq8LlHXgM1OGR6d3kZAnjAMFrYPrvshwu6z7Gl7vxn5Z0nnqwit9SO2M32pDA==
F/xqc0IZNlk5fSJfmSU3lS5GgegKRhN/jqy/Q7QBiTq8LlHXgM1OGR6d3kZAnjAMFrYPrvshwu6z7Gl7vxn5Z0nnqwit9SO2M32pDA==
VHQ+NLyWTkYKn+G1cqMVRi5Gge8KRhN/jqy/Q7QBiTq8LlHXgM1OGR6d3kZAnjAMFrYPrvshwu6z7Gl7vxn5Z0nnqwit9SO2M32pDA==
a4gakZ7jEAhu5u7n5Rwk/EUk1o5qMBbZG1yE75LG0r0XalGJ/qoWMvwwuj4nor0UEXBZJ5fhSi77jfsZiq0q7Wq/+JMBpw4/sz16qQ0=
AWOKZhI+R2ek1K5VHOSEZkQk1o5qMBbZG1yE75LG0r0XalGJ/qoWMvwwuj4nor0UEXBZJ5fhSi77jfsZiq0q7Wq/+JMBpw4/sz16qQ0=
Tr6IBqFFiDjjqmpCRaTFskck1o5qMBbZG1yE75LG0r0XalGJ/qoWMvwwuj4nor0UEXBZJ5fhSi77jfsZiq0q7Wq/+JMBpw4/sz16qQ0=
lYRX2pMXzJwmG6tApBWeJ0Yk1o5qMBbZG1yE75LG0r0XalGJ/qoWMvwwuj4nor0UEXBZJ5fhSi77jfsZiq0q7Wq/+JMBpw4/sz16qQ0=
EfHq6EmiRrfClDBcmul6kkEk1o5qMBbZG1yE75LG0r0XalGJ/qoWMvwwuj4nor0UEXBZJ5fhSi77jfsZiq0q7Wq/+JMBpw4/sz16qQ0=
6NC3ySCzHNA+LZxL+mSDTBWAp5dKPSbP0mlFosp3fx9MVTmW1Mrxaxi53pWWGV7a+ArAYL4Sb1KjlRKie6gpp8fNyUuhg4s0tQEzujt5qRA=
SVMRqP3Zzq97HwUsOh/88RWAp5RKPSbP0mlFosp3fx9MVTmW1Mrxaxi53pWWGV7a+ArAYL4Sb1KjlRKie6gpp8fNyUuhg4s0tQEzujt5qRA=
i1kqMhUj6vyOqTwTzGOYRRWAp5ZKPSbP0mlFosp3fx9MVTmW1Mrxaxi53pWWGV7a+ArAYL4Sb1KjlRKie6gpp8fNyUuhg4s0tQEzujt5qRA=
6CaaQ1b68CZd3j9Py/DAfxWAp5VKPSbP0mlFosp3fx9MVTmW1Mrxaxi53pWWGV7a+ArAYL4Sb1KjlRKie6gpp8fNyUuhg4s0tQEzujt5qRA=
CpIHCKEmR+l83Vmm6j8LMhWAp5BKPSbP0mlFosp3fx9MVTmW1Mrxaxi53pWWGV7a+ArAYL4Sb1KjlRKie6gpp8fNyUuhg4s0tQEzujt5qRA=
S0X5l/Y0QBs0gHUEyKR7Cm+e20qfaYAXgTiwMGHtpCs260JTHgyU6NhuugifNH+nWnwPQokRS08xJQU52/LJ0xuEL3OpBg==
++JeqL0WZZh9oyDekizNrSgfg7dh+DkSXyVYWzGU6NwBATyHhmfa356ADGRowiLk/9gnC+ow1w5JXZMDAQld1bse0f8riDd/qQo=
kz4qqdPMI7GjvVtPeM7o6h9w7a/PDsAv1g6ODbsytelaErqigLg+vqMqQYS9yP3H8znmnifFP1lOZXYdBmfcs+Xf4i+PNX6pCQ==
VwlFuBBgfVMlEuRaXdR0qC5GgeISShNmmLO/Q7QBiTq8LlHXgM1OGR6d3kZAnjAMFrYPrvshwu6z7Gh7vxn5Z0nnqwit9SO2M32pDA==
HkG3GsGYgFvw3P+uj5aaIS5FgeISShNmmLO/Q7QBiTq8LlHXgM1OGR6d3kZAnjAMFrYPrvshwu6z7Gh7vxn5Z0nnqwit9SO2M32pDA==
MvW4gaUX7/PgIo00tqKvqC5EgeISShNmmLO/Q7QBiTq8LlHXgM1OGR6d3kZAnjAMFrYPrvshwu6z7Gh7vxn5Z0nnqwit9SO2M32pDA==
5e7L8P5lNLHsOqB64sIT9i5DgeISShNmmLO/Q7QBiTq8LlHXgM1OGR6d3kZAnjAMFrYPrvshwu6z7Gh7vxn5Z0nnqwit9SO2M32pDA==
xgFVz2Dp2zjneRZ2EiiiLi5BgeISShNmmLO/Q7QBiTq8LlHXgM1OGR6d3kZAnjAMFrYPrvshwu6z7Gh7vxn5Z0nnqwit9SO2M32pDA==
6R1lz1DgTXLYENaSj1rRTS5AgeISShNmmLO/Q7QBiTq8LlHXgM1OGR6d3kZAnjAMFrYPrvshwu6z7Gh7vxn5Z0nnqwit9SO2M32pDA==
K9ppQh6Otwzqabr/sFs6nC5PgeISShNmmLO/Q7QBiTq8LlHXgM1OGR6d3kZAnjAMFrYPrvshwu6z7Gh7vxn5Z0nnqwit9SO2M32pDA==
22RRzzlcs4cmwzSbHPLVpa6arBMPEMuPg2g9kNWnyHjED4z6zMUJVk954JbISiIM5P55HmNsz8zH1wld1FZlMWX41BH0lbSDpmNfmxBHrQFkqRM=
SfIyUki8fmTUGJRZHB/aaS5CgeISShNmmLO/Q7QBiTq8LlHXgM1OGR6d3kZAnjAMFrYPrvshwu6z7Gh7vxn5Z0nnqwit9SO2M32pDA==
hLNk7G7l3jW4b5skCGmzwDNGzLUVQTcvv6m/Q7QBiTq8LlHXgM1OGR6d3kZAnjAMFrYPrvshwu6z7Gh7vxn5Z0nnqwit9SO2M32pDA==
sOFohrfb7sIoi1iZgJdbQUWC1+E7FB67oFOwBTxPMCK4Fb0+o9lMflz6tnR4fuXm99xbpGt3ZbVgBpFp2TioycDFQKuKgzOzBDe5OXipDw==
EMgVCSvu0REsEJ3tFMdvyEWB1+E7FB67oFOwBTxPMCK4Fb0+o9lMflz6tnR4fuXm99xbpGt3ZbVgBpFp2TioycDFQKuKgzOzBDe5OXipDw==
mVY/1ZOg1nK3qYM0vfAwCkWA1+E7FB67oFOwBTxPMCK4Fb0+o9lMflz6tnR4fuXm99xbpGt3ZbVgBpFp2TioycDFQKuKgzOzBDe5OXipDw==
Y1cmUqSiu+BWYepOEKk/nUWH1+E7FB67oFOwBTxPMCK4Fb0+o9lMflz6tnR4fuXm99xbpGt3ZbVgBpFp2TioycDFQKuKgzOzBDe5OXipDw==
Ji2FiAsfShO4mJXCJF8UN0WG1+E7FB67oFOwBTxPMCK4Fb0+o9lMflz6tnR4fuXm99xbpGt3ZbVgBpFp2TioycDFQKuKgzOzBDe5OXipDw==
9gSmFFcDLSNrt6XwQQ+RWkWF1+E7FB67oFOwBTxPMCK4Fb0+o9lMflz6tnR4fuXm99xbpGt3ZbVgBpFp2TioycDFQKuKgzOzBDe5OXipDw==
AeNLUE/eLLcB9QaICY2vbkWE1+E7FB67oFOwBTxPMCK4Fb0+o9lMflz6tnR4fuXm99xbpGt3ZbVgBpFp2TioycDFQKuKgzOzBDe5OXipDw==
kXQvtevPBMToxv3sTL9EA0WL1+E7FB67oFOwBTxPMCK4Fb0+o9lMflz6tnR4fuXm99xbpGt3ZbVgBpFp2TioycDFQKuKgzOzBDe5OXipDw==
EDXNa4xVPDxC6UjrcZn9zEWK1+E7FB67oFOwBTxPMCK4Fb0+o9lMflz6tnR4fuXm99xbpGt3ZbVgBpFp2TioycDFQKuKgzOzBDe5OXipDw==
nKUyAbpm6uXpH/Bb0006hTJGzLUVQTcvv6m/Q7QBiTq8LlHXgM1OGR6d3kZAnjAMFrYPrvshwu6z7Gh7vxn5Z0nnqwit9SO2M32pDA==
McK52HnJtAor8hc0/SPVsjFGzLUVQTcvv6m/Q7QBiTq8LlHXgM1OGR6d3kZAnjAMFrYPrvshwu6z7Gh7vxn5Z0nnqwit9SO2M32pDA==
iO+JVF9BpYe5h6JLGivYMGl/bROZLC/HJ23xyZ6R8QFceCdMmJmnEwRlgzKnE1+mjUWkGzpYBf89btextr4jvdiVkfbbfvaS8gF/47PuxonWpt22+gJ/LnlCWT7TtgfsOVxIfMOSXMCMcSVYCEMklaLp8JnpboxCh7tJ3RRWpbEl+JSRtJV0A2ZjHxtQR+2BpKnT
xceAUtHrP356mPzRzBdHYx9MLmVwBoQnFN03SuelqIkXLXoYAWB+QZF/UlVV/pFLGepLhWJXfACzM+vegd0AZsURfvU3Wj3mQP5kselvBXZABVAmWzp8msmi7/LPUmUu4UCfPO7QJUrqrNrB85S+G2LZZCk21a82uo5Rix+xIo5DnQOYsr1SjUJvcFMJF2Zf642iqdU=
H0mexEqHAmv+cKxHPVwbr6/rFaTRpuPEzG6Rj7KKlQIHx9W+26lIfCq5hVAhGW2ALK4nQMyopU8taxRCPfDWhN8PWswHTQUqcFrCYQBP6Zxd2rp5QxPmluDL7pgMFFpqMMqyCPYMrFNaos5rMlE5ZgbBt/s/x0lbb3jiC8AKQ9pzbfIKS/Co79d1aaNRG0s85XlTkouhqdg=
80mc/+jeRo09zABp4J8631apzqn49JVE+ZWwtPUcKz39mL+LqJIW091m1cs9/mB074aI6mWB8SFsFOkCZtqztbIqoy+lhIzwWhe03Xki0UAy/8eRZhh8QVYOmKaq9JywGq4Srsw95kgW3UYD6ZjKm/+9+wUJFTOyGt2UeHMEn1eabG8SiMGrX3FVZQlbAuljW5SPo6nW
fO3nCdmfbjuZXCCv1k+Sy30pOx2/MjCr6gkJ2W9eGtCMLYKqyuX+wgMl0vKb2Ci35/2Jm8FzC6QVsfPq2wmpAA==
ydQ+3E+CyOWiMMIsczCmkmsWx7IXWwJ7z4XtWadIz262IBCa0s1ZBQeqmlwUiTIWArEervshwu6z7Gh7vxn5Z0nnqwit9SO2M32pDA==
E4kkxHUxlOaZInZsVXufPUnwyhd1S9eotmcWSIYeUryRvb87w2OpPE8F7LBgVPPhpco3TY6h59uuIHejSlgnlsjF4+uhoY2teyaBF0ugB2epEg==
IfRVGb8+RkRBOpjilFEUhVqx8W/RY9QJ02ehKG/RpHQw8Ft1JV6f6d5lrw+ONH+nWnwPQogRS08xJQU52/LJ0xuEL3OpBg==
qA/9YFo3PU0x/E3bitFar1X41l5qXMap+XBEHsgQXbSQsfwww2OpPE8F7LBgVPPhpco3TY6h59uuIHejSlgnlsjF4+uhoY2teyaBF0ugB2epEg==
IfRVGb8+RkRBOpjilFEUhVqx8W/RY9QJ02ehKG/RpHQw8Ft1JV6f6d5lrw+ONH+nWnwPQogRS08xJQU52/LJ0xuEL3OpBg==
qA/9YFo3PU0x/E3bitFar1X41l5qXMap+XBEHsgQXbSQsfwww2OpPE8F7LBgVPPhpco3TY6h59uuIHejSlgnlsjF4+uhoY2teyaBF0ugB2epEg==
IfRVGb8+RkRBOpjilFEUhVqx8W/RY9QJ02ehKG/RpHQw8Ft1JV6f6d5lrw+ONH+nWnwPQogRS08xJQU52/LJ0xuEL3OpBg==
qA/9YFo3PU0x/E3bitFar1X41l5qXMap+XBEHsgQXbSQsfwww2OpPE8F7LBgVPPhpco3TY6h59uuIHejSlgnlsjF4+uhoY2teyaBF0ugB2epEg==
T5spV1vlN4Oo3mrhcQjF3Rk4rfLBEPVh1hmGX+QjredmEuWkm6EYhfEhQIK23frW8znmnifFP1hOZXYdBmfcs+Xf4i+PNX6pCQ==
gvOtJ9pRdK4PdyBb3ycft+nj4ujeU7P4lrEpErFGD1pLib2KpjB3Pjbt9vjGznLMkU2fawPTyazPlUxAIAQT0aX61x3OUUdLLrAXE4oIB2bItcM74RFtPfu2IWeLcGdXqSI=
5gY5iBDWxx4kCO7LmWxfXXM1igvYscz75q+aPkM82ZaIhAEufPj0HruR+xGSPg3R3KffW2AiCPInq+UEa292t+Mhnj6bkQKek/xoa59pOdcpdyuYTUVjRhNtqRw=
Xjjtsd+OSyhKRQZ3rfALfCKmhw/Y7aYSbnpeYIpQVFpDecvt/6ZnKTtu5+gfvZrrPHgZaegilKeeom1EI/HwhZnx+OI+baIWyynuvn81l9im1S79Dnck870vao93ZVapIQ==
+EmtOCsD7hMZI7l3rdLyGx59dw1Rf2pJZuPHq0YTJ/rr/eNeLq/fIRAybJWjuxl0j82caEAs4+mlwic1rnmXE25ox3sq4LceSE1zU0H5PWU7bnFPa1gXb6ka
XJOppn5lAYS4B/oPnWMErh59dw1Rf2pJFOPHq0YTJ/rr/eNeLq/fIRAybJWjuxl0j82caEAs4+mlwic1rnmXE25ox3sq4LceSE1zU0H5PWU7bnFPa1gXb6ka
IfRVGb8+RkRBOpjilFEUhVqx8W/RY9QJ02ehKG/RpHQw8Ft1JV6f6d5lrw+ONH+nWnwPQogRS08xJQU52/LJ0xuEL3OpBg==
f8K03JaRO7HWhW/RShi/Px59dw1Rf2pJFOPHq0YTJ/rr/eNeLq/fIRAybIijuxl0j82caEAs4+mlwic1rnmXE25ox3sq4LceSE1zU0H5PWU7bnFPa1gXb6ka
zt5cWI1NsJRlJO6ytlIjNgZ947rIDeBg0VqNX+QjredmEuWkm6EYhfEhQIK23frW8znmnifFP1hOZXYdBmfcs+Xf4i+PNX6pCQ==
IfRVGb8+RkRBOpjilFEUhVqx8W/RY9QJ02ehKG/RpHQw8Ft1JV6f6d5lrw+ONH+nWnwPQogRS08xJQU52/LJ0xuEL3OpBg==
qA/9YFo3PU0x/E3bitFar1X41l5qXMap+XBEHsgQXbSQsfwww2OpPE8F7LBgVPPhpco3TY6h59uuIHejSlgnlsjF4+uhoY2teyaBF0ugB2epEg==
L8ioCfz4V2CdnZOvsDI3++nj4ujeU7PYlrEpErFGD1pLib2KpjB3Pjbt9vjGznLMkU2fawPTyazPlUxAIAQT0aX61x3OUUdLLrAXE4oIB2bItcM74RFtPfu2IWeLcGdXqSI=
elyuqw6mA7dQnIOKwRwJol9dvgEnQjjPiiC3zCUrurBmzGpVuAns35QhChkajKfikfy0ghFMKDYMpDcHe8PWQCXbwIGvmZSMkGiLXSV2T3F+nZ9nTpwPH7pkX6oIeZtXUZ31kZsa+au7HH9bqS4=
6dx82ExdbiMG4AutB5W3XV9dvgEnQjjPije3zCUrurBmzGpVuAns35QhChkajKfikfy0ghFMKDYMpDcHe8PWQCXbwIGvmZSMkGiLXSV2T3F+nZ9nTpwPH7pkX6oIeZtXUZ31kZsa+au7HH9bqS4=
Pas0c3/ajNYplhkAyqVo1F9dvgEnQjjPiia3zCUrurBmzGpVuAns35QhChkajKfikfy0ghFMKDYMpDcHe8PWQCXbwIGvmZSMkGiLXSV2T3F+nZ9nTpwPH7pkX6oIeZtXUZ31kZsa+au7HH9bqS4=
mJVLQVdPiqEEMCLvhUv2L19dvgEnQjjPiia3zCUrurBm7GpVuAns35QhChkajKfikfy0ghFMKDYMpDcHe8PWQCXbwIGvmZSMkGiLXSV2T3F+nZ9nTpwPH7pkX6oIeZtXUZ31kZsa+au7HH9bqS4=
Pas0c3/ajNYplhkAyqVo1F9dvgEnQjjPiia3zCUrurBmzGpVuAns35QhChkajKfikfy0ghFMKDYMpDcHe8PWQCXbwIGvmZSMkGiLXSV2T3F+nZ9nTpwPH7pkX6oIeZtXUZ31kZsa+au7HH9bqS4=
mJVLQVdPiqEEMCLvhUv2L19dvgEnQjjPiia3zCUrurBm7GpVuAns35QhChkajKfikfy0ghFMKDYMpDcHe8PWQCXbwIGvmZSMkGiLXSV2T3F+nZ9nTpwPH7pkX6oIeZtXUZ31kZsa+au7HH9bqS4=
mJVLQVdPiqEEMCLvhUv2L19dvgEnQjjPiia3zCUrurBm7GpVuAns35QhChkajKfikfy0ghFMKDYMpDcHe8PWQCXbwIGvmZSMkGiLXSV2T3F+nZ9nTpwPH7pkX6oIeZtXUZ31kZsa+au7HH9bqS4=
Pas0c3/ajNYplhkAyqVo1F9dvgEnQjjPiia3zCUrurBmzGpVuAns35QhChkajKfikfy0ghFMKDYMpDcHe8PWQCXbwIGvmZSMkGiLXSV2T3F+nZ9nTpwPH7pkX6oIeZtXUZ31kZsa+au7HH9bqS4=
7T1ZwLLAoyPJFZVuPMKaW3M1igvYscz75q+aPkM82ZaIhAEufPj0HruR2xGSPg3R3KffW2AiCPInq+UEa292t+Mhnj6bkQKek/xoa59pOdcpdyuYTUVjRhNtqRw=
FgnixnvaYDLtBJ6/Au63kw4vfzrMhj/J2xXeoIsCrUyKQCS+rMjoxN7aye2pRQ1iLXkRitXgHalw61Ys26FaRj43FCYf7MElusXTJRrKTGmoBuFN3Ha9Yf14TEGsdbyTjqP365inFXFcqSs=
2SIp8EoxR2W6y0k3ReLSVa2z+JQOwpwwQ2g+0UJzjlYgBPB9u+Eqh2BVHKeOm5oSG3hpagAQYeKE3OQCk2UbfQq6/W2U8/9XWEZYLs8fZaizq0bL6zV+cuM1kgI7iCiHh21J6+GjixT1obMae1mpMA==
CQ2mjLA0wHRfOri9iAxOrks99s16VvyjWcxvdyMWe9lZMCWy7H4Aquv/OGtyQv0xkhnBDTz23aEdeGyBDPUcU+6jF6v4J7UxfKkL
ldQ1K3BfHQu5z/AOeLPlUQGtLDyvi7kGJDa18KVYXkr/wFjmpYxTr0cGf9G1EAl6qM6k0nd/pJPW8jl5vjmtBTjmOfkhuBBZqGWY20JDe2M8V1EJYKkX
AvUL0MGPD6JR6VNYETlmtQJvuM5WUb8YxZOI/Orq118vDif0rOqufiQjGFCvXDw0MdKK/CsEeNas5Ypf4B5fs53TDgoTn+HiQ8VSUlu4KJenHQk7ARMLhFVRc0obaakg
dPFehR8PGt0lPEhUQ82DNrKZqO/2788zD2DI5bllZgzawKXEVNS8jMF66iT7TDgunI2qR/AWX4vt++5SQ1chmvMt8srLMKgvV7Vp49FbS3xlOVNSC2GpGA==
pb9cuiI+ahkvOMLD/wUpyYydkOeDPD61sMw76jSZvdadWT0U3wASGA54l8yQn5KuZXBLKan6G2zt03n+Qa2L4LcGFjYarsm/mu/oCgcFgMkTeYYeh4UfWC4llp2mp/yzxR+Cr291Xqkp
96Kese7Cxspz2rYH5CqnaQ9ybjsQKCJjWP3e4kAfNfv2vq5WPa7oOhwuJdyC/lcyiPzIO1INrNifySk9pmiPCXFox3sq4LceSE1zU0H5PWU7bnFPa1gXb6ka
kdGytBJ1KZZKqT2mTrWj0rKaqO/2788zD2DI5bllZgzawKXEVNS8jMF66iT7TDgunI2qR/AWX4vt++5SQ1chmvMt8srLMKgvV7Vp49FbS3xlOVNSC2GpGA==
92SvrV2wFARAC6cX1ZumWyrC6Pnx88M9bfaBNoFxSSTLGB4YAmCD/OS3jk5ZGB/5XcJXLCErza4VBXdAK26ixo42RT8Wd3x6s+0caW/RUs4z/VOY4h3izXJPwNPZN3afe21SqSU=
96Kese7Cxspz2rYH5CqnaQ9ybjsQKCJjWP3e4kAfNfv2vq5WPa7oOhwuJdyC/lcyiPzIO1INrNifySk9pmiPCXFox3sq4LceSE1zU0H5PWU7bnFPa1gXb6ka
T9rfs6pHRsJ311YnMU8VSS9P9+hTU6VRgvOI9+bnzwt/SCi96a2mdGooBVzEXDw0MdKK/CsEeNas5Ypf4B5fs53TDgoTn+HiQ8VSUlu4KJenHQk7ARMLhFVRc0obaakg
vo+nOv6xdx0oix5ySjlOAGDo0FSiqCAPcs2jjCB/Ii71kJtp+RoLbP3zqb4RDRtgx6bmdmqOOb/qzxjKd6VwSYPZVt7XpQ9YPkVGXfbHbDN1fzJvXxVuqRk=
s6YVKZk7r8pG+qLZ0a/4KeQyyXZJgWFE8+gmGDqQu5zMR0YOEci3mcVSz6y5u1UOfdW/AGNeSub2Br0/bkeEWtvd1Kkngbpuq23LGHqNei3aHwgTkUdef0Mdaqkd
96Kese7Cxspz2rYH5CqnaQ9ybjsQKCJjWP3e4kAfNfv2vq5WPa7oOhwuJdyC/lcyiPzIO1INrNifySk9pmiPCXFox3sq4LceSE1zU0H5PWU7bnFPa1gXb6ka
mGeMe9VjMIntc5l1zAbyN7KcqO/2788zD2DI5bllZgzawKXEVNS8jMF66iT7TDgunI2qR/AWX4vt++5SQ1chmvMt8srLMKgvV7Vp49FbS3xlOVNSC2GpGA==
fT1Dy2FAbPKfSv7zkMB5DiW0ig2d3uUWZWlVNMcQGhgGaI/s+K9qbj0g48kRipPsZWMBXql906CP9j5WAr7Bv5L/8OovdbgJyynuvn81l9im1S79Dnck870vao93ZVapIQ==
96Kese7Cxspz2rYH5CqnaQ9ybjsQKCJjWP3e4kAfNfv2vq5WPa7oOhwuJdyC/lcyiPzIO1INrNifySk9pmiPCXFox3sq4LceSE1zU0H5PWU7bnFPa1gXb6ka
OUShyr4MKbnwN6/YZki7E7KdqO/2788zD2DI5bllZgzawKXEVNS8jMF66iT7TDgunI2qR/AWX4vt++5SQ1chmvMt8srLMKgvV7Vp49FbS3xlOVNSC2GpGA==
wYNE+Vke1JC8WeU3koZ/gUidVwFhqPdOd4b3/d+8TZSYmITsBWRyO/j+r7SJYfsu8UyHx2v2Q6mB8F0idB7IeoP/0Ds6omWhalmZ/QSWFRF1+MTxxNVkYzbjrztgh31hVKkj
96Kese7Cxspz2rYH5CqnaQ9ybjsQKCJjWP3e4kAfNfv2vq5WPa7oOhwuJdyC/lcyiPzIO1INrNifySk9pmiPCXFox3sq4LceSE1zU0H5PWU7bnFPa1gXb6ka
tBjfZGFwCXp8f/YWXp88ubKeqO/2788zD2DI5bllZgzawKXEVNS8jMF66iT7TDgunI2qR/AWX4vt++5SQ1chmvMt8srLMKgvV7Vp49FbS3xlOVNSC2GpGA==
ViuCXoUkcrWPAhR/P5GT2P/k8d7SRpG83q4nGPAAUltYxa7KoDdlIzbm/r6dxljCnFaVNCKWh+rIpBgTMiVc4J/x2RXGQF9RMbAXE4oIB2bItcM74RFtPfu2IWeLcGdXqSI=
96Kese7Cxspz2rYH5CqnaQ9ybjsQKCJjWP3e4kAfNfv2vq5WPa7oOhwuJdyC/lcyiPzIO1INrNifySk9pmiPCXFox3sq4LceSE1zU0H5PWU7bnFPa1gXb6ka
cGvQXUAUWUhg0s2aw9w3s2Do1FSiqCAPcs2jjCB/Ii71kJtp+RoLbP3zqb4RDRtgx6bmdmqOOb/qzxjKd6VwSYPZVt7XpQ9YPkVGXfbHbDN1fzJvXxVuqRk=
llK+ayVZRXa9wPuiK0Sp5ADSCaJb5tsV68x5bKSYuBQxFEbT1J6DXF0xr/YtDNsfv6YXAW1QMYqArrzCf3+sg84SEQmG+fVV0EZBSak4mKkQBTALGgODU1R3SRloqR8=
96Kese7Cxspz2rYH5CqnaQ9ybjsQKCJjWP3e4kAfNfv2vq5WPa7oOhwuJdyC/lcyiPzIO1INrNifySk9pmiPCXFox3sq4LceSE1zU0H5PWU7bnFPa1gXb6ka
VQ0+ZG3v/WaYBop5nH4Pc7KQqO/2788zD2DI5bllZgzawKXEVNS8jMF66iT7TDgunI2qR/AWX4vt++5SQ1chmvMt8srLMKgvV7Vp49FbS3xlOVNSC2GpGA==
0E/RbuW+s7KV6ccb5DWVWjbV8/P29NQhYeOBNoFxSSTLGB4YAmCD/OS3jk5ZGB/5XcJXLCErza4VBXdAK26ixo42RT8Wd3x6s+0caW/RUs4z/VOY4h3izXJPwNPZN3afe21SqSU=
96Kese7Cxspz2rYH5CqnaQ9ybjsQKCJjWP3e4kAfNfv2vq5WPa7oOhwuJdyC/lcyiPzIO1INrNifySk9pmiPCXFox3sq4LceSE1zU0H5PWU7bnFPa1gXb6ka
dPFehR8PGt0lPEhUQ82DNrKZqO/2788zD2DI5bllZgzawKXEVNS8jMF66iT7TDgunI2qR/AWX4vt++5SQ1chmvMt8srLMKgvV7Vp49FbS3xlOVNSC2GpGA==
KN2SyCRF/y3C0ZAhVEhCpznJiS3U5h/Gmewagc/qblSDdmiS3t3YTzpUCFXZ1ea8unBl9DTkvLyhSiqUm/y4nvw9aneQJl+7jcsu4iPnoSqTnTL6qwCoHzeFqVOx68vMBYmTYmtRqSg=
96Kese7Cxspz2rYH5CqnaQ9ybjsQKCJjWP3e4kAfNfv2vq5WPa7oOhwuJdyC/lcyiPzIO1INrNifySk9pmiPCXFox3sq4LceSE1zU0H5PWU7bnFPa1gXb6ka
CN3yklnMrmL5U5vENLMnfsy4OBx+1de8NBcezqm4bzmt4kcsMUv9bqVlx8C7DnIG3ha1P2ZXrDrjDYzp3zHijgMdQ5jyPZKNgu+wU0mXJl+rDWKpFQ==
hN0nzTwkaUw6BxLfcynBaQnfnbRkFFD3rXH/Fh0MKz/vZqdh/dBBKlDujCJvf7zj/tJBqXZ5ZbVgBpFp2TioycDFQKuKgzOzBDe5OXipDw==
p4At7Kh4aVjGklRlEt9TTfPCvAX0jjM57pyiH3cKVcOxsiRvIQFjvmnMH1fzVqt5ybCVEhw+MEr7/ygLQoKNkSKZUa1sNo2B7XhcYVw1zDN+I2dLSGdFEWypGw==
3+EZPpXv4mD8CO70ptOGW15dvlU2SSTYhzqm/TggubZowi0Qvgz/3JIqF1dQheOikPu9j1ZKZjItqgAOXJrNWBKan8aoiMDfgknEbB99QXl2jId9UZwPH7pkX6oIeZtXUZ31kZsa+au7HH9bqS4=
3+EZPpXv4mD8CO70ptOGW15dvlU2SSTYhzqm/TggubZowi0Qvgz/3JIqF1dQheOikPu9j1ZKZjItqgAOXJrNWBKan8aoiMDfgknEbB99QXl2jId9UZwPH7pkX6oIeZtXUZ31kZsa+au7HH9bqS4=
3+EZPpXv4mD8CO70ptOGW15dvlU2SSTYhzqm/TggubZowi0Qvgz/3JIqF1dQheOikPu9j1ZKZjItqgAOXJrNWBKan8aoiMDfgknEbB99QXl2jId9UZwPH7pkX6oIeZtXUZ31kZsa+au7HH9bqS4=
3+EZPpXv4mD8CO70ptOGW15dvlU2SSTYhzqm/TggubZowi0Qvgz/3JIqF1dQheOikPu9j1ZKZjItqgAOXJrNWBKan8aoiMDfgknEbB99QXl2jId9UZwPH7pkX6oIeZtXUZ31kZsa+au7HH9bqS4=
q3ueeJ7m/jPSgOjyUR7OhLOZqO/2788zD2DI5bllZgzawKXEVNS8jMF66iT7TDgunI2qR/AWX4vt++5SQ1chmvMt8srLMKgvV7Vp49FbS3xlOVNSC2GpGA==
puLv06jf/0DWhvKnQbw7E0aVVx9hufdbd4b3/d+8TZSYmITsBWRyO/j+r7SJYfsu8UyHx2v2Q6mB8F0idB7IeoP/0Ds6omWhalmZ/QSWFRF1+MTxxNVkYzbjrztgh31hVKkj
96Kese7Cxspz2rYH5CqnaQ9ybjsQKCJjWP3e4kAfNfv2vq5WPa7oOhwuJdyC/lcyiPzIO1INrNifySk9pmiPCXFox3sq4LceSE1zU0H5PWU7bnFPa1gXb6ka
jeZX/J6ucScyy5zkgPqynz+SkKoPDLS/iw43KG+disssmCkpOILkJw7C3YRz0QCF6dEooo6NMpY7ib5+T1WH2Lb13r1el5RzLY8aT6cFZqkR
3OFRaPHMTu/5bYlimzj8tMABh3pJkmoQ8KQ6DDGP8JXKQghCF4azuMtlxovgoE05PIr4B3IKGfTXSYwFZUmMUsrFzrYngbpuq23LGHqNei3aHwgTkUdef0Mdaqkd
Ub8Lu6rW5XMfBOmvvozdgr2s54QOwpwwQ2g+8UJzjlYgBPB9u+Eqh2BVHKeOm5oSG3hpagAQYeKE3OQCk2UbfQq6/W2U8/9XWEZYLs8fZaizq0bL6zV+cuM1kgI7iCiHh21J6+GjixT1obMae1mpMA==
FlDttZgznOoDZ1Fc5zuPbv2sX11aWwIesF4GaAfzsS6HigwdYEizGW8MyLZfODj+9sHQEhN0eR4YLEEGbPDUVus5W7nCdi3ZzI+f8/CqqLp3g+UsOyfWP3OJ3haLmSLWw1Tow88hGd85X2sw3c3DDkNFqTQ=
VxQV/2LZ9wNBb8W1w737cBUau+IIUKOyr5XC+TjfgqTG1pwtqLBbjvemRNBcPuqJMiEowv7F0B4LQEkCcEghKlQkBKoj/Zv1mgJdhWQrPx8IPjgG/wdloKOTZqObbT66M81yqosQqA8X1ekDEXtLXKXZ0zJLQak4
VxQV/2LZ9wNBb8W1w737cBUau+IIUKOyr5XC+TjfgqTG1pwtqLBbjvemRNBcPuqJMiEowv7F0B4LQEkCcEghKlQkBKoj/Zv1mgJdhWQrPx8IPjgG/wdloKOTZqObbT66M81yqosQqA8X1ekDEXtLXKXZ0zJLQak4
jeZX/J6ucScyy5zkgPqynz+SkKoPDLS/iw43KG+disssmCkpOILkJw7C3YRz0QCF6dEooo6NMpY7ib5+T1WH2Lb13r1el5RzLY8aT6cFZqkR
3OFRaPHMTu/5bYlimzj8tMABh3pJkmoQ8KQ6DDGP8JXKQghCF4azuMtlxovgoE05PIr4B3IKGfTXSYwFZUmMUsrFzrYngbpuq23LGHqNei3aHwgTkUdef0Mdaqkd
RTZW3+ZZdKi+8uctvEzMIk4kL1S7xIeVnepCEALeme7JHDbxqGJAppDY5Mza2s3lpVUxeklZNXIJ0FHhNCuS5JfRBv7a17C+Y3xNrT5FV62WWrDxDGaF9QCGcSm5OIiJYEXg66qDE/Oktxl5WKkv
I8gmWL4FHvYAZCJrvpNHfjiigQeM/a0AKGdVNMcQEhBHecvt/6ZnKTtu5+gfvZrLPHgZaegilKeeom1EI/HwhZnx+OI+baIWyynuvn81l9im1S79Dnck870vao93ZVapIQ==
9sxs9Z1cqztuC+iZCAAZ874tc4ZFV9iGk3aB0vuxg/938Rb15d2XcLU2Q7boHv7kOzgGEFNRNz1T3vOJz7bLmAOVbguIEIXZBPqgx4qagZSfmWQFDRlEslJVtvb/cYIO490jmNL9Mg0iL1BTKdfG3wtNQqk1
jeZX/J6ucScyy5zkgPqynz+SkKoPDLS/iw43KG+disssmCkpOILkJw7C3YRz0QCF6dEooo6NMpY7ib5+T1WH2Lb13r1el5RzLY8aT6cFZqkR
3OFRaPHMTu/5bYlimzj8tMABh3pJkmoQ8KQ6DDGP8JXKQghCF4azuMtlxovgoE05PIr4B3IKGfTXSYwFZUmMUsrFzrYngbpuq23LGHqNei3aHwgTkUdef0Mdaqkd
RTZW3+ZZdKi+8uctvEzMIk4kL1S7xIeVnepCEALeme7JHDbxqGJAppDY5Mza2s3lpVUxeklZNXIJ0FHhNCuS5JfRBv7a17C+Y3xNrT5FV62WWrDxDGaF9QCGcSm5OIiJYEXg66qDE/Oktxl5WKkv
I8gmWL4FHvYAZCJrvpNHfjiigQeM/a0AKGdVNMcQEhBHecvt/6ZnKTtu5+gfvZrLPHgZaegilKeeom1EI/HwhZnx+OI+baIWyynuvn81l9im1S79Dnck870vao93ZVapIQ==
9sxs9Z1cqztuC+iZCAAZ874tc4ZFV9iGk3aB0vuxg/938Rb15d2XcLU2Q7boHv7kOzgGEFNRNz1T3vOJz7bLmAOVbguIEIXZBPqgx4qagZSfmWQFDRlEslJVtvb/cYIO490jmNL9Mg0iL1BTKdfG3wtNQqk1
+Pi51DeXtWrO5dzT37AkC046P3Hv3pqU1fBoDR/dlPzTK3f3pWYG99zK48ePisnlpVUxeklZNXIJ0FHhNCuS5JfRBv7a17C+Y3xNrT5FV62WWrDxDGaF9QCGcSm5OIiJYEXg66qDE/Oktxl5WKkv
DmA1T8ElxfNN6yWwhtxek61n94KObev4UzzcmmP048mejF607Krb1JAVg4g/Kl5VqxrK8DI/3cPGFiFcSpiH0tGs1PKR/IjmzFTXF3vTtjBli2AxL2l0XFBYq00lZm9Bvk1/l84sr0/6FD+6CGl7p5FNVSEbapn7+yxfS6k+
fyrLE6np5AiabOAcC4oqngwd3FUiNsNdTP+eZiLDEhM/ZX+xQBxUPjdp5mQoz+2blH/HFCvq9hcMCtPnn4rZxZWV4Zq52aXSuZABgUQrosRHEfYeSlcAHjM8Pc0uRUdNZppgUbzmFZVwxiEJiTh4abCFUEs6A2OT9PcpWUipPw==
mReyaY9P7wGXYhzD67ugaBUGoOcVTuLi88mSpH66xuOUmc11waIJ3LazRdBaNOKJYWFuiLXWyh4LQEkCcEghKlQkBKoj/Zv1mgJdhWQrPx8IPjgG/wdloKOTZqObbT66M81yqosQqA8X1ekDEXtLXKXZ0zJLQak4
6iXNGmoWSoJEWy1qHe8d99gJkXYEwyYCuaM9CnuB/53LTktJF4azuMtlxovgoE05PIr4B3IKGfTXSYwFZUmMUsrFzrYngbpuq23LGHqNei3aHwgTkUdef0Mdaqkd
RTZW3+ZZdKi+8uctvEzMIk4kL1S7xIeVnepCEALeme7JHDbxqGJAppDY5Mza2s3lpVUxeklZNXIJ0FHhNCuS5JfRBv7a17C+Y3xNrT5FV62WWrDxDGaF9QCGcSm5OIiJYEXg66qDE/Oktxl5WKkv
X/fQxZVlZe99TuOXTCIZd74uc4ZFV9iGk3aB0vuxg/938Rb15d2XcLU2Q7boHv7kOzgGEFNRNz1T3vOJz7bLmAOVbguIEIXZBPqgx4qagZSfmWQFDRlEslJVtvb/cYIO490jmNL9Mg0iL1BTKdfG3wtNQqk1
recjy5qhIflMkKmf6h8JQE45P3Hv3pqU1fBoDR/dlPzTK3f3pWYG99zK48ePisnlpVUxeklZNXIJ0FHhNCuS5JfRBv7a17C+Y3xNrT5FV62WWrDxDGaF9QCGcSm5OIiJYEXg66qDE/Oktxl5WKkv
5ibsdOxhpL+Iry36lUpm2gwd3FUiNsNdTP+eZiLDEhM/ZX+yQBxUPjdp5mQoz+2blH/HFCvq9hcMCtPnn4rZxZWV4Zq52aXSuZABgUQrosRHEfYeSlcAHjM8Pc0uRUdNZppgUbzmFZVwxiEJiTh4abCFUEs6A2OT9PcpWUipPw==
6iXNGmoWSoJEWy1qHe8d99gJkXYEwyYCuaM9CnuB/53LTktJF4azuMtlxovgoE05PIr4B3IKGfTXSYwFZUmMUsrFzrYngbpuq23LGHqNei3aHwgTkUdef0Mdaqkd
+yPWpHLGaYytjBSq0XKsicsOgGdRj31EoKhoWn+B/53LTktJF4azuMtlxovgoE05PIr4B3IKGfTXSYwFZUmMUsrFzrYngbpuq23LGHqNei3aHwgTkUdef0Mdaqkd
vzfsmxCY8gCp8iuEk1VhFBmlOjDi2vUVbTWp6qEZXULx8BmxrKsKtF8xPo7yFxgu+9yFnUZFr53e+ihhpCatBTjmOfkhuBBZqGWY20JDe2M8V1EJYKkX
Fm9GD/IRA7UCqCKzBqOHSt+/KQ0rmYz7LRhQgq/2axij1U4LaFDlWeQ6gMeqWiEU/1mEBW1ZpDLyFZb23zHijgMdQ5jyPZKNgu+wU0mXJl+rDWKpFQ==
MCYK7c/8w2R+NNtLxwgVbz+SkKoPDLSiiw43KG+disssmCkpOILkJw7C3YRz0QCF6dEooo6NMpY7ib5+T1WH2Lb13r1el5RzLY8aT6cFZqkR
3OFRaPHMTu/5bYlimzj8tMABh3pJkmoQ8KQ6DDGP8JXKQghCF4azuMtlxovgoE05PIr4B3IKGfTXSYwFZUmMUsrFzrYngbpuq23LGHqNei3aHwgTkUdef0Mdaqkd
+yPWpHLGaYytjBSq0XKsicsOgGdRj31EoKhoWn+B/53LTktJF4azuMtlxovgoE05PIr4B3IKGfTXSYwFZUmMUsrFzrYngbpuq23LGHqNei3aHwgTkUdef0Mdaqkd
+yPWpHLGaYytjBSq0XKsicsOgGdRj31EoKhoWn+B/53LTktJF4azuMtlxovgoE05PIr4B3IKGfTXSYwFZUmMUsrFzrYngbpuq23LGHqNei3aHwgTkUdef0Mdaqkd
RTZW3+ZZdKi+8uctvEzMIk4kL1S7xIeVnepCEALeme7JHDbxqGJAppDY5Mza2s3lpVUxeklZNXIJ0FHhNCuS5JfRBv7a17C+Y3xNrT5FV62WWrDxDGaF9QCGcSm5OIiJYEXg66qDE/Oktxl5WKkv
3CM7f1bxR/WyvGqrX4mlKABzvvlLXblRwqmIuq7t0AY7CCm64KDhciQsJFLzVRttKsq9vXRDf8f4tph+ry9luJPbBhsLhf7iQ8VSUlu4KJenHQk7ARMLhFVRc0obaakg
rh6rfC0bjpLGq+7Vwy8rXA9ybjsQKCJrULzPpkEYPPaxuOBSHKDfMzt3PsS1vwh1j+2caEAs4+mlwic1rnmXE25ox3sq4LceSE1zU0H5PWU7bnFPa1gXb6ka
RkQBOgaU3DHP2iq/9iT+SMsOgGFRj31EoKhoWn+B/53LTktJF4azuMtlxovgoE05PIr4B3IKGfTXSYwFZUmMUsrFzrYngbpuq23LGHqNei3aHwgTkUdef0Mdaqkd
+yPWpHLGaYytjBSq0XKsicsOgGdRj31EoKhoWn+B/53LTktJF4azuMtlxovgoE05PIr4B3IKGfTXSYwFZUmMUsrFzrYngbpuq23LGHqNei3aHwgTkUdef0Mdaqkd
tb/kw0cMrzrx9bpWMFLoJmRpdiEatNeqcXQk2tGUOD4sbId/+ztmCAXT0NnvQQQE8KB7ZSVOv7keFQ+/DsQfF5os71KIASufcZXlSVtCaSNbVA9jqRY=
SChcVFKxXYELvYqhTHRf8hS+LTinlPwXcDq18uISXULx8BmxrKsKtF8xPo7yFxgu+9yFnUZFr53e+ihhpCatBTjmOfkhuBBZqGWY20JDe2M8V1EJYKkX
SChcVFKxXYELvYqhTHRf8hS+LTinlPwXcDq18uISXULx8BmxrKsKtF8xPo7yFxgu+9yFnUZFr53e+ihhpCatBTjmOfkhuBBZqGWY20JDe2M8V1EJYKkX
Ijdlm4MTeyvKcmsSNALeVAnfnbRkFFDqrXH/Fh0MKz/vZqdh/dBBKlDujCJvf7zj/tJBqXZ5ZbVgBpFp2TioycDFQKuKgzOzBDe5OXipDw==
p4At7Kh4aVjGklRlEt9TTfPCvAX0jjM57pyiH3cKVcOxsiRvIQFjvmnMH1fzVqt5ybCVEhw+MEr7/ygLQoKNkSKZUa1sNo2B7XhcYVw1zDN+I2dLSGdFEWypGw==
RvzDqcJ16qfFL+Glh45Wg08kLw/v3pCeh/tvEC7IkevBPH/T62ZFtZPe79GUkMSh5VQ2c0QeMzwN8V/WPQzL/4/mR6Gd0KHqMG5s4g9/XKOeUqHpFnmF9QCGcSm5OIiJYEXg66qDE/Oktxl5WKkv
3MJpRG1E8Yn/xVQm91J8cPbB8OS3oJB1RWTI5bllZgzawKXEVNS8jMF66iT7TDgunI2qR/AWX4vt++5SQ1chmvMt8srLMKgvV7Vp49FbS3xlOVNSC2GpGA==
r7Qk4i3EXPFdEnV6JdG3ve/KoEzrmSI4oYvwSTkEWsuwvmdkIQFjvmnMH1fzVqt5ybCVEhw+MEr7/ygLQoKNkSKZUa1sNo2B7XhcYVw1zDN+I2dLSGdFEWypGw==
3SgM3TWoVUSWdr0JbDdxXAtyZH5Cbn94VuOI7A4ROvP3suUbKrPEERc5OMKmjU07iPzIO1INrNifySk9pmiPCXFox3sq4LceSE1zU0H5PWU7bnFPa1gXb6ka
3gDvjNJZa+lo+C0WJyDUFNxD8Q/SQKNtuvtqf4q6G6C4rmEjnigFZEhHeb1kFrVRlfjkMaRVxCMW48/7wAedIXSpAw==
eVQDSef3CzjI+V3RFNqQ4ADSkbxnAxWg6GbiIBIGOTj3Vqd4pttWN07K/zg0Lu27+thBrHRnZbVgBpFp2TioycDFQKuKgzOzBDe5OXipDw==
+MgTta2q73Jy3xe9YcB7r3Tjr8FCMifT0XJf44QNOBleG3bPmc/zcVGr7tzaVQ7SpQfEerYNf1KjlRKie6gop8fNyUuhg4s0tQEzujt5qRA=
8QtF0T6WTeyT7WimHyBbczUnfWBV65DgPn0i35eePXcaf5xd13VgDhbhlZfoUFBX4oE0VB9FsbEWBBelEcQfF5os71KIASufcZXlSVtCaSNbVA9jqRY=
F6S+NeL7+KohY53/Ip4xHCP0IpU/o9MZ5IJ6ZuOXtQ5qXkjc3J+PFxAmstoGB8wCoYJkG2RQMYqArrzCf3+sg84SEQmG+fVV0EZBSak4mKkQBTALGgODU1R3SRloqR8=
EGarpl0XmK+xXLKnVLN7JxVDZoSRmfeFKfJGbViXmUZZK4coPC7lqwK4aZwspx1lyKYJGVG4IHlYJSh7MsPrw+wXgSlwqQc=
6oayW7BvErVsB+Dpnz4i+k/e68VrcyzKw3MX4I5KPhxOWH7F18n/ZhCU79zaVQ7SpQfEerYNf1KjlRKie6gop8fNyUuhg4s0tQEzujt5qRA=
VsauqMj3X0AjIFN3pnLn+W0EnqYvsmIsHiZaVnbH698PDDSqty6Wk86IUWls2Cr779gnC+ow1w5IXZMDAQld1bse0f8riDd/qQo=
mOoYjqLgdNE7X3yWImGNf2JCtxVWwKnIq/SevQeBv75gfM/kyl0OypUvpILmxb8KU/2yGusgqD93ZSkzccvL7MXpE4IrcakI
wastMyzTCiLDZuu0CV9hvzz6sIMqFB21piOzfBsOMyC1Uu49oNdBdnHL/zg0Lu27+thBrHRnZbVgBpFp2TioycDFQKuKgzOzBDe5OXipDw==
VsauqMj3X0AjIFN3pnLn+W0EnqYvsmIsHiZaVnbH698PDDSqty6Wk86IUWls2Cr779gnC+ow1w5IXZMDAQld1bse0f8riDd/qQo=
IsilSoBM9ji5EHjT5Q70bneBobGyr41jcNXPIYl4U0GcQhE/TnPJ9eyjwERZURz5V/VRJnVhk5pcWSpHKzKD4/0sHm5HL3hws+ged2/RUs4z/VOY4h3izXJPwNPZN3afe21SqSU=
oF9WWLJJJWmGCCRwun4vFWUljg7JtZjw6+DUN0w2y5GQlAloM/zAEa6CslqJfA7Z373fSmhQP6BywY5ePWN0pv45nz6bkQKek/xoa59pOdcpdyuYTUVjRhNtqRw=
2Ebk0uUwzhEgrGiGPgMpE7ml7drTUfLvyKYlFbEDD0dW2bCEszd0Hnmm/76Ix3rY0kSVbhbf27fPpEQyF1ZGu86ggRHMQFpTL7AXE4oIB2bItcM74RFtPfu2IWeLcGdXqSI=
klPWzDZ2/FCt4wA5iqZhzgNb46QZaifSuMti9BLoDeKmswN7r6hcXieaHhdODNnd/CxCX098z386hJ/KCJnbN9F9tfGbOrkLO7w/e6kO
k4oIDTToha46+VtBdYTPWlMv96AeAfpegrTN9/Xu0V8ZFTy1yeOsdCMrBVbzWjZge4y+tXdZf9bwxK8s+kUO4sXXBAoWnf/iQ8VSUlu4KJenHQk7ARMLhFVRc0obaakg
k4oIDTToha46+VtBdYTPWlMv96AeAfpegrTN9/Xu0V8ZFTy1yeOsdCMrBVbzWjZge4y+tXdZf9bwxK8s+kUO4sXXBAoWnf/iQ8VSUlu4KJenHQk7ARMLhFVRc0obaakg
7RT6DLgg8tv5Xv/NVXl0irbYYh3s8npA3wefFunCBhaFQwBQf421lLkrWQkcAp/pzRingNZGF75Gi3NTb8DspofCzj9OJAmFXNTyN49Uv0fa3M8iiPEL77FFRdnb0glzm2RvU6km
MGGGdveMbSi7NgM1erENchRusu5dU+sU1q/FufP51ls0Aju9+LDpNGsoEF3mRnImMYi+tXdZf9bwxK8s+kUO4sXXBAoWnf/iQ8VSUlu4KJenHQk7ARMLhFVRc0obaakg
FdFWGgNHY+hO+WuWpv05qRfLFB9lp+Q8JJD//9L9TsmElpjyS3dyKuWx77WJdPoM6wKVxzHCCvXc911+VTu7YNiugWM+qGWkaEeZ/QSWFRF1+MTxxNVkYzbjrztgh31hVKkj
klPWzDZ2/FCt4wA5iqZhzgNb46QZaifSuMti9BLoDeKmswN7r6hcXieaHhdODNnd/CxCX098z386hJ/KCJnbN9F9tfGbOrkLO7w/e6kO
P5kSGxsJbZEE2ICAjEMliko0JipVZXloUeXtu1QXFbX8vudVPaTfPBZ6b4K2twtvj/yUGnd+toPOmHE5rGiKC29ox3sq4LceSE1zU0H5PWU7bnFPa1gXb6ka
ZXR3LeVOexf8CjeqNaBvkCu2lga46SkdPYOqnzt2PCn1zJds5XlAJu/z84pYUUZnx/rHUxmUYu67lxzAd6ByV4PZVt7XpQ9YPkVGXfbHbDN1fzJvXxVuqRk=
/pp6X18LMLbfN/J4DqcMiinNUW/Wr0kAoiA3D1pesmQWSyPo0hOdgm1vUxb8TqTWHk+4l8MYLk5a0MjKw7n+lfHesrq4EssRVtzlJjbXy4+P3NS69552o864sdksyMorb4gHG6pAd/5ILTPzwRl9BTtOse/rOFdPqTo=
KZvURBO528mqHyDyiVSjhCYc7x4Xj/aO4fCevQeBv75gfM/kyl0OypUvpILmxb8KU/2yGusgqD93ZSkzccvL7MXpE4IrcakI
wKstJgNhMWiep2msk8IQRtznAUMd/jetA4BZMLKYHdmM1v8PMQoxoeX/jJALRzWiyyZ2pLPA7mGvBR9yGGjfmAL5jmZNW5SejgFfhusp4ibjROjT79HZb1nP66A9fYN+Y1WpJA==
MGGGdveMbSi7NgM1erENchRusu5dU+sU1q/FufP51ls0Aju9+LDpNGsoEF3mRnImMYi+tXdZf9bwxK8s+kUO4sXXBAoWnf/iQ8VSUlu4KJenHQk7ARMLhFVRc0obaakg
/MdlyjdtYB4xGpqv+zOixbml7drTUfLvyKYlFbEDD0dW2bCEszd0Pnmm/76Ix3rY0kSVbhbf27fPpEQyF1ZGu86ggRHMQFpTL7AXE4oIB2bItcM74RFtPfu2IWeLcGdXqSI=
klPWzDZ2/FCt4wA5iqZhzgNb46QZaifSuMti9BLoDeKmswN7r6hcXieaHhdODNnd/CxCX098z386hJ/KCJnbN9F9tfGbOrkLO7w/e6kO
7RT6DLgg8tv5Xv/NVXl0irbYYh3s8npA3wefFunCBhaFQwBQf421lLkrWQkcAp/pzRingNZGF75Gi3NTb8DspofCzj9OJAmFXNTyN49Uv0fa3M8iiPEL77FFRdnb0glzm2RvU6km
MGGGdveMbSi7NgM1erENchRusu5dU+sU1q/FufP51ls0Aju9+LDpNGsoEF3mRnImMYi+tXdZf9bwxK8s+kUO4sXXBAoWnf/iQ8VSUlu4KJenHQk7ARMLhFVRc0obaakg
FdFWGgNHY+hO+WuWpv05qRfLFB9lp+Q8JJD//9L9TsmElpjyS3dyKuWx77WJdPoM6wKVxzHCCvXc911+VTu7YNiugWM+qGWkaEeZ/QSWFRF1+MTxxNVkYzbjrztgh31hVKkj
klPWzDZ2/FCt4wA5iqZhzgNb46QZaifSuMti9BLoDeKmswN7r6hcXieaHhdODNnd/CxCX098z386hJ/KCJnbN9F9tfGbOrkLO7w/e6kO
CFsDzQH2enskIY/cJqWeVQwz14xnLULODliluN2R2/pEaVKH86I7A7V89m4v/7AQC3hGN5fhSi77jfsYiq0q7Wq/+JMBpw4/sz16qQ0=
7SThWFh11iRIMRVMwHa4JWkAxr8OXA98z4/xDOMIzmm/LV/aiOB/UFLRjk4dkzQWHqkfrvshwu6z7Gh7vxn5Z0nnqwit9SO2M32pDA==
acjiqM50LEbYVQDAR7OPLzSxmxHs6mUXM4L8xi5wKi/529Z+5DYgZ+rut5piFxJgx6bmdmqOOb/qzxjKd6VwSYPZVt7XpQ9YPkVGXfbHbDN1fzJvXxVuqRk=
s2nXar/ngULA4cCDtOtmvuPsooqbmuidFirpn9bbxlbf4Ut4aWUet4rL105kJlZPLvHH1Nnhgt1Ag/dvdOheszkZWDqUodqDCKrfPwU3vnZbSwHOO8FCTnPMaFt/uXmHiYer6O2VoxZzXaks
ochGYH0ukntwTkYxxI09SsI8R3BAw3KISXl6Qb74SxPb7hXvlkkOSVfI6NzOwVpjdyJFS+pD5GEXyRiy5l3tqwhsKGsSPUzon/nJDeY4b5nx+GerapCX7kg9U6OBqZ31u/4Rn6tod1+pKg==
kBpH1ASh4ibZ+gA7dYXEReRbnNozQXFEyGh9WW4EaJIbaT6zsSMeQnJEDBcPJmWSsui+j43jKk7oHvSnvoY7at5vJoDTvvqmpiZNPx5nVJprvWQptyHqrltN2xhqbUptiv+Yk+Hnrr8TfVqpLQ==
kBpH1ASh4ibZ+gA7dYXEReRbnNozQXFEyGh9WW4EaJIbaT6zsSMeQnJEDBcPJmWSsui+j43jKk7oHvSnvoY7at5vJoDTvvqmpiZNPx5nVJprvWQptyHqrltN2xhqbUptiv+Yk+Hnrr8TfVqpLQ==
Lyl9vXYZfQII23LY5mp47V5dvlpzWC/EkDe6zAk9srVuzCN3+wr924Y9Bk1XzOCo3vWyh1dGLX86tywlV43QRjbphc+oiMDfgknEbB99QXl2jId9UZwPH7pkX6oIeZtXUZ31kZsa+au7HH9bqS4=
8sOsb6gntgJUkg12TecJUj3Gnz7SsgnLmOhXkfyle1GBbCHGhJOaCioQQlvW3eew8T1y6RjPt6u8VA7ngfW4nvw9aneQJl+7jcsu4iPnoSqTnTL6qwCoHzeFqVOx68vMBYmTYmtRqSg=
kkmq6BMOjdA5gAG0oktj/3b/umQV6bRExpG5/x+MPH8kc28qoAhWspv30mOUCoJDCPv3nVt6TFpbSANGTjAKLxmbtv5E9gBniq5XGsJXMmAnZkb2yk7Zv4qPuErX5RBJoxn2Xrdl71geBebdFgcMM1W/0u8/VU6pOQ==
q7fNTshRP4uVR9BtUhBaaivNUSeA8gtVpGU3HFNA5kUHTy3Cnhfah2JoAQe/W7DLC1O1itkcOA0amI7GirH60/fSpfuqE4RxF9n4YibtjduI3Iib0u1s+J/p6d0myM8pcYgHG6pAd/5ILTPzwRl9BTtOse/rOFdPqTo=
b7pdgVxlP+vHAsO8iVLJ2SvOUSeA8gtVpGU3HFNA5kUHTy3Cnhfah2JoAQe/W7DLC1O1itkcOA0amI7GirH60/fSpfuqE4RxF9n4YibtjduI3Iib0u1s+J/p6d0myM8pcYgHG6pAd/5ILTPzwRl9BTtOse/rOFdPqTo=
ACa3+sZ6I/JR8fUYRD0J7ivPUSeA8gtVpGU3HFNA5kUHTy3Cnhfah2JoAQe/W7DLC1O1itkcOA0amI7GirH60/fSpfuqE4RxF9n4YibtjduI3Iib0u1s+J/p6d0myM8pcYgHG6pAd/5ILTPzwRl9BTtOse/rOFdPqTo=
FT7zhHISIQt0JZ1rfTwiOCvIUSeA8gtVpGU3HFNA5kUHTy3Cnhfah2JoAQe/W7DLC1O1itkcOA0amI7GirH60/fSpfuqE4RxF9n4YibtjduI3Iib0u1s+J/p6d0myM8pcYgHG6pAd/5ILTPzwRl9BTtOse/rOFdPqTo=
6qz+0b2Q27lUBa299vu6cCvJUSeA8gtVpGU3HFNA5kUHTy3Cnhfah2JoAQe/W7DLC1O1itkcOA0amI7GirH60/fSpfuqE4RxF9n4YibtjduI3Iib0u1s+J/p6d0myM8pcYgHG6pAd/5ILTPzwRl9BTtOse/rOFdPqTo=
Dpq1QqsfEBTjbvK4qB7GSHcxmtg36a+Q4+x+KWcjdW4u2wJLoqTZy4936KdrP62m6RAgARqUlsq6neK/l77915rfXL3XFSCulkHVt+iwEDdiYfR0H2VxUZZkV0UR5F+3GoyvMojh6z/xNSVpWyKpw9s0T0OpNg==
n0YQgt6RTqfWfpMBWawvFKEblDx7lwhNd0dR0HIPSi/Bkg7UuFJ1a3zbOpbsM4ZneSXV5sLa1dSN/sCshF93BxhG6mruh2Ry+aJsC1wQaToITgSSF39EU3ZymbleOc1F2GaZuQG48BnI5TgbYkNbo9zXMUlAqTc=
VgN0o4VuQHhk8VSKfPtdA6EZlDx7lwhNd0dR0HIPSi/Bkg7UuFJ1a3zbOpbsM4ZneSXV5sLa1dSN/sCshF93BxhG6mruh2Ry+aJsC1wQaToITgSSF39EU3ZymbleOc1F2GaZuQG48BnI5TgbYkNbo9zXMUlAqTc=
YNlNvdBZI3vEF/ztRnP9PKEelDx7lwhNd0dR0HIPSi/Bkg7UuFJ1a3zbOpbsM4ZneSXV5sLa1dSN/sCshF93BxhG6mruh2Ry+aJsC1wQaToITgSSF39EU3ZymbleOc1F2GaZuQG48BnI5TgbYkNbo9zXMUlAqTc=
ni4KJKl8N2Qpr8jGOp83UqEflDx7lwhNd0dR0HIPSi/Bkg7UuFJ1a3zbOpbsM4ZneSXV5sLa1dSN/sCshF93BxhG6mruh2Ry+aJsC1wQaToITgSSF39EU3ZymbleOc1F2GaZuQG48BnI5TgbYkNbo9zXMUlAqTc=
wzxNo8msxt55x98DoA60mqEYlDx7lwhNd0dR0HIPSi/Bkg7UuFJ1a3zbOpbsM4ZneSXV5sLa1dSN/sCshF93BxhG6mruh2Ry+aJsC1wQaToITgSSF39EU3ZymbleOc1F2GaZuQG48BnI5TgbYkNbo9zXMUlAqTc=
9XHDT447im4OcbQKKGVXwxmlOjDi2vUUbX6g7KRfV0e4xgqqjodEslkiDMu8EAl6qM6k0nd/pJPW8jl5vjmtBTjmOfkhuBBZqGWY20JDe2M8V1EJYKkX
YEdYvlFm85hBtXvKj6L/p11dvlpzWC/EkDe6zAk9srVuzCN3+wr924Y9Bk1XzOCo3vWyh1dGLX86tywlV43QRjbphc+oiMDfgknEbB99QXl2jId9UZwPH7pkX6oIeZtXUZ31kZsa+au7HH9bqS4=
lx3aEa/atWczLnmTidRtJfctNglVOD0TPI8UR9ypi1QRI7M1QvbE406zandPkbJOUz1zmAJdQk3SDyDT+ffWH5stcqkF
5IRcYK87/rAsqOVPpVLUzvctNglVOD0TPIsWSdypi1QRI7M1QvbE406zandPkbJOUz1zmAJdQk3SDyDT+ffWH5stcqkF
by47uZLeCcEuF9ZvPqBdyTnPeZjAF2Co06Cs/o0m0T/Yy7RH36/lvFs7bGg/JlusFY+vRYCczooQcUWg+uCJcYYDezy9l/UNcEfL9boGklX4Y4n4dSaKbVsf5pLo1/5sNHh6Ttj2wlwuwOwXEn4e30r92YKuvQdvp0vJ3+fkcn945uN+G9EC3hO8aCsfKTmXqTcrWM2FY4aTranc
a+WfAc/odKDkk7YI2y8cSdG70I+EsA6KxURPr7Y22NeUzQh2D/EfrTqQ13MKqEeGyNUDm2HxLR371uHHC5And6kC
cZjoVNm9r6BaLlm64Mjh5yNpagmCIyjEZHC03r/Y8AxacidMmJmnEwRlgzKnE1+mjUWkGzpYBf89btextr4jvdiVkfbbfvaS8gF/47PuxonWpt22+gJ/LnlCWT7TtgfsOVxIfMOSXMCMcSVYCEMklaLp8JnpboxCh7tJ3RRWpbEl+JSRtJV0A2ZjHxtQR+2BpKnT
tAHtWBZLdLFLr7o3ODbdMc7RUkHLkaU+ij8oliEVVX1vSIfbqgD3PkhtszPBWf1FO44xr+v41w+peg==
1EaNaYIVOM046jm1/l38149d8kREad3BNHTEIZs7jcWYZlk5QbgwmQjleJuiQ5sjnNfxyQCpdw==
8rvTaUH9PIZdFqLQ15Yi243I6O7gGZlLNeYImtQVMz/nvFu2mV3qJGxl8iCq1cVTSdcotPym5cRkPN3l/R3it0jgf09dv4fTgTIkKdhI7AkaOPN3nLnX0DlSYO8hJBjTuCysbRQjcTTI+y2rmpyQIivaxknVr+MnqdyM2M8mSWrQX+Ao17zPdcECdM9W772hj8w81q38hLAibWs273a3HsMEJdjBOUn2quwnLXxWZyRA53Jzhd9pUL2zA1CLKrniiCJD3swMX2FMyhLRT6jEyORxsfOx0825FAQnPP6nUrPvpz7kin514TtF55Losi6J8aDUblfIF8+ubdwReEtfhg5LYqC5Vda2JoKzbnqXz2mO76sQJMGi5EhSepmgXZRKk3zDm62G9dXtRGAVgHRm3FJYK9DzxjxbT9kVrk+UzhVmRbwT6c3/I0RH1rJrAF4zop3F6Ug7CwESagLRYP9pLD1qekkjI+amgPsuKGyk2tpQenI4ljysYzqSDttS4bnWZnF3y1/3SWsPSCK7oLrDahPdMjorwK/ft0WpEzGry4yFyZOi65Gp6A==
oJaxwI4ngU2xxMeQ3m/7obJjNC3i6qWx44K0NONDSBEqL7gfITioI6BrajjXj6T3+JAERvenV6YB/X2PGwlsGam5fpYXtG6COw3CE+eNJF5a0hGNSphg/P/D4JnxgiRZdXVe1qDEF6jOR8G1A/HlnnRmq4zZ7EzNSEZjRo8D7eBs0VLlzYdz/nQYeaYkJq7v08hLHGfYn1bN9rUDScDGzv9zOJzXQvwV+v0RRQkGcXF7bm8AqeSUMGsw+Hafl+Coik/LIjRumMN5veUJ7a8YBh9C2k0C9TN1Vkp+xPVX1+e/TCz4Hm/N0txgQ9L3GeIvJK8c4c8AktnKzg2vlsAKYKtwfp2/T3Ld497wmwJyxNDCZwQ3RIzPLiu12bz144FmuEvEvta67qqjXmdcXA2DG22Qq77eE3pXlP3dtz/V6CVOLO+KrpXeLw2nHOErFx5oOq9EFTlq4bgS59eZZhBsWXb2qO7qPGwIejaCJky1dtD2ZTZLKVD649+l6w0JHSOqOqWksLNM7+969P+aD0k7xxHtlcEbStmbe4yfq6ne
VAz5L3CgR8AIOZ9AagRyUNgLmT1Bhm43sbUpPXmV843EUgcVAs+kjs5+yr2ktA04MIDkRyAQRv3MQO81YwaPXcbHwLcngbpuq23LGXyNei3aHwgTkUdef0Mdaqkd
VcHVihWyAqJ7qgx2KqsRjmd9jMQmhJK7L1AA3IyGxnBhK2gPqK2heeU7HyxbaDzDno3awJu7r3cLef613HHWYZlvupU9ThnrYdqzhRpnhKA7gwOe6c0IRp3B5nWviuWGSO5M8UGfjRb49WgmY8rE+kFSR7LnQm1OOZAHvHYAfWrivLKBGyQ2u5rpHCnO5deWMj45S/ehKq6bzZsZLO0KbUp/WJOhZ+6/U/2aqe0=
Ot4HMRDuMVQHa7PCOlPZW4k5RNDu+zvmS8EjOAnCyQWnN9sQ7Z6xmqzc5kVfLf9HePRdDhPgw6tFay8fLdqt993CGEgfOvBW5T2JnZwokT6G5ssJQpbbk2W49MyqK8xhmZ6p/MLDv61mJAR9prLgGkpI5IzqkmqSDIGe9OZhPj8JpLKnDwGDuYmpSw7q4exEkzjn62rQF65J+9NjgWkdtbu+kd+rqPefqeo=
LiFOGfyfnVyJBV5ZPoMvgEUuCLefDXaumpSBultfSX7LWdOQqSqZvWdPCziNdoGCrMTWrT8FLz+4TA3ms0gzM8XzX7eNsn1PnTpIYP9SwE7lJbn1fADBxsZeG2HiPqsL5SAEZArDnNlZ5nnUoiuPtWY8NJXGmjBiivC0ZEo6mgqMGe5cRgnuh0lc4o/vabOhibF7ZgrJvLzTgDeDynhnNsljI8shgU0Ne8ZB98tAx4ep8g==
Xc/DaumoFnSWXW5BYREryR+HBGzB5lUJZ3yjRoSvuzxLXOu/v7qRNG2vd3kXwoV4hYCswtqnJ/s7DYha8fybZlfRpdVz3XXsSZ3NzBRaNxwEDCXj9T8kvhW0Nginu4rQD6lFRujOsl3oS8lQ5a4qpQs35rq4H17kpNA6Zsj+4pR+aGy/QrY+11rVmSo+Naen92PJ97cs0vfoTqNWC9kiFkMU6YVP4RmfuR9r8F0Nw07Dhan0
hKAcQSJWRzzwTWwOgPdLRFk5ZRYLNtCp3MRrJw8i8ezd97chJxrlYLWYrNrqv0cjC1VIAkEk+/7nSSVNw0UVNPnFDZQkglcENBQl+8UnRGYl7PZQF2PqSL8xxd5YVtKFWBMJCNV2Sr07L+aiiAc+PJSI+j54JoIMzvDsJ/IuXg/qjVlyDu3Hv8d7ye+HNLIv2BZjDrsBQo7zjGkd/3l5RwlHq6ht1aNW852p7A==
xKe7VTR1ah2J7i3ZIP10jSx0hsN2kJegNkZTm5ad0WVhK2gPqK2heeU7HyxbaDzDno3awJu7r3cLef613HHWYZlvupU9ThnrYdqzhRpnhKA7gwOe6c0IRp3B5nWviuWGSO5M8UGfjRb49WgmY8rE+kFSR7LnQm1OOZAHvHYAfWrivLKBGyQ2u5rpHCnO5deWMj45S/ehKq6bzZsZLO0KbUp/WJOhZ+6/U/2aqe0=
MJxGMrqDl/h7EVTUIFG/H1k5eBoNJMug7MRrJw8i8ezd97chJxrlYLWYrNrqv0cjC1VIAkEk+/7nSSVNw0UVNPnFDZQkglcENBQl+8UnRGYl7PZQF2PqSL8xxd5YVtKFWBMJCNV2Sr07L+aiiAc+PJSI+j54JoIMzvDsJ/IuXg/qjVlyDu3Hv8d7ye+HNLIv2BZjDrsBQo7zjGkd/3l5RwlHq6ht1aNW852p7A==
WN111wDP2q++WoCbfyB7Aza2nsvGspkeF/pbKHs2dNKf5iO6i52bpHlecZlHa2PMnUKJhqzA3pkv8UcbmGjlkmN8e/eFNxcDXcaV6z2eIJRv5kjKZaExQez0qWJm+vMVMorjz6XkTFDat3T9ecIRILIfh7FmODyh1m5YRqrUXBCaDtLOzN2m6JZ9BiPp+Ip7f907JQk189KaPdQYcyTf9xrML/KJp2v/8fWlKVviKQPbdM+DqfY=
MtpHWgZRoLIMMBsvKGPozVty1Veww0q30UocY7QAK3v3dsEAtdOXXT8u9Wy9nKzG0qs3DyMxqD4Z0KuyLw3lkbuRpVgRYa1ovDbHiLyQpWd9s7TKjQiW7M8XOoT39YWCoALiaTA3KXTNQlqxMyvmvrATThC87BoCINLSQAa0LPuK+u5jAin5jpZZVzNP/0lzP6BCg3DyA7JjdZJCu0gpQQctSathY4vUdeGzWvuZqfA=
Wl52ErL2Ac3OHW4SWl2ZWlp7yEC2wAOlgUQAabFBHzX7bMkVtdOXXT8u9Wy9nKzG0qs3DyMxqD4Z0KuyLw3lkbuRpVgRYa1ovDbHiLyQpWd9s7TKjQiW7M8XOoT39YWCoALiaTA3KXTNQlqxMyvmvrATThC87BoCINLSQAa0LPuK+u5jAin5jpZZVzNP/0lzP6BCg3DyA7JjdZJCu0gpQQctSathY4vUdeGzWvuZqfA=
IerKkDEnK+ALtgHM5m6Tqs7RUkHLkaU+ij8oliEVVX1vSIfbqgD3PklrszPBWf1FO44xr+v41w+peg==
3rmjH6Ri6PnmxaWk4E0Fco9d8kREad3BNHTEIZs7jcWYZlk5Qbk2mQjleJuiQ5sjnNfxyQCpdw==
FS+agFzCJ5a+vq1F6AtmCB+zeuFcYXO7qSFU1IL+N7/9P08j3jWEAqvpTj6fdbfZwBWOfe43BPPd78oPlyV2qQE=
pA77Z+0mlJFPMNP/zMwQL5cBvR3SSuonovc+c4uISPXl7yg6kSUYe15Heb1kFrVRlfjjMahVxCMW48/7wAedIXSpAw==
9Wgdp8ZtvdqWlBhRhYbi6jYhPAqwJDDm9gMU2HBjGo/KPpSxy//twgMl0vKb2Ciw5/GJm8FzC6QVsfPq2wmpAA==
pctwlaLRh1XxVIYu7MpZ4c7RUkHLkaU+ij8oliEVVX1vSIfbqgD3Pkhqsz/BWf1FO44xr+v41w+peg==
rtvEFpuuJRCMDf+rLWOGdI9d8kREad3BNHTEIZs7jcWYZlk5Qbg3mQTleJuiQ5sjnNfxyQCpdw==
TTKTFvbrotzpT/BCRfuBq6o9pxtdZByCJFso0UXkcL/WhyElhLxtRChpxbkBjXXW/ApHMj2pU1C7GdkPk/8zmh8X27EXVlGlL/i4TyCIfCF8F3EIsL/dBxIIcP5zvtZF/dsj2xFYPDQHcml2yHuw5D8IT8k5xgTjXvvd/VcorFoFCMTMGmlbWqeiF4JboPWUqQ1JytKo14H0wof4GINif62rqawFN7O8Q36Z/pAGExIkuN/dtA5i/Ue8pJQ8lSF/GSeNxSwAF1C2c/IvdwPuqOJKdd1DARc+YCbOVanExGJ/vNczFuls/bAff5oWbzJsUeFWCt5Gw0Jyg681Vgs7nIw14phwVkr16Ik01gvYE9fFsvXplQCQuQjghgAKPDvc27L8p/ddpUKHwO4JfmHs3wF5f5+8g6aeYxQ+b3p5VWXgz0t9Km4yvSgrybClzqoFSxfmmvi/3oTkMDoGCB5iNL5IbJ+CFr43mrWZyn5VJwe3Q8nX94xSl6iuozbLOaK2gzTopI9NmX95f2sQHW1D7oOlqdQ=
e01jfjf7YH5Ar95Ib1Ub/QlfU3p/bRA752TNwZm/vX/vjhIewxRuZPVWJdxAdQBXSXt0N9U3Q1r+O1CcLpzRvYxdomiGJindzovOOUu9liX5sLg2rRgKrt4xR+4SIaSIech59Qui3l8ik4RfZfDnLRNBYT5+tO8N4W/mR4vYIOSqhVqxvTghh5FUc3Q096lt41+1jUXR/7sEScXMxetiLvP/v9521iTPElkzi0o/L6nf8akmw9dZVpE/MooDfv69rbzzGkD1RFt+XTqCnXvjPPJ6WOGmCgOwA7USnSxrHXrX9lKv8TB5XcXn7NhUIK4a/tcNYOq25+OI9qUgi58BSFJ3EjAeL2eOLPKnnotmhqJI/GFdvbc8Vzt1ZgvtLNpSUX7HTEkPBzmLjLj5oKlR7eEG3kgkqBTz0B/wAg46HRmFpojcLAHeIhYbAgRz3o4iKsFHs+vOLpneptWmEiInfkGCgY6rFq8csdzAzCty5LDUsd2IUCMMharp+InBjlQS//uRLaw2zQGteBvhEDWMsz4jJ8uIZ4WRrKnb
mVGXhe6NXxaa7jr42SjeLPctNglVOD0TPI8UR9ypi1QRI7M1QvbE406zandPkbJOUz1zmwRdTk3SDyDT+ffWH5stcqkF
N2i6KUWnzFtKviBqJDRt7dA/LPF4Bi62ODzhiWQ/rFZdZycm8kcCUWg+Y+V7JYWywJIimRBnqcQtUhrBk/vmjtCDjuCcvJqywMKSMKZkLMvqai6TInl5PnZJF0PvL0lDXzCCc1CigwKDZdIyG5grcWexiVtBMwtklfHzKltJqcA=
i1NZAC56P09jViU3QLQSivrAoBn2jzM/4JazGXkAHcm/smU4IR0iiWTBSwTja+IzireCFVUsDx/t9RxKWpuQjzSHUa1sNo2B7XtaYVA1zDN+I2dLSGdFEWypGw==
92zSKhLuARXDBwj7+VuUAeAhp0FhtEEthJFmFjWV/5iLRUkCE5S3hYRlwqHt6EUzNJ/8B3RZA/TJU6s1WgacQ8bDwrcngbpuq23LG3yNdi3aHwgTkUdef0Mdaqkd
vH8Yefu1GkWRXcvWCmZCG8kSiGRQhmA3s5FmFjWV/5iLRUkCE5S3hYRlwqHt6EUzNJ/8B3RZA/TJU6s1WgacQ8bDwrcngbpuq23LG3yNdi3aHwgTkUdef0Mdaqkd
1ngA5urdY0kTVxSvdMLGniy9lQathGIWMZ3jiGd9LSL3zJt1uC0GYamguYNYR1hn0KGvZFXbL7XejgDTartmV4PZVt7XpQ9bOEVKXfbHbDN1fzJvXxVuqRk=
ebulVWeoc0KbIoEBqT+uMTHe5PvT8cM9bd3TNrhiRmGEUl4WDWXH+KO1gUJbRB/lHPVaIXV43ZNcTzRHPGnr1LFjUzUiNmRjrvMKd2/RUs4z/VOb5B3uzXJPwNPZN3afe21SqSU=
6WuzYJ9XhM8s0KU1Md3Qg5yzTw1KpHa8NZdfPKyFLM6+mdZMJwQ87vO+ipIeRCnpyy1xpKqO52G5Gx9lQwDo1E201QNUR4eDlRVfhusp4ibjROvV793Zb1nP66A9fYN+Y1WpJA==
Kf8ds9FRPGQXPTgkXnpRCTI1PeJlVCJlfA/6DA82Hi+7j1pEB1M3/ZmUZFhlxaTnRzIf3dwKuAzvj44jO8QIatDyja8AhTK1+6LptjTWuFHVBxFGtB1cJlciiKrdytMSE3oRfjW4U3yiaPGaXsSGYQ88KmvWQeipuk0bxi4mLSvDWZbeFyXPW/jFCl22RywzNf9yb5+VrqnZ
soghEcc3qsGFKhLRcdVKVAl+bz9ce25+TeGGoEQFOva3uedQLrXOPFEuKcXx5ApvievfN0sw48mJ2Sxxv2yiBHlox3sq4LceS0tzX0H5PWU7bnFPa1gXb6ka
nG6gkNXohL4wGB/Liw5ZfNPLyRgQhfdiZRSKLEWD28NihRGnB0Ea7sut6xuczdatut9oE7EHvv/j3QqpfQ==
nG6gkNXohL4wGB/Liw5ZfNPLyRgQhfdiZRSKLEWD28NihRGnB0Ea7sut6xuczdatut9oE7EHvv/j3QqpfQ==
bwwOd80xA0j9RWH/ntLA310H8IOWM06p9VbD1eu8tHfG6qzItuhVxaVVeBQUW+pvUdGXS14T+uiCkLbp34b9hJm/gaORh8JIg/oUTNa9P9OFndrk1J2Qdbrf84XrCPjNxL8juE6rLh2EIGF+o685JlxqFoTj/wAZDeZM
