sK8Joj5kpbovHRjGB3MNxy4ahDE518J9w930udjjvlhFKLLeJqkwSZYYY9rSJJoYvMrnlI6QRTZiSkhJnPb8O2gQcdacBkCRjXc5ZkwNVCZfMnCK9bqL0uuquR6tCNv8KhhpOrYUPiFXDMKL7lHgqbJdI6ZGFvXrewn+fo/VR9lxdZK5HhFXc+4PWk/nhaazzw==
FU9SkAbRDpzZE6ygg1AYfLrvN0tpttjQsdqQmHNrhzUjl1SrmDo/pu0/rrJiKzTQajoSJmcHigGgFSlmI55ewrpBN9NbDt65zqbFhuLilx4xAhFue1b/fIHcMOx7MrQQRDFtKCBjPGW66ejp8U6ksk97AY189h0h3XkrAcDx3NWto9QrOCf1sbyz1Q==
N8+uEQHcvIizOJC05cmbLZIcJzE3oHtj1bs1CtSQ21Pec5ZaMm23xNpb1wM6U2pTf9qbo/yKuLUEEnKLipo+C80ev7uO08VzRCpTbgm/yvqLPmqI7tpWXlv3JokE1c1uTy6iev5hMwsHnnJx6qbhTk5yy8Y1IlXWh+aTdGUclGTXwohoANHpcHxz0C3eaQwhnV54assbxXVAhrGpeTlPCSxBoG1pg9Bz5LdZ+Ziz8Q==
VzwVndjInX/0UkoJH1FfOuj9ou62PXi0PVFyoV1d/vQURF/BzOaztmrbovXAktNRw5lFdghe8k3Iu0kgxb7qNWsH5orYj570hKC6lujuogSeWGyPoiZ+x3olGVoeJWc3l1PJx9e8EufIPiOmK8lihqMk6bSvfV2Pn+zrg30dA96jtbPa
oGiP6Nk3YdIsMuWpsYAQVshUnvgISaZQXWMzVH4/6KS3BGi8BWCedJWBTlCMyN9VZFNicpI3gsHIjqM1m9WFouCiYslwFylUjeLaEXML5p7ws86w/MwaImByUuBGlCzbylpuw0IJ+a7W+deTD99JU38AwiMw0gOSI9US4vtoKWBHgc0LJ0CL9zVBM/q7ubPO
gkh5Hfpk8hvr5uxnOikAAMhUnvgISaZQXWMzVH4/6KS3FWCyA2+fJpWBTlCMyN9VZFJicpI3gsHIjqM1m9WFouCiYslwFylUjeLaEXML5p7ws86w/MwaImByUuBGlCzbylpuw0IJ+a7W+deTD99JU38AwiMw0gOSI9US4vtoKWBHgc0LJ0CL9zVBM/q7ubPO
HBg9+qrfl9fBiSbTKSTI9+kqJgQE0j3+jzEtAKRIEzoeYB8ujdKHOky+eyfC2YX0RlNlIDxZ+rP7g107ANr39oU/RmIoTq1AkvpKVl/nQrHIlYGW674m8mKBj0PDrhZp5qbtVipCD46JwsleA3Y3jClcWFyz0oxgHPGVuLgDdLVS6YC5Oa48Ijc72X1EllWRNfmDcYjRJOX142y7oIe94ZSz/Q==
+hNqejHBlhgoSdxvlPxa44dIO+PE3sfj9NHVmKOR1Uupgh77h6NBMySqsy5pvyo67b6JSI7atp47d8ZJZNXtru+uArreYRPLpx7SscqmwY7u8msGFSJ1FidmM7RFHPSkN0LoqODRibCc87DtPmlsYX3eGCorG6U1oAbR6Zk5b0mMwQAtSYPwM0Q3+bm4s9E=
ZlhNXi/cZoAW9IsmvhljEWTg5wsmp9/htL7FLMck4sH2KvrQzcP0TVJeD9oj1UhDOzyRj1ZyYB6fHzDpiuAusRJ7LGAbd9fjZUjUvGr7bPEZDsmsAvPfnWYUZE1m4oCKythEXCriSmIM8b4EpjGer4k0UndPMWOJiZmrPqoxDNQTqEe7KiA33kkK8x9FubsmOy3xj2uYl6+zxA==
ZZkrDHXQzcXm7AZ64BBp3TNiaxeTOC/LKD7ry4CB4UBAWydBmJmqE2sD7VuwGifW9T+2Qn8OHaAietr2j6cykdiVkfbbfvaS8gF/47PuxonWpt22+gJ/LnlCWT7TtgfsOVxIfMOSXMCMcSVYCEMklaLp8JnpboxCh7tJ3RRWpbEl+ZORuJF0BWVjHBtQR+2BpLPN
07G0Bl4lJIXIxdEcXYvqhyonRqyGSmUNMH8yKBzalVk5SmuaDXXe3ARMX8ncwZKeOpPivZA6c/lTEcX+mPZS5ZjzCWiVlsodew/mgsinvtzU6PreuEYCrA7Q7Acyjt5vKm1ZEk4NRx+HW8nPx5Qyz5h2Y+57YcIuM6xpPD/V/SfPpKvLLTUj9rO9s9I=
fSJ49WA7DXGzSRHVZVtr5VYnX2YOVEA9Oiz7fjgx+AMMyss+Yb8iKhRfoXjWms7Ok9deuexVZR53zmrqZqHLO08+6qHCpsme1tKD9s3izUZPBqsEzZx8VK/iQPiYkdGAtBNI/TZpZHEFvjAa89td5QimSZkRuef5FCHo/fHDqEMsF8GpsLPZ
p4WQHNYmgm/XW7VBPUxgefP9BrrBsaH7jXjMlbOMtEUP28z3l+Y+bSf+1xwhdgvuRbkuOLzQ3110L0NaYu/CiZg2Q90rTQUqcFrCYQBP6Zxd2rp5QxPmluDL7pgMFFpqMMqyCPYMrFNaos5rMlE5ZgbBt/s/x0lbb3jiC8AKQ9pzbfIKS/Cp6Nd5baNXGEs/5XlTkouhs8Y=
KxPBK84jkWnizIcq7QlQZodSN+7Gn46r68aMle/OiRmrm1/7h6NBMySqsy5pvyo66r+JSI7atp47d8ZJZNXtru+uArreYRPLpx7SscqmwY7u8msGFSJ1FidmM7RFHPSkN0LoqODRibCc87DtPmlsYX3eGCorG6U1oAbR6Zk5b0mMwQAtSYPwM0Q3+bm4s9E=
obcLEXeOfhv8aiyQyEJMXUIrFZ6HGmCJ+d6Bu1lcNHCCGNSPqlbN4GgVVXnHOtKB4Mre5CwHDmr5SwH15BEkIcr/UcfJ+jlhtDghd/YqsDafN+CzKxme2dJTXFj7L4cL5SAEZArDnNlZ5nnUoiuPtWY8NJXGmjBiivC0ZEo6mgqMGe5cRgnuh0lc4o/vabOhibF7ZgrJvLzTgDeDynhnNsliI8clgUsOe8VB98tAx4ez7A==
8mips1Or1HGnVXooRnPOsDHLdZDFIzOy3Z3j7pdvsj2L8Yhp7rr2rlh+KncpZRGsHZukZu3FnqwkXF/Z/L/TL9oDYi3wirMJcwHF7rgGklX4Y4n4dSaKbVsf5pLo1/5sNHh6Ttj2wlwuwOwXEn4e30r92YKuvQdvp0vJ3+fkcn945uN+G9EC3hO8aSwfJT2XrzQrW82FY4aTrbPC
CGqDTrnOtE9v7/gLPOXkAIdIO+PE3sfr9sfHzK6YyxmphFevyfYzMySqsy5pvyo657yISI7atp47d8ZJZNXtru+uArreYRPLpx7SscqmwY7u8msGFSJ1FidmM7RFHPSkN0LoqODRibCc87DtPmlsYX3eGCorG6U1oAbR6Zk5b0mMwQAtSYPwM0Q3+bm4s9E=
CVFi2l+faSPD+3fF19DsbIOhfEwE1DxWUSBdBTcKLz4pwEBIXoxZSwYWyIofi5iI3CrmZTJvJGQLk/+3JRx8WPp/5GW52gFoUpf3iWYATCk2JkheakzM2LoG4jZMpZbgtjWWu6ngmrMfVcsdCQ0DWvr1xAAzvE+/OsQfigleW/vVPTOym/k5Szv8v7uz0A==
7wIOvvfRjW9XPf5zMZ6mmJbGqRId1mlwe4QBB7a6UAafBwAnbGa+CVIDPGg7vyd75dCk9ErzfAnZtlkkYrvvhWYMVAUGahAyCiBUVAqqOvqMaU7MhjmO18mMwv+v+VORiYGb9kq5nGxT0FezCujHRsmSg1dlsave+5VhBwvQp7ez3A==
XOF82ZLr6p7lFMIEL8xbfnUftqJ/z8nTL6+qEh3yp3/k5sOAiVTgqvjClc9I1Yo1A3Ihliym0BF9l+mmfC1EJk8SQEolWntSewoJXv1oq/waOLn6RvSuoeesksueMfCpor3TZpa2RWvraY4+3/V32YGVQnmuscfznm8KD9eltrPf
eo/2uNPcmXhkQye3zFIAJJTGqQMfwG1we4QBB7a6UAafBwAhbGa+CVIDPGg7vyd75dCk9ErzfAnZtlkkYrvvhWYMVAUGahAyCiBUVAqqOvqMaU7MhjmO18mMwv+v+VORiYGb9kq5nGxT0FezCujHRsmSg1dlsave+5VhBwvQp7ez3A==
q/v11IedaB9M1+5BuJT/anUfsLRj0snTL6+qEh3yp3/k5sWAiVTgqvjClc9I1Yo1A3Ihliym0BF9l+mmfC1EJk8SQEolWntSewoJXv1oq/waOLn6RvSuoeesksueMfCpor3TZpa2RWvraY4+3/V32YGVQnmuscfznm8KD9eltrPf
KkJJSJbUmoE+JyvM9aaT83UfsaJx18nTL6+qEh3yp3/k5saAiVTgqvjClc9I1Yo1A3Ihliym0BF9l+mmfC1EJk8SQEolWntSewoJXv1oq/waOLn6RvSuoeesksueMfCpor3TZpa2RWvraY4+3/V32YGVQnmuscfznm8KD9eltrPf
uutn968w2vHfOpQwKMtz0WzmtQotuNGg7eKcdYd17IWzZuba15D0SUZeEMwo1UpHaWyRj1ZyYB6fHzDui+8usRJ7LGAbd9fjZUjUvGr7bPEZDsmsAvPfnWYUZE1m4oCKythEXCriSmIM8b4EpjGer4k0UndPMWOJiZmrPqoxDNQTqEe7KiA33kkK8x9FubsmOy3xj2uYl6+zxA==
Vt/1DOqhd97QlJQ44tEG2GmaLk8vbyYF8jNNPgVa0Zf8JWlnMTqKk00w01PHs1mg39i1WkyFbZGRxLVgdUVzb2ATYPecVVU+hw7aShYhW5uf/jqB0qbZvgYSU1ZdYr3m/8ZbJP2cDDSfIrAYKBFB4OTTmB0maXQRVf7g+mNb7YV45nl54bjX2WRhWF0BQzjjfFeRiaCzyQ==
bwwOd80xA0j9RWH/ntLA310H8IOWM06p9VbD1eu8tHfG6qzItuhVxaVVeBQUW+pvUdGXS14T+uiCkLbp34b9hJm/gaORh8JIg/oUTNa9P9OFndrk1J2Qdbrf84XrCPjNxL8juE6rLh2EIGF+o685JlxqFoTj/wAZDeZM
