xhY+Dz+a4KA5ejhX0EdoiqLnnRC7pUhMtj9KDiNveeyE29NIa7HU2vJj9dImtVV2pEhuQvDCE+XLlvF5d8BDI+LQDF6LOceubsxUdCjny5p8FXo2Uz18TpyXmc7MWMvplGAzpJ41M2BLeSkgKol/kZOb94yCa3vb3Hr45EiatUDIjGyqrmgJfGLmAUBf54e8rss=
VGv676KTQTfvLei4ae4QSi4kSKPZCzleeHQrYRzH0C85HhqaAHix1QxLLNrFx5CAYpPx8NA9e/URV9ns0KxT/4PkPmL4lsBxfwD8i8akq9vY5OzZ1QwErh/T9B4vloYzN2pbF0UCAl+LS9PFi946zZ8xbPR0ZsAsIbpoMjDY9i7NtrLILSI38bOmrtU=
HAr/Kiz6aIHO6CQBpYn3Zw8+z0f//CWX4mIoX4JsDVbNX+4W0Kz0IE5PxFWVpdjwnKUvBwRl4zlQi6/hLxDhhra25FV4fq8G2Cyh+cTvrGY49uLMiheRrMgpK5mZs5mQ6FjjcysgHn6gQlDdNyT8t74QWxew4AwFTZjUQhe3NOKX4rY/Hy77i51WEnND71N5c+pKgXe1DKhscpBAqV4oTggsRqJlcpLUdfanXfuCruk=
MbpoypHsBY6iHcAbToIw1hlDAzpYTePEGIz0wEs6O+2YciSMc35IFQWUBFlRem43iF8I6dXyt6cKheMGU+L1vBwhTzxCFE9PPk5TZFhff2gzsWwkx+1tUuYRTUMGPwEeUrVkMyx5Ff4IKWYElR71TJGvJZjL0gNCm4vxyrl3AQvcramu3A==
ixmhLJ2L3Pye5Dew46yBaDRIvnNzzpY0jsj1tsvlvWRFYP/4FIkMAZ8Cd73kGrAM55+1xcmsUDklYmIHlLf8KWFaK9eGHVemhxo5bCAJWzxWPHOf8raHxOzH8xivGdjkMwVxYuoJOSNSB83Orl3ws7gRaa5EEbLkYQb5fI3HUdh/ep+yFxNFau0PTVvghb2uyA==
Yi6mAC9PKZEzQ4GvYTii0zRIvnNzzpY0jsj1tsvlvWRFcff2EoYNU58Cd73kGrAM5561xcmsUDklYmIHlLf8KWFaK9eGHVemhxo5bCAJWzxWPHOf8raHxOzH8xivGdjkMwVxYuoJOSNSB83Orl3ws7gRaa5EEbLkYQb5fI3HUdh/ep+yFxNFau0PTVvghb2uyA==
HjhiIFsGqkfp9NlRxNeHLita/K3b0lG+SXyymLww1JClmqGBomEnEvCdHNeaTAxCd9W2wUvdtVEpYisykPARnVxjLPKXijEI8jux2MA1W71B/1lEgORz95PMfspoHmA5Lyj8o5bsC1NITKzxxQQk5k97dLZ/3qY7J0Ibv9WKohfbY9Pt25aaRQ+ZLNxkbuBkcRLommCQ1ibdnvJgvaqXueOOrv0=
pWY15QI6aPMG4GDkd+ynCoQXr6dcEbwPQGgoEmY76qbyCiX1US7LJpiMIVmEz6xGflZhbMo3kYyIias52ZOZsKj4Y9NrAB5e4OLQfXcE/Jf+sNu38MAMJQ04VOJXlzTC10I2n18O+6vd9pLTA89TWTNKyiE3lQyILNIQ4Ol+KG5IjMYCJVKS9DVWJ/27oq7J
KCFw6GbjXoQOrfQ5G4U9V0D2ckqHoTgTdzknWq1Vt0RcZOdxYStPdc2U47S+q1eos0OVBmWVBs76TK1PV21bKNqpz8YwT9ZjFgkLTinflDk99k3e68RCndG83KgRNyByTZSG4+EQrQ2yxNnRMyq4rdOz2INfZkyJuvPyxYuGVhW49IsiqzTPE7t4Fe4dOoW3Lzony59zgpG3rsI=
dwi4Z49qI2vIIq635CpSo9io5eiMG7+TRO2cKygEGMaB7eSw/w31AYmSq0IwINHNPFMswvDa8dhSSzEoYGUbbaHPWXRgNDOnMzz+usjOoGlPGPyT9rzLg+g8LAFlVGQ2r0t0hp8O5muHspvPdVpiR7tT0927xlqVr+msLMQ+oLSRIuiqgECWdn1uchAdelfpg76uzQ==
SCBUQXUIkaiBh8KaHWK9Nm2sutRh/cfzubmb9OqyBuE0r/Xzc+rjDXBiLIx7YSF1XcQ8mYmKltcg74BpXYLfB7I1O8arMi2cNDFHPEoEZ2/mnqukgO/HyFvB5KRPXcWyHuGVgz5vWX46pWwzJGn9HtD5XkTNbo0sOR+tGEMi6+IjO6mKwSdZK/S9oa7U
1yP5Xvqt8KoBuY9I5SWakvqWmuTT9nc4SayIWMa06n7o5AFhlMesXk9/ARSaf1FUeGELgUkbGSgYUIMru8heBpCK8EVnDPyPzpi7z6CIzP390PRaxx+0Wmfq1mePxrvzrZ6y6xPHU0EDYqpZZ93MUNw6sFh59qj2+CQm+vWa0qxFPgfFq6qu0Q==
qfwjR98ESxokDC8N7Ip4p2B+Zb4gSWB+aQy0FhAjHCn0mEIdChRjpc2SeFAol+GTRzIf3dwKuAzvi4wlIZwIeZ2yiqcMx3Sp6eqzty7Nr2bfahFM2BlTPF4si7/axt8EFBdbeDepUGS7denCAtmBYwo3JS6WTfizsAFRziwhaiTZVpHcFTfZWPfKB1K/Qz0qNf9le5iVta7A
yaOoGPl+Gka1luP1LtvojYQNo6peUPVHX39xHypktvTwE2T1US7LJpiMIVmEz6xGeVdhbMo3kYyIias52ZOZsKj4Y9NrAB5e4OLQfXcE/Jf+sNu38MAMJQ04VOJXlzTC10I2n18O+6vd9pLTA89TWTNKyiE3lQyILNIQ4Ol+KG5IjMYCJVKS9DVWJ/27oq7J
xbXzNg2Oh2qD/Srt9FAyZDm4i55Y76/EOH3sMQ3M6KPDM8ghG1OYRzSrqNC+RK0LC2VEGi6uk5fLbdScMAGHwb1dRYF8XE6SBG/Nlt31zh6STEUdHozjuAJpt/YoL56Tvonj/mH/jEkFNhVOE2QKTfm89HhZl9jiFVS+k/kw5b1aRHEhe0qgnatzABPnhgTZUvOaFUPm7oXgtHMSs9QHYxP4fV7VGp1HF3r/W+fTSsGfruo=
YDLgNHA+3btWceNrj6JkPY6Kt8AaZIyyOGEmb38Pxlr8CmQBGR0kYCGI87vPHZLkAI4KH+NKs01AgjyMaw8QtI1krBk5amYXcI+waa2ij0cClctGO1J9XMQRVzxaJJevtv47JHBPd4gL4RSkfz2Vcu4BJQOuz4m+CsV8MzSJzV6AWc7EfQ79bOn/nRgzAjsik5vZClHHiWuEnbGuxA==
4EvxJ2xaNB1QCvOHWc/yuoQXr6dcEbwHQn46Rmsy9PTyDGyhH3u5JpiMIVmEz6xGdFRgbMo3kYyIias52ZOZsKj4Y9NrAB5e4OLQfXcE/Jf+sNu38MAMJQ04VOJXlzTC10I2n18O+6vd9pLTA89TWTNKyiE3lQyILNIQ4Ol+KG5IjMYCJVKS9DVWJ/27oq7J
M9gt2enVOSeaRRQQ8pD/v8VELeXart3r4dzSwZzU31y4iluvwsdBPinFuiZuzDki7bOXEI7J+948f8oLIsn/5rWvGKHJVhmmpxS+tcW8yIDt52wKGTRye21gMaVGBO25Lxq0tefTjLuTtvDhLnNmLTfWGi1sFL86pwTT+484YUaBygkvW5rzM1Mj/rmjrtY=
jU1Bwe572SLfdZFnfw+twzEUTWSYgG7zm4N99u01Xr7iTLW5icPTWLLp59Y4b+4zbomzntE/nClVtuVuYySarcm8xJjJ16jC5dTu8+nwVd0KRKGBCwqwvfvzsPPXxpR5ovPqtdMm3uVQNKMyoxT3w0P4rb5lWo2nx/qPexcT2qGvrto=
tDhI3ZxrHYDcPatGZyGv94Tc5wQC5x1we4QMCtmzWAHsFBomZ3bmCUFOfG8zs2U9+cLsrkvpZx7uvDQkaNfrinwFWgYTbRw+HCc5HgyoK/mUcFPU3mWT0MuJyfDquV+Bk4vXvEK7mytcyli0COrVUMicjFpuuKnM4pZhEB/Xp6yu2w==
fZpQzjPFAlPuFY0lwMtm9TMUTXWalmrzm4N99u01Xr7iTLW/icPTWLLp59Y4b+4zbomzntE/nClVtuVuYySarcm8xJjJ16jC5dTu8+nwVd0KRKGBCwqwvfvzsPPXxpR5ovPqtdMm3uVQNKMyoxT3w0P4rb5lWo2nx/qPexcT2qGvrto=
0BcXVPx9ql4kfINGMTISD4Tc4RIe+h1we4QMCtmzWAHsFBwmZ3bmCUFOfG8zs2U9+cLsrkvpZx7uvDQkaNfrinwFWgYTbRw+HCc5HgyoK/mUcFPU3mWT0MuJyfDquV+Bk4vXvEK7mytcyli0COrVUMicjFpuuKnM4pZhEB/Xp6yu2w==
dpouXWkPGkb4olwaMhyEEYTc4AQM/x1we4QMCtmzWAHsFB8mZ3bmCUFOfG8zs2U9+cLsrkvpZx7uvDQkaNfrinwFWgYTbRw+HCc5HgyoK/mUcFPU3mWT0MuJyfDquV+Bk4vXvEK7mytcyli0COrVUMicjFpuuKnM4pZhEB/Xp6yu2w==
EWisH6YvSm6/B4SkBLUWVUjwIEuMvjZSLmV+A+0EuQAZKPt7e3hPcdmU/KK1q1Ws4ROVBmWVBs76TK1IVmJbKNqpz8YwT9ZjFgkLTinflDk99k3e68RCndG83KgRNyByTZSG4+EQrQ2yxNnRMyq4rdOz2INfZkyJuvPyxYuGVhW49IsiqzTPE7t4Fe4dOoW3Lzony59zgpG3rsI=
k5q2Mr5hxIKVSZqlRvp6CfX2FaHIoaz+iXTBgqWNokNAhJyV/IhNZi6gkEUpJlutS+ZvNYnt8xU6dAU8CbDchds1Rf9pCxk4OADDextY3pYw2rAVRxz8n+7I+58AGExtXYC0CucPtEpHupY3L1Y7Yw3O8rsz11NRIzLqCcdNTMB8avAIWeao5th0ZqpVClI85W5HlYu6rsE=
YT1MlQMKdleMqPPgvezks/X2FaHIoaz+iXTBgqWNokNAhJyV/IhNZi6gkEUpJlutS+ZvNYnt8xU6dAU8CbDchds1Rf9pCxk4OADDextY3pYw2rAVRxz8n+7I+58AGExtXYC0CucPtEpHupY3L1Y7Yw3O8rsz11NRIzLqCcdNTMB8avAIWeau5tVxZqhXCls95W5HlYumtNM=
bwwOd80xA0j9RWH/ntLA310H8IOWM06p9VbD1eu8tHfG6qzItuhVxaVVeBQUW+pvUdGXS14T+uiCkLbp34b9hJm/gaORh8JIg/oUTNa9P9OFndrk1J2Qdbrf84XrCPjNxL8juE6rLh2EIGF+o685JlxqFoTj/wAZDeZM
