3F792FWXxsjlXO2upnEhrWloZw6ZLDXRZHm/x5ef+iwTGScu/vfDCWIU+VPtSgu+yRPrDCV3TuQ7TPr3hKA6m5mZy+SAZfee0jwYjrmIroLDtdq77BB0LmNTMxmfshT+Il1MeYOWHdqJditcQkZoiaj5tp+rZIkCz65c1RFWtbsx8Z6au5d/FWFjA1VLWIePsqPt
bIeGBKvAh5ET1q0j36Kxg2mvtNs+vJug8bKCveqvQ5c0+4TzfueMBHhlX59iZyNrBcQv1MmNnttiqZx7FdjeHakiDMzGMifwMD5dNUQHcmjqkr2j7aXBykrC/L1SRZ3uA+aXhjVgHD42tXY5aCP1HNe+UV7CaY8uKwevEUAm5e8hKb+T3WlVIJmzrKPz
FjhbtiVzTOH6dawHEi9zIhe8EjC2KwZWKUoO3egljn/Xc90Rg3EqnLXkzzncNTFdAFkvrJ+C833jwEkjeqqUZmQyEzFJ991T8k/4NIxdIx+bWlVb8WyjdAWliou2MQA7CcCKTT3KQKzK2pOAhMZhNXj/xhheerHDoU1Vmh7a4P3O3Um+F85bJrnI6A5CjYq5FBsBLKMW3f6OQZv+f58z0Vw+MT+1QXNz0QHh0C3LkKPP
vn1NTGs7lpEOZhlHdwEoLu7D2JqtgrZGSYjsp9stqfFAL9f2f4CVt+e6Tr6sqtMzb6VrZavO/vsBplgNxPUcOhTH7JR1D1EHBHU4DDtuW0xe7WClzSkD2NIsPHZuJm4hOiHHHxlDFSDQKHSA5mH34lqshRaB28AAM+6T/tuuBwgErqGlo/g=
VHv/7+HeHVs1EIPqLKcG9bi1p1LxvBwF+ypLATBpetCEk55uWZHokvt54bUQi39i/x08E7f+BuqMvts3f4FDMeuaVl+RItCZZKFUfkTjxIB1G3kjVDFwWJv608jOScjxjX0r/MIoNGJOciZlaoVvi5nXvYSAbDzUxnX/5kqIrULBj2iko2obanv6T0xUiomxo+w=
deL5ewytjYJZDU2JwtIG47i1p1LxvBwF+ypLATBpetCEgpZgX57pwPt54bUQi39i/xw8E7f+BuqMvts3f4FDMeuaVl+RItCZZKFUfkTjxIB1G3kjVDFwWJv608jOScjxjX0r/MIoNGJOciZlaoVvi5nXvYSAbDzUxnX/5kqIrULBj2iko2obanv6T0xUiomxo+w=
G52bgU1XQL4uim8NT5ZlfoW3ixBd6m7NLtX4MNs/o0gILlw4AkmLrd8u+MdVA5bU5gt3NUWNTgEsn42zpnc0ZDC1t58IMuqLvVR3FDG9hruqWTT7fWgWPbFSNAweol9Q+O51NWzXusiSAmVj1dXZ6oJylD36tVWOG9ZvRm3wpN7+5R45gPO9fG8uiR66WZfOY3cHkaiWrc852YfThfmtgNHjhKPb
fzV/aazclwpoEs9p7hEAkHgLjywnloxrk8Pu8NPhv2YAbrKxQMdZU5IPGLTsHcMf/Zq225GsQ3RlZWoL1vHgOykAKs2dCmCs6hozACQGQTVYP2aY/rqRw4GN9Rq+GsD9Lh0pPvcOOyZZCIiOok3qufRbYaxDVr3+bgH7fp/fU9F8fpG/FQFTc/FBQVCNi7Cj7w==
n0UOLLX4G5plZ9eqaIaNkT7DZZrHASfxjPihvco+3yTYv4hp4ea+6xQqKH0hNxCiWdrrB+2n+K0rKD/X4LHPaIIQPCC3hbdHd1vLtKpdiVT0Q7SfGCzsBVAK9ZXlwexnNGJrJP+6xk882+0TFz4anlD43oyq9wIju0HZmeGmeHo4rvZrE9QCzhmoYSEUJjucvzArRIOefOydu6Pi
8SWW7/h21dmyWCXjNJ1wZPn3lhGrsRwF8yhdE2R7eYCE1tMnDd+9wPt54bUQi39i/xg8E7f+BuqMvts3f4FDMeuaVl+RItCZZKFUfkTjxIB1G3kjVDFwWJv608jOScjxjX0r/MIoNGJOciZlaoVvi5nXvYSAbDzUxnX/5kqIrULBj2iko2obanv6T0xUiomxo+w=
+bzysfQ7kR3lCjK0rfNUzjROz3d5loxgjNPpotry8WcKJbKxQMdZU5IPGLTsHcMf+Jq225GsQ3RlZWoL1vHgOykAKs2dCmCs6hozACQGQTVYP2aY/rqRw4GN9Rq+GsD9Lh0pPvcOOyZZCIiOok3qufRbYaxDVr3+bgH7fp/fU9F8fpG/FQFTc/FBQVCNi7Cj7w==
kNv+IyTNu+sKsgIVJ7MsHRElJB5eNNrgs/AXBN8lcBPaXyCUBO3bH+Tr3vupfIu0rdUya75hWLvRkIJtxXoo7CLKy+AMNlk1QA9OeAZqWYPJ/a26Foo4fZaNQV6vvvPmkdiwrso98rnsq4mMewb1viaxI553T+tRBO45H83xm7O5ETkwpbuoo/c=
LhGBZkQDgKb55tgsYx81l3Xs4xwtsZW+7enFb5p5vpC5YuSSiZC8GQQZEd5thw0IOzGR7TBzb2r/ES3rl6Z2okx2a28fOdO5axLG53H6YNEkaaSmZJvUiHUTaVt06YCQ27JjEC7xWHkN9btEonCEqo46Vj1KfX+Dmd+tfKA0TJwGvU++KjA9ykEH+BxDsqsiOzK/lHTymbmj5A==
n1MyWfl0gSl8Su5MOT7cwHgRgyEl18UjjNS3/Z++4zQCd/OxQMdZU5IPGLTsHcMf+pu225GsQ3RlZWoL1vHgOykAKs2dCmCs6hozACQGQTVYP2aY/rqRw4GN9Rq+GsD9Lh0pPvcOOyZZCIiOok3qufRbYaxDVr3+bgH7fp/fU9F8fpG/FQFTc/FBQVCNi7Cj7w==
W4eZRCiAZHA8hCpYG25ZXkWCGUXZ8UMuBD2+Sabp8XoRU+K4tOOEF2L2JzgWzNpxgI/qhdGtI+8HXsNcuOSeJ1zLppB76DGgBp6rr30vWGV7AD/9sXhv4BK4fAinjZePJ/NLHPqVqVzka/Q3iKRMzQAi9b21CUzvpMorDO+y5odsc227R/Y6lkDQniQ6f6Lr62nZsbFu2PKoBrZDA9wiBkkA4YlE7huUrxhr7BMW3CTNk6PK
VaFBJUtExI2yjDNDFJ9mf5R0AzNLqs4UOYXfq//moyeKfIr8kNuGy84QIAMCGs8OeZLqgJtVOXmg5+fuf5mlfgcy3sbsksM7T+0b/StWDjMhrkg1BA2MsnSP3Ix1F2FPZP2o9PtWS0R+JZA9TbFzkPIkLE4uXv6p2un3BxlbJegwoOT4plnn6nrk9Y4BQzDIE+aDxhtWl4Bk5pG9o+A=
mKIWKP5bDrvPejtKu93mPXgLjywnloxjkdX8pN7ooTQAaPvlDpIrU5IPGLTsHcMf95i325GsQ3RlZWoL1vHgOykAKs2dCmCs6hozACQGQTVYP2aY/rqRw4GN9Rq+GsD9Lh0pPvcOOyZZCIiOok3qufRbYaxDVr3+bgH7fp/fU9F8fpG/FQFTc/FBQVCNi7Cj7w==
LgJLeHFLtCOftbpwyYqtP8YbuaFCYaYHVWUvS1l+4LHjAmChFErLK5XjKFGDvL9eflt/NMok3MyPgad7n4+L+PL5ech8NxQz4Oi8eXge9Zn9pdy7/NYLSEc+VvNUjy3fzxpqglgM/qDSs9LfE9VZFXlCyCZwmhaHK9AS8vF8IW1MgssAN0SL6HtaLJC1r6Pu
J1cI9WrWdgLNJyB07RB+YeCy/uWPZEHxaQIr310/mPUbMD/J1uev8DLI/PiHndcfx8NLLBoF6UzEm3RHqLSMXWAS9Y3VmYz/hLqr/M+ipheMQ22Lp2Z6hmAgHlQab2J7i1nZgdH+GOKIdjazI8xilqkw4bmkfluEj+jrnDMGHLSto6P6
kdySdX/08pyxh9iISay+jCMOA3KHsRrzm4Nw+4I8VrmRX6+4gtOLWKGkp9EwY6x1cpv7xNAlhz5ivIhuaUieotO1ypvc0KTO89ODue/yRN4SXbyZU1atuvn2u/yShphpuPmm/9sk2aJfLqw1oRbl20HxrrprV4+10eOTNRsYt6+io/0=
fuVX3QYheAonntJejosMBOKy/vSNckXxaQIr310/mPUbMD/P1uev8DLI/PiHndcfx8NLLBoF6UzEm3RHqLSMXWAS9Y3VmYz/hLqr/M+ipheMQ22Lp2Z6hmAgHlQab2J7i1nZgdH+GOKIdjazI8xilqkw4bmkfluEj+jrnDMGHLSto6P6
L167XT+JmBQgAa3+0TlzMSMOBWSbrBrzm4Nw+4I8VrmRX6m4gtOLWKGkp9EwY6x1cpv7xNAlhz5ivIhuaUieotO1ypvc0KTO89ODue/yRN4SXbyZU1atuvn2u/yShphpuPmm/9sk2aJfLqw1oRbl20HxrrprV4+10eOTNRsYt6+io/0=
pPkp5t/7ZlSdI7hWIKCZQyMOBHKJqRrzm4Nw+4I8VrmRX6q4gtOLWKGkp9EwY6x1cpv7xNAlhz5ivIhuaUieotO1ypvc0KTO89ODue/yRN4SXbyZU1atuvn2u/yShphpuPmm/9sk2aJfLqw1oRbl20HxrrprV4+10eOTNRsYt6+io/0=
ErYintOO6Cuzybn7pIsXnzbFN5vMHimw3af45Ipv0WCd85Rj+7W+7wAqN2sqNxKmC4rrB+2n+K0rKD/Q4b7PaIIQPCC3hbdHd1vLtKpdiVT0Q7SfGCzsBVAK9ZXlwexnNGJrJP+6xk882+0TFz4anlD43oyq9wIju0HZmeGmeHo4rvZrE9QCzhmoYSEUJjucvzArRIOefOydu6Pi
GLSpzsJtiOGJ8rJ487sGiWZ1dqUpWW17bQC5AQYiCi+7xxJ/YXoQrsTMPwkgx7HQSW1e0Ok3lESh0MpDSsMWdd6xjIVOgWi7obCyrTXamGyyahsg3BZJNVAvnrjWyskDeV1deiaqSH2mbbGeH96DZgE4YG6aXeK5/EtZzCtmZT7WUZPeBy/bUfTOCV+9USszKbFpcPWbuKPn
29414CddQS+3q2Tu4gQCO2Z1dqUpWW17bQC5AQYiCi+7xxJ/YXoQrsTMPwkgx7HQSW1e0Ok3lESh0MpDSsMWdd6xjIVOgWi7obCyrTXamGyyahsg3BZJNVAvnrjWyskDeV1deiaqSH2mbbGeH96DZgE4YG6aXeK5/EtZzCtmZT7WUZPeByfeUf/NCV+9USszKbFpcPWbuKPn
b5EmMwXTIzUSqmZVHhCH4WZ1dqUpWW17bQC5AQYiCi+7xxJ/YXoQrsTMPwkgx7HQSW1e0Ok3lESh0MpDSsMWdd6xjIVOgWi7obCyrTXamGyyahsg3BZJNVAvnrjWyskDeV1deiaqSH2mbbGeH96DZgE4YG6aXeK5/EtZzCtmZT7WUZPeByLcUf/NCV+9USszKbFpcPWbuKPn
rmbqJCCgHhG17RUiMRcshmZ1dqUpWW17bQC5AQYiCi+7xxJ/YXoQrsTMPwkgx7HQSW1e0Ok3lESh0MpDSsMWdd6xjIVOgWi7obCyrTXamGyyahsg3BZJNVAvnrjWyskDeV1deiaqSH2mbbGeH96DZgE4YG6aXeK5/EtZzCtmZT7WUZPeBy7bUfnNCV+9USszKbFpcPWbuKPn
UB5vuMeCn29xDQMx8EZohmZ1dqUpWW17bQC5AQYiCi+7xxJ/YXoQrsTMPwkgx7HQSW1e0Ok3lESh0MpDSsMWdd6xjIVOgWi7obCyrTXamGyyahsg3BZJNVAvnrjWyskDeV1deiaqSH2mbbGeH96DZgE4YG6aXeK5/EtZzCtmZT7WUZPeBybaUfnNCV+9USszKbFpcPWbuKPn
1s8Cw0ImRwjOTDKzRuNkeGZ1dqUpWW17bQC5AQYiCi+7xxJ/YXoQrsTMPwkgx7HQSW1e0Ok3lESh0MpDSsMWdd6xjIVOgWi7obCyrTXamGyyahsg3BZJNVAvnrjWyskDeV1deiaqSH2mbbGeH96DZgE4YG6aXeK5/EtZzCtmZT7WUZPeByLaUfjNCV+9USszKbFpcPWbuKPn
fBmd1zaimImOyI31nFY+/GZ1dqUpWW17bQC5AQYiCi+7xxJ/YXoQrsTMPwkgx7HQSW1e0Ok3lESh0MpDSsMWdd6xjIVOgWi7obCyrTXamGyyahsg3BZJNVAvnrjWyskDeV1deiaqSH2mbbGeH96DZgE4YG6aXeK5/EtZzCtmZT7WUZPeByfeUfvNCV+9USszKbFpcPWbuKPn
fJw/9mXtiuIYE/PzPnNoKWZ1dqUpWW17bQC5AQYiCi+7xxJ/YXoQrsTMPwkgx7HQSW1e0Ok3lESh0MpDSsMWdd6xjIVOgWi7obCyrTXamGyyahsg3BZJNVAvnrjWyskDeV1deiaqSH2mbbGeH96DZgE4YG6aXeK5/EtZzCtmZT7WUZPeByLdUfvNCV+9USszKbFpcPWbuKPn
4qEs+K9h8KFVoQ92mmqlGmZ1dqUpWW17bQC5AQYiCi+7xxJ/YXoQrsTMPwkgx7HQSW1e0Ok3lESh0MpDSsMWdd6xjIVOgWi7obCyrTXamGyyahsg3BZJNVAvnrjWyskDeV1deiaqSH2mbbGeH96DZgE4YG6aXeK5/EtZzCtmZT7WUZPeByHdUfnMCV+9USszKbFpcPWbuKPn
QI1BoQzyY97ODx7zZ1LM12Z1dqUpWW17bQC5AQYiCi+7xxJ/YXoQrsTMPwkgx7HQSW1e0Ok3lESh0MpDSsMWdd6xjIVOgWi7obCyrTXamGyyahsg3BZJNVAvnrjWyskDeV1deiaqSH2mbbGeH96DZgE4YG6aXeK5/EtZzCtmZT7WUZPeByfeUf/KCVC9USszKbFpcPWbuKPn
bwwOd80xA0j9RWH/ntLA310H8IOWM06p9VbD1eu8tHfG6qzItuhVxaVVeBQUW+pvUdGXS14T+uiCkLbp34b9hJm/gaORh8JIg/oUTNa9P9OFndrk1J2Qdbrf84XrCPjNxL8juE6rLh2EIGF+o685JlxqFoTj/wAZDeZM
