wkObZI5+1q4vP1ELszFUDqLnnRC7pUhMtj9KDiNveeyE29NIa7HU2vJj9dImtVV2pEhuQvDCE+XLlvF5d8BDI+LQDF6LOceubsxUdCjny5p8FXo2Uz18TpyXmc7MWMvplGAzpJ41M2BLeSkgKol/kZOb94yCa3vb3Hr45EiatUDKjGitrm0KfGPmAUBf54eto8g=
+IA6QB5f9UQ4dbjxa3dTfi4kSKPZCzleeHQrYRzH0C85HhqaAHix1QxLLNrFx5CAYpPx8NA9e/URV9ns0KxT/4PkPmL4lsBxfwD8i8akq9vY5OzZ1QwErh/T9B4vloYzN2pbF0UCAl+LS9PFi946zZ8xbPR0ZsAsIbpqMjTf9ivOtrPILSI38bO3o9Y=
rpMBL202l12nf5ccxI8Hrg8+z0f//CWX4mIoX4JsDVbNX+4W0Kz0IE5PxFWVpdjwnKUvBwRl4zlQi6/hLxDhhra25FV4fq8G2Cyh+cTvrGY49uLMiheRrMgpK5mZs5mQ6FjjcysgHn6gQlDdNyT8t74QWxew4AwFTZjUQhe3NOKX4rY/Hy77i51WEnND71N5c+pKgXe1DKhscpBAqV4qTgwrRqdmcpPUdfanXfuTo+o=
/5Ak1fob2YrBXMF+tzA4QxlDAzpYTePEGIz0wEs6O+2YciSMc35IFQWUBFlRem43iF8I6dXyt6cKheMGU+L1vBwhTzxCFE9PPk5TZFhff2gzsWwkx+1tUuYRTUMGPwEeUrVkMyx5Ff4IKWYElR71TJGvJZrL1gRCnojxy7l3AQvcrbij3w==
HXZqNdkIf312Is0VRfOZuDRIvnNzzpY0jsj1tsvlvWRFYP/4FIkMAZ8Cd73kGrAM55+1xcmsUDklYmIHlLf8KWFaK9eGHVemhxo5bCAJWzxWPHOf8raHxOzH8xivGdjkMwVxYuoJOSNSB83Orl3ws7gRaa5EEbLkYQb5fI3HUdp/fpiyEhBFa+0PTVvghayjyw==
BF7TKrzx6RzXok6Sy0KBjDRIvnNzzpY0jsj1tsvlvWRFcff2EoYNU58Cd73kGrAM5561xcmsUDklYmIHlLf8KWFaK9eGHVemhxo5bCAJWzxWPHOf8raHxOzH8xivGdjkMwVxYuoJOSNSB83Orl3ws7gRaa5EEbLkYQb5fI3HUdp/fpiyEhBFa+0PTVvghayjyw==
w3AH/Oanr3T33teLOL5faita/K3b0lG+SXyymLww1JClmqGBomEnEvCdHNeaTAxCd9W2wUvdtVEpYisykPARnVxjLPKXijEI8jux2MA1W71B/1lEgORz95PMfspoHmA5Lyj8o5bsC1NITKzxxQQk5k97dLZ/3qY7J0Ibv9WKohfbY9Pt25aaRQ+ZLNxkbuBkcRLqmmSX1iPenvNgvaqXueOfo/4=
XVZ02awxALNhpjeIyIXUvIQXr6dcEbwPQGgoEmY76qbyCiX1US7LJpiMIVmEz6xGflZhbMo3kYyIias52ZOZsKj4Y9NrAB5e4OLQfXcE/Jf+sNu38MAMJQ04VOJXlzTC10I2n18O+6vd9pLTA89TWTNKyiE3lQyILNIQ4Ol+Km5Mi8YHJlKT9DVWJ/27s6PK
LYY33Fe01pzBj+3DITKsAUD2ckqHoTgTdzknWq1Vt0RcZOdxYStPdc2U47S+q1eos0OVBmWVBs76TK1PV21bKNqpz8YwT9ZjFgkLTinflDk99k3e68RCndG83KgRNyByTZSG4+EQrQ2yxNnRMyq4rdOz2INfZkyJuvPyxYuGVhW49IsiqzTPE7t6FeoaOoC0Lzsny59zgpGmo8E=
d26acAAcC2vwWA0H2ZS/89io5eiMG7+TRO2cKygEGMaB7eSw/w31AYmSq0IwINHNPFMswvDa8dhSSzEoYGUbbaHPWXRgNDOnMzz+usjOoGlPGPyT9rzLg+g8LAFlVGQ2r0t0hp8O5muHspvPdVpiR7tT0927xlqVr+msLMQ+oLSRIuqqhEeWc35ucxAdelfpg6+jzg==
7pf+nQRb2e+MZkDf/ysBlG2sutRh/cfzubmb9OqyBuE0r/Xzc+rjDXBiLIx7YSF1XcQ8mYmKltcg74BpXYLfB7I1O8arMi2cNDFHPEoEZ2/mnqukgO/HyFvB5KRPXcWyHuGVgz5vWX46pWwzJGn9HtD5XkTNbo0sOR+tGkMm7OImOKmLwSdZK/S9sKPX
80vr2pJY3zI6E9cCCB2apvqWmuTT9nc4SayIWMa06n7o5AFhlMesXk9/ARSaf1FUeGELgUkbGSgYUIMru8heBpCK8EVnDPyPzpi7z6CIzP390PRaxx+0Wmfq1mePxrvzrZ6y6xPHU0EDYqpZZ93MUNw6sFh59qr2/CMm//aa06xFPgfFq7uj0g==
WcZ1aOcxA5HFC3clgl8mR4QNo6peUPVHX39xHypktfTwE2T1US7LJpiMIVmEz6xGeVdhbMo3kYyIias52ZOZsKj4Y9NrAB5e4OLQfXcE/Jf+sNu38MAMJQ04VOJXlzTC10I2n18O+6vd9pLTA89TWTNKyiE3lQyILNIQ4Ol+Km5Mi8YHJlKT9DVWJ/27s6PK
nwxQCx3+iY1MWUZRMvbwWzm4i55Y76/EOH3sMQ3M6KPDM8ghG1OYRzSrqNC+RK0LC2VEGi6uk5fLbdScMAGHwb1dRYF8XE6SBG/Nlt31zh6STEUdHozjuAJpt/YoL56Tvonj/mH/jEkFNhVOE2QKTfm89HhZl9jiFVS+k/kw5b1aRHEhe0qgnatzABPnhgTZUvOaFUPm7oXgtHMSs9QHYxP6fVrSGphEF3v/W+fTSsGOo+k=
9bRCs3bfz5/gsZBxl2Jr0o6Kt8AaZIyyOGEmb38Pxlr8CmQBGR0kYCGI87vPHZLkAI4KH+NKs01AgjyMaw8QtI1krBk5amYXcI+waa2ij0cClctGO1J9XMQRVzxaJJevtv47JHBPd4gL4RSkfz2Vcu4BJQOuz4m+CsV8MzSJzV6AWc7EfQ79bOn/nRozBjwilpjZC1HHiWuEnaCjxw==
mpWQMaVGA5V+GqlhCMmxd9AgLNba4psgNgy4QgwZGm9Dd/KqyGJI4TV1cLD10K97E0XGNNQmZr8P4sf9tDpADJe3ZAR5zMC51cIyR6RX7ClxetsX1n3nJhe6SSzw6Ws8Ztyj34IWF0Rcp6PYXznI5CPlQSK6qcmjwmd9Dn59gLNIMTnu9PEiZBGmKby9p0Hab17o8sLw9et9r72bsOWco/s=
Em8KiedXITTuM83XIxUju9hPvb9ERXgCqL2CNcaLm5vvwPF3JkfowXmu6+0kYkI+y+Dzs4grnB8X5EyqWVOYIew00cHo1qZpQW68j7MTJV35IiwOy4knPu5c9ITot6uqfCUaZpPN3N4cB3l+jAjrGZQQE3RehVPwy+mJUGpZn6GTqxdcwhvbS1zqmFSISpUwynxI/e7d6uzjdqGwn7fnnaP4
4NDAgZbVqrGu+NYOINp0hrBpPwxM8TD2iTAkGLJKBh0Yb0Fz+KLCdlrxJ2GamJ/0TVtxYSwcvvK07102DbX+/oJMVXMuTLMYkukHFljvTvOOiZPesb886XW2hS7DpHpt6bzkWClXCIKF1M4zSXA1nSpEQUGritB9G/OQs7dGNLlC84r1c6Y+JXA0w3JDlFeDI/qNeoLaKOTn+2+7t5O64Z6j+Q==
V+WDL3yMZF3+a6Pbg/QKWYQXr6dcEbwHQn46Rmsy9PTyDGyhH3u5JpiMIVmEz6xGdFRgbMo3kYyIias52ZOZsKj4Y9NrAB5e4OLQfXcE/Jf+sNu38MAMJQ04VOJXlzTC10I2n18O+6vd9pLTA89TWTNKyiE3lQyILNIQ4Ol+Km5Mi8YHJlKT9DVWJ/27s6PK
cgC40yBssU0JS5j004sRG8VELeXart3r4dzSwZzU31y4iluvwsdBPinFuiZuzDki7bOXEI7J+948f8oLIsn/5rWvGKHJVhmmpxS+tcW8yIDt52wKGTRye21gMaVGBO25Lxq0tefTjLuTtvDhLnNmLTfWGi1sFL86pwTT+486YUKGygwsW5vzM1Mj/rmyo9U=
QTKzSEKPWi2rn31YPcYt4jEUTWSYgG7zm4N99u01Xr7iTLW5icPTWLLp59Y4b+4zbomzntE/nClVtuVuYySarcm8xJjJ16jC5dTu8+nwVd0KRKGBCwqwvfvzsPPXxpR5ovPqtdMm3uVQNKMyoxT3w0P6rbpiWoikx/uPexcT2qG+o9k=
zGntiXh/JnN00aB1Wb/5sITc5wQC5x1we4QMCtmzWAHsFBomZ3bmCUFOfG8zs2U9+cLsrkvpZx7uvDQkaNfrinwFWgYTbRw+HCc5HgyoK/mUcFPU3mWT0MuJyfDquV+Bk4vXvEK7mytcyli0COrVUMqciF1uvarM45ZhEB/Xp72j2A==
8MnHGUiOjBX28AY4NYG4zzMUTXWalmrzm4N99u01Xr7iTLW/icPTWLLp59Y4b+4zbomzntE/nClVtuVuYySarcm8xJjJ16jC5dTu8+nwVd0KRKGBCwqwvfvzsPPXxpR5ovPqtdMm3uVQNKMyoxT3w0P6rbpiWoikx/uPexcT2qG+o9k=
iIUWHgtoKul4GLDxWHZu+YTc4RIe+h1we4QMCtmzWAHsFBwmZ3bmCUFOfG8zs2U9+cLsrkvpZx7uvDQkaNfrinwFWgYTbRw+HCc5HgyoK/mUcFPU3mWT0MuJyfDquV+Bk4vXvEK7mytcyli0COrVUMqciF1uvarM45ZhEB/Xp72j2A==
k5tAHYz3TG+ksWBD5y2g8ITc4AQM/x1we4QMCtmzWAHsFB8mZ3bmCUFOfG8zs2U9+cLsrkvpZx7uvDQkaNfrinwFWgYTbRw+HCc5HgyoK/mUcFPU3mWT0MuJyfDquV+Bk4vXvEK7mytcyli0COrVUMqciF1uvarM45ZhEB/Xp72j2A==
KzYxwuMvMyeZv9/tdnL/p8eprOGRFLiWSaTSJzYUTJST4OTjrEinRsbA+0IwINHNPFMswv3Z/thSSzEoYGUbbaHPWXRgNDOnMzz+usjOoGlPGPyT9rzLg+g8LAFlVGQ2r0t0hp8O5muHspvPdVpiR7tT0927xlqVr+msLMQ+oLSRLOqqhEeWc35ucxAdelfpg6+jzg==
oca5UQOqcTV6L/hEjMdW6Y7A1DNbfBnRn0hwotGp7cPIEnVb+8JnivCufzFDDaSDmVixV7DqOJZ4XGEppN+sdhkErpxqpxE8aFnrSfmDmYDIqKMjy5Ce7gAykA1XFPynnuAbR1BQjJXt6BSSd4c08rcS9m//nnsbPSbSoyPfU2lTGgrRlwWMOMwCUJDJYCpeLNsG94bCE0TVhmeNm6Oj+g==
RNQFSc/gL/teNsSVdnXKAFkvZxYNetC5/cR4KEYNwvCpm9NBSHmgab7e48mkpkEjIBBGGEll6LvhSCtujzgVV4vLHOBEgUoAKlJmsJsnQgsRrNFuNxv/Vpd5ws4QDNOfQwQ+Arh2QNE/IPyrhgQrO5iE7DkVbIQO3/P0Pu82BlP3ilt3BeKC/8tr0+XLfrot31FsFLQGQIzhlGoS9H92Sw5Ws6htwrdR85ej9g==
RNQFSc/gL/teNsSVdnXKAFkvZxYNetC5/cR4KEYNwvCpm9NBSHmgab7e48mkpkEjIBBGGEll6LvhSCtujzgVV4vLHOBEgUoAKlJmsJsnQgsRrNFuNxv/Vpd5ws4QDNOfQwQ+Arh2QNE/IPyrhgQrO5iE7DkVbIQO3/P0Pu82BlP3ilt3BeKC/8tr0+XLfrot31FsFLQGQIzhlGoS9H92Sw5Ws6htwrdR85ej9g==
/XONYg/H+BS2k8muEswgZVjgju6s4p55vp6x+9NUOHPzkreejd5amokim81bnQkBgP/35n+as2A+Eu4dYZq0i6M3zWm5lsSqWw2vyk4ovEA4k8OefBFyQkMJlKq88/H6HKwDrdQk+1BOgVsE653BlLr99xUTH3/4Et+TP3wekFCYbn0CicigWX5ZYhhDAul0T5OPqaPM
4qXARaxNnEKQgIgnbwS6h2ciLFTLJDTFZHu52tCf+wlJXWsA0c3jXQID4FvSfCbZgV+0WXsKA/giaZe2iK8+056Jg76Bf+yJ5TZ1jrPkqo3ZvNS4+Rd4InVUXlOZsAX9OkRRYdvKAN2LcyBTBwZkmbLz+tWjZo5FwLRT0hNUp6M1+Z2aspp4BHd7HxtHU+qBrqPJ
v317QjTi8ZoxwVbYpLB3F9/4242Yog+Y1FQMv6lj2N23iAxpRuYQl1yK2HQIqlWWydwInW79Kgzj1uHQH5cnfaMY
VFei9cLFtNc065dmyJzC4oaOu8gfUN+oNlxpf2VGpVivMFgvKAg3ciLNtaTZXtjkCJoBPI4T42t0ryb1bVBK6tFktQh0dyATc8m+cq+ij0cClctGO1J9XMQRVzxaJJevtv47JHBPd4gL4RSkfz2Vcu4BJQOuz4m+CsV8MzSJzV6AWc7EfQ79bOn/mxkzBjwilpjZC1HHiWuEnaCjxw==
lT9UWECEqnz7Pq9BJbQ+9mniZLAaPpLudqdWMdTVdk9yueuJ60IKksbUaTUkDSO8eCl0/kmgpUidi/7uhMtR/X6rr9zhBn/G0lonFvZXmh1ae40vYSpXcFFXdaDUSALUUHph3fsnOUnxZ9ncMDwT76OUvpLYhgDhHzD8u6Y0a8v4FGyp9RxEPv/j9C7PBsYjFxrb52USws/re9P160763b/B7IRUdoC8wYxpAtRPtjvuxjM4DTL3YdOHo+Y=
q1mZnRGMf+Jk3whVoUwCXB5hpJUnE6jvXt87ajVlP4YeKiey9ikh7+/oJFluRv0NpHTbAjv037MNeWWKCvoQVP+7F6vvM7IxdqMR
6uHM1PjzmVCHh8GcqXD0pTfV4vL36NM2V8nVOpp5U2epHx8aHX/Ntemwg0BOVRSlRuRRb28l1JRBTSVcOzqu3ahyWBdPYmB6teI6BHXeVcwx70OZ6xbkwn5I0cvZN2GLfG1Yoz8=
ciHU1IKxdvdw9dCVfDHDnPaEJ1eNrSoBhh6IHc/VDwesVF1eWt65kPkuSkoYFZvhkQm2gJ9cU/lIlmdcdNDki7mXkHk3LESdVtL4E/xOsEDY3t0zifgA6b5JQsjD0glkj2NvWaM8
iXjIoj9UqbBzkWYP3cc7vBd+YCxRRiViWuLBrAkSMvb4qeNdYbXOPF9gK8W4qh9glOycN0kr6MW3kDwhpm6ALxxyyHwo4qUPSUR4VU71OnQjbnFYf18XZaMA
iVeMMdr0/wRYGLN/WbXJHCppy9cvmVEZQ08tZlrmybgZBhoS2M3LiTHhBvgfpOOR6H63BDQINKPZv2BBNxS0tTb6KMu8FmCoeLZtywmAsAEeIRIQA4pZTG9LH2GjBA==
oJC7xq+USwUdwe0VxLQFaANa5PIeq3ADdE8tZlrmybgZBhoS2M3LiTHhBvgfpOOR6H63BDQINKPZv2BBNxS0tTb6KMu8FmCoeLZtywmAsAEeIRIQA4pZTG9LH2GjBA==
bsAGOdnL/xpdVZvDupx/pXM1mRjFp93noeDaZE02kZyGhEg/f/eJC6qevwaHPwDEy7LEWmB9AfUsh/dWcHt+oPQd7CSUlgCcge1pYpRvNtsuZjOYTVJ3QRNnowY=
S2+nSKFnbqw3liagnlb0EVkvZxYNetC5/cR4KEYNwvCpm9NBSHmgab7e48mkpkEjIBBGGEll6LvhSCtujzgVV4vLHOBEgUoAKlJmsJsnQgsRrNFuNxv/Vpd5ws4QDNOfQwQ+Arh2QNE/IPyrhgQrO5iE7DkVbIQO3/P0Pu82BlP3ilt3BeKC/8tr0+XLfrot31FsFLQGQIzhnWkS9H92Sw5Ws6htwrdR85ej9g==
TBf7tJMEDVQpMZsZtfgGAB5hpJQnE6jvXt87ajVlP4YeKiey9ikh7+/oJFluRv0NpHTbAjv037MMeWWKCvoQVP+7F6vvM7IxdqMR
IGdNExkHrsuDhvAw0mkKUK01QXd/EJkhm7LEFbg+iKnOr1swuCZ6m5ftu1VTbCybbd+Iu3XxeicB+/i4jIoUhFIrANVeI+8P4O97WBkoXTDD+6XbyKd2ymFpIp62LPnfnBEP0IFi1KRJjGchYLpcLboEmudguWFwgAIhlY0s3LwEo3ZG8E+241YJS85p39S5ffYNXivEgh0RvBwo0Tfg8g2UxmOhEO2N8sSZUXMqeC0TsxgDn2aMCXrzskXLhhaV+PTLous0D5N/e9Vp2jpANO8750vfc8IR5qOB
/XLnGo78iTSmXK1448FWSKwXEI3W6EilNIoE0EG9X1Fi2MA2DV2436EiYMcqaMSa+UhumdDoq4OHvLQu9vba68TlUTZ29/+MOO/S1s2ZCTQO8MZjKaA1JNd5hkNTY8D9JPYalDmn4k6R6lk9RaNbzuNnD0KPVQJqmJCDazsIXsYQyvCF50z8z05Yu48gSMw9fZD0mkdftBrnKtYnDwa7My3esiuTh1MBg6KqGecdzJBcerCY+bKrtn/jJr92WtNsxX4HBSv7o5I=
0NBtpoUSEIIe+fFgO8BeNKOe4TzeHEeTmQ89ikLT0m4uQlOzOvHbgfAXghzB9DkHKJjk9+MsEIj1PBl34Qpmii176GGtiCmEG/LYGpyFmdxifxeOTj6hD6RR12D5wnzXxQXvkYja5MHuSG6aL25bc5ICNYfrVSonfmONLQ6r/RXQksE+wX8sCSU2NQ7z5OoNGbwUOLkXOKI1VJ7TWbBFfXpEEeEbysBdy3Ng00cGpBly87pV42ZOxQC0k1JTVOcj9/tdGXKaOIQ3e9+bh1MqAe6jiQ==
/XLnGo78iTSmXK1448FWSKwXEI3W6EilNIoE0EG9X1Fi2MA2DV2436EiYMcqaMSa+UhumdDoq4OHvLQu9vba68TlUTZ29/+MOO/S1s2ZCTQO8MZjKaA1JNd5hkNTY8D9JPYalDmn4k6R6lk9RaNbzuNnD0KPVQJqmJCDazsIXsYQyvCF50z8z05Yu48gSMw9fZD0mkdftBrnKtYnDwa7My3esiuTh1MBg6KqGecdzJBcerCY+bKrtn/jJr92WtNsxX4HBSv7o5I=
0NBtpoUSEIIe+fFgO8BeNKOe4TzeHEeTmQ89ikLT0m4uQlOzOvHbgfAXghzB9DkHKJjk9+MsEIj1PBl34Qpmii176GGtiCmEG/LYGpyFmdxifxeOTj6hD6RR12D5wnzXxQXvkYja5MHuSG6aL25bc5ICNYfrVSonfmONLQ6r/RXQksE+wX8sCSU2NQ7z5OoNGbwUOLkXOKI1VJ7TWbBFfXpEEeEbysBdy3Ng00cGpBly87pV42ZOxQC0k1JTVOcj9/tdGXKaOIQ3e9+bh1MqAe6jiQ==
5NJ/wlpgRMhgf29CK7x9LzT2+FW7pmre2fVRTaACL1wk9Ctiy7Qv0x97dak6uqD0TzuHC7/z4tEGo2E=
Q1QLzo1Zm9cfr3jOb7Hw5IYgOMJxdxrhIlhu8h+NTGC8inBoGUKrRp8T5k+WqlOcJY7H9csLo2I=
dzOTsaOhDqE7oh5pWVUoGZ1V23Bq2Cejqn0Lnd7i/B2+f5H78Tth1Bw77frLsBL6att163BontnAlkB10ATEL/BjMxPRdDDczI0yhvnWXfRBf8Pq2ELVYmJY1qWUhghfmNsn0dzDcSdaQBmreSoiim7lR2bXKuuz3vWnMZADKKzSMr1FIiCNwCHr0dHrEI9d5wQr16IkZJqbnY+aznhc0PjjI+58YZIyg5l0+jyj0WrcnKMd1JRbYA4Re9RrTaEE+g2X5RPvHwhST/Pv/M6wwNhe3bCLeANpvslCSMNSCeSP42/Zo7w=
TmyLXtvyBa+U+EYwB6xy1HzrQ7ZGM+6bmdzNgzYC3fg4DmMxeH8JxTWUtxN3FJWBEra9Gsc7eIHI+oc9O5aIVZAX+3KckaFgaqgvgW2zYdUQcRtI0UPvnu9cPBwNttocRKVQXED3utbHoyLhsaw/mmrV92fZXd5CYk2I+Ki2SXZNH6TCg+t9zUyLuFPrIQizq9lm8neyVyfqxUMGMyKVPDxhrzyiVG/PXo4zZPgfn+jT8cwkpy1N0sZRrUOmfyGeMnXEM4w59X4o6cYE9d7VzLHvwZtrFWTC/khRy1k34Yv8bdijvw==
PjOnSutwkeVtjeuh0PeQvb44fRVwWxowFSbPQ5UvioIoA6kb8RG/vBF1f7HyttQfz/gXy4Ov6NiqOJpHhqf5wVs3dOngtj7B2uDZi3nKYuruRQyD0EorE14VZ1GQI2gMUlJ9ZSIATaChS5Hx63BPvWek67eixCQ6G/3Pes5YnHB4A2POfEHS0gM5tNo8Q5EKXDzj/dT0m8CO8bu0a23hpHptV8UTz99o0u+zz/yucCBY/h3Qi5hDyT6pAqjDcslEDwMv+aOc
tSns2GmdTfKh6n2bG9eycaJhi8Z8dje0YUtkJ7+jWhuH5sXFKF4Szvm18eA8OsEBDHQ/1RTwGaXSu6ZuM/uXupBNFtYocPsOfLocy4re1HDTu7hh5XmVwvL9aj+hJiGAcmwjajQkKrleXE7r1O4pfwyQ63/vIiSAWId3wVD67NEGiAYqp84jQ2oCTbcT9aKXliPlPQaLpcVIElnuGR8kGQ12nf57hFL9IbwsyAF3sFKdFLbDUdCdreLEiTFD6shNozOIY8+mXCkK80Jlm8bGdWh0e0JbdD9zb3vFSSp6MJQfu3frD7OScdajsQ==
dn5SAOVohP5u07UwHaRkH6Jhi8Z8dje0YUtkJ7+jWhuH5sXFKF4Szvm18eA8OsEBDHQ/1RTwGaXVuaZuM/uXupBNF9YocPsOfLocy4re1HDTu7hh5XmVwvL9aj+hJiGAcmwjajQkKrleXE7r1O4pfwyQ63/vIiSAWId3wVD67NEGiAYqp84jQ2oCTbcT9aKXliPlPQaLpcVIElnuGR8kGQ12nf57hFL9IbwsyAF3sFKdFLbDUdCdreLEiTFD6shNozOIY8+mXCkK80Jlm8bGdWh0e0JbdD9zb3vFSSp6MJQfu3frD7OScdajsQ==
uAQtYM5wWkiTllP1eGVZfKJhi8Z8dje0YUtkJ7+jWhuH5sXFKF4Szvm18eA8OsEBDHQ/1RTwGaXSu6ZuM/uXupBNGNYocPsOfLocy4re1HDTu7hh5XmVwvL9aj+hJiGAcmwjajQkKrleXE7r1O4pfwyQ63/vIiSAWId3wVD67NEGiAYqp84jQ2oCTbcT9aKXliPlPQaLpcVIElnuGR8kGQ12nf57hFL9IbwsyAF3sFKdFLbDUdCdreLEiTFD6shNozOIY8+mXCkK80Jlm8bGdWh0e0JbdD9zb3vFSSp6MJQfu3frD7OScdajsQ==
N6Ol3QRfsV6ACwSp++BSkaJhi8Z8dje0YUtkJ7+jWhuH5sXFKF4Szvm18eA8OsEBDHQ/1RTwGaXVuaZuM/uXupBNGdYocPsOfLocy4re1HDTu7hh5XmVwvL9aj+hJiGAcmwjajQkKrleXE7r1O4pfwyQ63/vIiSAWId3wVD67NEGiAYqp84jQ2oCTbcT9aKXliPlPQaLpcVIElnuGR8kGQ12nf57hFL9IbwsyAF3sFKdFLbDUdCdreLEiTFD6shNozOIY8+mXCkK80Jlm8bGdWh0e0JbdD9zb3vFSSp6MJQfu3frD7OScdajsQ==
tWzIBn5snEJ7eLZMt3X+NqJhi8Z8dje0YUtkJ7+jWhuH5sXFKF4Szvm18eA8OsEBDHQ/1RTwGaXSu6ZuM/uXupBNGtYocPsOfLocy4re1HDTu7hh5XmVwvL9aj+hJiGAcmwjajQkKrleXE7r1O4pfwyQ63/vIiSAWId3wVD67NEGiAYqp84jQ2oCTbcT9aKXliPlPQaLpcVIElnuGR8kGQ12nf57hFL9IbwsyAF3sFKdFLbDUdCdreLEiTFD6shNozOIY8+mXCkK80Jlm8bGdWh0e0JbdD9zb3vFSSp6MJQfu3frD7OScdajsQ==
aNc/S5wp9RggDKVF5mnQC6Jhi8Z8dje0YUtkJ7+jWhuH5sXFKF4Szvm18eA8OsEBDHQ/1RTwGaXVuaZuM/uXupBNG9YocPsOfLocy4re1HDTu7hh5XmVwvL9aj+hJiGAcmwjajQkKrleXE7r1O4pfwyQ63/vIiSAWId3wVD67NEGiAYqp84jQ2oCTbcT9aKXliPlPQaLpcVIElnuGR8kGQ12nf57hFL9IbwsyAF3sFKdFLbDUdCdreLEiTFD6shNozOIY8+mXCkK80Jlm8bGdWh0e0JbdD9zb3vFSSp6MJQfu3frD7OScdajsQ==
BYbL59Oat+30tTQXbCAlR6Jhi8Z8dje0YUtkJ7+jWhuH5sXFKF4Szvm18eA8OsEBDHQ/1RTwGaXSu6ZuM/uXupBNHNYocPsOfLocy4re1HDTu7hh5XmVwvL9aj+hJiGAcmwjajQkKrleXE7r1O4pfwyQ63/vIiSAWId3wVD67NEGiAYqp84jQ2oCTbcT9aKXliPlPQaLpcVIElnuGR8kGQ12nf57hFL9IbwsyAF3sFKdFLbDUdCdreLEiTFD6shNozOIY8+mXCkK80Jlm8bGdWh0e0JbdD9zb3vFSSp6MJQfu3frD7OScdajsQ==
eaJZpVSgMJ1nM4Gl9BXtTqJhi8Z8dje0YUtkJ7+jWhuH5sXFKF4Szvm18eA8OsEBDHQ/1RTwGaXVuaZuM/uXupBNHdYocPsOfLocy4re1HDTu7hh5XmVwvL9aj+hJiGAcmwjajQkKrleXE7r1O4pfwyQ63/vIiSAWId3wVD67NEGiAYqp84jQ2oCTbcT9aKXliPlPQaLpcVIElnuGR8kGQ12nf57hFL9IbwsyAF3sFKdFLbDUdCdreLEiTFD6shNozOIY8+mXCkK80Jlm8bGdWh0e0JbdD9zb3vFSSp6MJQfu3frD7OScdajsQ==
GY0ef8nlz3QEhoIZEnJlHaJhi8Z8dje0YUtkJ7+jWhuH5sXFKF4Szvm18eA8OsEBDHQ/1RTwGaXSu6ZuM/uXupBNHtYocPsOfLocy4re1HDTu7hh5XmVwvL9aj+hJiGAcmwjajQkKrleXE7r1O4pfwyQ63/vIiSAWId3wVD67NEGiAYqp84jQ2oCTbcT9aKXliPlPQaLpcVIElnuGR8kGQ12nf57hFL9IbwsyAF3sFKdFLbDUdCdreLEiTFD6shNozOIY8+mXCkK80Jlm8bGdWh0e0JbdD9zb3vFSSp6MJQfu3frD7OScdajsQ==
z1K657nQXq5B5anAX2bFWKJhi8Z8dje0YUtkJ7+jWhuH5sXFKF4Szvm18eA8OsEBDHQ/1RTwGaXVuaZuM/uXupBNH9YocPsOfLocy4re1HDTu7hh5XmVwvL9aj+hJiGAcmwjajQkKrleXE7r1O4pfwyQ63/vIiSAWId3wVD67NEGiAYqp84jQ2oCTbcT9aKXliPlPQaLpcVIElnuGR8kGQ12nf57hFL9IbwsyAF3sFKdFLbDUdCdreLEiTFD6shNozOIY8+mXCkK80Jlm8bGdWh0e0JbdD9zb3vFSSp6MJQfu3frD7OScdajsQ==
H4Drjj862ZBPGkSoSc/cyKJhi8Z8dje0YUtkJ7+jWhuH5sXFKF4Szvm18eA8OsEBDHQ/1RTwGaXSu6ZuM/uXupBNFtcocPsOfLocy4re1HDTu7hh5XmVwvL9aj+hJiGAcmwjajQkKrleXE7r1O4pfwyQ63/vIiSAWId3wVD67NEGiAYqp84jQ2oCTbcT9aKXliPlPQaLpcVIElnuGR8kGQ12nf57hFL9IbwsyAF3sFKdFLbDUdCdreLEiTFD6shNozOIY8+mXCkK80Jlm8bGdWh0e0JbdD9zb3vFSSp6MJQfu3frD7OScdajsQ==
hBemoAaVgr8usM1gWBfBMqJhi8Z8dje0YUtkJ7+jWhuH5sXFKF4Szvm18eA8OsEBDHQ/1RTwGaXVuaZuM/uXupBNF9cocPsOfLocy4re1HDTu7hh5XmVwvL9aj+hJiGAcmwjajQkKrleXE7r1O4pfwyQ63/vIiSAWId3wVD67NEGiAYqp84jQ2oCTbcT9aKXliPlPQaLpcVIElnuGR8kGQ12nf57hFL9IbwsyAF3sFKdFLbDUdCdreLEiTFD6shNozOIY8+mXCkK80Jlm8bGdWh0e0JbdD9zb3vFSSp6MJQfu3frD7OScdajsQ==
iVt1zH9CgDnarZUpzw/USaJhi8Z8dje0YUtkJ7+jWhuH5sXFKF4Szvm18eA8OsEBDHQ/1RTwGaXSu6ZuM/uXupBNGNcocPsOfLocy4re1HDTu7hh5XmVwvL9aj+hJiGAcmwjajQkKrleXE7r1O4pfwyQ63/vIiSAWId3wVD67NEGiAYqp84jQ2oCTbcT9aKXliPlPQaLpcVIElnuGR8kGQ12nf57hFL9IbwsyAF3sFKdFLbDUdCdreLEiTFD6shNozOIY8+mXCkK80Jlm8bGdWh0e0JbdD9zb3vFSSp6MJQfu3frD7OScdajsQ==
hU+HnWOKkKiHfcXom3ouj6Jhi8Z8dje0YUtkJ7+jWhuH5sXFKF4Szvm18eA8OsEBDHQ/1RTwGaXVuaZuM/uXupBNGdcocPsOfLocy4re1HDTu7hh5XmVwvL9aj+hJiGAcmwjajQkKrleXE7r1O4pfwyQ63/vIiSAWId3wVD67NEGiAYqp84jQ2oCTbcT9aKXliPlPQaLpcVIElnuGR8kGQ12nf57hFL9IbwsyAF3sFKdFLbDUdCdreLEiTFD6shNozOIY8+mXCkK80Jlm8bGdWh0e0JbdD9zb3vFSSp6MJQfu3frD7OScdajsQ==
kV4t79ngEeYkSxTg+mCj5KJhi8Z8dje0YUtkJ7+jWhuH5sXFKF4Szvm18eA8OsEBDHQ/1RTwGaXSu6ZuM/uXupBNGtcocPsOfLocy4re1HDTu7hh5XmVwvL9aj+hJiGAcmwjajQkKrleXE7r1O4pfwyQ63/vIiSAWId3wVD67NEGiAYqp84jQ2oCTbcT9aKXliPlPQaLpcVIElnuGR8kGQ12nf57hFL9IbwsyAF3sFKdFLbDUdCdreLEiTFD6shNozOIY8+mXCkK80Jlm8bGdWh0e0JbdD9zb3vFSSp6MJQfu3frD7OScdajsQ==
h/OAemiu4MYW4QY3BvWbwKJhi8Z8dje0YUtkJ7+jWhuH5sXFKF4Szvm18eA8OsEBDHQ/1RTwGaXVuaZuM/uXupBNG9cocPsOfLocy4re1HDTu7hh5XmVwvL9aj+hJiGAcmwjajQkKrleXE7r1O4pfwyQ63/vIiSAWId3wVD67NEGiAYqp84jQ2oCTbcT9aKXliPlPQaLpcVIElnuGR8kGQ12nf57hFL9IbwsyAF3sFKdFLbDUdCdreLEiTFD6shNozOIY8+mXCkK80Jlm8bGdWh0e0JbdD9zb3vFSSp6MJQfu3frD7OScdajsQ==
YZTdBuZw11awaWAowYisQ2fPLwiXzGJ7asw2maiyVZm0eA976Fm93ombt0SAkR9TtdwoXzdGX2aFzSHzsqj80FyiPvHKh8/ML8cSkPt9Q4T7FGS6+jwK9wTuKsLeAuaF2rCbRZMdA/cLmkrdhr1eF73WzVjGzLcSWHQWkUpcWsPovkUHmDFLqB3SOKFtxwOpzEpACfJoEhKLnl8r/oLZX+8ljq+CQ5Flqjs5LbzSbcYFb0hBudYJBpdUbtU1vDjgPadcqgm0Aps9oIGF1gR92d9aZBXXU5xb43agwZ5z1g3nlupNfJSPmvfEoxsbO/FhNorcTKsb45Nj465ZwqOl
Ite9z+VtbKeZ2rJjN6bccKJhi8Z8dje0YUtkJ7+jWhuH5sXFKF4Szvm18eA8OsEBDHQ/1RTwGaXVuaZuM/uXupBNHNcocPsOfLocy4re1HDTu7hh5XmVwvL9aj+hJiGAcmwjajQkKrleXE7r1O4pfwyQ63/vIiSAWId3wVD67NEGiAYqp84jQ2oCTbcT9aKXliPlPQaLpcVIElnuGR8kGQ12nf57hFL9IbwsyAF3sFKdFLbDUdCdreLEiTFD6shNozOIY8+mXCkK80Jlm8bGdWh0e0JbdD9zb3vFSSp6MJQfu3frD7OScdajsQ==
3aD+QGG6KEPEHR5FHVmfGef9eiUV+BpZJkQTQrFZRWksvp1WN3ZS59ZVDYZfbibgh3qMc7anrxIZxCecVhqWQdqXOiTlh0ScMaVDk2ZT1rPQu9aWf5oF5AHOTulvBy0heeCa9nLfxED0jbClM9vc1V1FAo7dcclMvjjme/MMt5wnceabwwuABRS+ugxpj+J24WK5ZVVLm7ZTry9aX/2C0miY47OrYB4+IIJQHbdk/Pc+0FvXMKAMRc1Y1IKX9zSiFyK2/59u+8sdlhKzw69TOfMqSkH39Qzo7LKQgCkaKw6P60Zn5jKTlPU2p51706Oq
OKvHTOyOGbsMsumyf6aeef1QNKC5CVFI8w62no00/tEEP0yDMZyk467BNvP9Bhu9jmQGdgJFINCDcK+u4zoX327gPgRIEBT8F8RAN7GwfQjknUEBweMd6wLPJD3iRyd9FDbrOLW6TbQm/2s1Dc+FKkJQxl1UPpjX+JMXydzbQW86yIkTudIygk6tN/5Xsht7/v23SdC7uCQy+o1dIji9CMFjQWmraJ9Vx8zbTyK8FNK7lZ9iDsDMWJirE/Z8eaJ64xHkQvxbwWL81NOFVAyrqC4Za6wr9TGMGsWn/RP3L8Cyx2NXvLagyPiWLSgL4HMhnsFSsAPqmWzvq1/Bo6Q=
3aD+QGG6KEPEHR5FHVmfGef9eiUV+BpZJkQTQrFZRWksvp1WN3ZS59ZVDYZfbibgh3qMc7anrxIZxCecVhqWQdqXOiTlh0ScMaVDk2ZT1rPQu9aWf5oF5AHOTulvBy0heeCa9nLfxED0jbClM9vc1V1FAo7dcclMvjjme/MMt5wnceabwwuABRS+ugxpj+J24WK5ZVVLm7ZTry9aX/2C0miY47OrYB4+IIJQHbdk/Pc+0FvXMKAMRc1Y1IKX9zSiFyK2/59u+8sdlhKzw69TOfMqSkH39Qzo7LKQgCkaKw6P60Zn5jKTlPU2p51706Oq
5ynqXFYCU/DzG8vP91ncuGfPLwiXzGJ7asw2maiyVZm0eA976Fm93ombt0SAkR9TtdwoXzdGX2aFzSHzsqj80FyiPvHKh8/ML8cSkPt9RYX4Eme99DsK9wTuKsLeAuaF2rCbRZMdA/cLmkrdhr1eF73WzVjGzLcSWHQWkUpcWsPovkUHmDFLqB3SOKFtxwOpzEpACfJoEhKLnl8r/oLZX+8ljq+CQ5Flqjs5LbzSbcYFb0hBudYJBpdUbtU1vDjgPadcqgm0Aps9oIGF1gR92d9aZBXXU5xb43agwZ5z1g3nlupNfJSPmvfEoxsbO/FhNorcTKsb45Nj465ZwqOl
3aD+QGG6KEPEHR5FHVmfGef9eiUV+BpZJkQTQrFZRWksvp1WN3ZS59ZVDYZfbibgh3qMc7anrxIZxCecVhqWQdqXOiTlh0ScMaVDk2ZT1rPQu9aWf5oF5AHOTulvBy0heeCa9nLfxED0jbClM9vc1V1FAo7dcclMvjjme/MMt5wnceabwwuABRS+ugxpj+J24WK5ZVVLm7ZTry9aX/2C0miY47OrYB4+IIJQHbdk/Pc+0FvXMKAMRc1Y1IKX9zSiFyK2/59u+8sdlhKzw69TOfMqSkH39Qzo7LKQgCkaKw6P60Zn5jKTlPU2p51706Oq
HTPZwSPREawO9oU8k2ygtv1QNKC5CVFI8w62no00/tEEP0yDMZyk467BNvP9Bhu9jmQGdgJFINCDcK+u4zoX327gPgRIEBT8F8RAN7G3dwnimkQCzeQd6wLPJD3iRyd9FDbrOLW6TbQm/2s1Dc+FKkJQxl1UPpjX+JMXydzbQW86yIkTudIygk6tN/5Xsht7/v23SdC7uCQy+o1dIji9CMFjQWmraJ9Vx8zbTyK8FNK7lZ9iDsDMWJirE/Z8eaJ64xHkQvxbwWL81NOFVAyrqC4Za6wr9TGMGsWn/RP3L8Cyx2NXvLagyPiWLSgL4HMhnsFSsAPqmWzvq1/Bo6Q=
3aD+QGG6KEPEHR5FHVmfGef9eiUV+BpZJkQTQrFZRWksvp1WN3ZS59ZVDYZfbibgh3qMc7anrxIZxCecVhqWQdqXOiTlh0ScMaVDk2ZT1rPQu9aWf5oF5AHOTulvBy0heeCa9nLfxED0jbClM9vc1V1FAo7dcclMvjjme/MMt5wnceabwwuABRS+ugxpj+J24WK5ZVVLm7ZTry9aX/2C0miY47OrYB4+IIJQHbdk/Pc+0FvXMKAMRc1Y1IKX9zSiFyK2/59u+8sdlhKzw69TOfMqSkH39Qzo7LKQgCkaKw6P60Zn5jKTlPU2p51706Oq
Y6y44SL9fPwzMyd3/47WRGfPLwiXzGJ7asw2maiyVZm0eA976Fm93ombt0SAkR9TtdwoXzdGX2aFzSHzsqj80FyiPvHKh8/ML8cSkPt6Q43yF2u9+joK9wTuKsLeAuaF2rCbRZMdA/cLmkrdhr1eF73WzVjGzLcSWHQWkUpcWsPovkUHmDFLqB3SOKFtxwOpzEpACfJoEhKLnl8r/oLZX+8ljq+CQ5Flqjs5LbzSbcYFb0hBudYJBpdUbtU1vDjgPadcqgm0Aps9oIGF1gR92d9aZBXXU5xb43agwZ5z1g3nlupNfJSPmvfEoxsbO/FhNorcTKsb45Nj465ZwqOl
3aD+QGG6KEPEHR5FHVmfGef9eiUV+BpZJkQTQrFZRWksvp1WN3ZS59ZVDYZfbibgh3qMc7anrxIZxCecVhqWQdqXOiTlh0ScMaVDk2ZT1rPQu9aWf5oF5AHOTulvBy0heeCa9nLfxED0jbClM9vc1V1FAo7dcclMvjjme/MMt5wnceabwwuABRS+ugxpj+J24WK5ZVVLm7ZTry9aX/2C0miY47OrYB4+IIJQHbdk/Pc+0FvXMKAMRc1Y1IKX9zSiFyK2/59u+8sdlhKzw69TOfMqSkH39Qzo7LKQgCkaKw6P60Zn5jKTlPU2p51706Oq
oUPN641I14Ll/qBpamOtZGfPLwiXzGJ7asw2maiyVZm0eA976Fm93ombt0SAkR9TtdwoXzdGX2aFzSHzsqj80FyiPvHKh8/ML8cSkPt+R4r4HGW++zwK9wTuKsLeAuaF2rCbRZMdA/cLmkrdhr1eF73WzVjGzLcSWHQWkUpcWsPovkUHmDFLqB3SOKFtxwOpzEpACfJoEhKLnl8r/oLZX+8ljq+CQ5Flqjs5LbzSbcYFb0hBudYJBpdUbtU1vDjgPadcqgm0Aps9oIGF1gR92d9aZBXXU5xb43agwZ5z1g3nlupNfJSPmvfEoxsbO/FhNorcTKsb45Nj465ZwqOl
3aD+QGG6KEPEHR5FHVmfGef9eiUV+BpZJkQTQrFZRWksvp1WN3ZS59ZVDYZfbibgh3qMc7anrxIZxCecVhqWQdqXOiTlh0ScMaVDk2ZT1rPQu9aWf5oF5AHOTulvBy0heeCa9nLfxED0jbClM9vc1V1FAo7dcclMvjjme/MMt5wnceabwwuABRS+ugxpj+J24WK5ZVVLm7ZTry9aX/2C0miY47OrYB4+IIJQHbdk/Pc+0FvXMKAMRc1Y1IKX9zSiFyK2/59u+8sdlhKzw69TOfMqSkH39Qzo7LKQgCkaKw6P60Zn5jKTlPU2p51706Oq
pIZPOINloUgfxJep7vAoo/1QNKC5CVFI8w62no00/tEEP0yDMZyk467BNvP9Bhu9jmQGdgJFINCDcK+u4zoX327gPgRIEBT8F8RAN7GxfA/pn0kExOod6wLPJD3iRyd9FDbrOLW6TbQm/2s1Dc+FKkJQxl1UPpjX+JMXydzbQW86yIkTudIygk6tN/5Xsht7/v23SdC7uCQy+o1dIji9CMFjQWmraJ9Vx8zbTyK8FNK7lZ9iDsDMWJirE/Z8eaJ64xHkQvxbwWL81NOFVAyrqC4Za6wr9TGMGsWn/RP3L8Cyx2NXvLagyPiWLSgL4HMhnsFSsAPqmWzvq1/Bo6Q=
3aD+QGG6KEPEHR5FHVmfGef9eiUV+BpZJkQTQrFZRWksvp1WN3ZS59ZVDYZfbibgh3qMc7anrxIZxCecVhqWQdqXOiTlh0ScMaVDk2ZT1rPQu9aWf5oF5AHOTulvBy0heeCa9nLfxED0jbClM9vc1V1FAo7dcclMvjjme/MMt5wnceabwwuABRS+ugxpj+J24WK5ZVVLm7ZTry9aX/2C0miY47OrYB4+IIJQHbdk/Pc+0FvXMKAMRc1Y1IKX9zSiFyK2/59u+8sdlhKzw69TOfMqSkH39Qzo7LKQgCkaKw6P60Zn5jKTlPU2p51706Oq
X95kn4DXgq7u1bIROW4qDP1QNKC5CVFI8w62no00/tEEP0yDMZyk467BNvP9Bhu9jmQGdgJFINCDcK+u4zoX327gPgRIEBT8F8RAN7G7eQzomEACxOAd6wLPJD3iRyd9FDbrOLW6TbQm/2s1Dc+FKkJQxl1UPpjX+JMXydzbQW86yIkTudIygk6tN/5Xsht7/v23SdC7uCQy+o1dIji9CMFjQWmraJ9Vx8zbTyK8FNK7lZ9iDsDMWJirE/Z8eaJ64xHkQvxbwWL81NOFVAyrqC4Za6wr9TGMGsWn/RP3L8Cyx2NXvLagyPiWLSgL4HMhnsFSsAPqmWzvq1/Bo6Q=
3aD+QGG6KEPEHR5FHVmfGef9eiUV+BpZJkQTQrFZRWksvp1WN3ZS59ZVDYZfbibgh3qMc7anrxIZxCecVhqWQdqXOiTlh0ScMaVDk2ZT1rPQu9aWf5oF5AHOTulvBy0heeCa9nLfxED0jbClM9vc1V1FAo7dcclMvjjme/MMt5wnceabwwuABRS+ugxpj+J24WK5ZVVLm7ZTry9aX/2C0miY47OrYB4+IIJQHbdk/Pc+0FvXMKAMRc1Y1IKX9zSiFyK2/59u+8sdlhKzw69TOfMqSkH39Qzo7LKQgCkaKw6P60Zn5jKTlPU2p51706Oq
3aD+QGG6KEPEHR5FHVmfGef9eiUV+BpZJkQTQrFZRWksvp1WN3ZS59ZVDYZfbibgh3qMc7anrxIZxCecVhqWQdqXOiTlh0ScMaVDk2ZT1rPQu9aWf5oF5AHOTulvBy0heeCa9nLfxED0jbClM9vc1V1FAo7dcclMvjjme/MMt5wnceabwwuABRS+ugxpj+J24WK5ZVVLm7ZTry9aX/2C0miY47OrYB4+IIJQHbdk/Pc+0FvXMKAMRc1Y1IKX9zSiFyK2/59u+8sdlhKzw69TOfMqSkH39Qzo7LKQgCkaKw6P60Zn5jKTlPU2p51706Oq
LjQaXbAmPJq8wM8rYyeHPOkdQS9MpS6nEpYxqw1RZfARCKuOzc0IPIrd2228jekUzqTsZF0tsKopxybPXlTgv2YNZjDfS8skIDuvNMXf6MDxn3IqRb2CZNx0kzhoPMZm2CKl5EV6t//uzY8G/WmQuR2Tf9yJSdvC86w/80duP2/kvbqcZULVqUt3QZ2zgK0NTcza8s+YlSK99ieMTpZfj9rOJFpVJS5w2cJR8c5Rb/VRBnqRPIkMCkN0/I1L3fCPKGFCf77FAqBuSfGzKzlni+VR0oaajftbMMNAF28IGwJlg6REQa8ewecxVxVt55guH03OCw2soqXITlHQ3qmyUMWxwLw6/JKTJjMxxQvT3L3g4pYliuQRH9gKZTB+ISaYk96Dd07R74WwN6CIArZVMaJUZUTxz1nly6THeXfAQyPi0AxeiznHrm7MVHQo58uafBV6NlM9fE6cl5nOzFjL6ZRgM6SeNTNgS3kpICqJf5GTm/eMgmt729x6+ORImrVFy4xrra5tCnxj5gFAX+eHraPI
rOZNyBQe7ZGBxt5Xs2s0RWh/rzKfm+uNBKfL/g7cCaorPBT+2ELDgpaWkVjDsj6EL1Ik/pfcH6E01a4n+FzUT2TA5nHgcxOzKOn5yBT5RZEUIgWx2DxjmU5QyaQrNdmMh1wTaLVbfcn5NUJmQjmXicI6XL00EbU1mikPq9N5MoO1BTq0imRlSWG3tGOYV6yni6cITcvU+9Orh8+F6UGtam2FuqqZGoOZ5mwNkQ2nIHo6BVCx4dQ4QBq+h9vLegzPRgoauBbcxlImoP0G5idC/3ItziWWHE/G/ql2yBxmdgszAfdVlNpdTawc/O8+YQSZzLJLP2og4jH/0OgQsZeRmvIIhRUGnsWWX3AOjlyndJ9YVjhgZRisFleDcmCVg5HaWnwtYwk9LgKSLXh4eNbZNl2/FMIzS20N3Gvo05vBeHPbOTbyJxJn51rlc4bjAgV8LAFfPFI0f4/OruPkyD8vKONRnCT3zT0StrHdw/afsV4i1XQzPJnlPriJFoQFviWMQY8Qm7u1VIJOaGFLCRdxS+yNqKPP
hDv8jESKt4Gz3q/NtdDMi43I6O7gGZlLNeYImtQVMz/nvFu2mV3qJGxl8iCq1cVTSdcotPym5cRkPN3l/R3it0jgf09dtovZnDkqAP5Q9R0dO9J27Kmc2zlFcf9/YhDRqyqdHQR2cSWG5C2vnoKMPjfG0F6KsPg4scqNyMt5HmfLWOVrvM/dactSIZsH5OOm280/zLP5hOducm0w6W/7HcUDa8LBO032rrwnCglEbTwD8nZ0k9l6VLD0HRfSdqnolS9W08MDEXxOnxTbUKzT/pgzs//8mci7FhE2N77mXqP1rXP7iz1l6yZI8p/nvWCJ5OnXalfURZmwaokdYkcXmxNLdeW0WN+3eoWlfn6D2ES17qYLPsal6xRSMo6uVZZZtVvTkbCL4Njia2J2jXkIwEFORsPqzjNEF9kG4xODwB1kVpo0+cfiLlFK2Z0FQ1suo8eP4k81AgpYMAPLe+heJlBqcCUnLPyvjvg7L2CozN09MHQ6hz+0eieKVodP5rvTbX4yi1PnU2FDAiq5p/3McBzaMDg506vWv0OmHza604yF3oel65uj8g==
2gV4Jd0tgc7yV3c5xZ8HppC8RlGWCor88aJ64jlB1J23KTOod1PeMeqmsXOmNUpAlsNlvS1xTCNc3kdfb/7aap7zAOGi6xgjLztcxLuY911kt+C+ywL2LCprFoVKKbWomHHh4dDaObHkxKfp6thFxGf9/ZyDRM8o6cP5WZ39jkZOMXO5hoKgPUipcQX+IQOLnzHWEzGd5nTWfGFZRf94gxTfCFfP3zRN96y/Iw8PQ2UlCYl6aZ3makWCBwkCJEGxAa9ESv69LDEdbHxw/raL+weyaF/Ckkb4ysTCQgJosWZqr+aPttXyJarki7ZaIfqoUK5SGzcZKxXIQtndyNQwzzJp4KmICre/FpgmAZvY5DD933UKdpBZ1VqGwYZ7OMJu0C/QbxwuBGBZYOjm8wv+gFnLtcpeZHGj1aWqknZlNFh03r0GmQdoQs/zKT04Y+TzVwkc41+harL7CmP3fi0/5m+KoQzo+WM8bsy7/2omb4SE9ws450lAZKtVuYLSeRHj+pdVbmZtiLNAISEO3IEapEn2wRzFF8xb561QkmograuFn9W7qPWUo/M=
nGzX7mRLfSLfaGuGqx0XxMvM6Du3WBEDCobSHDD2BMrf8KqqAh84NVEpaw0zcTTWfLB5nBp3LxTEmwdRgNdCcduGfK4hVKXDD3+jRQrZWhjVq+DE8Zt6XlWJaoD8EPsMuMgOIphmbRCVzt+bTilnsm0dGD2dF/eoGf0zJlPIV0eXmvcrpPlyaLV2vc1rk6mpo/SlCU3I0obfrH3GnZJPuJ5il8uaiuyuhZFGFHkmuUVeJedx0YLy5aw95O7jEJQ5myk4y2gliotu8WrETq0ZhztNb4/lVdryirkTvxCnKCO//NNGJcdssJEbdqVH1b+h/ZMQqp/JRn+dGEpBaCo5ZA5dehSF9QhI6sj69wbX2fEbp9S54OaeUZrQ+fv4bg0ErtXu3NOaS4OeZYfhENNIPJLC3bUi0O0wYXuxAWvAr82nNItnopTEqlsNr8pOKLxAOJPDnnwRckJDCZSqvPPx+hysA63UJPtQToFbBOudwZS6/fcVEx9/+BLfkz98HpBQmG59AYvIo1l+WWIYQwLpdE+Tj6mjzA==
QywBkfwLhB77kV7D2ea6UDtw2o4+mV8ZQWtiTRbmxa1WEVQFyZbYgnv6DuRW+Kua7GWtSmBBcarcrCRBDhSnqzb+Ksu8FmCoeLZtwwqAsQMeIBIQA4pZTG9LH2GjBA==
cp8kiv3q7ejNQA3ZTx3gc/2Jwhp6yiNgMIfQIhgZ407rhazsiVMzb/Rvttjr0emuWCtkLQINPSyU0R19AabbG/Bjqhp1oYPvkc94137hAXpBxWFRLAWdmpLTfRE5bnTiewW/ko7wLMjYW7OmfCkCiqOBBHJ8q+HyPOSzVVRcS5huiUvcq8VRHNq1By0TJ4+wclcDZzzGgFi4ps1zCjARE15QckCD2nn8r1v/kaP0
JfryweJ8GudED880hV/OxcDiseKyY289MvK3rqBPJEpzMb6h3GjmOF9rVGMlzJrywqqQ3484KEPK0fNhwLSibGWtbPE8raaW8F4EK1G11FdeJDifmZ7KAwYJG27ZH+SZzXbdfjuEEn3hvOxIQXfw0t0UdkOR0F0tosTJsQPqCM1jM0jjj6YcqUrzguVbxgb1KHQ7wht0//OkegXLaHpxFF+7t2vPs1LxlqPx
sCF3T6bcYvc4pw0J9zDu1T69lrdA+LnjWzfsMA/Pla2Kcs8+GC/MGjvx9pH0CP4IR2tMUz2sssKKatiPZ1iQ07JRS/E4FAq8LW2kgdSNvmboXhxbSZW8pxZk8M8xPrKTvonj/mH/jEkFNhVOE2QKTfm89HhZl9jiFVS+k/kw5b1aRHEhe0qgnatzABPnhgTZUvOaFUPm7oXgtHMSs9QHYxz6fVvQGplEF3v/W+fTSsGOo+k=
Or2iXcODTvHCjDn2PbnJXiI0eXnVYJSaCo/EA4OTcRqVgWwSKRI+N7r2LcHgnQIQ+ARBa0pfO7REzpxazmMRQLb/VDGt3R7MfFB7XXLNItV4qq6eWpePzUrrwNSmI0fmFD9Y6QVSx2f6pZOGg8Ll/IzBfzxy9N8PLm6D5Ch/j6hDEbwkl43dktZx/cPWXxHewhUUM9zZhb4YyTaEJf7FDCFP+pqbd/YC76gBS+lXEctMzYij7w==
yH3eySbHBt11++pwNZntoCxiist0gpK3ChEUkpGCxlcSJmUBqK3qcOA0WWtSbyPUrP7UmoazuSBOb+yx1U2mbJQAs506PQr1YNq2nkJnl+1imwiU7vMvRqyvoGm9wr+HUvVbxkvyjRyU8Wc8asTH70ZeS6TgLydIO4EEpG8dZTK+obWDHi85/trlDDPEqZ2eMDl+RO2uLayZ34IaI+cOYkd4SYuhZ/mrVP2Qo/c=
uKhR5YAIooqkr1AGtwifabaAyB0q3iZ7KZGDZQIC9FvrhazsiVMzb/Rvttjr0emuWCtkLQINPSyU0R19AabbG/Bjqhp1oYPvkc94137hAXpBxWFRLAWdmpLTfRE5bnTiewW/ko7wLMjYW7OmfCkCiqOBBHJ8q+HyPOSzVVRcS5huiUvcq8VRHNq1By0TJ4+wclcDZzzGgFi4ps1zCjARE15QckCD2nn8r1v/kaP0
92fbt865lxFPJR+y9TWYiSxil8dykIm+OhEUkpGCxlcSJmUBqK3qcOA0WWtSbyPUrP7UmoazuSBOb+yx1U2mbJQAs506PQr1YNq2nkJnl+1imwiU7vMvRqyvoGm9wr+HUvVbxkvyjRyU8Wc8asTH70ZeS6TgLydIO4EEpG8dZTK+obWDHi85/trlDDPEqZ2eMDl+RO2uLayZ34IaI+cOYkd4SYuhZ/mrVP2Qo/c=
IDD2iRkLGTiumNxYMwcVeqLR1Xq5JQsipGtQeb7RlfS3cmvlTjIL9kTfoMIf0RLpGBjCAENrSFsBvF66bkr8VwuozBt2EY+55KSmZEmNADl4HULubN6Y0zUFEB+yBBSXnY7uW/pJp7a9j2ARIRZxtn90NkX9vPBwZYe0GnF0mssVQDn1HoQ16Sf6DMVPE6SrSxZ4UdZzHp2/dkI9RFQXyh9k2yvYurmTjOr1nDNbGyMLw3bJiqPt
O/sfLDs0f6kw9Rgjs7gEckPwCCD5FGl2GmI64d5JqFLtWvIH5g5J4cSF/gD0DEVrTlc3pLjWuHqqm01wereQcWkVUjwg6N89llWeRfQiKh7eHwNd9nOkNAKbm5bYdxwpQZqLVybdd6an2pnsgMl7PHb80x9SdqfEzAdTmA/Z+OTTxRHiCslZI7LHrU5OnZCzWFEJLqRR0uSBRpn8bYc+2l8/OjKzUGVrzU/t20DFjKPr
w7Rd5SzwRcOzm4xPPUTgZkL5FTf/FyBkSmwm69sInBzhQPoS5g5J4cSF/gD0DEVrTlc3pLjWuHqqm01wereQcWkVUjwg6N89llWeRfQiKh7eHwNd9nOkNAKbm5bYdxwpQZqLVybdd6an2pnsgMl7PHb80x9SdqfEzAdTmA/Z+OTTxRHiCslZI7LHrU5OnZCzWFEJLqRR0uSBRpn8bYc+2l8/OjKzUGVrzU/t20DFjKPr
Q0vGHM7+XRmv5R3nsVOLC9G70I+EsA6KxURPr7Y22NeMyQs5SvgaglyK2HQIqlWfytwJn278Kgzj1uHQH5cnfaMY
HAQeVS6uXnT4WRHmUvx87DT2+FW7pmre2fVRTaACL1wk9Ctiy7Qv0xR6das4uqH0TzuHC7/z4tEGo2E=
nna05eckQk6Bhvm/+SeZa4YgOMJxdxrhIlhu8h+NTGC8inBoGUmqRp0R5k6WqlOcJY7H9csLo2I=
NmsrIKtO/HwiJxV95SRzEjtw2o4+mV8ZQWtiTRbmxa1WEVQFyZbYgnv6DuRW+Kua7GWtSmBBcarcrCRBDhSnqzb+Ksu8FmCoeLZtzwmAsQMeIBIQA4pZTG9LH2GjBA==
KAr8aXUSIdwQ/GkEJSyi9f2Jwhp6yiNgMIfQIhgZ407rhazsiVMzb/Rvttjr0emuWCtkLQINPSyU0R19AabbG/Bjqhp1oYPvkc94137hAXpBxWFRLAWdmpLTfRE5bnTiewW/ko7wLMjYW7OmfCkCiqOBBHJ8q+HyPOSzVVRcS5huiUvcq8VRHNq1By0TJ4+wclcDZzzGgFi4ps1/CTARE15QckCD2nn8r1v/kaP0
nSGBxi6fQgA0VRVhqNy1HcDiseKyY289MvK3rqBPJEpzMb6h3GjmOF9rVGMlzJrywqqQ3484KEPK0fNhwLSibGWtbPE8raaW8F4EK1G11FdeJDifmZ7KAwYJG27ZH+SZzXbdfjuEEn3hvOxIQXfw0t0UdkOR0F0tosTJsQPqCM1jM0jjj6YcqUrzguVbxgb1KHQ7wht0//OoeQXLaHpxFF+7t2vPs1LxlqPx
6rKvaikAxAJEMFR1+0jbdj69lrdA+LnjWzfsMA/Pla2Kcs8+GC/MGjvx9pH0CP4IR2tMUz2sssKKatiPZ1iQ07JRS/E4FAq8LW2kgdSNvmboXhxbSZW8pxZk8M8xPrKTvonj/mH/jEkFNhVOE2QKTfm89HhZl9jiFVS+k/kw5b1aRHEhe0qgnatzABPnhgTZUvOaFUPm7oXgtHMSs9QHYxD5fVvQGplEF3v/W+fTSsGOo+k=
1N/Qcp6LfbzxB2PHQUjzpiI0eXnVYJSaCo/EA4OTcRqVgWwSKRI+N7r2LcHgnQIQ+ARBa0pfO7REzpxazmMRQLb/VDGt3R7MfFB7XXLNItV4qq6eWpePzUrrwNSmI0fmFD9Y6QVSx2f6pZOGg8Ll/IzBfzxy9N8PLm6D5Ch/j6hDEbwkl43dktZx/cPWXxHewhUUM9zZhb4YyTaEJf7FDCFP9pmbd/YC76gBS+lXEctMzYij7w==
f55ddDJO7iEoaz3nwpUoCSxiist0gpK3ChEUkpGCxlcSJmUBqK3qcOA0WWtSbyPUrP7UmoazuSBOb+yx1U2mbJQAs506PQr1YNq2nkJnl+1imwiU7vMvRqyvoGm9wr+HUvVbxkvyjRyU8Wc8asTH70ZeS6TgLydIO4EEpG8dZTK+obWDHi85/trlDDPEqZ2eMDl+RO2uLayZ344ZI+cOYkd4SYuhZ/mrVP2Qo/c=
jH23Oj268J2shI1iWRpi4raAyB0q3iZ7KZGDZQIC9FvrhazsiVMzb/Rvttjr0emuWCtkLQINPSyU0R19AabbG/Bjqhp1oYPvkc94137hAXpBxWFRLAWdmpLTfRE5bnTiewW/ko7wLMjYW7OmfCkCiqOBBHJ8q+HyPOSzVVRcS5huiUvcq8VRHNq1By0TJ4+wclcDZzzGgFi4ps1/CTARE15QckCD2nn8r1v/kaP0
hfVuNHO0e2KucE+7ATZ/ESxil8dykIm+OhEUkpGCxlcSJmUBqK3qcOA0WWtSbyPUrP7UmoazuSBOb+yx1U2mbJQAs506PQr1YNq2nkJnl+1imwiU7vMvRqyvoGm9wr+HUvVbxkvyjRyU8Wc8asTH70ZeS6TgLydIO4EEpG8dZTK+obWDHi85/trlDDPEqZ2eMDl+RO2uLayZ344ZI+cOYkd4SYuhZ/mrVP2Qo/c=
v3p0nqCIlf0gmMjKGa5tbKLR1Xq5JQsipGtQeb7RlfS3cmvlTjIL9kTfoMIf0RLpGBjCAENrSFsBvF66bkr8VwuozBt2EY+55KSmZEmNADl4HULubN6Y0zUFEB+yBBSXnY7uW/pJp7a9j2ARIRZxtn90NkX9vPBwZYe0GnF0mssVQDn1HoQ16Sf6DMVPE6SrSxZ4UdZzHp2/dkI9RFQXyh9k2yvUubmTjOr1nDNbGyMLw3bJiqPt
XQtqGm7jhkwVGqHTgr3p7UPwCCD5FGl2GmI64d5JqFLtWvIH5g5J4cSF/gD0DEVrTlc3pLjWuHqqm01wereQcWkVUjwg6N89llWeRfQiKh7eHwNd9nOkNAKbm5bYdxwpQZqLVybdd6an2pnsgMl7PHb80x9SdqfEzAdTmA/Z+OTTxRHiCslZI7LHrU5OnZCzWFEJLqRR0uSBRpn8bYcy2V8/OjKzUGVrzU/t20DFjKPr
Lb3BqmICuEFAhSzwWUpXmUL5FTf/FyBkSmwm69sInBzhQPoS5g5J4cSF/gD0DEVrTlc3pLjWuHqqm01wereQcWkVUjwg6N89llWeRfQiKh7eHwNd9nOkNAKbm5bYdxwpQZqLVybdd6an2pnsgMl7PHb80x9SdqfEzAdTmA/Z+OTTxRHiCslZI7LHrU5OnZCzWFEJLqRR0uSBRpn8bYcy2V8/OjKzUGVrzU/t20DFjKPr
7flFVj9ZuXaHYkC2EtjcdDT2+FW7pmre2fVRTaACL1wk9Ctiy7Qv0xh5das4uqH0TzuHC7/z4tEGo2E=
PGmVRcPYB7uA1n9ybSmpHIYgOMJxdxrhIlhu8h+NTGC8inBoGUWpRp0R5k6WqlOcJY7H9csLo2I=
GC3h+ZKAxJwttNK/MCrI4NG70I+EsA6KxURPr7Y22NeMyQs5SvgaglyK2HQIqlWTydwJn278Kgzj1uHQH5cnfaMY
CFF/VxJ0+epOEOxj+Mg6oE7IlHrxPBcCGt0ocnYhvJMD+55Hsn1kaNUEuN20ePSRSQLFw1PpRxcFrcCFt4nUmz2H1ehZH9t7yteyj1NrsOuS0AgLPDWFL+lpC9CATyfQFZuA9PGrGm6VWQoQfIBbXHg4LlKYlk1g1R5/C865h+ItLfgNnScXmFmt07bTWPeX1+rX26SJUph1Jh1d6wPJeWPExTlN+LK2H3wdVh0C7+hekre7mnrM3sVB5oT5tlkVHhUHQdGyEtXsbQR+Y4A06dtZGDtoVap7rqHKVM49eVf7fQ+/5WW6wkppcy+QN4hzfwzzNiU3TMDRy9Y1x0Vf8b2j8Jqf+aZP3Uiq0ei6mbROLVrkhYUouCqYWmeGR7kh25e0ieDW/mFaAJlreP6tVG4lzqzTamvz3rUncZBDqGzS8j2FIuANACErUZHrUA8d50Srl6Lk5FqbXQ9azrjckPijo658IRJyg9n0OjxjUarcXCPd1NTbIA5R+5RrDSHE+s0XJRMvn8hSj3Ov/I4wgNgeXfCKuISovgjCiMOSiaSPo++Zo/w=
CFF/VxJ0+epOEOxj+Mg6oE7IlHrxPBcCGt0ocnYhvJMD+55Hsn1kaNUEuN20ePSRSQLFw1PpRxcFrcCFt4nUmz2H1ehZH9t7yteyj1NrsOuS0AgLPDWFL+lpC9CATyfQFZuA9PGrGm6VWQoQfIBbXHg4LlKYlk1g1R5/C865h+ItLfgNnScXmFmt07bTWPeX1+rX26SJUph1Jh1d6wPJeWPExTlN+LK2H3wdVh0C7+hekre7mnrM3sVB5oT5tlkVHhUHQdGyEtXsbQR+Y4A06dtZGDtoVap7rqHKVM49eVf7fQ+/5WW6wkppcy+QN4hzfwzzNiU3TMDRy9Y1x0Vf8b2j8Jqf+aZP3Uiq0ei6mbROLVrkhYUouCqYWmeGR7kh25e0ieDW/mFaAJlreP6tVG4lzqzTamvz3rUncZBDqGzS8j2FIuANACErUZHrUA8d50Srl6Lk5FqbXQ9azrjckPijo658IRJyg9n0OjxjUarcXCPd1NTbIA5R+5RrDSHE+s0XJRMvn8hSj3Ov/I4wgNgeXfCKuISovgjCiMOSiaSPo++Zo/w=
a7XmUAi8eTYcblRz4we/PWZpaBfsBcGwnotfCK/t7mBt23pXiGbwvaAZrjNFJemDQtXeajTALYOpeQhI8XoAbkTXIKJI4WdkhDTLUTYx2HSDMiVeWMyE9/g9JLUb2Bbtb1leRrcxalgpUWREy7TJYZMkbdhhyEefF+HzISA2gO09AUje7v0G9b89sP3N+7HtuCvfwciU+GCPYSvjVvMawwZvwcM6TfmwsRsBE00VCxXnQoeByIpr3ukxbPhvwc9zCnIw4WLxUzCyyLBqRYupbgbnLM7oGGRYLPps9B8W5DNoNzhJfKUkeAUO1L102P4yPKPZhYX1Zh43ZaYInr/8ta4RRlb5f1jE6DnVBCpA0wMbMpjMdzV0mi++FSTsHt4z3lcSMgpgV3zm3v0X8PB319vysHhfQ/v5RKoYuRoougLzPldbJoKBr+eFdr8qg/nVclux/cRSVZaNTxCxkZbhFi+0ZmXtvOBQNUfkuuH0KmtlgAnV7oQFCVc6vKW/kzRLG9aoMcZzDn3vNpJd1NRnKq8kK0vjusm2v6oFPIPbi4Pbg6bpmqP9
a7XmUAi8eTYcblRz4we/PWZpaBfsBcGwnotfCK/t7mBt23pXiGbwvaAZrjNFJemDQtXeajTALYOpeQhI8XoAbkTXIKJI4WdkhDTLUTYx2HSDMiVeWMyE9/g9JLUb2Bbtb1leRrcxalgpUWREy7TJYZMkbdhhyEefF+HzISA2gO09AUje7v0G9b89sP3N+7HtuCvfwciU+GCPYSvjVvMawwZvwcM6TfmwsRsBE00VCxXnQoeByIpr3ukxbPhvwc9zCnIw4WLxUzCyyLBqRYupbgbnLM7oGGRYLPps9B8W5DNoNzhJfKUkeAUO1L102P4yPKPZhYX1Zh43ZaYInr/8ta4RRlb5f1jE6DnVBCpA0wMbMpjMdzV0mi++FSTsHt4z3lcSMgpgV3zm3v0X8PB319vysHhfQ/v5RKoYuRoougLzPldbJoKBr+eFdr8qg/nVclux/cRSVZaNTxCxkZbhFi+0ZmXtvOBQNUfkuuH0KmtlgAnV7oQFCVc6vKW/kzRLG9aoMcZzDn3vNpJd1NRnKq8kK0vjusm2v6oFPIPbi4Pbg6bpmqP9
pxvSlXb2NAX/ELqjFtrpPk7IlHrxPBcCGt0ocnYhvJMD+55Hsn1kaNUEuN20ePSRSQLFw1PpRxcFrcCFt4nUmz2H1ehZH9t7yteyj1NrsOuS0AgLPDWFL+lpC9CATyfQFZuA9PGrGm6VWQoQfIBbXHg4LlKYlk1g1R5/C865h+ItLfgNnScXmFmt07bTWPeX1+rX26SJUph1Jh1d6wPJeWPExTlN+LK2H3wdVh0C7+hekre7mnrM3sVB5oT5tlkVHhUHQdGyEtXsbQR+Y4A06dtZGDtoVap7rqHKVM49eVf7fQ+/5WW6wkppcy+QN4hzfwzzNiU3TMDRy9Y1x0Vf8b2j8Jqf+aZP3Uiq0ei6mbROLVrkhYUouCqYWmeGR7kh25e0ieDW/mFaAJlreP6tVG4lzqzTamvz3rUncZBDqGzS8j2FIuANACErUZHrUA8d50Srl6Lk5FqbXQ9azrjckPijo658IRJyg9n0OjxjUarcXCPd1NTbIA5R+5RrDSHE+s0XJRMvn8hSj3Ov/I4wgNgeXfaKuISovgjCiMOSiaSPo++Zo/w=
pxvSlXb2NAX/ELqjFtrpPk7IlHrxPBcCGt0ocnYhvJMD+55Hsn1kaNUEuN20ePSRSQLFw1PpRxcFrcCFt4nUmz2H1ehZH9t7yteyj1NrsOuS0AgLPDWFL+lpC9CATyfQFZuA9PGrGm6VWQoQfIBbXHg4LlKYlk1g1R5/C865h+ItLfgNnScXmFmt07bTWPeX1+rX26SJUph1Jh1d6wPJeWPExTlN+LK2H3wdVh0C7+hekre7mnrM3sVB5oT5tlkVHhUHQdGyEtXsbQR+Y4A06dtZGDtoVap7rqHKVM49eVf7fQ+/5WW6wkppcy+QN4hzfwzzNiU3TMDRy9Y1x0Vf8b2j8Jqf+aZP3Uiq0ei6mbROLVrkhYUouCqYWmeGR7kh25e0ieDW/mFaAJlreP6tVG4lzqzTamvz3rUncZBDqGzS8j2FIuANACErUZHrUA8d50Srl6Lk5FqbXQ9azrjckPijo658IRJyg9n0OjxjUarcXCPd1NTbIA5R+5RrDSHE+s0XJRMvn8hSj3Ov/I4wgNgeXfaKuISovgjCiMOSiaSPo++Zo/w=
SkwJPnHVgP/1J3oUvYcBBGZpaBfsBcGwnotfCK/t7mBt23pXiGbwvaAZrjNFJemDQtXeajTALYOpeQhI8XoAbkTXIKJI4WdkhDTLUTYx2HSDMiVeWMyE9/g9JLUb2Bbtb1leRrcxalgpUWREy7TJYZMkbdhhyEefF+HzISA2gO09AUje7v0G9b89sP3N+7HtuCvfwciU+GCPYSvjVvMawwZvwcM6TfmwsRsBE00VCxXnQoeByIpr3ukxbPhvwc9zCnIw4WLxUzCyyLBqRYupbgbnLM7oGGRYLPps9B8W5DNoNzhJfKUkeAUO1L102P4yPKPZhYX1Zh43ZaYInr/8ta4RRlb5f1jE6DnVBCpA0wMbMpjMdzV0mi++FSTsHt4z3lcSMgpgV3zm3v0X8PB319vysHhfQ/v5RKoYuRoougLzPldbJoKBr+eFdr8qg/nVclux/cRSVZaNTxCxkZbhFi+0ZmXtvOBQNUfkuuH0KmtlgAnV7oQFCVc6vKW/kzRLG9aoMcZzDn3vNpJd1NRnKq8kK0vlusm2v6oFPIPbi4Pbg6bpmqP9
SkwJPnHVgP/1J3oUvYcBBGZpaBfsBcGwnotfCK/t7mBt23pXiGbwvaAZrjNFJemDQtXeajTALYOpeQhI8XoAbkTXIKJI4WdkhDTLUTYx2HSDMiVeWMyE9/g9JLUb2Bbtb1leRrcxalgpUWREy7TJYZMkbdhhyEefF+HzISA2gO09AUje7v0G9b89sP3N+7HtuCvfwciU+GCPYSvjVvMawwZvwcM6TfmwsRsBE00VCxXnQoeByIpr3ukxbPhvwc9zCnIw4WLxUzCyyLBqRYupbgbnLM7oGGRYLPps9B8W5DNoNzhJfKUkeAUO1L102P4yPKPZhYX1Zh43ZaYInr/8ta4RRlb5f1jE6DnVBCpA0wMbMpjMdzV0mi++FSTsHt4z3lcSMgpgV3zm3v0X8PB319vysHhfQ/v5RKoYuRoougLzPldbJoKBr+eFdr8qg/nVclux/cRSVZaNTxCxkZbhFi+0ZmXtvOBQNUfkuuH0KmtlgAnV7oQFCVc6vKW/kzRLG9aoMcZzDn3vNpJd1NRnKq8kK0vlusm2v6oFPIPbi4Pbg6bpmqP9
izgiwbvdjhV5NANuslh48k7IlHrxPBcCGt0ocnYhvJMD+55Hsn1kaNUEuN20ePSRSQLFw1PpRxcFrcCFt4nUmz2H1ehZH9t7yteyj1NrsOuS0AgLPDWFL+lpC9CATyfQFZuA9PGrGm6VWQoQfIBbXHg4LlKYlk1g1R5/C865h+ItLfgNnScXmFmt07bTWPeX1+rX26SJUph1Jh1d6wPJeWPExTlN+LK2H3wdVh0C7+hekre7mnrM3sVB5oT5tlkVHhUHQdGyEtXsbQR+Y4A06dtZGDtoVap7rqHKVM49eVf7fQ+/5WW6wkppcy+QN4hzfwzzNiU3TMDRy9Y1x0Vf8b2j8Jqf+aZP3Uiq0ei6mbROLVrkhYUouCqYWmeGR7kh25e0ieDW/mFaAJlreP6tVG4lzqzTamvz3rUncZBDqGzS8j2FIuANACErUZHrUA8d50Srl6Lk5FqbXQ9azrjckPijo658IRJyg9n0OjxjUarcXCPd1NTbIA5R+5RrDSHE+s0XJRMvn8hSj3Ov/I4wgNgeXfSJuISovgjCiMOSiaSPo++Zo/w=
izgiwbvdjhV5NANuslh48k7IlHrxPBcCGt0ocnYhvJMD+55Hsn1kaNUEuN20ePSRSQLFw1PpRxcFrcCFt4nUmz2H1ehZH9t7yteyj1NrsOuS0AgLPDWFL+lpC9CATyfQFZuA9PGrGm6VWQoQfIBbXHg4LlKYlk1g1R5/C865h+ItLfgNnScXmFmt07bTWPeX1+rX26SJUph1Jh1d6wPJeWPExTlN+LK2H3wdVh0C7+hekre7mnrM3sVB5oT5tlkVHhUHQdGyEtXsbQR+Y4A06dtZGDtoVap7rqHKVM49eVf7fQ+/5WW6wkppcy+QN4hzfwzzNiU3TMDRy9Y1x0Vf8b2j8Jqf+aZP3Uiq0ei6mbROLVrkhYUouCqYWmeGR7kh25e0ieDW/mFaAJlreP6tVG4lzqzTamvz3rUncZBDqGzS8j2FIuANACErUZHrUA8d50Srl6Lk5FqbXQ9azrjckPijo658IRJyg9n0OjxjUarcXCPd1NTbIA5R+5RrDSHE+s0XJRMvn8hSj3Ov/I4wgNgeXfSJuISovgjCiMOSiaSPo++Zo/w=
CyXE8coCvWrkOKyFahibbGZpaBfsBcGwnotfCK/t7mBt23pXiGbwvaAZrjNFJemDQtXeajTALYOpeQhI8XoAbkTXIKJI4WdkhDTLUTYx2HSDMiVeWMyE9/g9JLUb2Bbtb1leRrcxalgpUWREy7TJYZMkbdhhyEefF+HzISA2gO09AUje7v0G9b89sP3N+7HtuCvfwciU+GCPYSvjVvMawwZvwcM6TfmwsRsBE00VCxXnQoeByIpr3ukxbPhvwc9zCnIw4WLxUzCyyLBqRYupbgbnLM7oGGRYLPps9B8W5DNoNzhJfKUkeAUO1L102P4yPKPZhYX1Zh43ZaYInr/8ta4RRlb5f1jE6DnVBCpA0wMbMpjMdzV0mi++FSTsHt4z3lcSMgpgV3zm3v0X8PB319vysHhfQ/v5RKoYuRoougLzPldbJoKBr+eFdr8qg/nVclux/cRSVZaNTxCxkZbhFi+0ZmXtvOBQNUfkuuH0KmtlgAnV7oQFCVc6vKW/kzRLG9aoMcZzDn3vNpJd1NRnKq8kK0vpucm2v6oFPIPbi4Pbg6bpmqP9
CyXE8coCvWrkOKyFahibbGZpaBfsBcGwnotfCK/t7mBt23pXiGbwvaAZrjNFJemDQtXeajTALYOpeQhI8XoAbkTXIKJI4WdkhDTLUTYx2HSDMiVeWMyE9/g9JLUb2Bbtb1leRrcxalgpUWREy7TJYZMkbdhhyEefF+HzISA2gO09AUje7v0G9b89sP3N+7HtuCvfwciU+GCPYSvjVvMawwZvwcM6TfmwsRsBE00VCxXnQoeByIpr3ukxbPhvwc9zCnIw4WLxUzCyyLBqRYupbgbnLM7oGGRYLPps9B8W5DNoNzhJfKUkeAUO1L102P4yPKPZhYX1Zh43ZaYInr/8ta4RRlb5f1jE6DnVBCpA0wMbMpjMdzV0mi++FSTsHt4z3lcSMgpgV3zm3v0X8PB319vysHhfQ/v5RKoYuRoougLzPldbJoKBr+eFdr8qg/nVclux/cRSVZaNTxCxkZbhFi+0ZmXtvOBQNUfkuuH0KmtlgAnV7oQFCVc6vKW/kzRLG9aoMcZzDn3vNpJd1NRnKq8kK0vpucm2v6oFPIPbi4Pbg6bpmqP9
f0PNzn3B4e1eY0cp5styC2ZpaBfsBcGwnotfCK/t7mBt23pXiGbwvaAZrjNFJemDQtXeajTALYOpeQhI8XoAbkTXIKJI4WdkhDTLUTYx2HSDMiVeWMyE9/g9JLUb2Bbtb1leRrcxalgpUWREy7TJYZMkbdhhyEefF+HzISA2gO09AUje7v0G9b89sP3N+7HtuCvfwciU+GCPYSvjVvMawwZvwcM6TfmwsRsBE00VCxXnQoeByIpr3ukxbPhvwc9zCnIw4WLxUzCyyLBqRYupbgbnLM7oGGRYLPps9B8W5DNoNzhJfKUkeAUO1L102P4yPKPZhYX1Zh43ZaYInr/8ta4RRlb5f1jE6DnVBCpA0wMbMpjMdzV0mi++FSTsHt4z3lcSMgpgV3zm3v0X8PB319vysHhfQ/v5RKoYuRoougLzPldbJoKBr+eFdr8qg/nVclux/cRSVZaNTxCxkZbhFi+0ZmXtvOBQNUfkuuH0KmtlgAnV7oQFCVc6vKW/kzRLG9aoMcZzDn3vNpJd1NRnKq8kK0vmuMm2v6oFPIPbi4Pbg6bpmqP9
f0PNzn3B4e1eY0cp5styC2ZpaBfsBcGwnotfCK/t7mBt23pXiGbwvaAZrjNFJemDQtXeajTALYOpeQhI8XoAbkTXIKJI4WdkhDTLUTYx2HSDMiVeWMyE9/g9JLUb2Bbtb1leRrcxalgpUWREy7TJYZMkbdhhyEefF+HzISA2gO09AUje7v0G9b89sP3N+7HtuCvfwciU+GCPYSvjVvMawwZvwcM6TfmwsRsBE00VCxXnQoeByIpr3ukxbPhvwc9zCnIw4WLxUzCyyLBqRYupbgbnLM7oGGRYLPps9B8W5DNoNzhJfKUkeAUO1L102P4yPKPZhYX1Zh43ZaYInr/8ta4RRlb5f1jE6DnVBCpA0wMbMpjMdzV0mi++FSTsHt4z3lcSMgpgV3zm3v0X8PB319vysHhfQ/v5RKoYuRoougLzPldbJoKBr+eFdr8qg/nVclux/cRSVZaNTxCxkZbhFi+0ZmXtvOBQNUfkuuH0KmtlgAnV7oQFCVc6vKW/kzRLG9aoMcZzDn3vNpJd1NRnKq8kK0vmuMm2v6oFPIPbi4Pbg6bpmqP9
f0PNzn3B4e1eY0cp5styC2ZpaBfsBcGwnotfCK/t7mBt23pXiGbwvaAZrjNFJemDQtXeajTALYOpeQhI8XoAbkTXIKJI4WdkhDTLUTYx2HSDMiVeWMyE9/g9JLUb2Bbtb1leRrcxalgpUWREy7TJYZMkbdhhyEefF+HzISA2gO09AUje7v0G9b89sP3N+7HtuCvfwciU+GCPYSvjVvMawwZvwcM6TfmwsRsBE00VCxXnQoeByIpr3ukxbPhvwc9zCnIw4WLxUzCyyLBqRYupbgbnLM7oGGRYLPps9B8W5DNoNzhJfKUkeAUO1L102P4yPKPZhYX1Zh43ZaYInr/8ta4RRlb5f1jE6DnVBCpA0wMbMpjMdzV0mi++FSTsHt4z3lcSMgpgV3zm3v0X8PB319vysHhfQ/v5RKoYuRoougLzPldbJoKBr+eFdr8qg/nVclux/cRSVZaNTxCxkZbhFi+0ZmXtvOBQNUfkuuH0KmtlgAnV7oQFCVc6vKW/kzRLG9aoMcZzDn3vNpJd1NRnKq8kK0vmuMm2v6oFPIPbi4Pbg6bpmqP9
f0PNzn3B4e1eY0cp5styC2ZpaBfsBcGwnotfCK/t7mBt23pXiGbwvaAZrjNFJemDQtXeajTALYOpeQhI8XoAbkTXIKJI4WdkhDTLUTYx2HSDMiVeWMyE9/g9JLUb2Bbtb1leRrcxalgpUWREy7TJYZMkbdhhyEefF+HzISA2gO09AUje7v0G9b89sP3N+7HtuCvfwciU+GCPYSvjVvMawwZvwcM6TfmwsRsBE00VCxXnQoeByIpr3ukxbPhvwc9zCnIw4WLxUzCyyLBqRYupbgbnLM7oGGRYLPps9B8W5DNoNzhJfKUkeAUO1L102P4yPKPZhYX1Zh43ZaYInr/8ta4RRlb5f1jE6DnVBCpA0wMbMpjMdzV0mi++FSTsHt4z3lcSMgpgV3zm3v0X8PB319vysHhfQ/v5RKoYuRoougLzPldbJoKBr+eFdr8qg/nVclux/cRSVZaNTxCxkZbhFi+0ZmXtvOBQNUfkuuH0KmtlgAnV7oQFCVc6vKW/kzRLG9aoMcZzDn3vNpJd1NRnKq8kK0vmuMm2v6oFPIPbi4Pbg6bpmqP9
f0PNzn3B4e1eY0cp5styC2ZpaBfsBcGwnotfCK/t7mBt23pXiGbwvaAZrjNFJemDQtXeajTALYOpeQhI8XoAbkTXIKJI4WdkhDTLUTYx2HSDMiVeWMyE9/g9JLUb2Bbtb1leRrcxalgpUWREy7TJYZMkbdhhyEefF+HzISA2gO09AUje7v0G9b89sP3N+7HtuCvfwciU+GCPYSvjVvMawwZvwcM6TfmwsRsBE00VCxXnQoeByIpr3ukxbPhvwc9zCnIw4WLxUzCyyLBqRYupbgbnLM7oGGRYLPps9B8W5DNoNzhJfKUkeAUO1L102P4yPKPZhYX1Zh43ZaYInr/8ta4RRlb5f1jE6DnVBCpA0wMbMpjMdzV0mi++FSTsHt4z3lcSMgpgV3zm3v0X8PB319vysHhfQ/v5RKoYuRoougLzPldbJoKBr+eFdr8qg/nVclux/cRSVZaNTxCxkZbhFi+0ZmXtvOBQNUfkuuH0KmtlgAnV7oQFCVc6vKW/kzRLG9aoMcZzDn3vNpJd1NRnKq8kK0vmuMm2v6oFPIPbi4Pbg6bpmqP9
f0PNzn3B4e1eY0cp5styC2ZpaBfsBcGwnotfCK/t7mBt23pXiGbwvaAZrjNFJemDQtXeajTALYOpeQhI8XoAbkTXIKJI4WdkhDTLUTYx2HSDMiVeWMyE9/g9JLUb2Bbtb1leRrcxalgpUWREy7TJYZMkbdhhyEefF+HzISA2gO09AUje7v0G9b89sP3N+7HtuCvfwciU+GCPYSvjVvMawwZvwcM6TfmwsRsBE00VCxXnQoeByIpr3ukxbPhvwc9zCnIw4WLxUzCyyLBqRYupbgbnLM7oGGRYLPps9B8W5DNoNzhJfKUkeAUO1L102P4yPKPZhYX1Zh43ZaYInr/8ta4RRlb5f1jE6DnVBCpA0wMbMpjMdzV0mi++FSTsHt4z3lcSMgpgV3zm3v0X8PB319vysHhfQ/v5RKoYuRoougLzPldbJoKBr+eFdr8qg/nVclux/cRSVZaNTxCxkZbhFi+0ZmXtvOBQNUfkuuH0KmtlgAnV7oQFCVc6vKW/kzRLG9aoMcZzDn3vNpJd1NRnKq8kK0vmuMm2v6oFPIPbi4Pbg6bpmqP9
tnuDLd0YdShQF7zoH2bpQU7IlHrxPBcCGt0ocnYhvJMD+55Hsn1kaNUEuN20ePSRSQLFw1PpRxcFrcCFt4nUmz2H1ehZH9t7yteyj1NrsOuS0AgLPDWFL+lpC9CATyfQFZuA9PGrGm6VWQoQfIBbXHg4LlKYlk1g1R5/C865h+ItLfgNnScXmFmt07bTWPeX1+rX26SJUph1Jh1d6wPJeWPExTlN+LK2H3wdVh0C7+hekre7mnrM3sVB5oT5tlkVHhUHQdGyEtXsbQR+Y4A06dtZGDtoVap7rqHKVM49eVf7fQ+/5WW6wkppcy+QN4hzfwzzNiU3TMDRy9Y1x0Vf8b2j8Jqf+aZP3Uiq0ei6mbROLVrkhYUouCqYWmeGR7kh25e0ieDW/mFaAJlreP6tVG4lzqzTamvz3rUncZBDqGzS8j2FIuANACErUZHrUA8d50Srl6Lk5FqbXQ9azrjckPijo658IRJyg9n0OjxjUarcXCPd1NTbIA5R+5RrDSHE+s0XJRMvn8hSj3Ov/I4wgNgeXfqIuISovgjCiMOSiaSPo++Zo/w=
tnuDLd0YdShQF7zoH2bpQU7IlHrxPBcCGt0ocnYhvJMD+55Hsn1kaNUEuN20ePSRSQLFw1PpRxcFrcCFt4nUmz2H1ehZH9t7yteyj1NrsOuS0AgLPDWFL+lpC9CATyfQFZuA9PGrGm6VWQoQfIBbXHg4LlKYlk1g1R5/C865h+ItLfgNnScXmFmt07bTWPeX1+rX26SJUph1Jh1d6wPJeWPExTlN+LK2H3wdVh0C7+hekre7mnrM3sVB5oT5tlkVHhUHQdGyEtXsbQR+Y4A06dtZGDtoVap7rqHKVM49eVf7fQ+/5WW6wkppcy+QN4hzfwzzNiU3TMDRy9Y1x0Vf8b2j8Jqf+aZP3Uiq0ei6mbROLVrkhYUouCqYWmeGR7kh25e0ieDW/mFaAJlreP6tVG4lzqzTamvz3rUncZBDqGzS8j2FIuANACErUZHrUA8d50Srl6Lk5FqbXQ9azrjckPijo658IRJyg9n0OjxjUarcXCPd1NTbIA5R+5RrDSHE+s0XJRMvn8hSj3Ov/I4wgNgeXfqIuISovgjCiMOSiaSPo++Zo/w=
EPNkIKkqpzziJtyX9+4aCmZpaBfsBcGwnotfCK/t7mBt23pXiGbwvaAZrjNFJemDQtXeajTALYOpeQhI8XoAbkTXIKJI4WdkhDTLUTYx2HSDMiVeWMyE9/g9JLUb2Bbtb1leRrcxalgpUWREy7TJYZMkbdhhyEefF+HzISA2gO09AUje7v0G9b89sP3N+7HtuCvfwciU+GCPYSvjVvMawwZvwcM6TfmwsRsBE00VCxXnQoeByIpr3ukxbPhvwc9zCnIw4WLxUzCyyLBqRYupbgbnLM7oGGRYLPps9B8W5DNoNzhJfKUkeAUO1L102P4yPKPZhYX1Zh43ZaYInr/8ta4RRlb5f1jE6DnVBCpA0wMbMpjMdzV0mi++FSTsHt4z3lcSMgpgV3zm3v0X8PB319vysHhfQ/v5RKoYuRoougLzPldbJoKBr+eFdr8qg/nVclux/cRSVZaNTxCxkZbhFi+0ZmXtvOBQNUfkuuH0KmtlgAnV7oQFCVc6vKW/kzRLG9aoMcZzDn3vNpJd1NRnKq8kK0vgv8m2v6oFPIPbi4Pbg6bpmqP9
EPNkIKkqpzziJtyX9+4aCmZpaBfsBcGwnotfCK/t7mBt23pXiGbwvaAZrjNFJemDQtXeajTALYOpeQhI8XoAbkTXIKJI4WdkhDTLUTYx2HSDMiVeWMyE9/g9JLUb2Bbtb1leRrcxalgpUWREy7TJYZMkbdhhyEefF+HzISA2gO09AUje7v0G9b89sP3N+7HtuCvfwciU+GCPYSvjVvMawwZvwcM6TfmwsRsBE00VCxXnQoeByIpr3ukxbPhvwc9zCnIw4WLxUzCyyLBqRYupbgbnLM7oGGRYLPps9B8W5DNoNzhJfKUkeAUO1L102P4yPKPZhYX1Zh43ZaYInr/8ta4RRlb5f1jE6DnVBCpA0wMbMpjMdzV0mi++FSTsHt4z3lcSMgpgV3zm3v0X8PB319vysHhfQ/v5RKoYuRoougLzPldbJoKBr+eFdr8qg/nVclux/cRSVZaNTxCxkZbhFi+0ZmXtvOBQNUfkuuH0KmtlgAnV7oQFCVc6vKW/kzRLG9aoMcZzDn3vNpJd1NRnKq8kK0vgv8m2v6oFPIPbi4Pbg6bpmqP9
EPNkIKkqpzziJtyX9+4aCmZpaBfsBcGwnotfCK/t7mBt23pXiGbwvaAZrjNFJemDQtXeajTALYOpeQhI8XoAbkTXIKJI4WdkhDTLUTYx2HSDMiVeWMyE9/g9JLUb2Bbtb1leRrcxalgpUWREy7TJYZMkbdhhyEefF+HzISA2gO09AUje7v0G9b89sP3N+7HtuCvfwciU+GCPYSvjVvMawwZvwcM6TfmwsRsBE00VCxXnQoeByIpr3ukxbPhvwc9zCnIw4WLxUzCyyLBqRYupbgbnLM7oGGRYLPps9B8W5DNoNzhJfKUkeAUO1L102P4yPKPZhYX1Zh43ZaYInr/8ta4RRlb5f1jE6DnVBCpA0wMbMpjMdzV0mi++FSTsHt4z3lcSMgpgV3zm3v0X8PB319vysHhfQ/v5RKoYuRoougLzPldbJoKBr+eFdr8qg/nVclux/cRSVZaNTxCxkZbhFi+0ZmXtvOBQNUfkuuH0KmtlgAnV7oQFCVc6vKW/kzRLG9aoMcZzDn3vNpJd1NRnKq8kK0vgv8m2v6oFPIPbi4Pbg6bpmqP9
EPNkIKkqpzziJtyX9+4aCmZpaBfsBcGwnotfCK/t7mBt23pXiGbwvaAZrjNFJemDQtXeajTALYOpeQhI8XoAbkTXIKJI4WdkhDTLUTYx2HSDMiVeWMyE9/g9JLUb2Bbtb1leRrcxalgpUWREy7TJYZMkbdhhyEefF+HzISA2gO09AUje7v0G9b89sP3N+7HtuCvfwciU+GCPYSvjVvMawwZvwcM6TfmwsRsBE00VCxXnQoeByIpr3ukxbPhvwc9zCnIw4WLxUzCyyLBqRYupbgbnLM7oGGRYLPps9B8W5DNoNzhJfKUkeAUO1L102P4yPKPZhYX1Zh43ZaYInr/8ta4RRlb5f1jE6DnVBCpA0wMbMpjMdzV0mi++FSTsHt4z3lcSMgpgV3zm3v0X8PB319vysHhfQ/v5RKoYuRoougLzPldbJoKBr+eFdr8qg/nVclux/cRSVZaNTxCxkZbhFi+0ZmXtvOBQNUfkuuH0KmtlgAnV7oQFCVc6vKW/kzRLG9aoMcZzDn3vNpJd1NRnKq8kK0vgv8m2v6oFPIPbi4Pbg6bpmqP9
EPNkIKkqpzziJtyX9+4aCmZpaBfsBcGwnotfCK/t7mBt23pXiGbwvaAZrjNFJemDQtXeajTALYOpeQhI8XoAbkTXIKJI4WdkhDTLUTYx2HSDMiVeWMyE9/g9JLUb2Bbtb1leRrcxalgpUWREy7TJYZMkbdhhyEefF+HzISA2gO09AUje7v0G9b89sP3N+7HtuCvfwciU+GCPYSvjVvMawwZvwcM6TfmwsRsBE00VCxXnQoeByIpr3ukxbPhvwc9zCnIw4WLxUzCyyLBqRYupbgbnLM7oGGRYLPps9B8W5DNoNzhJfKUkeAUO1L102P4yPKPZhYX1Zh43ZaYInr/8ta4RRlb5f1jE6DnVBCpA0wMbMpjMdzV0mi++FSTsHt4z3lcSMgpgV3zm3v0X8PB319vysHhfQ/v5RKoYuRoougLzPldbJoKBr+eFdr8qg/nVclux/cRSVZaNTxCxkZbhFi+0ZmXtvOBQNUfkuuH0KmtlgAnV7oQFCVc6vKW/kzRLG9aoMcZzDn3vNpJd1NRnKq8kK0vgv8m2v6oFPIPbi4Pbg6bpmqP9
EPNkIKkqpzziJtyX9+4aCmZpaBfsBcGwnotfCK/t7mBt23pXiGbwvaAZrjNFJemDQtXeajTALYOpeQhI8XoAbkTXIKJI4WdkhDTLUTYx2HSDMiVeWMyE9/g9JLUb2Bbtb1leRrcxalgpUWREy7TJYZMkbdhhyEefF+HzISA2gO09AUje7v0G9b89sP3N+7HtuCvfwciU+GCPYSvjVvMawwZvwcM6TfmwsRsBE00VCxXnQoeByIpr3ukxbPhvwc9zCnIw4WLxUzCyyLBqRYupbgbnLM7oGGRYLPps9B8W5DNoNzhJfKUkeAUO1L102P4yPKPZhYX1Zh43ZaYInr/8ta4RRlb5f1jE6DnVBCpA0wMbMpjMdzV0mi++FSTsHt4z3lcSMgpgV3zm3v0X8PB319vysHhfQ/v5RKoYuRoougLzPldbJoKBr+eFdr8qg/nVclux/cRSVZaNTxCxkZbhFi+0ZmXtvOBQNUfkuuH0KmtlgAnV7oQFCVc6vKW/kzRLG9aoMcZzDn3vNpJd1NRnKq8kK0vgv8m2v6oFPIPbi4Pbg6bpmqP9
EPNkIKkqpzziJtyX9+4aCmZpaBfsBcGwnotfCK/t7mBt23pXiGbwvaAZrjNFJemDQtXeajTALYOpeQhI8XoAbkTXIKJI4WdkhDTLUTYx2HSDMiVeWMyE9/g9JLUb2Bbtb1leRrcxalgpUWREy7TJYZMkbdhhyEefF+HzISA2gO09AUje7v0G9b89sP3N+7HtuCvfwciU+GCPYSvjVvMawwZvwcM6TfmwsRsBE00VCxXnQoeByIpr3ukxbPhvwc9zCnIw4WLxUzCyyLBqRYupbgbnLM7oGGRYLPps9B8W5DNoNzhJfKUkeAUO1L102P4yPKPZhYX1Zh43ZaYInr/8ta4RRlb5f1jE6DnVBCpA0wMbMpjMdzV0mi++FSTsHt4z3lcSMgpgV3zm3v0X8PB319vysHhfQ/v5RKoYuRoougLzPldbJoKBr+eFdr8qg/nVclux/cRSVZaNTxCxkZbhFi+0ZmXtvOBQNUfkuuH0KmtlgAnV7oQFCVc6vKW/kzRLG9aoMcZzDn3vNpJd1NRnKq8kK0vgv8m2v6oFPIPbi4Pbg6bpmqP9
EPNkIKkqpzziJtyX9+4aCmZpaBfsBcGwnotfCK/t7mBt23pXiGbwvaAZrjNFJemDQtXeajTALYOpeQhI8XoAbkTXIKJI4WdkhDTLUTYx2HSDMiVeWMyE9/g9JLUb2Bbtb1leRrcxalgpUWREy7TJYZMkbdhhyEefF+HzISA2gO09AUje7v0G9b89sP3N+7HtuCvfwciU+GCPYSvjVvMawwZvwcM6TfmwsRsBE00VCxXnQoeByIpr3ukxbPhvwc9zCnIw4WLxUzCyyLBqRYupbgbnLM7oGGRYLPps9B8W5DNoNzhJfKUkeAUO1L102P4yPKPZhYX1Zh43ZaYInr/8ta4RRlb5f1jE6DnVBCpA0wMbMpjMdzV0mi++FSTsHt4z3lcSMgpgV3zm3v0X8PB319vysHhfQ/v5RKoYuRoougLzPldbJoKBr+eFdr8qg/nVclux/cRSVZaNTxCxkZbhFi+0ZmXtvOBQNUfkuuH0KmtlgAnV7oQFCVc6vKW/kzRLG9aoMcZzDn3vNpJd1NRnKq8kK0vgv8m2v6oFPIPbi4Pbg6bpmqP9
0CADpiUkKJXiL5v6KN4QBE7IlHrxPBcCGt0ocnYhvJMD+55Hsn1kaNUEuN20ePSRSQLFw1PpRxcFrcCFt4nUmz2H1ehZH9t7yteyj1NrsOuS0AgLPDWFL+lpC9CATyfQFZuA9PGrGm6VWQoQfIBbXHg4LlKYlk1g1R5/C865h+ItLfgNnScXmFmt07bTWPeX1+rX26SJUph1Jh1d6wPJeWPExTlN+LK2H3wdVh0C7+hekre7mnrM3sVB5oT5tlkVHhUHQdGyEtXsbQR+Y4A06dtZGDtoVap7rqHKVM49eVf7fQ+/5WW6wkppcy+QN4hzfwzzNiU3TMDRy9Y1x0Vf8b2j8Jqf+aZP3Uiq0ei6mbROLVrkhYUouCqYWmeGR7kh25e0ieDW/mFaAJlreP6tVG4lzqzTamvz3rUncZBDqGzS8j2FIuANACErUZHrUA8d50Srl6Lk5FqbXQ9azrjckPijo658IRJyg9n0OjxjUarcXCPd1NTbIA5R+5RrDSHE+s0XJRMvn8hSj3Ov/I4wgNgeXfGPuISovgjCiMOSiaSPo++Zo/w=
0CADpiUkKJXiL5v6KN4QBE7IlHrxPBcCGt0ocnYhvJMD+55Hsn1kaNUEuN20ePSRSQLFw1PpRxcFrcCFt4nUmz2H1ehZH9t7yteyj1NrsOuS0AgLPDWFL+lpC9CATyfQFZuA9PGrGm6VWQoQfIBbXHg4LlKYlk1g1R5/C865h+ItLfgNnScXmFmt07bTWPeX1+rX26SJUph1Jh1d6wPJeWPExTlN+LK2H3wdVh0C7+hekre7mnrM3sVB5oT5tlkVHhUHQdGyEtXsbQR+Y4A06dtZGDtoVap7rqHKVM49eVf7fQ+/5WW6wkppcy+QN4hzfwzzNiU3TMDRy9Y1x0Vf8b2j8Jqf+aZP3Uiq0ei6mbROLVrkhYUouCqYWmeGR7kh25e0ieDW/mFaAJlreP6tVG4lzqzTamvz3rUncZBDqGzS8j2FIuANACErUZHrUA8d50Srl6Lk5FqbXQ9azrjckPijo658IRJyg9n0OjxjUarcXCPd1NTbIA5R+5RrDSHE+s0XJRMvn8hSj3Ov/I4wgNgeXfGPuISovgjCiMOSiaSPo++Zo/w=
k0DsAE4i7ySB4SnJWAmnVQ+ewy7QctQXm2e4PG6j4S089FFSWkiV6tFhsyP8LnCgWH4dUosYR0g+KAIow/LJxA+DL3mjHA==
k+wtbc9+sl/ydWXqzh1mKk09y4BfsXEuGi5DFjGezuFAVXmBjHjJ3trEDXVuyTHPnMIoDOgyxR9LVJ8EDgRaxKMe0eg/jzd1oxA=
rhiPrWDHGCfoA/7zsPpq+NXiR7F9c2m0NQD1eaV9kXxAADjHb61HhzRs3hvRbCwFcNqOyhfec5lGVLf70JSUtZ3j2/BkTfskl+GguW9+P+0RE7UwmpHOdDHrQRWvuz33RdNXadKr0eOqpNeGBrSi/G35iqORxHpd+HGki2LJP2b1r1ghCVbZJucU/jUFvAgArecsitk0svstYHElhgStOW8adDUn08w707YwYe5zJq131tqtrBT/uucEE3tPOCHFR8rNrBubs7OTIz458qOV
UTNsYSAJeJJYsYUjkzk7ewrAQOizG5Pr5Re5M2uPKI/Ghd50zzJOTRVz6lwArdvzdTq7ixaVDmw65YxsbOGLWZeDn5fFzHq95RiJmb6FcX4h0Q9rqwyEYdBIL5NfKbFbY8ubq4lVjFuP33TcCbpYdPxAs4FUH880JOEmCXo3PCmh2mvXxp2XpkeaeWxgiZs8lrwzn7I2R8QsR7MY75kY5POFsWKqiXkjkocNzu7dsLN4kamuBJHy5KGGOXzNRxHYP/lZstOQBWutj41bIAXso4s=
/CQMVb83XPBNAti6t+Wtx5OZRPTJsK8yXGGnflNmzC2IcrOAl/UJ/GBRyH15IdbdihtTNXmBSo8GNZ1OcyMpGzAPY1B67cV8ohJlIzvu/qBTjO8uigPpWcKkH9KnPsvSWeg/PMN7wzZFD0C0JKfUXaLQJfF5KJyNC02l11nTmfAoOGMT60AeHmAi0L33RPzXfnDbd3CADGWN+FQi19c0gleCNl/fTvvrXTaSE4OPUxmzisrht9UMyKwSECBpPiguy0rGxqYSk7S1lic9O/Ojig==
Q6dpNyovg2vsZ2MPUsh6RpOZRPTJsK8yXGGnflNmzC2IcrOAl/UJ+mBRyH1/IdbdihtTNXmBSo8GNZ1OXzQpEiwBdFB67cV8ohJlIzvu/qBTjO8uigPpWcKkH9KnPsvSWeg/PMN7wzZFD0C0JKfUXaLQJfF5KJyNC02l11nTmfAoOGMT60AeHmAi0L33RPzXfnDbd3CADGWN+FQi19c0gleCNl/fTvvrXTaSE4OPUxmzisrht9UMyKwSECBpPiguy0rGxqYSk7S1lic9O/Ojig==
lulC1R1fjYcYIiLKiFa5prdYHG2maDVWLZ/aXD+O3IplyiwYMmOEDaS+3Qc+thX0QsBJXg7Wcyzdp8Zb0/kyCMlTHiIJulbDNW6WBB05B/D+oleK5ySGDflr1lIH6LtA6/A9DhcWLxXz5DHZeO7Y+ZSf5hbtu7VmzH9f+32thW35Eoyei3lH7m6M1LQoJ0vafFX69lP9/A6c1xmOzJhLKZQgs+Se9bOgS7mpYCrJ/1GTW3fMgiv7G9y6eCRI2jUAyEzvbK4sijxjpoGAXycH7aOI
3KH+qU14oFzmmrLrlEsiVJOZRPTJsK8yXGGnflNmzC2IcrOAl/UJ+mBRyH1/IdbdihtTNXmBSo8GNZ1OcyMpBS0OaVB67cV8ohJlIzvu/qBTjO8uigPpWcKkH9KnPsvSWeg/PMN7wzZFD0C0JKfUXaLQJfF5KJyNC02l11nTmfAoOGMT60AeHmAi0L33RPzXfnDbd3CADGWN+FQi19c0gleCNl/fTvvrXTaSE4OPUxmzisrht9UMyKwSECBpPiguy0rGxqYSk7S1lic9O/Ojig==
m4/kQ9xq4QpwOFd0C5xNpbdYHG2maDVWLZ/aXD+O3IplyiwYMmOEC6S+3Qc4thX0QsBJXg7Wcyzdp8Zbwv8wHc1HHiIJulbDNW6WBB05B/D+oleK5ySGDflr1lIH6LtA6/A9DhcWLxXz5DHZeO7Y+ZSf5hbtu7VmzH9f+32thW35Eoyei3lH7m6M1LQoJ0vafFX69lP9/A6c1xmOzJhLKZQgs+Se9bOgS7mpYCrJ/1GTW3fMgiv7G9y6eCRI2jUAyEzvbK4sijxjpoGAXycH7aOI
u76sM13uuqas2qfxX9VY+9XiR7F9c2m0NQD1eaV9kXxAADjHb61HgSU0hgvHZ3had9mb41G9NNtRDKC71KaTo4j+2/BkTfskl+GguW9+P+0RE7UwmpHOdDHrQRWvuz33RdNXadKr0eOqpNeGBrSi/G35iqORxHpd+HGki2LJP2b1r1ghCVbZJucU/jUFvAgArecsitk0svstYHElhgStOW8adDUn08w707YwYe5zJq131tqtrBT/uucEE3tPOCHFR8rNrBubs7OTIz458qOV
7OVJvw1zbnDShQ97u7LWPNXiR7F9c2m0NQD1eaV9kXxAADjHb61HgSU0hgvHZ3had9mb41G9NNtRDKC73bWZvoj82/BkTfskl+GguW9+P+0RE7UwmpHOdDHrQRWvuz33RdNXadKr0eOqpNeGBrSi/G35iqORxHpd+HGki2LJP2b1r1ghCVbZJucU/jUFvAgArecsitk0svstYHElhgStOW8adDUn08w707YwYe5zJq131tqtrBT/uucEE3tPOCHFR8rNrBubs7OTIz458qOV
D6U1w1TVVjKZP8+YlD69bTK9RxRvrFaG7XR3n9Pu9lu9kKUG6whEW3GKfr2nohbG2HpYcOSbcXgtV75M3QDbgCKGRRXXRc2gGbRenYEAtYmyjXV+JdkDe5cU4EH0MPOjE+H1G6eD11vV7Wg7K0cITIUy3PR4yD8RqIdr1EBZ+nm2/3jpZZKn55pls4ajgkV8bIGfPJK0P4+OLqPkCL/vKCPR3CS3TX0SdjEdwzYf8V5iVTQz/BklPngJVoRFPmWMgQ/VmHsxFYIP6CFLyZexSywN6KOP
UBX+e4HrQTdtfqwL5MZnEc3s/Ehaj+B4MwOLelOD/txilBPEHU4d7Mm/8hiTwd2it9h5C7EHqevk3QCjZw==
L4ZXoKIKYLO3pLnc9WmBcykfg7V99BhiED4MWyvL4NAOT3mBjHjJ3trEDWZhzSvPnMIoDOgyxRlPVJ8EDgRaxKMe0eg/jzd1oxA=
wChrUUevfT6IdhsiouHQ823JlUViWNG4ijUMB8odVLff4q52x3S4GgBtqelsUPnG2tw9XY6h4ffcOnikSFo1gc/M7+yurIq8YyaBAF+nB22jCA==
Uoyfi/PozMYztl0NGcYi1xA3Z6zdgKOGIK9KZleW2gtyENF3cTqp9w21fJ0Y1Adqz6QLC0m4KXRfKiV8I9vrw/sDhil6ox0=
YsV52Ot23YH92gMNI18saUk//cRAE+bxVMt0c3R1D4wjeHyj5mAl7/26JW9qSuwvpHTbAjv037MFeGWMC/oRVP+7F6vvM7IxdqMR
9R5qHrY2NoPxCPybmJFVeTH+6sxgYbHFXBwhqlqw5ROwhe7qvPYgCPjWresPoPbgnoDScAOqGazv698Bo2Q=
/LxHn31fofUS7XNiJ3Vopigfg7V99BhiED4MWyvL4NAOT3mBjHjJ3trEDWZhzSvPnMIoDOgyxR5OVJ4EDgRaxKMe0eg/jzd1oxA=
p3Rp+BiCIPp3hE+W7TvfbG3JlUViWNG4ijUMB8odVLff4652x3S4GgBtqelsUPnG2tw9XY6h4ffcOnikSFo1hs7M7uyurIq8YyaBAF+nB22jCA==
PT2DjE0zzrPXU7ezWTXbA31x+9g0Aq74R91+TXR/Po4LNmaj5mAl7/26JW95Reg1pHTbAjv037MIfmWMC/oRVP+7F6vvM7IxdqMR
YFfUun5v3aAqT+TtQKUmScRhMDtVUXpHMJIFRoi/yFgLM7N6a7PX/UapSgRVnrVMUS9kngtQRULfCDHL+ffBC5wteKMf
gxV2WgZ9PulP3tr1FvA5k3CLs2HLJqIXm2e4PG6j4S089FFSWkiV6tFhsyP8LnCgWH4dVY4YRkg+KAIow/LJxA+DL3mjHA==
KtRAEpa6rvikDcpKmmEuPhs6wVtY2P+n3v3DsQyOvv0tV/SylRAahskgqZfn8cwQXPqwGPkxqzZ1YiY+dtrT7MX+B4Ure6MS
sH0BD75nix5XE01ql9Tja0kkqZUv/j9iNgV6WyvL4NAOT3mBjHjJ3trEDWZhzSvPnMIoDOgyxR9LVJEEDgRaxKMe0eg/jzd1oxA=
I+OiTyrfVpKYh1c2i4q4Gmpx+9g0A674R91+TXR/Po4LNmaj5mAl7/26JW95Reg1pHTbAjv037MKeWWDC/oRVP+7F6vvM7IxdqMR
o9bEByMq34ZgH7nPoavECXGZs2HLJrAXm2e4PG6j4S089FFSWkiV6tFhsyP8LnCgWH4dWokYSUg+KAIow/LJxA+DL3mjHA==
2o9djvYnNmB//b4mZ5afEQE701tY2P+mzP3DsQyOvv0tV/SylRAahskgqZfn8cwQXPqwGPk4qTZ1YiY+dtrT7MX+B4Ure6MS
UhZoHRzJGX6nLcsCNgP15Csfg7V99BhiED4MWyvL4NAOT3mBjHjJ3trEDWZhzSvPnMIoDOgyxR5PVJEEDgRaxKMe0eg/jzd1oxA=
SeQ2g/f2Y+5MhrhPvQxWWG3JlUViWNG4ijUMB8odVLff4K52x3S4GgBtqelsUPnG2tw9XY6h4ffcOnikSFo1hs/M4eyurIq8YyaBAF+nB22jCA==
stsiPUE1qISMJudQRqLpT2xx+9g0Aa74R91+TXR/Po4LNmaj5mAl7/26JW95Reg1pHTbAjv037MJf2WDC/oRVP+7F6vvM7IxdqMR
BWrprpteEy+fc4szVNLRTn6fs2HLJrYXm2e4PG6j4S089FFSWkiV6tFhsyP8LnCgWH4dVo8YSUg+KAIow/LJxA+DL3mjHA==
KjAeDHeG8GxbQy8C9ISM1hw01VtY2P+pyv3DsQyOvv0tV/SylRAahskgqZfn8cwQXPqwGPk1rzZ1YiY+dtrT7MX+B4Ure6MS
7LvGOtRWBSI4l3imul0GLVojp4Ev/j9iMQtuWyvL4NAOT3mBjHjJ3trEDWZhzSvPnMIoDOgyxRtPVJEEDgRaxKMe0eg/jzd1oxA=
FvuhHGzfcVnJS8VF8G3CKkg055o4CQh7z6PRbYIBk2W0Il6ZxctEBg2cmgJBnDkDH51stPQmwOyh+W9yvR72ak72swit4jexM3ejFg==
0/aY9H5tZ6VIO/Kt8xQ9xhN92I94Cy7Yq4VMxXHPJu/7vwh0rusRdRzMQVpaQIXS8TlDazxmwHg4ho3dD5DZMN5wsuCDOrkcL7s/caMU
2ZICVVqAF6ukR46ZOX3OQ1nVwOdhEguHzWkXp+hnETF6VSPJ3Mb+JV2/1IqFGBqe+QjJb7c5DEiskhCgab8vrsXKxkamkpM0tRYnvTtzowo=
GAe9Gs7L38lRFMjmfWogKlj+zOpuEWnI1j1Sp+hnETF6VSPJ3Mb+JV2/1IqFGBqe+QjJb7c5DEiskhCgabAvrsXKxkamkpM0tRYnvTtzowo=
HgtoiY7ZHUznWuTBr76r9jhx1YB7aWHD/8FMxXHPJu/7vwh0rusRdRzMQVpaQIXS8TlDazxmwHg4ho3SD5DZMN5wsuCDOrkcL7s/caMU
or8uNEG6qAD1L3MUPImFRih92I94Cy7Yq4VMxXHPJu/7vwh0rusRdRzMQVpaQIXS8TlDazxmwHg4ho3TD5DZMN5wsuCDOrkcL7s/caMU
JOy+WN1ch0VgieDiCYtr41juwOdhEguHzWkXnOhnETF6VSPJ3Mb+JV2/1IqFGBqe+QjJb7c5DEiskhCgabgursXKxkamkpM0tRYnvTtzowo=
G9RrpG3rmThczJJRMlvKZVz953hEYOKf+XpCS8smdJmxk54zi2OwKE53qelsUPnG2tw9ToGl+/fcOnikSFo1hs7M4eyurIq8YyaBAF+nB22jCA==
G0GpDtZkSF+OVbPCfM9rbl3G93RJb+H9tmEWDssmdJmxk54zi2OwKE53qelsUPnG2tw9ToGl+/fcOnikSFo1hc7M4eyurIq8YyaBAF+nB22jCA==
Qf71EJbcYP9QnqnYUdStf2P+zOpuEWnI1j1TnOhnETF6VSPJ3Mb+JV2/1IqFGBqe+QjJb7c5DEiskhCgabsursXKxkamkpM0tRYnvTtzowo=
bOHfYEF5UoudH92dzVqVSXjuwOdhEguHzWkXnOhnETF6VSPJ3Mb+JV2/1IqFGBqe+QjJb7c5DEiskhCgabwursXKxkamkpM0tRYnvTtzowo=
EaNivqeVZsq4qiyfS3iTRHzd53hEYOKf+XpCS+smdJmxk54zi2OwKE53qelsUPnG2tw9ToGl+/fcOnikSFo1gs7M4eyurIq8YyaBAF+nB22jCA==
7UKQ3zji4nT3r9xf8Bqu5cDC/UB7/tHRdQ8G9+q0Q8gQO1H1MpnzvQR6nsH1EyQePYSaGnGEWdsvxazsRP6gdBFh7uoNhpay/q5zUJ06V6kDb6MO
GMeIx2MRfKKUTuTZFlRwsURYVkVm0vONVlhr1o3RARo7Urxd8VdWR1vX2MzuE0Fd/KRxQlpYtboREROTfN4QEJgu/UqOCCmYfpjiWENCaTRPUw9poww=
7BoXOV3iR0uO5S+UoLbp8cPs18TT3PZQYgjtrLB/KSut4JP0WP+Rueotg2GsHj5tjYe0YrUAGpbp8OlHR2FMgPwq8MjZKK4mVbJm7tZKU3xlLkdVC2ujAg==
4uYb3BDEe2ISDMZ4m54jMz9aUgF1T1RCet/pjQcZJ7XYmdl2C57kETEbDovruwBgjr/ZMUwo6c7a1C02oX2LPxxyyHwo4qUHTkRxVE70OnQjbnFYf18XZaMA
6z7OMPCSSdmqn+HJu896I1kSqin1kfzKwMz3VmZ10IzHo2gPRdzjIICz0X2icVPV1LLeCSV7BPYtjJoSYWx5s/8N7CSUlgCcgeVuYp1uNtouZjOYTVJ3QRNnowY=
qM1gMCW6ssW40JgytIpCzhxU7uEfoHsOf1BAR3jXgLRDQjQ1+P3xolvKLNVx38bfu2+oBC5bcaXcvGFKWlClojHpI9u8FmCoeLZtww6AuQAeIBIQA4pZTG9LH2GjBA==
gIM1P465Z6/98TRVBSZcXABf6+QEunoVb1xNSHu1z68XMTQ1+P3xolvKLNVx38bfu2+oBC5bcaXcvGFKWlClojHpI9u8FmCoeLZtzAuAuAAeIBIQA4pZTG9LH2GjBA==
T5ovRi8N4IxvCyRegn7I/1IXrzLvkOfazMH4VQQ6y9ioo2gPRdzjIICz0X2icVPV1LLeCSV7BPYtjJoSYWx5s/8N7CSUlgCcgeprYpxuNtouZjOYTVJ3QRNnowY=
+9NBLVa0XyCxMrlnwxJlxTpfSRt0VEROd9Dq70gCc9HYmdl2C57kETEbDovruwBgjr/ZMUwo6c7a1C02oX2LPxxyyHwo4qUJS0RwVE70OnQjbnFYf18XZaMA
gX8vCn4+EWBLv/HRgrBU7Mb3zcXIzPpdbQuP46srSCut4JP0WP+Rueotg2GsHj5tjYe0YrUAGpbp8OlHR2FMgPwq8MjZJ6smVLJm7tZKU3xlLkdVC2ujAg==
VW/2GVQtbR04S0ydOWMJN19CV1523v6CVTokzdm1ARo7Urxd8VdWR1vX2MzuE0Fd/KRxQlpYtboREROTfN4QEJgu/UWLCCiYfpjiWENCaTRPUw9poww=
E4C2DtJ9GLjugRu4U6NF3NrD5lB3897SF0Ado5W0Q8gQO1H1MpnzvQR6nsH1EyQePYSaGnGEWdsvxazsRP6gdBFj6+oMhpay/q5zUJ06V6kDb6MO
Qy/jGmpY3s2UhbEQeVUoW33G93RJb+H9tmEWLusmdJmxk54zi2OwKE53qelsUPnG2tw9ToGl+/fcOnikSFo1gcvM4OyurIq8YyaBAF+nB22jCA==
GkYC5BfjsF3WqJsKE/3wyGP+zOpuEWnI1j1znOhnETF6VSPJ3Mb+JV2/1IqFGBqe+QjJb7c5DEiskhCgab8rrsTKxkamkpM0tRYnvTtzowo=
IAvymR0NAacKIF3wr6zKXDhx1YB7aWHD//pMxXHPJu/7vwh0rusRdRzMQVpaQIXS8TlDazxmwHg4ho3dC5DYMN5wsuCDOrkcL7s/caMU
aJnbYaLnVmXcJ0ntqUdPKEQ56JlaRhMvoKPRbYIBk2W0Il6ZxctEBg2cmgJBnDkDH51stPQmwOyh+2tyvB72ak72swit4jexM3ejFg==
pgN0jYdB+aQFNKtNz6FyLFcspONg5WsBMQtuWyvL4NAOT3mBjHjJ3trEDWZhzSvPnMIoDOgyxRlLVJAEDgRaxKMe0eg/jzd1oxA=
4q4graA5h3YfzJp4Soz9BBM3txRDjJGpyv3DsQyOvv0tV/SylRAahskgqZfn8cwQXPqwGPk4qzZ0YiY+dtrT7MX+B4Ure6MS
hVwgFnYR4hpWTVJMT/x/in39/HqfR7YXm2e4PG6j4S089FFSWkiV6tFhsyP8LnCgWH4dWosYSEg+KAIow/LJxA+DL3mjHA==
6YKY7eiJePot8jRLbHWy61ufs2HLJrYXm2e4PG6j4S089FFSWkiV6tFhsyP8LnCgWH4dW4sYSEg+KAIow/LJxA+DL3mjHA==
r8JhSUkQCbNuVnEroQUE9X39/HqfYrYXm2e4PG6j4S089FFSWkiV6tFhsyP8LnCgWH4dUooYSEg+KAIow/LJxA+DL3mjHA==
8OK6BdXi3J3FSafNG/Hyrnufs2HLJrYXm2e4PG6j4S089FFSWkiV6tFhsyP8LnCgWH4dU4oYSEg+KAIow/LJxA+DL3mjHA==
86hiyPR5sZT9ondahWE96ws4ypmGFucv/TiOF+Q6ueYUV7yon6s/+ucrQ42ywdak6TbhnCXXLVpHZnESC2DNq+Xf9TuINXSjEw==
P5VQJIJbs/L3KxOQIWCVp2JarrTSWb4v/TiOF+Q6ueYUV7yon6s/+ucrQ42ywdak6TbhnCXXLFpHZnESC2DNq+Xf9TuINXSjEw==
NSbZKQFzqiOC5y9L8K0jE38x1VtY2P+syv3DsQyOvv0tV/SylRAahskgqZfn8cwQXPqwGPkzqjZ0YiY+dtrT7MX+B4Ure6MS
Z+dlxnpiOHWFUON2l/brtjRAooEv/j9iUg5uWyvL4NAOT3mBjHjJ3trEDWZhzSvPnMIoDOgyxRpKVJAEDgRaxKMe0eg/jzd1oxA=
nZsaxyKONewPGyI3kaHj3TQppONg5WtvUg5uWyvL4NAOT3mBjHjJ3trEDWZhzSvPnMIoDOgyxRtKVJAEDgRaxKMe0eg/jzd1oxA=
3CADXdK/Ybavo23kbZmDjRY3txRDjPKsyv3DsQyOvv0tV/SylRAahskgqZfn8cwQXPqwGPk2qjZ0YiY+dtrT7MX+B4Ure6MS
MARzwUv2fZcbv2Hc38Y+0A0x1VtY2P+syv3DsQyOvv0tV/SylRAahskgqZfn8cwQXPqwGPk4qjZ0YiY+dtrT7MX+B4Ure6MS
ugJU3TfGSukukVzIr9M//SgyooEv/j9iIA5uWyvL4NAOT3mBjHjJ3trEDWZhzSvPnMIoDOgyxRdKVJAEDgRaxKMe0eg/jzd1oxA=
nFUJMllWZVC9DeZ882oQZz5G9p84CQh7z9HAaIIBk2W0Il6ZxctEBg2cmgJBnDkDH51stPQmwOyh/GlyvB72ak72swit4jexM3ejFg==
ftbXocLfO3mTdQeY/mo/6jYo7ZlaRhMv1tHAaIIBk2W0Il6ZxctEBg2cmgJBnDkDH51stPQmwOyh/WlyvB72ak72swit4jexM3ejFg==
Wu9r4e6j2XkdYN4Ll+g/ukYppONg5WtzIA5uWyvL4NAOT3mBjHjJ3trEDWZhzSvPnMIoDOgyxR9JVJAEDgRaxKMe0eg/jzd1oxA=
ecBStVpAa6PYfxqncLO0rygyooEv/j9iIA5uWyvL4NAOT3mBjHjJ3trEDWZhzSvPnMIoDOgyxR1JVJAEDgRaxKMe0eg/jzd1oxA=
35Ruau64X14KZwOcQ0n9ODdG9p84CQh7z9HAaIIBk2W0Il6ZxctEBg2cmgJBnDkDH51stPQmwOyh/2lyvB72ak72swit4jexM3ejFg==
w+wbEm8Rg6TYjjKzWViiCFkCqp59Cy7Yq4Uzt2DKJu/7vwh0rusRdRzMQVpaQIXS8TlDazxmwHg4ho3fCZDYMN5wsuCDOrkcL7s/caMU
xRW2vcz6QAntx82AskUEhQ2fv5VwFwuHzWkX7ZcVADR6VSPJ3Mb+JV2/1IqFGBqe+QjJb7c5DEiskhCgab0prsTKxkamkpM0tRYnvTtzowo=
1NzlZA/bMKG6I2f+nKeytwiolgc2ceef+XpCS55XC+uglp4zi2OwKE53qelsUPnG2tw9ToGl+/fcOnikSFo1gMnM4OyurIq8YyaBAF+nB22jCA==
j7jIERUjBbd4DKo5I70bVLG2iDEEjMDUdQ8G9+rANrlvSUDwMpnzvQR6nsH1EyQePYSaGnGEWdsvxazsRP6gdBFi6eoMhpay/q5zUJ06V6kDb6MO
mQo1+HyAF6RzMNDa6/hPCDMpIjAXrYGcU1hr1o3RcG5OI8Mv4FJWR1vX2MzuE0Fd/KRxQlpYtboREROTfN4QEJgu/UWJCCiYfpjiWENCaTRPUw9poww=
SBg66jV++KkGa/2G/FcGt7ubprCmrYkicw3trLB/KVzclOaFJ42AvOotg2GsHj5tjYe0YrUAGpbp8OlHR2FMgPwq8MjZJ6kmVLJm7tZKU3xlLkdVC2ujAg==
c8e2bWeQs/rQhKf9J8vYTFUiJXABOiU9CM7sjQcZJ7Wg7qgCfu+bYyAeDovruwBgjr/ZMUwo6c7a1C02oX2LPxxyyHwo4qUGSURwVE70OnQjbnFYf18XZaMA
lTjS1Ho/0DL9l0/5GOkunCd40l6E5Ym7v77mU2Z10IzHyRB4NKiWUf/BwHiicVPV1LLeCSV7BPYtjJoSYWx5s/8N7CSUlgCcgeRpYpxuNtouZjOYTVJ3QRNnowY=
RasJh0wn/+a6EE5P9TNvjn4qhJlo0Q97Di8yVn3XgLRDQkpfgIqA1i67U6dg2sbfu2+oBC5bcaXcvGFKWlClojHpI9u8FmCoeLZtwgmAuAAeIBIQA4pZTG9LH2GjBA==
HD7wv39wPX5KKO1fhajnDX41k5N1zg9kEC5cTXu1z68XU0pfgIqA1i67U6dg2sbfu2+oBC5bcaXcvGFKWlClojHpI9u8FmCoeLZtwwmAuAAeIBIQA4pZTG9LH2GjBA==
KaQcK3T0PZl40RVPjl36kDhv2EOb5ZalvtD9VQQ6y9jWyRB4NKiWUf/BwHiicVPV1LLeCSV7BPYtjJoSYWx5s/8N7CSUlgCcgeVpYpxuNtouZjOYTVJ3QRNnowY=
6h79EMpswFmkDwdD95CLakIoOG8BJTs8ZtXq70gCc7ug7qgCfu+bYyAeDovruwBgjr/ZMUwo6c7a1C02oX2LPxxyyHwo4qUHSURwVE70OnQjbnFYf18XZaMA
qs9NSzxxvLE3jifuk3pPX7GGubC5s4hMaAuP46srMFzclOaFJ42AvOotg2GsHj5tjYe0YrUAGpbp8OlHR2FMgPwq8MjZKakmVLJm7tZKU3xlLkdVC2ujAg==
I1zahBGg+YG7TRhyQy1mCy42Ii8JrO+HVTokzdnCcG5OI8Mv4FJWR1vX2MzuE0Fd/KRxQlpYtboREROTfN4QEJgu/UKICCiYfpjiWENCaTRPUw9poww=
sbcTunV9PXp0SxT0/k8Cwq62ly8F4tvSF0Ado+TANrlvSUDwMpnzvQR6nsH1EyQePYSaGnGEWdsvxazsRP6gdBFk6OoMhpay/q5zUJ06V6kDb6MO
1MpG/eeQ4colQMrVjgszVgi3iAZYauH9tmEWWp5XC+uglp4zi2OwKE53qelsUPnG2tw9ToGl+/fcOnikSFo1hsjM4OyurIq8YyaBAF+nB22jCA==
G/Nb5+HXanKuuLDUpo106RKBvvtrEWnI1j0G7ZcVADR6VSPJ3Mb+JV2/1IqFGBqe+QjJb7c5DEiskhCgabgorsTKxkamkpM0tRYnvTtzowo=
+Uk05PrTVsRwtzgqWls+ww2fv5VwFwuHzWkX7ZcVADR6VSPJ3Mb+JV2/1IqFGBqe+QjJb7c5DEiskhCgab4vrsTKxkamkpM0tRYnvTtzowo=
Y/pV5LE0IZuWZlA4M5OY/gmolgc2ceef+XpCS55XC+uglp4zi2OwKE53qelsUPnG2tw9ToGl+/fcOnikSFo1gM/M4OyurIq8YyaBAF+nB22jCA==
TMswCx06sPa2VoYB61jnabG3iDEEjMDUdQ8G9+rBNrlvSUDwMpnzvQR6nsH1EyQePYSaGnGEWdsvxazsRP6gdBFj7+oMhpay/q5zUJ06V6kDb6MO
1mEJ5TbTrcQ78gK2BSM/aTEpIzAXrYGcU1hr1o3RcG9OI8Mv4FJWR1vX2MzuE0Fd/KRxQlpYtboREROTfN4QEJgu/UCOCCiYfpjiWENCaTRPUw9poww=
05/0MYfZXjLvI4JUfPnIKrKZprGmrYkicw3trLB/KV7cleaFJ42AvOotg2GsHj5tjYe0YrUAGpbp8OlHR2FMgPwq8MjZIq4mVLJm7tZKU3xlLkdVC2ujAg==
CBDnektcYIRBUhj+vwUQolUrJ3AAOiU9CM7sjQcZJ7Wp7KgDfu+bYyAeDovruwBgjr/ZMUwo6c7a1C02oX2LPxxyyHwo4qUKTkRwVE70OnQjbnFYf18XZaMA
rgfcwi+2YS+IzJYxcNJ8+id421yE5Im7v77mU2Z10IzHyRl6NKmWUf/BwHiicVPV1LLeCSV7BPYtjJoSYWx5s/8N7CSUlgCcgehrYpVvNtouZjOYTVJ3QRNnowY=
mnXk3+h0JL8wt/AEBJKwF3oqhJBq0Q57Di8yVn3XgLRDQkpfiYiA1y67U6dg2sbfu2+oBC5bcaXcvGFKWlClojHpI9u8FmCoeLZtzguAsQEeIBIQA4pZTG9LH2GjBA==
NOxPJtCaIhQF22eamkJQdHoqhJF1zw9kEC5cTXu1z68XV0pfiYiA1y67U6dg2sbfu2+oBC5bcaXcvGFKWlClojHpI9u8FmCoeLZtygqAsQEeIBIQA4pZTG9LH2GjBA==
Fd4hnCfpcHv3ielg9A8RnCNnxUOa5ZalvtD9VQQ6y9jS1gd6NKmWUf/BwHiicVPV1LLeCSV7BPYtjJoSYWx5s/8N7CSUlgCcgexqYpVvNtouZjOYTVJ3QRNnowY=
NE5uAcl8D48MYeYyjTVTFiNnxVyE5Im7v77mU2Z10IzH0hhlNKmWUf/BwHiicVPV1LLeCSV7BPYtjJoSYWx5s/8N7CSUlgCcge1qYpVvNtouZjOYTVJ3QRNnowY=
/eWB0dLNYCEuC43wpuLkvXoqhJFq0Q57Di8yVn3XgLRDQk5Al4iA1y67U6dg2sbfu2+oBC5bcaXcvGFKWlClojHpI9u8FmCoeLZtywqAsQEeIBIQA4pZTG9LH2GjBA==
OJSFjmXoM+59JeHmewGCGHoqhJF1zw9kEC5cTXu1z68XV0pfiIiA1y67U6dg2sbfu2+oBC5bcaXcvGFKWlClojHpI9u8FmCoeLZtyQqAsQEeIBIQA4pZTG9LH2GjBA==
KXOOTCKVDYXVf8//ikrj9iNnxUOa5ZalvtD9VQQ6y9jS1gd6NKmWUf/BwHiicVPV1LLeCSV7BPYtjJoSYWx5s/8N7CSUlgCcge9qYpVvNtouZjOYTVJ3QRNnowY=
GT6ma8PxmWFny5ClgwkPLSNnxV6E5Im7v77mU2Z10IzH0hhlNKmWUf/BwHiicVPV1LLeCSV7BPYtjJoSYWx5s/8N7CSUlgCcgehqYpVvNtouZjOYTVJ3QRNnowY=
YSX9K8v0dvEf7AuJq1MJZHoqhJZo0Q57Di8yVn3XgLRDQk5Al4qA1y67U6dg2sbfu2+oBC5bcaXcvGFKWlClojHpI9u8FmCoeLZtzgqAsQEeIBIQA4pZTG9LH2GjBA==
AvWCp/ScTBPfEKKR8TipSGIH8h5njLCcqP3DsQyOvv0tV/SylRAahskgqZfn8cwQXPqwGPkyrjZ9YyY+dtrT7MX+B4Ure6MS
sRjnJudnvWhL2Kssfq42XF43hNd/fGbDcKIeIOwMxQONRh4/EmBGe9PxqHfwkwXZyobQck5A47scuUaoUS22CvUJQVYgtYiu8rt0vxan2fByW7H9xFJVlo1PELGRluEWL7RmZe284FA1R+S64fQqa2WACdXuhAUJVzq8pb+TNEsb1qgxxnMOfe82kl3U1GcqryQrS+e+ybO+qgU8g9uLg9uDpumao/0=
nZk0jdJ49nNsKPmNMVcdcztw2o4+mV8ZQWtiTRbmxa1WEVQFyZbYgnv6DuRW+Kua7GWtSmBBcarcrCRBDhSnqzb+Ksu8FmCoeLZtyQiAsAEeIBIQA4pZTG9LH2GjBA==
ds20p5BMfUPiJ5MXhM5Iqf2Jwhp6yiNgMIfQIhgZ407rhazsiVMzb/Rvttjr0emuWCtkLQINPSyU0R19AabbG/Bjqhp1oYPvkc94137hAXpBxWFRLAWdmpLTfRE5bnTiewW/ko7wLMjYW7OmfCkCiqOBBHJ8q+HyPOSzVVRcS5huiUvcq8VRHNq1By0TJ4+wclcDZzzGgFi4ps15CDAQEV5QckCD2nn8r1v/kaP0
RfNg/nZE3olRK6phFQwWlsDiseKyY289MvK3rqBPJEpzMb6h3GjmOF9rVGMlzJrywqqQ3484KEPK0fNhwLSibGWtbPE8raaW8F4EK1G11FdeJDifmZ7KAwYJG27ZH+SZzXbdfjuEEn3hvOxIQXfw0t0UdkOR0F0tosTJsQPqCM1jM0jjj6YcqUrzguVbxgb1KHQ7wht0//OueAXKanpxFF+7t2vPs1LxlqPx
RXlg/yT+acn/guFaGl7+qz69lrdA+LnjWzfsMA/Pla2Kcs8+GC/MGjvx9pH0CP4IR2tMUz2sssKKatiPZ1iQ07JRS/E4FAq8LW2kgdSNvmboXhxbSZW8pxZk8M8xPrKTvonj/mH/jEkFNhVOE2QKTfm89HhZl9jiFVS+k/kw5b1aRHEhe0qgnatzABPnhgTZUvOaFUPm7oXgtHMSs9QHYxb4fVrSGplEF3v/W+fTSsGOo+k=
wOcRiXgvD4JQTlDE7yUxLiI0eXnVYJSaCo/EA4OTcRqVgWwSKRI+N7r2LcHgnQIQ+ARBa0pfO7REzpxazmMRQLb/VDGt3R7MfFB7XXLNItV4qq6eWpePzUrrwNSmI0fmFD9Y6QVSx2f6pZOGg8Ll/IzBfzxy9N8PLm6D5Ch/j6hDEbwkl43dktZx/cPWXxHewhUUM9zZhb4YyTaEJf7FDCFP8JibdvQC76gBS+lXEctMzYij7w==
tuglpMWhowkcFW1gUCQI5yxiist0gpK3ChEUkpGCxlcSJmUBqK3qcOA0WWtSbyPUrP7UmoazuSBOb+yx1U2mbJQAs506PQr1YNq2nkJnl+1imwiU7vMvRqyvoGm9wr+HUvVbxkvyjRyU8Wc8asTH70ZeS6TgLydIO4EEpG8dZTK+obWDHi85/trlDDPEqZ2eMDl+RO2uLayZ34gYI+YMYkd4SYuhZ/mrVP2Qo/c=
Hs5bFs4lMJd5c74fPkKtEraAyB0q3iZ7KZGDZQIC9FvrhazsiVMzb/Rvttjr0emuWCtkLQINPSyU0R19AabbG/Bjqhp1oYPvkc94137hAXpBxWFRLAWdmpLTfRE5bnTiewW/ko7wLMjYW7OmfCkCiqOBBHJ8q+HyPOSzVVRcS5huiUvcq8VRHNq1By0TJ4+wclcDZzzGgFi4ps15CDAQEV5QckCD2nn8r1v/kaP0
SUf+dxPt/+ttHT+kKgjS0yxil8dykIm+OhEUkpGCxlcSJmUBqK3qcOA0WWtSbyPUrP7UmoazuSBOb+yx1U2mbJQAs506PQr1YNq2nkJnl+1imwiU7vMvRqyvoGm9wr+HUvVbxkvyjRyU8Wc8asTH70ZeS6TgLydIO4EEpG8dZTK+obWDHi85/trlDDPEqZ2eMDl+RO2uLayZ34gYI+YMYkd4SYuhZ/mrVP2Qo/c=
CeZ9qEoPbAt3DZgmsECSSaLR1Xq5JQsipGtQeb7RlfS3cmvlTjIL9kTfoMIf0RLpGBjCAENrSFsBvF66bkr8VwuozBt2EY+55KSmZEmNADl4HULubN6Y0zUFEB+yBBSXnY7uW/pJp7a9j2ARIRZxtn90NkX9vPBwZYe0GnF0mssVQDn1HoQ16Sf6DMVPE6SrSxZ4UdZzHp2/dkI9RFQXyh9k2yvSuLmSjur1nDNbGyMLw3bJiqPt
cNrdlpTRlvpMy3Wdt1CtsEPwCCD5FGl2GmI64d5JqFLtWvIH5g5J4cSF/gD0DEVrTlc3pLjWuHqqm01wereQcWkVUjwg6N89llWeRfQiKh7eHwNd9nOkNAKbm5bYdxwpQZqLVybdd6an2pnsgMl7PHb80x9SdqfEzAdTmA/Z+OTTxRHiCslZI7LHrU5OnZCzWFEJLqRR0uSBRpn8bYc02F8+ODKzUGVrzU/t20DFjKPr
X04YPECAUmnFlfmVFhlF8kL5FTf/FyBkSmwm69sInBzhQPoS5g5J4cSF/gD0DEVrTlc3pLjWuHqqm01wereQcWkVUjwg6N89llWeRfQiKh7eHwNd9nOkNAKbm5bYdxwpQZqLVybdd6an2pnsgMl7PHb80x9SdqfEzAdTmA/Z+OTTxRHiCslZI7LHrU5OnZCzWFEJLqRR0uSBRpn8bYc02F8+ODKzUGVrzU/t20DFjKPr
hC1eOo4+H9c6GjTKtgq0yjT2+FW7pmre2fVRTaACL1wk9Ctiy7Qv0x54dao6uqH0TzuHC7/z4tEGo2E=
vLGC/Yeh3bWPLJBepK1MLIYgOMJxdxrhIlhu8h+NTGC8inBoGUOoRpwT5k6WqlOcJY7H9csLo2I=
L5E+nl8E/L1DrofqNbT05dG70I+EsA6KxURPr7Y22NeMyQs5SvgaglyK2HQIqlWVyNwInW78Kgzj1uHQH5cnfaMY
2enRKLZa33LqEEeJiGoKSBZ8+7TKOrNgzVqOF+Q6ueYUV7yon6s/+ucrQ42ywdak6TbhnCXXJ1lHbXASC2DNq+Xf9TuINXSjEw==
GQjClhHw4BNSPgwAsYjleGjhosBaPCXkgidbpsNLMlAIEWzD3eSwP12/1IqFGBqe+RvGa605DEiskhCgabAprs/LxkamkpM0tRYnvTtzowo=
fVRSQFDUChMqWzRSh1rGN3BNibcvoS83ECZvWyvL4NAOT3mBjHjJ3trEDWZhzSvPnMIoDOgyxR1PVJsFDgRaxKMe0eg/jzd1oxA=
7L2R11Fc/VCFdn3ek5Nd1lG0s2HLJp0Xm2e4PG6j4S089FFSWkiV6tFhsyP8LnCgWH4dUY8YQ0k+KAIow/LJxA+DL3mjHA==
GQVwIICEyhRPvpL0AG+ztSYb/ltY2P+G4f3DsQyOvv0tV/SylRAahskgqZfn8cwQXPqwGPk0rzZ/YyY+dtrT7MX+B4Ure6MS
04u/zWd05NEXw2Rwx8tL0HwZiKov/j9iCyRFWyvL4NAOT3mBjHjJ3trEDWZhzSvPnMIoDOgyxRpPVJsFDgRaxKMe0eg/jzd1oxA=
4v7p9WHh/VZuZcsDQT+vAnUS3bUTCQh7z4XrQqkBk2W0Il6ZxctEBg2cmgJBnDkDH51stPQmwOyh+G9ytx/2ak72swit4jexM3ejFg==
uSDhNzYIJbi+PKqW8UniKWIDx7JaRhMvnYXrQqkBk2W0Il6ZxctEBg2cmgJBnDkDH51stPQmwOyh+G9ytx/2ak72swit4jexM3ejFg==
fCj+8dYxQEZrGfiAGmP6iW0Dj+Ng5WsnCyRFWyvL4NAOT3mBjHjJ3trEDWZhzSvPnMIoDOgyxRpPVJsFDgRaxKMe0eg/jzd1oxA=
c6Zumhiogu2pnKKBmctWXTwctxRDjKuG4f3DsQyOvv0tV/SylRAahskgqZfn8cwQXPqwGPk0rzZ/YyY+dtrT7MX+B4Ure6MS
K5n8QFGOKcmxYFflNTKym1b9/HqfaJ0Xm2e4PG6j4S089FFSWkiV6tFhsyP8LnCgWH4dVo8YQ0k+KAIow/LJxA+DL3mjHA==
19nCHwpS0Gd41Bsu2rtcr+JhMDtVa3pHMJIFRoi/yFgLM7N6a7PX/UapSgRVnrVMUS9mnwtVRELfCDHL+ffBC5wteKMf
r0jIjJn+Nr4u9gOrCkgA0k2ts2HLJoQXm2e4PG6j4S089FFSWkiV6tFhsyP8LnCgWH4dV48YQ0k+KAIow/LJxA+DL3mjHA==
DBIySUjrcyXTyksPDbH7GT0H51tY2P+a+P3DsQyOvv0tV/SylRAahskgqZfn8cwQXPqwGPk1rzZ/YyY+dtrT7MX+B4Ure6MS
ej9lHllxtM9qT7+7wRt5Mm8ClLMv/j9iEDhcWyvL4NAOT3mBjHjJ3trEDWZhzSvPnMIoDOgyxRtPVJsFDgRaxKMe0eg/jzd1oxA=
k4YhQ6uuME4HveY2GP1sWmIBxqkKCQh7z5bwXrABk2W0Il6ZxctEBg2cmgJBnDkDH51stPQmwOyh+W9ytx/2ak72swit4jexM3ejFg==
zpl4cTBl6GR9LpiiC17DSxNX7a5LOS7Yq4Vm8FD8FO/7vwh0rusRdRzMQVpaQIXS8TlDazxmwHg4ho3cD5DTMd5wsuCDOrkcL7s/caMU
+fkDOUeq4XWIIZ7aMJ6SF1PV6tJAITmHzWkXp8JSMAJIVSPJ3Mb+JV2/1IqFGBqe+QjJb7c5DEiskhCgab4vrs/LxkamkpM0tRYnvTtzowo=
NGznl8JkD82KjcYNZjSCtkv23FJxQdGt+XpCS8AdXqyQoKwzi2OwKE53qelsUPnG2tw9ToGl+/fcOnikSFo1gM/M6+2urIq8YyaBAF+nB22jCA==
ge1eM8lYBZI6k+eoPJ7+Qez11ntRy/DiRw8G9+qDaPM6DnDGAJnzvQR6nsH1EyQePYSaGnGEWdsvxazsRP6gdBFi7+oHh5ay/q5zUJ06V6kDb6MO
c4Z/Sr01jvWmxOZvLfgXYmF0YW5d+MasZWpr1o3RLS0QaZZo0GRkR1vX2MzuE0Fd/KRxQlpYtboREROTfN4QEJgu/USPCCOZfpjiWENCaTRPUw9poww=
pXdZqGlFH4parDJuPYCJinN1fGVc69+xZzokzdmQLS0QaZZo0GRkR1vX2MzuE0Fd/KRxQlpYtboREROTfN4QEJgu/UWPCCOZfpjiWENCaTRPUw9poww=
dcXJHJFtlo0RyWbob/5hz+3o3XpC0u3gF0Ado7mDaPM6DnDGAJnzvQR6nsH1EyQePYSaGnGEWdsvxazsRP6gdBFj7+oHh5ay/q5zUJ06V6kDb6MO
jO8F0EENM/HhkjyxblcCEFb93UFoXNP9tmEWGcAdXqyQoKwzi2OwKE53qelsUPnG2tw9ToGl+/fcOnikSFo1gc/M6+2urIq8YyaBAF+nB22jCA==
JW+DdVWoT00ObQO41CvFhEv23FJxQdGt+XpCS8AdXqyQoKwzi2OwKE53qelsUPnG2tw9ToGl+/fcOnikSFo1js/M6+2urIq8YyaBAF+nB22jCA==
xCuUFqtUdjJamJ1yYsfywP711ntRy/DiRw8G9+qDaPM6DnDGAJnzvQR6nsH1EyQePYSaGnGEWdsvxazsRP6gdBFs7+oHh5ay/q5zUJ06V6kDb6MO
RQ1sSnt8iHcwIxHhvCZuuC1mYW5d+MasZWpr1o3RPy0QaZZo0GRkR1vX2MzuE0Fd/KRxQlpYtboREROTfN4QEJgu/UKOCCOZfpjiWENCaTRPUw9poww=
CZRVtSlgcUDCb6gmFJ/emGF1fGVc69+xZzokzdncPy0QaZZo0GRkR1vX2MzuE0Fd/KRxQlpYtboREROTfN4QEJgu/UCOCCOZfpjiWENCaTRPUw9poww=
V7oo0OxvL6s6xhZD6BM1D19mYW5d+MasZWpr1o3RPy0QaZZo0GRkR1vX2MzuE0Fd/KRxQlpYtboREROTfN4QEJgu/UCOCCOZfpjiWENCaTRPUw9poww=
e/YCOQhGavaqr0jV8JqRGfT36fP459xlQzvfrLB/KTCT17jPcsqwitgtg2GsHj5tjYe0YrUAGpbp8OlHR2FMgPwq8MjZI64mX7Nm7tZKU3xlLkdVC2ujAg==
NhYvAZOo7qyqQ+0WxaMglt3J+u7z5s98XjmP46srfzCT17jPcsqwitgtg2GsHj5tjYe0YrUAGpbp8OlHR2FMgPwq8MjZJK4mX7Nm7tZKU3xlLkdVC2ujAg==
g3NoQRxPimi5Vjkkt8fbEdT36fP459xlQzvfrLB/KTCT17jPcsqwitgtg2GsHj5tjYe0YrUAGpbp8OlHR2FMgPwq8MjZJK4mX7Nm7tZKU3xlLkdVC2ujAg==
mKy0UD1iG6RXC8XiXxEWBzJNST9CZG9oT/7avwcZJ7XPgudBIKXOJBAoPIvruwBgjr/ZMUwo6c7a1C02oX2LPxxyyHwo4qUKTkR7VU70OnQjbnFYf18XZaMA
lOC1rrT+l9lY6lYj89OjQ0AfvTLLptfx6vnWZVR10IzHrn8Ue+vIG6qG8E6QcVPV1LLeCSV7BPYtjJoSYWx5s/8N7CSUlgCcgeluYpdvNtouZjOYTVJ3QRNnowY=
uBoUpoUQQUC4SesV6yCpQgBN4/YEnkwlRHp1ZkvlgLRDQi047+bPlXDxBuBQ7PTfu2+oBC5bcaXcvGFKWlClojHpI9u8FmCoeLZtzw6AswEeIBIQA4pZTG9LH2GjBA==
+ZgRJ7A1PGuXCocPSk+ssEUs3YVtDULnKXX3oImS0qdIYl2GsO8QOOMju3pjo78dHnlyRI3uTSz5n+0fg6Qs4me46YsBpxkrtD1woxc=
0q6pY3ka/A+jmCpwEc0D0db4pezy59ZeAQX8yP8xZQqWyrqLJ9G6nMdAmUiSO3B3jYe0YrUAGpbp4+ZDXWFMgPwq8MjZJq8mXrNm7tZKU3xlLkdVC2ujAg==
cdMvSWDUn3sX/6uxJQm+hlzemrFlPFCxpGHxFlUAK3a4D+I2r9YCO1rwqWd5OqHn9dVUrUAUf7pnBJN7wT+hwMbKTaybmzOzEyO+OXKjFQ==
/WQ+orjWyVcFyLhCQm87okIGxgDPsNfYourVdUUWn8KLgk0kd7mXEqqU8HHANAXS2JCQEyV7BPYtjJoSYX92t+UN7CSUlgCcgeRvYpZvNtouZjOYTVJ3QRNnowY=
3A2qZV95ofX/o4ipIE6z5k8FesA/xCnk2s9QS5XjZC4dlJoKUaUYJ0JELHykjmBEMXfv+iG3VsIePvPA/coXmSN/ox4=
7rAaQV6YESkNqhm+QjY/TeREncJnCC4W2XJmTDpdZ5YYbzSzsSwdRUMBFw1GMDLeu/O9iZbFImTMOOGQvIA9eeg5c5rA6qm1kHJePxVlGJhxuF1ErS7trFlfyx5jY0xih/iJi+HnuasUfVCjNw==
ZTYpPlenEOks1Px40IrZyikfg7d6/hliED4MWyvL4NAOT3mBjHjJ3trEDWZhzSvPnMIoDOgyxRpKVJwFDgRaxKMe0eg/jzd1oxA=
+VjGgn3cNoymLmNt/kMUVW3JlUViWtayizUMB8odVLff4q52xXOyGwBtqelsUPnG2tw9XY6h4ffcOnikSFo1gsrM7O2urIq8YyaBAF+nB22jCA==
SHwlbLEZX17t8ZHQEsfU8XGR4NAPYyTCxnJ648JIPRF7VSPJ3Mb+JV2/1IqFGBqe+QjJb7c5DEiskhCgab0vrsjLxkamkpM0tRYnvTtzowo=
PgWKC/2QyI8vyrs4eMG+LlCQs2HLJrkXm2e4PG6j4S089FFSWkiV6tFhsyP8LnCgWH4dV48YREk+KAIow/LJxA+DL3mjHA==
wInhLQ47PRCXBYeoRnNuCTYa2ltY2P+Hxf3DsQyOvv0tV/SylRAahskgqZfn8cwQXPqwGPk2rzZ4YyY+dtrT7MX+B4Ure6MS
YbQueO4BXb1l5oUuiT0mK3wJiY4v/j9iGyVhWyvL4NAOT3mBjHjJ3trEDWZhzSvPnMIoDOgyxRhPVJwFDgRaxKMe0eg/jzd1oxA=
mRSuLQyMh6njkzhllJBLUWoSzbQ3CQh7z4X7Q40Bk2W0Il6ZxctEBg2cmgJBnDkDH51stPQmwOyh+m9ysB/2ak72swit4jexM3ejFg==
5fLBWYSihrvcry9g4Lii/EQs3YVtDULnKXX3oImS0qdIYl2GsO8QOOMju3pjo78dHnlyRI3uTSz5n+oZg6Es4me46YsBpxkrtD1woxc=
I+AlYpLWYGrLVXCTvyFk5Nb4pezy59ZeAQX8yP8xZQqWyrqLJtG6nMdAmUiSO3B3jYe0YrUAGpbp4+ZDXWFMgPwq8MjZIakmW7Nm7tZKU3xlLkdVC2ujAg==
Vo7h0UzNzODIQkSe3ry1qU4FesA/xCnk2s9QS5XjZC4dlJoKUaUYJ0JELHykjmBEMXXo+iO3VsIePvPA/coXmSN/ox4=
r4XNBlGSS+edH0jYuP1l0rPacwjs7XpPmwGVKLvKCwavelNeTY3mh7IkWUwRFbuv8CuauOAHRvhFh2NSctPk1LGHgHMWaVTNVM7yDPxOsEDY3t0yj/gH7r5IQsjD0glkj2NvWaM8
QNUlzaF2hc3FeYs2Bey4o3WBsKSysZJzcMLOA8x9QmCHfFAWGjaZ9+y4mEBVc1rEZMhpEDQw1ZlQSStaODrx1bhiVj8ddTB4qeglBHXeVcwx70eZ6xDjwn9I0cvZN2GLfG1Yoz8=
0iKnZx7l1C8LbHWmdGeGK3WAsKSysZJ8NMTEPZ51T3CtRQMYKDae6eillU5oEBX/ErAfOyct6t1YWiBHBTrx1bhiVj8ddTB4qeglBHXeVcwx70Ke6xDjwn9I0cvZN2GLfG1Yoz8=
RfyZgSE/fIce4DScU+FVlFSmdOxHYiD2vidD1J6Mc+C7LFl3zja/ZLHmSTydZ6bazxePcuMwFevd790bkCV8oxs=
HKoquMLUeTPvoORhGunzlRkg1ohvMgffWlSluprblPNCbBzL4u8HJPoU/2A3tL0HCn5jRI3uTSz5n+oag68r4me46YsBpxkrtD1woxc=
j5EsyaHl073BOMsY+yn/Ynxx+9g0A674Rdp0THR/Po4LNmaj5mAl7/26JW95Reg1pHTbAjv037MOemWDDfoRVP+7F6vvM7IxdqMR
v0tJ2UoLlQxMjPTu2xT7r1CPs2HLJqYXm2e4PG6j4S089FFSWkiV6tFhsyP8LnCgWH4dUYoYSU4+KAIow/LJxA+DL3mjHA==
BTL7dJ3faE93vaMbpbTQrSYaxVtY2P+H2v3DsQyOvv0tV/SylRAahskgqZfn8cwQXPqwGPk0qjZ1ZCY+dtrT7MX+B4Ure6MS
Qez+mK0eQvEMGCld5lfqBnwZiZEv/j9iCyV+WyvL4NAOT3mBjHjJ3trEDWZhzSvPnMIoDOgyxRpKVJECDgRaxKMe0eg/jzd1oxA=
njT01pM2eEIIHssGlJsj7mYS3bQoCQh7z4XrQ5IBk2W0Il6ZxctEBg2cmgJBnDkDH51stPQmwOyh+GpyvRj2ak72swit4jexM3ejFg==
xTHwagGFuRpyskDl9moYzxNT/rVWGy7Yq4Vi40vhNu/7vwh0rusRdRzMQVpaQIXS8TlDazxmwHg4ho3eCpDZNt5wsuCDOrkcL7s/caMU
e3pnJno+JBOf+VAgdETcklPV7sFbPBuHzWkXp8ZBKx9qVSPJ3Mb+JV2/1IqFGBqe+QjJb7c5DEiskhCgabwqrsXMxkamkpM0tRYnvTtzowo=
VwqsjaRJS1SFC92IV2ZMC0v23FZiWsyP+XpCS8AdWr+LvY4zi2OwKE53qelsUPnG2tw9ToGl+/fcOnikSFo1gsrM4equrIq8YyaBAF+nB22jCA==
UvPg6zyRuMU533/nnuYWrMD11ntV2Ov/ZQ8G9+qDaPM+HWvbIpnzvQR6nsH1EyQePYSaGnGEWdsvxazsRP6gdBFi6uoNgJay/q5zUJ06V6kDb6MO
xweA3Tc6972uzXLCsniTlkNYYW5d/NW3eEhr1o3RAS0QaZJ7y3lGR1vX2MzuE0Fd/KRxQlpYtboREROTfN4QEJgu/UWKCCmefpjiWENCaTRPUw9poww=
SZQTp0Zv3W6NQj2VQV9L0O3r1/P459h2WCb9rLB/KSyt17jPdtmrl/otg2GsHj5tjYe0YrUAGpbp8OlHR2FMgPwq8MjZJ6omVbRm7tZKU3xlLkdVC2ujAg==
uRyZwwJUTSb4LSQUhui51Al0VQFCZG9sXOXHnQcZJ7X2ntlBIKXKNws1HovruwBgjr/ZMUwo6c7a1C02oX2LPxxyyHwo4qUGSkRxUk70OnQjbnFYf18XZaMA
j74p/2Z/jl3mpGyHf26OrXMkhC71ptfx7urNeHZ10IzHlUYIRevIG66V61OycVPV1LLeCSV7BPYtjJoSYWx5s/8N7CSUlgCcgeRqYp1oNtouZjOYTVJ3QRNnowY=
MfhWDyQnQWB+nRZeV3yF/CkFhbdm5hhiED4MWyvL4NAOT3mBjHjJ3trEDWZhzSvPnMIoDOgyxRxOVJECDgRaxKMe0eg/jzd1oxA=
AJ9CZW7QUPl6pHGbC4qxS27M359RXK2zzlI6HmqGhq8xgiU5MJDDaEaHhIh32yf6/9s4oo6LHuQhhrl8TUeV3r/337JTkIVrLY8NW6AFbKML
g44FKt2gI6pWOlJ7t22731TS+81YAGnI1j0Hq8RQNgdrVSPJ3Mb+JV2/1IqFGBqe+QjJb7c5DEiskhCgabkqrsTMxkamkpM0tRYnvTtzowo=
zp7Z/2LNPYe/gI9b89C6UxHZ7NBGJBqHzWkXq8RQNgdrVSPJ3Mb+JV2/1IqFGBqe+QjJb7c5DEiskhCgaboqrsTMxkamkpM0tRYnvTtzowo=
0L+W7I9Lk3Qg7qE/cJQC8lTS+81YAGnI1j0aq8RQNgdrVSPJ3Mb+JV2/1IqFGBqe+QjJb7c5DEiskhCgabsqrsTMxkamkpM0tRYnvTtzowo=
wvb/fKPX7NfiT1nIM+18f2PZ7NBGJBqHzWkXq8RQNgdrVSPJ3Mb+JV2/1IqFGBqe+QjJb7c5DEiskhCgabsqrsTMxkamkpM0tRYnvTtzowo=
mcwPlb0w8GLUdhNF0Ho86nrG0FRzR9SO+XpCS/ARWK6WpY8zi2OwKE53qelsUPnG2tw9ToGl+/fcOnikSFo1gsrM4OqurIq8YyaBAF+nB22jCA==
lf7D+sjl9HcueM0O8hgjKvDE5ndXyfbnZA8G9+qyWP88DHbDI5nzvQR6nsH1EyQePYSaGnGEWdsvxazsRP6gdBFh6uoMgJay/q5zUJ06V6kDb6MO
2fwjZpTgnjvWAypyQ1jZ0XJoUF5R/sSqYElr1o3RMRwgZZBq1mFHR1vX2MzuE0Fd/KRxQlpYtboREROTfN4QEJgu/UeKCCiefpjiWENCaTRPUw9poww=
OE3dBMOd6S1euHEdgMcHI+fa58LI69pnRT78rLB/KR2d5ojDdMi2j/stg2GsHj5tjYe0YrUAGpbp8OlHR2FMgPwq8MjZJaomVLRm7tZKU3xlLkdVC2ujAg==
pEVi7WuAMolZVU0Rhk9Uzkl+ZDFzVGNuTfjfnAcZJ7X8r+lwEKnIJhYtH4vruwBgjr/ZMUwo6c7a1C02oX2LPxxyyHwo4qUMSURwUk70OnQjbnFYf18XZaMA
8ganBuUvKoHK6J1Axrqg9yJkjh/Fl+f97PvQYHd10IzH1Uw5ddr4F6yE9kuzcVPV1LLeCSV7BPYtjJoSYWx5s/8N7CSUlgCcge9pYpxoNtouZjOYTVJ3QRNnowY=
g5lWlWS2oCH3Mwhut4kuKonq+jKtpA9skoZzbWdCDwz3J2EPWCRu+js8w7jA4QS1P0G4rQUAGMXgns1SCkdaMFNCXVg7fwf6fb/cQ1LejXGcx9+boIKJhXyp3yQnS/wcPuLsRNQ2gHxBymhCXIi2em4GM3iN8vchU0ejJg==
SEg6zu6wf0EKJ9VFSGw3iInq+jKtpA9skoZzbWdCDwz3J2EPWCRu+js8w7jA4QS1P0G4rQUAGMXgns1SCkdaMFNCXVg7fwf6fb/cQ1LejXGcx9+boIKJhXyt1jMgS/wcPuLsRNQ2gHxBxW9CVYm2em4GM3iN8vchU0ejJg==
DeIdto/uV//jPkAOfoJDpxAiW6TdgKOGIK9KZleW2gtyENF3cTqp9w21fJ0Y1Adqz6QLC0W7KXJYKiV8I9vrw/sDhil6ox0=
QM0xmFENr08fl9rIemx5/ixd0/YvqycnGyVBWyHv3vBAVXmBjHjJ3trEDXVuyTHPnMIoDOgyxRpLVJgDDgRaxKMe0eg/jzd1oxA=
Np/MwEG8HlXSbPVkFKd29jHr1sRgYbHFXBwhqlqw5ROwhe7qvPYgCPjWre8IoPDnnoDScAOqGazv698Bo2Q=
eFglk3sDsP2wir6+K+L7JInq+jKtpA9skoZzbWdCDwz3J2EPWCRu+js8w7jA4QS1P0G4rQUAGMXgns1SCkdaMFNCXVg7fwf6fb/cQ1LejXGcx9+boIKJhXyp3yQnS/wcPuLsRNQ2gHxBym9CVIm2em4GM3iN8vchU0ejJg==
zq/V9jlZUCbQw54DVo7SobaQqloKJp+IiWN835W0zWvnQICmnoBHRk1KrozIWyQ53ug2Hmdu1cL9tBNS01RnI3b63Rn0mrmEt3tfmwdTqgFuowk=
7eXMuB/hvtzlUWWDRiLLmztw2o4+mV8ZQWtiTRbmxa1WEVQFyZbYgnv6DuRW+Kua7GWtSmBBcarcrCRBDhSnqzb+Ksu8FmCoeLZtwg6AswceIBIQA4pZTG9LH2GjBA==
6cfmwXUaZzTSXGZtiJWy8/2Jwhp6yiNgMIfQIhgZ407rhazsiVMzb/Rvttjr0emuWCtkLQINPSyU0R19AabbG/Bjqhp1oYPvkc94137hAXpBxWFRLAWdmpLTfRE5bnTiewW/ko7wLMjYW7OmfCkCiqOBBHJ8q+HyPOSzVVRcS5huiUvcq8VRHNq1By0TJ4+wclcDZzzGgFi4ps1yDjATF15QckCD2nn8r1v/kaP0
B32y55GjrgOmcv195p1bqsDiseKyY289MvK3rqBPJEpzMb6h3GjmOF9rVGMlzJrywqqQ3484KEPK0fNhwLSibGWtbPE8raaW8F4EK1G11FdeJDifmZ7KAwYJG27ZH+SZzXbdfjuEEn3hvOxIQXfw0t0UdkOR0F0tosTJsQPqCM1jM0jjj6YcqUrzguVbxgb1KHQ7wht0//OlfgXJbHpxFF+7t2vPs1LxlqPx
j9GWnR0trxY3RqN3CF8aLj69lrdA+LnjWzfsMA/Pla2Kcs8+GC/MGjvx9pH0CP4IR2tMUz2sssKKatiPZ1iQ07JRS/E4FAq8LW2kgdSNvmboXhxbSZW8pxZk8M8xPrKTvonj/mH/jEkFNhVOE2QKTfm89HhZl9jiFVS+k/kw5b1aRHEhe0qgnatzABPnhgTZUvOaFUPm7oXgtHMSs9QHYx3+fVnUGplEF3v/W+fTSsGOo+k=
zRv60WfgOYjq3hoQedc8dCI0eXnVYJSaCo/EA4OTcRqVgWwSKRI+N7r2LcHgnQIQ+ARBa0pfO7REzpxazmMRQLb/VDGt3R7MfFB7XXLNItV4qq6eWpePzUrrwNSmI0fmFD9Y6QVSx2f6pZOGg8Ll/IzBfzxy9N8PLm6D5Ch/j6hDEbwkl43dktZx/cPWXxHewhUUM9zZhb4YyTaEJf7FDCFP+56bdfIC76gBS+lXEctMzYij7w==
wgCy7ZDlvkgm1q1lryd2gSxiist0gpK3ChEUkpGCxlcSJmUBqK3qcOA0WWtSbyPUrP7UmoazuSBOb+yx1U2mbJQAs506PQr1YNq2nkJnl+1imwiU7vMvRqyvoGm9wr+HUvVbxkvyjRyU8Wc8asTH70ZeS6TgLydIO4EEpG8dZTK+obWDHi85/trlDDPEqZ2eMDl+RO2uLayZ34MeI+UKYkd4SYuhZ/mrVP2Qo/c=
JlGsmoEHfmDUGd157YWiy7aAyB0q3iZ7KZGDZQIC9FvrhazsiVMzb/Rvttjr0emuWCtkLQINPSyU0R19AabbG/Bjqhp1oYPvkc94137hAXpBxWFRLAWdmpLTfRE5bnTiewW/ko7wLMjYW7OmfCkCiqOBBHJ8q+HyPOSzVVRcS5huiUvcq8VRHNq1By0TJ4+wclcDZzzGgFi4ps1yDjATF15QckCD2nn8r1v/kaP0
umT6jMnmFl+0/qO6UaX0mCxil8dykIm+OhEUkpGCxlcSJmUBqK3qcOA0WWtSbyPUrP7UmoazuSBOb+yx1U2mbJQAs506PQr1YNq2nkJnl+1imwiU7vMvRqyvoGm9wr+HUvVbxkvyjRyU8Wc8asTH70ZeS6TgLydIO4EEpG8dZTK+obWDHi85/trlDDPEqZ2eMDl+RO2uLayZ34MeI+UKYkd4SYuhZ/mrVP2Qo/c=
UA3p8f8LwjsI7R0q3UkS3qLR1Xq5JQsipGtQeb7RlfS3cmvlTjIL9kTfoMIf0RLpGBjCAENrSFsBvF66bkr8VwuozBt2EY+55KSmZEmNADl4HULubN6Y0zUFEB+yBBSXnY7uW/pJp7a9j2ARIRZxtn90NkX9vPBwZYe0GnF0mssVQDn1HoQ16Sf6DMVPE6SrSxZ4UdZzHp2/dkI9RFQXyh9k2yvZvrmRiOr1nDNbGyMLw3bJiqPt
OlPB8b6hRCxghZ9cZa9Lg0PwCCD5FGl2GmI64d5JqFLtWvIH5g5J4cSF/gD0DEVrTlc3pLjWuHqqm01wereQcWkVUjwg6N89llWeRfQiKh7eHwNd9nOkNAKbm5bYdxwpQZqLVybdd6an2pnsgMl7PHb80x9SdqfEzAdTmA/Z+OTTxRHiCslZI7LHrU5OnZCzWFEJLqRR0uSBRpn8bYc/3l89PjKzUGVrzU/t20DFjKPr
sZuHZLDLJOkaTh/nJuv9x0L5FTf/FyBkSmwm69sInBzhQPoS5g5J4cSF/gD0DEVrTlc3pLjWuHqqm01wereQcWkVUjwg6N89llWeRfQiKh7eHwNd9nOkNAKbm5bYdxwpQZqLVybdd6an2pnsgMl7PHb80x9SdqfEzAdTmA/Z+OTTxRHiCslZI7LHrU5OnZCzWFEJLqRR0uSBRpn8bYc/3l89PjKzUGVrzU/t20DFjKPr
hWojNlKPh6GIhdAcakitTjT2+FW7pmre2fVRTaACL1wk9Ctiy7Qv0xV+dak8uqH0TzuHC7/z4tEGo2E=
6HkgBx3S/Sagv4yL/Oo1B4YgOMJxdxrhIlhu8h+NTGC8inBoGUiuRp8V5k6WqlOcJY7H9csLo2I=
pJ4q6lDqwgCUgZr+PEZPatG70I+EsA6KxURPr7Y22NeMyQs5SvgaglyK2HQIqlWeztwLm278Kgzj1uHQH5cnfaMY
yeWBWKTgEqSnPAt5EU6Txztw2o4+mV8ZQWtiTRbmxa1WEVQFyZbYgnv6DuRW+Kua7GWtSmBBcarcrCRBDhSnqzb+Ksu8FmCoeLZtww6AtAceIBIQA4pZTG9LH2GjBA==
ObWu7JpX6pEz7Wc6gxXicf2Jwhp6yiNgMIfQIhgZ407rhazsiVMzb/Rvttjr0emuWCtkLQINPSyU0R19AabbG/Bjqhp1oYPvkc94137hAXpBxWFRLAWdmpLTfRE5bnTiewW/ko7wLMjYW7OmfCkCiqOBBHJ8q+HyPOSzVVRcS5huiUvcq8VRHNq1By0TJ4+wclcDZzzGgFi4ps1zDjAUF15QckCD2nn8r1v/kaP0
5ObVUC8v9ZefT3AcWM5E/cDiseKyY289MvK3rqBPJEpzMb6h3GjmOF9rVGMlzJrywqqQ3484KEPK0fNhwLSibGWtbPE8raaW8F4EK1G11FdeJDifmZ7KAwYJG27ZH+SZzXbdfjuEEn3hvOxIQXfw0t0UdkOR0F0tosTJsQPqCM1jM0jjj6YcqUrzguVbxgb1KHQ7wht0//OkfgXObHpxFF+7t2vPs1LxlqPx
H0qWTWiWpg1P6sZLBPDVKj69lrdA+LnjWzfsMA/Pla2Kcs8+GC/MGjvx9pH0CP4IR2tMUz2sssKKatiPZ1iQ07JRS/E4FAq8LW2kgdSNvmboXhxbSZW8pxZk8M8xPrKTvonj/mH/jEkFNhVOE2QKTfm89HhZl9jiFVS+k/kw5b1aRHEhe0qgnatzABPnhgTZUvOaFUPm7oXgtHMSs9QHYxz+fV7UGplEF3v/W+fTSsGOo+k=
Q1ovqF8vzqNDwchleFrgzyI0eXnVYJSaCo/EA4OTcRqVgWwSKRI+N7r2LcHgnQIQ+ARBa0pfO7REzpxazmMRQLb/VDGt3R7MfFB7XXLNItV4qq6eWpePzUrrwNSmI0fmFD9Y6QVSx2f6pZOGg8Ll/IzBfzxy9N8PLm6D5Ch/j6hDEbwkl43dktZx/cPWXxHewhUUM9zZhb4YyTaEJf7FDCFP+p6bcvIC76gBS+lXEctMzYij7w==
wJbTWc9jaHpe+wDNsJ/dtCxiist0gpK3ChEUkpGCxlcSJmUBqK3qcOA0WWtSbyPUrP7UmoazuSBOb+yx1U2mbJQAs506PQr1YNq2nkJnl+1imwiU7vMvRqyvoGm9wr+HUvVbxkvyjRyU8Wc8asTH70ZeS6TgLydIO4EEpG8dZTK+obWDHi85/trlDDPEqZ2eMDl+RO2uLayZ34IeI+IKYkd4SYuhZ/mrVP2Qo/c=
Gf2htZVYb5Td0leSO6rSwLaAyB0q3iZ7KZGDZQIC9FvrhazsiVMzb/Rvttjr0emuWCtkLQINPSyU0R19AabbG/Bjqhp1oYPvkc94137hAXpBxWFRLAWdmpLTfRE5bnTiewW/ko7wLMjYW7OmfCkCiqOBBHJ8q+HyPOSzVVRcS5huiUvcq8VRHNq1By0TJ4+wclcDZzzGgFi4ps1zDjAUF15QckCD2nn8r1v/kaP0
foPbyYXfbr/tCetN1ky/iCxil8dykIm+OhEUkpGCxlcSJmUBqK3qcOA0WWtSbyPUrP7UmoazuSBOb+yx1U2mbJQAs506PQr1YNq2nkJnl+1imwiU7vMvRqyvoGm9wr+HUvVbxkvyjRyU8Wc8asTH70ZeS6TgLydIO4EEpG8dZTK+obWDHi85/trlDDPEqZ2eMDl+RO2uLayZ34IeI+IKYkd4SYuhZ/mrVP2Qo/c=
pXH5pC22OnDq07G1WvonlKLR1Xq5JQsipGtQeb7RlfS3cmvlTjIL9kTfoMIf0RLpGBjCAENrSFsBvF66bkr8VwuozBt2EY+55KSmZEmNADl4HULubN6Y0zUFEB+yBBSXnY7uW/pJp7a9j2ARIRZxtn90NkX9vPBwZYe0GnF0mssVQDn1HoQ16Sf6DMVPE6SrSxZ4UdZzHp2/dkI9RFQXyh9k2yvYvrmWiOr1nDNbGyMLw3bJiqPt
s2ynltmmQARYn5aSnZHvkEPwCCD5FGl2GmI64d5JqFLtWvIH5g5J4cSF/gD0DEVrTlc3pLjWuHqqm01wereQcWkVUjwg6N89llWeRfQiKh7eHwNd9nOkNAKbm5bYdxwpQZqLVybdd6an2pnsgMl7PHb80x9SdqfEzAdTmA/Z+OTTxRHiCslZI7LHrU5OnZCzWFEJLqRR0uSBRpn8bYc+3l86PjKzUGVrzU/t20DFjKPr
4KvjqhtpkqvKQ5+l9f4LfkL5FTf/FyBkSmwm69sInBzhQPoS5g5J4cSF/gD0DEVrTlc3pLjWuHqqm01wereQcWkVUjwg6N89llWeRfQiKh7eHwNd9nOkNAKbm5bYdxwpQZqLVybdd6an2pnsgMl7PHb80x9SdqfEzAdTmA/Z+OTTxRHiCslZI7LHrU5OnZCzWFEJLqRR0uSBRpn8bYc+3l86PjKzUGVrzU/t20DFjKPr
TqoYevyHywk68EeO2dO8DTT2+FW7pmre2fVRTaACL1wk9Ctiy7Qv0xR+da48uqH0TzuHC7/z4tEGo2E=
62lPgTx9bbHt6v3J462GNYYgOMJxdxrhIlhu8h+NTGC8inBoGUmuRpgV5k6WqlOcJY7H9csLo2I=
8rUzl31zock9fgOrq8TCftG70I+EsA6KxURPr7Y22NeMyQs5SvgaglyK2HQIqlWfztwMm278Kgzj1uHQH5cnfaMY
