ZMXpUVXSio9z9atzW3Y3+aLnnRC7pUhMtj9KDiNveeyE29NIa7HU2vJj9dImtVV2pEhuQvDCE+XLlvF5d8BDI+LQDF6LOceubsxUdCjny5p8FXo2Uz18TpyXmc7MWMvplGAzpJ41M2BLeSkgKol/kZOb94yCa3vb3Hr45EiatULIjG6srmkJfG7lAVdL4Iens8w=
q+cWrBBk1trDzS5BcjQ7Vy4kSKPZCzleeHQrYRzH0C85HhqaAHix1QxLLNrFx5CAYpPx8NA9e/URV9ns0KxT/4PkPmL4lsBxfwD8i8akq9vY5OzZ1QwErh/T9B4vloYzN2pbF0UCAl+LS9PFi946zZ8xbPR0ZsAsIbhoMjLe9i/Ntr7LLTUj9rO9s9I=
TakW0m6/Npjuse4C1SkPUg8+z0f//CWX4mIoX4JsDVbNX+4W0Kz0IE5PxFWVpdjwnKUvBwRl4zlQi6/hLxDhhra25FV4fq8G2Cyh+cTvrGY49uLMiheRrMgpK5mZs5mQ6FjjcysgHn6gQlDdNyT8t74QWxew4AwFTZjUQhe3NOKX4rY/Hy77i51WEnND71N5c+pKgXe1DKhscpBAqVwoTgoqRqNlcp7XdeGzWvuZs+4=
C8HoiJ2SsS7LP7QCCNCNTRlDAzpYTePEGIz0wEs6O+2YciSMc35IFQWUBFlRem43iF8I6dXyt6cKheMGU+L1vBwhTzxCFE9PPk5TZFhff2gzsWwkx+1tUuYRTUMGPwEeUrVkMyx5Ff4IKWYElR71TJGvJ5jL0AVCmovxxrp3Fh/brbKz2w==
MTYGOjFoyYb/IPnApTiQlDRIvnNzzpY0jsj1tsvlvWRFYP/4FIkMAZ8Cd73kGrAM55+1xcmsUDklYmIHlLf8KWFaK9eGHVemhxo5bCAJWzxWPHOf8raHxOzH8xivGdjkMwVxYuoJOSNSB83Orl3ws7gRaa5EEbLkYQb5fI3HU9h/eJmyFhNFZu4PWk/nhaazzw==
aiHx4eUK+8/RXHvxDfprJzRIvnNzzpY0jsj1tsvlvWRFcff2EoYNU58Cd73kGrAM5561xcmsUDklYmIHlLf8KWFaK9eGHVemhxo5bCAJWzxWPHOf8raHxOzH8xivGdjkMwVxYuoJOSNSB83Orl3ws7gRaa5EEbLkYQb5fI3HU9h/eJmyFhNFZu4PWk/nhaazzw==
ORYjCNgwG8pEn3TlnAwgmyta/K3b0lG+SXyymLww1JClmqGBomEnEvCdHNeaTAxCd9W2wUvdtVEpYisykPARnVxjLPKXijEI8jux2MA1W71B/1lEgORz95PMfspoHmA5Lyj8o5bsC1NITKzxxQQk5k97dLZ/3qY7J0Ibv9WKohfbY9Pt25aaRQ+ZLNxkbuBkcRDommKW1ifdnv5jvb2DvuOVs/o=
iLLAnApCtXIIyBKRIBoBroQXr6dcEbwPQGgoEmY76qbyCiX1US7LJpiMIVmEz6xGflZhbMo3kYyIias52ZOZsKj4Y9NrAB5e4OLQfXcE/Jf+sNu38MAMJQ04VOJXlzTC10I2n18O+6vd9pLTA89TWTNKyiE3lQyILNIQ4Ol8KG5KisYDJVKe9zVBM/q7ubPO
fZW4aVK0guJcWE+euSyYs0D2ckqHoTgTfzonWq1Vt0RcZOdxYStPdc2U47S+q1eos0OVBmWVBs76TK1PV21bKNqpz8YwT9ZjFgkLTinflDk99k3e68RCndG83KgRNyByTZSG4+EQrQ2yxNnRMyq4rdOz2INfZkyJuvPyxYuGVhW49IsiqzTPE7l4FewbOoS3LzYky4hnhZGss8U=
0aS1Up+b2j1j/zPhYOv6/dio5eiMG7+TRO2cKygEGMaB7eSw/w31AYmSq0IwINHNPFMswvDa8dhSSzEoYGUbbaHPWXRgNDOnMzz+usjOoGlPGPyT9rzLg+g8LAFlVGQ2r0t0hp8O5muHspvPdVpiR7tT0927xlqVr+msLMQ+oLSRIOiqgkaWd31ufhMdbUPug6Wzyg==
YvVjCxbp1OYvlJia8+SqQ22sutRh/cfzubmb9OqyBuE0r/Xzc+rjDXBiLIx7YSF1XcQ8mYmKltcg74BpXYLfB7I1O8arMi2cNDFHPEoEZ2/mnqukgO/HyFvB5KRPXcWyHuGVgz5vWX46pWwzJGn9HtD5XkTNbo0sOR+vGEMg7eIiO6mGwidOP/O9urPT
aNY8Wp35nQ++Cdn+F+Wp5PqWmuTT9nc4SayIWMa06n7o5AFhlMesXk9/ARSaf1FUeGELgUkbGSgYUIMru8heBpCK8EVnDPyPzpi7z6CIzP390PRaxx+0Wmfq1mePxrvzrZ6y6xPHU0EDYqpZZ93MUNw6sFh59Kj2+iIm+/Wa3q9FKRPCq7Gz1g==
MlJREvVZKu8Lvgz9+6GnpUIuCvanOlqt9b+6lnNlfjjNZNuSqT2W4yIXRGXHbpjL+sbcqyQWFXm5XQnorEd2epW2VJXMv30g+1QsepkjuDHsJP2xKQbG2cEeHF/zI8VN+TJMPgvZh85u7BTUqEeLunw1OpbTnTxunPfZLkw4iwmUAPNEHlXzgEtZ6YCqKb+xk7s3LALLu/vcmjiEyHp1IshsLswuiUkcbsVB98tAx4ez7A==
cXntOvjv739Ij2eWKgycLoQNo6peUPVHX39xHypktvTwE2T1US7LJpiMIVmEz6xGeVdhbMo3kYyIias52ZOZsKj4Y9NrAB5e4OLQfXcE/Jf+sNu38MAMJQ04VOJXlzTC10I2n18O+6vd9pLTA89TWTNKyiE3lQyILNIQ4Ol8KG5KisYDJVKe9zVBM/q7ubPO
sjBGqdYrbzyfNho/FRBTmTm4i55Y76/EOH3sMQ3M6KPDM8ghG1OYRzSrqNC+RK0LC2VEGi6uk5fLbdScMAGHwb1dRYF8XE6SBG/Nlt31zh6STEUdHozjuAJpt/YoL56Tvonj/mH/jEkFNhVOE2QKTfm89HhZl9jiFVS+k/kw5b1aRHEhe0qgnatzABPnhgTZUvOaFUPm7oXgtHMSs9QHYxH4fVzTGpxHF3b8W/DHTcGEs+0=
WUCguUiMEihucQbUxQeDno6Kt8AaZIyyOGEmb38Pxlr8CmQBGR0kYCGI87vPHZLkAI4KH+NKs01AgjyMaw8QtI1krBk5amYXcI+waa2ij0cClctGO1J9XMQRVzxaJJevtv47JHBPd4gL4RSkfz2Vcu4BJQOuz4m+CsV8MzSJzV6AWc7EfQ79bOn/nxgzAD0ikpvZBlLHnn+Dnaqzww==
rZbJbUFlNvzJ6oDxB+5lPNAgLNba4psgNgy4QgwZGm9Dd/KqyGJI4TV1cLD10K97E0XGNNQmZr8P4sf9tDpADJe3ZAR5zMC51cIyR6RX7ClxetsX1n3nJhe6SSzw6Ws8Ztyj34IWF0Rcp6PYXznI5CPlQSK6qcmjwmd9Dn59gLNIMTnu9PEiZBGmKby9p0PYb1jp8sbz9eZ+r6qPt+WWs/8=
RHAldUrWsKRAkDrc7Q0QwthPvb9ERXgCqL2CNcaLm5vvwPF3JkfowXmu6+0kYkI+y+Dzs4grnB8X5EyqWVOYIew00cHo1qZpQW68j7MTJV35IiwOy4knPu5c9ITot6uqfCUaZpPN3N4cB3l+jAjrGZQQE3RehVPwy+mJUGpZn6GTqxdcwhvbS1zqmFSISpUyyHxO/O7Z6ezudaGni7Dnl7P8
fxwmjrszIn3lVkW73i/3bbBpPwxM8TD2iTAkGLJKBh0Yb0Fz+KLCdlrxJ2GamJ/0TVtxYSwcvvK07102DbX+/oJMVXMuTLMYkukHFljvTvOOiZPesb886XW2hS7DpHpt6bzkWClXCIKF1M4zSXA1nSpEQUGritB9G/OQs7dGNLlC84r1c6Y+JXA0w3JDlFeDIfiNfIPaLOfn9my7oIe94ZSz/Q==
65fJAOC0Wr5usbYLpPmYcYQXr6dcEbwHQn46Rmsy9PTyDGyhH3u5JpiMIVmEz6xGdFRgbMo3kYyIias52ZOZsKj4Y9NrAB5e4OLQfXcE/Jf+sNu38MAMJQ04VOJXlzTC10I2n18O+6vd9pLTA89TWTNKyiE3lQyILNIQ4Ol8KG5KisYDJVKe9zVBM/q7ubPO
yx7+1SC57nD6UTDILlx2KsVELeXart3r4dzSwZzU31y4iluvwsdBPinFuiZuzDki7bOXEI7J+948f8oLIsn/5rWvGKHJVhmmpxS+tcW8yIDt52wKGTRye21gMaVGBO25Lxq0tefTjLuTtvDhLnNmLTfWGi1sFL86pwTT+404YUSHyggvW5bwM0Q3+bm4s9E=
HbvEEvtG8fUrYBVoiDTfHTEUTWSYgG7zm4N99u01Xr7iTLW5icPTWLLp59Y4b+4zbomzntE/nClVtuVuYySarcm8xJjJ16jC5dTu8+nwVd0KRKGBCwqwvfvzsPPXxpR5ovPqtdMm3uVQNKMyoxT3w0H4rbxjWoynx/aMewAH3aG0s90=
aqg5hb+NxXae6AaNpHV/YYTc5wQC5x1we4QMCtmzWAHsFBomZ3bmCUFOfG8zs2U9+cLsrkvpZx7uvDQkaNfrinwFWgYTbRw+HCc5HgyoK/mUcFPU3mWT0MuJyfDquV+Bk4vXvEK7mytcyli0COrVUsicjlxuuanM7pVhBwvQp7ez3A==
DbPgk9dSCrE9cZYHQkrfWDMUTXWalmrzm4N99u01Xr7iTLW/icPTWLLp59Y4b+4zbomzntE/nClVtuVuYySarcm8xJjJ16jC5dTu8+nwVd0KRKGBCwqwvfvzsPPXxpR5ovPqtdMm3uVQNKMyoxT3w0H4rbxjWoynx/aMewAH3aG0s90=
d3YvellaDhQbMhd6t9IbfoTc4RIe+h1we4QMCtmzWAHsFBwmZ3bmCUFOfG8zs2U9+cLsrkvpZx7uvDQkaNfrinwFWgYTbRw+HCc5HgyoK/mUcFPU3mWT0MuJyfDquV+Bk4vXvEK7mytcyli0COrVUsicjlxuuanM7pVhBwvQp7ez3A==
VGnYa35aknXfG/ewC5mQ/4Tc4AQM/x1we4QMCtmzWAHsFB8mZ3bmCUFOfG8zs2U9+cLsrkvpZx7uvDQkaNfrinwFWgYTbRw+HCc5HgyoK/mUcFPU3mWT0MuJyfDquV+Bk4vXvEK7mytcyli0COrVUsicjlxuuanM7pVhBwvQp7ez3A==
16tgDSCWqkDj3O+qVzZzPceprOGRFLiWSaTSJzYUTJST4OTjrEinRsbA+0IwINHNPFMswv3Z/thSSzEoYGUbbaHPWXRgNDOnMzz+usjOoGlPGPyT9rzLg+g8LAFlVGQ2r0t0hp8O5muHspvPdVpiR7tT0927xlqVr+msLMQ+oLSRIuiqgkaWd31ufhMdbUPug6Wzyg==
z1P2Kq0JJY3svng300PZdY7A1DNbfBnRn0hwotGp7cPIEnVb+8JnivCufzFDDaSDmVixV7DqOJZ4XGEppN+sdhkErpxqpxE8aFnrSfmDmYDIqKMjy5Ce7gAykA1XFPynnuAbR1BQjJXt6BSSd4c08rcS9m//nnsbPSbSoyPfU2lTGgrRlwWMOMwCUJDJbiheKtoG84XCHkfVkXOKm6mz/g==
uWdd7khFcn7SLoyDkkTBTFkvZxYNetC5/cR4KEYNwvCpm9NBSHmgab7e48mkpkEjIBBGGEll6LvhSCtujzgVV4vLHOBEgUoAKlJmsJsnQgsRrNFuNxv/Vpd5ws4QDNOfQwQ+Arh2QNE/IPyrhgQrO5iE7DkVbIQO3/P0Pu82BlP3ilt3BeKC/8tr0+XLfrot31FsFLQGQIzhmmgS8n52Tw1Wvqtt1aNW852z8g==
uWdd7khFcn7SLoyDkkTBTFkvZxYNetC5/cR4KEYNwvCpm9NBSHmgab7e48mkpkEjIBBGGEll6LvhSCtujzgVV4vLHOBEgUoAKlJmsJsnQgsRrNFuNxv/Vpd5ws4QDNOfQwQ+Arh2QNE/IPyrhgQrO5iE7DkVbIQO3/P0Pu82BlP3ilt3BeKC/8tr0+XLfrot31FsFLQGQIzhmmgS8n52Tw1Wvqtt1aNW852z8g==
FiuoLdHLYncRbZCIPhghdKwXEI3W6EilNIoE0EG9X1Fi2MA2DV2436EiYMcqaMSa+UhumdDoq4OHvLQu9vba68TlUTZ29/+MOO/S1s2ZCTQO8MZjKaA1JNd5hkNTY8D9JPYalDmn4k6R6lk9RaNbzuNnD0KPVQJqmJCDazsIXsYQyvCF50z8z05Yu48gSMw9fZD0mkdftBrnKtYnDwa7My3esiuTh1MBg6KqGecdzJBcerCY+biotnriJrt1Wt5vxWkTAivxs5Y=
meQe1AkdgSRUdVqbhNHWd6Oe4TzeHEeTmQ89ikLT0m4uQlOzOvHbgfAXghzB9DkHKJjk9+MsEIj1PBl34Qpmii176GGtiCmEG/LYGpyFmdxifxeOTj6hD6RR12D5wnzXxQXvkYja5MHuSG6aL25bc5ICNYfrVSonfmONLQ6r/RXQksE+wX8sCSU2NQ7z5OoNGbwUOLkXOKI1VJ7TWbBFfXpEEeEbysBdy3Ng00cGpBly87pV42ZOxQC0k1JTVOcj/fhdHHOaPIc3dtybkEctAeSzjQ==
pvfptbHQGB8SiiEi/scjkljgju6s4p55vp6x+9NUOHPzkreejd5amokim81bnQkBgP/35n+as2A+Eu4dYZq0i6M3zWm5lsSqWw2vyk4ovEA4k8OefBFyQkMJlKq88/H6HKwDrdQk+1BOgVsE653BlLr99xUTH3/4Et+TP3wekFCYbn0KiMimWH5dYRhOAeljW5SPo7PI
4cGJv36XUbmpHjGJDvtRBWciLFTLJDTFZHu52tCf+wlJXWsA0c3jXQID4FvSfCbZgV+0WXsKA/giaZe2iK8+056Jg76Bf+yJ5TZ1jrPkqo3ZvNS4+Rd4InVUXlOZsAX9OkRRYdvKAN2LcyBTBwZkmbLz+tWjZo5FwLRT0hNUp6M9+J2cs5p8B3d2HBtQR+2BpLPN
Ohvkadmmdxefb8DHb/YjGt/4242Yog+Y1FQMv6lj2N23iAxpRuYQl1yK2HQIqlWeyNwOnG75KQzu1eHHC5And7Mc
pt+f9MrCgOb6bmxXPd0+XoaOu8gfUN+oNlxpf2VGpVivMFgvKAg3ciLNtaTZXtjkCJoBPI4T42t0ryb1bVBK6tFktQh0dyATc8m+cq+ij0cClctGO1J9XMQRVzxaJJevtv47JHBPd4gL4RSkfz2Vcu4BJQOuz4m+CsV8MzSJzV6AWc7EfQ79bOn/kxgzAD0ikpvZBlLHnn+Dnaqzww==
skcsreIrD2cwkd12T7JYomniZLAaPpLudqdWMdTVdk9yueuJ60IKksbUaTUkDSO8eCl0/kmgpUidi/7uhMtR/X6rr9zhBn/G0lonFvZXmh1ae40vYSpXcFFXdaDUSALUUHph3fsnOUnxZ9ncMDwT76OUvpLYhgDhHzD8u6Y0a8v4FGyp9RxEPv/j9C7PBsYjFxrb52USws/re9P160763b/B7IRUdoC8wYVoAtJOtj/txj47DSXjZtONs+I=
tqvpbWcdlwrs6FM9jlFTMfJbXUiws4u1IC6Ytdqsi8twzHETFEYyyB1t7CGZTfKLbmCP8zf/ZM/pI45NBGRioFBxIJyHMP05Vx9S9umvD93VceJZTDPzn1p9+UwUq4i7cMPqOnVBww8XKzc2fgFBmsElIbEsJd06EnM9MTlOtEL7pX+yjpDsqFg7c8Z8ScLqI+HEEnyLIVK8RHN1VHwLOO4pC/yrJRH8WlVHzRPHz1Dyt0OHPObA+DgGjVMIENaw3vWxYI65uYs7PD/7s5A=
UjYYeE6oQ1hQ5ZI3ijXvOvaBMh6DggIioD21O974CwShZBJFWOn/gLI8SlpWFY6gyRi3gdIUXfEOh3hSaIzk1LCOnXBaa16EUcXrD/xOsEDY3t07iPgG6L5NQcjO0Qlzm2RvU7M4
VVsxnyhjq4JBqx7Vs/bdc9y0bUVW43JSWjFeM0QHa3twg2p6dYFDTxFvuPd+wcHawWWhcSxlXXoSs73xOQ40Avtl/3KO0GxoWPvzhnwJQiojIURSfEuhkrwE8zVUvIv47mmLvKvlkbxaFccNEwdPEPL3w0c8pkC4OMYNkwhQVvDeNTGgjvk5Szv8v7uz0A==
FXla/PNVUNJEYWbwoGrKO6Loigu+sFlxtj9KDiBpeeyE29MnAN/SppUd+9Nh8wBr/l15RrH5Ge3MueUmYu8FLfnSDF6LOceubsxUdCjny5p8FXo2Uz18TpyXmc7MWMvplGAzpJ41M2BLeSkgKol/kZOb94yCa3vb3Hr45EiatU/IjG6srmkJfG7lAVdL4Iens8w=
skcsreIrD2cwkd12T7JYomniZLAaPpLudqdWMdTVdk9yueuJ60IKksbUaTUkDSO8eCl0/kmgpUidi/7uhMtR/X6rr9zhBn/G0lonFvZXmh1ae40vYSpXcFFXdaDUSALUUHph3fsnOUnxZ9ncMDwT76OUvpLYhgDhHzD8u6Y0a8v4FGyp9RxEPv/j9C7PBsYjFxrb52USws/re9P160763b/B7IRUdoC8wYVoAtJOtj/txj47DSXjZtONs+I=
Moqs7bevvOeowIjuVjMC6y4NhCIq298uhNTztN7rnTRIJbK8QKg/PfYVfsWUYsoevt/j3ZazRDRiW3sWuLf8KWFaK9eGHVemhxo5bCAJWzxWPHOf8raHxOzH8xivGdjkMwVxYuoJOSNSB83Orl3ws7gRaa5EEbLkYQb5fI3HXth/eJmyFhNFZu4PWk/nhaazzw==
Dt+CsRiuc8fUGfkBzLvboVkvaR4JJNW+4JMsJwl049iTs+Bue1CgaLKfrM7htVg0PRFGEUYs6L/tdmQFjzUYOZbMBZNXkUkFNBE+o8U0CT895/xXKUTqedF32cwQDNOfQwQ+Arh2QNE/IPyrhgQrO5iE7DkVbIQO3/P0Pu82BlP3ilt3BeKC/8tr0+XLfrot31FsFLQGQIzhlWgS8n52Tw1Wvqtt1aNW852z8g==
c1Y0OrOC0ZO1I65jVlqx6zjJdo/aDzKzy+7g7IdvgmuQ9cZh5vyo7w1GZDVvZVjpNryFY/fBidVUIT6TpeTJb50XfCeJlKopMUfZ/PBck0/jdL7yGCaAAV8Q/Jvm1OtrOHRsSbW8xF4/w/QOD2ZGg1f624elskIvq1vT1auuen1/oexkFNYA3AGlaCISLjafrSY+W82FY4aTrbPC
fLbF+470vYdZygqMhvSB/Cn68A0htN2orOCac55oqZn2d/rWwNHpZARTQ59gh2JuVVWLi0ELEGP+VWm+kaFppQxxVX4CV5WleVqc5mvhd+YuBKSsCJ/bknwdak5z5YyG3N8pFizgW2EU6KMc/m2DqIsxWXgKcW+Zk5PndKIzC5Mcski8KCIlx0gE/hROsbk0Li3xj2uYl6+zxA==
Y5D419uTYsGw6MaUIKU9eIjgbklq2Mjqc0NHkOq9KhiM5Q8gMQKqB+Aylcb4H3gY+1OjentTpz32CbqExT7ljAEPWpj7MJWCiuuhRkqXJl+rDWKzCw==
+5MKYgUdAXZC2/zTbMiIB3AqR7PdgKOGIK9KZleW2gtyENF3cTqp9w21fJ0Y1Adqz6QLC0i4KXRfKiB/I9bow+wXgSlwsxk=
LHyGM7CQ3Hcj/6x8Xbf/bFcv+b0KHP1AnPKfqKemmVgzBS6Qr6atNy0uGVLFFDA0eIXjuXxWfpW975R6pQgarpnYCR8XqYz4TMJQUEmhKJ6qGgYzBQIeh1VRc0obabM+
Ga2Bh3vjAlNyZeDUubDQQhWou50+CObuig0gFHyZy+B1ymZ3PIrxJlyHhIh32yf6/9srrYqRHuQhhrl8TUee2L/42bJWk4VmLo8aT6cFZrMP
BlRk9ISyr6p4jmbQlCev4D8Q8xR6jLCcqP3DsQyOvv0tV/SylRAahskgqZfn8cwQXPqwGPk5qDZ6YiY7ddre78XpE4IrcbMW
pc5yayxes5Sc0JjmPYq3dVnD4OdwISbDw3hDrPUEMAQYVSPJ3Mb+JV2/1IqFGBqe+QjJb7c5DEiskhCgabEorsrKxkOlkp43tQEzujt5sw4=
I4jfmVr3hExaKfp7SgCyEg+ewy7QctQXm2e4PG6j4S089FFSWkiV6tFhsyP8LnCgWH4dW4gYRkg+LQEozvHJ0xuEL3OzGA==
ycPNUubJrQ6VAmDyeVZuYA6ewy7QctQXm2e4PG6j4S089FFSWkiV6tFhsyP8LnCgWH4dW4gYRkg+LQEozvHJ0xuEL3OzGA==
p3DoZ9ZmWLXVyOgdvTVhKw2ewy7QctQXm2e4PG6j4S089FFSWkiV6tFhsyP8LnCgWH4dW4gYRkg+LQEozvHJ0xuEL3OzGA==
wWuBLGW/SnqYCEUedVwPZQ8ppunlKbNgzVqOF+Q6ueYUV7yon6s/+ucrQ42ywdak6TbhnCXXJlhHaHESDmPNpubf4i+PNX6zFw==
1X4S+L8GTAWjj5zH1HvEUw8qpunlKbNgzVqOF+Q6ueYUV7yon6s/+ucrQ42ywdak6TbhnCXXJlhHaHESDmPNpubf4i+PNX6zFw==
9D/N6vf72vISI2GF6ZXuKw8rpunlKbNgzVqOF+Q6ueYUV7yon6s/+ucrQ42ywdak6TbhnCXXJlhHaHESDmPNpubf4i+PNX6zFw==
LRQyaIHPI7Cd4AwTfgV0Pw8spunlKbNgzVqOF+Q6ueYUV7yon6s/+ucrQ42ywdak6TbhnCXXJlhHaHESDmPNpubf4i+PNX6zFw==
gkdHLfubQNrKrLnH35N9eQ8tpunlKbNgzVqOF+Q6ueYUV7yon6s/+ucrQ42ywdak6TbhnCXXJlhHaHESDmPNpubf4i+PNX6zFw==
qRa2vLMzuCz0WF5lnRbOqQ8upunlKbNgzVqOF+Q6ueYUV7yon6s/+ucrQ42ywdak6TbhnCXXJlhHaHESDmPNpubf4i+PNX6zFw==
MhlQupGNGojXa8QJS0khSw8vpunlKbNgzVqOF+Q6ueYUV7yon6s/+ucrQ42ywdak6TbhnCXXJlhHaHESDmPNpubf4i+PNX6zFw==
j9m0P+3FPY7Je3xKmH9Q6x4j8dh6Wq7NEcBvPnR/Po4LNmaj5mAl7/26JW95Reg1pHTbAjv037MEeGWMC/oUV/+2FKv4J7UxfLMV
Crg+GpOnt14rR5aa9eB69gyewy7QctQXm2e4PG6j4S089FFSWkiV6tFhsyP8LnCgWH4dW4gYRkg+LQEozvHJ0xuEL3OzGA==
mOWJoH7rO3WSHtp+5iEfhA8ppujlKbNgzVqOF+Q6ueYUV7yon6s/+ucrQ42ywdak6TbhnCXXJlhHaHESDmPNpubf4i+PNX6zFw==
suQAkc/teSP0ATbTas1v0g8qpujlKbNgzVqOF+Q6ueYUV7yon6s/+ucrQ42ywdak6TbhnCXXJlhHaHESDmPNpubf4i+PNX6zFw==
L5mU9aQYDIwjNaHNGHtmJA8rpujlKbNgzVqOF+Q6ueYUV7yon6s/+ucrQ42ywdak6TbhnCXXJlhHaHESDmPNpubf4i+PNX6zFw==
EuVpDLd5VJibvEFpHT3FwRwj8dh6Wq7NEcBvPnR/Po4LNmaj5mAl7/26JW95Reg1pHTbAjv037MEeGWMC/oUV/+2FKv4J7UxfLMV
SL6RRfcGCNh8d9CI2eMMJzcSx7QSeUdfpsDwWOABk2W0Il6ZxctEBg2cmgJBnDkDH51stPQmwOyh9Whysh72b032vgut9SO2M32zEg==
gw+OxXJiZxUfAaIlPqATpTYSx7QSeUdfpsDwWOABk2W0Il6ZxctEBg2cmgJBnDkDH51stPQmwOyh9Whysh72b032vgut9SO2M32zEg==
QvUKV+Go+NSG52jE6WKFPAuewy7QctQXm2e4PG6j4S089FFSWkiV6tFhsyP8LnCgWH4dW4gYRkg+LQEozvHJ0xuEL3OzGA==
2MMkWBDYGICu1bQFzJ01cgqewy7QctQXm2e4PG6j4S089FFSWkiV6tFhsyP8LnCgWH4dW4gYRkg+LQEozvHJ0xuEL3OzGA==
hAUQlqjLjmq5wisfTHRjCAmewy7QctQXm2e4PG6j4S089FFSWkiV6tFhsyP8LnCgWH4dW4gYRkg+LQEozvHJ0xuEL3OzGA==
c5XhWNUnBGu8Q0lQoDizfh0j8dh6Wq7NEcBvPnR/Po4LNmaj5mAl7/26JW95Reg1pHTbAjv037MEeGWMC/oUV/+2FKv4J7UxfLMV
V3q/pFWFzzvRssnyfGUg4jUSx7QSeUdfpsDwWOABk2W0Il6ZxctEBg2cmgJBnDkDH51stPQmwOyh9Whysh72b032vgut9SO2M32zEg==
51U3UDyNt8e9uUx8KyShwDQSx7QSeUdfpsDwWOABk2W0Il6ZxctEBg2cmgJBnDkDH51stPQmwOyh9Whysh72b032vgut9SO2M32zEg==
zn62K+jr6hoNN/u0uahvsTMSx7QSeUdfpsDwWOABk2W0Il6ZxctEBg2cmgJBnDkDH51stPQmwOyh9Whysh72b032vgut9SO2M32zEg==
LW8pP3Ph5txvImIDWo3vpwiewy7QctQXm2e4PG6j4S089FFSWkiV6tFhsyP8LnCgWH4dW4gYRkg+LQEozvHJ0xuEL3OzGA==
96PtRPE0nMQP1p5xF+OjUQeewy7QctQXm2e4PG6j4S089FFSWkiV6tFhsyP8LnCgWH4dW4gYRkg+LQEozvHJ0xuEL3OzGA==
G+dYG61iFS8mLsyzALjNPAaewy7QctQXm2e4PG6j4S089FFSWkiV6tFhsyP8LnCgWH4dW4gYRkg+LQEozvHJ0xuEL3OzGA==
g345BWi/5XgJzlYOWdkyizISx7QSeUdfpsDwWOABk2W0Il6ZxctEBg2cmgJBnDkDH51stPQmwOyh9Whysh72b032vgut9SO2M32zEg==
30hVdZYXEbU4OgZnD/o3ZTESx7QSeUdfpsDwWOABk2W0Il6ZxctEBg2cmgJBnDkDH51stPQmwOyh9Whysh72b032vgut9SO2M32zEg==
aWly1ki7p16hW27GfIpdmzASx7QSeUdfpsDwWOABk2W0Il6ZxctEBg2cmgJBnDkDH51stPQmwOyh9Whysh72b032vgut9SO2M32zEg==
lau5kg3GsquUKvE65lahwRBSS7XdgKOGIK9KZleW2gtyENF3cTqp9w21fJ0Y1Adqz6QLC0i4KXRfKiB/I9bow+wXgSlwsxk=
G8ZBJC6+3BTRqJ5rTZXoBRFSS7XdgKOGIK9KZleW2gtyENF3cTqp9w21fJ0Y1Adqz6QLC0i4KXRfKiB/I9bow+wXgSlwsxk=
BCk0k9QOowueJxrC1GKQDhJSS7XdgKOGIK9KZleW2gtyENF3cTqp9w21fJ0Y1Adqz6QLC0i4KXRfKiB/I9bow+wXgSlwsxk=
DPozD1nU2ncnWqq+GIx7Jxoj8dh6Wq7NEcBvPnR/Po4LNmaj5mAl7/26JW95Reg1pHTbAjv037MEeGWMC/oUV/+2FKv4J7UxfLMV
1lQwja9x6A0YPHAILjituD8Sx7QSeUdfpsDwWOABk2W0Il6ZxctEBg2cmgJBnDkDH51stPQmwOyh9Whysh72b032vgut9SO2M32zEg==
LLkG25sP7ThC7tuQiDKFIT4Sx7QSeUdfpsDwWOABk2W0Il6ZxctEBg2cmgJBnDkDH51stPQmwOyh9Whysh72b032vgut9SO2M32zEg==
0Nx3NZYBb4AT3OMO+zm5K0Vw3Y9tKDKLKnj3oImS0qdIYl2GsO8QOOMju3pjo78dHnlyRI3uTSz5n+IYg6At4mK76YYCpw4/sz16sxM=
Qg/hUIMwSN637CkrzFlJWl2pITy0nJhSYD2CpbFCXUj10RGS7YBT5hBvOobnFkprotCBl2E6uZfd9Sx9iFS3Cj/kO+s4uBlUr2qQ31NWeGM8V1EJYLMJ
NiAt9pXW1OP/6nbMjZUEZBNSS7XdgKOGIK9KZleW2gtyENF3cTqp9w21fJ0Y1Adqz6QLC0i4KXRfKiB/I9bow+wXgSlwsxk=
wYo9pK4m32qHWosViZJL2RRSS7XdgKOGIK9KZleW2gtyENF3cTqp9w21fJ0Y1Adqz6QLC0i4KXRfKiB/I9bow+wXgSlwsxk=
DtC2tH7wR7M24W9nzthMphVSS7XdgKOGIK9KZleW2gtyENF3cTqp9w21fJ0Y1Adqz6QLC0i4KXRfKiB/I9bow+wXgSlwsxk=
G5/9nfjkToGoLqqasrHTlRZSS7XdgKOGIK9KZleW2gtyENF3cTqp9w21fJ0Y1Adqz6QLC0i4KXRfKiB/I9bow+wXgSlwsxk=
LXxLdsBTpLYk8edHn29ibkRw3Y9tKDKLKnj3oImS0qdIYl2GsO8QOOMju3pjo78dHnlyRI3uTSz5n+IYg6At4mK76YYCpw4/sz16sxM=
LpmWWsMXelm5YdO87yu0TBdSS7XdgKOGIK9KZleW2gtyENF3cTqp9w21fJ0Y1Adqz6QLC0i4KXRfKiB/I9bow+wXgSlwsxk=
ixg+NT9xa+i0q9X7yGhnGBhSS7XdgKOGIK9KZleW2gtyENF3cTqp9w21fJ0Y1Adqz6QLC0i4KXRfKiB/I9bow+wXgSlwsxk=
wdhktgPw/5q19x+EGsC6STBczvs+0htiED4MWyvL4NAOT3mBjHjJ3trEDWZhzSvPnMIoDOgyxRdIVJ4EDgFZxK4d0f8riDd/sxQ=
ZSlTScAZ8tVIxFG+nOlfXTBfzvs+0htiED4MWyvL4NAOT3mBjHjJ3trEDWZhzSvPnMIoDOgyxRdIVJ4EDgFZxK4d0f8riDd/sxQ=
UMSXrMR2zx4gzWkjx1ihkTBezvs+0htiED4MWyvL4NAOT3mBjHjJ3trEDWZhzSvPnMIoDOgyxRdIVJ4EDgFZxK4d0f8riDd/sxQ=
0HTSREcCaFApxsKK92qryDBZzvs+0htiED4MWyvL4NAOT3mBjHjJ3trEDWZhzSvPnMIoDOgyxRdIVJ4EDgFZxK4d0f8riDd/sxQ=
s3DH+NiS1TmdX7UgVuFkO0dw3Y9tKDKLKnj3oImS0qdIYl2GsO8QOOMju3pjo78dHnlyRI3uTSz5n+IYg6At4mK76YYCpw4/sz16sxM=
jQL2AwpWU/IDHwrRSAg+uxWAp5YeNifIyk0Xk+4EMAQYVSPJ3Mb+JV2/1IqFGBqe+QjJb7c5DEiskhCgabEorsrKxkOlkp43tQEzujt5sw4=
FRuEgURYcPSCYN3d4lFHZRWDp5YeNifIyk0Xk+4EMAQYVSPJ3Mb+JV2/1IqFGBqe+QjJb7c5DEiskhCgabEorsrKxkOlkp43tQEzujt5sw4=
WOYuOKJUCOPFEQ/5Eo8NcRWCp5YeNifIyk0Xk+4EMAQYVSPJ3Mb+JV2/1IqFGBqe+QjJb7c5DEiskhCgabEorsrKxkOlkp43tQEzujt5sw4=
5b7geHh2aQUv2OHXCAPXgBWFp5YeNifIyk0Xk+4EMAQYVSPJ3Mb+JV2/1IqFGBqe+QjJb7c5DEiskhCgabEorsrKxkOlkp43tQEzujt5sw4=
iLINy1fi61A2hTufypIlexWEp5YeNifIyk0Xk+4EMAQYVSPJ3Mb+JV2/1IqFGBqe+QjJb7c5DEiskhCgabEorsrKxkOlkp43tQEzujt5sw4=
SuqNrUVQts4FV6G/MOosXRlSS7XdgKOGIK9KZleW2gtyENF3cTqp9w21fJ0Y1Adqz6QLC0i4KXRfKiB/I9bow+wXgSlwsxk=
8B82hYe4Pn6SW+su73tYGRBRS7XdgKOGIK9KZleW2gtyENF3cTqp9w21fJ0Y1Adqz6QLC0i4KXRfKiB/I9bow+wXgSlwsxk=
iM2GBjuQ/CSueChbMMnZvRFRS7XdgKOGIK9KZleW2gtyENF3cTqp9w21fJ0Y1Adqz6QLC0i4KXRfKiB/I9bow+wXgSlwsxk=
tHyyPEPvPzmf8gEjySzhphJRS7XdgKOGIK9KZleW2gtyENF3cTqp9w21fJ0Y1Adqz6QLC0i4KXRfKiB/I9bow+wXgSlwsxk=
xhWZXGywKlROpl5shK65uhNRS7XdgKOGIK9KZleW2gtyENF3cTqp9w21fJ0Y1Adqz6QLC0i4KXRfKiB/I9bow+wXgSlwsxk=
FI1+tBB0p91rS74GA34I5RRRS7XdgKOGIK9KZleW2gtyENF3cTqp9w21fJ0Y1Adqz6QLC0i4KXRfKiB/I9bow+wXgSlwsxk=
hoGhDw/QstYzKwyfwakhBhsj8dh6Wq7NEcBvPnR/Po4LNmaj5mAl7/26JW95Reg1pHTbAjv037MEeGWMC/oUV/+2FKv4J7UxfLMV
lSlltFlG3ZyBtUPyL82mb0Zw3Y9tKDKLKnj3oImS0qdIYl2GsO8QOOMju3pjo78dHnlyRI3uTSz5n+IYg6At4mK76YYCpw4/sz16sxM=
jJvmTV115TQY6Fkuvvj+hBWAp5ceNifIyk0Xk+4EMAQYVSPJ3Mb+JV2/1IqFGBqe+QjJb7c5DEiskhCgabEorsrKxkOlkp43tQEzujt5sw4=
5NZ14mPwHr/Iptsf50QyUBWDp5ceNifIyk0Xk+4EMAQYVSPJ3Mb+JV2/1IqFGBqe+QjJb7c5DEiskhCgabEorsrKxkOlkp43tQEzujt5sw4=
7Vs9G2LqAyTg6xCTpfOr3xWCp5ceNifIyk0Xk+4EMAQYVSPJ3Mb+JV2/1IqFGBqe+QjJb7c5DEiskhCgabEorsrKxkOlkp43tQEzujt5sw4=
Ezn5DxFWS39eKofuvX+YwRWFp5ceNifIyk0Xk+4EMAQYVSPJ3Mb+JV2/1IqFGBqe+QjJb7c5DEiskhCgabEorsrKxkOlkp43tQEzujt5sw4=
ZCEVDTRTG1TKzt4dgRzfaBWEp5ceNifIyk0Xk+4EMAQYVSPJ3Mb+JV2/1IqFGBqe+QjJb7c5DEiskhCgabEorsrKxkOlkp43tQEzujt5sw4=
y+T9/I9XJz2dfS3vQ92UJSkdibd/8AdiED4MWyvL4NAOT3mBjHjJ3trEDWZhzSvPnMIoDOgyxRdIVJ4EDgFZxK4d0f8riDd/sxQ=
R0YOQ1cctTxGHWTpbCMnFSgdibd/8AdiED4MWyvL4NAOT3mBjHjJ3trEDWZhzSvPnMIoDOgyxRdIVJ4EDgFZxK4d0f8riDd/sxQ=
AgakNUwca/38mm3aLVXnpysdibd/8AdiED4MWyvL4NAOT3mBjHjJ3trEDWZhzSvPnMIoDOgyxRdIVJ4EDgFZxK4d0f8riDd/sxQ=
fjIWyCKLxI5hk0h6lN/N8Codibd/8AdiED4MWyvL4NAOT3mBjHjJ3trEDWZhzSvPnMIoDOgyxRdIVJ4EDgFZxK4d0f8riDd/sxQ=
7wykysdGz0Knmd4HtGLV7C0dibd/8AdiED4MWyvL4NAOT3mBjHjJ3trEDWZhzSvPnMIoDOgyxRdIVJ4EDgFZxK4d0f8riDd/sxQ=
IQ3utROcRWOV0WsK84aSjVxwkNFyLxbbG333oImS0qdIYl2GsO8QOOMju3pjo78dHnlyRI3uTSz5n+IYg6At4mK76YYCpw4/sz16sxM=
CYu0zG6E48zmFhF1gAp1JFxwkNByLxbbG333oImS0qdIYl2GsO8QOOMju3pjo78dHnlyRI3uTSz5n+IYg6At4mK76YYCpw4/sz16sxM=
+F82ZJtm3sr9pOxZ17k+BVxwkNNyLxbbG333oImS0qdIYl2GsO8QOOMju3pjo78dHnlyRI3uTSz5n+IYg6At4mK76YYCpw4/sz16sxM=
GR7hks4nctXqRq6Z4qJe6FxwkNJyLxbbG333oImS0qdIYl2GsO8QOOMju3pjo78dHnlyRI3uTSz5n+IYg6At4mK76YYCpw4/sz16sxM=
FgwRIVhOWwGWXlSaAlgzUVxwkNVyLxbbG333oImS0qdIYl2GsO8QOOMju3pjo78dHnlyRI3uTSz5n+IYg6At4mK76YYCpw4/sz16sxM=
ntSPhOSnVDh/b+3dTEltPUdX9a5ROXrFvshQplD6RO/7vwh0rusRdRzMQVpaQIXS8TlDazxmwHg4ho3TCJDWMN51seCOObkLO7w/e7MQ
/u+1rXNziJTwQBbXPxyNyUZX9a5ROXrFvshQplD6RO/7vwh0rusRdRzMQVpaQIXS8TlDazxmwHg4ho3TCJDWMN51seCOObkLO7w/e7MQ
4pbRzIrreRCJLki+RMY2XUVX9a5ROXrFvshQplD6RO/7vwh0rusRdRzMQVpaQIXS8TlDazxmwHg4ho3TCJDWMN51seCOObkLO7w/e7MQ
5/LDKDCwS7SEln1sLZxZUURX9a5ROXrFvshQplD6RO/7vwh0rusRdRzMQVpaQIXS8TlDazxmwHg4ho3TCJDWMN51seCOObkLO7w/e7MQ
aHVWNpmQajK0FV4kOqEiVkNX9a5ROXrFvshQplD6RO/7vwh0rusRdRzMQVpaQIXS8TlDazxmwHg4ho3TCJDWMN51seCOObkLO7w/e7MQ
XAs8XoNNrR02NdzkTONdunPP2vgEB/vpnhwkGmO6y+B1ymZ3PIrxJlyHhIh32yf6/9srrYqRHuQhhrl8TUee2L/42bJWk4VmLo8aT6cFZrMP
u88MKs7PmjcBaumDNfweIHPP2vsEB/vpnhwkGmO6y+B1ymZ3PIrxJlyHhIh32yf6/9srrYqRHuQhhrl8TUee2L/42bJWk4VmLo8aT6cFZrMP
1yTI5gtfnEWG08De3tvit3PP2vkEB/vpnhwkGmO6y+B1ymZ3PIrxJlyHhIh32yf6/9srrYqRHuQhhrl8TUee2L/42bJWk4VmLo8aT6cFZrMP
FaWR85kXA9wOCAtp3kwH2HPP2voEB/vpnhwkGmO6y+B1ymZ3PIrxJlyHhIh32yf6/9srrYqRHuQhhrl8TUee2L/42bJWk4VmLo8aT6cFZrMP
DEqVA3PUpIgy1DqqCCcwLHPP2v8EB/vpnhwkGmO6y+B1ymZ3PIrxJlyHhIh32yf6/9srrYqRHuQhhrl8TUee2L/42bJWk4VmLo8aT6cFZrMP
/lOgr1ViYNd9f0HoVc3fXHAgQKHdgKOGIK9KZleW2gtyENF3cTqp9w21fJ0Y1Adqz6QLC0i4KXRfKiB/I9bow+wXgSlwsxk=
ffb18FjTquTVf3f1OjOWMB8j8dh6Wq7NEcBvPnR/Po4LNmaj5mAl7/26JW95Reg1pHTbAjv037MEeGWMC/oUV/+2FKv4J7UxfLMV
hMkQ50hoeRaOvkMScm0XxSAFhbdm5hhiED4MWyvL4NAOT3mBjHjJ3trEDWZhzSvPnMIoDOgyxRdIVJ4EDgFZxK4d0f8riDd/sxQ=
emirT6XjvmqRuc+HaYl1Z1xwkNhqIxbCDWL3oImS0qdIYl2GsO8QOOMju3pjo78dHnlyRI3uTSz5n+IYg6At4mK76YYCpw4/sz16sxM=
FCV95M+3Yz7C1sobcPIKqlxzkNhqIxbCDWL3oImS0qdIYl2GsO8QOOMju3pjo78dHnlyRI3uTSz5n+IYg6At4mK76YYCpw4/sz16sxM=
PvXAIKcj2ojcj/coI8jyu1xykNhqIxbCDWL3oImS0qdIYl2GsO8QOOMju3pjo78dHnlyRI3uTSz5n+IYg6At4mK76YYCpw4/sz16sxM=
JQBqfy2dpa0TUoO521VfO1x1kNhqIxbCDWL3oImS0qdIYl2GsO8QOOMju3pjo78dHnlyRI3uTSz5n+IYg6At4mK76YYCpw4/sz16sxM=
LKpcMZzKQP2nUOk4ZvC2Elx3kNhqIxbCDWL3oImS0qdIYl2GsO8QOOMju3pjo78dHnlyRI3uTSz5n+IYg6At4mK76YYCpw4/sz16sxM=
DLPo3Hnfo9NMQRfzXiV5xVx2kNhqIxbCDWL3oImS0qdIYl2GsO8QOOMju3pjo78dHnlyRI3uTSz5n+IYg6At4mK76YYCpw4/sz16sxM=
DWelb3TjpVwP87jSdWT4EVx5kNhqIxbCDWL3oImS0qdIYl2GsO8QOOMju3pjo78dHnlyRI3uTSz5n+IYg6At4mK76YYCpw4/sz16sxM=
nvrBTVrudFA2RDmR/W/tzffkzXZD7r/iUlYI76OFa+ISWHDAUJnzvQR6nsH1EyQePYSaGnGEWdsvxazsRP6gdBFk7+oChpa3/a5+U50tQ64DZbMK
y15V3MW/VshE1rfgTg/8YFx0kNhqIxbCDWL3oImS0qdIYl2GsO8QOOMju3pjo78dHnlyRI3uTSz5n+sfg6At4mK76YYCpw4/sz16sxM=
Fd0YqD7Ndg00I3WM5cRnVEFw3Y9tKDKLKnj3oImS0qdIYl2GsO8QOOMju3pjo78dHnlyRI3uTSz5n+sfg6At4mK76YYCpw4/sz16sxM=
35zTznC3EuJAIstqW5nsNBWAp5AeNifIyk0Xk+4EMAQYVSPJ3Mb+JV2/1IqFGBqe+QjJb7c5DEiskhCgabgvrsrKxkOlkp43tQEzujt5sw4=
Kx9M8xq4InKfvYJccMIFHhWDp5AeNifIyk0Xk+4EMAQYVSPJ3Mb+JV2/1IqFGBqe+QjJb7c5DEiskhCgabgvrsrKxkOlkp43tQEzujt5sw4=
H7Yw2AnEk7CtvrapnxqEoBWCp5AeNifIyk0Xk+4EMAQYVSPJ3Mb+JV2/1IqFGBqe+QjJb7c5DEiskhCgabgvrsrKxkOlkp43tQEzujt5sw4=
otYliiWi8Z8etc//YVtNnBWFp5AeNifIyk0Xk+4EMAQYVSPJ3Mb+JV2/1IqFGBqe+QjJb7c5DEiskhCgabgvrsrKxkOlkp43tQEzujt5sw4=
d6zhJ3+DKyzuBwKLh5gu4hWEp5AeNifIyk0Xk+4EMAQYVSPJ3Mb+JV2/1IqFGBqe+QjJb7c5DEiskhCgabgvrsrKxkOlkp43tQEzujt5sw4=
IUhVvDYsFkJmojMlx7gvcRWHp5AeNifIyk0Xk+4EMAQYVSPJ3Mb+JV2/1IqFGBqe+QjJb7c5DEiskhCgabgvrsrKxkOlkp43tQEzujt5sw4=
0uv82FdUAcXYZLadJW6zNBWGp5AeNifIyk0Xk+4EMAQYVSPJ3Mb+JV2/1IqFGBqe+QjJb7c5DEiskhCgabgvrsrKxkOlkp43tQEzujt5sw4=
Bh/WYeaLfU90rxLtLn/gEBWJp5AeNifIyk0Xk+4EMAQYVSPJ3Mb+JV2/1IqFGBqe+QjJb7c5DEiskhCgabgvrsrKxkOlkp43tQEzujt5sw4=
xUEPkRPFQs2QfH517A6L0RWIp5AeNifIyk0Xk+4EMAQYVSPJ3Mb+JV2/1IqFGBqe+QjJb7c5DEiskhCgabgvrsrKxkOlkp43tQEzujt5sw4=
n5HxuIX4gAk2FFNR++UMJkBw3Y9tKDKLKnj3oImS0qdIYl2GsO8QOOMju3pjo78dHnlyRI3uTSz5n+sfg6At4mK76YYCpw4/sz16sxM=
DmD3os6ecXqE/fGsQBy0g0Nw3Y9tKDKLKnj3oImS0qdIYl2GsO8QOOMju3pjo78dHnlyRI3uTSz5n+sfg6At4mK76YYCpw4/sz16sxM=
QWus7NMLoywyyI/19XQ4FkJw3Y9tKDKLKnj3oImS0qdIYl2GsO8QOOMju3pjo78dHnlyRI3uTSz5n+sfg6At4mK76YYCpw4/sz16sxM=
KHFnKUQoCo5AzYhK9nxjmykFhbdm5hhiED4MWyvL4NAOT3mBjHjJ3trEDWZhzSvPnMIoDOgyxR5PVJ4EDgFZxK4d0f8riDd/sxQ=
wVYpZI21jPPpC4BRr30yRigFhbdm5hhiED4MWyvL4NAOT3mBjHjJ3trEDWZhzSvPnMIoDOgyxR5PVJ4EDgFZxK4d0f8riDd/sxQ=
LjyhRhMKRNulW896ghDtnysFhbdm5hhiED4MWyvL4NAOT3mBjHjJ3trEDWZhzSvPnMIoDOgyxR5PVJ4EDgFZxK4d0f8riDd/sxQ=
YGagVqTwmKKgyxKTWVM9toK14+yGD7+fS76GKTYUCIedzuS9/w34Aeb0xSsnKam9RCk+m7WM6YdNXzxvWXwKQaHPWXRgNDOnMzz+usjOoGlPGPyT9rzLg+g8LAFlVGQ2r0t0hp8O5muHspvPdVpiR7tT0927xlqVr+msLMQ+oLSRJO+qgkaWd31ufhMdbUPug6Wzyg==
Hv+FyYTS14+lyHaoO8YL+Vagz6n495liuoOxv5ZbIjrwnbGoxJ8b09BrusI1+RNn8YeI737Z8TIhTfEJbN2NkrIbzWm5lsSqWw2vyk4ovEA4k8OefBFyQkMJlKq88/H6HKwDrdQk+1BOgVsE653BlLr99xUTH3/4Et+TP3wekFCYbn0Cj8imWH5dYRhOAeljW5SPo7PI
seH/iX3RKhy3FlOZ5q/TWTxodqAwXiJBKBrpDBElPW78hFtURlsVtMDVKhwo+If9LiUWpaxywh62z9s9foMcdNqLk7Ygx3Sp6eqzty7Nr2bfahFM2BlTPF4si7/axt8EFBdbeDepUGS7denCAtmBYwo3JS6WTfizsAFRziwhaiTZVpHcFTffX/fIAVK+Qz0mNv9yb5+VrrPH
i3AnlKLWfrRHNyRC/u6GHjOTJU83f2MmtzgJNSMe0pi1bChHO1TuiUQkxiSpjWD52J3iLgzeeJOVhbBfUgR0V30OTpvaSUd23Q/AUQEWUfaf9FaF3bzQsAUHVFpRdLqLtcBZNf6EFSmHeuwFLxNE6+uW2BE2c35dH/bi/SRU94p/5Htr8b/Z1G9qUF8TVjjjfFeRiaCzyQ==
/t1xwkVrPuinmIYNIdj8ilSmdOxHYiD2vidD1J6Mc+C7LFl3zja/ZLHmSTydZ6ffzxiJcuYzFebe78oPlyV2sx8=
GnDFXmllelu4tVvs+YyWYRkg1ohvMgffWlSluprblPNCbBzL4u8HJPoU/2A3tL0HCn5jRI3uTSz5n+sfg6At4mK76YYCpw4/sz16sxM=
LTjuRLZ+NzrVkixvkj04L7aQqloKJp+IiWN835W0zWvnQICmnoBHRk1KrozIWyQ53ug2Hmdu1cL9tBNS01RnI3X/3RzzmryHt3ZcmxBHrQFksw0=
3Ugsfo7khs9z8Wp4k6Czk0UPaoSTiveYcvBbflmq2lR0C8hRSmii9gu+aZoJ1Adqz6QLC0G/KXRfKiB/I9bow+wXgSlwsxk=
0R+c2WFyVdN3q5FXF3w1J6qYthMVMY6JxnQuidu6wmPmTMOtnoBHRk1KrozIWyQ53ug2Hmdu1cL9tBNS01RnI3X/3RzzmryHt3ZcmxBHrQFksw0=
3Ugsfo7khs9z8Wp4k6Czk0UPaoSTiveYcvBbflmq2lR0C8hRSmii9gu+aZoJ1Adqz6QLC0G/KXRfKiB/I9bow+wXgSlwsxk=
0R+c2WFyVdN3q5FXF3w1J6qYthMVMY6JxnQuidu6wmPmTMOtnoBHRk1KrozIWyQ53ug2Hmdu1cL9tBNS01RnI3X/3RzzmryHt3ZcmxBHrQFksw0=
3Ugsfo7khs9z8Wp4k6Czk0UPaoSTiveYcvBbflmq2lR0C8hRSmii9gu+aZoJ1Adqz6QLC0G/KXRfKiB/I9bow+wXgSlwsxk=
0R+c2WFyVdN3q5FXF3w1J6qYthMVMY6JxnQuidu6wmPmTMOtnoBHRk1KrozIWyQ53ug2Hmdu1cL9tBNS01RnI3X/3RzzmryHt3ZcmxBHrQFksw0=
7chd9dQ1EVxhIJlNWtHvAiZNxepo+C0sECkECXTa+N4yTyaHl2Hv5YjPDGBq2CzenMIoDOgyxR5PVJ4EDgFZxK4d0f8riDd/sxQ=
wMZzyPFhO6Fw4VKB9615a0KaVSJlv/N4epH1+ND5GtKE2Y33SW1vLvn57L/FdP0L90CQhm7AF+bdyh5seBv0Ga7oxj43rmWiTTSD8gOUFwNl/838w9psZyf2rDtgh31hVLM9
mTai0CSKnWNbASOKJjbhGckDiHVWhXsKueFrUDGP8JXKQgAEFIGBit5ww+K/vUY8OJvjGiAQRuPKZZAoeEKJVtve88Q9jr1sqX/bH3OAfSLSGxkGkkdef0MdarMD
kbNIDfDcF6o/2SgCKAJYj/j26tefQrH93bEjAr5KWxYQzrGBqTFgZTzjt4iO3XrO0lCTJxDTybbS51YfNxk/zYjn3BjKQFx2XKoYFIgKFXbPvM487hlpLO61IWeLcGdXszw=
99Wxe4jb9VJdlUDcvX3m6vrFsz/4iDcJkYu/DnEGR8Ks8WEhJR14jm7HSwD2YP82lYrWXBA7DCnW6D4OT46NkgX0S6JrNI+T/X9VbFs6xDdvNmRLSGdFEWyzBQ==
Fr5jJ7z9NiIP/d+lJGboWfrFsz/4iDcJ44u/DnEGR8Ks8WEhJR14jm7HSwD2YP82lYrWXBA7DCnW6D4OT46NkgX0S6JrNI+T/X9VbFs6xDdvNmRLSGdFEWyzBQ==
3Ugsfo7khs9z8Wp4k6Czk0UPaoSTiveYcvBbflmq2lR0C8hRSmii9gu+aZoJ1Adqz6QLC0G/KXRfKiB/I9bow+wXgSlwsxk=
GUuOytniDy9B//hqdEp9zvrFsz/4iDcJ44u/DnEGR8Ks8WEhJR14jm7HSx32YP82lYrWXBA7DCnW6D4OT46NkgX0S6JrNI+T/X9VbFs6xDdvNmRLSGdFEWyzBQ==
TjXbNqmyvRY1bOFYmmzjkTkIi6Jh5TgtF2oPCXTa+N4yTyaHl2Hv5YjPDGBq2CzenMIoDOgyxR5PVJ4EDgFZxK4d0f8riDd/sxQ=
3Ugsfo7khs9z8Wp4k6Czk0UPaoSTiveYcvBbflmq2lR0C8hRSmii9gu+aZoJ1Adqz6QLC0G/KXRfKiB/I9bow+wXgSlwsxk=
0R+c2WFyVdN3q5FXF3w1J6qYthMVMY6JxnQuidu6wmPmTMOtnoBHRk1KrozIWyQ53ug2Hmdu1cL9tBNS01RnI3X/3RzzmryHt3ZcmxBHrQFksw0=
uCuwrrN6GPBHnFxFbah8JEKaVSJlv/NYepH1+ND5GtKE2Y33SW1vLvn57L/FdP0L90CQhm7AF+bdyh5seBv0Ga7oxj43rmWiTTSD8gOUFwNl/838w9psZyf2rDtgh31hVLM9
qkqwp4jQHFHTpEsmxlUW7k4kL1S7xIeVnexiEALeme7JPDbxqGVUsYHC44XZ0IPrql0wdgIUNnU74kT0EULN+ZzUAu/ByuKkPGtQgSJoSqaTXqHqMRSf+geEczupP4GEZ0ro77uWEPOktxl5WLMx
iWFOD8mWlfPwvBmPToLokk4kL1S7xIeVnftiEALeme7JPDbxqGVUsYHC44XZ0IPrql0wdgIUNnU74kT0EULN+ZzUAu/ByuKkPGtQgSJoSqaTXqHqMRSf+geEczupP4GEZ0ro77uWEPOktxl5WLMx
3YRC9jJ/xnnSiMTvPbhcqU4kL1S7xIeVnepiEALeme7JPDbxqGVUsYHC44XZ0IPrql0wdgIUNnU74kT0EULN+ZzUAu/ByuKkPGtQgSJoSqaTXqHqMRSf+geEczupP4GEZ0ro77uWEPOktxl5WLMx
vVLOriVDk0tuJAdutwPKyE4kL1S7xIeVnepiEALeme7JHDbxqGVUsYHC44XZ0IPrql0wdgIUNnU74kT0EULN+ZzUAu/ByuKkPGtQgSJoSqaTXqHqMRSf+geEczupP4GEZ0ro77uWEPOktxl5WLMx
3YRC9jJ/xnnSiMTvPbhcqU4kL1S7xIeVnepiEALeme7JPDbxqGVUsYHC44XZ0IPrql0wdgIUNnU74kT0EULN+ZzUAu/ByuKkPGtQgSJoSqaTXqHqMRSf+geEczupP4GEZ0ro77uWEPOktxl5WLMx
vVLOriVDk0tuJAdutwPKyE4kL1S7xIeVnepiEALeme7JHDbxqGVUsYHC44XZ0IPrql0wdgIUNnU74kT0EULN+ZzUAu/ByuKkPGtQgSJoSqaTXqHqMRSf+geEczupP4GEZ0ro77uWEPOktxl5WLMx
vVLOriVDk0tuJAdutwPKyE4kL1S7xIeVnepiEALeme7JHDbxqGVUsYHC44XZ0IPrql0wdgIUNnU74kT0EULN+ZzUAu/ByuKkPGtQgSJoSqaTXqHqMRSf+geEczupP4GEZ0ro77uWEPOktxl5WLMx
3YRC9jJ/xnnSiMTvPbhcqU4kL1S7xIeVnepiEALeme7JPDbxqGVUsYHC44XZ0IPrql0wdgIUNnU74kT0EULN+ZzUAu/ByuKkPGtQgSJoSqaTXqHqMRSf+geEczupP4GEZ0ro77uWEPOktxl5WLMx
Bfc7UDg/3ZsRYeh1xzemSMkDiHVWhXsKueFrUDGP8JXKQgAEFIGBit5w4+K/vUY8OJvjGiAQRuPKZZAoeEKJVtve88Q9jr1sqX/bH3OAfSLSGxkGkkdef0MdarMD
z4wcZVPUrGj0YSI5LjYz2qam/IybnO6dCjfOitjQwBHTxQ1vb3AWrM+ckEAtYxFHJL/M3duahttOhLJ+b+VIhW1MQnnard+/a4fIKQA6snZYbGzUNMZATGHcb1JyvnaPjZa+6+2VoxZzXbMy
Cw1x3fgKKt+lfnt3lYzwAc7fD0M1+W4oTiTfgy2x1z0BXFkD7Us0lcoNH7p9OUdQHVc0Ja7KnOSoyaWa2kiPohNFwqxcUx86PBhiEw49/KiUms0m/9bv5EHGWfwtB3ffn7h5MvbTpWYOz7rPB0VGsy8=
62Zu9nLVVtSnvFfFv/H4/WIby7oUTEcxh4PrRbdyiTrqK1PNyd9+UBqdwwdIkiMOApNstPQmwOyh/G9ysh72b032vgut9SO2M32zEg==
/jS7l9KS1A0lAKIUGPgeK+7J5uj68dxnDCzd+bhibwGdxveIf9+rkd9emT7yFzM5gZOONKIBQ5Pg/vNKWm9MgPwq8MjZIK8mWrJm69VKXn9lOVNSC2GzBg==
j+wA0GvEF6irCvaesWsoGTOngSCQ67Eaf1sbcYlYGg0ZccqrsuBjaDhm6dhWoZj7eH0lLbN0iKuY6yBycezWo4ry9fc3bIBk0SbpvH0nh9+v2CnyBnM15r4vao93ZVazPw==
0XLnARfOId5zwitEvLEpVHDpwxqtpTpZccftgi93IyK+3Yx01TEAe+Dtjc0LBEBr0Lv4UhncLqPywh3Xb7xIJJnWUdzVtx9fN0hBUv7DfSZ2fzJvXxVuswc=
sDaxtoE90A0v78cFA6sW9Y0pQX9A0mmVYmR+SrveAjGW6hiu0xIFXFXX5ZiOwF1qemVDEeBy40ELwxuIsTT++QN7NXU2Th7/g+HECPsgdqGc4misaJKF/k80XqSOoZnkrv0Rn6tod1+zNA==
L0Iop4GlSqNef+OM+fp9IevKqgm5338jr5WmR3cKVcOxsiwpNhxPlWLbAknXJbFwkruCDwIaQxjs4zAGR5+ViBr0S6JrNI+T/X9VbFs6xDdvNmRLSGdFEWyzBQ==
HA3IO/6ubB2i56FiIaE9k3DqwxqtpTpZccftgi93IyK+3Yx01TEAe+Dtjc0LBEBr0Lv4UhncLqPywh3Xb7xIJJnWUdzVtx9fN0hBUv7DfSZ2fzJvXxVuswc=
lxvID4GHiDTyYoW8y+XfTe2YK1WvryoBhjXaHfbGAELjHh1QVdv9lL4sRUYaSZv90D67jcsPQ8QB2CZVY9etmYbChnMDbVyES8zuDfxOsEDY3t0yj/gG6L5NQcjO0Qlzm2RvU7M4
L0Iop4GlSqNef+OM+fp9IevKqgm5338jr5WmR3cKVcOxsiwpNhxPlWLbAknXJbFwkruCDwIaQxjs4zAGR5+ViBr0S6JrNI+T/X9VbFs6xDdvNmRLSGdFEWyzBQ==
+ikuQmdpX/djv5LIUaufex6HzgaV6atTODsbeoVVAllJN8Xi96drYnZt9NQ9oZj7eH0lLbN0iKuY6yBycezWo4ry9fc3bIBk0SbpvH0nh9+v2CnyBnM15r4vao93ZVazPw==
R9PjBUpPnVrphdCcH3lysVsrJX5eamd7GbKBqE4QPfr69eNBIILDMQszO/jx5F5pg+vVJXZ+/s+D0SQ4u3CWMRxyyHwo4qUOT0R+VE7xOXQubXFPa1gXb7ME
EM4GXqFBzpvfpTPrrmfMIQdJisU2nlBqAzZtaFXjjbxeBBUe2pHLlXDWC/VL9/OsoTD2DSMPfbHm6nZLA1WsrCvkPtW8FmCoeLZtyg+AtgAeJREQDolZW3tMH2uzAA==
L0Iop4GlSqNef+OM+fp9IevKqgm5338jr5WmR3cKVcOxsiwpNhxPlWLbAknXJbFwkruCDwIaQxjs4zAGR5+ViBr0S6JrNI+T/X9VbFs6xDdvNmRLSGdFEWyzBQ==
hNIpE/GmtM81Na3vfIw1rnDswxqtpTpZccftgi93IyK+3Yx01TEAe+Dtjc0LBEBr0Lv4UhncLqPywh3Xb7xIJJnWUdzVtx9fN0hBUv7DfSZ2fzJvXxVuswc=
4XuGpMLBsrFPBxxO8NUZG//k59XacfL51qIoVvMKFVRV3/WArjhtIjqts6mA6nPJi0uLEFGMjrHDswUNFlYO94Pp1BDbWEZpXKoYFIgKFXbPvM487hlpLO61IWeLcGdXszw=
L0Iop4GlSqNef+OM+fp9IevKqgm5338jr5WmR3cKVcOxsiwpNhxPlWLbAknXJbFwkruCDwIaQxjs4zAGR5+ViBr0S6JrNI+T/X9VbFs6xDdvNmRLSGdFEWyzBQ==
Udfeipw4dgVE1oC8NY+xgHDtwxqtpTpZccftgi93IyK+3Yx01TEAe+Dtjc0LBEBr0Lv4UhncLqPywh3Xb7xIJJnWUdzVtx9fN0hBUv7DfSZ2fzJvXxVuswc=
7l6dO872JENiaNLj/CfP74G3TxNKsmKLRotGNLTMe4SR1tVZeQo2pvmwitsPUyiE1ytr7ee6qTL6AxNlWVfemEq1wy8YWoOGkjssnOQu4CTxVO/a4tbWZ13e/qM9fYN+Y1WzOg==
L0Iop4GlSqNef+OM+fp9IevKqgm5338jr5WmR3cKVcOxsiwpNhxPlWLbAknXJbFwkruCDwIaQxjs4zAGR5+ViBr0S6JrNI+T/X9VbFs6xDdvNmRLSGdFEWyzBQ==
9eJzxIyFR9fnA+gdNwfm1XDuwxqtpTpZccftgi93IyK+3Yx01TEAe+Dtjc0LBEBr0Lv4UhncLqPywh3Xb7xIJJnWUdzVtx9fN0hBUv7DfSZ2fzJvXxVuswc=
4/6up+lbMpQm3l/zhc5i/VSdRhRpqtE8Mo778pG/R9OXlZ63T2p9M/ny5PmefNcF+lua2U+FWaDa+0o/ajq7KJTjyDY/v324UjSD8gOUFwNl/838w9psZyf2rDtgh31hVLM9
L0Iop4GlSqNef+OM+fp9IevKqgm5338jr5WmR3cKVcOxsiwpNhxPlWLbAknXJbFwkruCDwIaQxjs4zAGR5+ViBr0S6JrNI+T/X9VbFs6xDdvNmRLSGdFEWyzBQ==
uUOjn529PYSWWU7QBxQMB1srIX5eamd7GbKBqE4QPfr69eNBIILDMQszO/jx5F5pg+vVJXZ+/s+D0SQ4u3CWMRxyyHwo4qUOT0R+VE7xOXQubXFPa1gXb7ME
qZL2l4jxie+mUvNy9xmr7zdUmNseV6YQ3OCLsOnq1V1xBiay4ayqPyc/GHDvVyspL/b55iJfc8Gx+64ssglDq5DWExIKp4z4TMJQUEmoL56qGgYzBQIeh1VRc0obabM+
L0Iop4GlSqNef+OM+fp9IevKqgm5338jr5WmR3cKVcOxsiwpNhxPlWLbAknXJbFwkruCDwIaQxjs4zAGR5+ViBr0S6JrNI+T/X9VbFs6xDdvNmRLSGdFEWyzBQ==
XKXkyvdkyrUh2ribRneG3nDgwxqtpTpZccftgi93IyK+3Yx01TEAe+Dtjc0LBEBr0Lv4UhncLqPywh3Xb7xIJJnWUdzVtx9fN0hBUv7DfSZ2fzJvXxVuswc=
lNfM9cYTIpcW99BLsU6oyPGPMF+oqD0diiDaHfbGAELjHh1QVdv9lL4sRUYaSZv90D67jcsPQ8QB2CZVY9etmYbChnMDbVyES8zuDfxOsEDY3t0yj/gG6L5NQcjO0Qlzm2RvU7M4
L0Iop4GlSqNef+OM+fp9IevKqgm5338jr5WmR3cKVcOxsiwpNhxPlWLbAknXJbFwkruCDwIaQxjs4zAGR5+ViBr0S6JrNI+T/X9VbFs6xDdvNmRLSGdFEWyzBQ==
0XLnARfOId5zwitEvLEpVHDpwxqtpTpZccftgi93IyK+3Yx01TEAe+Dtjc0LBEBr0Lv4UhncLqPywh3Xb7xIJJnWUdzVtx9fN0hBUv7DfSZ2fzJvXxVuswc=
T/MIwI4Sh9ISdPbk1jLIGoydkOeDPD61sMw75xH4+N6RVnMX1UcdFRQj3cKfl5OiLj1cNIXREHvwzV2NW6TQ66AbCBJp/N6jguLtFx8cuKQJdoEchZcPXycokZKuo+2mxh+Cr291XrM3
L0Iop4GlSqNef+OM+fp9IevKqgm5338jr5WmR3cKVcOxsiwpNhxPlWLbAknXJbFwkruCDwIaQxjs4zAGR5+ViBr0S6JrNI+T/X9VbFs6xDdvNmRLSGdFEWyzBQ==
jSco9Nar/BMJkcqBHLAs83Rua2QZvpmkfnwl1prZOy0QTpt9y39jNEGIhsXjR01JxvJmQwNdvLQLHA6dfN4QEJgu/UKPCCaYfp3hWE5BaSNbVA9jswg=
5GAqOWgVHO3YwtkDrK36AFnd7cVBNmmEx29YgM9HKxlPJjmWgs/zcVGr7tySGUOb8AbTYqo3DEiskhCgabgvrsrKxkOlkp43tQEzujt5sw4=
8Q2ch2AKyCUYJMmTY0RDOHo3hQTHpt3hr+rLYkM82ZaIhAlof+vIPKeT61WXAkmKirvTXSlvPqA6jcMXaGJjvuID7CSUlgCcgexvYpJuNt8tZj6bTUVjRhNtswI=
V2Z3SBHGDMS5Or7/LUjEs08kLwCqz5uCkPZzIR/VmujHMnG0rmBHsofJ/suT2cerq1o5e0USeHEa7HP9NhvW4auVXajG27b3LkofsBhjRK6bT7nwLhSf+geEczupP4GEZ0ro77uWEPOktxl5WLMx
V2Z3SBHGDMS5Or7/LUjEs08kLwCqz5uCkPZzIR/VmujHMnG0rmBHsofJ/suT2cerq1o5e0USeHEa7HP9NhvW4auVXajG27b3LkofsBhjRK6bT7nwLhSf+geEczupP4GEZ0ro77uWEPOktxl5WLMx
V2Z3SBHGDMS5Or7/LUjEs08kLwCqz5uCkPZzIR/VmujHMnG0rmBHsofJ/suT2cerq1o5e0USeHEa7HP9NhvW4auVXajG27b3LkofsBhjRK6bT7nwLhSf+geEczupP4GEZ0ro77uWEPOktxl5WLMx
V2Z3SBHGDMS5Or7/LUjEs08kLwCqz5uCkPZzIR/VmujHMnG0rmBHsofJ/suT2cerq1o5e0USeHEa7HP9NhvW4auVXajG27b3LkofsBhjRK6bT7nwLhSf+geEczupP4GEZ0ro77uWEPOktxl5WLMx
N6AW2NSfT3DprdXHVhGq93HpwxqtpTpZccftgi93IyK+3Yx01TEAe+Dtjc0LBEBr0Lv4UhncLqPywh3Xb7xIJJnWUdzVtx9fN0hBUv7DfSZ2fzJvXxVuswc=
0YJsH5wb46KxwGxc2hAfQo+/Tw1Ko2KeRotGNLTMe4SR1tVZeQo2pvmwitsPUyiE1ytr7ee6qTL6AxNlWVfemEq1wy8YWoOGkjssnOQu4CTxVO/a4tbWZ13e/qM9fYN+Y1WzOg==
L0Iop4GlSqNef+OM+fp9IevKqgm5338jr5WmR3cKVcOxsiwpNhxPlWLbAknXJbFwkruCDwIaQxjs4zAGR5+ViBr0S6JrNI+T/X9VbFs6xDdvNmRLSGdFEWyzBQ==
BceKlu6gY9yidUxEjW4ClFz12lZpS4PjvHNXOM4NWp7SoLN30GOpJlJ39u93Sd/9iNc8SIqw/ObcOnikSFo1hs/M7uyuqYm8biWBF0ugB2ezDA==
C6J8C9ehqW+Pl3cPF1iY6yN6xMk2jVs+AHpxfF78xrVYAVtS3N/PtH7hAtIS7Oub4G+xCjJbLqPHpUdxCFukpDr8JMq8FmCoeLZtyg+AtgAeJREQDolZW3tMH2uzAA==
+pou/9qaKDJ1ZaT7L2zBQ97AEFM1+W4oTiTfoy2x1z0BXFkD7Us0lcoNH7p9OUdQHVc0Ja7KnOSoyaWa2kiPohNFwqxcUx86PBhiEw49/KiUms0m/9bv5EHGWfwtB3ffn7h5MvbTpWYOz7rPB0VGsy8=
CI+Kd+sO7A7qEFausBJUy8FKFOA1M+mtr0Gw9MarvNhc3FHyzZSGY70iUqD5FLfnMXcJVBlfODVS0rjEzLH5qhaAS2LXDY7cAOu72tiA3oOCtXgoEBJBtkNOi4TlfoUM4c8zn9vwNQIqK0FGKtfG3wtNQrMr
+kxL1h4E9dfqZRrrtGwcUXfx6idIquQD1NHtpluMaDRjMjV37xoK7c721SaSHIwTEPGj1wVvBVQVRwwFRjpEJBCZzfpC+Acim7VaDPQDZ3pkKErz9i30qJyKtUbX5jckuRbxXLV3/18XCOHSHgMdJla/0u8/VU6zJw==
+kxL1h4E9dfqZRrrtGwcUXfx6idIquQD1NHtpluMaDRjMjV37xoK7c721SaSHIwTEPGj1wVvBVQVRwwFRjpEJBCZzfpC+Acim7VaDPQDZ3pkKErz9i30qJyKtUbX5jckuRbxXLV3/18XCOHSHgMdJla/0u8/VU6zJw==
BceKlu6gY9yidUxEjW4ClFz12lZpS4PjvHNXOM4NWp7SoLN30GOpJlJ39u93Sd/9iNc8SIqw/ObcOnikSFo1hs/M7uyuqYm8biWBF0ugB2ezDA==
C6J8C9ehqW+Pl3cPF1iY6yN6xMk2jVs+AHpxfF78xrVYAVtS3N/PtH7hAtIS7Oub4G+xCjJbLqPHpUdxCFukpDr8JMq8FmCoeLZtyg+AtgAeJREQDolZW3tMH2uzAA==
QGqHn/lpySfRHaSPNtiEfr2s59AfyYAnTnQPwF94jVAuKrc4veMtk3dEBqDHmJBcFXdhawxbLOGD7tYXhkByIhex+GmF6OIFQhlPM+MDSLW4rkLa8AgMaOwykAApmC+OimpG4+Wynhf1obMae1mzLg==
JZoEoU9SismhfBDH9UD2iuLy7N/LUrrvm6woVvMKHVwUzrGBqTFgZTzjt4iO3Xru0lCTJxDTybbS51YfNxk/zYjn3BjKQFx2XKoYFIgKFXbPvM487hlpLO61IWeLcGdXszw=
psOoVSYwoKeqemxjeMep63Yg0Ix5+bWU4eg7JXYRbmsg20VJi/HO3M5l6K1vOafyo041SBTamcX5lejxnLf/rJ7ZUrqSBDujgHeB4vLzXjtnXZdZCHN0XJpkVGJ8/lCwGI69Io/o5jj+PSF4TiGpw9s0T0OzKA==
BceKlu6gY9yidUxEjW4ClFz12lZpS4PjvHNXOM4NWp7SoLN30GOpJlJ39u93Sd/9iNc8SIqw/ObcOnikSFo1hs/M7uyuqYm8biWBF0ugB2ezDA==
C6J8C9ehqW+Pl3cPF1iY6yN6xMk2jVs+AHpxfF78xrVYAVtS3N/PtH7hAtIS7Oub4G+xCjJbLqPHpUdxCFukpDr8JMq8FmCoeLZtyg+AtgAeJREQDolZW3tMH2uzAA==
QGqHn/lpySfRHaSPNtiEfr2s59AfyYAnTnQPwF94jVAuKrc4veMtk3dEBqDHmJBcFXdhawxbLOGD7tYXhkByIhex+GmF6OIFQhlPM+MDSLW4rkLa8AgMaOwykAApmC+OimpG4+Wynhf1obMae1mzLg==
JZoEoU9SismhfBDH9UD2iuLy7N/LUrrvm6woVvMKHVwUzrGBqTFgZTzjt4iO3Xru0lCTJxDTybbS51YfNxk/zYjn3BjKQFx2XKoYFIgKFXbPvM487hlpLO61IWeLcGdXszw=
psOoVSYwoKeqemxjeMep63Yg0Ix5+bWU4eg7JXYRbmsg20VJi/HO3M5l6K1vOafyo041SBTamcX5lejxnLf/rJ7ZUrqSBDujgHeB4vLzXjtnXZdZCHN0XJpkVGJ8/lCwGI69Io/o5jj+PSF4TiGpw9s0T0OzKA==
MKqaGZr9vzB7UQZM2K1np72y9/VL050mBm4l3UJ7gEI0HfY+sOdrwjtWAauSyJRcFXdhawxbLOGD7tYXhkByIhex+GmF6OIFQhlPM+MDSLW4rkLa8AgMaOwykAApmC+OimpG4+Wynhf1obMae1mzLg==
6Kcnwr1bf48FHc4+jlC7GQwd3FUiNsNdTP+eZiLDEhM/ZX+xQBxUPjdp5mQoz+2blHqGRDKj9R1DBdjwmdSTy5qd4JbylKbVi6IUlGFC/dlMFPIPUUpSBGwrIOEyaFpGY55xSoGUD5p3xCMbmT9xZLeKWE8rFmCT9PcpWUizIQ==
FOx9PK13T1lKKDiUQIcqFIdld6skS1m4ICmc4R9DpF9cfScl9AFDHHRnO6RleYm1w9k2zQ5767JbBkGbstiUrPWnodusy6yR476WJ6ZQctL3YTjZJXhidSJJDwPDE0hFWH6CalCYjBiMYtAwCYgvfmq6hlNFIh5nlfHzKltJs94=
07q4gRMIdFwgmSWfKC2U8Hft8SJVtKVTiI29+x3pLHMxfWQvhghYv4/j1CaUFoQTQ7HlnU58H1QVRwwFRjpEJBCZzfpC+Acim7VaDPQDZ3pkKErz9i30qJyKtUbX5jckuRbxXLV3/18XCOHSHgMdJla/0u8/VU6zJw==
9uSlcSxQQ1owRHZ5zbvgszty0sV73BcsSX12ehTyyb1ZDRhZ3N/PtH7hAtIS7Oub4G+xCjJbLqPHpUdxCFukpDr8JMq8FmCoeLZtyg+AtgAeJREQDolZW3tMH2uzAA==
QGqHn/lpySfRHaSPNtiEfr2s59AfyYAnTnQPwF94jVAuKrc4veMtk3dEBqDHmJBcFXdhawxbLOGD7tYXhkByIhex+GmF6OIFQhlPM+MDSLW4rkLa8AgMaOwykAApmC+OimpG4+Wynhf1obMae1mzLg==
rlfDdC6ccB6CBsnuaiDWN3Yj0Ix5+bWU4eg7JXYRbmsg20VJi/HO3M5l6K1vOafyo041SBTamcX5lejxnLf/rJ7ZUrqSBDujgHeB4vLzXjtnXZdZCHN0XJpkVGJ8/lCwGI69Io/o5jj+PSF4TiGpw9s0T0OzKA==
q1Bx5BxS9u/g9qPcBeX26b2x9/VL050mBm4l3UJ7gEI0HfY+sOdrwjtWAauSyJRcFXdhawxbLOGD7tYXhkByIhex+GmF6OIFQhlPM+MDSLW4rkLa8AgMaOwykAApmC+OimpG4+Wynhf1obMae1mzLg==
8aZbUWKVh4LeZRyylfMIFodld6skS1m4ICmc4R9DpF9cfScm9AFDHHRnO6RleYm1w9k2zQ5767JbBkGbstiUrPWnodusy6yR476WJ6ZQctL3YTjZJXhidSJJDwPDE0hFWH6CalCYjBiMYtAwCYgvfmq6hlNFIh5nlfHzKltJs94=
9uSlcSxQQ1owRHZ5zbvgszty0sV73BcsSX12ehTyyb1ZDRhZ3N/PtH7hAtIS7Oub4G+xCjJbLqPHpUdxCFukpDr8JMq8FmCoeLZtyg+AtgAeJREQDolZW3tMH2uzAA==
fXuw8GzTF/FWc12zpFfT0yh1w9QukExqUHYjKhDyyb1ZDRhZ3N/PtH7hAtIS7Oub4G+xCjJbLqPHpUdxCFukpDr8JMq8FmCoeLZtyg+AtgAeJREQDolZW3tMH2uzAA==
/mRp6o1VXmXR1Eu8E3PQGvbB8OS3oJB0RS/B47wjbAmT9rbfdvjyisdp2GG1ECJt0oGve5M7SJ3o9uJSQHBMgPwq8MjZIK8mWrJm69VKXn9lOVNSC2GzBg==
hdQg0NW9NmFS57YnKBO1HmdpenVM8sLjZ3NrmpyXPwweeZJakmR7AwDXwcLyEx5b571XeQhTtLwaBBSCfN4QEJgu/UKPCCaYfp3hWE5BaSNbVA9jswg=
0puJIdgX794Bbh/1hlsq/Fz12lZpS4P+vHNXOM4NWp7SoLN30GOpJlJ39u93Sd/9iNc8SIqw/ObcOnikSFo1hs/M7uyuqYm8biWBF0ugB2ezDA==
C6J8C9ehqW+Pl3cPF1iY6yN6xMk2jVs+AHpxfF78xrVYAVtS3N/PtH7hAtIS7Oub4G+xCjJbLqPHpUdxCFukpDr8JMq8FmCoeLZtyg+AtgAeJREQDolZW3tMH2uzAA==
fXuw8GzTF/FWc12zpFfT0yh1w9QukExqUHYjKhDyyb1ZDRhZ3N/PtH7hAtIS7Oub4G+xCjJbLqPHpUdxCFukpDr8JMq8FmCoeLZtyg+AtgAeJREQDolZW3tMH2uzAA==
fXuw8GzTF/FWc12zpFfT0yh1w9QukExqUHYjKhDyyb1ZDRhZ3N/PtH7hAtIS7Oub4G+xCjJbLqPHpUdxCFukpDr8JMq8FmCoeLZtyg+AtgAeJREQDolZW3tMH2uzAA==
QGqHn/lpySfRHaSPNtiEfr2s59AfyYAnTnQPwF94jVAuKrc4veMtk3dEBqDHmJBcFXdhawxbLOGD7tYXhkByIhex+GmF6OIFQhlPM+MDSLW4rkLa8AgMaOwykAApmC+OimpG4+Wynhf1obMae1mzLg==
IrNjrJ1cAxMug0XYTYRdvTG7hxeN57dTeGEbN81fHVQNd8Tl/qosZDhp1doKqL+iY2USbOwzj7rMuDJTPt3sqIT6/eYvdp9k0SbpvH0nh9+v2CnyBnM15r4vao93ZVazPw==
1fU/MVautsBPHXAjKwnRAuvKqgm5338rp9S3A3YNXM72tGItFxJ4nEWCGVHgZO43larWXBA7DCnW6D4OT46NkgX0S6JrNI+T/X9VbFs6xDdvNmRLSGdFEWyzBQ==
Ifh6tmwsLNjQaA2K3Bxr0yh1w9IukExqUHYjKhDyyb1ZDRhZ3N/PtH7hAtIS7Oub4G+xCjJbLqPHpUdxCFukpDr8JMq8FmCoeLZtyg+AtgAeJREQDolZW3tMH2uzAA==
fXuw8GzTF/FWc12zpFfT0yh1w9QukExqUHYjKhDyyb1ZDRhZ3N/PtH7hAtIS7Oub4G+xCjJbLqPHpUdxCFukpDr8JMq8FmCoeLZtyg+AtgAeJREQDolZW3tMH2uzAA==
uwWyr0ecE4XAnHajDvRzJQmiJ3Xh0LsbYj2o5upUXkXDwgykicJVqVQ0Op/pCko0pMuYsVpospbb/jl6mVS3Cj/kO+sxvxlUr2qQ31NWeGM8V1EJYLMJ
Vq54PXpTi8MXKtirDupdYvva5+zy7pl2WCDd+/8obAmT9rbfdvjyisdp2GG1ECJt0oGve5M7SJ3o9uJSQHBMgPwq8MjZIK8mWrJm69VKXn9lOVNSC2GzBg==
Vq54PXpTi8MXKtirDupdYvva5+zy7pl2WCDd+/8obAmT9rbfdvjyisdp2GG1ECJt0oGve5M7SJ3o9uJSQHBMgPwq8MjZIK8mWrJm69VKXn9lOVNSC2GzBg==
bXNCHOsKBMtPnHyifvIsiFnd7cVBNmmZx29YgM9HKxlPJjmWgs/zcVGr7tySGUOb8AbTYqo3DEiskhCgabgvrsrKxkOlkp43tQEzujt5sw4=
8Q2ch2AKyCUYJMmTY0RDOHo3hQTHpt3hr+rLYkM82ZaIhAlof+vIPKeT61WXAkmKirvTXSlvPqA6jcMXaGJjvuID7CSUlgCcgexvYpJuNt8tZj6bTUVjRhNtswI=
j4EQl23Obw7MQrazHIgKBbys54tL05csVGUiwHNuhVUmCv4a/ucogHRCDb2J0pkYVXZmYgEcKq+Hz9ggj2crOQ+GuTbC7/NREQtufNI5Q7uwplPC6hcMaOwykAApmC+OimpG4+Wynhf1obMae1mzLg==
tqpOY9rSIfn0ABh90ObjSjSxmxHs6mUfO8Ptgi93IyK+3Yx01TEAe+Dtjc0LBEBr0Lv4UhncLqPywh3Xb7xIJJnWUdzVtx9fN0hBUv7DfSZ2fzJvXxVuswc=
HKut9+n1U0fDXY1sfOlOJGY/mU3Ysczg4P2ZNA0y1p6JiEpjf+vIPKeT61WXAkmKirvTXSlvPqA6jcMXaGJjvuID7CSUlgCcgexvYpJuNt8tZj6bTUVjRhNtswI=
Lwxd/Wfk6FaHkDzOXVhLPe/KoEzrmSI4oYvwSTkEWsuwvmdkIQFjvmnMH1fzVqt5kruCDwIaQxjs4zAGR5+ViBr0S6JrNI+T/X9VbFs6xDdvNmRLSGdFEWyzBQ==
Kf5kCmumQIDvPWCfvJVttxoEfcU+7CmW4egEGIfTLWJRxJJXXLADI1BFLHykjmBEMXTv+iK2VscdPv7D/d0DniN1sxo=
dwdVUd5SQWUIwIIZKwExI1DQ4c1CISzTgnhFtsBNOR5XFjmP2cTkbE+PncbJSBLD9AzTZ6gpDEiskhCgabgvrsrKxkOlkp43tQEzujt5sw4=
FfXKmkAgQLwRG9oAcUEKaRKs0q4MCPr1nQc+Wy3AjOZnhCkucY/zPBWVtME7l3fyotYvt4KODuQhhrl8TUeX37/42bJWk4VmLo8aT6cFZrMP
muPl4s/I8Sx0O9SbsbSGT1jsLDSuj/xRLTSu46xeWwz10ReGpYxTr0cGf9HuGx5nturXgGBjvJ7T7yFghlS3Cj/kO+sxvxlUr2qQ31NWeGM8V1EJYLMJ
E1NCFcB5nMpdbcTOadniVBRys+x6Eq4c066Iuq7l2EcqTCi96a2mdGooBVzEXDw0MdKK/Ctfc8Gx+64ssglDq5DWExIKp4z4TMJQUEmoL56qGgYzBQIeh1VRc0obabM+
qHmvrrDzqqQfe5vgP+BFVmdV+Rpb2v/LobqQsg+As/UAZr3+2UAS28Qks5/44cwQXPqwGPkwrzZ6YiY7ddre78XpE4IrcbMW
5Mwz//tFU6+XP/7F6rYA7CmRlqolSfHsjwZ2WCeHiuN3xyEkP4n/K1SqtcE7l3fyotYvt4KODuQhhrl8TUeX37/42bJWk4VmLo8aT6cFZrMP
Lp5vtWnCIohq5Ord8Wo17Fo47Mk0EPXzUMNtMzMsPY0FO26O1ylpo62yeGJ9X+AqtHTbAjv037MNf2WMC/oUV/+2FKv4J7UxfLMV
+4HNwtfhiZ65DV/ccjttkRYvrrXHFeUvmlPJROc5t+sceo3h0+dv8romR5e63sak6TbhnCXXL19HaHESDmPNpubf4i+PNX6zFw==
BKHR0dSZvbfw8gU99kqcLmz4wPIPNiTGzD0U6slFMwYVEnDK38jzLXCOncbJSBLD9AzTZ6gpDEiskhCgabgvrsrKxkOlkp43tQEzujt5sw4=
Lp5vtWnCIohq5Ord8Wo17Fo47Mk0EPXzUMNtMzMsPY0FO26O1ylpo62yeGJ9X+AqtHTbAjv037MNf2WMC/oUV/+2FKv4J7UxfLMV
wsfJ0cAfj/f1cHVJl3aCr7DbYh3s82RfmxaUCv7PGie0RBJ3Gci3nbY4C0waAJj92gm9h59FHfBIhHtSY4uMvPXY3SJSNViOS8nsE/xOsEDY3t0yj/gG6L5NQcjO0Qlzm2RvU7M4
7ajRsfyaILQRdlzauoiOPN8TjHBHgS8BtK4lWT6F4pLSUghCW4W1hctjiqmk/0U0O4HjCyhicbGfD/tyLk6LR8bG8sQ9jr1sqX/bH3OAfSLSGxkGkkdef0MdarMD
3W6daKAQdjk+Elq+MUdxYxLcWhBovbJvJIb5/9C8Gs+ZiYD5XGpsDray5fmLffUftEmag3vMBf3d+xYeT0mhc8WykDI1v3i6TDSD8gOUFwNl/838w9psZyf2rDtgh31hVLM9
MTZ56PQBPzVnN1hzJaLcmBjah7AqUlmxr23xJ1gJNnv/XOE1odsKFmu55SspMvzq8c9cslAUf7pnBJN7yT+hxMfKSK+bljCzBDe5OXizEQ==
o0XJ71h47N8jHQcWtjL5YmLnzk7Yu/RcOHxeepZcHA0vatHq1+lhYj9u9N4Kp5KvMiMRZO8pj6vEygUBa7eH8tL2//cybp5k0SbpvH0nh9+v2CnyBnM15r4vao93ZVazPw==
o0XJ71h47N8jHQcWtjL5YmLnzk7Yu/RcOHxeepZcHA0vatHq1+lhYj9u9N4Kp5KvMiMRZO8pj6vEygUBa7eH8tL2//cybp5k0SbpvH0nh9+v2CnyBnM15r4vao93ZVazPw==
SHzUfKBkmdWsBJ2BmaXKnikMvznDD0EWCE/bKkGmFtCY+AHUtNmJ9VpyBUUX0smisobcS7TPFM8HfOkleZuy5uPZPftBMhS6qS/UwujUJ6pvJOvLIb8JNP+qQL/D1sgDjJdhaVCzOQ==
vbbkk9lU2cjehgZZ8RCdEiWmiwCb6eUWbGdWNJBLGwkCfdbi5rokIndt4dUfu9bpeCcRZO8pj6vEygUBa7eH8tL2//cybp5k0SbpvH0nh9+v2CnyBnM15r4vao93ZVazPw==
hdD8FpFWygnpGNsBwFj7q97hDA1OvXH5FZ1ONrmNeNmN2MlHNxk2t+T/ytoPRimmzWV57b2O4G6nBBM5eHKtghHkknccUIODkCUsnOQu4CTxVO/a4tbWZ13e/qM9fYN+Y1WzOg==
MTZ56PQBPzVnN1hzJaLcmBjah7AqUlmxr23xJ1gJNnv/XOE1odsKFmu55SspMvzq8c9cslAUf7pnBJN7yT+hxMfKSK+bljCzBDe5OXizEQ==
2YQgmog7fiE4BHb8fWAv5a6M4hj8kiQopo2VHmMCdY27smUqNhZ4k2iPSBfjbO0tlbveLidpWUO9smgCTZ+QigT0S6JrNI+T/X9VbFs6xDdvNmRLSGdFEWyzBQ==
a/9evWt/7ceBF8BRX7M9HRB1YyxEK25pVvyIu1UZI/36qe9EPOGIexkzYcy4uANug7f0AAVkpZ7SiSAyu3WULxxyyHwo4qUOT0R+VE7xOXQubXFPa1gXb7ME
W3oZPVfj7snhz/Ow4IK+T0FStcbFaA/w5xPKyeezp13+ueCu2ct84v4ObERfSvx+GtecRUoP0+6NmNDPlIz+zZaykOWTgIweyMkiU4PsDe21u77ux+n5A92yiMLtH/DK5PRr4gu0b1PdfzUs+7pkdw82RIvo5yVRTLMl
FK0bGOv+dmXEKFvKpEpv3FJx9r6GWrpp0FfJROc5t+sceo3h0+dv8romR5e63sak6TbhnCXXL19HaHESDmPNpubf4i+PNX6zFw==
QBBP96z6QhazHTmt770w/HeBrLygspInYd7TNoRkYnCbUDZZC3HA+v/xhUJbVgjuRu9Wb3Zr3ZRTUStLYFKZkec/A3JWfnNnrvY6BHXeVcwx70Of6xDlwnpL0cbaN3afe21Sszs=
vbbkk9lU2cjehgZZ8RCdEiWmiwCb6eUWbGdWNJBLGwkCfdbi5rokIndt4dUfu9bpeCcRZO8pj6vEygUBa7eH8tL2//cybp5k0SbpvH0nh9+v2CnyBnM15r4vao93ZVazPw==
JL169o6DoUaQ7smdyfnTExLcWhBovbJvJIb5/9C8Gs+ZiYD5XGpsLray5fmLffUftEmag3vMBf3d+xYeT0mhc8WykDI1v3i6TDSD8gOUFwNl/838w9psZyf2rDtgh31hVLM9
MTZ56PQBPzVnN1hzJaLcmBjah7AqUlmxr23xJ1gJNnv/XOE1odsKFmu55SspMvzq8c9cslAUf7pnBJN7yT+hxMfKSK+bljCzBDe5OXizEQ==
SHzUfKBkmdWsBJ2BmaXKnikMvznDD0EWCE/bKkGmFtCY+AHUtNmJ9VpyBUUX0smisobcS7TPFM8HfOkleZuy5uPZPftBMhS6qS/UwujUJ6pvJOvLIb8JNP+qQL/D1sgDjJdhaVCzOQ==
vbbkk9lU2cjehgZZ8RCdEiWmiwCb6eUWbGdWNJBLGwkCfdbi5rokIndt4dUfu9bpeCcRZO8pj6vEygUBa7eH8tL2//cybp5k0SbpvH0nh9+v2CnyBnM15r4vao93ZVazPw==
hdD8FpFWygnpGNsBwFj7q97hDA1OvXH5FZ1ONrmNeNmN2MlHNxk2t+T/ytoPRimmzWV57b2O4G6nBBM5eHKtghHkknccUIODkCUsnOQu4CTxVO/a4tbWZ13e/qM9fYN+Y1WzOg==
MTZ56PQBPzVnN1hzJaLcmBjah7AqUlmxr23xJ1gJNnv/XOE1odsKFmu55SspMvzq8c9cslAUf7pnBJN7yT+hxMfKSK+bljCzBDe5OXizEQ==
pih+7GRVGz+my9jJFmqOlQ5A9KxcJC7Sq8xx8R+tTaiovAt6o+M8RFWADQpSHYjW6zFcezxmwHg4ho3aD5DWMN51seCOObkLO7w/e7MQ
M/3ZuPqskjzzMTTUpYjr+Bs214V2NQrYWl65796blfRLYVOLuMIhca9v63I+rrsHFmZiRI3uTSz5n+sfg6At4mK76YYCpw4/sz16sxM=
N6HUQpQn6nZMzYXsHA9Avw9ybjsQKCJjWP3e4kAfNfv2vq5WPa7oOhwuJdyC/ldpg+vVJXZ+/s+D0SQ4u3CWMRxyyHwo4qUOT0R+VE7xOXQubXFPa1gXb7ME
aTn8UFdIeXJRRomy0wJwKuRbnI4iSm1TxXRMaHMPa5QVR1n2tyEZVmVVFhBGJW/cvOe2joGoZ1n1Mt+sqZslTq11dIvEo+SC1XRaIwZqUYdzpFxErS7trFlfyx9jYE1igvuJhuLnrr8TfVqzMw==
P3+t0/OBOsHh/+auQEDFV1o+dCbbiyPY6gjVo40MoyvPRiGtr87j2ZCQwKnpRAprID4XxNHBE555zA83w5YbGSI7Em9S2pM4nOPAJhffRWiKdPtC23S/c+1/RUyrerSXn7b065inFXFcszU=
djNcx1ZhIXxz3qGi0ZkErl5dvlU2SSTYhzqm/TggubZowg0Qvgz/3JIqF1dQheOikPu9j1ZKZjItqgAOXJrNWBKan52jn93BpjqWewNlTHxrlJ5FPIYAGLhmTboPcJZQXpXxgI4Z+au7HH9bszA=
djNcx1ZhIXxz3qGi0ZkErl5dvlU2SSTYhzqm/TggubZowg0Qvgz/3JIqF1dQheOikPu9j1ZKZjItqgAOXJrNWBKan52jn93BpjqWewNlTHxrlJ5FPIYAGLhmTboPcJZQXpXxgI4Z+au7HH9bszA=
LF6UsfWK/WIhVLgRClwU+U8kLw/v3pCeh/tvEC7IkevBPH/T62ZFtZPe79GUkMSh5VQ2c0QeMzwN8V/WPQzL/4/mR6HG27b3LkofsBhjRK6bT7nwLhSf+geEczupP4GEZ0ro77uWEPOktxl5WLMx
LR4bX4NZ+KUxtRPQClJrmoiShvSFaCi4sch29yK37duTTDpDjwlfUARnl8yQn5KuZXBLKan6G2zt03n+Qa3Q66AbCBJp/N6jguLtFx8cuKQJdoEchZcPXycokZKuo+2mxh+Cr291XrM3
e3Ppd+9yzSY8pymSmp8YvSrcFDSZ8ANC9is4EUkWokQVVy7Ck1aRgnlvB1PrXa3UE1iil8cYaw4Q14GCwL/12/be7ra9DqhaHM7lfAKel4mDy5WF9p4+74Px5Ng70NYRHJIIHKhCZe5PJD70zhF5FC5Nse/rOFdPsyQ=
U8TZwt3/PJjH7VoSyWU3j0NStY6TNU2l4VbK2u6t83zvve6Elc875/EJPlUcX+hjD8uRWFALxa3N0JbD3YT6i5C+h6SBgcN+icw/F5PWS7myu+LP4prjWIzj0MbnH/XI+vRr4gu0b1PdfzUs+7pkdw82RIvo5yVRTLMl
HytrHIm2y1OJ0AlhdtClDUNRtY6TNU2l4VbK2u6t83zvve6Elc875/EJPlUcX+hjD8uRWFALxa3N0JbD3YT6i5C+h6SBgcN+icw/F5PWS7myu+LP4prjWIzj0MbnH/XI+vRr4gu0b1PdfzUs+7pkdw82RIvo5yVRTLMl
yv4IXkBBSpumKJjlkl6ceUNQtY6TNU2l4VbK2u6t83zvve6Elc875/EJPlUcX+hjD8uRWFALxa3N0JbD3YT6i5C+h6SBgcN+icw/F5PWS7myu+LP4prjWIzj0MbnH/XI+vRr4gu0b1PdfzUs+7pkdw82RIvo5yVRTLMl
8N1Wi56dQYVvQcNnEHy8h0NXtY6TNU2l4VbK2u6t83zvve6Elc875/EJPlUcX+hjD8uRWFALxa3N0JbD3YT6i5C+h6SBgcN+icw/F5PWS7myu+LP4prjWIzj0MbnH/XI+vRr4gu0b1PdfzUs+7pkdw82RIvo5yVRTLMl
saFah1rvc+HrJOeCr1fjD0NWtY6TNU2l4VbK2u6t83zvve6Elc875/EJPlUcX+hjD8uRWFALxa3N0JbD3YT6i5C+h6SBgcN+icw/F5PWS7myu+LP4prjWIzj0MbnH/XI+vRr4gu0b1PdfzUs+7pkdw82RIvo5yVRTLMl
o32a0h4NvXuW+Gny8OCh7KAK0Dx+1kZCel0HlHMdUizBn0+fvUlybSiPPIvzK41wZDvRtcHQmtvJtM6jjF57TFVR90bFjHNv54YfEQ4bficWanfAAGNcXnNvgaBmVNdK32SbqxG/+RTP6jAfc1ZYo9zXMUlAsyk=
RU09gGSKhWmfRnzBnrW8tRUFrrNeH7bp/NeB7G6axeWalMs87ewZzaP1Q8dBKuPKNiF/kveAkFUFBEgFeUVmLBogJaQU9LysgRpqxDs3MxlBcw5U4iFDs6Cec6qaT0ygPMpwqJkArwYa0uYLFWpeX6XZ0zJLQbMm
rt2ov2dOoNtrQGh4GyJU7hUHrrNeH7bp/NeB7G6axeWalMs87ewZzaP1Q8dBKuPKNiF/kveAkFUFBEgFeUVmLBogJaQU9LysgRpqxDs3MxlBcw5U4iFDs6Cec6qaT0ygPMpwqJkArwYa0uYLFWpeX6XZ0zJLQbMm
U7A7HlgoKk0bPIxVlLi69xUArrNeH7bp/NeB7G6axeWalMs87ewZzaP1Q8dBKuPKNiF/kveAkFUFBEgFeUVmLBogJaQU9LysgRpqxDs3MxlBcw5U4iFDs6Cec6qaT0ygPMpwqJkArwYa0uYLFWpeX6XZ0zJLQbMm
LSp3/i6cY7eAgoPPpHMH8BUBrrNeH7bp/NeB7G6axeWalMs87ewZzaP1Q8dBKuPKNiF/kveAkFUFBEgFeUVmLBogJaQU9LysgRpqxDs3MxlBcw5U4iFDs6Cec6qaT0ygPMpwqJkArwYa0uYLFWpeX6XZ0zJLQbMm
jsMslbFIGu6tGzzySMRfzxUGrrNeH7bp/NeB7G6axeWalMs87ewZzaP1Q8dBKuPKNiF/kveAkFUFBEgFeUVmLBogJaQU9LysgRpqxDs3MxlBcw5U4iFDs6Cec6qaT0ygPMpwqJkArwYa0uYLFWpeX6XZ0zJLQbMm
UHzs5DBJpwalmT97Ua6Ov/bB8OS3oJB1RWTI5bllZgzawKXEVNS8jMF66iT7FzM5gZOONKIBQ5Pg/vNKWm9MgPwq8MjZIK8mWrJm69VKXn9lOVNSC2GzBg==
pSJ/mIiRo9bogtP4qOicPkwkLw/v3pCeh/tvEC7IkevBPH/T62ZFtZPe79GUkMSh5VQ2c0QeMzwN8V/WPQzL/4/mR6HG27b3LkofsBhjRK6bT7nwLhSf+geEczupP4GEZ0ro77uWEPOktxl5WLMx
xZop6+lgcPdfFzjK0qOy0Fqx+kifPJNZyHKlMnTwpCs591BZNwyE/dZyuDP8LnCgWH4dUo8YRkg+LQEozvHJ0xuEL3OzGA==
PV8il2J4CM7NalbRyVYqCVqx+kifPJNZyHanPHTwpCs591BZNwyE/dZyuDP8LnCgWH4dUo8YRkg+LQEozvHJ0xuEL3OzGA==
Kzumg2EPNIZx9zVpVghmfoaOu8gfUN+oNlxpf2VGpVivMFgvKAg3ciLNtaTZXtjkCJoBPI4T42t0ryb1bVBK6tFktQh0dyATc8m+cq+ij0cClctGO1J9XMQRVzxaJJevtv47JHBPd4gL4RSkfz2Vcu4BJQOuz4m+CsV8MzSJzV6AWc7EfQ79bOn/mx8zAD0ikpvZBlLHnn+Dnaqzww==
0YzKD/CEsLRZOSn5Ov6PUJdW/wLJQ/Agt/t9Y47JX////zl11i4dZHk0Y7JjFLdDhf/tPKNazCcH9sz7wAedIXSzHQ==
zAvTaIkvoPLBFHJDr7wlbMij5PadALicCKPDPhddCYqbxOS9/w34Aeb0xSsnKam9RCk+m7WM6YdNXzxvWXwKQaHPWXRgNDOnMzz+usjOoGlPGPyT9rzLg+g8LAFlVGQ2r0t0hp8O5muHspvPdVpiR7tT0927xlqVr+msLMQ+oLSRJO+qgkaWd31ufhMdbUPug6Wzyg==
7XGGm11dacVZ6XI/+FEUQh5hpJUnE6jvXt87ajVlP4YeKiey9ikh7+/oJFluRv0NpHTbAjv037MNf2WMC/oUV/+2FKv4J7UxfLMV
Y3wugg9PEPug4e4Lm7W3ETfV4vL36NM2V8nVOpp5U2epHx8aHX/Ntemwg0BOVRSlRuRRb28l1JRBTSVcOzqu3ahyWBdPYmB6teI6BHXeVcwx70Of6xDlwnpL0cbaN3afe21Sszs=
/DzvO8XIMA66fCyLgVOvvPaEJ1eNrSoBhh6IHc/VDwesVF1eWt65kPkuSkoYFZvhkQm2gJ9cU/lIlmdcdNDki7mXkHk3LESdVtL4E/xOsEDY3t0yj/gG6L5NQcjO0Qlzm2RvU7M4
LOw1UsSI8Cec9aKRUiutTRd+YCxRRiViWuLBrAkSMvb4qeNdYbXOPF9gK8W4qh9glOycN0kr6MW3kDwhpm6ALxxyyHwo4qUOT0R+VE7xOXQubXFPa1gXb7ME
0MSpOrx1ayCTAlZsWEwvyyppy9cvmVEZQ08tZlrmybgZBhoS2M3LiTHhBvgfpOOR6H63BDQINKPZv2BBNxS0tTb6KMu8FmCoeLZtyg+AtgAeJREQDolZW3tMH2uzAA==
Z0b/G+Gfz/G0CJvdI8imVgNa5PIeq3ADdE8tZlrmybgZBhoS2M3LiTHhBvgfpOOR6H63BDQINKPZv2BBNxS0tTb6KMu8FmCoeLZtyg+AtgAeJREQDolZW3tMH2uzAA==
O3yODCJSELdpQfkB0nTzVXM1mRjFp93noeDaZE02kZyGhEg/f/eJC6qevwaHPwDEy7LEWmB9AfUsh/dWcHt+oPQd7CSUlgCcgexvYpJuNt8tZj6bTUVjRhNtswI=
Ep7+Vk3S7RHDuul+pEvLslkvZxYNetC5/cR4KEYNwvCpm9NBSHmgab7e48mkpkEjIBBGGEll6LvhSCtujzgVV4vLHOBEgUoAKlJmsJsnQgsRrNFuNxv/Vpd5ws4QDNOfQwQ+Arh2QNE/IPyrhgQrO5iE7DkVbIQO3/P0Pu82BlP3ilt3BeKC/8tr0+XLfrot31FsFLQGQIzhnG8S8n52Tw1Wvqtt1aNW852z8g==
GR/sHXVg1oYfSGBZx/Rurh5hpJQnE6jvXt87ajVlP4YeKiey9ikh7+/oJFluRv0NpHTbAjv037MNf2WMC/oUV/+2FKv4J7UxfLMV
MMxGmY8VCHboGNOMv8Xe4OkdQS9MpS6nEpYxqw1RZfARCKuOzc0IPIrd2228jekUzqTsZF0tsKopxybPXlTgv2YNZjDfS8skIDuvNMXf6MDxn3IqRb2CZNx0kzhoPMZm2CKl5EV6t//uzY8G/WmQuR2Tf9yJSdvC86w/80duP2/kvbqcZULVqUt3QZ2zgK0NTcza8s+YlSK99ieMTpZfj9rOJFpVJS5w2cJR8c5Rb/VRBnqRPIkMCkN0/I1L3fCPKGFCf77FAqBuSfGzKzlni+VR0oaajftbMMNAF28IGwJlg6REQa8ewecxVxVt55guH03OCw2soqXITlHQ3qmyUMWxwLw6/JKTJjMxxQvT3L3g4pYliuQRH9gKZTB+ISaYk96Dd07R74WwN6CIArZVMaJUZUTxz1nly6THeXfAQyPi0AxeiznHrm7MVHQo58uafBV6NlM9fE6cl5nOzFjL6ZRgM6SeNTNgS3kpICqJf5GTm/eMgmt729x6+ORImrVHz4xurK5pCXxu5QFXS+CHp7PM
PqXDC07tOhi6R49lT3Pr62h/rzKfm+uNBKfL/g7cCaorPBT+2ELDgpaWkVjDsj6EL1Ik/pfcH6E01a4n+FzUT2TA5nHgcxOzKOn5yBT5RZEUIgWx2DxjmU5QyaQrNdmMh1wTaLVbfcn5NUJmQjmXicI6XL00EbU1mikPq9N5MoO1BTq0imRlSWG3tGOYV6yni6cITcvU+9Orh8+F6UGtam2FuqqZGoOZ5mwNkQ2nIHo6BVCx4dQ4QBq+h9vLegzPRgoauBbcxlImoP0G5idC/3ItziWWHE/G/ql2yBxmdgszAfdVlNpdTawc/O8+YQSZzLJLP2og4jH/0OgQsZeRmvIIhRUGnsWWX3AOjlyndJ9YVjhgZRisFleDcmCVg5HaWnwtYwk9LgKSLXh4eNbZNl2/FMIzS20N3Gvo05vBeHPbOTbyJxJn51rlc4bjAgV8LAFfPFI0f4/OruPkyD8vKONRnCT3zT0StrHdw/afsV4i1XQzPJnlPriJFoQFviWMQY8Sn7uwVYJKa2FGChdmX+uNorPL
CpbLi51b70W7HrOKCF9nZI3I6O7gGZlLNeYImtQVMz/nvFu2mV3qJGxl8iCq1cVTSdcotPym5cRkPN3l/R3it0jgf09dtovZnDkqAP5Q9R0dO9J27Kmc2zlFcf9/YhDRqyqdHQR2cSWG5C2vnoKMPjfG0F6KsPg4scqNyMt5HmfLWOVrvM/dactSIZsH5OOm280/zLP5hOducm0w6W/7HcUDa8LBO032rrwnCglEbTwD8nZ0k9l6VLD0HRfSdqnolS9W08MDEXxOnxTbUKzT/pgzs//8mci7FhE2N77mXqP1rXP7iz1l6yZI8p/nvWCJ5OnXalfURZmwaokdYkcXmxNLdeW0WN+3eoWlfn6D2ES17qYLPsal6xRSMo6uVZZZtVvTkbCL4Njia2J2jXkIwEFORsPqzjNEF9kG4xODwB1kVpo0+cfiLlFK2Z0FQ1suo8eP4k81AgpYMAPLe+heJlBqcCUnLPyvjvg7L2CozN09MHQ6hz+0eieKVodP5rvTbX4yi1PnU2FDAiq5p/3McBzaMDg50a/WukKmGzW63o+FyZOi65Gz9g==
joGCbuGKhgG8S0keIuGLXJC8RlGWCor88aJ64jlB1J23KTOod1PeMeqmsXOmNUpAlsNlvS1xTCNc3kdfb/7aap7zAOGi6xgjLztcxLuY911kt+C+ywL2LCprFoVKKbWomHHh4dDaObHkxKfp6thFxGf9/ZyDRM8o6cP5WZ39jkZOMXO5hoKgPUipcQX+IQOLnzHWEzGd5nTWfGFZRf94gxTfCFfP3zRN96y/Iw8PQ2UlCYl6aZ3makWCBwkCJEGxAa9ESv69LDEdbHxw/raL+weyaF/Ckkb4ysTCQgJosWZqr+aPttXyJarki7ZaIfqoUK5SGzcZKxXIQtndyNQwzzJp4KmICre/FpgmAZvY5DD933UKdpBZ1VqGwYZ7OMJu0C/QbxwuBGBZYOjm8wv+gFnLtcpeZHGj1aWqknZlNFh03r0GmQdoQs/zKT04Y+TzVwkc41+harL7CmP3fi0/5m+KoQzo+WM8bsy7/2omb4SE9ws450lAZKtVuYLSeRHj+pdVbmZtiLNAISEO3IEapEn2wRzFF85f56hRkm4jraaGn8Kvr/Wes/c=
joGCbuGKhgG8S0keIuGLXJC8RlGWCor88aJ64jlB1J23KTOod1PeMeqmsXOmNUpAlsNlvS1xTCNc3kdfb/7aap7zAOGi6xgjLztcxLuY911kt+C+ywL2LCprFoVKKbWomHHh4dDaObHkxKfp6thFxGf9/ZyDRM8o6cP5WZ39jkZOMXO5hoKgPUipcQX+IQOLnzHWEzGd5nTWfGFZRf94gxTfCFfP3zRN96y/Iw8PQ2UlCYl6aZ3makWCBwkCJEGxAa9ESv69LDEdbHxw/raL+weyaF/Ckkb4ysTCQgJosWZqr+aPttXyJarki7ZaIfqoUK5SGzcZKxXIQtndyNQwzzJp4KmICre/FpgmAZvY5DD933UKdpBZ1VqGwYZ7OMJu0C/QbxwuBGBZYOjm8wv+gFnLtcpeZHGj1aWqknZlNFh03r0GmQdoQs/zKT04Y+TzVwkc41+harL7CmP3fi0/5m+KoQzo+WM8bsy7/2omb4SE9ws450lAZKtVuYLSeRHj+pdVbmZtiLNAISEO3IEapEn2wRzFF85f56hRkm4jraaGn8Kvr/Wes/c=
ToxEhxU1wYhqFEknCF8eBP5967+zPm86NWoIbOFglJyX+qZ52P2tafN0qfmoXuYbXEyko7lMm6tApZDNcs/YHu9SD0B69goTNtKHvtAHDWkS3khG0ZVaP4w5draPMVKoATG8lIP0AdHrhIVI+UjfD78BS1Ho9si95SEg7hb9fsVXHegtBbv5HQBLd1FQFGDw58HTUx4z0pNej+mzAk3BwJn7WUOF1UOlH+LvEVAK805BUdQIJ4EHo1JS2NEa8asA2uhoOg1LYR6+B4RecJj8yMRaFETXVqzjsFcQuUSlHIgtbgxtPJg2gkQDMRUddf6On4UeeFZ/tOV2MS5mAX8g9AAZjdTiAJvzo1IwXO+17ApHHu2UpN4WY4a3OkIyYG8Mzj6lRzgwP2cjUtjox8NjaezKoElSaHLSqx6/a16CeZ+Ppa7vYkMxpcq7GW1c0s0GZe9oAVnWqcb31E6V1bzYoB0nPGqptOLbHSDhRXYEnZn/2gTVd1N8G8P2wAE+c3ZNBxbKjRyUL9oXRIPbeD9RJNcK+I/LFkDTlHeJmaizwQ==
JlrN9sIMBdwZGL2QkC3XHp1V23Bq2Cejqn0Lnd7i/B2+f5H78Tth1Bw77frLsBL6att163BontnAlkB10ATEL/BjMxPRdDDczI0yhvnWXfRBf8Pq2ELVYmJY1qWUhghfmNsn0dzDcSdaQBmreSoiim7lR2bXKuuz3vWnMZADKKzSMr1FIiCNwCHr0dHrEI9d5wQr16IkZJqbnY+aznhc0PjjI+58YZIyg5l0+jyj0WrcnKMd1JRbYA4Re9RrTaEE+g2X5RPvHwhST/Pv/M6wwNhe3bOPeAZovs1BSM5RCfOb5G/Ts7g=
xYNxy2KmWf1rarrrLqLAP3zrQ7ZGM+6bmdzNgzYC3fg4DmMxeH8JxTWUtxN3FJWBEra9Gsc7eIHI+oc9O5aIVZAX+3KckaFgaqgvgW2zYdUQcRtI0UPvnu9cPBwNttocRKVQXED3utbHoyLhsaw/mmrV92fZXd5CYk2I+Ki2SXZNH6TCg+t9zUyLuFPrIQizq9lm8neyVyfqxUMGMyKVPDxhrzyiVG/PXo4zZPgfn+jT8cwkpy1N0sZRrUOmfyGeMnXEM4w59X4o6cYE9d7VzLHvwp9rEGXC+ktRxlo39p/7bdKzuw==
ydyMlJl+LNrcOqFnB1WhLL44fRVwWxowFSbPQ5UvioIoA6kb8RG/vBF1f7HyttQfz/gXy4Ov6NiqOJpHhqf5wVs3dOngtj7B2uDZi3nKYuruRQyD0EorE14VZ1GQI2gMUlJ9ZSIATaChS5Hx63BPvWek67eixCQ6G/3Pes5YnHB4A2POfEHS0gM5tNo8Q5EKXDzj/dT0m8CO8bu0a23hpHptV8UTz99o0u+zz/yucCBY/h3Tj5hGyD6tAajOcclTGwQv87OY
7oTaBm6JPGFpUq0SIJp5VaJhi8Z8dje0YUtkJ7+jWhuH5sXFKF4Szvm18eA8OsEBDHQ/1RTwGaXSu6ZuM/uXupBNFtYocPsOfLocy4re1HDTu7hh5XmVwvL9aj+hJiGAcmwjajQkKrleXE7r1O4pfwyQ63/vIiSAWId3wVD67NEGiAYqp84jQ2oCTbcT9aKXliPlPQaLpcVIElnuGR8kGQ12nf57hFL9IbwsyAF3sFKdFLbDUdCdreLEiTFD6shNozOIY8+mXCkK80Jlm8bGdWh0e0JbdD9zbH/FTCt6NJcftnTrGKeVcdyztQ==
tIhaPWru2DQAIahpTtaRe6Jhi8Z8dje0YUtkJ7+jWhuH5sXFKF4Szvm18eA8OsEBDHQ/1RTwGaXVuaZuM/uXupBNF9YocPsOfLocy4re1HDTu7hh5XmVwvL9aj+hJiGAcmwjajQkKrleXE7r1O4pfwyQ63/vIiSAWId3wVD67NEGiAYqp84jQ2oCTbcT9aKXliPlPQaLpcVIElnuGR8kGQ12nf57hFL9IbwsyAF3sFKdFLbDUdCdreLEiTFD6shNozOIY8+mXCkK80Jlm8bGdWh0e0JbdD9zbH/FTCt6NJcftnTrGKeVcdyztQ==
4cLW3hI1jjFySKgmGM32JqJhi8Z8dje0YUtkJ7+jWhuH5sXFKF4Szvm18eA8OsEBDHQ/1RTwGaXSu6ZuM/uXupBNGNYocPsOfLocy4re1HDTu7hh5XmVwvL9aj+hJiGAcmwjajQkKrleXE7r1O4pfwyQ63/vIiSAWId3wVD67NEGiAYqp84jQ2oCTbcT9aKXliPlPQaLpcVIElnuGR8kGQ12nf57hFL9IbwsyAF3sFKdFLbDUdCdreLEiTFD6shNozOIY8+mXCkK80Jlm8bGdWh0e0JbdD9zbH/FTCt6NJcftnTrGKeVcdyztQ==
fFOs4qjqUj3cdDjl3hEuaaJhi8Z8dje0YUtkJ7+jWhuH5sXFKF4Szvm18eA8OsEBDHQ/1RTwGaXVuaZuM/uXupBNGdYocPsOfLocy4re1HDTu7hh5XmVwvL9aj+hJiGAcmwjajQkKrleXE7r1O4pfwyQ63/vIiSAWId3wVD67NEGiAYqp84jQ2oCTbcT9aKXliPlPQaLpcVIElnuGR8kGQ12nf57hFL9IbwsyAF3sFKdFLbDUdCdreLEiTFD6shNozOIY8+mXCkK80Jlm8bGdWh0e0JbdD9zbH/FTCt6NJcftnTrGKeVcdyztQ==
EmIuUd91xPRv4dVyPsMWU6Jhi8Z8dje0YUtkJ7+jWhuH5sXFKF4Szvm18eA8OsEBDHQ/1RTwGaXSu6ZuM/uXupBNGtYocPsOfLocy4re1HDTu7hh5XmVwvL9aj+hJiGAcmwjajQkKrleXE7r1O4pfwyQ63/vIiSAWId3wVD67NEGiAYqp84jQ2oCTbcT9aKXliPlPQaLpcVIElnuGR8kGQ12nf57hFL9IbwsyAF3sFKdFLbDUdCdreLEiTFD6shNozOIY8+mXCkK80Jlm8bGdWh0e0JbdD9zbH/FTCt6NJcftnTrGKeVcdyztQ==
6osHQUwXIMB7V0oWuwE/6KJhi8Z8dje0YUtkJ7+jWhuH5sXFKF4Szvm18eA8OsEBDHQ/1RTwGaXVuaZuM/uXupBNG9YocPsOfLocy4re1HDTu7hh5XmVwvL9aj+hJiGAcmwjajQkKrleXE7r1O4pfwyQ63/vIiSAWId3wVD67NEGiAYqp84jQ2oCTbcT9aKXliPlPQaLpcVIElnuGR8kGQ12nf57hFL9IbwsyAF3sFKdFLbDUdCdreLEiTFD6shNozOIY8+mXCkK80Jlm8bGdWh0e0JbdD9zbH/FTCt6NJcftnTrGKeVcdyztQ==
fuc0nX22J2Iy6DSUZHk4aKJhi8Z8dje0YUtkJ7+jWhuH5sXFKF4Szvm18eA8OsEBDHQ/1RTwGaXSu6ZuM/uXupBNHNYocPsOfLocy4re1HDTu7hh5XmVwvL9aj+hJiGAcmwjajQkKrleXE7r1O4pfwyQ63/vIiSAWId3wVD67NEGiAYqp84jQ2oCTbcT9aKXliPlPQaLpcVIElnuGR8kGQ12nf57hFL9IbwsyAF3sFKdFLbDUdCdreLEiTFD6shNozOIY8+mXCkK80Jlm8bGdWh0e0JbdD9zbH/FTCt6NJcftnTrGKeVcdyztQ==
kqolMhLFh8Z6mvSvi5uECqJhi8Z8dje0YUtkJ7+jWhuH5sXFKF4Szvm18eA8OsEBDHQ/1RTwGaXVuaZuM/uXupBNHdYocPsOfLocy4re1HDTu7hh5XmVwvL9aj+hJiGAcmwjajQkKrleXE7r1O4pfwyQ63/vIiSAWId3wVD67NEGiAYqp84jQ2oCTbcT9aKXliPlPQaLpcVIElnuGR8kGQ12nf57hFL9IbwsyAF3sFKdFLbDUdCdreLEiTFD6shNozOIY8+mXCkK80Jlm8bGdWh0e0JbdD9zbH/FTCt6NJcftnTrGKeVcdyztQ==
isqo0rRoK6KKYThPmT8blqJhi8Z8dje0YUtkJ7+jWhuH5sXFKF4Szvm18eA8OsEBDHQ/1RTwGaXSu6ZuM/uXupBNHtYocPsOfLocy4re1HDTu7hh5XmVwvL9aj+hJiGAcmwjajQkKrleXE7r1O4pfwyQ63/vIiSAWId3wVD67NEGiAYqp84jQ2oCTbcT9aKXliPlPQaLpcVIElnuGR8kGQ12nf57hFL9IbwsyAF3sFKdFLbDUdCdreLEiTFD6shNozOIY8+mXCkK80Jlm8bGdWh0e0JbdD9zbH/FTCt6NJcftnTrGKeVcdyztQ==
DAEL5jXMwYU0vISpNcqKb6Jhi8Z8dje0YUtkJ7+jWhuH5sXFKF4Szvm18eA8OsEBDHQ/1RTwGaXVuaZuM/uXupBNH9YocPsOfLocy4re1HDTu7hh5XmVwvL9aj+hJiGAcmwjajQkKrleXE7r1O4pfwyQ63/vIiSAWId3wVD67NEGiAYqp84jQ2oCTbcT9aKXliPlPQaLpcVIElnuGR8kGQ12nf57hFL9IbwsyAF3sFKdFLbDUdCdreLEiTFD6shNozOIY8+mXCkK80Jlm8bGdWh0e0JbdD9zbH/FTCt6NJcftnTrGKeVcdyztQ==
bB4GQq+VlFzlNzlumn9z9KJhi8Z8dje0YUtkJ7+jWhuH5sXFKF4Szvm18eA8OsEBDHQ/1RTwGaXSu6ZuM/uXupBNFtcocPsOfLocy4re1HDTu7hh5XmVwvL9aj+hJiGAcmwjajQkKrleXE7r1O4pfwyQ63/vIiSAWId3wVD67NEGiAYqp84jQ2oCTbcT9aKXliPlPQaLpcVIElnuGR8kGQ12nf57hFL9IbwsyAF3sFKdFLbDUdCdreLEiTFD6shNozOIY8+mXCkK80Jlm8bGdWh0e0JbdD9zbH/FTCt6NJcftnTrGKeVcdyztQ==
IUCePE0j98qsx8wS29IhnKJhi8Z8dje0YUtkJ7+jWhuH5sXFKF4Szvm18eA8OsEBDHQ/1RTwGaXVuaZuM/uXupBNF9cocPsOfLocy4re1HDTu7hh5XmVwvL9aj+hJiGAcmwjajQkKrleXE7r1O4pfwyQ63/vIiSAWId3wVD67NEGiAYqp84jQ2oCTbcT9aKXliPlPQaLpcVIElnuGR8kGQ12nf57hFL9IbwsyAF3sFKdFLbDUdCdreLEiTFD6shNozOIY8+mXCkK80Jlm8bGdWh0e0JbdD9zbH/FTCt6NJcftnTrGKeVcdyztQ==
JCzcq2p0sb22EF2/7NAlKqJhi8Z8dje0YUtkJ7+jWhuH5sXFKF4Szvm18eA8OsEBDHQ/1RTwGaXSu6ZuM/uXupBNGNcocPsOfLocy4re1HDTu7hh5XmVwvL9aj+hJiGAcmwjajQkKrleXE7r1O4pfwyQ63/vIiSAWId3wVD67NEGiAYqp84jQ2oCTbcT9aKXliPlPQaLpcVIElnuGR8kGQ12nf57hFL9IbwsyAF3sFKdFLbDUdCdreLEiTFD6shNozOIY8+mXCkK80Jlm8bGdWh0e0JbdD9zbH/FTCt6NJcftnTrGKeVcdyztQ==
EjhVdVv2E+t0ajKeVGIosaJhi8Z8dje0YUtkJ7+jWhuH5sXFKF4Szvm18eA8OsEBDHQ/1RTwGaXVuaZuM/uXupBNGdcocPsOfLocy4re1HDTu7hh5XmVwvL9aj+hJiGAcmwjajQkKrleXE7r1O4pfwyQ63/vIiSAWId3wVD67NEGiAYqp84jQ2oCTbcT9aKXliPlPQaLpcVIElnuGR8kGQ12nf57hFL9IbwsyAF3sFKdFLbDUdCdreLEiTFD6shNozOIY8+mXCkK80Jlm8bGdWh0e0JbdD9zbH/FTCt6NJcftnTrGKeVcdyztQ==
sgXZcFaclUEOoDoKGQ6lOKJhi8Z8dje0YUtkJ7+jWhuH5sXFKF4Szvm18eA8OsEBDHQ/1RTwGaXSu6ZuM/uXupBNGtcocPsOfLocy4re1HDTu7hh5XmVwvL9aj+hJiGAcmwjajQkKrleXE7r1O4pfwyQ63/vIiSAWId3wVD67NEGiAYqp84jQ2oCTbcT9aKXliPlPQaLpcVIElnuGR8kGQ12nf57hFL9IbwsyAF3sFKdFLbDUdCdreLEiTFD6shNozOIY8+mXCkK80Jlm8bGdWh0e0JbdD9zbH/FTCt6NJcftnTrGKeVcdyztQ==
BiZH+9UZLkuFuEgTbC48XaJhi8Z8dje0YUtkJ7+jWhuH5sXFKF4Szvm18eA8OsEBDHQ/1RTwGaXVuaZuM/uXupBNG9cocPsOfLocy4re1HDTu7hh5XmVwvL9aj+hJiGAcmwjajQkKrleXE7r1O4pfwyQ63/vIiSAWId3wVD67NEGiAYqp84jQ2oCTbcT9aKXliPlPQaLpcVIElnuGR8kGQ12nf57hFL9IbwsyAF3sFKdFLbDUdCdreLEiTFD6shNozOIY8+mXCkK80Jlm8bGdWh0e0JbdD9zbH/FTCt6NJcftnTrGKeVcdyztQ==
N4lOhDfB1TBetLZeAYuqIqJhi8Z8dje0YUtkJ7+jWhuH5sXFKF4Szvm18eA8OsEBDHQ/1RTwGaXSu6ZuM/uXupBNHNcocPsOfLocy4re1HDTu7hh5XmVwvL9aj+hJiGAcmwjajQkKrleXE7r1O4pfwyQ63/vIiSAWId3wVD67NEGiAYqp84jQ2oCTbcT9aKXliPlPQaLpcVIElnuGR8kGQ12nf57hFL9IbwsyAF3sFKdFLbDUdCdreLEiTFD6shNozOIY8+mXCkK80Jlm8bGdWh0e0JbdD9zbH/FTCt6NJcftnTrGKeVcdyztQ==
RauIFMEOcsy8d5yBOBHPNaJhi8Z8dje0YUtkJ7+jWhuH5sXFKF4Szvm18eA8OsEBDHQ/1RTwGaXVuaZuM/uXupBNHdcocPsOfLocy4re1HDTu7hh5XmVwvL9aj+hJiGAcmwjajQkKrleXE7r1O4pfwyQ63/vIiSAWId3wVD67NEGiAYqp84jQ2oCTbcT9aKXliPlPQaLpcVIElnuGR8kGQ12nf57hFL9IbwsyAF3sFKdFLbDUdCdreLEiTFD6shNozOIY8+mXCkK80Jlm8bGdWh0e0JbdD9zbH/FTCt6NJcftnTrGKeVcdyztQ==
eDr5hPCoIhH4FZHTNRux9KJhi8Z8dje0YUtkJ7+jWhuH5sXFKF4Szvm18eA8OsEBDHQ/1RTwGaXSu6ZuM/uXupBNHtcocPsOfLocy4re1HDTu7hh5XmVwvL9aj+hJiGAcmwjajQkKrleXE7r1O4pfwyQ63/vIiSAWId3wVD67NEGiAYqp84jQ2oCTbcT9aKXliPlPQaLpcVIElnuGR8kGQ12nf57hFL9IbwsyAF3sFKdFLbDUdCdreLEiTFD6shNozOIY8+mXCkK80Jlm8bGdWh0e0JbdD9zbH/FTCt6NJcftnTrGKeVcdyztQ==
lgp5sF/sT2EsvZMP60pTLaJhi8Z8dje0YUtkJ7+jWhuH5sXFKF4Szvm18eA8OsEBDHQ/1RTwGaXVuaZuM/uXupBNH9cocPsOfLocy4re1HDTu7hh5XmVwvL9aj+hJiGAcmwjajQkKrleXE7r1O4pfwyQ63/vIiSAWId3wVD67NEGiAYqp84jQ2oCTbcT9aKXliPlPQaLpcVIElnuGR8kGQ12nf57hFL9IbwsyAF3sFKdFLbDUdCdreLEiTFD6shNozOIY8+mXCkK80Jlm8bGdWh0e0JbdD9zbH/FTCt6NJcftnTrGKeVcdyztQ==
MStW9bj0/gsWSghJ08zFMP1QNKC5CVFI8w62no00/tEEP0yDMZyk467BNvP9Bhu9jmQGdgJFINCDcK+u4zoX327gPQRJGRb9F8RAN7G6fQrpmkIPzeAd6wLPJD3iRyd9FDbrOLW6TbQm/2s1Dc+FKkJQxl1UPpjX+JMXydzbQW86yIkTudIygk6tN/5Xsht7/v23SdC7uCQy+o1dIji9CMFjQWmraJ9Vx8zbTyK8FNK7lZ9iDsDMWJirE/Z8eaJ64xHkQvxbwWL81NOFVAyrqC4Za6wr9TGMGsWn/RP3L8Cyx2NXvLagyPiWLSsP4HYgnsVRsA7pmXv7rF/Ls6A=
8whw/Ohgy4feeM6XX5I4SaJhi8Z8dje0YUtkJ7+jWhuH5sXFKF4Szvm18eA8OsEBDHQ/1RTwGaXVuaZuM/uXupBNFtgocPsOfLocy4re1HDTu7hh5XmVwvL9aj+hJiGAcmwjajQkKrleXE7r1O4pfwyQ63/vIiSAWId3wVD67NEGiAYqp84jQ2oCTbcT9aKXliPlPQaLpcVIElnuGR8kGQ12nf57hFL9IbwsyAF3sFKdFLbDUdCdreLEiTFD6shNozOIY8+mXCkK80Jlm8bGdWh0e0JbdD9zbH/FTCt6NJcftnTrGKeVcdyztQ==
tHgpaAaegqpKPjkAZylS6uf9eiUV+BpZJkQTQrFZRWksvp1WN3ZS59ZVDYZfbibgh3qMc7anrxIZxCecVhqWQdqXOiTlh0ScMaVDk2ZT1rPQu9aWf5oF5AHOTulvBy0heeCa9nLfxED0jbClM9vc1V1FAo7dcclMvjjme/MMt5wnceabwwuABRS+ugxpj+J24WK5ZVVLm7ZTry9aX/2C0miY47OrYB4+IIJQHbdk/Pc+0FvXMKAMRc1Y1IKX9zSiFyK2/59u+8sdlhKzw69TOfMqSkH39Qzo7LKQgCkZLw6K6kZj5TKel/Uhs5p72bOu
MStW9bj0/gsWSghJ08zFMP1QNKC5CVFI8w62no00/tEEP0yDMZyk467BNvP9Bhu9jmQGdgJFINCDcK+u4zoX327gPQRJGRb9F8RAN7G6fQrpmkIPzeAd6wLPJD3iRyd9FDbrOLW6TbQm/2s1Dc+FKkJQxl1UPpjX+JMXydzbQW86yIkTudIygk6tN/5Xsht7/v23SdC7uCQy+o1dIji9CMFjQWmraJ9Vx8zbTyK8FNK7lZ9iDsDMWJirE/Z8eaJ64xHkQvxbwWL81NOFVAyrqC4Za6wr9TGMGsWn/RP3L8Cyx2NXvLagyPiWLSsP4HYgnsVRsA7pmXv7rF/Ls6A=
tHgpaAaegqpKPjkAZylS6uf9eiUV+BpZJkQTQrFZRWksvp1WN3ZS59ZVDYZfbibgh3qMc7anrxIZxCecVhqWQdqXOiTlh0ScMaVDk2ZT1rPQu9aWf5oF5AHOTulvBy0heeCa9nLfxED0jbClM9vc1V1FAo7dcclMvjjme/MMt5wnceabwwuABRS+ugxpj+J24WK5ZVVLm7ZTry9aX/2C0miY47OrYB4+IIJQHbdk/Pc+0FvXMKAMRc1Y1IKX9zSiFyK2/59u+8sdlhKzw69TOfMqSkH39Qzo7LKQgCkZLw6K6kZj5TKel/Uhs5p72bOu
MStW9bj0/gsWSghJ08zFMP1QNKC5CVFI8w62no00/tEEP0yDMZyk467BNvP9Bhu9jmQGdgJFINCDcK+u4zoX327gPQRJGRb9F8RAN7G6fQrpmkIPzeAd6wLPJD3iRyd9FDbrOLW6TbQm/2s1Dc+FKkJQxl1UPpjX+JMXydzbQW86yIkTudIygk6tN/5Xsht7/v23SdC7uCQy+o1dIji9CMFjQWmraJ9Vx8zbTyK8FNK7lZ9iDsDMWJirE/Z8eaJ64xHkQvxbwWL81NOFVAyrqC4Za6wr9TGMGsWn/RP3L8Cyx2NXvLagyPiWLSsP4HYgnsVRsA7pmXv7rF/Ls6A=
tHgpaAaegqpKPjkAZylS6uf9eiUV+BpZJkQTQrFZRWksvp1WN3ZS59ZVDYZfbibgh3qMc7anrxIZxCecVhqWQdqXOiTlh0ScMaVDk2ZT1rPQu9aWf5oF5AHOTulvBy0heeCa9nLfxED0jbClM9vc1V1FAo7dcclMvjjme/MMt5wnceabwwuABRS+ugxpj+J24WK5ZVVLm7ZTry9aX/2C0miY47OrYB4+IIJQHbdk/Pc+0FvXMKAMRc1Y1IKX9zSiFyK2/59u+8sdlhKzw69TOfMqSkH39Qzo7LKQgCkZLw6K6kZj5TKel/Uhs5p72bOu
MStW9bj0/gsWSghJ08zFMP1QNKC5CVFI8w62no00/tEEP0yDMZyk467BNvP9Bhu9jmQGdgJFINCDcK+u4zoX327gPQRJGRb9F8RAN7G6fQrpmkIPzeAd6wLPJD3iRyd9FDbrOLW6TbQm/2s1Dc+FKkJQxl1UPpjX+JMXydzbQW86yIkTudIygk6tN/5Xsht7/v23SdC7uCQy+o1dIji9CMFjQWmraJ9Vx8zbTyK8FNK7lZ9iDsDMWJirE/Z8eaJ64xHkQvxbwWL81NOFVAyrqC4Za6wr9TGMGsWn/RP3L8Cyx2NXvLagyPiWLSsP4HYgnsVRsA7pmXv7rF/Ls6A=
tHgpaAaegqpKPjkAZylS6uf9eiUV+BpZJkQTQrFZRWksvp1WN3ZS59ZVDYZfbibgh3qMc7anrxIZxCecVhqWQdqXOiTlh0ScMaVDk2ZT1rPQu9aWf5oF5AHOTulvBy0heeCa9nLfxED0jbClM9vc1V1FAo7dcclMvjjme/MMt5wnceabwwuABRS+ugxpj+J24WK5ZVVLm7ZTry9aX/2C0miY47OrYB4+IIJQHbdk/Pc+0FvXMKAMRc1Y1IKX9zSiFyK2/59u+8sdlhKzw69TOfMqSkH39Qzo7LKQgCkZLw6K6kZj5TKel/Uhs5p72bOu
MStW9bj0/gsWSghJ08zFMP1QNKC5CVFI8w62no00/tEEP0yDMZyk467BNvP9Bhu9jmQGdgJFINCDcK+u4zoX327gPQRJGRb9F8RAN7G6fQrpmkIPzeAd6wLPJD3iRyd9FDbrOLW6TbQm/2s1Dc+FKkJQxl1UPpjX+JMXydzbQW86yIkTudIygk6tN/5Xsht7/v23SdC7uCQy+o1dIji9CMFjQWmraJ9Vx8zbTyK8FNK7lZ9iDsDMWJirE/Z8eaJ64xHkQvxbwWL81NOFVAyrqC4Za6wr9TGMGsWn/RP3L8Cyx2NXvLagyPiWLSsP4HYgnsVRsA7pmXv7rF/Ls6A=
tHgpaAaegqpKPjkAZylS6uf9eiUV+BpZJkQTQrFZRWksvp1WN3ZS59ZVDYZfbibgh3qMc7anrxIZxCecVhqWQdqXOiTlh0ScMaVDk2ZT1rPQu9aWf5oF5AHOTulvBy0heeCa9nLfxED0jbClM9vc1V1FAo7dcclMvjjme/MMt5wnceabwwuABRS+ugxpj+J24WK5ZVVLm7ZTry9aX/2C0miY47OrYB4+IIJQHbdk/Pc+0FvXMKAMRc1Y1IKX9zSiFyK2/59u+8sdlhKzw69TOfMqSkH39Qzo7LKQgCkZLw6K6kZj5TKel/Uhs5p72bOu
MStW9bj0/gsWSghJ08zFMP1QNKC5CVFI8w62no00/tEEP0yDMZyk467BNvP9Bhu9jmQGdgJFINCDcK+u4zoX327gPQRJGRb9F8RAN7G6fQrpmkIPzeAd6wLPJD3iRyd9FDbrOLW6TbQm/2s1Dc+FKkJQxl1UPpjX+JMXydzbQW86yIkTudIygk6tN/5Xsht7/v23SdC7uCQy+o1dIji9CMFjQWmraJ9Vx8zbTyK8FNK7lZ9iDsDMWJirE/Z8eaJ64xHkQvxbwWL81NOFVAyrqC4Za6wr9TGMGsWn/RP3L8Cyx2NXvLagyPiWLSsP4HYgnsVRsA7pmXv7rF/Ls6A=
tHgpaAaegqpKPjkAZylS6uf9eiUV+BpZJkQTQrFZRWksvp1WN3ZS59ZVDYZfbibgh3qMc7anrxIZxCecVhqWQdqXOiTlh0ScMaVDk2ZT1rPQu9aWf5oF5AHOTulvBy0heeCa9nLfxED0jbClM9vc1V1FAo7dcclMvjjme/MMt5wnceabwwuABRS+ugxpj+J24WK5ZVVLm7ZTry9aX/2C0miY47OrYB4+IIJQHbdk/Pc+0FvXMKAMRc1Y1IKX9zSiFyK2/59u+8sdlhKzw69TOfMqSkH39Qzo7LKQgCkZLw6K6kZj5TKel/Uhs5p72bOu
MStW9bj0/gsWSghJ08zFMP1QNKC5CVFI8w62no00/tEEP0yDMZyk467BNvP9Bhu9jmQGdgJFINCDcK+u4zoX327gPQRJGRb9F8RAN7G6fQrpmkIPzeAd6wLPJD3iRyd9FDbrOLW6TbQm/2s1Dc+FKkJQxl1UPpjX+JMXydzbQW86yIkTudIygk6tN/5Xsht7/v23SdC7uCQy+o1dIji9CMFjQWmraJ9Vx8zbTyK8FNK7lZ9iDsDMWJirE/Z8eaJ64xHkQvxbwWL81NOFVAyrqC4Za6wr9TGMGsWn/RP3L8Cyx2NXvLagyPiWLSsP4HYgnsVRsA7pmXv7rF/Ls6A=
tHgpaAaegqpKPjkAZylS6uf9eiUV+BpZJkQTQrFZRWksvp1WN3ZS59ZVDYZfbibgh3qMc7anrxIZxCecVhqWQdqXOiTlh0ScMaVDk2ZT1rPQu9aWf5oF5AHOTulvBy0heeCa9nLfxED0jbClM9vc1V1FAo7dcclMvjjme/MMt5wnceabwwuABRS+ugxpj+J24WK5ZVVLm7ZTry9aX/2C0miY47OrYB4+IIJQHbdk/Pc+0FvXMKAMRc1Y1IKX9zSiFyK2/59u+8sdlhKzw69TOfMqSkH39Qzo7LKQgCkZLw6K6kZj5TKel/Uhs5p72bOu
MStW9bj0/gsWSghJ08zFMP1QNKC5CVFI8w62no00/tEEP0yDMZyk467BNvP9Bhu9jmQGdgJFINCDcK+u4zoX327gPQRJGRb9F8RAN7G6fQrpmkIPzeAd6wLPJD3iRyd9FDbrOLW6TbQm/2s1Dc+FKkJQxl1UPpjX+JMXydzbQW86yIkTudIygk6tN/5Xsht7/v23SdC7uCQy+o1dIji9CMFjQWmraJ9Vx8zbTyK8FNK7lZ9iDsDMWJirE/Z8eaJ64xHkQvxbwWL81NOFVAyrqC4Za6wr9TGMGsWn/RP3L8Cyx2NXvLagyPiWLSsP4HYgnsVRsA7pmXv7rF/Ls6A=
tHgpaAaegqpKPjkAZylS6uf9eiUV+BpZJkQTQrFZRWksvp1WN3ZS59ZVDYZfbibgh3qMc7anrxIZxCecVhqWQdqXOiTlh0ScMaVDk2ZT1rPQu9aWf5oF5AHOTulvBy0heeCa9nLfxED0jbClM9vc1V1FAo7dcclMvjjme/MMt5wnceabwwuABRS+ugxpj+J24WK5ZVVLm7ZTry9aX/2C0miY47OrYB4+IIJQHbdk/Pc+0FvXMKAMRc1Y1IKX9zSiFyK2/59u+8sdlhKzw69TOfMqSkH39Qzo7LKQgCkZLw6K6kZj5TKel/Uhs5p72bOu
MStW9bj0/gsWSghJ08zFMP1QNKC5CVFI8w62no00/tEEP0yDMZyk467BNvP9Bhu9jmQGdgJFINCDcK+u4zoX327gPQRJGRb9F8RAN7G6fQrpmkIPzeAd6wLPJD3iRyd9FDbrOLW6TbQm/2s1Dc+FKkJQxl1UPpjX+JMXydzbQW86yIkTudIygk6tN/5Xsht7/v23SdC7uCQy+o1dIji9CMFjQWmraJ9Vx8zbTyK8FNK7lZ9iDsDMWJirE/Z8eaJ64xHkQvxbwWL81NOFVAyrqC4Za6wr9TGMGsWn/RP3L8Cyx2NXvLagyPiWLSsP4HYgnsVRsA7pmXv7rF/Ls6A=
tHgpaAaegqpKPjkAZylS6uf9eiUV+BpZJkQTQrFZRWksvp1WN3ZS59ZVDYZfbibgh3qMc7anrxIZxCecVhqWQdqXOiTlh0ScMaVDk2ZT1rPQu9aWf5oF5AHOTulvBy0heeCa9nLfxED0jbClM9vc1V1FAo7dcclMvjjme/MMt5wnceabwwuABRS+ugxpj+J24WK5ZVVLm7ZTry9aX/2C0miY47OrYB4+IIJQHbdk/Pc+0FvXMKAMRc1Y1IKX9zSiFyK2/59u+8sdlhKzw69TOfMqSkH39Qzo7LKQgCkZLw6K6kZj5TKel/Uhs5p72bOu
rL1lJPZf96TOqBBhohoW/Yno5Tq5pg9tkMUnIzgHFBfWMlZOe2B6pz0gzbm/5hPhZgTFvV5aDsThnY4GRBgfK0hjSG96XEO/YLPxfWKR03WU0t7p5duElm2smjIhDPkTP+3sRNQ2gHxByWtCXI62f20GPnuN5eMmU02zIg==
MoQZ7096pE5fLyljSYyaNono5Tq5pg5yjMAhMjUKRwvdN3MqPmE+6DEtwprdqQi1dgbZo1pAFsThnY4GRBgfK0hjSG96XEO/YLPxfWKR03WU0t7p5duElm2smjIhDPkTP+3sRNQ2gHxBymtCXI62f20GPnuN5eMmU02zIg==
HINihe/MMWEXPxceieayBPQda2OXCQWzyD5ih0JaZHBqsF0+FyHL1hKDl31obTXHLJD7PXSUgdQBL1pORwZbW3YOLAAWABcP6j7koUxQoudYQg0GAA8geHODS3oTAy/dLhnCxF3OXewJP7kZU06donJbOQZyh/7/I11KsyM=
YvNBGq8mGhU4eYiDM2DeciLDmmLp0SXiuMs4psuVbl+DSynFlveWUCkPDk+Qz/nw5HBz9Br+tq7nWBTbyeDwx+04dEKQO07ii8ku4C7BzDCcmjD4uRGpFjSFplu1+t7PBYmTYmtRszY=
XM1NBnJhyC6YhcyITW2OLf2Jwhp6yiNgMIfQIhgZ407rhazsiVMzb/Rvttjr0emuWCtkLQINPSyU0R19AabbG/Bjqhp1oYPvkc94137hAXpBxWFRLAWdmpLTfRE5bnTiewW/ko7wLMjYW7OmfCkCiqOBBHJ8q+HyPOSzVVRcS5huiUvcq8VRHNq1By0TJ4+wclcDZzzGgFi4ps17CTAYF15VcUCO2Xnru1z/m7Pw
xRbrNNER7HfOpZ1WOh3lWcDiseKyY289MvK3rqBPJEpzMb6h3GjmOF9rVGMlzJrywqqQ3484KEPK0fNhwLSibGWtbPE8raaW8F4EK1G11FdeJDifmZ7KAwYJG27ZH+SZzXbdfjuEEn3hvOxIQXfw0t0UdkOR0F0tosTJsQPqCM1jM0jjj6YcqUrzguVbxgb1KHQ7wht0//OseQXCbHp0F1+2tGvYp1XxnLP1
1oYtk3nHb8eM3c6DULLpxz69lrdA+LnjWzfsMA/Pla2Kcs8+GC/MGjvx9pH0CP4IR2tMUz2sssKKatiPZ1iQ07JRS/E4FAq8LW2kgdSNvmboXhxbSZW8pxZk8M8xPrKTvonj/mH/jEkFNhVOE2QKTfm89HhZl9jiFVS+k/kw5b1aRHEhe0qgnatzABPnhgTZUvOaFUPm7oXgtHMSs9QHYxT5fVLUGpxHF3b8W/DHTcGEs+0=
EpLdLDFrjcy1L1SBIkccUyI0eXnVYJSaCo/EA4OTcRqVgWwSKRI+N7r2LcHgnQIQ+ARBa0pfO7REzpxazmMRQLb/VDGt3R7MfFB7XXLNItV4qq6eWpePzUrrwNSmI0fmFD9Y6QVSx2f6pZOGg8Ll/IzBfzxy9N8PLm6D5Ch/j6hDEbwkl43dktZx/cPWXxHewhUUM9zZhb4YyTaEJf7FDCFP8pmbfvIC6qsBRupXBt9LzYKz6w==
6oQmic4Eg0ezK9dtEA7u7Cxiist0gpK3ChEUkpGCxlcSJmUBqK3qcOA0WWtSbyPUrP7UmoazuSBOb+yx1U2mbJQAs506PQr1YNq2nkJnl+1imwiU7vMvRqyvoGm9wr+HUvVbxkvyjRyU8Wc8asTH70ZeS6TgLydIO4EEpG8dZTK+obWDHi85/trlDDPEqZ2eMDl+RO2uLayZ34oZI+4KYkJ7SYaiZ+6/U/2as/M=
QSch90DQiCbZKwruc/ezGbaAyB0q3iZ7KZGDZQIC9FvrhazsiVMzb/Rvttjr0emuWCtkLQINPSyU0R19AabbG/Bjqhp1oYPvkc94137hAXpBxWFRLAWdmpLTfRE5bnTiewW/ko7wLMjYW7OmfCkCiqOBBHJ8q+HyPOSzVVRcS5huiUvcq8VRHNq1By0TJ4+wclcDZzzGgFi4ps17CTAYF15VcUCO2Xnru1z/m7Pw
uujytypopie3mXri6fXMTixil8dykIm+OhEUkpGCxlcSJmUBqK3qcOA0WWtSbyPUrP7UmoazuSBOb+yx1U2mbJQAs506PQr1YNq2nkJnl+1imwiU7vMvRqyvoGm9wr+HUvVbxkvyjRyU8Wc8asTH70ZeS6TgLydIO4EEpG8dZTK+obWDHi85/trlDDPEqZ2eMDl+RO2uLayZ34oZI+4KYkJ7SYaiZ+6/U/2as/M=
832EuoCb+pZooM2Sg4hz16LR1Xq5JQsipGtQeb7RlfS3cmvlTjIL9kTfoMIf0RLpGBjCAENrSFsBvF66bkr8VwuozBt2EY+55KSmZEmNADl4HULubN6Y0zUFEB+yBBSXnY7uW/pJp7a9j2ARIRZxtn90NkX9vPBwZYe0GnF0mssVQDn1HoQ16Sf6DMVPE6SrSxZ4UdZzHp2/dkI9RFQXyh9k2yvQubmaiOrwnzNWGCMc13HJgLPp
fIfzTnc5Da09cnjYTdC9YkPwCCD5FGl2GmI64d5JqFLtWvIH5g5J4cSF/gD0DEVrTlc3pLjWuHqqm01wereQcWkVUjwg6N89llWeRfQiKh7eHwNd9nOkNAKbm5bYdxwpQZqLVybdd6an2pnsgMl7PHb80x9SdqfEzAdTmA/Z+OTTxRHiCslZI7LHrU5OnZCzWFEJLqRR0uSBRpn8bYc22V82PjK2U2Vmzk/6z0fFhrPv
Pcvq8XZfwg0UXL4bceoLbEL5FTf/FyBkSmwm69sInBzhQPoS5g5J4cSF/gD0DEVrTlc3pLjWuHqqm01wereQcWkVUjwg6N89llWeRfQiKh7eHwNd9nOkNAKbm5bYdxwpQZqLVybdd6an2pnsgMl7PHb80x9SdqfEzAdTmA/Z+OTTxRHiCslZI7LHrU5OnZCzWFEJLqRR0uSBRpn8bYc22V82PjK2U2Vmzk/6z0fFhrPv
hf5y+KsF66q8tJRCX0+kmjT2+FW7pmre2fVRTaACL1wk9Ctiy7Qv0xx5daI8uqT3TzaEC6jn5dEMs2U=
G8RQ/Wawrak7zG5hsxpYNIYgOMJxdxrhIlhu8h+NTGC8inBoGUGpRpQV5kuVql6fJZnT8ssBs2Y=
62VQ0AUiarOnTdc0AAZ4Z9G70I+EsA6KxURPr7Y22NeMyQs5SvgaglyK2HQIqlWXydwAm275KQzu1eHHC5And7Mc
u4LoOQjPDwr5mHy+QUtvniLDmmLp0SXiuMs4psuVbl+DSynFlveWUCkPDk+Qz/nw5HBz9Br+tq7nWBTbyeDwx+04dEKQO07ii8ku4C7BzDCcmjD4uRapFjSFplu1+t7PBYmTYmtRszY=
EKb3rt+FNhFf9vbtd5mv3/2Jwhp6yiNgMIfQIhgZ407rhazsiVMzb/Rvttjr0emuWCtkLQINPSyU0R19AabbG/Bjqhp1oYPvkc94137hAXpBxWFRLAWdmpLTfRE5bnTiewW/ko7wLMjYW7OmfCkCiqOBBHJ8q+HyPOSzVVRcS5huiUvcq8VRHNq1By0TJ4+wclcDZzzGgFi4ps18CTAYF15VcUCO2Xnru1z/m7Pw
oCqczMy8BE0JKn3i2ZMZMMDiseKyY289MvK3rqBPJEpzMb6h3GjmOF9rVGMlzJrywqqQ3484KEPK0fNhwLSibGWtbPE8raaW8F4EK1G11FdeJDifmZ7KAwYJG27ZH+SZzXbdfjuEEn3hvOxIQXfw0t0UdkOR0F0tosTJsQPqCM1jM0jjj6YcqUrzguVbxgb1KHQ7wht0//OreQXCbHp0F1+2tGvYp1XxnLP1
k10LftPLvg45IU8Me0oZ2j69lrdA+LnjWzfsMA/Pla2Kcs8+GC/MGjvx9pH0CP4IR2tMUz2sssKKatiPZ1iQ07JRS/E4FAq8LW2kgdSNvmboXhxbSZW8pxZk8M8xPrKTvonj/mH/jEkFNhVOE2QKTfm89HhZl9jiFVS+k/kw5b1aRHEhe0qgnatzABPnhgTZUvOaFUPm7oXgtHMSs9QHYxP5fVLUGpxHF3b8W/DHTcGEs+0=
XQ6v7kdgaHGkxJphCFmnwyI0eXnVYJSaCo/EA4OTcRqVgWwSKRI+N7r2LcHgnQIQ+ARBa0pfO7REzpxazmMRQLb/VDGt3R7MfFB7XXLNItV4qq6eWpePzUrrwNSmI0fmFD9Y6QVSx2f6pZOGg8Ll/IzBfzxy9N8PLm6D5Ch/j6hDEbwkl43dktZx/cPWXxHewhUUM9zZhb4YyTaEJf7FDCFP9ZmbfvIC6qsBRupXBt9LzYKz6w==
sv7GVy8ZcFDiaNrCU7HH/yxiist0gpK3ChEUkpGCxlcSJmUBqK3qcOA0WWtSbyPUrP7UmoazuSBOb+yx1U2mbJQAs506PQr1YNq2nkJnl+1imwiU7vMvRqyvoGm9wr+HUvVbxkvyjRyU8Wc8asTH70ZeS6TgLydIO4EEpG8dZTK+obWDHi85/trlDDPEqZ2eMDl+RO2uLayZ340ZI+4KYkJ7SYaiZ+6/U/2as/M=
ynOYxS3umy82aBgyDY0jRLaAyB0q3iZ7KZGDZQIC9FvrhazsiVMzb/Rvttjr0emuWCtkLQINPSyU0R19AabbG/Bjqhp1oYPvkc94137hAXpBxWFRLAWdmpLTfRE5bnTiewW/ko7wLMjYW7OmfCkCiqOBBHJ8q+HyPOSzVVRcS5huiUvcq8VRHNq1By0TJ4+wclcDZzzGgFi4ps18CTAYF15VcUCO2Xnru1z/m7Pw
dhUctSBlY4t2gcb+C3GXgixil8dykIm+OhEUkpGCxlcSJmUBqK3qcOA0WWtSbyPUrP7UmoazuSBOb+yx1U2mbJQAs506PQr1YNq2nkJnl+1imwiU7vMvRqyvoGm9wr+HUvVbxkvyjRyU8Wc8asTH70ZeS6TgLydIO4EEpG8dZTK+obWDHi85/trlDDPEqZ2eMDl+RO2uLayZ34wZI+4KYkJ7SYaiZ+6/U/2as/M=
SBLrVEC535YIb0qPb5Pvc6LR1Xq5JQsipGtQeb7RlfS3cmvlTjIL9kTfoMIf0RLpGBjCAENrSFsBvF66bkr8VwuozBt2EY+55KSmZEmNADl4HULubN6Y0zUFEB+yBBSXnY7uW/pJp7a9j2ARIRZxtn90NkX9vPBwZYe0GnF0mssVQDn1HoQ16Sf6DMVPE6SrSxZ4UdZzHp2/dkI9RFQXyh9k2yvWubmaiOrwnzNWGCMc13HJgLPp
Y95+cHESpiaIEm5UZRjn7EPwCCD5FGl2GmI64d5JqFLtWvIH5g5J4cSF/gD0DEVrTlc3pLjWuHqqm01wereQcWkVUjwg6N89llWeRfQiKh7eHwNd9nOkNAKbm5bYdxwpQZqLVybdd6an2pnsgMl7PHb80x9SdqfEzAdTmA/Z+OTTxRHiCslZI7LHrU5OnZCzWFEJLqRR0uSBRpn8bYcw2V82PjK2U2Vmzk/6z0fFhrPv
khPzwM9Pn2DLeITf+elRP0L5FTf/FyBkSmwm69sInBzhQPoS5g5J4cSF/gD0DEVrTlc3pLjWuHqqm01wereQcWkVUjwg6N89llWeRfQiKh7eHwNd9nOkNAKbm5bYdxwpQZqLVybdd6an2pnsgMl7PHb80x9SdqfEzAdTmA/Z+OTTxRHiCslZI7LHrU5OnZCzWFEJLqRR0uSBRpn8bYcw2V82PjK2U2Vmzk/6z0fFhrPv
mAo597wzEzyYX2cK2xlo2TT2+FW7pmre2fVRTaACL1wk9Ctiy7Qv0xp5daI8uqT3TzaEC6jn5dEMs2U=
RZ+h7KOV2apvXvuQluk7AYYgOMJxdxrhIlhu8h+NTGC8inBoGUepRpQV5kuVql6fJZnT8ssBs2Y=
r5rfXv6h1pr7OgxO95XlSdG70I+EsA6KxURPr7Y22NeMyQs5SvgaglyK2HQIqlWRydwAm275KQzu1eHHC5And7Mc
eN3xLutFy51nGEpLsYvF3lFGMdc+5mDc+eRQFIbhfjcMhdtOU70ePEZFLHykjmBEMX3p+iyxVscdPv7D/d0DniN1sxo=
YSJmmSoMIvckTgHQn2Vr5B+uc/tIdCC7oi1e1YGxc7/9P09szyysZLHmSTydZ67ZzxaOcuYzFebe78oPlyV2sx8=
1FEzmTnXydcZ4gkS0mRfcTT2+FW7pmre2fVRTaACL1wk9Ctiy7Qv0xR5daI8uqT3TzaEC6jn5dEMs2U=
YlBEMRbG5jslqJBs9lZEBIYgOMJxdxrhIlhu8h+NTGC8inBoGUmpRpQV5kuVql6fJZnT8ssBs2Y=
1xcq4k7vWuaqhTRAsK1wpGh/rzKfm+uNBKfL/g7cCaorPBT+2ELDgpaWkVjDsj6EL1Ik/pfcH6E01a4n+VzUT2TA5nHgcxOzKOn5yBT5RZEUIgWx2DxjmU5QyaQrNdmMh1wTaLVbfcn5NUJmQjmXicI6XL00EbU1mikPq9N5MoO1BTq0imRlSWG3tGOYV6yni6cITcvU+9Orh8+F6UGtam2FuqqZGoOZ5mwNkQ2nIHo6BVCx4dQ4QBq+h9vLegzPRgoauBbcxlImoP0G5idC/3ItziWWHE/G/ql2yBxmdgszAfdVlNpdTawc/O8+YQSZzLJLP2og4jH/0OgQsZeRmvIIhRUGnsWWX3AOjlyndJ9YVjhgZRisFleDcmCVg5HaWnwtYwk9LgKSLXh4eNbZNl2/FMIzS20N3Gvo05vBeHPbOTbyJxJn51rlc4bjAgV8LAFfPFI0f4/OruPkyD8vKONRnCT3zT0StrHdw/afsV4i1XQzPJnlPriJFoQFviWMQY8TmLu+UoJKa2FGChdmX+uNorPL
vcvJt5qwfVqn2gOvADbNJs+rsW81NyFsCDnrNcOYyqf8Jsn15yqNW1yPzGQFKmc4Byf2Gx98VexaFzjlns5oQHCB6q1cwM0nzDBu8WjD+xNwmUEIzKk9sfwyDbHQLIu5NgARZJNFgSxv7JvoPavVqaGFuqYaaa9p6ipUvTwBnVWi+dfrq8nqYx11sjQC1A3puUcMI8CHVIfjtwBNw8ST81NXl8VRsXXKBTUyKhFqK3k+3HXR1XcYGhIVWLHpxBCgIu7fGzPKVK/u+pI4nmwu8n7QRcY+dzrfmj3GJZ4Mp+aG+a4IpBYuq9uxf9UcKvUt9KwEL2YxPHnkokM/YjDKUccAMFDJJ0l6WngNlY4urTaHgLbOBHeMvzBGMGBtCMQ2r1MqIC1zSXoyzKXjgU2G4kqdADigBuFWda8cwjtbRe3kO7ATY3EgE3PJvnKvoo9HApXLRjtSfVzEEVc8WiSXr7b+OyRwT3eIC+EUpH89lXLuASUDrs+JvgrFfDM0ic1egFnOxH0O/Wzp/5sYMw46IpKb2QZSx55/g52qs8M=
o3I7T/pqd6drvDHibUXjB1qx+kifPJNZyHKlMnTwpCs591BZNwyE/dZyuDP8LnCgWH4dVYgYSE8+LQEozvHJ0xuEL3OzGA==
c/YShTf23IWosR8yTJljXzJLq6V5/6zTIq/IdBz90x/u+8CBmQzgubWCksdEl8wpETp7lza9xyZ3+umsEClLPEYcQ18iVndEfGdDWP95qOQDJaGiGumpo+KnnY7ePeCzqPGZbpSxAmTxZok83edg2I+WTnKms9Xmnm8KD9eltrPf
AuUI5QOiOY4Yr6Kp5S+GOnM1mRjFp93noeDaZE02kZyGhEg/f/eJC6qevwaHPwDAybzEWmB9AfUsh/dWcHt+oPQd7CSUlgCcgetoYpxpNt8tZj6bTUVjRhNtswI=
4lAC40mFUHh+EorOGhTMpwNa5PIeq3ADdE8tZlrmybgZBhoS2M3LiTHhBvgfpOOR6Hq1CjQINKPZv2BBNxS0tTb6KMu8FmCoeLZtzQiAuAceJREQDolZW3tMH2uzAA==
WAW0w4D+ANkbPU+8MTwtcyppy9cvmVEZQ08tZlrmybgZBhoS2M3LiTHhBvgfpOOR6Hq1CjQINKPZv2BBNxS0tTb6KMu8FmCoeLZtzQiAuAceJREQDolZW3tMH2uzAA==
akpaHRP6HLE25lz1fU8CMBd+YCxRRiViWuLBrAkSMvb4qeNdYbXOPF9gK8W4rh1ulOycN0kr6MW3kDwhpm6ALxxyyHwo4qUJSERwU07xOXQubXFPa1gXb7ME
gtSgw48hqOX/J1gPNoBdxvaEJ1eNrSoBhh6IHc/VDwesVF1eWt65kPkuSkoYFZvhkQm2gJ9cU/lIkmVSdNDki7mXkHk3LESdVtL4E/xOsEDY3t01iPgI775NQcjO0Qlzm2RvU7M4
v+M5mgUsiwzk9uqjnBomczfV4vL36NM2V8nVOpp5U2epHx8aHX/Ntemwg0BOVRSlRuRRb28l1JRFTytcOzqu3ahyWBdPYmB6teI6BHXeVcwx70SY6x7iwnpL0cbaN3afe21Sszs=
jHVk+j1ZedlUWhi8rb30/Cenu0BorNel+OqLdYVsvJb2dfzLhNfoQVAfDdYg1Uh8OzGR7TBzb2r/FS/tjf52sQE2bGcTe5WleVqc5mvhd+YuBKSsCJ/bknwdak5z5YyG3N8pFizgW2EU6KMc/m2DqIsxWXgKcW+Zk5PndKIzC5Mcski8KCIlyUgE8BNOsbk0Li3xj2uYl6+zxA==
rHZNS7jZk9cLVyEzjy7zGu3Gqw31jDM+uon+BXMQWs7wtWUvJQdpky/bDlCkP+wtk6yVAxsnDAn68zVKXpu4hRL0S6JrNI+T+nhVYlw6xDdvNmRLSGdFEWyzBQ==
ICSXZ8tFcvAPPqwYRhkGjC/O4PUwNKDVFRghuAix0xWynNv7vPYgCPjWre0IoPjnnoXRcA6pGbv77N8Ls2A=
DXDakB7KoJBOkyuBrXtlrMbIGDLLbcVppM2WXolF+i2DGp8+5hE=
bwwOd80xA0j9RWH/ntLA310H8IOWM06p9VbD1eu8tHfG6qzItuhVxaVVeBQUW+pvUdGXS14T+uiCkLbp34b9hJm/gaORh8JIg/oUTNa9P9OFndrk1J2Qdbrf84XrCPjNxL8juE6rLh2EIGF+o685JlxqFoTj/wAZDeZM
