vJvbWhG6udV7tl+uZiX4l2loZw6ZLDXRZHm/x5ef+iwTGScu/vfDCWIU+VPtSgu+yRPrDCV3TuQ7TPr3hKA6m5mZy+SAZfee0jwYjrmIroLDtdq77BB0LmNTMxmfshT+Il1MeYOWHdqJditcQkZoiaj5tp+rZIkCz65c1RFWtbA38ZObu5h/FWVjA1VLWIePraPt
2jdJQLbo6wsG/whtt5PYeWmvtNs+vJug8bKCveqvQ5c0+4TzfueMBHhlX59iZyNrBcQv1MmNnttiqZx7FdjeHakiDMzGMifwMD5dNUQHcmjqkr2j7aXBykrC/L1SRZ3uA+aXhjVgHD42tXY5aCP1HNe+UV7CaY8uKwypEU0n5eAhKbuT3WlVIJmzs6Pz
klgQooei6glqGI8te/1UKhe8EjC2KwZWKUoO3egljn/Xc90Rg3EqnLXkzzncNTFdAFkvrJ+C833jwEkjeqqUZmQyEzFJ991T8k/4NIxdIx+bWlVb8WyjdAWliou2MQA7CcCKTT3KQKzK2pOAhMZhNXj/xhheerHDoU1Vmh7a4P3O3Um+F85bJrnI6A5CjYq5FBsBLKMW3f6OQZv+f5Q10VE/MTC1QXdz0QHh0C3Lj6PP
fsXjCTYm/Sv44BpbXLn7me7D2JqtgrZGSYjsp9stqfFAL9f2f4CVt+e6Tr6sqtMzb6VrZavO/vsBplgNxPUcOhTH7JR1D1EHBHU4DDtuW0xe7WClzSkD2NIsPHZuJm4hOiHHHxlDFSDQKHSA5mH34lqsjhCB1sEAPO6T+tuuBwgErqG6o/g=
fA/ST7phL/dLaVxXI8T5xbi1p1LxvBwF+ypLATBpetCEk55uWZHokvt54bUQi39i/x08E7f+BuqMvts3f4FDMeuaVl+RItCZZKFUfkTjxIB1G3kjVDFwWJv608jOScjxjX0r/MIoNGJOciZlaoVvi5nXvYSAbDzUxnX/5kqIpkTBgmmkrGobbnv6T0xUiomuo+w=
4Tm5bphJIxfVqDh5AAuWDbi1p1LxvBwF+ypLATBpetCEgpZgX57pwPt54bUQi39i/xw8E7f+BuqMvts3f4FDMeuaVl+RItCZZKFUfkTjxIB1G3kjVDFwWJv608jOScjxjX0r/MIoNGJOciZlaoVvi5nXvYSAbDzUxnX/5kqIpkTBgmmkrGobbnv6T0xUiomuo+w=
jRMe2mSv1r8K6dMZ3dsjGYW3ixBd6m7NLtX4MNs/o0gILlw4AkmLrd8u+MdVA5bU5gt3NUWNTgEsn42zpnc0ZDC1t58IMuqLvVR3FDG9hruqWTT7fWgWPbFSNAweol9Q+O51NWzXusiSAmVj1dXZ6oJylD36tVWOG9ZvRm3wpN7+5R45gPO9fG8uiR66WZfOY3wBkaWXrcA52YPThfmtgNHjm6Pb
Dz50+OTZka8SIW2kxTpEFXgLjywnloxrk8Pu8NPhv2YAbrKxQMdZU5IPGLTsHcMf/Zq225GsQ3RlZWoL1vHgOykAKs2dCmCs6hozACQGQTVYP2aY/rqRw4GN9Rq+GsD9Lh0pPvcOOyZZCIiOok3qufRbYaxDVr3+bgH7fp/UVdFxf5GwFQFXc/FBQVCNi6+j7w==
UwclXs1WbExqOBtF3xblFz7DZZrHASfxjPihvco+3yTYv4hp4ea+6xQqKH0hNxCiWdrrB+2n+K0rKD/X4LHPaIIQPCC3hbdHd1vLtKpdiVT0Q7SfGCzsBVAK9ZXlwexnNGJrJP+6xk882+0TFz4anlD43oyq9wIju0HZmeGmeHo4rvZrE9QCzhKuYSwVJjScvzQrRIOefOydpKPi
vhVEuRqyY9OtIk5RmKuBQ/n3lhGrsRwF8yhdE2R7eYCE1tMnDd+9wPt54bUQi39i/xg8E7f+BuqMvts3f4FDMeuaVl+RItCZZKFUfkTjxIB1G3kjVDFwWJv608jOScjxjX0r/MIoNGJOciZlaoVvi5nXvYSAbDzUxnX/5kqIpkTBgmmkrGobbnv6T0xUiomuo+w=
kYfmw6Mp+EjI8tjU58DHcDROz3d5loxgjNPpotry8WcKJbKxQMdZU5IPGLTsHcMf+Jq225GsQ3RlZWoL1vHgOykAKs2dCmCs6hozACQGQTVYP2aY/rqRw4GN9Rq+GsD9Lh0pPvcOOyZZCIiOok3qufRbYaxDVr3+bgH7fp/UVdFxf5GwFQFXc/FBQVCNi6+j7w==
54qFxB77AO56Tus+41fpOhElJB5eNNrgs/AXBN8lcBPaXyCUBO3bH+Tr3vupfIu0rdUya75hWLvRkIJtxXoo7CLKy+AMNlk1QA9OeAZqWYPJ/a26Foo4fZaNQV6vvvPmkdiwrso98rnsq4mMewb1viaxI553RO1RCe85EM3xn7O5ETkwpbu3o/c=
2+mt2i9lTfgOGYfcdN3Ku3gRgyEl18UjjNS3/Z++4DQCd/OxQMdZU5IPGLTsHcMf+pu225GsQ3RlZWoL1vHgOykAKs2dCmCs6hozACQGQTVYP2aY/rqRw4GN9Rq+GsD9Lh0pPvcOOyZZCIiOok3qufRbYaxDVr3+bgH7fp/UVdFxf5GwFQFXc/FBQVCNi6+j7w==
77uj3st8SXF1U4No88bB6kWCGUXZ8UMuBD2+Sabp8XoRU+K4tOOEF2L2JzgWzNpxgI/qhdGtI+8HXsNcuOSeJ1zLppB76DGgBp6rr30vWGV7AD/9sXhv4BK4fAinjZePJ/NLHPqVqVzka/Q3iKRMzQAi9b21CUzvpMorDO+y5odsc227R/Y6lkDQniQ6f6Lr62nZsbFu2PKoBrZDA9wiBkIG4YRF7hSUrxxr7BMW3CTNjKPK
xbv+mH5j0wSNTJ8tSdlGtpR0AzNLqs4UOYXfq//moyeKfIr8kNuGy84QIAMCGs8OeZLqgJtVOXmg5+fuf5mlfgcy3sbsksM7T+0b/StWDjMhrkg1BA2MsnSP3Ix1F2FPZP2o9PtWS0R+JZA9TbFzkPIkLE4uXv6p2un3BxlbJegwoOT4plnn6nrk/ogBTjHIHOaDwhtWl4Bk5pGio+A=
MdQ2u9dVoPSqADFIdBvOq8hLtZRkSHsPq5a2KMm5p5f/2tsbekDywHDn/vc+LFg/wqa3sokukjx76UHFUFufUv8l3cL3jqZ6DC67h79RY0HranYP0ZIwCeQx9I6Es6SwdSsZc5TB0MgbajN4jhnoAY0NCywCmFTyzuKGFSpVj7uZ511UwBycREbln1aKWIY0wXJJ9Oza+/77au+8lNrpnqPc
fu9nb9fpxHHGODPaYnm3YKl0MQFl0D31hDMPLK9FNCEUf1tZlP7FbFv4bnSAgtHuTFI3JS0du/yXg1A7Yrz2+fFfRH8tU+sYgaRHEVDjDLWSm9uEsKUn/kK86C7JyH5i87XqWzxQBI6T06N5T3IknjJdXFnz1s16GfabvPIGOKlY+ca/e6Q5Yn8uzHVBlkWQJ/GDe4vYL/X143P1u5jX752j3Q==
nmta2F65hbjbirN/+U9VZHIZ5aWT8Vy2T327gKoywbejlf/c1xFiXubSQJHCDRZCfN2igFuY8RBmDis/nZ8YlVsQP+ORiC9Q8ij8mMc9V/8H40sM2uVp7IT7dKdoFAw9IDL1rZX5DF9EWqucjwIm90xjbatnhvomIEAetNrP4hvLedmhkZ6YQkiWNtNjbOJ2YhbhlGWe1CTPjOt886ac1O2co9o=
1uJlDan0z+A4GlgLNcb113gLjywnloxjkdX8pN7ooTQAaPvlDpIrU5IPGLTsHcMf95i325GsQ3RlZWoL1vHgOykAKs2dCmCs6hozACQGQTVYP2aY/rqRw4GN9Rq+GsD9Lh0pPvcOOyZZCIiOok3qufRbYaxDVr3+bgH7fp/UVdFxf5GwFQFXc/FBQVCNi6+j7w==
xYful3KWqmz/YhEnvRBYEcYbuaFCYaYHVWUvS1l+4LHjAmChFErLK5XjKFGDvL9eflt/NMok3MyPgad7n4+L+PL5ech8NxQz4Oi8eXge9Zn9pdy7/NYLSEc+VvNUjy3fzxpqglgM/qDSs9LfE9VZFXlCyCZwmhaHK9AS8vp6IWBNgsQAN0CL6HtaLJC1sKPu
jICqIJbwm0QzY77Kdj5VbuCy/uWPZEHxaQIr310/mPUbMD/J1uev8DLI/PiHndcfx8NLLBoF6UzEm3RHqLSMXWAS9Y3VmYz/hLqr/M+ipheMQ22Lp2Z6hmAgHlQab2J7i1nZgdH+GOKIdjazI8xilqI24bSlflSEj+zrnDMGHLStvKP6
WO434V7nrdxqFfcHfVmN2CMOA3KHsRrzm4Nw+4I8VrmRX6+4gtOLWKGkp9EwY6x1cpv7xNAlhz5ivIhuaUieotO1ypvc0KTO89ODue/yRN4SXbyZU1atuvn2u/yShphpuPmm/9sk2aJfLqw1oRbl0Efxo7trWI+11eOTNRsYt6+9o/0=
MAaaJ9WNeAtTbz/j+GQyE+Ky/vSNckXxaQIr310/mPUbMD/P1uev8DLI/PiHndcfx8NLLBoF6UzEm3RHqLSMXWAS9Y3VmYz/hLqr/M+ipheMQ22Lp2Z6hmAgHlQab2J7i1nZgdH+GOKIdjazI8xilqI24bSlflSEj+zrnDMGHLStvKP6
xR5m5puWxaIDR/Xdf6vEXyMOBWSbrBrzm4Nw+4I8VrmRX6m4gtOLWKGkp9EwY6x1cpv7xNAlhz5ivIhuaUieotO1ypvc0KTO89ODue/yRN4SXbyZU1atuvn2u/yShphpuPmm/9sk2aJfLqw1oRbl0Efxo7trWI+11eOTNRsYt6+9o/0=
rgWPdh5aMIL6hslzgXdqkSMOBHKJqRrzm4Nw+4I8VrmRX6q4gtOLWKGkp9EwY6x1cpv7xNAlhz5ivIhuaUieotO1ypvc0KTO89ODue/yRN4SXbyZU1atuvn2u/yShphpuPmm/9sk2aJfLqw1oRbl0Efxo7trWI+11eOTNRsYt6+9o/0=
NhWU7UU0FyC/ubc8jTlxyVpNYWhhDIQ5FscmR6mr5pISLjUnUigsBtMtbTM2l+QkYJVHn3IRNUvtNOeUgd02e5o5JPttSGb9QfJEjI4CDxAoDkU1XDdqiMKi9eOldSkq8lKEPerVZU6rtt/G/ZD0Hi7Fbjlw0+08v84Zngq5J45TmhGRtbddgEl5c1MVWX1AgYOro+s=
afSd4AtVVMnHMxs6n5bqUYR8d6SYsdd9dHPrXggpFH5kPsXg0HVH3nM1KeOm5+FzGwzWI9EzWtMC76j0vD0zH4q4aRshzNP0lcU6S+YR8Ds5INoNzWrQLHq6Q0D05nE1aN+22I4aAUMx7aXaTjrQ/T79GX6nrsumyWg4TnJtmrkEezHs87Ytfh6hK76vskXRYV/h8MXh5/Nh4bGQ3eufo98=
LbV7QU+RUyFXb3iBJTIpCCx0iMtyzpKnKxEHndit9UtmSgFhx86veetyFngcdiXUh7vagI7yqmVIbuKSmTCmD+YOoulaPhfxfpz11RxnkYBW2y+qzos6WITnp3n1mL6dSeJszCbyh3CQ/n01ZMfS6EpSXaONZSFKKoIcvXIFPW6jpreGFSB8vtb1FjmI45WcN35xXuKpL66LyokRLecFYEFpW5O9KfWgOfOTo9M=
LbV7QU+RUyFXb3iBJTIpCCx0iMtyzpKnKxEHndit9UtmSgFhx86veetyFngcdiXUh7vagI7yqmVIbuKSmTCmD+YOoulaPhfxfpz11RxnkYBW2y+qzos6WITnp3n1mL6dSeJszCbyh3CQ/n01ZMfS6EpSXaONZSFKKoIcvXIFPW6jpreGFSB8vtb1FjmI45WcN35xXuKpL66LyokRLecFYEFpW5O9KfWgOfOTo9M=
KKgAWTydj6S7mPyEiwu3oC15dtjWGVQfckVhPBGCEPg+mqIfnKL5tnHYlYhrh88j6hiQoyIZMNJ1CC8RjTNsLydWYuKn/25ZLKt6BV5GcYilgzhZ5KJYvO1l2V+KshpQVo17oWlNVU/6PkaSNuDB7nYT9mi474O5kRDCbQX6aOxiSgvgTLaZNYCPDnjG6hmDiX1tulYKeH1WDQFebz4z5tFYcK4KvbK5LCvJjDuGNb5mMWOet86tUclv+RCNcV+zeZF5MGU796O3
btko1TxnRwfgmvYNkqixAQtiXqaEm0DK2dD3ADeOhGXcRfL+zp802jxTAGu4jROdtMJWDALS3ILpXKtv6g8f81/74ljiWBW0LY93EpQtDgZJ9dmxEd3xF4hC4ECRB0WRRHPsIC8O+xNMmejD75TtKJsub8ckQYYfzpImM6EpFClpCEn8unUp/KRL9BdIBMytwEL13XVpzE9k6issrxJmZyyTbVsHFro2APCeBPrfIosrCdnRcQ5YUmgmtmNDfKLmCObhZAUOlDTvPGvM07ZcRA3so6o=
f87juKuAEHgoliFCKNe9Vz3aZQhjaWgb8DMIegVWwda7ZiBSHhiiwBBgiCLP7gmMt+SdIhbFOtLHg7dAVURzaWwTIN3GWw8s3BXbRjYcPPaVmFKKx7XesxAAWFZHc9fBs8JINuadCDHfJvECLRZP5K7W1AEseTIXF/TluitO+I195mly87HX02doU00BQyetZ0j7h6mj6Q==
giTeS4EUzq0y8w/QmCgHDIzooqvUB6SdCKjOOngaAo+I66jxtlm8T+CSpkJSRtDCSDMu2fTe74BSWHxoZ20XL+fTSzw6NSm8JAv018jEzG1AAvWd9anMj+QqK2wvUmYnrFNtm4dWunaAsJ7Eeh8iS6tJ2ZHxzliS6Oa2I8M8oqaIJuGkhU6UdG98awxTdlyEjayj6g==
pGvWsfXGgHfaUANjb+4QRpkV9ADVUfEypus+c5GcX/Xcuj1qnzkSXh8ubLVhFqVThvHjO6tYzzUV49O12xj3L32jPQ==
Y5Nh/pVA6I7Dw2/SK+9ebJxwDztOnp0ON7iQu+WvwCXZRrbSoc6V2c1VZhwUWYUOcYbho/YMaV+Uyv2Xecb/IFsyx9ehj4U/TKsV5ilWDjMhrkg1BA2MsnSP3Ix1F2FPZP2o9PtWS0R+JZA9TbFzkPIkLE4uXv6p2un3BxlbJegwoOT4plnn6nrk/YkBTjHIHOaDwhtWl4Bk5pGio+A=
EuiC9w/r72Iccjbq/7X/v105Py1aaNzzMwwjLNhrf5S30hREBGY4/OBx5pCqvYS3J8iWzjaHOijYFxtPDAtFumnwI1R2QY3oC0ze+jAPOXVnzsM2j8Wa8dXp9tVj2OFvJz2PCRKnjLeSCcx7xbhu3blC3Ey2EtewoN5tNXTn4igass0jPcXRCvqiLL0C5W2uE8ZHBoWALH6mFQY5mINl3Ofe4d6SSZ/uW694ER3HVaAxyesTLUkl4AnTg6PD
N9/It9ExrQIeacbTB+NbD7SBHMhYgEuBOXMQJGLDjl+/mYRV6Q/5m4VvFjG0OGJSDEq1Y6LDmfvQDY1engAL9Yf6ii0QwxFzYzx/wxGmZKyEFgIp+nd8aYLQJxawWHkglp3+4y0VYqnLBdkhJfnZl1SHjiXnx0n5RziNE7QHUpGoUGregW0/mCdVWoe2nMZ6cn4s5jF/9jewcIM8ZzJcnRGucHlYqnBocyYs+y1CZkbdFW3+YB5bosr3H4DwsgtaLg3ITa6u1Rz+kHzJUQ+YYIadgh8Pzo5+dhmmrhso0KGDLD+XGPKY03OJB3lDAVAVLkOOHDGoSb1pO+qX1f61k9dKeErJuHNL1Sz0DYVR6L57kQAE0iZVmZPPMeeKGBmUWuryGknHmLTY7G4E0B8rR4tGUle1342yjQ4EyZ7keERe76Fgi03XXT8HBF/5lnyHQ1yTHkFZPuQyVMTl0Kmam/p1mnTymKPLxwexCc8jYIlKiYF0nmIp5eF0o2uIfvzzlgkJwHUtIPIuSapbaLowCo8JY5wmzbBEFr2nT6dt4CNMXShK1iyscc5BQeBI3Ltpf4d8Xtxg8MENOS9hw4/skgCKQKznXrD/ALCeY9XZB1zk9fMW7txExn24yppPtVajiCCwZj+zD5GbInBG7h0AgSeGmdL1VvcUBrZMEaR5ugePFE3Kk46g3ZVGEcr6Md8jXwh7nVkD350PaGOXIaNh
faROGHi9jHWBBneSrH6lOhPJ+Bf2BC5qRTLaRHiXmkFMfSgMq0ewFXxx5MoaxsqmnYe54I6J2SHTsO+Ah0k/x5OYSXyFKTVBjQdXnHaD2b2grP3jsZ1xK6otohreGR4GHmyuwXpNulzF8MAJy5jx6G8TTlaihmQ/txOZozF6ViunqWJBmy1lnSbv9yKO+eCdB6oTN2hxBScqFhbuKtwu/pl3sH+8UvMJsLuHzxFD32fgq8E9c7VmPXi1gAk6nBTnmUtFOXFXBSlEZEzCRYNgnr1/0LQJcU9ZAAWtFE6eb00Ayr4XngoR2iMMBN39bZyB/N/G3NISMdG7B02EJMFA29BpS865T7HkcDjIQsXVFRzFdcMzz/3nHWl2XC0K5/JoDuc+mJketxoieKtXi68El3pT84qaQhWw67qTpy24RoOpXlCo9JgRSUKn0HeHgWlVRdcJkW4boOSdYvMym66Tv0d35Zp+Z0p+o1SQMOn53lMNW1Vi+nw1B4RrnUnp6SqP5FJFGLY/xYciQ3lU7Tbtb72h4WMQ/9SrZ6t1gjLprCTngisnFOWI58d4Hfyjcu+DLI0W69auhlfJBaS9kRSJePJ5eUh8txSz4Gi8+Xie9Rn9Jdw7/FYLyEe+VnNUDy1fz5pqAliM/iDSM9JfE1VZlXnCyKZwGhYHK1AScvj7IeBNAsSAN8CLaHvaLBC1MKNu
WQj5Zbiyfa/fiDj/v/oThOcyidaljCyl158Q5WqymkVi1f12fQ20/dg6E2QJyThCq25Mlw/63Rh4iaZaZ/fZJl0LW9PDW47LZ3qRc8J5gvuDIBCv5QX8wkMIoUV5Az7vrhcL4ZoBSwZD24/yJJLvBYhh+A2mOf3uh5zRFAdBTSwcg+BXhVdRwu5QiFzUpY2pCk3JiP3s6JnTrbw4n3Wdr4/OsnF7BolcS6vGZgMvc0bYbCXNeBKzdkZd4VS4G+3sudqyZTHB0I1npmqhuXj14livDZ3cU0cqrnifQ8OX1bEDYyxx7pkFfOJC9a2lhIfzhP7wa7J5zQgpDdz6qlkOI6R6fLJrmWcUGq1sjFKNQ1crbWw7qG1sggpMkPnK0aVYBBx3EduX+FYgQKwJyUkL+c8P4AokegTkO37M94SgOpuZmcvkgGX3ntI8GI65iK6Cw7Xau+wQdC5jUzMZn7IU/iJdTHmDlh3aiXYrXEJGaImo+bafq2SJAs+uXNURVrWyNvGTm7uYfxVlYwNVS1iHj62j7Q==
I4yWzt18IuI85hz9Ci+v7cvM6Du3WBEDCobSHDD2BMrf8KqqAh84NVEpaw0zcTTWfLB5nBp3LxTEmwdRgddCcdCKdK0hRbPof2/tSALMQTGlu7XE4NVlXlGNdJzgDOcar5cROYd+exGFyoDMQzJgty52ay+BHaf9Taw4eFScVkSNhPIr87VtbrNwpIFola7nufSnDU3Mgob42W/MhdFavJl0kdieh6uwwsgaBHM7tFBTKug/zICn46Yi4PnVbNY7l2Ryzmonn5plsSvIXrcTyiRMLJ/vSNfnh7Yc8RCyYSC7/M8Uc9lr5Z0Eeu1ayL+2uJ4do56VQWmNHF5WRRE4aRVHfROKqQgA/cby9RXx/uERutms7emxU/nd9JXkfRtpvczm08zCS5DTOZDvGNFbGrXS16gvxeA/ThXyBHbB9YesM4Vuqd6eq0EWuP1ERbxKVJfMhHUfcVdEBZi8u567/B69ALXNOeMIEpxcBu6WztH68ecPGVM18BDY1DBmEZdSmnxsAYHGoVB8XnMKWx6neET+gaqj6A==
AhV33z9PgXW1FBOUCwqMbZC8RlGWCor88aJ64jlB1J23KTOod1PeMeqmsXOmNUpAlsNlvS1xTCNc3kdfb/7aap7zAOGi4hQpMjBS7Z2A7kljtMG/uxK9Jyp8B5UUb72qi3fQkcCPOaCq26ft7sZZ2Hvh64vcW9Q38dX4SZmi2UtVNnb67fGyIUL5JFGvKl2MyzDVCS+Y5iOaY2dfQ+Y0gBLYRk3P3TBN8/y/BHodSX1mHI19f5v1bkjFGU5beFG7HKJRR/GyYiwfOXp64bKczXvwalOP2EP6yNHTSUIpvXZwpauQt5biL7fpnrtVLrSoRedRHzcFeUPWRYzR19h40i9p9+yFB76+Sp8wEZ/M8x3G3ngRbJde2gaGiZF1MMB99gjAZQEjEW1WT+qF/gaQnErd2NlHbH68jaW53ypyOlB2zZshiQ11T9r+JhJWIOHuVlNW6FivY7mxUGLtZToI7AKKq2Ds9nk1YM+u+GYqeYPpvQ069kpYfbZN4d7PfhPm8ZgQLmp9krkMaykM28YVvkbxwx7XBsxR6a9ZkG0xv7OZ0dmwxfuXo9c=
Gy/ooC1WBWVSmxs+4csMp7wgN/6gRZRuZ2dbkSi1rQsUWKPhYKTdBP4hdzH8IKf+hB008S2Z1ouap0DEvLUUI4IEFr/FDUF93pRQ/V/iKjcxyGqsC2xADPd5yvLJW5X04nA5jVWHzfjg6R1ioTEMIACwnyZfq2kFR8IDrXV2+PCjDhiL3soTkwGh30G9kEBEtKAu+H04ipcziRVSQ0zcPYgp1ltJyN8xTfD6ughlF3BlbSKAaUjp5F470wwydGI4kwfMbKOWkINMPN9fVh6YxTVQrodn2ApyqhvnppWNU3S+C2t21HBUo+90r9t3CmRN8A4ZHEvAtyizZRNZbbgC0br0x4pIImUfHik51X0gJmqlLUDV5fsFr0qVcDwN+opJ9U2GXeGGoZDt1clvCWGMKQTBY1VN8J7vDH4zLCOF6NP47SMmRW6vFK95mIO+KYo4lv2NO1yP/dJp4uaXsSrAQaT5xPakq7S4dSMJa7S54ABbIsPA7oF4iQ2Fm7TiICQ6Dqq27QpNn7OZ701M4OSsDIYt7+5qwBS9QfrZbIxiC7a7ot/EtML5lqPU
0gRPM+5iXddZ2VyU+MQ0ZqPNGlr3HsCiJ3Vj90XSJU1FweAbm2X+X8azzuhQ7X55ZLZcCISB+ssaLuFVS+a/ukiXdh41TOiet3JwlKMkdxbC/XJlXQlCjt0TXdWMvh294k9Jw6O5nR0fd1RDn18evTanSlwCkFq82DTycWbRP7793P9t47PfOsGTzjgWgdPd+gcaeXat/oJM09xdhcypQFlhefpwDhRfOB8PVrvwevOljmsSBZl7Bta8J1E+HDs7Cj4mrty/valcCrvnM999Qd0BiO0Bm8rxIf72mhNllE1xbLhMsEULfDeTrkpE0ZqJPlrZmXgTHOxCWL8eHY8YYeAsHTyl+J/EhQmR64PNXhTVgS7sYgvRbvzTaPrnfAeT6EEo5ClIynhjd/XVSzQwWhHnPhJP0RDqfH/mHHm+cHFiZAT8ql/VyGftu/XrV1CHJdYgX5cMx/ZtORIMBiTwHeyppmPOBa6c3viPI5NXZdGTY7xRHtlV3PLCxU2VxFfT9P4AS+K5/WgZjcxaepl+AzR67FLb2bf0Ci2cLCJNkzebbdxbeK0cIvrMgBkakRW4lBznMatXKPYwwJxp+Ylb2T8PkCr0OjQEC/7cV9TgyrsJmVuEMKWn/sK8aC5JyP5ic7VqW7xQhI4T0yN5z3KknrJd3Flz1k16mfYbvHIGuKnY+Ua/+6S5Yv8uTHXBlsWSpvEDewvYr/V14/P1O5hX7x2jXQ==
SU+izVjlHJEFc2oMii2NiZSeiQoMtgHGgUx/e75ThCEKVsOOfJA5oF2ejPTMX5AEZTWDYqa2qMPVHRoOHhzDRoM+YBl+R7eWqpOxKMcfH1IjdvMooI9AXyvsV50i/eaMc/aIy5vmYUJJSpP3KUSOBvigQyrk9S8XAgNLDIbVvZ5tPH4PiYofPrrWWF7ppH8w+h/GhrnkdXQ7r0VW208ENcTe5+c49pSIm6un8uQ2YLlhbCfRbLgyz5YfQRymyOZfzepdm158w1EP6lRiN0cnjfWrn0WzVlMBj8g24YXDq5Ibrzb7hHQaV7D98/2oYdxERj19IuxdbuW6BKibeDd6K02IXi4FRsb3yEwAgPWsiBOn6IEj+DpN31aHznb3ujsGnbcYIuJrF9B5aA/C4k43Jk4KiQnser078GVXCToEmpNTA4Qjko+j7qJONeSjBmMjtdSGd4FCQIwMVHHdyltgM9+taWEti9l11pcAMFVegzaDQtPL7+t1PgYrqmqrKKD0MVVe5+WHBQbCcBVTzNdtzXGF6nvMTlU8TvOlE6q/yRC1Gu1b1f0xh6hzdH+vlwWGKgXsUE8eu4NsqWjzzwQtOHvebzfEUUaP7qKmA4G5VDkJeEmM2mVpbIR7dCdolAy9ILL1LZV5DN9E2qscj4Imd0zjbStnBvqmIMAeNNpP4pvL+dkhkR6YwkgWNlNj7OL2YJfhFGUe1KTPDOv88yacVO0co1o=
rqmlecB2BDptWlsjPVh0oTdHmeJJCRN9gJC/WKEBzWWtMVHN04hfFR6K3zVUliMyNP52u/Mkwv6w/2F8tRb0bF/kqxTj7jzcPXSjMg==
LcXIoUI7Sj6B08iu5Jn3L/CPIV6ptDoKvAqOEe3OGgGBGRxSSsSz3bMrSEgNBJChyxi9zoUBWv5VkHRJc4OhgqCGm1taeECETcPIYOZBt0LazMwxgfYB4LxOU9rbzkdohA5hWqMY
p0YokTBw25jDzXn+2y2OS2lQ+nOiUBFXUVbMIWexH8Gx71zakYqF8Rp3FgYTxc2q7pfNS/3VUIgJYf0qYou6y92MY704Olmioyne5pvOKK1tJvnaIrEHM/eoQ63Rw9dNl4gLZ1mjGQ==
6lCUeDf2D8lJk0PHZxzFJfPGpB74sXgirYq5CT4HUs6/pWEiagdpkyGVDFDtcfkijqvWAxk8BwXEuiUaR5marnfuRKVpNp2C/nFba1M4xyV9I3sFU3gvH2WjJQ==
hJNhypPLXIWHhsIvTt2eNTXpJ4MP5dkn5rx0KqmKvQEyF07W24WFGhY3pdtlVcgYoYFFWipLcpuFrIuNQDqhkssJBjbTjuBd1UZRSroxn6MfCDsdGQOfHU9oIxdhoyE=
BOxhesTZp5NYuRZNV/F++BzaCKY+1/g90bx0KqmKvQEyF07W24WFGhY3pdtlVcgYoYFFWipLcpuFrIuNQDqhkssJBjbTjuBd1UZRSroxn6MfCDsdGQOfHU9oIxdhoyE=
Q113ghck1cP7nEbL00pphskDm2ZLk2oW/q4rCj+FuJ/EQkkVF478n89/h/WqvEspL474GyBPT+TBSYJ6Y1aBQczigd4yib9uu27YEX2HdSDRCQsTjQlFYCkTY6Mj
cCWTH80z6G+6sBSODQIIdyx0iMtyzpKnKxEHndit9UtmSgFhx86veetyFngcdiXUh7vagI7yqmVIbuKSmTCmD+YOoulaPhfxfpz11RxnkYBW2y+qzos6WITnp3n1mL6dSeJszCbyh3CQ/n01ZMfS6EpSXaONZSFKKoIcvXIFPW6jpreGFSB8vtb1FjmI45WcN35xXuKpL66LzogRLecFYEFpW5O9KfWgOfOTo9M=
lksJ4OZJCicdvj36dIF+jzdHmeNJCRN9gJC/WKEBzWWtMVHN04hfFR6K3zVUliMyNP52u/Mkwv6w/2F8tRb0bF/kqxTj7jzcPXSjMg==
D/efHqqQUHJE+gSjDafrb4Kn4g8vV6vVee0tPEMZu7MgaueOuLGio4YRhSchn7GyarCfBEK86sCzdGqEgaO6K7RUSJL+M9IQLywJh+xBbIJZO9sFbT0VAO+p1648DAmqTVFcp2M4F9WkvTCaX/irX3bhYPoUXON5F+cELtQgeJEVGYfR+4/UIqiqWHxvnrgP+FB2cw1Z30zMVUsm5pzMlmXYouo3tS7T4ECoNrfzB6EjglhWNp3Ykc9mYSL9ln/EHpbkoZx5grcnNFWaG86ore0medqisYczd6jDrVHDV00XiItn2aOZ
e2AfEOC8SQKqwcIgHyLnZJ1V23Bq2Cejqn0Lnd7i/B2+f5H78Tth1Bw77frLsBL6att163BontnJl1Fvjw/DKrRrfR7YdHKIyJQpl+mFGPZHbpP+jWSyeD1a0LeUkCAy3dkh4LiWVyM5TRTEcCIl+X31TGfMcuugk6mwP5gBO4r1IrdYLzWAzw6FktT2EdUX7AMl3qluPpuBhpitxBVc2pTnLPR1b5EnhJV47DvOm2zejaAFzYlDOFIMfNZuRq5BugGH/xmjVQBQSLTg5sG3wtpMzLGBdgFgvM5TWttOR+iEjmHao5g=
7J0FyGQzh7RwRUF+03L/Ut5zd9pi707JhqSFkuSo1OZM1LJ6vnZ9UNL0pNAHQQVJ95wvhFYwSFoHKbtszg0YVG7dr/9/bTiTRD1QWn/4S58WYcu/M1yDufdnpO70IJjRtZknkRuPtOIIKvi8D56YT1jQFjPtWf+MbNWrZoac7NaFWMIqF7UOE4DASHaX82fhwwL4lhadONGv5sFi3ZYfBL4WRGH8eWL3h7T12vvOiG1NppkawrGnc9coo22xw3eNdwhrJ/mjuQ==
3nDNE30ZrJGcAzboRA5z/Pede+b87MAE6wMGusx17yRDVnNDg2VC0RlxdrKuZa4QlFMddxn1d0bIhB9L742QyURxvKmpEckc6NhWOGM4cHLXoyJRlmTU02hFeO7GLvWYHOnkqsTU5as97ricQ1URr/j7NHf/P6WuMclsmF82Gys8oSh7nywNkOsWb/9U+WanvirmC9ER9BEZsMlEyk3JxNRzNK84vCwVsHr15QXRLPcUUusU3yqGX1wr7eN3LloOcMhevIpnwjNbMdnpAba46hiedlszRELecF9h3HU2dAyfBKt0ow68/H3Uo5I=
QHi/G+V8Mpc8sTl7NDODjPede+b87MAE6wMGusx17yRDVnNDg2VC0RlxdrKuZa4QlFMddxn1d0bPhh9L742QyURxvampEckc6NhWOGM4cHLXoyJRlmTU02hFeO7GLvWYHOnkqsTU5as97ricQ1URr/j7NHf/P6WuMclsmF82Gys8oSh7nywNkOsWb/9U+WanvirmC9ER9BEZsMlEyk3JxNRzNK84vCwVsHr15QXRLPcUUusU3yqGX1wr7eN3LloOcMhevIpnwjNbMdnpAba46hiedlszRELecF9h3HU2dAyfBKt0ow68/H3Uo5I=
XYbx10jOa22Rw8M+cMXnsfede+b87MAE6wMGusx17yRDVnNDg2VC0RlxdrKuZa4QlFMddxn1d0bIhB9L742QyURxsqmpEckc6NhWOGM4cHLXoyJRlmTU02hFeO7GLvWYHOnkqsTU5as97ricQ1URr/j7NHf/P6WuMclsmF82Gys8oSh7nywNkOsWb/9U+WanvirmC9ER9BEZsMlEyk3JxNRzNK84vCwVsHr15QXRLPcUUusU3yqGX1wr7eN3LloOcMhevIpnwjNbMdnpAba46hiedlszRELecF9h3HU2dAyfBKt0ow68/H3Uo5I=
B+Xje/BEfhJxEzSxyRJkdvede+b87MAE6wMGusx17yRDVnNDg2VC0RlxdrKuZa4QlFMddxn1d0bPhh9L742QyURxs6mpEckc6NhWOGM4cHLXoyJRlmTU02hFeO7GLvWYHOnkqsTU5as97ricQ1URr/j7NHf/P6WuMclsmF82Gys8oSh7nywNkOsWb/9U+WanvirmC9ER9BEZsMlEyk3JxNRzNK84vCwVsHr15QXRLPcUUusU3yqGX1wr7eN3LloOcMhevIpnwjNbMdnpAba46hiedlszRELecF9h3HU2dAyfBKt0ow68/H3Uo5I=
JSvuNLxw7P0uS7fokwcjYPede+b87MAE6wMGusx17yRDVnNDg2VC0RlxdrKuZa4QlFMddxn1d0bIhB9L742QyURxsKmpEckc6NhWOGM4cHLXoyJRlmTU02hFeO7GLvWYHOnkqsTU5as97ricQ1URr/j7NHf/P6WuMclsmF82Gys8oSh7nywNkOsWb/9U+WanvirmC9ER9BEZsMlEyk3JxNRzNK84vCwVsHr15QXRLPcUUusU3yqGX1wr7eN3LloOcMhevIpnwjNbMdnpAba46hiedlszRELecF9h3HU2dAyfBKt0ow68/H3Uo5I=
sG3LuXtUO7G11+lRdLRF9Pede+b87MAE6wMGusx17yRDVnNDg2VC0RlxdrKuZa4QlFMddxn1d0bPhh9L742QyURxsampEckc6NhWOGM4cHLXoyJRlmTU02hFeO7GLvWYHOnkqsTU5as97ricQ1URr/j7NHf/P6WuMclsmF82Gys8oSh7nywNkOsWb/9U+WanvirmC9ER9BEZsMlEyk3JxNRzNK84vCwVsHr15QXRLPcUUusU3yqGX1wr7eN3LloOcMhevIpnwjNbMdnpAba46hiedlszRELecF9h3HU2dAyfBKt0ow68/H3Uo5I=
Ik9Dyb3qxVzgvQkWCaDALvede+b87MAE6wMGusx17yRDVnNDg2VC0RlxdrKuZa4QlFMddxn1d0bIhB9L742QyURxtqmpEckc6NhWOGM4cHLXoyJRlmTU02hFeO7GLvWYHOnkqsTU5as97ricQ1URr/j7NHf/P6WuMclsmF82Gys8oSh7nywNkOsWb/9U+WanvirmC9ER9BEZsMlEyk3JxNRzNK84vCwVsHr15QXRLPcUUusU3yqGX1wr7eN3LloOcMhevIpnwjNbMdnpAba46hiedlszRELecF9h3HU2dAyfBKt0ow68/H3Uo5I=
qOErdi1sHLF2+3rzRBKZ1/ede+b87MAE6wMGusx17yRDVnNDg2VC0RlxdrKuZa4QlFMddxn1d0bPhh9L742QyURxt6mpEckc6NhWOGM4cHLXoyJRlmTU02hFeO7GLvWYHOnkqsTU5as97ricQ1URr/j7NHf/P6WuMclsmF82Gys8oSh7nywNkOsWb/9U+WanvirmC9ER9BEZsMlEyk3JxNRzNK84vCwVsHr15QXRLPcUUusU3yqGX1wr7eN3LloOcMhevIpnwjNbMdnpAba46hiedlszRELecF9h3HU2dAyfBKt0ow68/H3Uo5I=
C1lmu8AzX1FJ2/10Wrfx1vede+b87MAE6wMGusx17yRDVnNDg2VC0RlxdrKuZa4QlFMddxn1d0bIhB9L742QyURxtKmpEckc6NhWOGM4cHLXoyJRlmTU02hFeO7GLvWYHOnkqsTU5as97ricQ1URr/j7NHf/P6WuMclsmF82Gys8oSh7nywNkOsWb/9U+WanvirmC9ER9BEZsMlEyk3JxNRzNK84vCwVsHr15QXRLPcUUusU3yqGX1wr7eN3LloOcMhevIpnwjNbMdnpAba46hiedlszRELecF9h3HU2dAyfBKt0ow68/H3Uo5I=
qP8C+LKFuLxjjdAqOttR5fede+b87MAE6wMGusx17yRDVnNDg2VC0RlxdrKuZa4QlFMddxn1d0bPhh9L742QyURxtampEckc6NhWOGM4cHLXoyJRlmTU02hFeO7GLvWYHOnkqsTU5as97ricQ1URr/j7NHf/P6WuMclsmF82Gys8oSh7nywNkOsWb/9U+WanvirmC9ER9BEZsMlEyk3JxNRzNK84vCwVsHr15QXRLPcUUusU3yqGX1wr7eN3LloOcMhevIpnwjNbMdnpAba46hiedlszRELecF9h3HU2dAyfBKt0ow68/H3Uo5I=
DFZFwLjf8FL9u5XFKdlWKvede+b87MAE6wMGusx17yRDVnNDg2VC0RlxdrKuZa4QlFMddxn1d0bIhB9L742QyURxvKipEckc6NhWOGM4cHLXoyJRlmTU02hFeO7GLvWYHOnkqsTU5as97ricQ1URr/j7NHf/P6WuMclsmF82Gys8oSh7nywNkOsWb/9U+WanvirmC9ER9BEZsMlEyk3JxNRzNK84vCwVsHr15QXRLPcUUusU3yqGX1wr7eN3LloOcMhevIpnwjNbMdnpAba46hiedlszRELecF9h3HU2dAyfBKt0ow68/H3Uo5I=
kQ9gG+0s0kwPVz1A5fjibvede+b87MAE6wMGusx17yRDVnNDg2VC0RlxdrKuZa4QlFMddxn1d0bPhh9L742QyURxvaipEckc6NhWOGM4cHLXoyJRlmTU02hFeO7GLvWYHOnkqsTU5as97ricQ1URr/j7NHf/P6WuMclsmF82Gys8oSh7nywNkOsWb/9U+WanvirmC9ER9BEZsMlEyk3JxNRzNK84vCwVsHr15QXRLPcUUusU3yqGX1wr7eN3LloOcMhevIpnwjNbMdnpAba46hiedlszRELecF9h3HU2dAyfBKt0ow68/H3Uo5I=
zGQnwvW51AQ/DIRmza/gofede+b87MAE6wMGusx17yRDVnNDg2VC0RlxdrKuZa4QlFMddxn1d0bIhB9L742QyURxsqipEckc6NhWOGM4cHLXoyJRlmTU02hFeO7GLvWYHOnkqsTU5as97ricQ1URr/j7NHf/P6WuMclsmF82Gys8oSh7nywNkOsWb/9U+WanvirmC9ER9BEZsMlEyk3JxNRzNK84vCwVsHr15QXRLPcUUusU3yqGX1wr7eN3LloOcMhevIpnwjNbMdnpAba46hiedlszRELecF9h3HU2dAyfBKt0ow68/H3Uo5I=
dvcvcLpIatExI1tVruvx5Pede+b87MAE6wMGusx17yRDVnNDg2VC0RlxdrKuZa4QlFMddxn1d0bPhh9L742QyURxs6ipEckc6NhWOGM4cHLXoyJRlmTU02hFeO7GLvWYHOnkqsTU5as97ricQ1URr/j7NHf/P6WuMclsmF82Gys8oSh7nywNkOsWb/9U+WanvirmC9ER9BEZsMlEyk3JxNRzNK84vCwVsHr15QXRLPcUUusU3yqGX1wr7eN3LloOcMhevIpnwjNbMdnpAba46hiedlszRELecF9h3HU2dAyfBKt0ow68/H3Uo5I=
jGNKhEsbVsY8WZAZ6f62YJeXg6iCLSm5jMcj8A+39NCZWyFRhExTCgd429jWjYzucD1KNKvLGmm232PCCbiYsrEeFidp4c/6hODtFRI61b4GcYMel4IKUSormZGtsf+z2VGZsAV7V6MX
lyjqN+3Jxfj6qF28S8g14cZQISM3lVpe4JsAdeWu+2TeDPU/WRHa8ul95XYcYld0Pu7V5PyXvLEETXKZipgLWYFJkd2Jyrt6XjwqG2+GgLCQfDDE8MNiAEXfaI1e25d8FDWjdt5cVGYN+Bp6/7XmQ1hgwMYvMz/xy+KAZn4dkGGXxslyBdbndDZ2nDHUeUon31R9KoMO0H1FhqGubDFMBy9Jq31pg889/6gz95Gj0Q==
9je+lOtaR+rEPRj8SXCOmwQ6axIBPu7s6IplPwcHsJLd9LkhbFjpavyZ4tTyt2JidgEPF19l6a3jXyh4jzgVVp/EAuBEj0gFMQpmo9Z5UCc27ftpDkTbF5dry4RKDcmEVDM0b7h8LNUwOvWlhREsN5SS61RfaoYf3OvtI/duWk7wiF58CqfC89tx2amBdrgqmF52G7MEQp70mWEf8XZ1TB9Eq7Qjzrw8/ZSj0g==
a7mGzm9jAYUpIciyyq7890KHBGzB5lUJZ3e+SKTqjHRYEuWnt5/QSm2seXlcgIlyzIHizMKvArpGWc9P772JNVPHqOA/oHWOL5zCuHRXKB0BEma75mEw/wa1OzG+nLuPJ/NLHPqVqVzka/Q3iKRMzQAi9b21CUzvpMorDO+y5odsc227R/Y6lkDQniQ6f6Lr62nZsbFu2PKoBrZDA9wiBkQB4YdB7hWUrxxr7BMW3CTNjKPK
j6mCyhhVssQjJbvnkDG5lDa4j8XBtZciWOMSJVd1eMmSrjT0hYWTgTggcZpJayiOkUjAh+LOxpEKsDpP333703Evf+GIAlt+XaTz6jLqQJlw503UJvkiH/i1umNrw+oyA9XLlau+XgvBtnjdRKV8KtR3jKR1PzG3xGVYXLu+e1yeHcDVzdmjqJI8HCbu9o4xepEnLxlz9ZCQOJRQZjHX8hrcKOeBpWXw/f6zKlv+ZxjEHsGKo8g=
UZmJBeaUABW1H8oEBmYLU7aWxBUozCNsFcbEbAUd42mYiKHiiVN4ZvFg8J/i1va5alhqdx8FK3vRxw95CJqrFv0MoxJy0pDxkM99zCbhEjcY3WpbKzu6mqO9Ow0rJi7jYR6opYSdLMK0X7y8dScBn6SNCGR7xqv0PvWwTU1BU8AylEzers5eWZq5FzcZa8W4cFBEaCbJh1q6tNh/AT0VGF1WY1KbxjfwpDbxkqPQ
8kBjDsR5dkTBhU/XDDuCno1ZKyRngV9F+Y1TMv+17HHeDPU/WRHa8ul95XYcYld0Pu7V5PyXvLEETXKZipgLWYFJkd2Jyrt6XjwqG2+GgLCQfDDE8MNiAEXfaI1e25d8FDWjdt5cVGYN+Bp6/7XmQ1hgwMYvMz/xy+KAZn4dkGGXxslyBdbndDZ2nDHUeUon31R9KoMO0H1FhqGubDFMBy9Jq31pg889/6gz95Gj0Q==
irqyercNTK5bfgQ/uyKia7aW2Rku3jhlJcbEbAUd42mYiKHiiVN4ZvFg8J/i1va5alhqdx8FK3vRxw95CJqrFv0MoxJy0pDxkM99zCbhEjcY3WpbKzu6mqO9Ow0rJi7jYR6opYSdLMK0X7y8dScBn6SNCGR7xqv0PvWwTU1BU8AylEzers5eWZq5FzcZa8W4cFBEaCbJh1q6tNh/AT0VGF1WY1KbxjfwpDbxkqPQ
KgPh0RVxdBdmn0yEEf32xO+MM3TJG539QVGgt84VQ/gIM/6IENal62/rIBZFiFmVJJSZTsSF4sDamzKmLr2vY9fpWUmbg2gsZ1QFUoc4YtSMw7ihiZbmN37VgGPu0dudBkjrc283C1Ai4VkAzE/U2/CwXPEIJvWxrT1888wuSyDX5jb7pDetdx8CSkrodD5IwusyV2PtWT0p2mhuQGJW77sIcvoMxaHLmZrlyIc4SwBrAswYxYijxg==
dwtvERHwK9RHSejxNRYX+1MpD7yHFDOUypiHtkUafDDFQdu16FSZvmlPQHqBfMiD4srOpRpEUmv/WROnoRs3JcjGE8qN0BtOkk4obeBTxVCmfaqraEHSx8tnAkbTYYNR63oWPxHCkPlkgRTexEOEoHU7OYPUkTB4m5qTKE4piBGNHescQkj0gk5S5sXqJa+rmfd9JADM/PTGlT+GymhgI8FhLcQtilsOe9oP7NQqyY6jzA==
VkeCxHpy+5v49ajLI/120lIgEquBF3qGmpabvEBbSH7JW9Og6FSZvmlPQHqBfMiD4srOpRpEUmv/WROnoRs3JcjGE8qN0BtOkk4obeBTxVCmfaqraEHSx8tnAkbTYYNR63oWPxHCkPlkgRTexEOEoHU7OYPUkTB4m5qTKE4piBGNHescQkj0gk5S5sXqJa+rmfd9JADM/PTGlT+GymhgI8FhLcQtilsOe9oP7NQqyY6jzA==
S0vaoGBaetCOPstHVFV8MpdW/wLJQ/Agt/t9Y47JX//n+zo6kycYSx8ubLVhFqVWgPHgP6tZzzUV49O12xj3L32jPQ==
nb9L1k8SwGJvlY13Hc61yVfdnnpul4RU+OeacarC4VOETvYLU/SCLtQJYY/RxrW8/1QrpEO+/IzdBKNC
EWvDthYuVbZgakmfeNLmL6r2Cve4nUup3QF9VxNGBT52kbNeZ+I6UVqLKdFdkU8ziXGJ8JXbB6NH
nOAPbiFPi5fUA89l2aqFqJeXg6iCLSm5jMcj8A+39NCZWyFRhExTCgd429jWjYzucD1KNKvLGmm232PCCbiYsrEeFidp4c/6hODtFRI61b4GcYMel4ENUS0qmZGtsf+z2VGZsAV7V6MX
9ZjTXtIvWrvKy2mNtCYILcZQISM3lVpe4JsAdeWu+2TeDPU/WRHa8ul95XYcYld0Pu7V5PyXvLEETXKZipgLWYFJkd2Jyrt6XjwqG2+GgLCQfDDE8MNiAEXfaI1e25d8FDWjdt5cVGYN+Bp6/7XmQ1hgwMYvMz/xy+KAZn4dkGGXxslyBdbndDZ2nDHUeUon31R9KoMO0H1FhqGtazFLBi9Jq31pg889/6gz95Gj0Q==
RF0imwNokurNA0llvhhpPQQ6axIBPu7s6IplPwcHsJLd9LkhbFjpavyZ4tTyt2JidgEPF19l6a3jXyh4jzgVVp/EAuBEj0gFMQpmo9Z5UCc27ftpDkTbF5dry4RKDcmEVDM0b7h8LNUwOvWlhREsN5SS61RfaoYf3OvtI/duWk7wiF58CqfC89tx2amBdrgqmF52G7MEQp73nmEY8HZ1TB9Eq7Qjzrw8/ZSj0g==
mF0KMOFJcGvvqsFK3/+SRkKHBGzB5lUJZ3e+SKTqjHRYEuWnt5/QSm2seXlcgIlyzIHizMKvArpGWc9P772JNVPHqOA/oHWOL5zCuHRXKB0BEma75mEw/wa1OzG+nLuPJ/NLHPqVqVzka/Q3iKRMzQAi9b21CUzvpMorDO+y5odsc227R/Y6lkDQniQ6f6Lr62nZsbFu2PKoBrZDA9wiBkcG4YBA7hWUrxxr7BMW3CTNjKPK
a7n5dk4p+fbK/+Ln9o1RZja4j8XBtZciWOMSJVd1eMmSrjT0hYWTgTggcZpJayiOkUjAh+LOxpEKsDpP333703Evf+GIAlt+XaTz6jLqQJlw503UJvkiH/i1umNrw+oyA9XLlau+XgvBtnjdRKV8KtR3jKR1PzG3xGVYXLu+e1yeHcDVzdmjqJI8HCbu9o4xepEnLxlz9ZCQOJRQZjHX8hrcK+CBomTw/f6zKlv+ZxjEHsGKo8g=
b6kvrBfpf2Q2CAi0BrJYTLaWxBUozCNsFcbEbAUd42mYiKHiiVN4ZvFg8J/i1va5alhqdx8FK3vRxw95CJqrFv0MoxJy0pDxkM99zCbhEjcY3WpbKzu6mqO9Ow0rJi7jYR6opYSdLMK0X7y8dScBn6SNCGR7xqv0PvWwTU1BU8AylEzers5eWZq5FzcZa8W4cFBEaCbJh1q6tNt4AToUGF1WY1KbxjfwpDbxkqPQ
jA77gO0S3hVBR1UQtedHr41ZKyRngV9F+Y1TMv+17HHeDPU/WRHa8ul95XYcYld0Pu7V5PyXvLEETXKZipgLWYFJkd2Jyrt6XjwqG2+GgLCQfDDE8MNiAEXfaI1e25d8FDWjdt5cVGYN+Bp6/7XmQ1hgwMYvMz/xy+KAZn4dkGGXxslyBdbndDZ2nDHUeUon31R9KoMO0H1FhqGtazFLBi9Jq31pg889/6gz95Gj0Q==
f4V5ME1Arx9XliP2t5fpLbaW2Rku3jhlJcbEbAUd42mYiKHiiVN4ZvFg8J/i1va5alhqdx8FK3vRxw95CJqrFv0MoxJy0pDxkM99zCbhEjcY3WpbKzu6mqO9Ow0rJi7jYR6opYSdLMK0X7y8dScBn6SNCGR7xqv0PvWwTU1BU8AylEzers5eWZq5FzcZa8W4cFBEaCbJh1q6tNt4AToUGF1WY1KbxjfwpDbxkqPQ
vMrCn0OadfZ9iu6NaIHHl++MM3TJG539QVGgt84VQ/gIM/6IENal62/rIBZFiFmVJJSZTsSF4sDamzKmLr2vY9fpWUmbg2gsZ1QFUoc4YtSMw7ihiZbmN37VgGPu0dudBkjrc283C1Ai4VkAzE/U2/CwXPEIJvWxrT1888wuSyDX5jb7pDetdx8CSkrodD5IwusyV2PtWT0p2mhuQGJW77sIcvoPwqHMmJrlyIc4SwBrAswYxYijxg==
qENEjdxE86guKnyxGMofP1MpD7yHFDOUypiHtkUafDDFQdu16FSZvmlPQHqBfMiD4srOpRpEUmv/WROnoRs3JcjGE8qN0BtOkk4obeBTxVCmfaqraEHSx8tnAkbTYYNR63oWPxHCkPlkgRTexEOEoHU7OYPUkTB4m5qTKE4piBGNHescQkj0gk5S5sXqJa+rmfd9JADM/PTGlT+GymhjJMFmLMQtilsOe9oP7NQqyY6jzA==
vdLEf1ORDB6dFqXmsu745VIgEquBF3qGmpabvEBbSH7JW9Og6FSZvmlPQHqBfMiD4srOpRpEUmv/WROnoRs3JcjGE8qN0BtOkk4obeBTxVCmfaqraEHSx8tnAkbTYYNR63oWPxHCkPlkgRTexEOEoHU7OYPUkTB4m5qTKE4piBGNHescQkj0gk5S5sXqJa+rmfd9JADM/PTGlT+GymhjJMFmLMQtilsOe9oP7NQqyY6jzA==
yTC4HeKXbAwu7LeT63dcHlfdnnpul4RU+OeacarC4VOETvYLU/SCLtcOYYjQxrW8/1QrpEO+/IzdBKNC
D2GqkC42S3CQVR4mEMlOFKr2Cve4nUup3QF9VxNGBT52kbNeZ+E9UV2KKdFdkU8ziXGJ8JXbB6NH
bfHpjHfzgIgYC0rSGojGw5dW/wLJQ/Agt/t9Y47JX//n+zo6kycYSx8ubLVhFqVVh/HnPqtZzzUV49O12xj3L32jPQ==
eLCBLF+dFeZJpeW1/egcsRAgWMWSm/eGOvBCaljYnw14D8J2NX6o9QS6dbZ7zghtzaYZG0SxI3ZXKSNtMcP3jfcI6yd5ozk=
IksYVZUFjkrg9wU3kpyBhHoBue9EE+bxVMt0c3R1GLNKYiOl7H827rn+JH5/Tvsex27UBTn2zaMIcW+OA/kXRe2jC+XjON8/daM1
5NYE5D9oCLs4b8jtUAhlGxEgWMWSm/eGOvBCaljYnw14D8J2NX6o9QS6dbZ7zghtzaYZH0SxI3ZXKSNtMcP3jfcI6yd5ozk=
J+ihP7fi3kA+my8RIBk4GnoBue9EE+bxVMt0c3R0GLNKYiOl7H827rn+JH5/Tvsex27UBTn2zacIcW+OA/kXRe2jC+XjON8/daM1
k61am8TFeDQxmRHHeAdI7REgWMWSm/eGOvBCaljYnw14D8J2NX6o9QS6dbZ7zghtzaYZGkGxInZXKSNtMcP3jfcI6yd5ozk=
cFtAVfi1678Npo2aRAEFMVxwkNBBEELEDhHmjK2SyPhAblLI9ekaJ/Ai/z5iobYSF1IRXoLpTy7rjusRiKIl4WGp+5Md6RUg2TNzozM=
FvZjIKzYND05RRIdMa6n8CNitoJpaTTbusFs6x+nVefwmTU1+q4XfwPfQB4eQZTU+ipoCCZpx3o6lJzaAZvUON12o/KbJvcQJNYxcqMw
jSyDaLYA+jWxp8o/g3QhNhAgWMWSm/eGOvBCaljYnw14D8J2NX6o9QS6dbZ7zghtzaYZGkGxInZXKSNtMcP3jfcI6yd5ozk=
d8JEatXIpKpBBgYhDEO2y1xwkNFBEELEDhHnjK2SyPhAblLI9ekaJ/Ai/z5iobYSF1IRXoLpTy7rjusRiKIl4WGp+5Md6RUg2TNzozM=
4dfJGvVvVrJKC2Tur4fI1yNitoJpaTTbusFs6x+nVefxmTU1+q4XfwPfQB4eQZTU+ipoCCZpx3o6lJzaAZvUON12o/KbJvcQJNYxcqMw
Hal1nD5NVFJB/eZWixcQMREgWMWSm/eGOvBCaljYnw14D8J2NX6o9QS6dbZ7zghtzaYZHkGxInZXKSNtMcP3jfcI6yd5ozk=
+tZqu3otogIGC+CACV4bjlxzkNBBEELEDhHmjK2SyPhAblLI9ekaJ/Ai/z5iobYSF1IRXoLpTy7riusRiKIl4WGp+5Md6RUg2TNzozM=
6o3pzHZD6ZshwSz9AD1weyNitoJpaTTbusFs6x+nVufwmTU1+q4XfwPfQB4eQZTU+ipoCCZpx3o6lJjaAZvUON12o/KbJvcQJNYxcqMw
exIWfynwxs1hbGZaYUUFARAgWMWSm/eGOvBCaljYnw14D8J2NX6o9QS6dbZ7zghtzaYZHkGxInZXKSNtMcP3jfcI6yd5ozk=
rls2ABO+SwGdjFX27q/04VxzkNFBEELEDhHnjK2SyPhAblLI9ekaJ/Ai/z5iobYSF1IRXoLpTy7riusRiKIl4WGp+5Md6RUg2TNzozM=
ebaXtgaiSJn8fFuVbSNFhiNitoJpaTTbusFs6x+nVufxmTU1+q4XfwPfQB4eQZTU+ipoCCZpx3o6lJjaAZvUON12o/KbJvcQJNYxcqMw
ogVh/ggmsGFJDDOe/E2pwjBczvJMwWstC2oMQXTD7N9ACn+Lk2vImp7FD29uxACshs0vDuog1BxBX5wMDQJL1rsCn+Q04jl2ozQ=
9zyrBH4pMLGzVv9S0FeTVO/I8FNJa9q+tjEziJz6lSW4bLOu1oBeUkw469XEXy4eof48HWhqye6PrhxV0VZ1Mnfx1h77mb+VpWND1QtYxw9toy0=
QmjcidmYYxUV95XW+9SuYA6u34gxSa7tiww5Fi7A2qco2258GrewchmBjpdk2mO+/sotppm6ff4ugbt+X1aV0bT60bFVgZdzMcEBUM0Lb6Mv
jobIXRalpVm9PMRR7cn+sTBfzvJMwWstC2oMQXTD7N9ACn+Lk2vImp7FD29uxACshs0vDuog1BxBX5wMDQJL1rsCn+Q04jl2ozQ=
4QYW2ltW6OrQdTfZHuVh/O/I8FNKa9q+tjEziJz6liW4bLOu1oBeUkw469XEXy4eof48HWhqye6PrhxV0VZ1Mnfx1h77mb+VpWND1QtYxw9toy0=
KboXldjIKTsUt8uqJaERrQ6u34gxSa7tiww5Fi7A2qco2G58GrewchmBjpdk2mO+/sotppm6ff4ugbt+X1aV0bT60bFVgZdzMcEBUM0Lb6Mv
rYzmYXT7p+pFBPSFCANOfzBfzvNMwWstC2oMQXTD7N9ACn+Lk2vImp7FD29uxACshs0vDuog1BxBX5wMDQJL1rsCn+Q04jl2ozQ=
CqEG9C0ZAYxPOtVHQhpggO/I8FNKa9u+tjEziJz6liW5bLOu1oBeUkw469XEXy4eof48HWhqye6PrhxV0VZ1Mnfx1h77mb+VpWND1QtYxw9toy0=
xdV6RRlwKh9bSmrRzLIx7Q6u34gxSa7tiww5Fi7A2qco2G59GrewchmBjpdk2mO+/sotppm6ff4ugbt+X1aV0bT60bFVgZdzMcEBUM0Lb6Mv
e5cUSvkrf2jgb+YPFwUEtTBczvNMwWstC2oMQXTD7N9ACn+Lk2vImp7FD29uxACshs0vDuog1BxBX5wMDQJL1rsCn+Q04jl2ozQ=
THgCWlIaR3DGSoUV+yEsou/I8FNJa9u+tjEziJz6lSW5bLOu1oBeUkw469XEXy4eof48HWhqye6PrhxV0VZ1Mnfx1h77mb+VpWND1QtYxw9toy0=
nfT6/kETUqWtmvGrBpglvg6u34gxSa7tiww5Fi7A2qco2259GrewchmBjpdk2mO+/sotppm6ff4ugbt+X1aV0bT60bFVgZdzMcEBUM0Lb6Mv
zLlNWakvaPsZYuDfOaBp1hEgWMWSm/eGOvBCaljYnw14D8J2NX6o9QS6dbZ7zghtzaYZGkOxInZXKSNtMcP3jfcI6yd5ozk=
0RWXy0+1ZZQolV4VAq8rDVxykNBBEELEDhHmjK2SyPhAblLI9ekaJ/Ai/z5iobYSF1IRXoLpTy7rjukRiKIl4WGp+5Md6RUg2TNzozM=
SQi6MhNT0HvxoXgq4GjrIyNitoJpaTTbusFs6x+nV+fwmTU1+q4XfwPfQB4eQZTU+ipoCCZpx3o6lJzYAZvUON12o/KbJvcQJNYxcqMw
G25peIdvvy3KCcTns7pjkxAgWMWSm/eGOvBCaljYnw14D8J2NX6o9QS6dbZ7zghtzaYZGkOxInZXKSNtMcP3jfcI6yd5ozk=
MOGt341CcPqJtFb9seaXkFxykNFBEELEDhHnjK2SyPhAblLI9ekaJ/Ai/z5iobYSF1IRXoLpTy7rjukRiKIl4WGp+5Md6RUg2TNzozM=
zH/bzq7jYpKnotxYEQT3nCNitoJpaTTbusFs6x+nV+fxmTU1+q4XfwPfQB4eQZTU+ipoCCZpx3o6lJzYAZvUON12o/KbJvcQJNYxcqMw
V7Ahp02tmb+qalpU8yMLPzBczvJMwWstC2oMQXTD7N9ACn+Lk2vImp7FD29uxACshs0vDuog0RxBX5wMDQJL1rsCn+Q04jl2ozQ=
RX7T4uG939xtJc450HD3lu/L8FNJa9q+tjEziJz6lSW4bLOu1oBeUkw469XEXy4eof48HWhqye6PrhxV0VZ1N3fx1h77mb+VpWND1QtYxw9toy0=
zNGCW5ZUPU0oTVXu+XTP5Q6u34gxSa7tiww5Fi7A2aco2258GrewchmBjpdk2mO+/sotppm6ff4ugbt+X1OV0bT60bFVgZdzMcEBUM0Lb6Mv
pUXyayucQ7r8SdrNQ6qEEDBfzvJMwWstC2oMQXTD7N9ACn+Lk2vImp7FD29uxACshs0vDuog0RxBX5wMDQJL1rsCn+Q04jl2ozQ=
nDxW+FlM1AP2lL3U7hHX8+/L8FNKa9q+tjEziJz6liW4bLOu1oBeUkw469XEXy4eof48HWhqye6PrhxV0VZ1N3fx1h77mb+VpWND1QtYxw9toy0=
wROmwYLJPya/1ObWs4d0yg6u34gxSa7tiww5Fi7A2aco2G58GrewchmBjpdk2mO+/sotppm6ff4ugbt+X1OV0bT60bFVgZdzMcEBUM0Lb6Mv
k6CSfyPqUyBsCe0u0DGHDzBfzvNMwWstC2oMQXTD7N9ACn+Lk2vImp7FD29uxACshs0vDuog0RxBX5wMDQJL1rsCn+Q04jl2ozQ=
wSEuuuQMjnc5iwtL7i6Kvu/L8FNKa9u+tjEziJz6liW5bLOu1oBeUkw469XEXy4eof48HWhqye6PrhxV0VZ1N3fx1h77mb+VpWND1QtYxw9toy0=
Oiy9pRv/1VBBB7KeTH6m9g6u34gxSa7tiww5Fi7A2aco2G59GrewchmBjpdk2mO+/sotppm6ff4ugbt+X1OV0bT60bFVgZdzMcEBUM0Lb6Mv
Zo/4Ir33LlPG2mpXjaZAPDBczvNMwWstC2oMQXTD7N9ACn+Lk2vImp7FD29uxACshs0vDuog0RxBX5wMDQJL1rsCn+Q04jl2ozQ=
w2NdRa10FwzWo7wwxCdsLe/L8FNJa9u+tjEziJz6lSW5bLOu1oBeUkw469XEXy4eof48HWhqye6PrhxV0VZ1N3fx1h77mb+VpWND1QtYxw9toy0=
YhW8RTsb+rmEHfHC5uJvYA6u34gxSa7tiww5Fi7A2aco2259GrewchmBjpdk2mO+/sotppm6ff4ugbt+X1OV0bT60bFVgZdzMcEBUM0Lb6Mv
SyDuB4aYd5VpwlZ8hvU+aBEgWMWSm/eGOvBCaljYnw14D8J2NX6o9QS6dbZ7zghtzaYZH0OxInZXKSNtMcP3jfcI6yd5ozk=
5XwY77CiqlFihrq7Igs6fFx1kNBBEELEDhHmjK2SyPhAblLI9ekaJ/Ai/z5iobYSF1IRXoLpTy7ri+kRiKIl4WGp+5Md6RUg2TNzozM=
jFrzDfeiRU6a0fwbwFc9cCNitoJpaTTbusFs6x+nUOfwmTU1+q4XfwPfQB4eQZTU+ipoCCZpx3o6lJnYAZvUON12o/KbJvcQJNYxcqMw
XjRHLrQNdGdkDUavDjGnBRAgWMWSm/eGOvBCaljYnw14D8J2NX6o9QS6dbZ7zghtzaYZH0OxInZXKSNtMcP3jfcI6yd5ozk=
xmXtztAesp4HECWZJO+rZVx1kNFBEELEDhHnjK2SyPhAblLI9ekaJ/Ai/z5iobYSF1IRXoLpTy7ri+kRiKIl4WGp+5Md6RUg2TNzozM=
+f3JNs6nMP6+KoS4edFtFiNitoJpaTTbusFs6x+nUOfxmTU1+q4XfwPfQB4eQZTU+ipoCCZpx3o6lJnYAZvUON12o/KbJvcQJNYxcqMw
GuZqXlFggGsl8ix0MOBibTBczvJMwWstC2oMQXTD7N9ACn+Lk2vImp7FD29uxACshs0vDuog3RxBX5wMDQJL1rsCn+Q04jl2ozQ=
UUT9vSvWfvrMVk+4cw6oYe/K8FNJa9q+tjEziJz6lSW4bLOu1oBeUkw469XEXy4eof48HWhqye6PrhxV0VZ1O3fx1h77mb+VpWND1QtYxw9toy0=
SAiJeZo9bTIfRelVwt+Ing6u34gxSa7tiww5Fi7A2Kco2258GrewchmBjpdk2mO+/sotppm6ff4ugbt+X1+V0bT60bFVgZdzMcEBUM0Lb6Mv
KbSpeqCcSITWMuYkgyG5ETBfzvJMwWstC2oMQXTD7N9ACn+Lk2vImp7FD29uxACshs0vDuog3RxBX5wMDQJL1rsCn+Q04jl2ozQ=
dHiYivvv9v4Bn5aUai1ZaO/K8FNKa9q+tjEziJz6liW4bLOu1oBeUkw469XEXy4eof48HWhqye6PrhxV0VZ1O3fx1h77mb+VpWND1QtYxw9toy0=
8IVR1TE6nFnfuq6gsFIqxA6u34gxSa7tiww5Fi7A2Kco2G58GrewchmBjpdk2mO+/sotppm6ff4ugbt+X1+V0bT60bFVgZdzMcEBUM0Lb6Mv
vFfnmJkY9G8T+I/WcOCIWzBfzvNMwWstC2oMQXTD7N9ACn+Lk2vImp7FD29uxACshs0vDuog3RxBX5wMDQJL1rsCn+Q04jl2ozQ=
8akL5zPynF8mMGY/69EmK+/K8FNKa9u+tjEziJz6liW5bLOu1oBeUkw469XEXy4eof48HWhqye6PrhxV0VZ1O3fx1h77mb+VpWND1QtYxw9toy0=
SNIg2yec2hU9qpmULv/Dpg6u34gxSa7tiww5Fi7A2Kco2G59GrewchmBjpdk2mO+/sotppm6ff4ugbt+X1+V0bT60bFVgZdzMcEBUM0Lb6Mv
LS6mcBdw8lWhx7ELGwOGRzBczvNMwWstC2oMQXTD7N9ACn+Lk2vImp7FD29uxACshs0vDuog3RxBX5wMDQJL1rsCn+Q04jl2ozQ=
eP8vTdcxme5wDJuCJ7kzf+/K8FNJa9u+tjEziJz6lSW5bLOu1oBeUkw469XEXy4eof48HWhqye6PrhxV0VZ1O3fx1h77mb+VpWND1QtYxw9toy0=
C6yQs2FUNrl8bvSuxhUhbw6u34gxSa7tiww5Fi7A2Kco2259GrewchmBjpdk2mO+/sotppm6ff4ugbt+X1+V0bT60bFVgZdzMcEBUM0Lb6Mv
8cFTjgl2a/FzAKmmodLCthEgWMWSm/eGOvBCaljYnw14D8J2NX6o9QS6dbZ7zghtzaYZE0OxInZXKSNtMcP3jfcI6yd5ozk=
WdS7UF2suIVlVqm6PBm0LVx0kNBBEELEDhHmjK2SyPhAblLI9ekaJ/Ai/z5iobYSF1IRXoLpTy7rh+kRiKIl4WGp+5Md6RUg2TNzozM=
+9nAGdEDOdLppWp447qNQCNitoJpaTTbusFs6x+nUefwmTU1+q4XfwPfQB4eQZTU+ipoCCZpx3o6lJXYAZvUON12o/KbJvcQJNYxcqMw
fRGhfyz/P7I7S3GCIrn8shAgWMWSm/eGOvBCaljYnw14D8J2NX6o9QS6dbZ7zghtzaYZE0OxInZXKSNtMcP3jfcI6yd5ozk=
lWN66Grt5sDgcvp6e65Ok1x0kNFBEELEDhHnjK2SyPhAblLI9ekaJ/Ai/z5iobYSF1IRXoLpTy7rh+kRiKIl4WGp+5Md6RUg2TNzozM=
vKH1GQ/I/syFLWw95N3u0CNitoJpaTTbusFs6x+nUefxmTU1+q4XfwPfQB4eQZTU+ipoCCZpx3o6lJXYAZvUON12o/KbJvcQJNYxcqMw
ExUc6m1xl00Srgf8DFdXB5OZRPTJsK8yXGGnflNmzC2IcrOAl/UJ/HEJkG1pKoKCjRhGHD/iDc0RbYoOZggiEC4vQxwm7NhgoxVTT2Do7e5SjOE0wh71WMWSfN+qUcLaXpssJ8RmmzZWQgWxK4TkQL7RIscVaZ2PC0+Jux/Pi7hyOXkI/HcUc2AovLn4XvXZfWXce3yWCwjH/lYz1M8tn0/aakLYTP7gUnPSH5OVWVX5gsjm8NoWx6sQEjJwPCElyELFwLcAi6j7mixQNfCjrg==
cgUj9+AtTHqEheWjMSTu9rdYHG2maDVWLZ/aXD+O3IplyiwYMmOEC7XmhRcovUGrRcNcd0i1NG7K/9Eb19I/G994FgUr9grCKHKXAytVXPbt7FaK6T7OEOVq0WRk5bYv4vg6fQQNKAir5CKUPevX2qSC+hfqjdknzX1f+VHBw3HrWtafkWJQ2WTh1L5EI0TAdVv541Tx8BibulOIzolIMY09q7zC6LSiTrKmJWrF70uZFz3EgCy8FMa1fyZKyCwCwUfsZK0qmy57us+MVEoJ7qOs
ZocugRBQ0V5EBH7c0nwCkgrAQOizG5Pr5Re5M2uPKI/Ghd50zzJOTQQrskwQpo+scjmuolD2SS4tvZssecqKUoqDsLeJkHug+RmOr9Led21v0A9lsUSZfdFPGfBSJN5Sa8zouJJSkQOPzDmZDLV7ROFcsoZic441JuEkJRZxIDvpgGrN3YqgrCqacwBkhoE1mL8mmL46UcNBDbUa/poA/e6d6T63jnsmmYhIjuLNqrk026GsA9b9/q6BO37fXhPRNPpRsdWBF3OxwYFQTQvvo68=
HlNo2zW255tEsKZ0BYi+8grAQOizG5Pr5Re5M2uPKI/Ghd50zzJOSwQrskwWpo+scjmuolD2SS4tvZssVd2KW5aNp7eJkHug+RmOr9Led21v0A9lsUSZfdFPGfBSJN5Sa8zouJJSkQOPzDmZDLV7ROFcsoZic441JuEkJRZxIDvpgGrN3YqgrCqacwBkhoE1mL8mmL46UcNBDbUa/poA/e6d6T63jnsmmYhIjuLNqrk026GsA9b9/q6BO37fXhPRNPpRsdWBF3OxwYFQTQvvo68=
Qlm0tTzsPV3z5zsJqvdO9crmgzagdknn82RFyFPR0nlDamTtXZXa8OENv3+2lUppGbO3/vFDXMH8JAsx50lOu2hY4myYn2OESbCLDYSn2Np1bW3UBW27UOtt41vz2HjAvHKJqMKQ+IajU32Yc1FGcbkEI5j4TignfGWUNU6NvBXCm4tkwGU3HhI8WA75iO4CA7UaO6wQNK4jU/OZX7JUfmJdDPlDlt1ayXZr3AJGqAlo+fYf62RJgg+unFVRVvU68fFWHnuZP5UlY8PVi1hHD+2jrQ==
voXrYVdthtWmNvBxJnIJAwrAQOizG5Pr5Re5M2uPKI/Ghd50zzJOSwQrskwWpo+scjmuolD2SS4tvZssecqKTJeCureJkHug+RmOr9Led21v0A9lsUSZfdFPGfBSJN5Sa8zouJJSkQOPzDmZDLV7ROFcsoZic441JuEkJRZxIDvpgGrN3YqgrCqacwBkhoE1mL8mmL46UcNBDbUa/poA/e6d6T63jnsmmYhIjuLNqrk026GsA9b9/q6BO37fXhPRNPpRsdWBF3OxwYFQTQvvo68=
hnuUWx9YOZurQcLCHkv90Mrmgzagdknn82RFyFPR0nlDamTtXZXa9uENv3+wlUppGbO3/vFDXMH8JAsx9k9MrmxM4myYn2OESbCLDYSn2Np1bW3UBW27UOtt41vz2HjAvHKJqMKQ+IajU32Yc1FGcbkEI5j4TignfGWUNU6NvBXCm4tkwGU3HhI8WA75iO4CA7UaO6wQNK4jU/OZX7JUfmJdDPlDlt1ayXZr3AJGqAlo+fYf62RJgg+unFVRVvU68fFWHnuZP5UlY8PVi1hHD+2jrQ==
8Y2GeTbJfdm2lWR2Me0tb5OZRPTJsK8yXGGnflNmzC2IcrOAl/UJ+mBRyH1/IdbdihtTNXmBSo8GNZ1OYjolBjsyQxwm7NhgoxVTT2Do7e5SjOE0wh71WMWSfN+qUcLaXpssJ8RmmzZWQgWxK4TkQL7RIscVaZ2PC0+Jux/Pi7hyOXkI/HcUc2AovLn4XvXZfWXce3yWCwjH/lYz1M8tn0/aakLYTP7gUnPSH5OVWVX5gsjm8NoWx6sQEjJwPCElyELFwLcAi6j7mixQNfCjrg==
LezEfQ5PPajuST0Cx+H5uZOZRPTJsK8yXGGnflNmzC2IcrOAl/UJ+mBRyH1/IdbdihtTNXmBSo8GNZ1OaykvGzswQxwm7NhgoxVTT2Do7e5SjOE0wh71WMWSfN+qUcLaXpssJ8RmmzZWQgWxK4TkQL7RIscVaZ2PC0+Jux/Pi7hyOXkI/HcUc2AovLn4XvXZfWXce3yWCwjH/lYz1M8tn0/aakLYTP7gUnPSH5OVWVX5gsjm8NoWx6sQEjJwPCElyELFwLcAi6j7mixQNfCjrg==
AG6KkngEed2dsGg5XJHa7CQc5e7WOA7n1CvdZh96oTD1rV0HTEuyM4DXuP8Dy22p7BbOLNBukuCfW8hKaUayswWJ/dObssB2+8JiJggWfzc7oVTy7ehefvkKJnTFjrlQtJF+66I88gnUuUDsC4DKIK0fX14kBnLjejkxQ22ZN02BtQu1q54e60FWOD1EhTyKVNdMxHVf8RdExRh8u147vB79gPXN+WPIElzcRu7WTpH6MWfPGZO1MBCYVHBmUReSmrzkxoGDJBB9HvPKW94nuES+AeqjqA==
8pqpxFTEUNOhBu6QGOH9ph4599h9RI+9Xts7Pm4gNoIEeCOl7H827rn+JG1wSuEex27UBTn2zacIcW6OA/kXRe2jC+XjON8/daM1
eOENfWL7nW69avqUs7RsZX9+ycktmnpqTnBqfUz3yalDERI1mcvLkHDFQ/lLvqTF5GekC2Aed6/Dr2AOHlGnqz7gCLimGWeqeqR5zwGLtAgdJgMCG5YXQGQmEWKjIA==
OPLbNKwIcNIO77kaDLJL2iNyl8ozjeGf4PMqOGA9aHYx02YAvrTc0P8joKR+M6G/oFc2QlDLlee3lOSwjaT8lo3ZQJf7Viailn2lrbq2BzdjV7AmHnlkXJpieBBm8VeyGpypJ4Hj5DD9PjNqWz7n2MReQUqjCA==
65Mi6T32uSgHwObLI4ZkJ27M3/tUUKah1AQzH2GEy79piTIkLrSwchmBjpdk2mO+/sotppm6ff4ugbt+X1OS0bT60bFVgZdzMcEBUM0Lb6Mv
JbwviVW4d8r9vGwUGsFzph8599h9RI+9Xts7Pm4gNoIEeCOl7H827rn+JG1wSuEex27UBTn2zaQIcW6OA/kXRe2jC+XjON8/daM1
cJYrg5yjsCoyADzVO4/N827M3/tUUKah1AQzH2GEy75piTIkLrSwchmBjpdk2mO+/sotppm6ff4ugbt+X1CS0bT60bFVgZdzMcEBUM0Lb6Mv
5qmUWNcFcOsHH50eY3X44hw599h9RI+9Xts7Pm4gNoIEeCOl7H827rn+JG1wSuEex27UBTn2zaENcW2OA/kXRe2jC+XjON8/daM1
rbop5Svg41CzWCZKY9bhlm7M3/tUUKah1AQzH2GEy71piTIkLrSwchmBjpdk2mO+/sotppm6ff4ugbt+X1WX0bf60bFVgZdzMcEBUM0Lb6Mv
5GhA8WWpY0RvJdX4CnXOVx0599h9RI+9Xts7Pm4gNoIEeCOl7H827rn+JG1wSuEex27UBTn2zaEPcWuOA/kXRe2jC+XjON8/daM1
oH8STPHW0BTkl9/SGm5RZA2rlWM3G5rv+S9aDssWVvrMur9n2HGOaRoyr+NzQ/iCnt0sSIq20JTGNX+mSkgnhMHC7OStqpuuezrPDFTKCW6jLA==
9uwVqrDWG6xdZeWPvbbxEpeXg6iCLSm5jMcj8A+39NCZWyFRhExTCgd429jWjYzucD1KNKvLGmm232PCCbiYsrEeFidp4c/6hODtFRI61b4GcYMel44KUSsqmZGtsf+z2VGZsAV7V6MX
nRQ6qFEmB2zlNYtVx5KcUcZQISM3lVpe4JsAdeWu+2TeDPU/WRHa8ul95XYcYld0Pu7V5PyXvLEETXKZipgLWYFJkd2Jyrt6XjwqG2+GgLCQfDDE8MNiAEXfaI1e25d8FDWjdt5cVGYN+Bp6/7XmQ1hgwMYvMz/xy+KAZn4dkGGXxslyBdbndDZ2nDHUeUon31R9KoMO0H1FhqGibDFNBi9Jq31pg889/6gz95Gj0Q==
drguVDT7SqMbLCJkcdFjSAQ6axIBPu7s6IplPwcHsJLd9LkhbFjpavyZ4tTyt2JidgEPF19l6a3jXyh4jzgVVp/EAuBEj0gFMQpmo9Z5UCc27ftpDkTbF5dry4RKDcmEVDM0b7h8LNUwOvWlhREsN5SS61RfaoYf3OvtI/duWk7wiF58CqfC89tx2amBdrgqmF52G7MEQp74mWEe8HZ1TB9Eq7Qjzrw8/ZSj0g==
4he6tSCkH/TOB7Zq/RqZF0KHBGzB5lUJZ3e+SKTqjHRYEuWnt5/QSm2seXlcgIlyzIHizMKvArpGWc9P772JNVPHqOA/oHWOL5zCuHRXKB0BEma75mEw/wa1OzG+nLuPJ/NLHPqVqVzka/Q3iKRMzQAi9b21CUzvpMorDO+y5odsc227R/Y6lkDQniQ6f6Lr62nZsbFu2PKoBrZDA9wiBkgB4YZA7hWUrxxr7BMW3CTNjKPK
Z0xW60My6KncM/wqhLvA1Da4j8XBtZciWOMSJVd1eMmSrjT0hYWTgTggcZpJayiOkUjAh+LOxpEKsDpP333703Evf+GIAlt+XaTz6jLqQJlw503UJvkiH/i1umNrw+oyA9XLlau+XgvBtnjdRKV8KtR3jKR1PzG3xGVYXLu+e1yeHcDVzdmjqJI8HCbu9o4xepEnLxlz9ZCQOJRQZjHX8hrcJOeBpGTw/f6zKlv+ZxjEHsGKo8g=
JklRCu34pZfHCVPlRfYNlraWxBUozCNsFcbEbAUd42mYiKHiiVN4ZvFg8J/i1va5alhqdx8FK3vRxw95CJqrFv0MoxJy0pDxkM99zCbhEjcY3WpbKzu6mqO9Ow0rJi7jYR6opYSdLMK0X7y8dScBn6SNCGR7xqv0PvWwTU1BU8AylEzers5eWZq5FzcZa8W4cFBEaCbJh1q6tN16AT0UGF1WY1KbxjfwpDbxkqPQ
rq/uayQrKTPZqpph8sFygo1ZKyRngV9F+Y1TMv+17HHeDPU/WRHa8ul95XYcYld0Pu7V5PyXvLEETXKZipgLWYFJkd2Jyrt6XjwqG2+GgLCQfDDE8MNiAEXfaI1e25d8FDWjdt5cVGYN+Bp6/7XmQ1hgwMYvMz/xy+KAZn4dkGGXxslyBdbndDZ2nDHUeUon31R9KoMO0H1FhqGraTFMBi9Jq31pg889/6gz95Gj0Q==
S/5IB6F0+e7otTF+X2dV2raW2Rku3jhlJcbEbAUd42mYiKHiiVN4ZvFg8J/i1va5alhqdx8FK3vRxw95CJqrFv0MoxJy0pDxkM99zCbhEjcY3WpbKzu6mqO9Ow0rJi7jYR6opYSdLMK0X7y8dScBn6SNCGR7xqv0PvWwTU1BU8AylEzers5eWZq5FzcZa8W4cFBEaCbJh1q6tN16AT0UGF1WY1KbxjfwpDbxkqPQ
HB4CsdkeRmJ2eOyH3kM7nu+MM3TJG539QVGgt84VQ/gIM/6IENal62/rIBZFiFmVJJSZTsSF4sDamzKmLr2vY9fpWUmbg2gsZ1QFUoc4YtSMw7ihiZbmN37VgGPu0dudBkjrc283C1Ai4VkAzE/U2/CwXPEIJvWxrT1888wuSyDX5jb7pDetdx8CSkrodD5IwusyV2PtWT0p2mhuQGJW77sIcvoJwKHLmJrlyIc4SwBrAswYxYijxg==
iSEhghRiDfusyhFfcOGV6lMpD7yHFDOUypiHtkUafDDFQdu16FSZvmlPQHqBfMiD4srOpRpEUmv/WROnoRs3JcjGE8qN0BtOkk4obeBTxVCmfaqraEHSx8tnAkbTYYNR63oWPxHCkPlkgRTexEOEoHU7OYPUkTB4m5qTKE4piBGNHescQkj0gk5S5sXqJa+rmfd9JADM/PTGlT+GymhlJsFhLMQtilsOe9oP7NQqyY6jzA==
26dyUtNFBAFfC8SK7H9qLFIgEquBF3qGmpabvEBbSH7JW9Og6FSZvmlPQHqBfMiD4srOpRpEUmv/WROnoRs3JcjGE8qN0BtOkk4obeBTxVCmfaqraEHSx8tnAkbTYYNR63oWPxHCkPlkgRTexEOEoHU7OYPUkTB4m5qTKE4piBGNHescQkj0gk5S5sXqJa+rmfd9JADM/PTGlT+GymhlJsFhLMQtilsOe9oP7NQqyY6jzA==
By7GYc/yH/UjfxQuxBBIjVfdnnpul4RU+OeacarC4VOETvYLU/SCLtEMYY/QxrW8/1QrpEO+/IzdBKNC
QphVxavuNtQlX4PMAXtpsKr2Cve4nUup3QF9VxNGBT52kbNeZ+c/UVqKKdFdkU8ziXGJ8JXbB6NH
tapKTDcbODppyiBHVW2A/ZdW/wLJQ/Agt/t9Y47JX//n+zo6kycYSx8ubLVhFqVThfHgPqtZzzUV49O12xj3L32jPQ==
uVTsOfJwrzuTSHF0DZcWfJeXg6iCLSm5jMcj8A+39NCZWyFRhExTCgd429jWjYzucD1KNKvLGmm232PCCbiYsrEeFidp4c/6hODtFRI61b4GcYMel44LUSQqmZGtsf+z2VGZsAV7V6MX
TA4QGUDJMpgKCriawMFGJsZQISM3lVpe4JsAdeWu+2TeDPU/WRHa8ul95XYcYld0Pu7V5PyXvLEETXKZipgLWYFJkd2Jyrt6XjwqG2+GgLCQfDDE8MNiAEXfaI1e25d8FDWjdt5cVGYN+Bp6/7XmQ1hgwMYvMz/xy+KAZn4dkGGXxslyBdbndDZ2nDHUeUon31R9KoMO0H1FhqGibTFCBi9Jq31pg889/6gz95Gj0Q==
Z0HsC6+yMC9LUjyOPrbNHAQ6axIBPu7s6IplPwcHsJLd9LkhbFjpavyZ4tTyt2JidgEPF19l6a3jXyh4jzgVVp/EAuBEj0gFMQpmo9Z5UCc27ftpDkTbF5dry4RKDcmEVDM0b7h8LNUwOvWlhREsN5SS61RfaoYf3OvtI/duWk7wiF58CqfC89tx2amBdrgqmF52G7MEQp74mGER8HZ1TB9Eq7Qjzrw8/ZSj0g==
S+z/RAEJWJJ1Z7huZGkFsEKHBGzB5lUJZ3e+SKTqjHRYEuWnt5/QSm2seXlcgIlyzIHizMKvArpGWc9P772JNVPHqOA/oHWOL5zCuHRXKB0BEma75mEw/wa1OzG+nLuPJ/NLHPqVqVzka/Q3iKRMzQAi9b21CUzvpMorDO+y5odsc227R/Y6lkDQniQ6f6Lr62nZsbFu2PKoBrZDA9wiBkgA4YlA7hWUrxxr7BMW3CTNjKPK
RNd1rKNNK8OHWkStoXB5qDa4j8XBtZciWOMSJVd1eMmSrjT0hYWTgTggcZpJayiOkUjAh+LOxpEKsDpP333703Evf+GIAlt+XaTz6jLqQJlw503UJvkiH/i1umNrw+oyA9XLlau+XgvBtnjdRKV8KtR3jKR1PzG3xGVYXLu+e1yeHcDVzdmjqJI8HCbu9o4xepEnLxlz9ZCQOJRQZjHX8hrcJOaBq2Tw/f6zKlv+ZxjEHsGKo8g=
xVlJ/BJr62Aic/IlyteG07aWxBUozCNsFcbEbAUd42mYiKHiiVN4ZvFg8J/i1va5alhqdx8FK3vRxw95CJqrFv0MoxJy0pDxkM99zCbhEjcY3WpbKzu6mqO9Ow0rJi7jYR6opYSdLMK0X7y8dScBn6SNCGR7xqv0PvWwTU1BU8AylEzers5eWZq5FzcZa8W4cFBEaCbJh1q6tNR+ATMUGF1WY1KbxjfwpDbxkqPQ
V3l+5/ULyFVcBn/gvWMZyo1ZKyRngV9F+Y1TMv+17HHeDPU/WRHa8ul95XYcYld0Pu7V5PyXvLEETXKZipgLWYFJkd2Jyrt6XjwqG2+GgLCQfDDE8MNiAEXfaI1e25d8FDWjdt5cVGYN+Bp6/7XmQ1hgwMYvMz/xy+KAZn4dkGGXxslyBdbndDZ2nDHUeUon31R9KoMO0H1FhqGibTFCBi9Jq31pg889/6gz95Gj0Q==
lE2Px4oUAp7iI3t7H3HSr7aW2Rku3jhlJcbEbAUd42mYiKHiiVN4ZvFg8J/i1va5alhqdx8FK3vRxw95CJqrFv0MoxJy0pDxkM99zCbhEjcY3WpbKzu6mqO9Ow0rJi7jYR6opYSdLMK0X7y8dScBn6SNCGR7xqv0PvWwTU1BU8AylEzers5eWZq5FzcZa8W4cFBEaCbJh1q6tNR+ATMUGF1WY1KbxjfwpDbxkqPQ
BoiGmgvTRZYJIpV3lFxYre+MM3TJG539QVGgt84VQ/gIM/6IENal62/rIBZFiFmVJJSZTsSF4sDamzKmLr2vY9fpWUmbg2gsZ1QFUoc4YtSMw7ihiZbmN37VgGPu0dudBkjrc283C1Ai4VkAzE/U2/CwXPEIJvWxrT1888wuSyDX5jb7pDetdx8CSkrodD5IwusyV2PtWT0p2mhuQGJW77sIcvoAxKHFmJrlyIc4SwBrAswYxYijxg==
bK1ZjHWrk+Jvc0xarQ/sM1MpD7yHFDOUypiHtkUafDDFQdu16FSZvmlPQHqBfMiD4srOpRpEUmv/WROnoRs3JcjGE8qN0BtOkk4obeBTxVCmfaqraEHSx8tnAkbTYYNR63oWPxHCkPlkgRTexEOEoHU7OYPUkTB4m5qTKE4piBGNHescQkj0gk5S5sXqJa+rmfd9JADM/PTGlT+GymhsIsFvLMQtilsOe9oP7NQqyY6jzA==
DhqwyuWwvD9IEA4Iu0MJFFIgEquBF3qGmpabvEBbSH7JW9Og6FSZvmlPQHqBfMiD4srOpRpEUmv/WROnoRs3JcjGE8qN0BtOkk4obeBTxVCmfaqraEHSx8tnAkbTYYNR63oWPxHCkPlkgRTexEOEoHU7OYPUkTB4m5qTKE4piBGNHescQkj0gk5S5sXqJa+rmfd9JADM/PTGlT+GymhsIsFvLMQtilsOe9oP7NQqyY6jzA==
uUcG9LI+s/7ZIeUWZBOnFVfdnnpul4RU+OeacarC4VOETvYLU/SCLtgIYYHQxrW8/1QrpEO+/IzdBKNC
iVDWNUdzOs4sovAse6+Szqr2Cve4nUup3QF9VxNGBT52kbNeZ+47UVSKKdFdkU8ziXGJ8JXbB6NH
RE13bhrzdBHt+/MsEMO30JdW/wLJQ/Agt/t9Y47JX//n+zo6kycYSx8ubLVhFqVagfHuPqtZzzUV49O12xj3L32jPQ==
E2sOx7428AL3vg6wXxMF/5eXg6iCLSm5jMcj8A+39NCZWyFRhExTCgd429jWjYzucD1KNKvLGmm232PCCbiYsrEeFidp4c/6hODtFRI61b4GcYMel4MKUSQqmZGtsf+z2VGZsAV7V6MX
R5RucGbhVTvyiXPX2LP+98ZQISM3lVpe4JsAdeWu+2TeDPU/WRHa8ul95XYcYld0Pu7V5PyXvLEETXKZipgLWYFJkd2Jyrt6XjwqG2+GgLCQfDDE8MNiAEXfaI1e25d8FDWjdt5cVGYN+Bp6/7XmQ1hgwMYvMz/xy+KAZn4dkGGXxslyBdbndDZ2nDHUeUon31R9KoMO0H1FhqGvbDFCBi9Jq31pg889/6gz95Gj0Q==
dNYR7L65KbLB+kkUi8KvPgQ6axIBPu7s6IplPwcHsJLd9LkhbFjpavyZ4tTyt2JidgEPF19l6a3jXyh4jzgVVp/EAuBEj0gFMQpmo9Z5UCc27ftpDkTbF5dry4RKDcmEVDM0b7h8LNUwOvWlhREsN5SS61RfaoYf3OvtI/duWk7wiF58CqfC89tx2amBdrgqmF52G7MEQp71mWER8HZ1TB9Eq7Qjzrw8/ZSj0g==
OKl9AvSY4Fc8p2ml8Th/7kKHBGzB5lUJZ3e+SKTqjHRYEuWnt5/QSm2seXlcgIlyzIHizMKvArpGWc9P772JNVPHqOA/oHWOL5zCuHRXKB0BEma75mEw/wa1OzG+nLuPJ/NLHPqVqVzka/Q3iKRMzQAi9b21CUzvpMorDO+y5odsc227R/Y6lkDQniQ6f6Lr62nZsbFu2PKoBrZDA9wiBkUB4YlA7hWUrxxr7BMW3CTNjKPK
gOsN0Q4vPY2o/IIszsBGnza4j8XBtZciWOMSJVd1eMmSrjT0hYWTgTggcZpJayiOkUjAh+LOxpEKsDpP333703Evf+GIAlt+XaTz6jLqQJlw503UJvkiH/i1umNrw+oyA9XLlau+XgvBtnjdRKV8KtR3jKR1PzG3xGVYXLu+e1yeHcDVzdmjqJI8HCbu9o4xepEnLxlz9ZCQOJRQZjHX8hrcKeeBq2Tw/f6zKlv+ZxjEHsGKo8g=
AN23XVyEtrCc7RGuYIuXwraWxBUozCNsFcbEbAUd42mYiKHiiVN4ZvFg8J/i1va5alhqdx8FK3vRxw95CJqrFv0MoxJy0pDxkM99zCbhEjcY3WpbKzu6mqO9Ow0rJi7jYR6opYSdLMK0X7y8dScBn6SNCGR7xqv0PvWwTU1BU8AylEzers5eWZq5FzcZa8W4cFBEaCbJh1q6tNl/ATMUGF1WY1KbxjfwpDbxkqPQ
35f8G+sb6Iztx5f+7wZSHo1ZKyRngV9F+Y1TMv+17HHeDPU/WRHa8ul95XYcYld0Pu7V5PyXvLEETXKZipgLWYFJkd2Jyrt6XjwqG2+GgLCQfDDE8MNiAEXfaI1e25d8FDWjdt5cVGYN+Bp6/7XmQ1hgwMYvMz/xy+KAZn4dkGGXxslyBdbndDZ2nDHUeUon31R9KoMO0H1FhqGvbDFCBi9Jq31pg889/6gz95Gj0Q==
c6r8onbY3rKyHWNyohEN5raW2Rku3jhlJcbEbAUd42mYiKHiiVN4ZvFg8J/i1va5alhqdx8FK3vRxw95CJqrFv0MoxJy0pDxkM99zCbhEjcY3WpbKzu6mqO9Ow0rJi7jYR6opYSdLMK0X7y8dScBn6SNCGR7xqv0PvWwTU1BU8AylEzers5eWZq5FzcZa8W4cFBEaCbJh1q6tNl/ATMUGF1WY1KbxjfwpDbxkqPQ
EYrFHvAVBKJi6q/rCSA00++MM3TJG539QVGgt84VQ/gIM/6IENal62/rIBZFiFmVJJSZTsSF4sDamzKmLr2vY9fpWUmbg2gsZ1QFUoc4YtSMw7ihiZbmN37VgGPu0dudBkjrc283C1Ai4VkAzE/U2/CwXPEIJvWxrT1888wuSyDX5jb7pDetdx8CSkrodD5IwusyV2PtWT0p2mhuQGJW77sIcvoNxaHFmJrlyIc4SwBrAswYxYijxg==
8H3yfFN106ew8d9ne2ZNO1MpD7yHFDOUypiHtkUafDDFQdu16FSZvmlPQHqBfMiD4srOpRpEUmv/WROnoRs3JcjGE8qN0BtOkk4obeBTxVCmfaqraEHSx8tnAkbTYYNR63oWPxHCkPlkgRTexEOEoHU7OYPUkTB4m5qTKE4piBGNHescQkj0gk5S5sXqJa+rmfd9JADM/PTGlT+GymhhI8FvLMQtilsOe9oP7NQqyY6jzA==
AssX7kQN6vWRlocaFkJr11IgEquBF3qGmpabvEBbSH7JW9Og6FSZvmlPQHqBfMiD4srOpRpEUmv/WROnoRs3JcjGE8qN0BtOkk4obeBTxVCmfaqraEHSx8tnAkbTYYNR63oWPxHCkPlkgRTexEOEoHU7OYPUkTB4m5qTKE4piBGNHescQkj0gk5S5sXqJa+rmfd9JADM/PTGlT+GymhhI8FvLMQtilsOe9oP7NQqyY6jzA==
IKgRz1pgghHE+LAkMIMn3Vfdnnpul4RU+OeacarC4VOETvYLU/SCLtUJYYHQxrW8/1QrpEO+/IzdBKNC
hSnWg1n///yoI/OcWQeqdar2Cve4nUup3QF9VxNGBT52kbNeZ+M6UVSKKdFdkU8ziXGJ8JXbB6NH
lAY9JZHgdxJcLB3RxLMID5dW/wLJQ/Agt/t9Y47JX//n+zo6kycYSx8ubLVhFqVXgPHuPqtZzzUV49O12xj3L32jPQ==
Ytezragx4l12ks7pc3jUCrxvcTwbbTMJJZBETd672F4JI7Z6aLjZ5UaSKR5ambdOQztmkQhSTUHZGSPT5bnNAPEje6M7
x1D1p/vstWz1URakPO7+6NGm2ZWQpV2KzkhFrrV5nNeMyQt2W+Ey5EaF33YKuEGTwd8MlG36Ox77yq/cFPopfqM8
IKgRz1pgghHE+LAkMIMn3Vfdnnpul4RU+OeacarC4VOETvYLU/SCLtUJYYHQxrW8/1QrpEO+/IzdBKNC
hSnWg1n///yoI/OcWQeqdar2Cve4nUup3QF9VxNGBT52kbNeZ+M6UVSKKdFdkU8ziXGJ8JXbB6NH
KyFcovYTxm327EYZ+zHkU/ede+b87MAE6wMGusx17yRDVnNDg2VC0RlxdrKuZa4QlFMddxn1d0bIhB9L742QyURxsKipEckc6NhWOGM4cHLXoyJRlmTU02hFeO7GLvWYHOnkqsTU5as97ricQ1URr/j7NHf/P6WuMclsmF82Gys8oSh7nywNkOsWb/9U+WanvirmC9ER9BEZsMlEyk3JxNRzNK84vCwVsHr15QXRLPcUUusU3yqGX1wr7eN3LloOcMhevIpnwjNbMdnpAba46hiedlszRELedVlh0XA2dQyfBKt0ow68/H3Uo5I=
WBM3IthEPBexSWKHYL8OaPede+b87MAE6wMGusx17yRDVnNDg2VC0RlxdrKuZa4QlFMddxn1d0bPhh9L742QyURxsaipEckc6NhWOGM4cHLXoyJRlmTU02hFeO7GLvWYHOnkqsTU5as97ricQ1URr/j7NHf/P6WuMclsmF82Gys8oSh7nywNkOsWb/9U+WanvirmC9ER9BEZsMlEyk3JxNRzNK84vCwVsHr15QXRLPcUUusU3yqGX1wr7eN3LloOcMhevIpnwjNbMdnpAba46hiedlszRELedVlh0XA2dQyfBKt0ow68/H3Uo5I=
8nn3CWeaV14UEULIW2Nhtfede+b87MAE6wMGusx17yRDVnNDg2VC0RlxdrKuZa4QlFMddxn1d0bIhB9L742QyURxtqipEckc6NhWOGM4cHLXoyJRlmTU02hFeO7GLvWYHOnkqsTU5as97ricQ1URr/j7NHf/P6WuMclsmF82Gys8oSh7nywNkOsWb/9U+WanvirmC9ER9BEZsMlEyk3JxNRzNK84vCwVsHr15QXRLPcUUusU3yqGX1wr7eN3LloOcMhevIpnwjNbMdnpAba46hiedlszRELedVlh0XA2dQyfBKt0ow68/H3Uo5I=
/bKJvTKRgIA7TCLvrMF6j/ede+b87MAE6wMGusx17yRDVnNDg2VC0RlxdrKuZa4QlFMddxn1d0bPhh9L742QyURxt6ipEckc6NhWOGM4cHLXoyJRlmTU02hFeO7GLvWYHOnkqsTU5as97ricQ1URr/j7NHf/P6WuMclsmF82Gys8oSh7nywNkOsWb/9U+WanvirmC9ER9BEZsMlEyk3JxNRzNK84vCwVsHr15QXRLPcUUusU3yqGX1wr7eN3LloOcMhevIpnwjNbMdnpAba46hiedlszRELedVlh0XA2dQyfBKt0ow68/H3Uo5I=
KNrqetuFIVckw8MCzoz6CcvM6Du3WBEDCobSHDD2BMrf8KqqAh84NVEpaw0zcTTWfLB5nBp3LxTEmwdRgNdCcdCKdK0hRbPof2/tSALMQTGlu7XE4NVlXlGNdJzgDOcar5cROYd+exGFyoDMQzJgty52ay+BHaf9Taw4eFScVkSNhPIr87VtbrNwpIFola7nufSnDU3Mgob42W/MhdFavJl0kdieh6uwwsgaBHM7tFBTKug/zICn46Yi4PnVbNY7l2Ryzmonn5plsSvIXrcTyiRMLJ/vSNfnh7Yc8RCyYSC7/M8Uc9lr5Z0Beu1ayL+2uJ4do56VQWmNHF5WRRE4aRVHfROKqQgA/cby9RXx/uERutms7emxU/nd9JXkfRtpvczm08zCS5DTOZDvGNFbGrXS16gvxeA/ThXyBHbB9YesM4Vuqd6eq0EWuP1ERbxKVJfMhHUfcVdEBZi8u567/B69ALXNOeMIEpxcBu6WztH68ecPGVM18BDY1DBmEZdSmnxoB4HLpFB9XnMKWx6neET+gaqj6A==
UoJUDbZm4ggSOonqCYrhLbJjNC3i6qWx44K0NONDSBEqL7gfITioI6BrajjXj6T3+JAERvenV6YB/X2PHn5gCpjnK9Mds3PBMBLkJaHNI3Af1x2AQoRxyYWjpczg3XVGcXVE1KDEF6LPD4GxB/briWVy8ISD+lDPDm57J4EVt+Vt1AiwlNQm/G0cYqNzPf3208hUSSjdnh+Z7LcFTcSSntghX4TFGaoE+ewBUB4POygicGpMs/OEKHMy+DfMiLf7hlrQMRUkpoN3/OJG6q8PAgUJ2wAe/yMyBFQ8l+9Ax/+nTiy5UHqRmNtkX5zzUft9fbkKpZoAj86Yhg2rnp1Rca1kbp6FWUjR9d/tmwohmJidfgI9VbnOGTGiyaTt4aFL2SXE3aS169HdVHZbTErbCDOB4KfYGWtilcrHoC/N8CdubcLMtomFP0yrFeYpVg4zIa5INQQNjLJ0j9yMdRdhT2T9qPT7VktEfiWQPU2xc5DyJCxOLl7+qdrp9wcZWyXoMKDk+KZZ5+p65PiPAUM0yB3mg8IbVpeAZOaRoqPg
/XbAriBO0rCoxXkk82jWW0UPYaPd1bDIaeVfZEKL2gt9DMN9WDq54gOpfqZ7zghtzaYZGkGxI3NXICBtMcP3jfcI6yd5ozk=
u8x8AHpJ0imho2tvMB7ERsOI+gME13hwdoRubNi8LGHmCRkndy7mGgwOe2c/8SMh64q2r1HycCnk0TQuBNPkkHULWRMUYRAoG0pzGA65KOGNbUuMgniU0s6CxrWqtU+bmcedtEC83CRGxV+2CvjEVsGWiVRkubve+4ovHBS6qb6j/A==
mOuaCZCmLIEkZXtpzoTp4ckDm2ZLk2oW/q4rCj+FuJ/EQkkVF478n89/h/WqvEstLYD4GyBPT+TBSYJ6Y1aBQczigd4yib9uu27bEXmHdSjSCQsTjQlFYCkTY6Mj
dyTWwvGOTYapfViFzshEYxzaCKY+1/g90bx0KqmKvQEyF07W24WFGhY3pdtlVcgYoYVHVCpLcpuFrIuNQDqhkssJBjbTjuBd1UZRSrkxm6MfADgdGQOfHU9oIxdhoyE=
nZhpu2kER77bg21rldF5RDXpJ4MP5dkn5rx0KqmKvQEyF07W24WFGhY3pdtlVcgYoYVHVCpLcpuFrIuNQDqhkssJBjbTjuBd1UZRSrkxm6MfADgdGQOfHU9oIxdhoyE=
n5mRdUFpBdCyQd6ijbDvTvPGpB74sXgirYq5CT4HUs6/pWEiagdpkyGVDFDtdfssjqvWAxk8BwXEuiUaR5marnfuRKVpNp2C/XFfa1MwxCV9I3sFU3gvH2WjJQ==
VBcWsavlOrSn5e3mUjVgUWlQ+nOiUBFXUVbMIWexH8Gx71zakYqF8Rp3FgYTxc2q7pfNS/3VUIgJZf8kYou6y92MY704Olmioyne5pvOKK1tJvnaIbEDM/egQK3Rw9dNl4gLZ1mjGQ==
RbFmcZwR53dmbxAWQ3+Mx/CPIV6ptDoKvAqOEe3OGgGBGRxSSsSz3bMrSEgNBJChyxi9zoUBWv5RknpJc4OhgqCGm1taeECETcPIYOZBt0LazMwygfIB4LRNU9rbzkdohA5hWqMY
z74BwrvBjZwWzDha66HkygOxLgHJqjBXO21pA+8d6RNcO+FqKD9Tec/V4bi9q1eXs06VZAOUCbqaRrJLUHMDKMnkj8E4Q5QlChtDFCjFjy4K/CDe4ahGksu10qsEMCx+W5PrqecSvA6q3cTJa3alqtG204waJkCZoPm+j4OEUVK37oQlqTbdAr1xH+sTMISlPSM7hZN475+lo+U=
BanSPetkzgjqqgeem0/vBmQzkgzGpN3m+/+XeEcm1pvJg0goe+3CEeGE+lLAaw7e0KfTTC52AuM7gd5WdHtWqtJu9iuTlAKOkOxhaJVmPN8/dCuEA158LB1koyI=
GhPRGbpTWQUaD5jyVerIs0YRMosOV8bNaSvqVF9/ptIvj5Xms47AHTXG8YrZMbvj/4CY3XkDv12v6IPXAaNB
DXDakB7KoJBOkyuBrXtlrMbIGDLLbcVppM2WXolF+i2DGp8+5hE=
bwwOd80xA0j9RWH/ntLA310H8IOWM06p9VbD1eu8tHfG6qzItuhVxaVVeBQUW+pvUdGXS14T+uiCkLbp34b9hJm/gaORh8JIg/oUTNa9P9OFndrk1J2Qdbrf84XrCPjNxL8juE6rLh2EIGF+o685JlxqFoTj/wAZDeZM
